[repair] benchmark: manybugs
[repair] subject: wireshark
[repair] version: 37172-37173
[repair] search: symbolic
[repair] debug: 0
[fetch] benchmark: manybugs
[fetch] subject: wireshark
[fetch] version: 37172-37173
[fetch] archive: wireshark-bug-37172-37173.tar.gz
[fetch] directory: wireshark-bug-37172-37173
[fetch] GLIB_DIR: glib-2.30.0
[fetch] LIBCAP_DIR: libcap-1.9.1
[fetch] mkdir -p cache
[fetch] preparing source code
[fetch] golden_directory: wireshark-fix-37172-37173
[fetch] clean-source wireshark-bug-37172-37173
[fetch] clean-source wireshark-fix-37172-37173
[fetch] restore-buggy wireshark-bug-37172-37173
[fetch] restore-buggy entered
[fetch] buggy: dumpcap.c
[fetch] buggy_version: 37172
[fetch] buggy_preprocessed: wireshark-bug-37172-37173/wireshark/dumpcap.c
[fetch] buggy_original: wireshark-bug-37172-37173/diffs/dumpcap.c-37172
[fetch] cp wireshark-bug-37172-37173/diffs/dumpcap.c-37172 wireshark-bug-37172-37173/wireshark/dumpcap.c
[fetch] restore-correct wireshark-fix-37172-37173
[fetch] restore-correct entered
[fetch] fetch done
[repair] [repair] options: --symbolic --test-timeout
1
--skip-validating-angelic-path
--test-timeout
60
--angelic-search-strategy
symbolic
--defect
if-conditions
loop-conditions
--ignore-trans-errors
--ignore-infer-errors
--klee-max-forks
200
--klee-solver-timeout
100
--klee-search
dfs
--klee-timeout
7200
--mute-warning
--use-gcc  --timeout 14400 --show-suspicious-locations --group-size 1 --defect if-conditions loop-conditions
[repair-wireshark] options:  --test-timeout 1 --skip-validating-angelic-path --test-timeout 60 --angelic-search-strategy symbolic --defect if-conditions loop-conditions --ignore-trans-errors --ignore-infer-errors --klee-max-forks 200 --klee-solver-timeout 100 --klee-search dfs --klee-timeout 7200 --mute-warning --use-gcc --timeout 14400 --show-suspicious-locations --group-size 1 --defect if-conditions loop-conditions
[repair-wireshark] strat: symbolic
[repair-wireshark] cleaning wireshark-bug-37172-37173/wireshark ...
[repair-wireshark] cleaning wireshark-fix-37172-37173/wireshark ...
[repair-wireshark] wireshark_test_suite: 1
2
3
4
5
6
7
8
9
10
11
12
13
14
15
16
17
18
19
20
21
22
23
24
25
26
27
28
29
30
31
32
33
34
35
36
37
38
39
40
41
42
43
44
45
46
47
48
49
50 6000 6001 6002 6003 6004 6005 6006 6008 6009 6010 6011 6012 6013 6014
[repair-wireshark] angelix wireshark-bug-37172-37173/wireshark dumpcap.c /angelix-experiments/.aux/wireshark/wireshark-oracle 1
2
3
4
5
6
7
8
9
10
11
12
13
14
15
16
17
18
19
20
21
22
23
24
25
26
27
28
29
30
31
32
33
34
35
36
37
38
39
40
41
42
43
44
45
46
47
48
49
50 6000 6001 6002 6003 6004 6005 6006 6008 6009 6010 6011 6012 6013 6014 --golden wireshark-fix-37172-37173/wireshark --build /angelix-experiments/.aux/wireshark/wireshark-make --configure /angelix-experiments/.aux/wireshark/configure-37172-37173  --test-timeout 1 --skip-validating-angelic-path --test-timeout 60 --angelic-search-strategy symbolic --defect if-conditions loop-conditions --ignore-trans-errors --ignore-infer-errors --klee-max-forks 200 --klee-solver-timeout 100 --klee-search dfs --klee-timeout 7200 --mute-warning --use-gcc --timeout 14400 --show-suspicious-locations --group-size 1 --defect if-conditions loop-conditions
INFO     repair          copy wireshark-bug-37172-37173/wireshark to /angelix-experiments/.angelix/validation
INFO     project         configuring validation source
INFO     project         building json compilation database from validation source
INFO     testing         running test '1' of validation source
INFO     testing         output code: 1
INFO     testing         running test '2' of validation source
INFO     testing         output code: 1
INFO     testing         running test '3' of validation source
INFO     testing         output code: 1
INFO     testing         running test '4' of validation source
INFO     testing         output code: 1
INFO     testing         running test '5' of validation source
INFO     testing         output code: 1
INFO     testing         running test '6' of validation source
INFO     testing         output code: 1
INFO     testing         running test '7' of validation source
INFO     testing         output code: 1
INFO     testing         running test '8' of validation source
INFO     testing         output code: 1
INFO     testing         running test '9' of validation source
INFO     testing         output code: 1
INFO     testing         running test '10' of validation source
INFO     testing         output code: 1
INFO     testing         running test '11' of validation source
INFO     testing         output code: 1
INFO     testing         running test '12' of validation source
INFO     testing         output code: 1
INFO     testing         running test '13' of validation source
INFO     testing         output code: 1
INFO     testing         running test '14' of validation source
INFO     testing         output code: 1
INFO     testing         running test '15' of validation source
INFO     testing         output code: 1
INFO     testing         running test '16' of validation source
INFO     testing         output code: 1
INFO     testing         running test '17' of validation source
INFO     testing         output code: 1
INFO     testing         running test '18' of validation source
INFO     testing         output code: 1
INFO     testing         running test '19' of validation source
INFO     testing         output code: 1
INFO     testing         running test '20' of validation source
INFO     testing         output code: 1
INFO     testing         running test '21' of validation source
INFO     testing         output code: 1
INFO     testing         running test '22' of validation source
INFO     testing         output code: 1
INFO     testing         running test '23' of validation source
INFO     testing         output code: 1
INFO     testing         running test '24' of validation source
INFO     testing         output code: 1
INFO     testing         running test '25' of validation source
INFO     testing         output code: 1
INFO     testing         running test '26' of validation source
INFO     testing         output code: 1
INFO     testing         running test '27' of validation source
INFO     testing         output code: 1
INFO     testing         running test '28' of validation source
INFO     testing         output code: 1
INFO     testing         running test '29' of validation source
INFO     testing         output code: 1
INFO     testing         running test '30' of validation source
INFO     testing         output code: 1
INFO     testing         running test '31' of validation source
INFO     testing         output code: 1
INFO     testing         running test '32' of validation source
INFO     testing         output code: 1
INFO     testing         running test '33' of validation source
INFO     testing         output code: 1
INFO     testing         running test '34' of validation source
INFO     testing         output code: 1
INFO     testing         running test '35' of validation source
INFO     testing         output code: 1
INFO     testing         running test '36' of validation source
INFO     testing         output code: 1
INFO     testing         running test '37' of validation source
INFO     testing         output code: 1
INFO     testing         running test '38' of validation source
INFO     testing         output code: 1
INFO     testing         running test '39' of validation source
INFO     testing         output code: 1
INFO     testing         running test '40' of validation source
INFO     testing         output code: 1
INFO     testing         running test '41' of validation source
INFO     testing         output code: 1
INFO     testing         running test '42' of validation source
INFO     testing         output code: 1
INFO     testing         running test '43' of validation source
INFO     testing         output code: 1
INFO     testing         running test '44' of validation source
INFO     testing         output code: 1
INFO     testing         running test '45' of validation source
INFO     testing         output code: 1
INFO     testing         running test '46' of validation source
INFO     testing         output code: 1
INFO     testing         running test '47' of validation source
INFO     testing         output code: 1
INFO     testing         running test '48' of validation source
INFO     testing         output code: 1
INFO     testing         running test '49' of validation source
INFO     testing         output code: 1
INFO     testing         running test '50' of validation source
INFO     testing         output code: 1
INFO     testing         running test '6000' of validation source
INFO     testing         output code: 0
INFO     testing         running test '6001' of validation source
INFO     testing         output code: 0
INFO     testing         running test '6002' of validation source
INFO     testing         output code: 0
INFO     testing         running test '6003' of validation source
INFO     testing         output code: 0
INFO     testing         running test '6004' of validation source
INFO     testing         output code: 0
INFO     testing         running test '6005' of validation source
INFO     testing         output code: 0
INFO     testing         running test '6006' of validation source
INFO     testing         output code: 0
INFO     testing         running test '6008' of validation source
INFO     testing         output code: 0
INFO     testing         running test '6009' of validation source
INFO     testing         output code: 0
INFO     testing         running test '6010' of validation source
INFO     testing         output code: 0
INFO     testing         running test '6011' of validation source
INFO     testing         output code: 0
INFO     testing         running test '6012' of validation source
INFO     testing         output code: 0
INFO     testing         running test '6013' of validation source
INFO     testing         output code: 0
INFO     testing         running test '6014' of validation source
INFO     testing         output code: 0
INFO     project         configuring golden source
INFO     project         building golden source
INFO     testing         running test '1' of golden source
INFO     testing         output code: 1
INFO     testing         running test '2' of golden source
INFO     testing         output code: 1
INFO     testing         running test '3' of golden source
INFO     testing         output code: 1
INFO     testing         running test '4' of golden source
INFO     testing         output code: 1
INFO     testing         running test '5' of golden source
INFO     testing         output code: 1
INFO     testing         running test '6' of golden source
INFO     testing         output code: 1
INFO     testing         running test '7' of golden source
INFO     testing         output code: 1
INFO     testing         running test '8' of golden source
INFO     testing         output code: 1
INFO     testing         running test '9' of golden source
INFO     testing         output code: 1
INFO     testing         running test '10' of golden source
INFO     testing         output code: 1
INFO     testing         running test '11' of golden source
INFO     testing         output code: 1
INFO     testing         running test '12' of golden source
INFO     testing         output code: 1
INFO     testing         running test '13' of golden source
INFO     testing         output code: 1
INFO     testing         running test '14' of golden source
INFO     testing         output code: 1
INFO     testing         running test '15' of golden source
INFO     testing         output code: 1
INFO     testing         running test '16' of golden source
INFO     testing         output code: 1
INFO     testing         running test '17' of golden source
INFO     testing         output code: 1
INFO     testing         running test '18' of golden source
INFO     testing         output code: 1
INFO     testing         running test '19' of golden source
INFO     testing         output code: 1
INFO     testing         running test '20' of golden source
INFO     testing         output code: 1
INFO     testing         running test '21' of golden source
INFO     testing         output code: 1
INFO     testing         running test '22' of golden source
INFO     testing         output code: 1
INFO     testing         running test '23' of golden source
INFO     testing         output code: 1
INFO     testing         running test '24' of golden source
INFO     testing         output code: 1
INFO     testing         running test '25' of golden source
INFO     testing         output code: 1
INFO     testing         running test '26' of golden source
INFO     testing         output code: 1
INFO     testing         running test '27' of golden source
INFO     testing         output code: 1
INFO     testing         running test '28' of golden source
INFO     testing         output code: 1
INFO     testing         running test '29' of golden source
INFO     testing         output code: 1
INFO     testing         running test '30' of golden source
INFO     testing         output code: 1
INFO     testing         running test '31' of golden source
INFO     testing         output code: 1
INFO     testing         running test '32' of golden source
INFO     testing         output code: 1
INFO     testing         running test '33' of golden source
INFO     testing         output code: 1
INFO     testing         running test '34' of golden source
INFO     testing         output code: 1
INFO     testing         running test '35' of golden source
INFO     testing         output code: 1
INFO     testing         running test '36' of golden source
INFO     testing         output code: 1
INFO     testing         running test '37' of golden source
INFO     testing         output code: 1
INFO     testing         running test '38' of golden source
INFO     testing         output code: 1
INFO     testing         running test '39' of golden source
INFO     testing         output code: 1
INFO     testing         running test '40' of golden source
INFO     testing         output code: 1
INFO     testing         running test '41' of golden source
INFO     testing         output code: 1
INFO     testing         running test '42' of golden source
INFO     testing         output code: 1
INFO     testing         running test '43' of golden source
INFO     testing         output code: 1
INFO     testing         running test '44' of golden source
INFO     testing         output code: 1
INFO     testing         running test '45' of golden source
INFO     testing         output code: 1
INFO     testing         running test '46' of golden source
INFO     testing         output code: 0
INFO     testing         running test '47' of golden source
INFO     testing         output code: 1
INFO     testing         running test '48' of golden source
INFO     testing         output code: 1
INFO     testing         running test '49' of golden source
INFO     testing         output code: 1
INFO     testing         running test '50' of golden source
INFO     testing         output code: 1
WARNING  repair          excluding test 1 because it fails in golden version
WARNING  repair          excluding test 2 because it fails in golden version
WARNING  repair          excluding test 3 because it fails in golden version
WARNING  repair          excluding test 4 because it fails in golden version
WARNING  repair          excluding test 5 because it fails in golden version
WARNING  repair          excluding test 6 because it fails in golden version
WARNING  repair          excluding test 7 because it fails in golden version
WARNING  repair          excluding test 8 because it fails in golden version
WARNING  repair          excluding test 9 because it fails in golden version
WARNING  repair          excluding test 10 because it fails in golden version
WARNING  repair          excluding test 11 because it fails in golden version
WARNING  repair          excluding test 12 because it fails in golden version
WARNING  repair          excluding test 13 because it fails in golden version
WARNING  repair          excluding test 14 because it fails in golden version
WARNING  repair          excluding test 15 because it fails in golden version
WARNING  repair          excluding test 16 because it fails in golden version
WARNING  repair          excluding test 17 because it fails in golden version
WARNING  repair          excluding test 18 because it fails in golden version
WARNING  repair          excluding test 19 because it fails in golden version
WARNING  repair          excluding test 20 because it fails in golden version
WARNING  repair          excluding test 21 because it fails in golden version
WARNING  repair          excluding test 22 because it fails in golden version
WARNING  repair          excluding test 23 because it fails in golden version
WARNING  repair          excluding test 24 because it fails in golden version
WARNING  repair          excluding test 25 because it fails in golden version
WARNING  repair          excluding test 26 because it fails in golden version
WARNING  repair          excluding test 27 because it fails in golden version
WARNING  repair          excluding test 28 because it fails in golden version
WARNING  repair          excluding test 29 because it fails in golden version
WARNING  repair          excluding test 30 because it fails in golden version
WARNING  repair          excluding test 31 because it fails in golden version
WARNING  repair          excluding test 32 because it fails in golden version
WARNING  repair          excluding test 33 because it fails in golden version
WARNING  repair          excluding test 34 because it fails in golden version
WARNING  repair          excluding test 35 because it fails in golden version
WARNING  repair          excluding test 36 because it fails in golden version
WARNING  repair          excluding test 37 because it fails in golden version
WARNING  repair          excluding test 38 because it fails in golden version
WARNING  repair          excluding test 39 because it fails in golden version
WARNING  repair          excluding test 40 because it fails in golden version
WARNING  repair          excluding test 41 because it fails in golden version
WARNING  repair          excluding test 42 because it fails in golden version
WARNING  repair          excluding test 43 because it fails in golden version
WARNING  repair          excluding test 44 because it fails in golden version
WARNING  repair          excluding test 45 because it fails in golden version
WARNING  repair          excluding test 47 because it fails in golden version
WARNING  repair          excluding test 48 because it fails in golden version
WARNING  repair          excluding test 49 because it fails in golden version
WARNING  repair          excluding test 50 because it fails in golden version
INFO     repair          positive: ['6000', '6001', '6002', '6003', '6004', '6005', '6006', '6008', '6009', '6010', '6011', '6012', '6013', '6014']
INFO     repair          negative: ['46']
INFO     project         configuring frontend source
INFO     transformation  instrumenting repairable of frontend source
INFO     project         building frontend source
INFO     repair          running positive tests for debugging
INFO     testing         running test '6000' of frontend source
INFO     testing         output code: 0
INFO     testing         running test '6001' of frontend source
INFO     testing         output code: 0
INFO     testing         running test '6002' of frontend source
INFO     testing         output code: 0
INFO     testing         running test '6003' of frontend source
INFO     testing         output code: 0
INFO     testing         running test '6004' of frontend source
INFO     testing         output code: 0
INFO     testing         running test '6005' of frontend source
INFO     testing         output code: 0
INFO     testing         running test '6006' of frontend source
INFO     testing         output code: 0
INFO     testing         running test '6008' of frontend source
INFO     testing         output code: 0
WARNING  testing         ANGELIX_RUN is executed multiple times by test 6008
INFO     testing         running test '6009' of frontend source
INFO     testing         output code: 0
INFO     testing         running test '6010' of frontend source
INFO     testing         output code: 0
INFO     testing         running test '6011' of frontend source
INFO     testing         output code: 0
INFO     testing         running test '6012' of frontend source
INFO     testing         output code: 0
INFO     testing         running test '6013' of frontend source
INFO     testing         output code: 0
INFO     testing         running test '6014' of frontend source
INFO     testing         output code: 0
INFO     repair          running negative tests for debugging
INFO     testing         running test '46' of frontend source
INFO     testing         output code: 1
INFO     project         configuring golden source
INFO     project         building golden source
INFO     testing         running test '46' of golden source
INFO     testing         output code: 0
INFO     repair          repair test suite: ['46', '6000', '6001', '6002', '6003', '6004', '6005', '6006', '6008', '6009', '6010', '6011', '6012', '6013', '6014']
INFO     repair          validation test suite: ['46', '6000', '6001', '6002', '6003', '6004', '6005', '6006', '6008', '6009', '6010', '6011', '6012', '6013', '6014']
INFO     localization    (loc, score) = (('L', (3568, 15, 3568, 17)), 1.0)
INFO     localization    (loc, score) = (('I', (3861, 9, 3861, 17)), 1.0)
INFO     localization    (loc, score) = (('L', (3976, 17, 3976, 21)), 1.0)
INFO     localization    (loc, score) = (('I', (3797, 16, 3797, 26)), 1.0)
INFO     localization    (loc, score) = (('I', (3885, 16, 3885, 33)), 1.0)
INFO     localization    (loc, score) = (('I', (3882, 9, 3882, 25)), 1.0)
INFO     localization    (loc, score) = (('I', (3918, 9, 3918, 9)), 1.0)
INFO     localization    (loc, score) = (('I', (4055, 9, 4055, 101)), 1.0)
INFO     localization    (loc, score) = (('I', (3868, 9, 3868, 17)), 1.0)
INFO     localization    (loc, score) = (('I', (3960, 9, 3960, 9)), 1.0)
INFO     localization    (loc, score) = (('I', (3609, 9, 3609, 29)), 1.0)
INFO     localization    (loc, score) = (('I', (3895, 13, 3895, 33)), 1.0)
INFO     localization    (loc, score) = (('I', (3877, 9, 3877, 9)), 1.0)
INFO     localization    (loc, score) = (('I', (4104, 9, 4104, 101)), 1.0)
INFO     localization    group 1: [('L', (3568, 15, 3568, 17))] (1.0)
INFO     localization    group 2: [('I', (3609, 9, 3609, 29))] (1.0)
INFO     localization    group 3: [('I', (3797, 16, 3797, 26))] (1.0)
INFO     localization    group 4: [('I', (3861, 9, 3861, 17))] (1.0)
INFO     localization    group 5: [('I', (3868, 9, 3868, 17))] (1.0)
INFO     localization    group 6: [('I', (3877, 9, 3877, 9))] (1.0)
INFO     localization    group 7: [('I', (3882, 9, 3882, 25))] (1.0)
INFO     localization    group 8: [('I', (3885, 16, 3885, 33))] (1.0)
INFO     localization    group 9: [('I', (3895, 13, 3895, 33))] (1.0)
INFO     localization    group 10: [('I', (3918, 9, 3918, 9))] (1.0)
INFO     localization    group 11: [('I', (3960, 9, 3960, 9))] (1.0)
INFO     localization    group 12: [('L', (3976, 17, 3976, 21))] (1.0)
INFO     localization    group 13: [('I', (4055, 9, 4055, 101))] (1.0)
INFO     localization    group 14: [('I', (4104, 9, 4104, 101))] (1.0)
INFO     localization    selected expressions [('L', (3568, 15, 3568, 17))] with group score 1.0 
INFO     localization    selected expressions [('I', (3609, 9, 3609, 29))] with group score 1.0 
INFO     localization    selected expressions [('I', (3797, 16, 3797, 26))] with group score 1.0 
INFO     localization    selected expressions [('I', (3861, 9, 3861, 17))] with group score 1.0 
INFO     localization    selected expressions [('I', (3868, 9, 3868, 17))] with group score 1.0 
INFO     localization    selected expressions [('I', (3877, 9, 3877, 9))] with group score 1.0 
INFO     localization    selected expressions [('I', (3882, 9, 3882, 25))] with group score 1.0 
INFO     localization    selected expressions [('I', (3885, 16, 3885, 33))] with group score 1.0 
INFO     localization    selected expressions [('I', (3895, 13, 3895, 33))] with group score 1.0 
INFO     localization    selected expressions [('I', (3918, 9, 3918, 9))] with group score 1.0 
INFO     localization    selected expressions [('I', (3960, 9, 3960, 9))] with group score 1.0 
INFO     localization    selected expressions [('L', (3976, 17, 3976, 21))] with group score 1.0 
INFO     localization    selected expressions [('I', (4055, 9, 4055, 101))] with group score 1.0 
INFO     localization    selected expressions [('I', (4104, 9, 4104, 101))] with group score 1.0 
INFO     repair          considering suspicious locations [('L', (3568, 15, 3568, 17))]
INFO     reduction       all failing tests: ['46']
INFO     reduction       select 1 best tests from ['46']
INFO     reduction       select 0 best tests from ['6000', '6001', '6002', '6003', '6004', '6005', '6006', '6008', '6009', '6010', '6011', '6012', '6013', '6014']
INFO     reduction       selected 1 tests
INFO     reduction       selected passing tests: []
INFO     reduction       selected failing tests: ['46']
INFO     project         configuring backend source
INFO     transformation  instrumenting suspicious of backend source
INFO     project         building backend source
INFO     sym_infer       inferring specification for test '46' through KLEE
INFO     testing         running test '46' of backend source with KLEE
INFO     testing         output code: 1
INFO     sym_infer       checking whether /angelix-experiments/.angelix/backend/klee-out-0 exists...
INFO     sym_infer       solving path .angelix/backend/klee-out-0/test000001.smt2
INFO     sym_infer       labels '['dumpcaperror']' executed while [] required
INFO     sym_infer       solving path .angelix/backend/klee-out-0/test000002.smt2
INFO     sym_infer       labels '['dumpcaperror']' executed while [] required
INFO     sym_infer       solving path .angelix/backend/klee-out-0/test000003.smt2
INFO     sym_infer       labels '['dumpcaperror']' executed while [] required
INFO     sym_infer       solving path .angelix/backend/klee-out-0/test000004.smt2
INFO     sym_infer       labels '['dumpcaperror']' executed while [] required
INFO     sym_infer       solving path .angelix/backend/klee-out-0/test000005.smt2
INFO     sym_infer       labels '['dumpcaperror']' executed while [] required
INFO     sym_infer       solving path .angelix/backend/klee-out-0/test000006.smt2
INFO     sym_infer       labels '['dumpcaperror']' executed while [] required
INFO     sym_infer       solving path .angelix/backend/klee-out-0/test000007.smt2
INFO     sym_infer       expression (3568, 15, 3568, 17)[0]: angelic = True
INFO     sym_infer       expression (3568, 15, 3568, 17)[1]: angelic = True
INFO     sym_infer       expression (3568, 15, 3568, 17)[2]: angelic = True
INFO     sym_infer       expression (3568, 15, 3568, 17)[3]: angelic = True
INFO     sym_infer       expression (3568, 15, 3568, 17)[4]: angelic = True
INFO     sym_infer       expression (3568, 15, 3568, 17)[5]: angelic = True
INFO     sym_infer       found 1 angelic paths for test '46'
INFO     synthesis       synthesizing patch with component level 'alternatives'
INFO     synthesis       use old synth
INFO     synthesis       fixing expression (3568, 15, 3568, 17): (i < argc) ---> (i <= argc)
INFO     repair          candidate fix synthesized
INFO     transformation  applying patch to validation source
INFO     project         building validation source
INFO     testing         running test '46' of validation source
INFO     testing         output code: 1
INFO     testing         running test '6000' of validation source
INFO     testing         output code: 0
INFO     testing         running test '6001' of validation source
INFO     testing         output code: 0
INFO     testing         running test '6002' of validation source
INFO     testing         output code: 0
INFO     testing         running test '6003' of validation source
INFO     testing         output code: 0
INFO     testing         running test '6004' of validation source
INFO     testing         output code: 0
INFO     testing         running test '6005' of validation source
INFO     testing         output code: 0
INFO     testing         running test '6006' of validation source
INFO     testing         output code: 0
INFO     testing         running test '6008' of validation source
INFO     testing         output code: 0
INFO     testing         running test '6009' of validation source
INFO     testing         output code: 0
INFO     testing         running test '6010' of validation source
INFO     testing         output code: 0
INFO     testing         running test '6011' of validation source
INFO     testing         output code: 0
INFO     testing         running test '6012' of validation source
INFO     testing         output code: 0
INFO     testing         running test '6013' of validation source
INFO     testing         output code: 0
INFO     testing         running test '6014' of validation source
INFO     testing         output code: 0
WARNING  repair          generated invalid fix (tests ['46'] not repaired)
INFO     synthesis       synthesizing patch with component level 'alternatives'
INFO     synthesis       use old synth
INFO     synthesis       fixing expression (3568, 15, 3568, 17): (i < argc) ---> (i <= argc)
INFO     repair          candidate fix synthesized
INFO     transformation  applying patch to validation source
INFO     project         building validation source
INFO     testing         running test '46' of validation source
INFO     testing         output code: 1
INFO     testing         running test '6000' of validation source
INFO     testing         output code: 0
INFO     testing         running test '6001' of validation source
INFO     testing         output code: 0
INFO     testing         running test '6002' of validation source
INFO     testing         output code: 0
INFO     testing         running test '6003' of validation source
INFO     testing         output code: 0
INFO     testing         running test '6004' of validation source
INFO     testing         output code: 0
INFO     testing         running test '6005' of validation source
INFO     testing         output code: 0
INFO     testing         running test '6006' of validation source
INFO     testing         output code: 0
INFO     testing         running test '6008' of validation source
INFO     testing         output code: 0
INFO     testing         running test '6009' of validation source
INFO     testing         output code: 0
INFO     testing         running test '6010' of validation source
INFO     testing         output code: 0
INFO     testing         running test '6011' of validation source
INFO     testing         output code: 0
INFO     testing         running test '6012' of validation source
INFO     testing         output code: 0
INFO     testing         running test '6013' of validation source
INFO     testing         output code: 0
INFO     testing         running test '6014' of validation source
INFO     testing         output code: 0
WARNING  repair          generated invalid fix (tests ['46'] not repaired)
WARNING  repair          max repair attempts (2) was exhausted
INFO     repair          considering suspicious locations [('I', (3609, 9, 3609, 29))]
INFO     reduction       all failing tests: ['46']
INFO     reduction       select 1 best tests from ['46']
INFO     reduction       select 0 best tests from ['6000', '6001', '6002', '6003', '6004', '6005', '6006', '6008', '6009', '6010', '6011', '6012', '6013', '6014']
INFO     reduction       selected 1 tests
INFO     reduction       selected passing tests: []
INFO     reduction       selected failing tests: ['46']
INFO     project         configuring backend source
INFO     transformation  instrumenting suspicious of backend source
INFO     project         building backend source
INFO     sym_infer       inferring specification for test '46' through KLEE
INFO     testing         running test '46' of backend source with KLEE
INFO     testing         output code: 1
INFO     sym_infer       checking whether /angelix-experiments/.angelix/backend/klee-out-0 exists...
INFO     sym_infer       solving path .angelix/backend/klee-out-0/test000001.smt2
INFO     sym_infer       labels '['dumpcaperror']' executed while [] required
INFO     sym_infer       solving path .angelix/backend/klee-out-0/test000002.smt2
INFO     sym_infer       labels '['dumpcaperror']' executed while [] required
INFO     sym_infer       found 0 angelic paths for test '46'
INFO     repair          considering suspicious locations [('I', (3797, 16, 3797, 26))]
INFO     reduction       all failing tests: ['46']
INFO     reduction       select 1 best tests from ['46']
INFO     reduction       select 0 best tests from ['6000', '6001', '6002', '6003', '6004', '6005', '6006', '6008', '6009', '6010', '6011', '6012', '6013', '6014']
INFO     reduction       selected 1 tests
INFO     reduction       selected passing tests: []
INFO     reduction       selected failing tests: ['46']
INFO     project         configuring backend source
INFO     transformation  instrumenting suspicious of backend source
INFO     project         building backend source
INFO     sym_infer       inferring specification for test '46' through KLEE
INFO     testing         running test '46' of backend source with KLEE
INFO     testing         output code: 1
INFO     sym_infer       checking whether /angelix-experiments/.angelix/backend/klee-out-0 exists...
INFO     sym_infer       solving path .angelix/backend/klee-out-0/test000001.smt2
INFO     sym_infer       labels '['dumpcaperror']' executed while [] required
INFO     sym_infer       solving path .angelix/backend/klee-out-0/test000002.smt2
INFO     sym_infer       expression (3797, 16, 3797, 26)[0]: angelic = True
INFO     sym_infer       found 1 angelic paths for test '46'
INFO     synthesis       synthesizing patch with component level 'alternatives'
INFO     synthesis       use old synth
INFO     synthesis       fixing expression (3797, 16, 3797, 26): (status != 0) ---> (status == 0)
INFO     repair          candidate fix synthesized
INFO     transformation  applying patch to validation source
INFO     project         building validation source
INFO     testing         running test '46' of validation source
INFO     testing         output code: 1
INFO     testing         running test '6000' of validation source
INFO     testing         output code: 0
INFO     testing         running test '6001' of validation source
INFO     testing         output code: 0
INFO     testing         running test '6002' of validation source
INFO     testing         output code: 0
INFO     testing         running test '6003' of validation source
INFO     testing         output code: 0
INFO     testing         running test '6004' of validation source
INFO     testing         output code: 0
INFO     testing         running test '6005' of validation source
INFO     testing         output code: 0
INFO     testing         running test '6006' of validation source
INFO     testing         output code: 0
INFO     testing         running test '6008' of validation source
INFO     testing         output code: 0
INFO     testing         running test '6009' of validation source
INFO     testing         output code: 0
INFO     testing         running test '6010' of validation source
INFO     testing         output code: 0
INFO     testing         running test '6011' of validation source
INFO     testing         output code: 0
INFO     testing         running test '6012' of validation source
INFO     testing         output code: 0
INFO     testing         running test '6013' of validation source
INFO     testing         output code: 0
INFO     testing         running test '6014' of validation source
INFO     testing         output code: 0
WARNING  repair          generated invalid fix (tests ['46'] not repaired)
INFO     synthesis       synthesizing patch with component level 'alternatives'
INFO     synthesis       use old synth
INFO     synthesis       fixing expression (3797, 16, 3797, 26): (status != 0) ---> (status == 0)
INFO     repair          candidate fix synthesized
INFO     transformation  applying patch to validation source
INFO     project         building validation source
INFO     testing         running test '46' of validation source
INFO     testing         output code: 1
INFO     testing         running test '6000' of validation source
INFO     testing         output code: 0
INFO     testing         running test '6001' of validation source
INFO     testing         output code: 0
INFO     testing         running test '6002' of validation source
INFO     testing         output code: 0
INFO     testing         running test '6003' of validation source
INFO     testing         output code: 0
INFO     testing         running test '6004' of validation source
INFO     testing         output code: 0
INFO     testing         running test '6005' of validation source
INFO     testing         output code: 0
INFO     testing         running test '6006' of validation source
INFO     testing         output code: 0
INFO     testing         running test '6008' of validation source
INFO     testing         output code: 0
INFO     testing         running test '6009' of validation source
INFO     testing         output code: 0
INFO     testing         running test '6010' of validation source
INFO     testing         output code: 0
INFO     testing         running test '6011' of validation source
INFO     testing         output code: 0
INFO     testing         running test '6012' of validation source
INFO     testing         output code: 0
INFO     testing         running test '6013' of validation source
INFO     testing         output code: 0
INFO     testing         running test '6014' of validation source
INFO     testing         output code: 0
WARNING  repair          generated invalid fix (tests ['46'] not repaired)
WARNING  repair          max repair attempts (2) was exhausted
INFO     repair          considering suspicious locations [('I', (3861, 9, 3861, 17))]
INFO     reduction       all failing tests: ['46']
INFO     reduction       select 1 best tests from ['46']
INFO     reduction       select 0 best tests from ['6000', '6001', '6002', '6003', '6004', '6005', '6006', '6008', '6009', '6010', '6011', '6012', '6013', '6014']
INFO     reduction       selected 1 tests
INFO     reduction       selected passing tests: []
INFO     reduction       selected failing tests: ['46']
INFO     project         configuring backend source
INFO     transformation  instrumenting suspicious of backend source
INFO     project         building backend source
INFO     sym_infer       inferring specification for test '46' through KLEE
INFO     testing         running test '46' of backend source with KLEE
INFO     testing         output code: 1
INFO     sym_infer       checking whether /angelix-experiments/.angelix/backend/klee-out-0 exists...
INFO     sym_infer       solving path .angelix/backend/klee-out-0/test000001.smt2
INFO     sym_infer       expression (3861, 9, 3861, 17)[0]: angelic = False
INFO     sym_infer       solving path .angelix/backend/klee-out-0/test000002.smt2
INFO     sym_infer       labels '['dumpcaperror']' executed while [] required
INFO     sym_infer       found 1 angelic paths for test '46'
INFO     synthesis       synthesizing patch with component level 'alternatives'
INFO     synthesis       use old synth
INFO     synthesis       fixing expression (3861, 9, 3861, 17): (argc >= 1) ---> (argc > 1)
INFO     repair          candidate fix synthesized
INFO     transformation  applying patch to validation source
INFO     project         building validation source
INFO     testing         running test '46' of validation source
INFO     testing         output code: 1
INFO     testing         running test '6000' of validation source
INFO     testing         output code: 0
INFO     testing         running test '6001' of validation source
INFO     testing         output code: 0
INFO     testing         running test '6002' of validation source
INFO     testing         output code: 0
INFO     testing         running test '6003' of validation source
INFO     testing         output code: 0
INFO     testing         running test '6004' of validation source
INFO     testing         output code: 0
INFO     testing         running test '6005' of validation source
INFO     testing         output code: 0
INFO     testing         running test '6006' of validation source
INFO     testing         output code: 0
INFO     testing         running test '6008' of validation source
INFO     testing         output code: 0
INFO     testing         running test '6009' of validation source
INFO     testing         output code: 0
INFO     testing         running test '6010' of validation source
INFO     testing         output code: 0
INFO     testing         running test '6011' of validation source
INFO     testing         output code: 0
INFO     testing         running test '6012' of validation source
INFO     testing         output code: 0
INFO     testing         running test '6013' of validation source
INFO     testing         output code: 0
INFO     testing         running test '6014' of validation source
INFO     testing         output code: 0
WARNING  repair          generated invalid fix (tests ['46'] not repaired)
INFO     synthesis       synthesizing patch with component level 'alternatives'
INFO     synthesis       use old synth
INFO     synthesis       fixing expression (3861, 9, 3861, 17): (argc >= 1) ---> (argc > 1)
INFO     repair          candidate fix synthesized
INFO     transformation  applying patch to validation source
INFO     project         building validation source
INFO     testing         running test '46' of validation source
INFO     testing         output code: 1
INFO     testing         running test '6000' of validation source
INFO     testing         output code: 0
INFO     testing         running test '6001' of validation source
INFO     testing         output code: 0
INFO     testing         running test '6002' of validation source
INFO     testing         output code: 0
INFO     testing         running test '6003' of validation source
INFO     testing         output code: 0
INFO     testing         running test '6004' of validation source
INFO     testing         output code: 0
INFO     testing         running test '6005' of validation source
INFO     testing         output code: 0
INFO     testing         running test '6006' of validation source
INFO     testing         output code: 0
INFO     testing         running test '6008' of validation source
INFO     testing         output code: 0
INFO     testing         running test '6009' of validation source
INFO     testing         output code: 0
INFO     testing         running test '6010' of validation source
INFO     testing         output code: 0
INFO     testing         running test '6011' of validation source
INFO     testing         output code: 0
INFO     testing         running test '6012' of validation source
INFO     testing         output code: 0
INFO     testing         running test '6013' of validation source
INFO     testing         output code: 0
INFO     testing         running test '6014' of validation source
INFO     testing         output code: 0
WARNING  repair          generated invalid fix (tests ['46'] not repaired)
WARNING  repair          max repair attempts (2) was exhausted
INFO     repair          considering suspicious locations [('I', (3868, 9, 3868, 17))]
INFO     reduction       all failing tests: ['46']
INFO     reduction       select 1 best tests from ['46']
INFO     reduction       select 0 best tests from ['6000', '6001', '6002', '6003', '6004', '6005', '6006', '6008', '6009', '6010', '6011', '6012', '6013', '6014']
INFO     reduction       selected 1 tests
INFO     reduction       selected passing tests: []
INFO     reduction       selected failing tests: ['46']
INFO     project         configuring backend source
INFO     transformation  instrumenting suspicious of backend source
INFO     project         building backend source
INFO     sym_infer       inferring specification for test '46' through KLEE
INFO     testing         running test '46' of backend source with KLEE
INFO     testing         output code: 1
INFO     sym_infer       checking whether /angelix-experiments/.angelix/backend/klee-out-0 exists...
INFO     sym_infer       solving path .angelix/backend/klee-out-0/test000001.smt2
INFO     sym_infer       labels '['dumpcaperror']' executed while [] required
INFO     sym_infer       solving path .angelix/backend/klee-out-0/test000002.smt2
INFO     sym_infer       expression (3868, 9, 3868, 17)[0]: angelic = True
INFO     sym_infer       found 1 angelic paths for test '46'
INFO     synthesis       synthesizing patch with component level 'alternatives'
INFO     synthesis       use old synth
INFO     synthesis       fixing expression (3868, 9, 3868, 17): (argc != 0) ---> (argc == 0)
INFO     repair          candidate fix synthesized
INFO     transformation  applying patch to validation source
INFO     project         building validation source
INFO     testing         running test '46' of validation source
INFO     testing         output code: 1
INFO     testing         running test '6000' of validation source
INFO     testing         output code: 0
INFO     testing         running test '6001' of validation source
INFO     testing         output code: 0
INFO     testing         running test '6002' of validation source
INFO     testing         output code: 0
INFO     testing         running test '6003' of validation source
INFO     testing         output code: 0
INFO     testing         running test '6004' of validation source
INFO     testing         output code: 0
INFO     testing         running test '6005' of validation source
INFO     testing         output code: 0
INFO     testing         running test '6006' of validation source
INFO     testing         output code: 0
INFO     testing         running test '6008' of validation source
INFO     testing         output code: 0
INFO     testing         running test '6009' of validation source
INFO     testing         output code: 0
INFO     testing         running test '6010' of validation source
INFO     testing         output code: 0
INFO     testing         running test '6011' of validation source
INFO     testing         output code: 0
INFO     testing         running test '6012' of validation source
INFO     testing         output code: 0
INFO     testing         running test '6013' of validation source
INFO     testing         output code: 0
INFO     testing         running test '6014' of validation source
INFO     testing         output code: 0
WARNING  repair          generated invalid fix (tests ['46'] not repaired)
INFO     synthesis       synthesizing patch with component level 'alternatives'
INFO     synthesis       use old synth
INFO     synthesis       fixing expression (3868, 9, 3868, 17): (argc != 0) ---> (argc == 0)
INFO     repair          candidate fix synthesized
INFO     transformation  applying patch to validation source
INFO     project         building validation source
INFO     testing         running test '46' of validation source
INFO     testing         output code: 1
INFO     testing         running test '6000' of validation source
INFO     testing         output code: 0
INFO     testing         running test '6001' of validation source
INFO     testing         output code: 0
INFO     testing         running test '6002' of validation source
INFO     testing         output code: 0
INFO     testing         running test '6003' of validation source
INFO     testing         output code: 0
INFO     testing         running test '6004' of validation source
INFO     testing         output code: 0
INFO     testing         running test '6005' of validation source
INFO     testing         output code: 0
INFO     testing         running test '6006' of validation source
INFO     testing         output code: 0
INFO     testing         running test '6008' of validation source
INFO     testing         output code: 0
INFO     testing         running test '6009' of validation source
INFO     testing         output code: 0
INFO     testing         running test '6010' of validation source
INFO     testing         output code: 0
INFO     testing         running test '6011' of validation source
INFO     testing         output code: 0
INFO     testing         running test '6012' of validation source
INFO     testing         output code: 0
INFO     testing         running test '6013' of validation source
INFO     testing         output code: 0
INFO     testing         running test '6014' of validation source
INFO     testing         output code: 0
WARNING  repair          generated invalid fix (tests ['46'] not repaired)
WARNING  repair          max repair attempts (2) was exhausted
INFO     repair          considering suspicious locations [('I', (3877, 9, 3877, 9))]
INFO     reduction       all failing tests: ['46']
INFO     reduction       select 1 best tests from ['46']
INFO     reduction       select 0 best tests from ['6000', '6001', '6002', '6003', '6004', '6005', '6006', '6008', '6009', '6010', '6011', '6012', '6013', '6014']
INFO     reduction       selected 1 tests
INFO     reduction       selected passing tests: []
INFO     reduction       selected failing tests: ['46']
INFO     project         configuring backend source
INFO     transformation  instrumenting suspicious of backend source
INFO     project         building backend source
INFO     sym_infer       inferring specification for test '46' through KLEE
INFO     testing         running test '46' of backend source with KLEE
INFO     testing         output code: 1
INFO     sym_infer       checking whether /angelix-experiments/.angelix/backend/klee-out-0 exists...
INFO     sym_infer       solving path .angelix/backend/klee-out-0/test000001.smt2
INFO     sym_infer       labels '['dumpcaperror']' executed while [] required
INFO     sym_infer       solving path .angelix/backend/klee-out-0/test000002.smt2
INFO     sym_infer       expression (3877, 9, 3877, 9)[0]: angelic = 16843009
INFO     sym_infer       found 1 angelic paths for test '46'
INFO     synthesis       synthesizing patch with component level 'alternatives'
INFO     synthesis       use old synth
INFO     synthesis       synthesis failed
INFO     synthesis       synthesizing patch with component level 'integer-constants'
INFO     synthesis       use old synth
INFO     synthesis       fixing expression (3877, 9, 3877, 9): arg_error ---> 16843009
INFO     repair          candidate fix synthesized
INFO     transformation  applying patch to validation source
INFO     project         building validation source
INFO     testing         running test '46' of validation source
INFO     testing         output code: 1
INFO     testing         running test '6000' of validation source
INFO     testing         output code: 0
INFO     testing         running test '6001' of validation source
INFO     testing         output code: 0
INFO     testing         running test '6002' of validation source
INFO     testing         output code: 0
INFO     testing         running test '6003' of validation source
INFO     testing         output code: 0
INFO     testing         running test '6004' of validation source
INFO     testing         output code: 0
INFO     testing         running test '6005' of validation source
INFO     testing         output code: 0
INFO     testing         running test '6006' of validation source
INFO     testing         output code: 0
INFO     testing         running test '6008' of validation source
INFO     testing         output code: 0
INFO     testing         running test '6009' of validation source
INFO     testing         output code: 0
INFO     testing         running test '6010' of validation source
INFO     testing         output code: 0
INFO     testing         running test '6011' of validation source
INFO     testing         output code: 0
INFO     testing         running test '6012' of validation source
INFO     testing         output code: 0
INFO     testing         running test '6013' of validation source
INFO     testing         output code: 0
INFO     testing         running test '6014' of validation source
INFO     testing         output code: 0
WARNING  repair          generated invalid fix (tests ['46'] not repaired)
INFO     synthesis       synthesizing patch with component level 'alternatives'
INFO     synthesis       use old synth
INFO     synthesis       synthesis failed
INFO     synthesis       synthesizing patch with component level 'integer-constants'
INFO     synthesis       use old synth
INFO     synthesis       fixing expression (3877, 9, 3877, 9): arg_error ---> 16843009
INFO     repair          candidate fix synthesized
INFO     transformation  applying patch to validation source
INFO     project         building validation source
INFO     testing         running test '46' of validation source
INFO     testing         output code: 1
INFO     testing         running test '6000' of validation source
INFO     testing         output code: 0
INFO     testing         running test '6001' of validation source
INFO     testing         output code: 0
INFO     testing         running test '6002' of validation source
INFO     testing         output code: 0
INFO     testing         running test '6003' of validation source
INFO     testing         output code: 0
INFO     testing         running test '6004' of validation source
INFO     testing         output code: 0
INFO     testing         running test '6005' of validation source
INFO     testing         output code: 0
INFO     testing         running test '6006' of validation source
INFO     testing         output code: 0
INFO     testing         running test '6008' of validation source
INFO     testing         output code: 0
INFO     testing         running test '6009' of validation source
INFO     testing         output code: 0
INFO     testing         running test '6010' of validation source
INFO     testing         output code: 0
INFO     testing         running test '6011' of validation source
INFO     testing         output code: 0
INFO     testing         running test '6012' of validation source
INFO     testing         output code: 0
INFO     testing         running test '6013' of validation source
INFO     testing         output code: 0
INFO     testing         running test '6014' of validation source
INFO     testing         output code: 0
WARNING  repair          generated invalid fix (tests ['46'] not repaired)
WARNING  repair          max repair attempts (2) was exhausted
INFO     repair          considering suspicious locations [('I', (3882, 9, 3882, 25))]
INFO     reduction       all failing tests: ['46']
INFO     reduction       select 1 best tests from ['46']
INFO     reduction       select 0 best tests from ['6000', '6001', '6002', '6003', '6004', '6005', '6006', '6008', '6009', '6010', '6011', '6012', '6013', '6014']
INFO     reduction       selected 1 tests
INFO     reduction       selected passing tests: []
INFO     reduction       selected failing tests: ['46']
INFO     project         configuring backend source
INFO     transformation  instrumenting suspicious of backend source
INFO     project         building backend source
INFO     sym_infer       inferring specification for test '46' through KLEE
INFO     testing         running test '46' of backend source with KLEE
INFO     testing         output code: 1
INFO     sym_infer       checking whether /angelix-experiments/.angelix/backend/klee-out-0 exists...
INFO     sym_infer       solving path .angelix/backend/klee-out-0/test000001.smt2
INFO     sym_infer       labels '['dumpcaperror']' executed while [] required
INFO     sym_infer       solving path .angelix/backend/klee-out-0/test000002.smt2
INFO     sym_infer       expression (3882, 9, 3882, 25)[0]: angelic = True
INFO     sym_infer       found 1 angelic paths for test '46'
INFO     synthesis       synthesizing patch with component level 'alternatives'
INFO     synthesis       use old synth
INFO     synthesis       fixing expression (3882, 9, 3882, 25): (run_once_args > 1) ---> (1 >= 1)
INFO     repair          candidate fix synthesized
INFO     transformation  applying patch to validation source
INFO     project         building validation source
INFO     testing         running test '46' of validation source
INFO     testing         output code: 1
INFO     testing         running test '6000' of validation source
INFO     testing         output code: 0
INFO     testing         running test '6001' of validation source
INFO     testing         output code: 0
INFO     testing         running test '6002' of validation source
INFO     testing         output code: 0
INFO     testing         running test '6003' of validation source
INFO     testing         output code: 0
INFO     testing         running test '6004' of validation source
INFO     testing         output code: 0
INFO     testing         running test '6005' of validation source
INFO     testing         output code: 0
INFO     testing         running test '6006' of validation source
INFO     testing         output code: 0
INFO     testing         running test '6008' of validation source
INFO     testing         output code: 0
INFO     testing         running test '6009' of validation source
INFO     testing         output code: 0
INFO     testing         running test '6010' of validation source
INFO     testing         output code: 0
INFO     testing         running test '6011' of validation source
INFO     testing         output code: 0
INFO     testing         running test '6012' of validation source
INFO     testing         output code: 0
INFO     testing         running test '6013' of validation source
INFO     testing         output code: 0
INFO     testing         running test '6014' of validation source
INFO     testing         output code: 0
WARNING  repair          generated invalid fix (tests ['46'] not repaired)
INFO     synthesis       synthesizing patch with component level 'alternatives'
INFO     synthesis       use old synth
INFO     synthesis       fixing expression (3882, 9, 3882, 25): (run_once_args > 1) ---> (1 >= 1)
INFO     repair          candidate fix synthesized
INFO     transformation  applying patch to validation source
INFO     project         building validation source
INFO     testing         running test '46' of validation source
INFO     testing         output code: 1
INFO     testing         running test '6000' of validation source
INFO     testing         output code: 0
INFO     testing         running test '6001' of validation source
INFO     testing         output code: 0
INFO     testing         running test '6002' of validation source
INFO     testing         output code: 0
INFO     testing         running test '6003' of validation source
INFO     testing         output code: 0
INFO     testing         running test '6004' of validation source
INFO     testing         output code: 0
INFO     testing         running test '6005' of validation source
INFO     testing         output code: 0
INFO     testing         running test '6006' of validation source
INFO     testing         output code: 0
INFO     testing         running test '6008' of validation source
INFO     testing         output code: 0
INFO     testing         running test '6009' of validation source
INFO     testing         output code: 0
INFO     testing         running test '6010' of validation source
INFO     testing         output code: 0
INFO     testing         running test '6011' of validation source
INFO     testing         output code: 0
INFO     testing         running test '6012' of validation source
INFO     testing         output code: 0
INFO     testing         running test '6013' of validation source
INFO     testing         output code: 0
INFO     testing         running test '6014' of validation source
INFO     testing         output code: 0
WARNING  repair          generated invalid fix (tests ['46'] not repaired)
WARNING  repair          max repair attempts (2) was exhausted
INFO     repair          considering suspicious locations [('I', (3885, 16, 3885, 33))]
INFO     reduction       all failing tests: ['46']
INFO     reduction       select 1 best tests from ['46']
INFO     reduction       select 0 best tests from ['6000', '6001', '6002', '6003', '6004', '6005', '6006', '6008', '6009', '6010', '6011', '6012', '6013', '6014']
INFO     reduction       selected 1 tests
INFO     reduction       selected passing tests: []
INFO     reduction       selected failing tests: ['46']
INFO     project         configuring backend source
INFO     transformation  instrumenting suspicious of backend source
INFO     project         building backend source
INFO     sym_infer       inferring specification for test '46' through KLEE
INFO     testing         running test '46' of backend source with KLEE
INFO     testing         output code: 1
INFO     sym_infer       checking whether /angelix-experiments/.angelix/backend/klee-out-0 exists...
INFO     sym_infer       solving path .angelix/backend/klee-out-0/test000001.smt2
INFO     sym_infer       labels '['dumpcaperror']' executed while [] required
INFO     sym_infer       solving path .angelix/backend/klee-out-0/test000002.smt2
INFO     sym_infer       labels '['dumpcaperror']' executed while [] required
INFO     sym_infer       found 0 angelic paths for test '46'
INFO     repair          considering suspicious locations [('I', (3895, 13, 3895, 33))]
INFO     reduction       all failing tests: ['46']
INFO     reduction       select 1 best tests from ['46']
INFO     reduction       select 0 best tests from ['6000', '6001', '6002', '6003', '6004', '6005', '6006', '6008', '6009', '6010', '6011', '6012', '6013', '6014']
INFO     reduction       selected 1 tests
INFO     reduction       selected passing tests: []
INFO     reduction       selected failing tests: ['46']
INFO     project         configuring backend source
INFO     transformation  instrumenting suspicious of backend source
INFO     project         building backend source
INFO     sym_infer       inferring specification for test '46' through KLEE
INFO     testing         running test '46' of backend source with KLEE
INFO     testing         output code: 1
INFO     sym_infer       checking whether /angelix-experiments/.angelix/backend/klee-out-0 exists...
INFO     sym_infer       solving path .angelix/backend/klee-out-0/test000001.smt2
INFO     sym_infer       labels '['dumpcaperror']' executed while [] required
INFO     sym_infer       solving path .angelix/backend/klee-out-0/test000002.smt2
INFO     sym_infer       labels '['dumpcaperror']' executed while [] required
INFO     sym_infer       found 0 angelic paths for test '46'
INFO     repair          considering suspicious locations [('I', (3918, 9, 3918, 9))]
INFO     reduction       all failing tests: ['46']
INFO     reduction       select 1 best tests from ['46']
INFO     reduction       select 0 best tests from ['6000', '6001', '6002', '6003', '6004', '6005', '6006', '6008', '6009', '6010', '6011', '6012', '6013', '6014']
INFO     reduction       selected 1 tests
INFO     reduction       selected passing tests: []
INFO     reduction       selected failing tests: ['46']
INFO     project         configuring backend source
INFO     transformation  instrumenting suspicious of backend source
INFO     project         building backend source
INFO     sym_infer       inferring specification for test '46' through KLEE
INFO     testing         running test '46' of backend source with KLEE
INFO     testing         output code: 1
INFO     sym_infer       checking whether /angelix-experiments/.angelix/backend/klee-out-0 exists...
INFO     sym_infer       solving path .angelix/backend/klee-out-0/test000001.smt2
INFO     sym_infer       labels '['dumpcaperror']' executed while [] required
INFO     sym_infer       solving path .angelix/backend/klee-out-0/test000002.smt2
INFO     sym_infer       expression (3918, 9, 3918, 9)[0]: angelic = 16843009
INFO     sym_infer       found 1 angelic paths for test '46'
INFO     synthesis       synthesizing patch with component level 'alternatives'
INFO     synthesis       use old synth
INFO     synthesis       synthesis failed
INFO     synthesis       synthesizing patch with component level 'integer-constants'
INFO     synthesis       use old synth
INFO     synthesis       fixing expression (3918, 9, 3918, 9): list_interfaces ---> 16843009
INFO     repair          candidate fix synthesized
INFO     transformation  applying patch to validation source
INFO     project         building validation source
INFO     testing         running test '46' of validation source
INFO     testing         output code: 1
INFO     testing         running test '6000' of validation source
INFO     testing         output code: 0
INFO     testing         running test '6001' of validation source
INFO     testing         output code: 0
INFO     testing         running test '6002' of validation source
INFO     testing         output code: 0
INFO     testing         running test '6003' of validation source
INFO     testing         output code: 0
INFO     testing         running test '6004' of validation source
INFO     testing         output code: 0
INFO     testing         running test '6005' of validation source
INFO     testing         output code: 0
INFO     testing         running test '6006' of validation source
INFO     testing         output code: 0
INFO     testing         running test '6008' of validation source
INFO     testing         output code: 0
INFO     testing         running test '6009' of validation source
INFO     testing         output code: 0
INFO     testing         running test '6010' of validation source
INFO     testing         output code: 0
INFO     testing         running test '6011' of validation source
INFO     testing         output code: 0
INFO     testing         running test '6012' of validation source
INFO     testing         output code: 0
INFO     testing         running test '6013' of validation source
INFO     testing         output code: 0
INFO     testing         running test '6014' of validation source
INFO     testing         output code: 0
WARNING  repair          generated invalid fix (tests ['46'] not repaired)
INFO     synthesis       synthesizing patch with component level 'alternatives'
INFO     synthesis       use old synth
INFO     synthesis       synthesis failed
INFO     synthesis       synthesizing patch with component level 'integer-constants'
INFO     synthesis       use old synth
INFO     synthesis       fixing expression (3918, 9, 3918, 9): list_interfaces ---> 16843009
INFO     repair          candidate fix synthesized
INFO     transformation  applying patch to validation source
INFO     project         building validation source
INFO     testing         running test '46' of validation source
INFO     testing         output code: 1
INFO     testing         running test '6000' of validation source
INFO     testing         output code: 0
INFO     testing         running test '6001' of validation source
INFO     testing         output code: 0
INFO     testing         running test '6002' of validation source
INFO     testing         output code: 0
INFO     testing         running test '6003' of validation source
INFO     testing         output code: 0
INFO     testing         running test '6004' of validation source
INFO     testing         output code: 0
INFO     testing         running test '6005' of validation source
INFO     testing         output code: 0
INFO     testing         running test '6006' of validation source
INFO     testing         output code: 0
INFO     testing         running test '6008' of validation source
INFO     testing         output code: 0
INFO     testing         running test '6009' of validation source
INFO     testing         output code: 0
INFO     testing         running test '6010' of validation source
INFO     testing         output code: 0
INFO     testing         running test '6011' of validation source
INFO     testing         output code: 0
INFO     testing         running test '6012' of validation source
INFO     testing         output code: 0
INFO     testing         running test '6013' of validation source
INFO     testing         output code: 0
INFO     testing         running test '6014' of validation source
INFO     testing         output code: 0
WARNING  repair          generated invalid fix (tests ['46'] not repaired)
WARNING  repair          max repair attempts (2) was exhausted
INFO     repair          considering suspicious locations [('I', (3960, 9, 3960, 9))]
INFO     reduction       all failing tests: ['46']
INFO     reduction       select 1 best tests from ['46']
INFO     reduction       select 0 best tests from ['6000', '6001', '6002', '6003', '6004', '6005', '6006', '6008', '6009', '6010', '6011', '6012', '6013', '6014']
INFO     reduction       selected 1 tests
INFO     reduction       selected passing tests: []
INFO     reduction       selected failing tests: ['46']
INFO     project         configuring backend source
INFO     transformation  instrumenting suspicious of backend source
INFO     project         building backend source
INFO     sym_infer       inferring specification for test '46' through KLEE
INFO     testing         running test '46' of backend source with KLEE
INFO     testing         output code: 1
INFO     sym_infer       checking whether /angelix-experiments/.angelix/backend/klee-out-0 exists...
INFO     sym_infer       solving path .angelix/backend/klee-out-0/test000001.smt2
INFO     sym_infer       labels '['dumpcaperror']' executed while [] required
INFO     sym_infer       solving path .angelix/backend/klee-out-0/test000002.smt2
INFO     sym_infer       expression (3960, 9, 3960, 9)[0]: angelic = 16843009
INFO     sym_infer       found 1 angelic paths for test '46'
INFO     synthesis       synthesizing patch with component level 'alternatives'
INFO     synthesis       use old synth
INFO     synthesis       synthesis failed
INFO     synthesis       synthesizing patch with component level 'integer-constants'
INFO     synthesis       use old synth
INFO     synthesis       fixing expression (3960, 9, 3960, 9): print_statistics ---> 16843009
INFO     repair          candidate fix synthesized
INFO     transformation  applying patch to validation source
INFO     project         building validation source
INFO     testing         running test '46' of validation source
WARNING  testing         timeout in test 46
INFO     testing         running test '6000' of validation source
INFO     testing         output code: 0
INFO     testing         running test '6001' of validation source
INFO     testing         output code: 0
INFO     testing         running test '6002' of validation source
INFO     testing         output code: 0
INFO     testing         running test '6003' of validation source
INFO     testing         output code: 0
INFO     testing         running test '6004' of validation source
INFO     testing         output code: 0
INFO     testing         running test '6005' of validation source
INFO     testing         output code: 0
INFO     testing         running test '6006' of validation source
INFO     testing         output code: 0
INFO     testing         running test '6008' of validation source
INFO     testing         output code: 0
INFO     testing         running test '6009' of validation source
INFO     testing         output code: 0
INFO     testing         running test '6010' of validation source
INFO     testing         output code: 0
INFO     testing         running test '6011' of validation source
INFO     testing         output code: 0
INFO     testing         running test '6012' of validation source
INFO     testing         output code: 0
INFO     testing         running test '6013' of validation source
INFO     testing         output code: 0
INFO     testing         running test '6014' of validation source
INFO     testing         output code: 0
INFO     repair          patch successfully generated in 1h 53m 12s (see wireshark-2021-Oct22-070256.patch)
SUCCESS
