[repair] benchmark: manybugs
[repair] subject: gmp
[repair] version: 14166-14167
[repair] search: symbolic
[repair] debug: 0
[fetch] benchmark: manybugs
[fetch] subject: gmp
[fetch] version: 14166-14167
[fetch] archive: gmp-bug-14166-14167.tar.gz
[fetch] directory: gmp-bug-14166-14167
[fetch] preparing source code
[fetch] golden_directory: gmp-fix-14166-14167
[fetch] clean-source gmp-bug-14166-14167
[fetch] /angelix-experiments/gmp-bug-14166-14167/gmp/configure
[fetch] make -j 72 clean
[fetch] clean-source gmp-fix-14166-14167
[fetch] restore-buggy gmp-bug-14166-14167
[fetch] /angelix-experiments/gmp-fix-14166-14167/gmp/configure
[fetch] make -j 72 clean
[fetch] restore-buggy entered
[fetch] buggy: mpz/gcdext.c
[fetch] buggy_version: 14166
[fetch] buggy_preprocessed: gmp-bug-14166-14167/gmp/mpz/gcdext.c
[fetch] buggy_original: gmp-bug-14166-14167/diffs/mpz/gcdext.c-14166
[fetch] cp gmp-bug-14166-14167/diffs/mpz/gcdext.c-14166 gmp-bug-14166-14167/gmp/mpz/gcdext.c
[fetch] restore-correct gmp-fix-14166-14167
[fetch] restore-correct entered
[fetch] cp gmp-fix-14166-14167/diffs/mpz/gcdext.c-14167 gmp-fix-14166-14167/gmp/mpz/gcdext.c
[fetch] restored gmp-fix-14166-14167/gmp/mpz/gcdext.c with gmp-fix-14166-14167/diffs/mpz/gcdext.c-14167
[fetch] fetch done
[repair] [repair] options: --symbolic --ignore-lines
--lines
59
--use-nsynth
--klee-ignore-errors
--ignore-infer-errors
--ignore-trans-errors
--gobble-klee-message
--test-timeout
60
--defect
assignments
--group-size
1
--synthesis-levels
variables
--synthesis-bool-only
--defect
assignments
--angelic-search-strategy
symbolic
--klee-max-forks
200
--klee-solver-timeout
100
--klee-search
dfs
--klee-timeout 7200  --all-suspicious --timeout 14400 --show-suspicious-locations --mcmc-beta 0.8 --group-size 1
[repair-gmp] options:  --ignore-lines --lines 59 --use-nsynth --klee-ignore-errors --ignore-infer-errors --ignore-trans-errors --gobble-klee-message --test-timeout 60 --defect assignments --group-size 1 --synthesis-levels variables --synthesis-bool-only --defect assignments --angelic-search-strategy symbolic --klee-max-forks 200 --klee-solver-timeout 100 --klee-search dfs --klee-timeout 7200 --all-suspicious --timeout 14400 --show-suspicious-locations --mcmc-beta 0.8 --group-size 1
[repair-gmp] buggy: mpz/gcdext.c
INFO     repair          copy gmp-bug-14166-14167/gmp to /angelix-experiments/.angelix/validation
INFO     project         configuring validation source
INFO     project         building json compilation database from validation source
INFO     testing         running test '1' of validation source
INFO     testing         output code: 0
INFO     testing         running test '2' of validation source
INFO     testing         output code: 1
INFO     testing         running test '3' of validation source
INFO     testing         output code: 1
INFO     testing         running test '4' of validation source
INFO     testing         output code: 0
INFO     testing         running test '5' of validation source
INFO     testing         output code: 0
INFO     testing         running test '6' of validation source
INFO     testing         output code: 0
INFO     testing         running test '7' of validation source
INFO     testing         output code: 1
INFO     testing         running test '8' of validation source
INFO     testing         output code: 0
INFO     testing         running test '9' of validation source
INFO     testing         output code: 1
INFO     testing         running test '10' of validation source
INFO     testing         output code: 1
INFO     testing         running test '11' of validation source
INFO     testing         output code: 0
INFO     testing         running test '12' of validation source
INFO     testing         output code: 1
INFO     testing         running test '13' of validation source
INFO     testing         output code: 1
INFO     testing         running test '14' of validation source
INFO     testing         output code: 1
INFO     testing         running test '15' of validation source
INFO     testing         output code: 1
INFO     testing         running test '16' of validation source
INFO     testing         output code: 1
INFO     testing         running test '17' of validation source
INFO     testing         output code: 1
INFO     testing         running test '18' of validation source
INFO     testing         output code: 1
INFO     testing         running test '19' of validation source
INFO     testing         output code: 1
INFO     testing         running test '20' of validation source
INFO     testing         output code: 1
INFO     testing         running test '21' of validation source
INFO     testing         output code: 1
INFO     testing         running test '22' of validation source
INFO     testing         output code: 1
INFO     testing         running test '23' of validation source
INFO     testing         output code: 1
INFO     testing         running test '24' of validation source
INFO     testing         output code: 1
INFO     testing         running test '25' of validation source
INFO     testing         output code: 1
INFO     testing         running test '26' of validation source
INFO     testing         output code: 1
INFO     testing         running test '27' of validation source
INFO     testing         output code: 1
INFO     testing         running test '28' of validation source
INFO     testing         output code: 1
INFO     testing         running test '29' of validation source
INFO     testing         output code: 1
INFO     testing         running test '30' of validation source
INFO     testing         output code: 1
INFO     testing         running test '31' of validation source
INFO     testing         output code: 1
INFO     testing         running test '32' of validation source
INFO     testing         output code: 1
INFO     testing         running test '33' of validation source
INFO     testing         output code: 1
INFO     testing         running test '34' of validation source
INFO     testing         output code: 1
INFO     testing         running test '35' of validation source
INFO     testing         output code: 1
INFO     testing         running test '36' of validation source
INFO     testing         output code: 1
INFO     testing         running test '37' of validation source
INFO     testing         output code: 1
INFO     testing         running test '38' of validation source
INFO     testing         output code: 1
INFO     testing         running test '39' of validation source
INFO     testing         output code: 1
INFO     testing         running test '40' of validation source
INFO     testing         output code: 1
INFO     testing         running test '41' of validation source
INFO     testing         output code: 1
INFO     testing         running test '42' of validation source
INFO     testing         output code: 1
INFO     testing         running test '43' of validation source
INFO     testing         output code: 1
INFO     testing         running test '44' of validation source
INFO     testing         output code: 0
INFO     testing         running test '45' of validation source
INFO     testing         output code: 1
INFO     testing         running test '46' of validation source
INFO     testing         output code: 1
INFO     testing         running test '47' of validation source
INFO     testing         output code: 1
INFO     testing         running test '48' of validation source
INFO     testing         output code: 1
INFO     testing         running test '49' of validation source
INFO     testing         output code: 1
INFO     testing         running test '50' of validation source
INFO     testing         output code: 1
INFO     testing         running test '51' of validation source
INFO     testing         output code: 1
INFO     testing         running test '52' of validation source
INFO     testing         output code: 1
INFO     testing         running test '53' of validation source
INFO     testing         output code: 1
INFO     testing         running test '54' of validation source
INFO     testing         output code: 0
INFO     testing         running test '55' of validation source
INFO     testing         output code: 1
INFO     testing         running test '56' of validation source
INFO     testing         output code: 1
INFO     testing         running test '57' of validation source
INFO     testing         output code: 1
INFO     testing         running test '58' of validation source
INFO     testing         output code: 1
INFO     testing         running test '59' of validation source
INFO     testing         output code: 1
INFO     testing         running test '60' of validation source
INFO     testing         output code: 1
INFO     testing         running test '61' of validation source
INFO     testing         output code: 1
INFO     testing         running test '62' of validation source
INFO     testing         output code: 1
INFO     testing         running test '63' of validation source
INFO     testing         output code: 1
INFO     testing         running test '64' of validation source
INFO     testing         output code: 0
INFO     testing         running test '65' of validation source
INFO     testing         output code: 1
INFO     testing         running test '66' of validation source
INFO     testing         output code: 1
INFO     testing         running test '67' of validation source
INFO     testing         output code: 1
INFO     testing         running test '68' of validation source
INFO     testing         output code: 1
INFO     testing         running test '69' of validation source
INFO     testing         output code: 1
INFO     testing         running test '70' of validation source
INFO     testing         output code: 1
INFO     testing         running test '71' of validation source
INFO     testing         output code: 1
INFO     testing         running test '72' of validation source
INFO     testing         output code: 1
INFO     testing         running test '73' of validation source
INFO     testing         output code: 1
INFO     testing         running test '74' of validation source
INFO     testing         output code: 1
INFO     testing         running test '75' of validation source
INFO     testing         output code: 1
INFO     testing         running test '76' of validation source
INFO     testing         output code: 1
INFO     testing         running test '77' of validation source
INFO     testing         output code: 1
INFO     testing         running test '78' of validation source
INFO     testing         output code: 1
INFO     testing         running test '79' of validation source
INFO     testing         output code: 1
INFO     testing         running test '80' of validation source
INFO     testing         output code: 1
INFO     testing         running test '81' of validation source
INFO     testing         output code: 1
INFO     testing         running test '82' of validation source
INFO     testing         output code: 1
INFO     testing         running test '83' of validation source
INFO     testing         output code: 0
INFO     testing         running test '84' of validation source
INFO     testing         output code: 0
INFO     testing         running test '85' of validation source
INFO     testing         output code: 1
INFO     testing         running test '86' of validation source
INFO     testing         output code: 1
INFO     testing         running test '87' of validation source
INFO     testing         output code: 1
INFO     testing         running test '88' of validation source
INFO     testing         output code: 0
INFO     testing         running test '89' of validation source
INFO     testing         output code: 1
INFO     testing         running test '90' of validation source
INFO     testing         output code: 0
INFO     testing         running test '91' of validation source
INFO     testing         output code: 0
INFO     testing         running test '92' of validation source
INFO     testing         output code: 1
INFO     testing         running test '93' of validation source
INFO     testing         output code: 1
INFO     testing         running test '94' of validation source
INFO     testing         output code: 1
INFO     testing         running test '95' of validation source
INFO     testing         output code: 1
INFO     testing         running test '96' of validation source
INFO     testing         output code: 1
INFO     testing         running test '97' of validation source
INFO     testing         output code: 1
INFO     testing         running test '98' of validation source
INFO     testing         output code: 1
INFO     testing         running test '99' of validation source
INFO     testing         output code: 1
INFO     testing         running test '100' of validation source
INFO     testing         output code: 1
INFO     testing         running test '101' of validation source
INFO     testing         output code: 1
INFO     testing         running test '102' of validation source
INFO     testing         output code: 1
INFO     testing         running test '103' of validation source
INFO     testing         output code: 1
INFO     testing         running test '104' of validation source
INFO     testing         output code: 1
INFO     testing         running test '105' of validation source
INFO     testing         output code: 1
INFO     testing         running test '106' of validation source
INFO     testing         output code: 1
INFO     testing         running test '107' of validation source
INFO     testing         output code: 1
INFO     testing         running test '108' of validation source
INFO     testing         output code: 1
INFO     testing         running test '109' of validation source
INFO     testing         output code: 1
INFO     testing         running test '110' of validation source
INFO     testing         output code: 1
INFO     testing         running test '111' of validation source
INFO     testing         output code: 1
INFO     testing         running test '112' of validation source
INFO     testing         output code: 1
INFO     testing         running test '113' of validation source
INFO     testing         output code: 1
INFO     testing         running test '114' of validation source
INFO     testing         output code: 1
INFO     testing         running test '115' of validation source
INFO     testing         output code: 1
INFO     testing         running test '116' of validation source
INFO     testing         output code: 1
INFO     testing         running test '117' of validation source
INFO     testing         output code: 0
INFO     testing         running test '118' of validation source
INFO     testing         output code: 1
INFO     testing         running test '119' of validation source
INFO     testing         output code: 1
INFO     testing         running test '120' of validation source
INFO     testing         output code: 1
INFO     testing         running test '121' of validation source
INFO     testing         output code: 1
INFO     testing         running test '122' of validation source
INFO     testing         output code: 0
INFO     testing         running test '123' of validation source
INFO     testing         output code: 1
INFO     testing         running test '124' of validation source
INFO     testing         output code: 0
INFO     testing         running test '125' of validation source
INFO     testing         output code: 0
INFO     testing         running test '126' of validation source
INFO     testing         output code: 1
INFO     testing         running test '127' of validation source
INFO     testing         output code: 1
INFO     testing         running test '128' of validation source
INFO     testing         output code: 1
INFO     testing         running test '129' of validation source
INFO     testing         output code: 1
INFO     testing         running test '130' of validation source
INFO     testing         output code: 1
INFO     testing         running test '131' of validation source
INFO     testing         output code: 1
INFO     testing         running test '132' of validation source
INFO     testing         output code: 1
INFO     testing         running test '133' of validation source
INFO     testing         output code: 1
INFO     testing         running test '134' of validation source
INFO     testing         output code: 1
INFO     testing         running test '135' of validation source
INFO     testing         output code: 1
INFO     testing         running test '136' of validation source
INFO     testing         output code: 1
INFO     testing         running test '137' of validation source
INFO     testing         output code: 1
INFO     testing         running test '138' of validation source
INFO     testing         output code: 1
INFO     testing         running test '139' of validation source
INFO     testing         output code: 1
INFO     testing         running test '140' of validation source
INFO     testing         output code: 1
INFO     testing         running test '141' of validation source
INFO     testing         output code: 1
INFO     testing         running test '142' of validation source
INFO     testing         output code: 1
INFO     testing         running test '143' of validation source
INFO     testing         output code: 1
INFO     testing         running test '144' of validation source
INFO     testing         output code: 1
INFO     testing         running test '145' of validation source
INFO     testing         output code: 1
INFO     testing         running test '146' of validation source
INFO     testing         output code: 1
INFO     project         configuring golden source
INFO     project         building golden source
INFO     testing         running test '2' of golden source
INFO     testing         output code: 1
INFO     testing         running test '3' of golden source
INFO     testing         output code: 1
INFO     testing         running test '7' of golden source
INFO     testing         output code: 1
INFO     testing         running test '9' of golden source
INFO     testing         output code: 1
INFO     testing         running test '10' of golden source
INFO     testing         output code: 1
INFO     testing         running test '12' of golden source
INFO     testing         output code: 1
INFO     testing         running test '13' of golden source
INFO     testing         output code: 1
INFO     testing         running test '14' of golden source
INFO     testing         output code: 1
INFO     testing         running test '15' of golden source
INFO     testing         output code: 1
INFO     testing         running test '16' of golden source
INFO     testing         output code: 1
INFO     testing         running test '17' of golden source
INFO     testing         output code: 1
INFO     testing         running test '18' of golden source
INFO     testing         output code: 1
INFO     testing         running test '19' of golden source
INFO     testing         output code: 0
INFO     testing         running test '20' of golden source
INFO     testing         output code: 1
INFO     testing         running test '21' of golden source
INFO     testing         output code: 1
INFO     testing         running test '22' of golden source
INFO     testing         output code: 1
INFO     testing         running test '23' of golden source
INFO     testing         output code: 1
INFO     testing         running test '24' of golden source
INFO     testing         output code: 1
INFO     testing         running test '25' of golden source
INFO     testing         output code: 1
INFO     testing         running test '26' of golden source
INFO     testing         output code: 1
INFO     testing         running test '27' of golden source
INFO     testing         output code: 1
INFO     testing         running test '28' of golden source
INFO     testing         output code: 1
INFO     testing         running test '29' of golden source
INFO     testing         output code: 1
INFO     testing         running test '30' of golden source
INFO     testing         output code: 1
INFO     testing         running test '31' of golden source
INFO     testing         output code: 1
INFO     testing         running test '32' of golden source
INFO     testing         output code: 1
INFO     testing         running test '33' of golden source
INFO     testing         output code: 1
INFO     testing         running test '34' of golden source
INFO     testing         output code: 1
INFO     testing         running test '35' of golden source
INFO     testing         output code: 1
INFO     testing         running test '36' of golden source
INFO     testing         output code: 1
INFO     testing         running test '37' of golden source
INFO     testing         output code: 1
INFO     testing         running test '38' of golden source
INFO     testing         output code: 1
INFO     testing         running test '39' of golden source
INFO     testing         output code: 1
INFO     testing         running test '40' of golden source
INFO     testing         output code: 1
INFO     testing         running test '41' of golden source
INFO     testing         output code: 1
INFO     testing         running test '42' of golden source
INFO     testing         output code: 1
INFO     testing         running test '43' of golden source
INFO     testing         output code: 1
INFO     testing         running test '45' of golden source
INFO     testing         output code: 1
INFO     testing         running test '46' of golden source
INFO     testing         output code: 1
INFO     testing         running test '47' of golden source
INFO     testing         output code: 1
INFO     testing         running test '48' of golden source
INFO     testing         output code: 1
INFO     testing         running test '49' of golden source
INFO     testing         output code: 1
INFO     testing         running test '50' of golden source
INFO     testing         output code: 1
INFO     testing         running test '51' of golden source
INFO     testing         output code: 1
INFO     testing         running test '52' of golden source
INFO     testing         output code: 1
INFO     testing         running test '53' of golden source
INFO     testing         output code: 1
INFO     testing         running test '55' of golden source
INFO     testing         output code: 1
INFO     testing         running test '56' of golden source
INFO     testing         output code: 1
INFO     testing         running test '57' of golden source
INFO     testing         output code: 1
INFO     testing         running test '58' of golden source
INFO     testing         output code: 1
INFO     testing         running test '59' of golden source
INFO     testing         output code: 1
INFO     testing         running test '60' of golden source
INFO     testing         output code: 1
INFO     testing         running test '61' of golden source
INFO     testing         output code: 1
INFO     testing         running test '62' of golden source
INFO     testing         output code: 1
INFO     testing         running test '63' of golden source
INFO     testing         output code: 1
INFO     testing         running test '65' of golden source
INFO     testing         output code: 1
INFO     testing         running test '66' of golden source
INFO     testing         output code: 1
INFO     testing         running test '67' of golden source
INFO     testing         output code: 1
INFO     testing         running test '68' of golden source
INFO     testing         output code: 1
INFO     testing         running test '69' of golden source
INFO     testing         output code: 1
INFO     testing         running test '70' of golden source
INFO     testing         output code: 1
INFO     testing         running test '71' of golden source
INFO     testing         output code: 1
INFO     testing         running test '72' of golden source
INFO     testing         output code: 1
INFO     testing         running test '73' of golden source
INFO     testing         output code: 1
INFO     testing         running test '74' of golden source
INFO     testing         output code: 1
INFO     testing         running test '75' of golden source
INFO     testing         output code: 1
INFO     testing         running test '76' of golden source
INFO     testing         output code: 1
INFO     testing         running test '77' of golden source
INFO     testing         output code: 1
INFO     testing         running test '78' of golden source
INFO     testing         output code: 1
INFO     testing         running test '79' of golden source
INFO     testing         output code: 1
INFO     testing         running test '80' of golden source
INFO     testing         output code: 1
INFO     testing         running test '81' of golden source
INFO     testing         output code: 1
INFO     testing         running test '82' of golden source
INFO     testing         output code: 1
INFO     testing         running test '85' of golden source
INFO     testing         output code: 1
INFO     testing         running test '86' of golden source
INFO     testing         output code: 1
INFO     testing         running test '87' of golden source
INFO     testing         output code: 1
INFO     testing         running test '89' of golden source
INFO     testing         output code: 1
INFO     testing         running test '92' of golden source
INFO     testing         output code: 1
INFO     testing         running test '93' of golden source
INFO     testing         output code: 1
INFO     testing         running test '94' of golden source
INFO     testing         output code: 1
INFO     testing         running test '95' of golden source
INFO     testing         output code: 1
INFO     testing         running test '96' of golden source
INFO     testing         output code: 1
INFO     testing         running test '97' of golden source
INFO     testing         output code: 1
INFO     testing         running test '98' of golden source
INFO     testing         output code: 1
INFO     testing         running test '99' of golden source
INFO     testing         output code: 1
INFO     testing         running test '100' of golden source
INFO     testing         output code: 1
INFO     testing         running test '101' of golden source
INFO     testing         output code: 1
INFO     testing         running test '102' of golden source
INFO     testing         output code: 1
INFO     testing         running test '103' of golden source
INFO     testing         output code: 1
INFO     testing         running test '104' of golden source
INFO     testing         output code: 1
INFO     testing         running test '105' of golden source
INFO     testing         output code: 1
INFO     testing         running test '106' of golden source
INFO     testing         output code: 1
INFO     testing         running test '107' of golden source
INFO     testing         output code: 1
INFO     testing         running test '108' of golden source
INFO     testing         output code: 1
INFO     testing         running test '109' of golden source
INFO     testing         output code: 1
INFO     testing         running test '110' of golden source
INFO     testing         output code: 1
INFO     testing         running test '111' of golden source
INFO     testing         output code: 1
INFO     testing         running test '112' of golden source
INFO     testing         output code: 1
INFO     testing         running test '113' of golden source
INFO     testing         output code: 1
INFO     testing         running test '114' of golden source
INFO     testing         output code: 1
INFO     testing         running test '115' of golden source
INFO     testing         output code: 1
INFO     testing         running test '116' of golden source
INFO     testing         output code: 1
INFO     testing         running test '118' of golden source
INFO     testing         output code: 1
INFO     testing         running test '119' of golden source
INFO     testing         output code: 1
INFO     testing         running test '120' of golden source
INFO     testing         output code: 1
INFO     testing         running test '121' of golden source
INFO     testing         output code: 1
INFO     testing         running test '123' of golden source
INFO     testing         output code: 1
INFO     testing         running test '126' of golden source
INFO     testing         output code: 1
INFO     testing         running test '127' of golden source
INFO     testing         output code: 1
INFO     testing         running test '128' of golden source
INFO     testing         output code: 1
INFO     testing         running test '129' of golden source
INFO     testing         output code: 1
INFO     testing         running test '130' of golden source
INFO     testing         output code: 1
INFO     testing         running test '131' of golden source
INFO     testing         output code: 1
INFO     testing         running test '132' of golden source
INFO     testing         output code: 1
INFO     testing         running test '133' of golden source
INFO     testing         output code: 1
INFO     testing         running test '134' of golden source
INFO     testing         output code: 1
INFO     testing         running test '135' of golden source
INFO     testing         output code: 1
INFO     testing         running test '136' of golden source
INFO     testing         output code: 1
INFO     testing         running test '137' of golden source
INFO     testing         output code: 1
INFO     testing         running test '138' of golden source
INFO     testing         output code: 1
INFO     testing         running test '139' of golden source
INFO     testing         output code: 1
INFO     testing         running test '140' of golden source
INFO     testing         output code: 1
INFO     testing         running test '141' of golden source
INFO     testing         output code: 1
INFO     testing         running test '142' of golden source
INFO     testing         output code: 1
INFO     testing         running test '143' of golden source
INFO     testing         output code: 1
INFO     testing         running test '144' of golden source
INFO     testing         output code: 1
INFO     testing         running test '145' of golden source
INFO     testing         output code: 1
INFO     testing         running test '146' of golden source
INFO     testing         output code: 1
WARNING  repair          excluding test 2 because it fails in golden version
WARNING  repair          excluding test 3 because it fails in golden version
WARNING  repair          excluding test 7 because it fails in golden version
WARNING  repair          excluding test 9 because it fails in golden version
WARNING  repair          excluding test 10 because it fails in golden version
WARNING  repair          excluding test 12 because it fails in golden version
WARNING  repair          excluding test 13 because it fails in golden version
WARNING  repair          excluding test 14 because it fails in golden version
WARNING  repair          excluding test 15 because it fails in golden version
WARNING  repair          excluding test 16 because it fails in golden version
WARNING  repair          excluding test 17 because it fails in golden version
WARNING  repair          excluding test 18 because it fails in golden version
WARNING  repair          excluding test 20 because it fails in golden version
WARNING  repair          excluding test 21 because it fails in golden version
WARNING  repair          excluding test 22 because it fails in golden version
WARNING  repair          excluding test 23 because it fails in golden version
WARNING  repair          excluding test 24 because it fails in golden version
WARNING  repair          excluding test 25 because it fails in golden version
WARNING  repair          excluding test 26 because it fails in golden version
WARNING  repair          excluding test 27 because it fails in golden version
WARNING  repair          excluding test 28 because it fails in golden version
WARNING  repair          excluding test 29 because it fails in golden version
WARNING  repair          excluding test 30 because it fails in golden version
WARNING  repair          excluding test 31 because it fails in golden version
WARNING  repair          excluding test 32 because it fails in golden version
WARNING  repair          excluding test 33 because it fails in golden version
WARNING  repair          excluding test 34 because it fails in golden version
WARNING  repair          excluding test 35 because it fails in golden version
WARNING  repair          excluding test 36 because it fails in golden version
WARNING  repair          excluding test 37 because it fails in golden version
WARNING  repair          excluding test 38 because it fails in golden version
WARNING  repair          excluding test 39 because it fails in golden version
WARNING  repair          excluding test 40 because it fails in golden version
WARNING  repair          excluding test 41 because it fails in golden version
WARNING  repair          excluding test 42 because it fails in golden version
WARNING  repair          excluding test 43 because it fails in golden version
WARNING  repair          excluding test 45 because it fails in golden version
WARNING  repair          excluding test 46 because it fails in golden version
WARNING  repair          excluding test 47 because it fails in golden version
WARNING  repair          excluding test 48 because it fails in golden version
WARNING  repair          excluding test 49 because it fails in golden version
WARNING  repair          excluding test 50 because it fails in golden version
WARNING  repair          excluding test 51 because it fails in golden version
WARNING  repair          excluding test 52 because it fails in golden version
WARNING  repair          excluding test 53 because it fails in golden version
WARNING  repair          excluding test 55 because it fails in golden version
WARNING  repair          excluding test 56 because it fails in golden version
WARNING  repair          excluding test 57 because it fails in golden version
WARNING  repair          excluding test 58 because it fails in golden version
WARNING  repair          excluding test 59 because it fails in golden version
WARNING  repair          excluding test 60 because it fails in golden version
WARNING  repair          excluding test 61 because it fails in golden version
WARNING  repair          excluding test 62 because it fails in golden version
WARNING  repair          excluding test 63 because it fails in golden version
WARNING  repair          excluding test 65 because it fails in golden version
WARNING  repair          excluding test 66 because it fails in golden version
WARNING  repair          excluding test 67 because it fails in golden version
WARNING  repair          excluding test 68 because it fails in golden version
WARNING  repair          excluding test 69 because it fails in golden version
WARNING  repair          excluding test 70 because it fails in golden version
WARNING  repair          excluding test 71 because it fails in golden version
WARNING  repair          excluding test 72 because it fails in golden version
WARNING  repair          excluding test 73 because it fails in golden version
WARNING  repair          excluding test 74 because it fails in golden version
WARNING  repair          excluding test 75 because it fails in golden version
WARNING  repair          excluding test 76 because it fails in golden version
WARNING  repair          excluding test 77 because it fails in golden version
WARNING  repair          excluding test 78 because it fails in golden version
WARNING  repair          excluding test 79 because it fails in golden version
WARNING  repair          excluding test 80 because it fails in golden version
WARNING  repair          excluding test 81 because it fails in golden version
WARNING  repair          excluding test 82 because it fails in golden version
WARNING  repair          excluding test 85 because it fails in golden version
WARNING  repair          excluding test 86 because it fails in golden version
WARNING  repair          excluding test 87 because it fails in golden version
WARNING  repair          excluding test 89 because it fails in golden version
WARNING  repair          excluding test 92 because it fails in golden version
WARNING  repair          excluding test 93 because it fails in golden version
WARNING  repair          excluding test 94 because it fails in golden version
WARNING  repair          excluding test 95 because it fails in golden version
WARNING  repair          excluding test 96 because it fails in golden version
WARNING  repair          excluding test 97 because it fails in golden version
WARNING  repair          excluding test 98 because it fails in golden version
WARNING  repair          excluding test 99 because it fails in golden version
WARNING  repair          excluding test 100 because it fails in golden version
WARNING  repair          excluding test 101 because it fails in golden version
WARNING  repair          excluding test 102 because it fails in golden version
WARNING  repair          excluding test 103 because it fails in golden version
WARNING  repair          excluding test 104 because it fails in golden version
WARNING  repair          excluding test 105 because it fails in golden version
WARNING  repair          excluding test 106 because it fails in golden version
WARNING  repair          excluding test 107 because it fails in golden version
WARNING  repair          excluding test 108 because it fails in golden version
WARNING  repair          excluding test 109 because it fails in golden version
WARNING  repair          excluding test 110 because it fails in golden version
WARNING  repair          excluding test 111 because it fails in golden version
WARNING  repair          excluding test 112 because it fails in golden version
WARNING  repair          excluding test 113 because it fails in golden version
WARNING  repair          excluding test 114 because it fails in golden version
WARNING  repair          excluding test 115 because it fails in golden version
WARNING  repair          excluding test 116 because it fails in golden version
WARNING  repair          excluding test 118 because it fails in golden version
WARNING  repair          excluding test 119 because it fails in golden version
WARNING  repair          excluding test 120 because it fails in golden version
WARNING  repair          excluding test 121 because it fails in golden version
WARNING  repair          excluding test 123 because it fails in golden version
WARNING  repair          excluding test 126 because it fails in golden version
WARNING  repair          excluding test 127 because it fails in golden version
WARNING  repair          excluding test 128 because it fails in golden version
WARNING  repair          excluding test 129 because it fails in golden version
WARNING  repair          excluding test 130 because it fails in golden version
WARNING  repair          excluding test 131 because it fails in golden version
WARNING  repair          excluding test 132 because it fails in golden version
WARNING  repair          excluding test 133 because it fails in golden version
WARNING  repair          excluding test 134 because it fails in golden version
WARNING  repair          excluding test 135 because it fails in golden version
WARNING  repair          excluding test 136 because it fails in golden version
WARNING  repair          excluding test 137 because it fails in golden version
WARNING  repair          excluding test 138 because it fails in golden version
WARNING  repair          excluding test 139 because it fails in golden version
WARNING  repair          excluding test 140 because it fails in golden version
WARNING  repair          excluding test 141 because it fails in golden version
WARNING  repair          excluding test 142 because it fails in golden version
WARNING  repair          excluding test 143 because it fails in golden version
WARNING  repair          excluding test 144 because it fails in golden version
WARNING  repair          excluding test 145 because it fails in golden version
WARNING  repair          excluding test 146 because it fails in golden version
INFO     repair          positive: ['1', '4', '5', '6', '8', '11', '44', '54', '64', '83', '84', '88', '90', '91', '117', '122', '124', '125']
INFO     repair          negative: ['19']
INFO     project         configuring frontend source
INFO     transformation  instrumenting repairable of frontend source
WARNING  transformation  transformation of .angelix/frontend failed
INFO     project         building frontend source
INFO     repair          running positive tests for debugging
INFO     testing         running test '1' of frontend source
INFO     testing         output code: 0
INFO     testing         running test '4' of frontend source
INFO     testing         output code: 0
INFO     testing         running test '5' of frontend source
INFO     testing         output code: 0
INFO     testing         running test '6' of frontend source
INFO     testing         output code: 0
INFO     testing         running test '8' of frontend source
INFO     testing         output code: 0
INFO     testing         running test '11' of frontend source
INFO     testing         output code: 0
INFO     testing         running test '44' of frontend source
INFO     testing         output code: 0
INFO     testing         running test '54' of frontend source
INFO     testing         output code: 0
INFO     testing         running test '64' of frontend source
INFO     testing         output code: 0
INFO     testing         running test '83' of frontend source
INFO     testing         output code: 0
INFO     testing         running test '84' of frontend source
INFO     testing         output code: 0
INFO     testing         running test '88' of frontend source
INFO     testing         output code: 0
INFO     testing         running test '90' of frontend source
INFO     testing         output code: 0
INFO     testing         running test '91' of frontend source
INFO     testing         output code: 0
INFO     testing         running test '117' of frontend source
INFO     testing         output code: 0
INFO     testing         running test '122' of frontend source
INFO     testing         output code: 0
INFO     testing         running test '124' of frontend source
INFO     testing         output code: 0
INFO     testing         running test '125' of frontend source
INFO     testing         output code: 0
INFO     repair          running negative tests for debugging
INFO     testing         running test '19' of frontend source
INFO     testing         output code: 1
INFO     project         configuring golden source
INFO     project         building golden source
INFO     testing         running test '19' of golden source
INFO     testing         output code: 0
INFO     repair          repair test suite: ['1', '4', '5', '6', '8', '11', '19', '44', '54', '64', '83', '84', '88', '90', '91', '117', '122', '124', '125']
INFO     repair          validation test suite: ['1', '4', '5', '6', '8', '11', '19', '44', '54', '64', '83', '84', '88', '90', '91', '117', '122', '124', '125']
INFO     localization    (loc, score) = (('A', (68, 17, 68, 17)), 1.0)
INFO     localization    (loc, score) = (('A', (75, 17, 75, 17)), 1.0)
INFO     localization    (loc, score) = (('A', (57, 14, 57, 29)), 1.0)
INFO     localization    (loc, score) = (('A', (74, 14, 74, 14)), 1.0)
INFO     localization    (loc, score) = (('A', (59, 10, 59, 10)), 1.0)
INFO     localization    (loc, score) = (('A', (71, 12, 71, 12)), 1.0)
INFO     localization    group 1: [('A', (57, 14, 57, 29))] (1.0)
INFO     localization    group 2: [('A', (59, 10, 59, 10))] (1.0)
INFO     localization    group 3: [('A', (68, 17, 68, 17))] (1.0)
INFO     localization    group 4: [('A', (71, 12, 71, 12))] (1.0)
INFO     localization    group 5: [('A', (74, 14, 74, 14))] (1.0)
INFO     localization    group 6: [('A', (75, 17, 75, 17))] (1.0)
INFO     localization    selected expressions [('A', (57, 14, 57, 29))] with group score 1.0 
INFO     localization    selected expressions [('A', (59, 10, 59, 10))] with group score 1.0 
INFO     localization    selected expressions [('A', (68, 17, 68, 17))] with group score 1.0 
INFO     localization    selected expressions [('A', (71, 12, 71, 12))] with group score 1.0 
INFO     localization    selected expressions [('A', (74, 14, 74, 14))] with group score 1.0 
INFO     localization    selected expressions [('A', (75, 17, 75, 17))] with group score 1.0 
INFO     repair          considering suspicious locations [('A', (57, 14, 57, 29))]
INFO     reduction       all failing tests: ['19']
INFO     reduction       select 1 best tests from ['19']
INFO     reduction       select 0 best tests from ['1', '4', '5', '6', '8', '11', '44', '54', '64', '83', '84', '88', '90', '91', '117', '122', '124', '125']
INFO     reduction       selected 1 tests
INFO     reduction       selected passing tests: []
INFO     reduction       selected failing tests: ['19']
INFO     project         configuring backend source
INFO     transformation  instrumenting suspicious of backend source
WARNING  transformation  transformation of .angelix/backend failed
INFO     project         building backend source
INFO     sym_infer       inferring specification for test '19' through KLEE
INFO     testing         running test '19' of backend source with KLEE
INFO     testing         output code: 1
INFO     sym_infer       checking whether /angelix-experiments/.angelix/backend/klee-out-0 exists...
INFO     sym_infer       solving path .angelix/backend/klee-out-0/test000001.smt2
INFO     sym_infer       UNSAT
INFO     sym_infer       solving path .angelix/backend/klee-out-0/test000002.smt2
INFO     sym_infer       UNSAT
INFO     sym_infer       found 0 angelic paths for test '19'
INFO     repair          considering suspicious locations [('A', (59, 10, 59, 10))]
INFO     reduction       all failing tests: ['19']
INFO     reduction       select 1 best tests from ['19']
INFO     reduction       select 0 best tests from ['1', '4', '5', '6', '8', '11', '44', '54', '64', '83', '84', '88', '90', '91', '117', '122', '124', '125']
INFO     reduction       selected 1 tests
INFO     reduction       selected passing tests: []
INFO     reduction       selected failing tests: ['19']
INFO     project         configuring backend source
INFO     transformation  instrumenting suspicious of backend source
INFO     project         building backend source
INFO     sym_infer       inferring specification for test '19' through KLEE
INFO     testing         running test '19' of backend source with KLEE
INFO     testing         output code: 1
INFO     sym_infer       checking whether /angelix-experiments/.angelix/backend/klee-out-0 exists...
INFO     sym_infer       solving path .angelix/backend/klee-out-0/test000001.smt2
INFO     sym_infer       expression (59, 10, 59, 10)[0]: angelic = 0
INFO     testing         running test '19' of frontend source
INFO     testing         output code: 0
INFO     sym_infer       solving path .angelix/backend/klee-out-0/test000002.smt2
INFO     sym_infer       UNSAT
INFO     sym_infer       found 1 angelic paths for test '19'
INFO     synthesis       synthesizing patch with component level 'variables'
INFO     synthesis       use nsynth
INFO     synthesis       fixing expression (59, 10, 59, 10): (1 != 0) ---> (bsize != 0)
INFO     repair          candidate fix synthesized
INFO     transformation  applying patch to validation source
INFO     project         building validation source
INFO     testing         running test '1' of validation source
INFO     testing         output code: 0
INFO     testing         running test '4' of validation source
INFO     testing         output code: 0
INFO     testing         running test '5' of validation source
INFO     testing         output code: 0
INFO     testing         running test '6' of validation source
INFO     testing         output code: 0
INFO     testing         running test '8' of validation source
INFO     testing         output code: 0
INFO     testing         running test '11' of validation source
INFO     testing         output code: 0
INFO     testing         running test '19' of validation source
INFO     testing         output code: 0
INFO     testing         running test '44' of validation source
INFO     testing         output code: 0
INFO     testing         running test '54' of validation source
INFO     testing         output code: 0
INFO     testing         running test '64' of validation source
INFO     testing         output code: 0
INFO     testing         running test '83' of validation source
INFO     testing         output code: 0
INFO     testing         running test '84' of validation source
INFO     testing         output code: 0
INFO     testing         running test '88' of validation source
INFO     testing         output code: 0
INFO     testing         running test '90' of validation source
INFO     testing         output code: 0
INFO     testing         running test '91' of validation source
INFO     testing         output code: 0
INFO     testing         running test '117' of validation source
INFO     testing         output code: 0
INFO     testing         running test '122' of validation source
INFO     testing         output code: 0
INFO     testing         running test '124' of validation source
INFO     testing         output code: 0
INFO     testing         running test '125' of validation source
INFO     testing         output code: 0
INFO     repair          patch successfully generated in 14m 48s (see gmp-2021-Oct21-225324.patch)
SUCCESS
