[repair] benchmark: manybugs
[repair] subject: libtiff
[repair] version: 2007-08-24-827b6bc-22da1d6
[repair] search: guided
[repair] ./fetch libtiff manybugs 2007-08-24-827b6bc-22da1d6
[fetch] benchmark: manybugs
[fetch] subject: libtiff
[fetch] version: 2007-08-24-827b6bc-22da1d6
[fetch] archive: libtiff-bug-2007-08-24-827b6bc-22da1d6.tar.gz
[fetch] directory: libtiff-bug-2007-08-24-827b6bc-22da1d6
--2020-04-05 13:00:28--  https://repairbenchmarks.cs.umass.edu/ManyBugs/scenarios//libtiff-bug-2007-08-24-827b6bc-22da1d6.tar.gz
Resolving repairbenchmarks.cs.umass.edu (repairbenchmarks.cs.umass.edu)... 128.119.240.19
Connecting to repairbenchmarks.cs.umass.edu (repairbenchmarks.cs.umass.edu)|128.119.240.19|:443... connected.
HTTP request sent, awaiting response... 200 OK
Length: 14415765 (14M) [application/x-gzip]
Saving to: ‘cache/libtiff-bug-2007-08-24-827b6bc-22da1d6.tar.gz’

     0K .......... .......... .......... .......... ..........  0%  130K 1m48s
    50K .......... .......... .......... .......... ..........  0%  261K 80s
   100K .......... .......... .......... .......... ..........  1% 60.4M 54s
   150K .......... .......... .......... .......... ..........  1%  263K 53s
   200K .......... .......... .......... .......... ..........  1% 45.1M 42s
   250K .......... .......... .......... .......... ..........  2% 53.7M 35s
   300K .......... .......... .......... .......... ..........  2% 75.4M 30s
   350K .......... .......... .......... .......... ..........  2% 1.18M 28s
   400K .......... .......... .......... .......... ..........  3%  336K 29s
   450K .......... .......... .......... .......... ..........  3% 67.8M 26s
   500K .......... .......... .......... .......... ..........  3% 69.6M 24s
   550K .......... .......... .......... .......... ..........  4% 46.8M 22s
   600K .......... .......... .......... .......... ..........  4% 58.3M 20s
   650K .......... .......... .......... .......... ..........  4% 76.5M 18s
   700K .......... .......... .......... .......... ..........  5% 54.1M 17s
   750K .......... .......... .......... .......... ..........  5% 1.29M 17s
   800K .......... .......... .......... .......... ..........  6%  336K 18s
   850K .......... .......... .......... .......... ..........  6% 44.6M 17s
   900K .......... .......... .......... .......... ..........  6% 70.8M 16s
   950K .......... .......... .......... .......... ..........  7% 57.9M 15s
  1000K .......... .......... .......... .......... ..........  7% 71.4M 14s
  1050K .......... .......... .......... .......... ..........  7% 49.6M 14s
  1100K .......... .......... .......... .......... ..........  8% 68.1M 13s
  1150K .......... .......... .......... .......... ..........  8% 49.6M 12s
  1200K .......... .......... .......... .......... ..........  8% 59.3M 12s
  1250K .......... .......... .......... .......... ..........  9% 41.5M 11s
  1300K .......... .......... .......... .......... ..........  9% 51.2M 11s
  1350K .......... .......... .......... .......... ..........  9% 68.6M 11s
  1400K .......... .......... .......... .......... .......... 10% 75.1M 10s
  1450K .......... .......... .......... .......... .......... 10% 50.5M 10s
  1500K .......... .......... .......... .......... .......... 11% 60.1M 9s
  1550K .......... .......... .......... .......... .......... 11% 1.59M 9s
  1600K .......... .......... .......... .......... .......... 11% 33.6M 9s
  1650K .......... .......... .......... .......... .......... 12%  340K 10s
  1700K .......... .......... .......... .......... .......... 12% 74.6M 9s
  1750K .......... .......... .......... .......... .......... 12% 76.1M 9s
  1800K .......... .......... .......... .......... .......... 13% 43.8M 9s
  1850K .......... .......... .......... .......... .......... 13% 69.0M 9s
  1900K .......... .......... .......... .......... .......... 13%  102M 8s
  1950K .......... .......... .......... .......... .......... 14% 55.8M 8s
  2000K .......... .......... .......... .......... .......... 14% 42.0M 8s
  2050K .......... .......... .......... .......... .......... 14% 53.0M 8s
  2100K .......... .......... .......... .......... .......... 15% 57.4M 7s
  2150K .......... .......... .......... .......... .......... 15% 51.9M 7s
  2200K .......... .......... .......... .......... .......... 15% 54.6M 7s
  2250K .......... .......... .......... .......... .......... 16% 48.6M 7s
  2300K .......... .......... .......... .......... .......... 16% 95.0M 7s
  2350K .......... .......... .......... .......... .......... 17% 63.8M 7s
  2400K .......... .......... .......... .......... .......... 17% 51.5M 6s
  2450K .......... .......... .......... .......... .......... 17% 49.1M 6s
  2500K .......... .......... .......... .......... .......... 18% 58.4M 6s
  2550K .......... .......... .......... .......... .......... 18% 30.0M 6s
  2600K .......... .......... .......... .......... .......... 18%  101M 6s
  2650K .......... .......... .......... .......... .......... 19%  112M 6s
  2700K .......... .......... .......... .......... .......... 19% 85.8M 6s
  2750K .......... .......... .......... .......... .......... 19% 28.1M 5s
  2800K .......... .......... .......... .......... .......... 20% 90.2M 5s
  2850K .......... .......... .......... .......... .......... 20% 75.0M 5s
  2900K .......... .......... .......... .......... .......... 20% 29.5M 5s
  2950K .......... .......... .......... .......... .......... 21% 97.5M 5s
  3000K .......... .......... .......... .......... .......... 21% 95.8M 5s
  3050K .......... .......... .......... .......... .......... 22%  106M 5s
  3100K .......... .......... .......... .......... .......... 22% 25.1M 5s
  3150K .......... .......... .......... .......... .......... 22% 2.77M 5s
  3200K .......... .......... .......... .......... .......... 23% 65.9M 5s
  3250K .......... .......... .......... .......... .......... 23% 67.6M 5s
  3300K .......... .......... .......... .......... .......... 23% 55.2M 4s
  3350K .......... .......... .......... .......... .......... 24%  341K 5s
  3400K .......... .......... .......... .......... .......... 24% 64.0M 5s
  3450K .......... .......... .......... .......... .......... 24% 54.2M 5s
  3500K .......... .......... .......... .......... .......... 25% 58.4M 5s
  3550K .......... .......... .......... .......... .......... 25% 69.2M 4s
  3600K .......... .......... .......... .......... .......... 25% 44.9M 4s
  3650K .......... .......... .......... .......... .......... 26% 58.7M 4s
  3700K .......... .......... .......... .......... .......... 26% 55.7M 4s
  3750K .......... .......... .......... .......... .......... 26% 81.8M 4s
  3800K .......... .......... .......... .......... .......... 27% 44.1M 4s
  3850K .......... .......... .......... .......... .......... 27% 64.8M 4s
  3900K .......... .......... .......... .......... .......... 28% 53.2M 4s
  3950K .......... .......... .......... .......... .......... 28% 56.3M 4s
  4000K .......... .......... .......... .......... .......... 28% 55.8M 4s
  4050K .......... .......... .......... .......... .......... 29% 37.9M 4s
  4100K .......... .......... .......... .......... .......... 29% 72.8M 4s
  4150K .......... .......... .......... .......... .......... 29% 86.1M 4s
  4200K .......... .......... .......... .......... .......... 30% 66.8M 4s
  4250K .......... .......... .......... .......... .......... 30% 50.0M 4s
  4300K .......... .......... .......... .......... .......... 30% 58.0M 3s
  4350K .......... .......... .......... .......... .......... 31% 99.6M 3s
  4400K .......... .......... .......... .......... .......... 31% 29.3M 3s
  4450K .......... .......... .......... .......... .......... 31% 94.4M 3s
  4500K .......... .......... .......... .......... .......... 32% 82.7M 3s
  4550K .......... .......... .......... .......... .......... 32% 55.4M 3s
  4600K .......... .......... .......... .......... .......... 33% 47.1M 3s
  4650K .......... .......... .......... .......... .......... 33% 60.9M 3s
  4700K .......... .......... .......... .......... .......... 33% 51.0M 3s
  4750K .......... .......... .......... .......... .......... 34% 87.9M 3s
  4800K .......... .......... .......... .......... .......... 34% 35.2M 3s
  4850K .......... .......... .......... .......... .......... 34% 97.6M 3s
  4900K .......... .......... .......... .......... .......... 35% 54.2M 3s
  4950K .......... .......... .......... .......... .......... 35% 39.8M 3s
  5000K .......... .......... .......... .......... .......... 35% 39.6M 3s
  5050K .......... .......... .......... .......... .......... 36% 26.9M 3s
  5100K .......... .......... .......... .......... .......... 36% 28.1M 3s
  5150K .......... .......... .......... .......... .......... 36% 25.8M 3s
  5200K .......... .......... .......... .......... .......... 37% 20.5M 3s
  5250K .......... .......... .......... .......... .......... 37% 26.0M 3s
  5300K .......... .......... .......... .......... .......... 38% 26.2M 3s
  5350K .......... .......... .......... .......... .......... 38% 26.0M 3s
  5400K .......... .......... .......... .......... .......... 38% 23.2M 2s
  5450K .......... .......... .......... .......... .......... 39% 24.6M 2s
  5500K .......... .......... .......... .......... .......... 39% 32.9M 2s
  5550K .......... .......... .......... .......... .......... 39% 26.4M 2s
  5600K .......... .......... .......... .......... .......... 40% 20.0M 2s
  5650K .......... .......... .......... .......... .......... 40% 26.1M 2s
  5700K .......... .......... .......... .......... .......... 40% 24.4M 2s
  5750K .......... .......... .......... .......... .......... 41% 30.6M 2s
  5800K .......... .......... .......... .......... .......... 41% 21.1M 2s
  5850K .......... .......... .......... .......... .......... 41% 31.6M 2s
  5900K .......... .......... .......... .......... .......... 42% 26.7M 2s
  5950K .......... .......... .......... .......... .......... 42% 24.4M 2s
  6000K .......... .......... .......... .......... .......... 42% 21.3M 2s
  6050K .......... .......... .......... .......... .......... 43% 27.1M 2s
  6100K .......... .......... .......... .......... .......... 43% 27.5M 2s
  6150K .......... .......... .......... .......... .......... 44% 26.4M 2s
  6200K .......... .......... .......... .......... .......... 44% 23.9M 2s
  6250K .......... .......... .......... .......... .......... 44% 25.9M 2s
  6300K .......... .......... .......... .......... .......... 45% 28.3M 2s
  6350K .......... .......... .......... .......... .......... 45% 27.6M 2s
  6400K .......... .......... .......... .......... .......... 45%  446K 2s
  6450K .......... .......... .......... .......... .......... 46% 53.8M 2s
  6500K .......... .......... .......... .......... .......... 46% 70.5M 2s
  6550K .......... .......... .......... .......... .......... 46% 31.1M 2s
  6600K .......... .......... .......... .......... .......... 47% 43.2M 2s
  6650K .......... .......... .......... .......... .......... 47% 51.3M 2s
  6700K .......... .......... .......... .......... .......... 47% 43.0M 2s
  6750K .......... .......... .......... .......... .......... 48% 46.2M 2s
  6800K .......... .......... .......... .......... .......... 48% 36.7M 2s
  6850K .......... .......... .......... .......... .......... 49% 78.1M 2s
  6900K .......... .......... .......... .......... .......... 49% 70.7M 2s
  6950K .......... .......... .......... .......... .......... 49% 67.5M 2s
  7000K .......... .......... .......... .......... .......... 50% 43.7M 2s
  7050K .......... .......... .......... .......... .......... 50% 71.9M 2s
  7100K .......... .......... .......... .......... .......... 50% 94.5M 2s
  7150K .......... .......... .......... .......... .......... 51% 51.8M 2s
  7200K .......... .......... .......... .......... .......... 51% 48.2M 2s
  7250K .......... .......... .......... .......... .......... 51% 51.1M 2s
  7300K .......... .......... .......... .......... .......... 52% 6.81M 2s
  7350K .......... .......... .......... .......... .......... 52% 67.4M 2s
  7400K .......... .......... .......... .......... .......... 52% 15.2M 2s
  7450K .......... .......... .......... .......... .......... 53% 77.1M 2s
  7500K .......... .......... .......... .......... .......... 53% 57.0M 2s
  7550K .......... .......... .......... .......... .......... 53% 48.4M 1s
  7600K .......... .......... .......... .......... .......... 54% 19.2M 1s
  7650K .......... .......... .......... .......... .......... 54% 30.0M 1s
  7700K .......... .......... .......... .......... .......... 55% 25.0M 1s
  7750K .......... .......... .......... .......... .......... 55% 26.9M 1s
  7800K .......... .......... .......... .......... .......... 55% 27.5M 1s
  7850K .......... .......... .......... .......... .......... 56% 25.7M 1s
  7900K .......... .......... .......... .......... .......... 56% 27.0M 1s
  7950K .......... .......... .......... .......... .......... 56% 25.0M 1s
  8000K .......... .......... .......... .......... .......... 57% 21.2M 1s
  8050K .......... .......... .......... .......... .......... 57% 24.4M 1s
  8100K .......... .......... .......... .......... .......... 57% 28.8M 1s
  8150K .......... .......... .......... .......... .......... 58% 23.1M 1s
  8200K .......... .......... .......... .......... .......... 58% 24.4M 1s
  8250K .......... .......... .......... .......... .......... 58% 25.3M 1s
  8300K .......... .......... .......... .......... .......... 59% 28.1M 1s
  8350K .......... .......... .......... .......... .......... 59% 27.3M 1s
  8400K .......... .......... .......... .......... .......... 60% 19.8M 1s
  8450K .......... .......... .......... .......... .......... 60% 28.2M 1s
  8500K .......... .......... .......... .......... .......... 60% 23.8M 1s
  8550K .......... .......... .......... .......... .......... 61% 28.6M 1s
  8600K .......... .......... .......... .......... .......... 61% 26.2M 1s
  8650K .......... .......... .......... .......... .......... 61% 24.7M 1s
  8700K .......... .......... .......... .......... .......... 62% 26.6M 1s
  8750K .......... .......... .......... .......... .......... 62% 30.0M 1s
  8800K .......... .......... .......... .......... .......... 62% 18.8M 1s
  8850K .......... .......... .......... .......... .......... 63% 27.8M 1s
  8900K .......... .......... .......... .......... .......... 63% 27.3M 1s
  8950K .......... .......... .......... .......... .......... 63% 24.7M 1s
  9000K .......... .......... .......... .......... .......... 64% 27.5M 1s
  9050K .......... .......... .......... .......... .......... 64% 24.6M 1s
  9100K .......... .......... .......... .......... .......... 64% 27.5M 1s
  9150K .......... .......... .......... .......... .......... 65% 25.6M 1s
  9200K .......... .......... .......... .......... .......... 65% 21.6M 1s
  9250K .......... .......... .......... .......... .......... 66% 24.5M 1s
  9300K .......... .......... .......... .......... .......... 66% 29.6M 1s
  9350K .......... .......... .......... .......... .......... 66% 25.4M 1s
  9400K .......... .......... .......... .......... .......... 67% 26.1M 1s
  9450K .......... .......... .......... .......... .......... 67% 17.7M 1s
  9500K .......... .......... .......... .......... .......... 67%  559K 1s
  9550K .......... .......... .......... .......... .......... 68% 45.5M 1s
  9600K .......... .......... .......... .......... .......... 68% 22.1M 1s
  9650K .......... .......... .......... .......... .......... 68% 53.8M 1s
  9700K .......... .......... .......... .......... .......... 69% 71.8M 1s
  9750K .......... .......... .......... .......... .......... 69% 55.5M 1s
  9800K .......... .......... .......... .......... .......... 69% 31.7M 1s
  9850K .......... .......... .......... .......... .......... 70% 56.3M 1s
  9900K .......... .......... .......... .......... .......... 70% 67.2M 1s
  9950K .......... .......... .......... .......... .......... 71% 50.6M 1s
 10000K .......... .......... .......... .......... .......... 71% 58.7M 1s
 10050K .......... .......... .......... .......... .......... 71% 46.6M 1s
 10100K .......... .......... .......... .......... .......... 72% 57.3M 1s
 10150K .......... .......... .......... .......... .......... 72% 44.6M 1s
 10200K .......... .......... .......... .......... .......... 72% 52.7M 1s
 10250K .......... .......... .......... .......... .......... 73% 55.5M 1s
 10300K .......... .......... .......... .......... .......... 73% 7.91M 1s
 10350K .......... .......... .......... .......... .......... 73% 3.51M 1s
 10400K .......... .......... .......... .......... .......... 74% 62.5M 1s
 10450K .......... .......... .......... .......... .......... 74% 41.7M 1s
 10500K .......... .......... .......... .......... .......... 74% 24.4M 1s
 10550K .......... .......... .......... .......... .......... 75% 27.3M 1s
 10600K .......... .......... .......... .......... .......... 75% 28.3M 1s
 10650K .......... .......... .......... .......... .......... 76% 24.0M 1s
 10700K .......... .......... .......... .......... .......... 76% 25.8M 1s
 10750K .......... .......... .......... .......... .......... 76% 28.0M 1s
 10800K .......... .......... .......... .......... .......... 77% 19.6M 1s
 10850K .......... .......... .......... .......... .......... 77% 23.1M 1s
 10900K .......... .......... .......... .......... .......... 77% 31.4M 1s
 10950K .......... .......... .......... .......... .......... 78% 26.4M 1s
 11000K .......... .......... .......... .......... .......... 78% 23.5M 1s
 11050K .......... .......... .......... .......... .......... 78% 31.0M 1s
 11100K .......... .......... .......... .......... .......... 79% 20.4M 1s
 11150K .......... .......... .......... .......... .......... 79% 40.2M 1s
 11200K .......... .......... .......... .......... .......... 79% 19.5M 0s
 11250K .......... .......... .......... .......... .......... 80% 26.3M 0s
 11300K .......... .......... .......... .......... .......... 80% 24.7M 0s
 11350K .......... .......... .......... .......... .......... 80% 27.7M 0s
 11400K .......... .......... .......... .......... .......... 81% 26.1M 0s
 11450K .......... .......... .......... .......... .......... 81% 21.9M 0s
 11500K .......... .......... .......... .......... .......... 82% 35.6M 0s
 11550K .......... .......... .......... .......... .......... 82% 24.3M 0s
 11600K .......... .......... .......... .......... .......... 82% 20.6M 0s
 11650K .......... .......... .......... .......... .......... 83% 28.4M 0s
 11700K .......... .......... .......... .......... .......... 83% 26.1M 0s
 11750K .......... .......... .......... .......... .......... 83% 24.2M 0s
 11800K .......... .......... .......... .......... .......... 84% 26.6M 0s
 11850K .......... .......... .......... .......... .......... 84% 25.7M 0s
 11900K .......... .......... .......... .......... .......... 84% 26.9M 0s
 11950K .......... .......... .......... .......... .......... 85% 25.8M 0s
 12000K .......... .......... .......... .......... .......... 85% 20.1M 0s
 12050K .......... .......... .......... .......... .......... 85% 29.7M 0s
 12100K .......... .......... .......... .......... .......... 86% 26.5M 0s
 12150K .......... .......... .......... .......... .......... 86% 25.4M 0s
 12200K .......... .......... .......... .......... .......... 87% 25.7M 0s
 12250K .......... .......... .......... .......... .......... 87% 22.7M 0s
 12300K .......... .......... .......... .......... .......... 87% 28.2M 0s
 12350K .......... .......... .......... .......... .......... 88% 24.6M 0s
 12400K .......... .......... .......... .......... .......... 88% 21.5M 0s
 12450K .......... .......... .......... .......... .......... 88% 13.3M 0s
 12500K .......... .......... .......... .......... .......... 89%  680K 0s
 12550K .......... .......... .......... .......... .......... 89% 22.9M 0s
 12600K .......... .......... .......... .......... .......... 89% 27.7M 0s
 12650K .......... .......... .......... .......... .......... 90% 53.9M 0s
 12700K .......... .......... .......... .......... .......... 90% 29.2M 0s
 12750K .......... .......... .......... .......... .......... 90% 64.3M 0s
 12800K .......... .......... .......... .......... .......... 91% 43.9M 0s
 12850K .......... .......... .......... .......... .......... 91% 25.4M 0s
 12900K .......... .......... .......... .......... .......... 91% 55.0M 0s
 12950K .......... .......... .......... .......... .......... 92% 45.8M 0s
 13000K .......... .......... .......... .......... .......... 92% 73.8M 0s
 13050K .......... .......... .......... .......... .......... 93% 46.0M 0s
 13100K .......... .......... .......... .......... .......... 93% 29.0M 0s
 13150K .......... .......... .......... .......... .......... 93% 48.1M 0s
 13200K .......... .......... .......... .......... .......... 94% 47.6M 0s
 13250K .......... .......... .......... .......... .......... 94% 65.8M 0s
 13300K .......... .......... .......... .......... .......... 94% 55.1M 0s
 13350K .......... .......... .......... .......... .......... 95% 9.92M 0s
 13400K .......... .......... .......... .......... .......... 95% 3.66M 0s
 13450K .......... .......... .......... .......... .......... 95% 3.02M 0s
 13500K .......... .......... .......... .......... .......... 96% 56.0M 0s
 13550K .......... .......... .......... .......... .......... 96% 76.0M 0s
 13600K .......... .......... .......... .......... .......... 96% 20.1M 0s
 13650K .......... .......... .......... .......... .......... 97% 27.9M 0s
 13700K .......... .......... .......... .......... .......... 97% 23.2M 0s
 13750K .......... .......... .......... .......... .......... 98% 26.3M 0s
 13800K .......... .......... .......... .......... .......... 98% 24.7M 0s
 13850K .......... .......... .......... .......... .......... 98% 24.9M 0s
 13900K .......... .......... .......... .......... .......... 99% 28.1M 0s
 13950K .......... .......... .......... .......... .......... 99% 26.0M 0s
 14000K .......... .......... .......... .......... .......... 99% 20.0M 0s
 14050K .......... .......... .......                         100% 49.2M=2.2s

2020-04-05 13:00:32 (6.29 MB/s) - ‘cache/libtiff-bug-2007-08-24-827b6bc-22da1d6.tar.gz’ saved [14415765/14415765]

[fetch] preparing source code
[fetch] golden_directory: libtiff-fix-2007-08-24-827b6bc-22da1d6
[fetch] clean-source libtiff-bug-2007-08-24-827b6bc-22da1d6
[fetch] /angelix-experiments/libtiff-bug-2007-08-24-827b6bc-22da1d6/libtiff/configure
[fetch] make -j 72 clean
[fetch] clean-source libtiff-fix-2007-08-24-827b6bc-22da1d6
[fetch] restore-buggy libtiff-bug-2007-08-24-827b6bc-22da1d6
[fetch] /angelix-experiments/libtiff-fix-2007-08-24-827b6bc-22da1d6/libtiff/configure
[fetch] make -j 72 clean
[fetch] restore-buggy entered
[fetch] buggy: libtiff/tif_dirinfo.c
[fetch] buggy_version: 827b6bc
[fetch] buggy_preprocessed: libtiff-bug-2007-08-24-827b6bc-22da1d6/libtiff/libtiff/tif_dirinfo.c
[fetch] buggy_original: libtiff-bug-2007-08-24-827b6bc-22da1d6/diffs/libtiff/tif_dirinfo.c-827b6bc
[fetch] cp libtiff-bug-2007-08-24-827b6bc-22da1d6/diffs/libtiff/tif_dirinfo.c-827b6bc libtiff-bug-2007-08-24-827b6bc-22da1d6/libtiff/libtiff/tif_dirinfo.c
[fetch] restore-correct libtiff-fix-2007-08-24-827b6bc-22da1d6
[fetch] restore-correct entered
[fetch] cp libtiff-fix-2007-08-24-827b6bc-22da1d6/diffs/libtiff/tif_dirinfo.c-22da1d6 libtiff-fix-2007-08-24-827b6bc-22da1d6/libtiff/libtiff/tif_dirinfo.c
[fetch] restored libtiff-fix-2007-08-24-827b6bc-22da1d6/libtiff/libtiff/tif_dirinfo.c with libtiff-fix-2007-08-24-827b6bc-22da1d6/diffs/libtiff/tif_dirinfo.c-22da1d6
[fetch] fetch done
[repair] [repair] options: --guided --angelic-search-strategy
guided
--test-timeout
60
--search-max-trials
100
--max-same-cost-iter
20
--one-bit-flip-prob
0.5
--penalty1
4
--penalty2
2
--default-max-cost
300000000
--default-non-zero-cost
300000000
--error-cost
10000000
--warning-cost
5000000
--mcmc-beta
0.8
--suspicious
30  --all-suspicious --timeout 14400 --show-suspicious-locations --group-size 1 --defect if-conditions loop-conditions
[repair-libtiff] options:  --angelic-search-strategy guided --test-timeout 60 --search-max-trials 100 --max-same-cost-iter 20 --one-bit-flip-prob 0.5 --penalty1 4 --penalty2 2 --default-max-cost 300000000 --default-non-zero-cost 300000000 --error-cost 10000000 --warning-cost 5000000 --mcmc-beta 0.8 --suspicious 30 --all-suspicious --timeout 14400 --show-suspicious-locations --group-size 1 --defect if-conditions loop-conditions
[repair-libtiff] instrument libtiff-bug-2007-08-24-827b6bc-22da1d6/libtiff/test/Makefile.in
[repair-libtiff] instrument libtiff-bug-2007-08-24-827b6bc-22da1d6/libtiff/tools/tiff2pdf.c
[repair-libtiff] instrument libtiff-bug-2007-08-24-827b6bc-22da1d6/libtiff/tools/tiff2pdf.c
[repair-libtiff] instrument libtiff-bug-2007-08-24-827b6bc-22da1d6/libtiff/tools/tiff2pdf.c
[repair-libtiff] instrument libtiff-bug-2007-08-24-827b6bc-22da1d6/libtiff/tools/tiff2pdf.c
[repair-libtiff] instrument libtiff-bug-2007-08-24-827b6bc-22da1d6/libtiff/libtiff/tif_error.c
[repair-libtiff] instrument libtiff-bug-2007-08-24-827b6bc-22da1d6/libtiff/libtiff/tif_error.c
[repair-libtiff] instrument libtiff-fix-2007-08-24-827b6bc-22da1d6/libtiff/test/Makefile.in
[repair-libtiff] instrument libtiff-fix-2007-08-24-827b6bc-22da1d6/libtiff/tools/tiff2pdf.c
[repair-libtiff] instrument libtiff-fix-2007-08-24-827b6bc-22da1d6/libtiff/tools/tiff2pdf.c
[repair-libtiff] instrument libtiff-fix-2007-08-24-827b6bc-22da1d6/libtiff/tools/tiff2pdf.c
[repair-libtiff] instrument libtiff-fix-2007-08-24-827b6bc-22da1d6/libtiff/tools/tiff2pdf.c
[repair-libtiff] instrument libtiff-fix-2007-08-24-827b6bc-22da1d6/libtiff/libtiff/tif_error.c
[repair-libtiff] instrument libtiff-fix-2007-08-24-827b6bc-22da1d6/libtiff/libtiff/tif_error.c
[repair-libtiff] the assert option not used
INFO     repair          copy libtiff-bug-2007-08-24-827b6bc-22da1d6/libtiff to /angelix-experiments/.angelix/validation
INFO     project         configuring validation source
INFO     project         building json compilation database from validation source
INFO     testing         running test '1' of validation source
INFO     testing         output code: 0
INFO     testing         running test '2' of validation source
INFO     testing         output code: 0
INFO     testing         running test '3' of validation source
INFO     testing         output code: 1
INFO     testing         running test '4' of validation source
INFO     testing         output code: 0
INFO     testing         running test '5' of validation source
INFO     testing         output code: 1
INFO     testing         running test '6' of validation source
INFO     testing         output code: 0
INFO     testing         running test '7' of validation source
INFO     testing         output code: 0
INFO     testing         running test '8' of validation source
INFO     testing         output code: 0
INFO     testing         running test '9' of validation source
INFO     testing         output code: 0
INFO     testing         running test '10' of validation source
INFO     testing         output code: 0
INFO     testing         running test '11' of validation source
INFO     testing         output code: 0
INFO     testing         running test '12' of validation source
INFO     testing         output code: 0
INFO     testing         running test '13' of validation source
INFO     testing         output code: 0
INFO     testing         running test '14' of validation source
INFO     testing         output code: 0
INFO     testing         running test '15' of validation source
INFO     testing         output code: 0
INFO     testing         running test '16' of validation source
INFO     testing         output code: 0
INFO     testing         running test '17' of validation source
INFO     testing         output code: 0
INFO     testing         running test '18' of validation source
INFO     testing         output code: 1
INFO     testing         running test '19' of validation source
INFO     testing         output code: 1
INFO     testing         running test '20' of validation source
INFO     testing         output code: 0
INFO     testing         running test '21' of validation source
INFO     testing         output code: 0
INFO     testing         running test '22' of validation source
INFO     testing         output code: 1
INFO     testing         running test '23' of validation source
INFO     testing         output code: 1
INFO     testing         running test '24' of validation source
INFO     testing         output code: 0
INFO     testing         running test '25' of validation source
INFO     testing         output code: 0
INFO     testing         running test '26' of validation source
INFO     testing         output code: 0
INFO     testing         running test '27' of validation source
INFO     testing         output code: 0
INFO     testing         running test '28' of validation source
INFO     testing         output code: 1
INFO     testing         running test '29' of validation source
INFO     testing         output code: 1
INFO     testing         running test '30' of validation source
INFO     testing         output code: 1
INFO     testing         running test '31' of validation source
INFO     testing         output code: 1
INFO     testing         running test '32' of validation source
INFO     testing         output code: 1
INFO     testing         running test '33' of validation source
INFO     testing         output code: 1
INFO     testing         running test '34' of validation source
INFO     testing         output code: 1
INFO     testing         running test '35' of validation source
INFO     testing         output code: 1
INFO     testing         running test '36' of validation source
INFO     testing         output code: 1
INFO     testing         running test '37' of validation source
INFO     testing         output code: 1
INFO     testing         running test '38' of validation source
INFO     testing         output code: 1
INFO     testing         running test '39' of validation source
INFO     testing         output code: 0
INFO     testing         running test '40' of validation source
INFO     testing         output code: 0
INFO     testing         running test '41' of validation source
INFO     testing         output code: 0
INFO     testing         running test '42' of validation source
INFO     testing         output code: 1
INFO     testing         running test '43' of validation source
INFO     testing         output code: 0
INFO     testing         running test '44' of validation source
INFO     testing         output code: 0
INFO     testing         running test '45' of validation source
INFO     testing         output code: 0
INFO     testing         running test '46' of validation source
INFO     testing         output code: 0
INFO     testing         running test '47' of validation source
INFO     testing         output code: 0
INFO     testing         running test '48' of validation source
INFO     testing         output code: 0
INFO     testing         running test '49' of validation source
INFO     testing         output code: 0
INFO     testing         running test '50' of validation source
INFO     testing         output code: 0
INFO     testing         running test '51' of validation source
INFO     testing         output code: 0
INFO     testing         running test '52' of validation source
INFO     testing         output code: 1
INFO     testing         running test '53' of validation source
INFO     testing         output code: 0
INFO     testing         running test '54' of validation source
INFO     testing         output code: 0
INFO     testing         running test '55' of validation source
INFO     testing         output code: 0
INFO     testing         running test '56' of validation source
INFO     testing         output code: 0
INFO     testing         running test '57' of validation source
INFO     testing         output code: 0
INFO     testing         running test '58' of validation source
INFO     testing         output code: 0
INFO     testing         running test '59' of validation source
INFO     testing         output code: 0
INFO     testing         running test '60' of validation source
INFO     testing         output code: 0
INFO     testing         running test '61' of validation source
INFO     testing         output code: 0
INFO     testing         running test '62' of validation source
INFO     testing         output code: 1
INFO     testing         running test '63' of validation source
INFO     testing         output code: 0
INFO     testing         running test '64' of validation source
INFO     testing         output code: 0
INFO     testing         running test '65' of validation source
INFO     testing         output code: 0
INFO     testing         running test '66' of validation source
INFO     testing         output code: 0
INFO     testing         running test '67' of validation source
INFO     testing         output code: 0
INFO     testing         running test '68' of validation source
INFO     testing         output code: 0
INFO     testing         running test '69' of validation source
INFO     testing         output code: 0
INFO     testing         running test '70' of validation source
INFO     testing         output code: 0
INFO     testing         running test '71' of validation source
INFO     testing         output code: 0
INFO     testing         running test '72' of validation source
INFO     testing         output code: 0
INFO     testing         running test '73' of validation source
INFO     testing         output code: 0
INFO     testing         running test '74' of validation source
INFO     testing         output code: 0
INFO     testing         running test '75' of validation source
INFO     testing         output code: 0
INFO     testing         running test '76' of validation source
INFO     testing         output code: 0
INFO     testing         running test '77' of validation source
INFO     testing         output code: 0
INFO     testing         running test '78' of validation source
INFO     testing         output code: 0
INFO     repair          positive: ['1', '2', '4', '6', '7', '8', '9', '10', '11', '12', '13', '14', '15', '16', '17', '20', '21', '24', '25', '26', '27', '39', '40', '41', '43', '44', '45', '46', '47', '48', '49', '50', '51', '53', '54', '55', '56', '57', '58', '59', '60', '61', '63', '64', '65', '66', '67', '68', '69', '70', '71', '72', '73', '74', '75', '76', '77', '78']
INFO     repair          negative: ['3', '5', '18', '19', '22', '23', '28', '29', '30', '31', '32', '33', '34', '35', '36', '37', '38', '42', '52', '62']
INFO     project         configuring frontend source
INFO     transformation  instrumenting repairable of frontend source
INFO     project         building frontend source
INFO     repair          running positive tests for debugging
INFO     testing         running test '1' of frontend source
INFO     testing         output code: 1
WARNING  testing         ANGELIX_RUN is not executed by test 1
INFO     testing         running test '2' of frontend source
INFO     testing         output code: 1
WARNING  testing         ANGELIX_RUN is not executed by test 2
INFO     testing         running test '4' of frontend source
INFO     testing         output code: 1
WARNING  testing         ANGELIX_RUN is not executed by test 4
INFO     testing         running test '6' of frontend source
INFO     testing         output code: 1
WARNING  testing         ANGELIX_RUN is not executed by test 6
INFO     testing         running test '7' of frontend source
INFO     testing         output code: 1
WARNING  testing         ANGELIX_RUN is not executed by test 7
INFO     testing         running test '8' of frontend source
INFO     testing         output code: 1
WARNING  testing         ANGELIX_RUN is not executed by test 8
INFO     testing         running test '9' of frontend source
INFO     testing         output code: 1
WARNING  testing         ANGELIX_RUN is not executed by test 9
INFO     testing         running test '10' of frontend source
INFO     testing         output code: 1
WARNING  testing         ANGELIX_RUN is not executed by test 10
INFO     testing         running test '11' of frontend source
INFO     testing         output code: 1
WARNING  testing         ANGELIX_RUN is not executed by test 11
INFO     testing         running test '12' of frontend source
INFO     testing         output code: 1
WARNING  testing         ANGELIX_RUN is not executed by test 12
INFO     testing         running test '13' of frontend source
INFO     testing         output code: 1
WARNING  testing         ANGELIX_RUN is not executed by test 13
INFO     testing         running test '14' of frontend source
INFO     testing         output code: 1
WARNING  testing         ANGELIX_RUN is not executed by test 14
INFO     testing         running test '15' of frontend source
INFO     testing         output code: 1
WARNING  testing         ANGELIX_RUN is not executed by test 15
INFO     testing         running test '16' of frontend source
INFO     testing         output code: 1
WARNING  testing         ANGELIX_RUN is not executed by test 16
INFO     testing         running test '17' of frontend source
INFO     testing         output code: 1
WARNING  testing         ANGELIX_RUN is not executed by test 17
INFO     testing         running test '20' of frontend source
INFO     testing         output code: 0
WARNING  testing         ANGELIX_RUN is not executed by test 20
INFO     testing         running test '21' of frontend source
INFO     testing         output code: 1
WARNING  testing         ANGELIX_RUN is not executed by test 21
INFO     testing         running test '24' of frontend source
INFO     testing         output code: 1
WARNING  testing         ANGELIX_RUN is not executed by test 24
INFO     testing         running test '25' of frontend source
INFO     testing         output code: 1
WARNING  testing         ANGELIX_RUN is not executed by test 25
INFO     testing         running test '26' of frontend source
INFO     testing         output code: 1
WARNING  testing         ANGELIX_RUN is not executed by test 26
INFO     testing         running test '27' of frontend source
INFO     testing         output code: 1
WARNING  testing         ANGELIX_RUN is not executed by test 27
INFO     testing         running test '39' of frontend source
INFO     testing         output code: 1
INFO     testing         running test '40' of frontend source
INFO     testing         output code: 1
INFO     testing         running test '41' of frontend source
INFO     testing         output code: 1
INFO     testing         running test '43' of frontend source
INFO     testing         output code: 1
INFO     testing         running test '44' of frontend source
INFO     testing         output code: 1
INFO     testing         running test '45' of frontend source
INFO     testing         output code: 1
INFO     testing         running test '46' of frontend source
INFO     testing         output code: 1
INFO     testing         running test '47' of frontend source
INFO     testing         output code: 1
INFO     testing         running test '48' of frontend source
INFO     testing         output code: 1
INFO     testing         running test '49' of frontend source
INFO     testing         output code: 1
INFO     testing         running test '50' of frontend source
INFO     testing         output code: 1
WARNING  testing         ANGELIX_RUN is not executed by test 50
INFO     testing         running test '51' of frontend source
INFO     testing         output code: 1
WARNING  testing         ANGELIX_RUN is not executed by test 51
INFO     testing         running test '53' of frontend source
INFO     testing         output code: 1
WARNING  testing         ANGELIX_RUN is not executed by test 53
INFO     testing         running test '54' of frontend source
INFO     testing         output code: 1
WARNING  testing         ANGELIX_RUN is not executed by test 54
INFO     testing         running test '55' of frontend source
INFO     testing         output code: 1
WARNING  testing         ANGELIX_RUN is not executed by test 55
INFO     testing         running test '56' of frontend source
INFO     testing         output code: 1
WARNING  testing         ANGELIX_RUN is not executed by test 56
INFO     testing         running test '57' of frontend source
INFO     testing         output code: 1
WARNING  testing         ANGELIX_RUN is not executed by test 57
INFO     testing         running test '58' of frontend source
INFO     testing         output code: 1
WARNING  testing         ANGELIX_RUN is not executed by test 58
INFO     testing         running test '59' of frontend source
INFO     testing         output code: 1
WARNING  testing         ANGELIX_RUN is not executed by test 59
INFO     testing         running test '60' of frontend source
INFO     testing         output code: 1
WARNING  testing         ANGELIX_RUN is not executed by test 60
INFO     testing         running test '61' of frontend source
INFO     testing         output code: 1
WARNING  testing         ANGELIX_RUN is not executed by test 61
INFO     testing         running test '63' of frontend source
INFO     testing         output code: 1
WARNING  testing         ANGELIX_RUN is not executed by test 63
INFO     testing         running test '64' of frontend source
INFO     testing         output code: 1
WARNING  testing         ANGELIX_RUN is not executed by test 64
INFO     testing         running test '65' of frontend source
INFO     testing         output code: 1
WARNING  testing         ANGELIX_RUN is not executed by test 65
INFO     testing         running test '66' of frontend source
INFO     testing         output code: 1
WARNING  testing         ANGELIX_RUN is not executed by test 66
INFO     testing         running test '67' of frontend source
INFO     testing         output code: 1
WARNING  testing         ANGELIX_RUN is not executed by test 67
INFO     testing         running test '68' of frontend source
INFO     testing         output code: 1
WARNING  testing         ANGELIX_RUN is not executed by test 68
INFO     testing         running test '69' of frontend source
INFO     testing         output code: 1
WARNING  testing         ANGELIX_RUN is not executed by test 69
INFO     testing         running test '70' of frontend source
INFO     testing         output code: 1
WARNING  testing         ANGELIX_RUN is not executed by test 70
INFO     testing         running test '71' of frontend source
INFO     testing         output code: 1
WARNING  testing         ANGELIX_RUN is not executed by test 71
INFO     testing         running test '72' of frontend source
INFO     testing         output code: 1
WARNING  testing         ANGELIX_RUN is not executed by test 72
INFO     testing         running test '73' of frontend source
INFO     testing         output code: 1
WARNING  testing         ANGELIX_RUN is not executed by test 73
INFO     testing         running test '74' of frontend source
INFO     testing         output code: 1
WARNING  testing         ANGELIX_RUN is not executed by test 74
INFO     testing         running test '75' of frontend source
INFO     testing         output code: 1
WARNING  testing         ANGELIX_RUN is not executed by test 75
INFO     testing         running test '76' of frontend source
INFO     testing         output code: 1
WARNING  testing         ANGELIX_RUN is not executed by test 76
INFO     testing         running test '77' of frontend source
INFO     testing         output code: 1
WARNING  testing         ANGELIX_RUN is not executed by test 77
INFO     testing         running test '78' of frontend source
INFO     testing         output code: 1
WARNING  testing         ANGELIX_RUN is not executed by test 78
INFO     repair          running negative tests for debugging
INFO     testing         running test '3' of frontend source
INFO     testing         output code: 1
WARNING  testing         ANGELIX_RUN is not executed by test 3
INFO     project         configuring golden source
INFO     project         building golden source
INFO     testing         running test '3' of golden source
INFO     testing         output code: 1
WARNING  testing         ANGELIX_RUN is not executed by test 3
INFO     testing         running test '5' of frontend source
INFO     testing         output code: 1
WARNING  testing         ANGELIX_RUN is not executed by test 5
INFO     testing         running test '5' of golden source
INFO     testing         output code: 1
WARNING  testing         ANGELIX_RUN is not executed by test 5
INFO     testing         running test '18' of frontend source
INFO     testing         output code: 1
WARNING  testing         ANGELIX_RUN is not executed by test 18
INFO     testing         running test '18' of golden source
INFO     testing         output code: 1
WARNING  testing         ANGELIX_RUN is not executed by test 18
INFO     testing         running test '19' of frontend source
INFO     testing         output code: 1
WARNING  testing         ANGELIX_RUN is not executed by test 19
INFO     testing         running test '19' of golden source
INFO     testing         output code: 1
WARNING  testing         ANGELIX_RUN is not executed by test 19
INFO     testing         running test '22' of frontend source
INFO     testing         output code: 1
INFO     testing         running test '22' of golden source
INFO     testing         output code: 0
INFO     testing         running test '23' of frontend source
INFO     testing         output code: 1
INFO     testing         running test '23' of golden source
INFO     testing         output code: 1
INFO     testing         running test '28' of frontend source
INFO     testing         output code: 1
INFO     testing         running test '28' of golden source
INFO     testing         output code: 0
INFO     testing         running test '29' of frontend source
INFO     testing         output code: 1
WARNING  testing         ANGELIX_RUN is not executed by test 29
INFO     testing         running test '29' of golden source
INFO     testing         output code: 1
WARNING  testing         ANGELIX_RUN is not executed by test 29
INFO     testing         running test '30' of frontend source
INFO     testing         output code: 1
WARNING  testing         ANGELIX_RUN is not executed by test 30
INFO     testing         running test '30' of golden source
INFO     testing         output code: 1
WARNING  testing         ANGELIX_RUN is not executed by test 30
INFO     testing         running test '31' of frontend source
INFO     testing         output code: 1
WARNING  testing         ANGELIX_RUN is not executed by test 31
INFO     testing         running test '31' of golden source
INFO     testing         output code: 1
WARNING  testing         ANGELIX_RUN is not executed by test 31
INFO     testing         running test '32' of frontend source
INFO     testing         output code: 1
WARNING  testing         ANGELIX_RUN is not executed by test 32
INFO     testing         running test '32' of golden source
INFO     testing         output code: 1
WARNING  testing         ANGELIX_RUN is not executed by test 32
INFO     testing         running test '33' of frontend source
INFO     testing         output code: 1
WARNING  testing         ANGELIX_RUN is not executed by test 33
INFO     testing         running test '33' of golden source
INFO     testing         output code: 1
WARNING  testing         ANGELIX_RUN is not executed by test 33
INFO     testing         running test '34' of frontend source
INFO     testing         output code: 1
WARNING  testing         ANGELIX_RUN is not executed by test 34
INFO     testing         running test '34' of golden source
INFO     testing         output code: 1
WARNING  testing         ANGELIX_RUN is not executed by test 34
INFO     testing         running test '35' of frontend source
INFO     testing         output code: 1
WARNING  testing         ANGELIX_RUN is not executed by test 35
INFO     testing         running test '35' of golden source
INFO     testing         output code: 1
WARNING  testing         ANGELIX_RUN is not executed by test 35
INFO     testing         running test '36' of frontend source
INFO     testing         output code: 1
WARNING  testing         ANGELIX_RUN is not executed by test 36
INFO     testing         running test '36' of golden source
INFO     testing         output code: 1
WARNING  testing         ANGELIX_RUN is not executed by test 36
INFO     testing         running test '37' of frontend source
INFO     testing         output code: 1
WARNING  testing         ANGELIX_RUN is not executed by test 37
INFO     testing         running test '37' of golden source
INFO     testing         output code: 1
WARNING  testing         ANGELIX_RUN is not executed by test 37
INFO     testing         running test '38' of frontend source
INFO     testing         output code: 1
WARNING  testing         ANGELIX_RUN is not executed by test 38
INFO     testing         running test '38' of golden source
INFO     testing         output code: 1
WARNING  testing         ANGELIX_RUN is not executed by test 38
INFO     testing         running test '42' of frontend source
INFO     testing         output code: 1
WARNING  testing         ANGELIX_RUN is not executed by test 42
INFO     testing         running test '42' of golden source
INFO     testing         output code: 1
WARNING  testing         ANGELIX_RUN is not executed by test 42
INFO     testing         running test '52' of frontend source
INFO     testing         output code: 1
WARNING  testing         ANGELIX_RUN is not executed by test 52
INFO     testing         running test '52' of golden source
INFO     testing         output code: 1
WARNING  testing         ANGELIX_RUN is not executed by test 52
INFO     testing         running test '62' of frontend source
INFO     testing         output code: 1
WARNING  testing         ANGELIX_RUN is not executed by test 62
INFO     testing         running test '62' of golden source
INFO     testing         output code: 1
WARNING  testing         ANGELIX_RUN is not executed by test 62
WARNING  repair          excluding test 3 because it fails in golden version
WARNING  repair          excluding test 5 because it fails in golden version
WARNING  repair          excluding test 18 because it fails in golden version
WARNING  repair          excluding test 19 because it fails in golden version
WARNING  repair          excluding test 23 because it fails in golden version
WARNING  repair          excluding test 29 because it fails in golden version
WARNING  repair          excluding test 30 because it fails in golden version
WARNING  repair          excluding test 31 because it fails in golden version
WARNING  repair          excluding test 32 because it fails in golden version
WARNING  repair          excluding test 33 because it fails in golden version
WARNING  repair          excluding test 34 because it fails in golden version
WARNING  repair          excluding test 35 because it fails in golden version
WARNING  repair          excluding test 36 because it fails in golden version
WARNING  repair          excluding test 37 because it fails in golden version
WARNING  repair          excluding test 38 because it fails in golden version
WARNING  repair          excluding test 42 because it fails in golden version
WARNING  repair          excluding test 52 because it fails in golden version
WARNING  repair          excluding test 62 because it fails in golden version
INFO     repair          repair test suite: ['22', '28', '39', '40', '41', '43', '44', '45', '46', '47', '48', '49']
INFO     repair          validation test suite: ['1', '2', '4', '6', '7', '8', '9', '10', '11', '12', '13', '14', '15', '16', '17', '20', '21', '22', '24', '25', '26', '27', '28', '39', '40', '41', '43', '44', '45', '46', '47', '48', '49', '50', '51', '53', '54', '55', '56', '57', '58', '59', '60', '61', '63', '64', '65', '66', '67', '68', '69', '70', '71', '72', '73', '74', '75', '76', '77', '78']
INFO     localization    (loc, score) = (('I', (276, 6, 276, 44)), 1.0)
INFO     localization    (loc, score) = (('L', (333, 14, 333, 18)), 1.0)
INFO     localization    group 1: [('I', (276, 6, 276, 44))] (1.0)
INFO     localization    group 2: [('L', (333, 14, 333, 18))] (1.0)
INFO     localization    selected expressions [('I', (276, 6, 276, 44))] with group score 1.0 
INFO     localization    selected expressions [('L', (333, 14, 333, 18))] with group score 1.0 
INFO     repair          considering suspicious locations [('I', (276, 6, 276, 44))]
INFO     reduction       all failing tests: ['22', '28']
INFO     reduction       select 1 best tests from ['22', '28']
INFO     reduction       select 0 best tests from ['39', '40', '41', '43', '44', '45', '46', '47', '48', '49']
INFO     reduction       selected 1 tests
INFO     reduction       selected passing tests: []
INFO     reduction       selected failing tests: ['22']
INFO     guided_infer    inferring specification for test '22' through guided search
INFO     guided_infer    init sample: [array([0, 0])]
INFO     pymc3           Sequential sampling (1 chains in 1 job)
INFO     pymc3           Metropolis: [p]
INFO     guided_infer    [CustomProposal] q0: [0. 0.]
INFO     guided_infer    trial #1
INFO     guided_infer    used 0.0% of sample space
INFO     guided_infer    [accept_fun] q0s: [array([0, 0])] / [1] / (1, 2)
INFO     guided_infer    [accept_fun] qs: [array([0, 0])] / [1] / (1, 2)
INFO     guided_infer    search for the cost of ('0',)
INFO     testing         running test '22' of frontend source
INFO     testing         output code: 1
INFO     guided_infer    store the cost of ('0',)
INFO     guided_infer    store the cost of ('0',)
INFO     guided_infer    search for the cost of ('0',)
INFO     guided_infer    ('0',) cached
INFO     guided_infer    new qs: [array([0, 0])] / [1] / (1, 2)
INFO     guided_infer    old cost: 74676836.0
INFO     guided_infer    new cost: 74676836.0
INFO     guided_infer    all costs: [74676836.0]
INFO     guided_infer    accept ratio: 1.0
INFO     pymc3           accepted: True
INFO     guided_infer    [CustomProposal] q0: [0. 0.]
INFO     guided_infer    trial #2
INFO     guided_infer    used 50.0% of sample space
INFO     guided_infer    [accept_fun] q0s: [array([0, 0])] / [1] / (1, 2)
INFO     guided_infer    [accept_fun] qs: [array([0, 1])] / [1] / (1, 2)
INFO     guided_infer    search for the cost of ('0',)
INFO     guided_infer    ('0',) cached
INFO     guided_infer    search for the cost of ('1',)
INFO     testing         running test '22' of frontend source
INFO     testing         output code: 1
INFO     guided_infer    store the cost of ('1',)
INFO     guided_infer    store the cost of ('1',)
INFO     guided_infer    new qs: [array([0, 1])] / [1] / (1, 2)
INFO     guided_infer    old cost: 74676836.0
INFO     guided_infer    new cost: 74676836.0
INFO     guided_infer    all costs: [74676836.0]
INFO     guided_infer    accept ratio: 1.0
INFO     pymc3           accepted: True
INFO     guided_infer    [CustomProposal] q0: [0. 1.]
INFO     guided_infer    trial #3
INFO     guided_infer    used 100.0% of sample space
INFO     guided_infer    Sample space exhausted: size=2, samples=[('0',), ('1',)]
INFO     repair          considering suspicious locations [('L', (333, 14, 333, 18))]
INFO     reduction       all failing tests: ['22', '28']
INFO     reduction       select 1 best tests from ['22', '28']
INFO     reduction       select 0 best tests from ['39', '40', '41', '43', '44', '45', '46', '47', '48', '49']
INFO     reduction       selected 1 tests
INFO     reduction       selected passing tests: []
INFO     reduction       selected failing tests: ['22']
INFO     guided_infer    inferring specification for test '22' through guided search
INFO     guided_infer    init sample: [array([0, 1])]
INFO     pymc3           Sequential sampling (1 chains in 1 job)
INFO     pymc3           Metropolis: [p]
INFO     guided_infer    [CustomProposal] q0: [0. 1.]
INFO     guided_infer    trial #1
INFO     guided_infer    used 0.0% of sample space
INFO     guided_infer    [accept_fun] q0s: [array([0, 1])] / [1] / (1, 2)
INFO     guided_infer    [accept_fun] qs: [array([0, 0])] / [1] / (1, 2)
INFO     guided_infer    search for the cost of ('1',)
INFO     testing         running test '22' of frontend source
INFO     testing         output code: 1
INFO     guided_infer    store the cost of ('1',)
INFO     guided_infer    store the cost of ('1',)
INFO     guided_infer    search for the cost of ('0',)
INFO     testing         running test '22' of frontend source
INFO     testing         output code: 1
INFO     guided_infer    store the cost of ('0',)
INFO     guided_infer    store the cost of ('0',)
INFO     guided_infer    new qs: [array([0, 0])] / [1] / (1, 2)
INFO     guided_infer    old cost: 74676836.0
INFO     guided_infer    new cost: 74676836.0
INFO     guided_infer    all costs: [74676836.0]
INFO     guided_infer    accept ratio: 1.0
INFO     pymc3           accepted: True
INFO     guided_infer    [CustomProposal] q0: [0. 0.]
INFO     guided_infer    trial #2
INFO     guided_infer    used 100.0% of sample space
INFO     guided_infer    Sample space exhausted: size=2, samples=[('1',), ('0',)]
INFO     repair          no patch generated in 2m 57s
FAIL
