[repair] benchmark: manybugs
[repair] subject: php
[repair] version: 2011-02-01-1f49902999-f2329f1f4b
[repair] search: symbolic
[repair] ./fetch php manybugs 2011-02-01-1f49902999-f2329f1f4b
[fetch] benchmark: manybugs
[fetch] subject: php
[fetch] version: 2011-02-01-1f49902999-f2329f1f4b
[fetch] archive: php-bug-2011-02-01-1f49902999-f2329f1f4b.tar.gz
[fetch] directory: php-bug-2011-02-01-1f49902999-f2329f1f4b
[fetch] preparing source code
[fetch] golden_directory: php-fix-2011-02-01-1f49902999-f2329f1f4b
[fetch] clean-source php-bug-2011-02-01-1f49902999-f2329f1f4b
[fetch] /angelix-experiments/php-bug-2011-02-01-1f49902999-f2329f1f4b/php/configure
[fetch] make -j 72 clean
[fetch] clean-source php-fix-2011-02-01-1f49902999-f2329f1f4b
[fetch] restore-buggy php-bug-2011-02-01-1f49902999-f2329f1f4b
[fetch] /angelix-experiments/php-fix-2011-02-01-1f49902999-f2329f1f4b/php/configure
[fetch] make -j 72 clean
[fetch] restore-buggy entered
[fetch] buggy: ext/reflection/php_reflection.c
[fetch] buggy_version: 1f49902999
[fetch] buggy_preprocessed: php-bug-2011-02-01-1f49902999-f2329f1f4b/php/ext/reflection/php_reflection.c
[fetch] buggy_original: php-bug-2011-02-01-1f49902999-f2329f1f4b/diffs/ext/reflection/php_reflection.c-1f4990299927a9fdf24676ebbd1c7f6729aa3838
[fetch] cp php-bug-2011-02-01-1f49902999-f2329f1f4b/diffs/ext/reflection/php_reflection.c-1f4990299927a9fdf24676ebbd1c7f6729aa3838 php-bug-2011-02-01-1f49902999-f2329f1f4b/php/ext/reflection/php_reflection.c
[fetch] restore-correct php-fix-2011-02-01-1f49902999-f2329f1f4b
[fetch] restore-correct entered
[fetch] cp php-fix-2011-02-01-1f49902999-f2329f1f4b/diffs/ext/reflection/php_reflection.c-f2329f1f4bff08bf61a7b8d82009a035f20d53c4 php-fix-2011-02-01-1f49902999-f2329f1f4b/php/ext/reflection/php_reflection.c
[fetch] restored php-fix-2011-02-01-1f49902999-f2329f1f4b/php/ext/reflection/php_reflection.c with php-fix-2011-02-01-1f49902999-f2329f1f4b/diffs/ext/reflection/php_reflection.c-f2329f1f4bff08bf61a7b8d82009a035f20d53c4
[fetch] fetch done
[repair] [repair] options: --log
DEBUG
--angelic-search-strategy
symbolic
--klee-max-forks
100
--klee-solver-timeout
100
--test-timeout
60
--klee-timeout
7200
--all-suspicious
--use-gcc  --klee-timeout 7200 --timeout 14400 --klee-solver-timeout 100 --show-suspicious-locations --group-size 1 --defect assignments
[repair-php] restore .aux/php/php-run-tests.c
[repair-php] restore php-bug-2011-02-01-1f49902999-f2329f1f4b/php/main/main.c
[repair-php] restore php-bug-2011-02-01-1f49902999-f2329f1f4b/php/sapi/cli/php_cli.c
[repair-php] restore php-bug-2011-02-01-1f49902999-f2329f1f4b/php/Zend/zend.c
[repair-php] restore php-bug-2011-02-01-1f49902999-f2329f1f4b/php/main/output.c
[repair-php] restore php-bug-2011-02-01-1f49902999-f2329f1f4b/php/ext/standard/url_scanner_ex.c
[repair-php] restore php-bug-2011-02-01-1f49902999-f2329f1f4b/php/Zend/zend_object_handlers.c
[repair-php] restore php-fix-2011-02-01-1f49902999-f2329f1f4b/php/main/main.c
[repair-php] restore php-fix-2011-02-01-1f49902999-f2329f1f4b/php/sapi/cli/php_cli.c
[repair-php] restore php-fix-2011-02-01-1f49902999-f2329f1f4b/php/Zend/zend.c
[repair-php] restore php-fix-2011-02-01-1f49902999-f2329f1f4b/php/main/output.c
[repair-php] restore php-fix-2011-02-01-1f49902999-f2329f1f4b/php/ext/standard/url_scanner_ex.c
[repair-php] restore php-fix-2011-02-01-1f49902999-f2329f1f4b/php/Zend/zend_object_handlers.c
[repair-php] restore php-bug-2011-02-01-1f49902999-f2329f1f4b/php/ext/reflection/php_reflection.c
[repair-php] options:  --log DEBUG --angelic-search-strategy symbolic --klee-max-forks 100 --klee-solver-timeout 100 --test-timeout 60 --klee-timeout 7200 --all-suspicious --use-gcc --klee-timeout 7200 --timeout 14400 --klee-solver-timeout 100 --show-suspicious-locations --group-size 1 --defect assignments
DEBUG    repair          tests: ['1', '2', '3', '4', '5', '6', '7', '8', '9', '10', '11', '12', '13', '14', '15', '16', '17', '18', '19', '20', '21', '22', '23', '24', '25', '26', '27', '28', '29', '30', '31', '32', '33', '34', '35', '36', '37', '38', '39', '40', '41', '42', '43', '44', '45', '46', '47', '48', '49', '50', '51', '52', '53', '54', '55', '56', '57', '58', '59', '60', '61', '62', '63', '64', '65', '66', '67', '68', '69', '70', '71', '72', '73', '74', '75', '76', '77', '78', '79', '80', '81', '82', '83', '84', '85']
INFO     repair          copy php-bug-2011-02-01-1f49902999-f2329f1f4b/php to /angelix-experiments/.angelix/validation
INFO     project         configuring validation source
DEBUG    project         configure_cmd: /angelix-experiments/.aux/php/php-configure
INFO     project         building json compilation database from validation source
DEBUG    project         CC: angelix-compiler --test
DEBUG    project         cmd: bear /angelix-experiments/.aux/php/php-build
DEBUG    repair          start to measure time
INFO     testing         running test '1' of validation source
DEBUG    testing         ANGELIX_WORKDIR: /angelix-experiments/.angelix
DEBUG    testing         ANGELIX_TEST_ID: 1
DEBUG    testing         cwd: /angelix-experiments/.angelix/validation
DEBUG    testing         run: /angelix-experiments/.aux/php/php-oracle 1
INFO     testing         output code: 0
INFO     testing         running test '2' of validation source
DEBUG    testing         ANGELIX_WORKDIR: /angelix-experiments/.angelix
DEBUG    testing         ANGELIX_TEST_ID: 2
DEBUG    testing         cwd: /angelix-experiments/.angelix/validation
DEBUG    testing         run: /angelix-experiments/.aux/php/php-oracle 2
INFO     testing         output code: 1
INFO     testing         running test '3' of validation source
DEBUG    testing         ANGELIX_WORKDIR: /angelix-experiments/.angelix
DEBUG    testing         ANGELIX_TEST_ID: 3
DEBUG    testing         cwd: /angelix-experiments/.angelix/validation
DEBUG    testing         run: /angelix-experiments/.aux/php/php-oracle 3
INFO     testing         output code: 0
INFO     testing         running test '4' of validation source
DEBUG    testing         ANGELIX_WORKDIR: /angelix-experiments/.angelix
DEBUG    testing         ANGELIX_TEST_ID: 4
DEBUG    testing         cwd: /angelix-experiments/.angelix/validation
DEBUG    testing         run: /angelix-experiments/.aux/php/php-oracle 4
INFO     testing         output code: 1
INFO     testing         running test '5' of validation source
DEBUG    testing         ANGELIX_WORKDIR: /angelix-experiments/.angelix
DEBUG    testing         ANGELIX_TEST_ID: 5
DEBUG    testing         cwd: /angelix-experiments/.angelix/validation
DEBUG    testing         run: /angelix-experiments/.aux/php/php-oracle 5
INFO     testing         output code: 1
INFO     testing         running test '6' of validation source
DEBUG    testing         ANGELIX_WORKDIR: /angelix-experiments/.angelix
DEBUG    testing         ANGELIX_TEST_ID: 6
DEBUG    testing         cwd: /angelix-experiments/.angelix/validation
DEBUG    testing         run: /angelix-experiments/.aux/php/php-oracle 6
INFO     testing         output code: 0
INFO     testing         running test '7' of validation source
DEBUG    testing         ANGELIX_WORKDIR: /angelix-experiments/.angelix
DEBUG    testing         ANGELIX_TEST_ID: 7
DEBUG    testing         cwd: /angelix-experiments/.angelix/validation
DEBUG    testing         run: /angelix-experiments/.aux/php/php-oracle 7
INFO     testing         output code: 1
INFO     testing         running test '8' of validation source
DEBUG    testing         ANGELIX_WORKDIR: /angelix-experiments/.angelix
DEBUG    testing         ANGELIX_TEST_ID: 8
DEBUG    testing         cwd: /angelix-experiments/.angelix/validation
DEBUG    testing         run: /angelix-experiments/.aux/php/php-oracle 8
INFO     testing         output code: 1
INFO     testing         running test '9' of validation source
DEBUG    testing         ANGELIX_WORKDIR: /angelix-experiments/.angelix
DEBUG    testing         ANGELIX_TEST_ID: 9
DEBUG    testing         cwd: /angelix-experiments/.angelix/validation
DEBUG    testing         run: /angelix-experiments/.aux/php/php-oracle 9
INFO     testing         output code: 1
INFO     testing         running test '10' of validation source
DEBUG    testing         ANGELIX_WORKDIR: /angelix-experiments/.angelix
DEBUG    testing         ANGELIX_TEST_ID: 10
DEBUG    testing         cwd: /angelix-experiments/.angelix/validation
DEBUG    testing         run: /angelix-experiments/.aux/php/php-oracle 10
INFO     testing         output code: 1
INFO     testing         running test '11' of validation source
DEBUG    testing         ANGELIX_WORKDIR: /angelix-experiments/.angelix
DEBUG    testing         ANGELIX_TEST_ID: 11
DEBUG    testing         cwd: /angelix-experiments/.angelix/validation
DEBUG    testing         run: /angelix-experiments/.aux/php/php-oracle 11
INFO     testing         output code: 1
INFO     testing         running test '12' of validation source
DEBUG    testing         ANGELIX_WORKDIR: /angelix-experiments/.angelix
DEBUG    testing         ANGELIX_TEST_ID: 12
DEBUG    testing         cwd: /angelix-experiments/.angelix/validation
DEBUG    testing         run: /angelix-experiments/.aux/php/php-oracle 12
INFO     testing         output code: 1
INFO     testing         running test '13' of validation source
DEBUG    testing         ANGELIX_WORKDIR: /angelix-experiments/.angelix
DEBUG    testing         ANGELIX_TEST_ID: 13
DEBUG    testing         cwd: /angelix-experiments/.angelix/validation
DEBUG    testing         run: /angelix-experiments/.aux/php/php-oracle 13
INFO     testing         output code: 1
INFO     testing         running test '14' of validation source
DEBUG    testing         ANGELIX_WORKDIR: /angelix-experiments/.angelix
DEBUG    testing         ANGELIX_TEST_ID: 14
DEBUG    testing         cwd: /angelix-experiments/.angelix/validation
DEBUG    testing         run: /angelix-experiments/.aux/php/php-oracle 14
INFO     testing         output code: 1
INFO     testing         running test '15' of validation source
DEBUG    testing         ANGELIX_WORKDIR: /angelix-experiments/.angelix
DEBUG    testing         ANGELIX_TEST_ID: 15
DEBUG    testing         cwd: /angelix-experiments/.angelix/validation
DEBUG    testing         run: /angelix-experiments/.aux/php/php-oracle 15
INFO     testing         output code: 1
INFO     testing         running test '16' of validation source
DEBUG    testing         ANGELIX_WORKDIR: /angelix-experiments/.angelix
DEBUG    testing         ANGELIX_TEST_ID: 16
DEBUG    testing         cwd: /angelix-experiments/.angelix/validation
DEBUG    testing         run: /angelix-experiments/.aux/php/php-oracle 16
INFO     testing         output code: 1
INFO     testing         running test '17' of validation source
DEBUG    testing         ANGELIX_WORKDIR: /angelix-experiments/.angelix
DEBUG    testing         ANGELIX_TEST_ID: 17
DEBUG    testing         cwd: /angelix-experiments/.angelix/validation
DEBUG    testing         run: /angelix-experiments/.aux/php/php-oracle 17
INFO     testing         output code: 1
INFO     testing         running test '18' of validation source
DEBUG    testing         ANGELIX_WORKDIR: /angelix-experiments/.angelix
DEBUG    testing         ANGELIX_TEST_ID: 18
DEBUG    testing         cwd: /angelix-experiments/.angelix/validation
DEBUG    testing         run: /angelix-experiments/.aux/php/php-oracle 18
INFO     testing         output code: 1
INFO     testing         running test '19' of validation source
DEBUG    testing         ANGELIX_WORKDIR: /angelix-experiments/.angelix
DEBUG    testing         ANGELIX_TEST_ID: 19
DEBUG    testing         cwd: /angelix-experiments/.angelix/validation
DEBUG    testing         run: /angelix-experiments/.aux/php/php-oracle 19
INFO     testing         output code: 1
INFO     testing         running test '20' of validation source
DEBUG    testing         ANGELIX_WORKDIR: /angelix-experiments/.angelix
DEBUG    testing         ANGELIX_TEST_ID: 20
DEBUG    testing         cwd: /angelix-experiments/.angelix/validation
DEBUG    testing         run: /angelix-experiments/.aux/php/php-oracle 20
INFO     testing         output code: 1
INFO     testing         running test '21' of validation source
DEBUG    testing         ANGELIX_WORKDIR: /angelix-experiments/.angelix
DEBUG    testing         ANGELIX_TEST_ID: 21
DEBUG    testing         cwd: /angelix-experiments/.angelix/validation
DEBUG    testing         run: /angelix-experiments/.aux/php/php-oracle 21
INFO     testing         output code: 1
INFO     testing         running test '22' of validation source
DEBUG    testing         ANGELIX_WORKDIR: /angelix-experiments/.angelix
DEBUG    testing         ANGELIX_TEST_ID: 22
DEBUG    testing         cwd: /angelix-experiments/.angelix/validation
DEBUG    testing         run: /angelix-experiments/.aux/php/php-oracle 22
INFO     testing         output code: 1
INFO     testing         running test '23' of validation source
DEBUG    testing         ANGELIX_WORKDIR: /angelix-experiments/.angelix
DEBUG    testing         ANGELIX_TEST_ID: 23
DEBUG    testing         cwd: /angelix-experiments/.angelix/validation
DEBUG    testing         run: /angelix-experiments/.aux/php/php-oracle 23
INFO     testing         output code: 1
INFO     testing         running test '24' of validation source
DEBUG    testing         ANGELIX_WORKDIR: /angelix-experiments/.angelix
DEBUG    testing         ANGELIX_TEST_ID: 24
DEBUG    testing         cwd: /angelix-experiments/.angelix/validation
DEBUG    testing         run: /angelix-experiments/.aux/php/php-oracle 24
INFO     testing         output code: 1
INFO     testing         running test '25' of validation source
DEBUG    testing         ANGELIX_WORKDIR: /angelix-experiments/.angelix
DEBUG    testing         ANGELIX_TEST_ID: 25
DEBUG    testing         cwd: /angelix-experiments/.angelix/validation
DEBUG    testing         run: /angelix-experiments/.aux/php/php-oracle 25
INFO     testing         output code: 1
INFO     testing         running test '26' of validation source
DEBUG    testing         ANGELIX_WORKDIR: /angelix-experiments/.angelix
DEBUG    testing         ANGELIX_TEST_ID: 26
DEBUG    testing         cwd: /angelix-experiments/.angelix/validation
DEBUG    testing         run: /angelix-experiments/.aux/php/php-oracle 26
INFO     testing         output code: 1
INFO     testing         running test '27' of validation source
DEBUG    testing         ANGELIX_WORKDIR: /angelix-experiments/.angelix
DEBUG    testing         ANGELIX_TEST_ID: 27
DEBUG    testing         cwd: /angelix-experiments/.angelix/validation
DEBUG    testing         run: /angelix-experiments/.aux/php/php-oracle 27
INFO     testing         output code: 1
INFO     testing         running test '28' of validation source
DEBUG    testing         ANGELIX_WORKDIR: /angelix-experiments/.angelix
DEBUG    testing         ANGELIX_TEST_ID: 28
DEBUG    testing         cwd: /angelix-experiments/.angelix/validation
DEBUG    testing         run: /angelix-experiments/.aux/php/php-oracle 28
INFO     testing         output code: 1
INFO     testing         running test '29' of validation source
DEBUG    testing         ANGELIX_WORKDIR: /angelix-experiments/.angelix
DEBUG    testing         ANGELIX_TEST_ID: 29
DEBUG    testing         cwd: /angelix-experiments/.angelix/validation
DEBUG    testing         run: /angelix-experiments/.aux/php/php-oracle 29
INFO     testing         output code: 1
INFO     testing         running test '30' of validation source
DEBUG    testing         ANGELIX_WORKDIR: /angelix-experiments/.angelix
DEBUG    testing         ANGELIX_TEST_ID: 30
DEBUG    testing         cwd: /angelix-experiments/.angelix/validation
DEBUG    testing         run: /angelix-experiments/.aux/php/php-oracle 30
INFO     testing         output code: 1
INFO     testing         running test '31' of validation source
DEBUG    testing         ANGELIX_WORKDIR: /angelix-experiments/.angelix
DEBUG    testing         ANGELIX_TEST_ID: 31
DEBUG    testing         cwd: /angelix-experiments/.angelix/validation
DEBUG    testing         run: /angelix-experiments/.aux/php/php-oracle 31
INFO     testing         output code: 0
INFO     testing         running test '32' of validation source
DEBUG    testing         ANGELIX_WORKDIR: /angelix-experiments/.angelix
DEBUG    testing         ANGELIX_TEST_ID: 32
DEBUG    testing         cwd: /angelix-experiments/.angelix/validation
DEBUG    testing         run: /angelix-experiments/.aux/php/php-oracle 32
INFO     testing         output code: 1
INFO     testing         running test '33' of validation source
DEBUG    testing         ANGELIX_WORKDIR: /angelix-experiments/.angelix
DEBUG    testing         ANGELIX_TEST_ID: 33
DEBUG    testing         cwd: /angelix-experiments/.angelix/validation
DEBUG    testing         run: /angelix-experiments/.aux/php/php-oracle 33
INFO     testing         output code: 1
INFO     testing         running test '34' of validation source
DEBUG    testing         ANGELIX_WORKDIR: /angelix-experiments/.angelix
DEBUG    testing         ANGELIX_TEST_ID: 34
DEBUG    testing         cwd: /angelix-experiments/.angelix/validation
DEBUG    testing         run: /angelix-experiments/.aux/php/php-oracle 34
INFO     testing         output code: 1
INFO     testing         running test '35' of validation source
DEBUG    testing         ANGELIX_WORKDIR: /angelix-experiments/.angelix
DEBUG    testing         ANGELIX_TEST_ID: 35
DEBUG    testing         cwd: /angelix-experiments/.angelix/validation
DEBUG    testing         run: /angelix-experiments/.aux/php/php-oracle 35
INFO     testing         output code: 1
INFO     testing         running test '36' of validation source
DEBUG    testing         ANGELIX_WORKDIR: /angelix-experiments/.angelix
DEBUG    testing         ANGELIX_TEST_ID: 36
DEBUG    testing         cwd: /angelix-experiments/.angelix/validation
DEBUG    testing         run: /angelix-experiments/.aux/php/php-oracle 36
INFO     testing         output code: 1
INFO     testing         running test '37' of validation source
DEBUG    testing         ANGELIX_WORKDIR: /angelix-experiments/.angelix
DEBUG    testing         ANGELIX_TEST_ID: 37
DEBUG    testing         cwd: /angelix-experiments/.angelix/validation
DEBUG    testing         run: /angelix-experiments/.aux/php/php-oracle 37
INFO     testing         output code: 1
INFO     testing         running test '38' of validation source
DEBUG    testing         ANGELIX_WORKDIR: /angelix-experiments/.angelix
DEBUG    testing         ANGELIX_TEST_ID: 38
DEBUG    testing         cwd: /angelix-experiments/.angelix/validation
DEBUG    testing         run: /angelix-experiments/.aux/php/php-oracle 38
INFO     testing         output code: 1
INFO     testing         running test '39' of validation source
DEBUG    testing         ANGELIX_WORKDIR: /angelix-experiments/.angelix
DEBUG    testing         ANGELIX_TEST_ID: 39
DEBUG    testing         cwd: /angelix-experiments/.angelix/validation
DEBUG    testing         run: /angelix-experiments/.aux/php/php-oracle 39
INFO     testing         output code: 1
INFO     testing         running test '40' of validation source
DEBUG    testing         ANGELIX_WORKDIR: /angelix-experiments/.angelix
DEBUG    testing         ANGELIX_TEST_ID: 40
DEBUG    testing         cwd: /angelix-experiments/.angelix/validation
DEBUG    testing         run: /angelix-experiments/.aux/php/php-oracle 40
INFO     testing         output code: 1
INFO     testing         running test '41' of validation source
DEBUG    testing         ANGELIX_WORKDIR: /angelix-experiments/.angelix
DEBUG    testing         ANGELIX_TEST_ID: 41
DEBUG    testing         cwd: /angelix-experiments/.angelix/validation
DEBUG    testing         run: /angelix-experiments/.aux/php/php-oracle 41
INFO     testing         output code: 1
INFO     testing         running test '42' of validation source
DEBUG    testing         ANGELIX_WORKDIR: /angelix-experiments/.angelix
DEBUG    testing         ANGELIX_TEST_ID: 42
DEBUG    testing         cwd: /angelix-experiments/.angelix/validation
DEBUG    testing         run: /angelix-experiments/.aux/php/php-oracle 42
INFO     testing         output code: 1
INFO     testing         running test '43' of validation source
DEBUG    testing         ANGELIX_WORKDIR: /angelix-experiments/.angelix
DEBUG    testing         ANGELIX_TEST_ID: 43
DEBUG    testing         cwd: /angelix-experiments/.angelix/validation
DEBUG    testing         run: /angelix-experiments/.aux/php/php-oracle 43
INFO     testing         output code: 1
INFO     testing         running test '44' of validation source
DEBUG    testing         ANGELIX_WORKDIR: /angelix-experiments/.angelix
DEBUG    testing         ANGELIX_TEST_ID: 44
DEBUG    testing         cwd: /angelix-experiments/.angelix/validation
DEBUG    testing         run: /angelix-experiments/.aux/php/php-oracle 44
INFO     testing         output code: 1
INFO     testing         running test '45' of validation source
DEBUG    testing         ANGELIX_WORKDIR: /angelix-experiments/.angelix
DEBUG    testing         ANGELIX_TEST_ID: 45
DEBUG    testing         cwd: /angelix-experiments/.angelix/validation
DEBUG    testing         run: /angelix-experiments/.aux/php/php-oracle 45
INFO     testing         output code: 1
INFO     testing         running test '46' of validation source
DEBUG    testing         ANGELIX_WORKDIR: /angelix-experiments/.angelix
DEBUG    testing         ANGELIX_TEST_ID: 46
DEBUG    testing         cwd: /angelix-experiments/.angelix/validation
DEBUG    testing         run: /angelix-experiments/.aux/php/php-oracle 46
INFO     testing         output code: 1
INFO     testing         running test '47' of validation source
DEBUG    testing         ANGELIX_WORKDIR: /angelix-experiments/.angelix
DEBUG    testing         ANGELIX_TEST_ID: 47
DEBUG    testing         cwd: /angelix-experiments/.angelix/validation
DEBUG    testing         run: /angelix-experiments/.aux/php/php-oracle 47
INFO     testing         output code: 1
INFO     testing         running test '48' of validation source
DEBUG    testing         ANGELIX_WORKDIR: /angelix-experiments/.angelix
DEBUG    testing         ANGELIX_TEST_ID: 48
DEBUG    testing         cwd: /angelix-experiments/.angelix/validation
DEBUG    testing         run: /angelix-experiments/.aux/php/php-oracle 48
INFO     testing         output code: 0
INFO     testing         running test '49' of validation source
DEBUG    testing         ANGELIX_WORKDIR: /angelix-experiments/.angelix
DEBUG    testing         ANGELIX_TEST_ID: 49
DEBUG    testing         cwd: /angelix-experiments/.angelix/validation
DEBUG    testing         run: /angelix-experiments/.aux/php/php-oracle 49
INFO     testing         output code: 0
INFO     testing         running test '50' of validation source
DEBUG    testing         ANGELIX_WORKDIR: /angelix-experiments/.angelix
DEBUG    testing         ANGELIX_TEST_ID: 50
DEBUG    testing         cwd: /angelix-experiments/.angelix/validation
DEBUG    testing         run: /angelix-experiments/.aux/php/php-oracle 50
INFO     testing         output code: 1
INFO     testing         running test '51' of validation source
DEBUG    testing         ANGELIX_WORKDIR: /angelix-experiments/.angelix
DEBUG    testing         ANGELIX_TEST_ID: 51
DEBUG    testing         cwd: /angelix-experiments/.angelix/validation
DEBUG    testing         run: /angelix-experiments/.aux/php/php-oracle 51
INFO     testing         output code: 1
INFO     testing         running test '52' of validation source
DEBUG    testing         ANGELIX_WORKDIR: /angelix-experiments/.angelix
DEBUG    testing         ANGELIX_TEST_ID: 52
DEBUG    testing         cwd: /angelix-experiments/.angelix/validation
DEBUG    testing         run: /angelix-experiments/.aux/php/php-oracle 52
INFO     testing         output code: 1
INFO     testing         running test '53' of validation source
DEBUG    testing         ANGELIX_WORKDIR: /angelix-experiments/.angelix
DEBUG    testing         ANGELIX_TEST_ID: 53
DEBUG    testing         cwd: /angelix-experiments/.angelix/validation
DEBUG    testing         run: /angelix-experiments/.aux/php/php-oracle 53
INFO     testing         output code: 1
INFO     testing         running test '54' of validation source
DEBUG    testing         ANGELIX_WORKDIR: /angelix-experiments/.angelix
DEBUG    testing         ANGELIX_TEST_ID: 54
DEBUG    testing         cwd: /angelix-experiments/.angelix/validation
DEBUG    testing         run: /angelix-experiments/.aux/php/php-oracle 54
INFO     testing         output code: 1
INFO     testing         running test '55' of validation source
DEBUG    testing         ANGELIX_WORKDIR: /angelix-experiments/.angelix
DEBUG    testing         ANGELIX_TEST_ID: 55
DEBUG    testing         cwd: /angelix-experiments/.angelix/validation
DEBUG    testing         run: /angelix-experiments/.aux/php/php-oracle 55
INFO     testing         output code: 1
INFO     testing         running test '56' of validation source
DEBUG    testing         ANGELIX_WORKDIR: /angelix-experiments/.angelix
DEBUG    testing         ANGELIX_TEST_ID: 56
DEBUG    testing         cwd: /angelix-experiments/.angelix/validation
DEBUG    testing         run: /angelix-experiments/.aux/php/php-oracle 56
INFO     testing         output code: 1
INFO     testing         running test '57' of validation source
DEBUG    testing         ANGELIX_WORKDIR: /angelix-experiments/.angelix
DEBUG    testing         ANGELIX_TEST_ID: 57
DEBUG    testing         cwd: /angelix-experiments/.angelix/validation
DEBUG    testing         run: /angelix-experiments/.aux/php/php-oracle 57
INFO     testing         output code: 1
INFO     testing         running test '58' of validation source
DEBUG    testing         ANGELIX_WORKDIR: /angelix-experiments/.angelix
DEBUG    testing         ANGELIX_TEST_ID: 58
DEBUG    testing         cwd: /angelix-experiments/.angelix/validation
DEBUG    testing         run: /angelix-experiments/.aux/php/php-oracle 58
INFO     testing         output code: 1
INFO     testing         running test '59' of validation source
DEBUG    testing         ANGELIX_WORKDIR: /angelix-experiments/.angelix
DEBUG    testing         ANGELIX_TEST_ID: 59
DEBUG    testing         cwd: /angelix-experiments/.angelix/validation
DEBUG    testing         run: /angelix-experiments/.aux/php/php-oracle 59
INFO     testing         output code: 1
INFO     testing         running test '60' of validation source
DEBUG    testing         ANGELIX_WORKDIR: /angelix-experiments/.angelix
DEBUG    testing         ANGELIX_TEST_ID: 60
DEBUG    testing         cwd: /angelix-experiments/.angelix/validation
DEBUG    testing         run: /angelix-experiments/.aux/php/php-oracle 60
INFO     testing         output code: 1
INFO     testing         running test '61' of validation source
DEBUG    testing         ANGELIX_WORKDIR: /angelix-experiments/.angelix
DEBUG    testing         ANGELIX_TEST_ID: 61
DEBUG    testing         cwd: /angelix-experiments/.angelix/validation
DEBUG    testing         run: /angelix-experiments/.aux/php/php-oracle 61
INFO     testing         output code: 1
INFO     testing         running test '62' of validation source
DEBUG    testing         ANGELIX_WORKDIR: /angelix-experiments/.angelix
DEBUG    testing         ANGELIX_TEST_ID: 62
DEBUG    testing         cwd: /angelix-experiments/.angelix/validation
DEBUG    testing         run: /angelix-experiments/.aux/php/php-oracle 62
INFO     testing         output code: 0
INFO     testing         running test '63' of validation source
DEBUG    testing         ANGELIX_WORKDIR: /angelix-experiments/.angelix
DEBUG    testing         ANGELIX_TEST_ID: 63
DEBUG    testing         cwd: /angelix-experiments/.angelix/validation
DEBUG    testing         run: /angelix-experiments/.aux/php/php-oracle 63
INFO     testing         output code: 0
INFO     testing         running test '64' of validation source
DEBUG    testing         ANGELIX_WORKDIR: /angelix-experiments/.angelix
DEBUG    testing         ANGELIX_TEST_ID: 64
DEBUG    testing         cwd: /angelix-experiments/.angelix/validation
DEBUG    testing         run: /angelix-experiments/.aux/php/php-oracle 64
INFO     testing         output code: 0
INFO     testing         running test '65' of validation source
DEBUG    testing         ANGELIX_WORKDIR: /angelix-experiments/.angelix
DEBUG    testing         ANGELIX_TEST_ID: 65
DEBUG    testing         cwd: /angelix-experiments/.angelix/validation
DEBUG    testing         run: /angelix-experiments/.aux/php/php-oracle 65
INFO     testing         output code: 0
INFO     testing         running test '66' of validation source
DEBUG    testing         ANGELIX_WORKDIR: /angelix-experiments/.angelix
DEBUG    testing         ANGELIX_TEST_ID: 66
DEBUG    testing         cwd: /angelix-experiments/.angelix/validation
DEBUG    testing         run: /angelix-experiments/.aux/php/php-oracle 66
INFO     testing         output code: 0
INFO     testing         running test '67' of validation source
DEBUG    testing         ANGELIX_WORKDIR: /angelix-experiments/.angelix
DEBUG    testing         ANGELIX_TEST_ID: 67
DEBUG    testing         cwd: /angelix-experiments/.angelix/validation
DEBUG    testing         run: /angelix-experiments/.aux/php/php-oracle 67
INFO     testing         output code: 0
INFO     testing         running test '68' of validation source
DEBUG    testing         ANGELIX_WORKDIR: /angelix-experiments/.angelix
DEBUG    testing         ANGELIX_TEST_ID: 68
DEBUG    testing         cwd: /angelix-experiments/.angelix/validation
DEBUG    testing         run: /angelix-experiments/.aux/php/php-oracle 68
INFO     testing         output code: 0
INFO     testing         running test '69' of validation source
DEBUG    testing         ANGELIX_WORKDIR: /angelix-experiments/.angelix
DEBUG    testing         ANGELIX_TEST_ID: 69
DEBUG    testing         cwd: /angelix-experiments/.angelix/validation
DEBUG    testing         run: /angelix-experiments/.aux/php/php-oracle 69
INFO     testing         output code: 0
INFO     testing         running test '70' of validation source
DEBUG    testing         ANGELIX_WORKDIR: /angelix-experiments/.angelix
DEBUG    testing         ANGELIX_TEST_ID: 70
DEBUG    testing         cwd: /angelix-experiments/.angelix/validation
DEBUG    testing         run: /angelix-experiments/.aux/php/php-oracle 70
INFO     testing         output code: 0
INFO     testing         running test '71' of validation source
DEBUG    testing         ANGELIX_WORKDIR: /angelix-experiments/.angelix
DEBUG    testing         ANGELIX_TEST_ID: 71
DEBUG    testing         cwd: /angelix-experiments/.angelix/validation
DEBUG    testing         run: /angelix-experiments/.aux/php/php-oracle 71
INFO     testing         output code: 1
INFO     testing         running test '72' of validation source
DEBUG    testing         ANGELIX_WORKDIR: /angelix-experiments/.angelix
DEBUG    testing         ANGELIX_TEST_ID: 72
DEBUG    testing         cwd: /angelix-experiments/.angelix/validation
DEBUG    testing         run: /angelix-experiments/.aux/php/php-oracle 72
INFO     testing         output code: 1
INFO     testing         running test '73' of validation source
DEBUG    testing         ANGELIX_WORKDIR: /angelix-experiments/.angelix
DEBUG    testing         ANGELIX_TEST_ID: 73
DEBUG    testing         cwd: /angelix-experiments/.angelix/validation
DEBUG    testing         run: /angelix-experiments/.aux/php/php-oracle 73
INFO     testing         output code: 1
INFO     testing         running test '74' of validation source
DEBUG    testing         ANGELIX_WORKDIR: /angelix-experiments/.angelix
DEBUG    testing         ANGELIX_TEST_ID: 74
DEBUG    testing         cwd: /angelix-experiments/.angelix/validation
DEBUG    testing         run: /angelix-experiments/.aux/php/php-oracle 74
INFO     testing         output code: 0
INFO     testing         running test '75' of validation source
DEBUG    testing         ANGELIX_WORKDIR: /angelix-experiments/.angelix
DEBUG    testing         ANGELIX_TEST_ID: 75
DEBUG    testing         cwd: /angelix-experiments/.angelix/validation
DEBUG    testing         run: /angelix-experiments/.aux/php/php-oracle 75
INFO     testing         output code: 0
INFO     testing         running test '76' of validation source
DEBUG    testing         ANGELIX_WORKDIR: /angelix-experiments/.angelix
DEBUG    testing         ANGELIX_TEST_ID: 76
DEBUG    testing         cwd: /angelix-experiments/.angelix/validation
DEBUG    testing         run: /angelix-experiments/.aux/php/php-oracle 76
INFO     testing         output code: 0
INFO     testing         running test '77' of validation source
DEBUG    testing         ANGELIX_WORKDIR: /angelix-experiments/.angelix
DEBUG    testing         ANGELIX_TEST_ID: 77
DEBUG    testing         cwd: /angelix-experiments/.angelix/validation
DEBUG    testing         run: /angelix-experiments/.aux/php/php-oracle 77
INFO     testing         output code: 0
INFO     testing         running test '78' of validation source
DEBUG    testing         ANGELIX_WORKDIR: /angelix-experiments/.angelix
DEBUG    testing         ANGELIX_TEST_ID: 78
DEBUG    testing         cwd: /angelix-experiments/.angelix/validation
DEBUG    testing         run: /angelix-experiments/.aux/php/php-oracle 78
INFO     testing         output code: 0
INFO     testing         running test '79' of validation source
DEBUG    testing         ANGELIX_WORKDIR: /angelix-experiments/.angelix
DEBUG    testing         ANGELIX_TEST_ID: 79
DEBUG    testing         cwd: /angelix-experiments/.angelix/validation
DEBUG    testing         run: /angelix-experiments/.aux/php/php-oracle 79
INFO     testing         output code: 0
INFO     testing         running test '80' of validation source
DEBUG    testing         ANGELIX_WORKDIR: /angelix-experiments/.angelix
DEBUG    testing         ANGELIX_TEST_ID: 80
DEBUG    testing         cwd: /angelix-experiments/.angelix/validation
DEBUG    testing         run: /angelix-experiments/.aux/php/php-oracle 80
INFO     testing         output code: 0
INFO     testing         running test '81' of validation source
DEBUG    testing         ANGELIX_WORKDIR: /angelix-experiments/.angelix
DEBUG    testing         ANGELIX_TEST_ID: 81
DEBUG    testing         cwd: /angelix-experiments/.angelix/validation
DEBUG    testing         run: /angelix-experiments/.aux/php/php-oracle 81
INFO     testing         output code: 0
INFO     testing         running test '82' of validation source
DEBUG    testing         ANGELIX_WORKDIR: /angelix-experiments/.angelix
DEBUG    testing         ANGELIX_TEST_ID: 82
DEBUG    testing         cwd: /angelix-experiments/.angelix/validation
DEBUG    testing         run: /angelix-experiments/.aux/php/php-oracle 82
INFO     testing         output code: 0
INFO     testing         running test '83' of validation source
DEBUG    testing         ANGELIX_WORKDIR: /angelix-experiments/.angelix
DEBUG    testing         ANGELIX_TEST_ID: 83
DEBUG    testing         cwd: /angelix-experiments/.angelix/validation
DEBUG    testing         run: /angelix-experiments/.aux/php/php-oracle 83
INFO     testing         output code: 0
INFO     testing         running test '84' of validation source
DEBUG    testing         ANGELIX_WORKDIR: /angelix-experiments/.angelix
DEBUG    testing         ANGELIX_TEST_ID: 84
DEBUG    testing         cwd: /angelix-experiments/.angelix/validation
DEBUG    testing         run: /angelix-experiments/.aux/php/php-oracle 84
INFO     testing         output code: 0
INFO     testing         running test '85' of validation source
DEBUG    testing         ANGELIX_WORKDIR: /angelix-experiments/.angelix
DEBUG    testing         ANGELIX_TEST_ID: 85
DEBUG    testing         cwd: /angelix-experiments/.angelix/validation
DEBUG    testing         run: /angelix-experiments/.aux/php/php-oracle 85
INFO     testing         output code: 0
INFO     project         configuring golden source
DEBUG    project         configure_cmd: /angelix-experiments/.aux/php/php-configure
INFO     project         building golden source
DEBUG    project         CC: angelix-compiler --klee
DEBUG    project         cmd: /angelix-experiments/.aux/php/php-build
INFO     testing         running test '2' of golden source
DEBUG    testing         ANGELIX_WORKDIR: /angelix-experiments/.angelix
DEBUG    testing         ANGELIX_TEST_ID: 2
DEBUG    testing         cwd: /angelix-experiments/.angelix/golden
DEBUG    testing         run: /angelix-experiments/.aux/php/php-oracle 2
INFO     testing         output code: 1
INFO     testing         running test '4' of golden source
DEBUG    testing         ANGELIX_WORKDIR: /angelix-experiments/.angelix
DEBUG    testing         ANGELIX_TEST_ID: 4
DEBUG    testing         cwd: /angelix-experiments/.angelix/golden
DEBUG    testing         run: /angelix-experiments/.aux/php/php-oracle 4
INFO     testing         output code: 1
INFO     testing         running test '5' of golden source
DEBUG    testing         ANGELIX_WORKDIR: /angelix-experiments/.angelix
DEBUG    testing         ANGELIX_TEST_ID: 5
DEBUG    testing         cwd: /angelix-experiments/.angelix/golden
DEBUG    testing         run: /angelix-experiments/.aux/php/php-oracle 5
INFO     testing         output code: 1
INFO     testing         running test '7' of golden source
DEBUG    testing         ANGELIX_WORKDIR: /angelix-experiments/.angelix
DEBUG    testing         ANGELIX_TEST_ID: 7
DEBUG    testing         cwd: /angelix-experiments/.angelix/golden
DEBUG    testing         run: /angelix-experiments/.aux/php/php-oracle 7
INFO     testing         output code: 1
INFO     testing         running test '8' of golden source
DEBUG    testing         ANGELIX_WORKDIR: /angelix-experiments/.angelix
DEBUG    testing         ANGELIX_TEST_ID: 8
DEBUG    testing         cwd: /angelix-experiments/.angelix/golden
DEBUG    testing         run: /angelix-experiments/.aux/php/php-oracle 8
INFO     testing         output code: 1
INFO     testing         running test '9' of golden source
DEBUG    testing         ANGELIX_WORKDIR: /angelix-experiments/.angelix
DEBUG    testing         ANGELIX_TEST_ID: 9
DEBUG    testing         cwd: /angelix-experiments/.angelix/golden
DEBUG    testing         run: /angelix-experiments/.aux/php/php-oracle 9
INFO     testing         output code: 1
INFO     testing         running test '10' of golden source
DEBUG    testing         ANGELIX_WORKDIR: /angelix-experiments/.angelix
DEBUG    testing         ANGELIX_TEST_ID: 10
DEBUG    testing         cwd: /angelix-experiments/.angelix/golden
DEBUG    testing         run: /angelix-experiments/.aux/php/php-oracle 10
INFO     testing         output code: 1
INFO     testing         running test '11' of golden source
DEBUG    testing         ANGELIX_WORKDIR: /angelix-experiments/.angelix
DEBUG    testing         ANGELIX_TEST_ID: 11
DEBUG    testing         cwd: /angelix-experiments/.angelix/golden
DEBUG    testing         run: /angelix-experiments/.aux/php/php-oracle 11
INFO     testing         output code: 1
INFO     testing         running test '12' of golden source
DEBUG    testing         ANGELIX_WORKDIR: /angelix-experiments/.angelix
DEBUG    testing         ANGELIX_TEST_ID: 12
DEBUG    testing         cwd: /angelix-experiments/.angelix/golden
DEBUG    testing         run: /angelix-experiments/.aux/php/php-oracle 12
INFO     testing         output code: 1
INFO     testing         running test '13' of golden source
DEBUG    testing         ANGELIX_WORKDIR: /angelix-experiments/.angelix
DEBUG    testing         ANGELIX_TEST_ID: 13
DEBUG    testing         cwd: /angelix-experiments/.angelix/golden
DEBUG    testing         run: /angelix-experiments/.aux/php/php-oracle 13
INFO     testing         output code: 1
INFO     testing         running test '14' of golden source
DEBUG    testing         ANGELIX_WORKDIR: /angelix-experiments/.angelix
DEBUG    testing         ANGELIX_TEST_ID: 14
DEBUG    testing         cwd: /angelix-experiments/.angelix/golden
DEBUG    testing         run: /angelix-experiments/.aux/php/php-oracle 14
INFO     testing         output code: 1
INFO     testing         running test '15' of golden source
DEBUG    testing         ANGELIX_WORKDIR: /angelix-experiments/.angelix
DEBUG    testing         ANGELIX_TEST_ID: 15
DEBUG    testing         cwd: /angelix-experiments/.angelix/golden
DEBUG    testing         run: /angelix-experiments/.aux/php/php-oracle 15
INFO     testing         output code: 1
INFO     testing         running test '16' of golden source
DEBUG    testing         ANGELIX_WORKDIR: /angelix-experiments/.angelix
DEBUG    testing         ANGELIX_TEST_ID: 16
DEBUG    testing         cwd: /angelix-experiments/.angelix/golden
DEBUG    testing         run: /angelix-experiments/.aux/php/php-oracle 16
INFO     testing         output code: 1
INFO     testing         running test '17' of golden source
DEBUG    testing         ANGELIX_WORKDIR: /angelix-experiments/.angelix
DEBUG    testing         ANGELIX_TEST_ID: 17
DEBUG    testing         cwd: /angelix-experiments/.angelix/golden
DEBUG    testing         run: /angelix-experiments/.aux/php/php-oracle 17
INFO     testing         output code: 1
INFO     testing         running test '18' of golden source
DEBUG    testing         ANGELIX_WORKDIR: /angelix-experiments/.angelix
DEBUG    testing         ANGELIX_TEST_ID: 18
DEBUG    testing         cwd: /angelix-experiments/.angelix/golden
DEBUG    testing         run: /angelix-experiments/.aux/php/php-oracle 18
INFO     testing         output code: 1
INFO     testing         running test '19' of golden source
DEBUG    testing         ANGELIX_WORKDIR: /angelix-experiments/.angelix
DEBUG    testing         ANGELIX_TEST_ID: 19
DEBUG    testing         cwd: /angelix-experiments/.angelix/golden
DEBUG    testing         run: /angelix-experiments/.aux/php/php-oracle 19
INFO     testing         output code: 1
INFO     testing         running test '20' of golden source
DEBUG    testing         ANGELIX_WORKDIR: /angelix-experiments/.angelix
DEBUG    testing         ANGELIX_TEST_ID: 20
DEBUG    testing         cwd: /angelix-experiments/.angelix/golden
DEBUG    testing         run: /angelix-experiments/.aux/php/php-oracle 20
INFO     testing         output code: 1
INFO     testing         running test '21' of golden source
DEBUG    testing         ANGELIX_WORKDIR: /angelix-experiments/.angelix
DEBUG    testing         ANGELIX_TEST_ID: 21
DEBUG    testing         cwd: /angelix-experiments/.angelix/golden
DEBUG    testing         run: /angelix-experiments/.aux/php/php-oracle 21
INFO     testing         output code: 1
INFO     testing         running test '22' of golden source
DEBUG    testing         ANGELIX_WORKDIR: /angelix-experiments/.angelix
DEBUG    testing         ANGELIX_TEST_ID: 22
DEBUG    testing         cwd: /angelix-experiments/.angelix/golden
DEBUG    testing         run: /angelix-experiments/.aux/php/php-oracle 22
INFO     testing         output code: 1
INFO     testing         running test '23' of golden source
DEBUG    testing         ANGELIX_WORKDIR: /angelix-experiments/.angelix
DEBUG    testing         ANGELIX_TEST_ID: 23
DEBUG    testing         cwd: /angelix-experiments/.angelix/golden
DEBUG    testing         run: /angelix-experiments/.aux/php/php-oracle 23
INFO     testing         output code: 1
INFO     testing         running test '24' of golden source
DEBUG    testing         ANGELIX_WORKDIR: /angelix-experiments/.angelix
DEBUG    testing         ANGELIX_TEST_ID: 24
DEBUG    testing         cwd: /angelix-experiments/.angelix/golden
DEBUG    testing         run: /angelix-experiments/.aux/php/php-oracle 24
INFO     testing         output code: 1
INFO     testing         running test '25' of golden source
DEBUG    testing         ANGELIX_WORKDIR: /angelix-experiments/.angelix
DEBUG    testing         ANGELIX_TEST_ID: 25
DEBUG    testing         cwd: /angelix-experiments/.angelix/golden
DEBUG    testing         run: /angelix-experiments/.aux/php/php-oracle 25
INFO     testing         output code: 1
INFO     testing         running test '26' of golden source
DEBUG    testing         ANGELIX_WORKDIR: /angelix-experiments/.angelix
DEBUG    testing         ANGELIX_TEST_ID: 26
DEBUG    testing         cwd: /angelix-experiments/.angelix/golden
DEBUG    testing         run: /angelix-experiments/.aux/php/php-oracle 26
INFO     testing         output code: 1
INFO     testing         running test '27' of golden source
DEBUG    testing         ANGELIX_WORKDIR: /angelix-experiments/.angelix
DEBUG    testing         ANGELIX_TEST_ID: 27
DEBUG    testing         cwd: /angelix-experiments/.angelix/golden
DEBUG    testing         run: /angelix-experiments/.aux/php/php-oracle 27
INFO     testing         output code: 1
INFO     testing         running test '28' of golden source
DEBUG    testing         ANGELIX_WORKDIR: /angelix-experiments/.angelix
DEBUG    testing         ANGELIX_TEST_ID: 28
DEBUG    testing         cwd: /angelix-experiments/.angelix/golden
DEBUG    testing         run: /angelix-experiments/.aux/php/php-oracle 28
INFO     testing         output code: 1
INFO     testing         running test '29' of golden source
DEBUG    testing         ANGELIX_WORKDIR: /angelix-experiments/.angelix
DEBUG    testing         ANGELIX_TEST_ID: 29
DEBUG    testing         cwd: /angelix-experiments/.angelix/golden
DEBUG    testing         run: /angelix-experiments/.aux/php/php-oracle 29
INFO     testing         output code: 1
INFO     testing         running test '30' of golden source
DEBUG    testing         ANGELIX_WORKDIR: /angelix-experiments/.angelix
DEBUG    testing         ANGELIX_TEST_ID: 30
DEBUG    testing         cwd: /angelix-experiments/.angelix/golden
DEBUG    testing         run: /angelix-experiments/.aux/php/php-oracle 30
INFO     testing         output code: 1
INFO     testing         running test '32' of golden source
DEBUG    testing         ANGELIX_WORKDIR: /angelix-experiments/.angelix
DEBUG    testing         ANGELIX_TEST_ID: 32
DEBUG    testing         cwd: /angelix-experiments/.angelix/golden
DEBUG    testing         run: /angelix-experiments/.aux/php/php-oracle 32
INFO     testing         output code: 1
INFO     testing         running test '33' of golden source
DEBUG    testing         ANGELIX_WORKDIR: /angelix-experiments/.angelix
DEBUG    testing         ANGELIX_TEST_ID: 33
DEBUG    testing         cwd: /angelix-experiments/.angelix/golden
DEBUG    testing         run: /angelix-experiments/.aux/php/php-oracle 33
INFO     testing         output code: 1
INFO     testing         running test '34' of golden source
DEBUG    testing         ANGELIX_WORKDIR: /angelix-experiments/.angelix
DEBUG    testing         ANGELIX_TEST_ID: 34
DEBUG    testing         cwd: /angelix-experiments/.angelix/golden
DEBUG    testing         run: /angelix-experiments/.aux/php/php-oracle 34
INFO     testing         output code: 1
INFO     testing         running test '35' of golden source
DEBUG    testing         ANGELIX_WORKDIR: /angelix-experiments/.angelix
DEBUG    testing         ANGELIX_TEST_ID: 35
DEBUG    testing         cwd: /angelix-experiments/.angelix/golden
DEBUG    testing         run: /angelix-experiments/.aux/php/php-oracle 35
INFO     testing         output code: 1
INFO     testing         running test '36' of golden source
DEBUG    testing         ANGELIX_WORKDIR: /angelix-experiments/.angelix
DEBUG    testing         ANGELIX_TEST_ID: 36
DEBUG    testing         cwd: /angelix-experiments/.angelix/golden
DEBUG    testing         run: /angelix-experiments/.aux/php/php-oracle 36
INFO     testing         output code: 1
INFO     testing         running test '37' of golden source
DEBUG    testing         ANGELIX_WORKDIR: /angelix-experiments/.angelix
DEBUG    testing         ANGELIX_TEST_ID: 37
DEBUG    testing         cwd: /angelix-experiments/.angelix/golden
DEBUG    testing         run: /angelix-experiments/.aux/php/php-oracle 37
INFO     testing         output code: 1
INFO     testing         running test '38' of golden source
DEBUG    testing         ANGELIX_WORKDIR: /angelix-experiments/.angelix
DEBUG    testing         ANGELIX_TEST_ID: 38
DEBUG    testing         cwd: /angelix-experiments/.angelix/golden
DEBUG    testing         run: /angelix-experiments/.aux/php/php-oracle 38
INFO     testing         output code: 1
INFO     testing         running test '39' of golden source
DEBUG    testing         ANGELIX_WORKDIR: /angelix-experiments/.angelix
DEBUG    testing         ANGELIX_TEST_ID: 39
DEBUG    testing         cwd: /angelix-experiments/.angelix/golden
DEBUG    testing         run: /angelix-experiments/.aux/php/php-oracle 39
INFO     testing         output code: 1
INFO     testing         running test '40' of golden source
DEBUG    testing         ANGELIX_WORKDIR: /angelix-experiments/.angelix
DEBUG    testing         ANGELIX_TEST_ID: 40
DEBUG    testing         cwd: /angelix-experiments/.angelix/golden
DEBUG    testing         run: /angelix-experiments/.aux/php/php-oracle 40
INFO     testing         output code: 1
INFO     testing         running test '41' of golden source
DEBUG    testing         ANGELIX_WORKDIR: /angelix-experiments/.angelix
DEBUG    testing         ANGELIX_TEST_ID: 41
DEBUG    testing         cwd: /angelix-experiments/.angelix/golden
DEBUG    testing         run: /angelix-experiments/.aux/php/php-oracle 41
INFO     testing         output code: 1
INFO     testing         running test '42' of golden source
DEBUG    testing         ANGELIX_WORKDIR: /angelix-experiments/.angelix
DEBUG    testing         ANGELIX_TEST_ID: 42
DEBUG    testing         cwd: /angelix-experiments/.angelix/golden
DEBUG    testing         run: /angelix-experiments/.aux/php/php-oracle 42
INFO     testing         output code: 1
INFO     testing         running test '43' of golden source
DEBUG    testing         ANGELIX_WORKDIR: /angelix-experiments/.angelix
DEBUG    testing         ANGELIX_TEST_ID: 43
DEBUG    testing         cwd: /angelix-experiments/.angelix/golden
DEBUG    testing         run: /angelix-experiments/.aux/php/php-oracle 43
INFO     testing         output code: 1
INFO     testing         running test '44' of golden source
DEBUG    testing         ANGELIX_WORKDIR: /angelix-experiments/.angelix
DEBUG    testing         ANGELIX_TEST_ID: 44
DEBUG    testing         cwd: /angelix-experiments/.angelix/golden
DEBUG    testing         run: /angelix-experiments/.aux/php/php-oracle 44
INFO     testing         output code: 1
INFO     testing         running test '45' of golden source
DEBUG    testing         ANGELIX_WORKDIR: /angelix-experiments/.angelix
DEBUG    testing         ANGELIX_TEST_ID: 45
DEBUG    testing         cwd: /angelix-experiments/.angelix/golden
DEBUG    testing         run: /angelix-experiments/.aux/php/php-oracle 45
INFO     testing         output code: 1
INFO     testing         running test '46' of golden source
DEBUG    testing         ANGELIX_WORKDIR: /angelix-experiments/.angelix
DEBUG    testing         ANGELIX_TEST_ID: 46
DEBUG    testing         cwd: /angelix-experiments/.angelix/golden
DEBUG    testing         run: /angelix-experiments/.aux/php/php-oracle 46
INFO     testing         output code: 1
INFO     testing         running test '47' of golden source
DEBUG    testing         ANGELIX_WORKDIR: /angelix-experiments/.angelix
DEBUG    testing         ANGELIX_TEST_ID: 47
DEBUG    testing         cwd: /angelix-experiments/.angelix/golden
DEBUG    testing         run: /angelix-experiments/.aux/php/php-oracle 47
INFO     testing         output code: 1
INFO     testing         running test '50' of golden source
DEBUG    testing         ANGELIX_WORKDIR: /angelix-experiments/.angelix
DEBUG    testing         ANGELIX_TEST_ID: 50
DEBUG    testing         cwd: /angelix-experiments/.angelix/golden
DEBUG    testing         run: /angelix-experiments/.aux/php/php-oracle 50
INFO     testing         output code: 1
INFO     testing         running test '51' of golden source
DEBUG    testing         ANGELIX_WORKDIR: /angelix-experiments/.angelix
DEBUG    testing         ANGELIX_TEST_ID: 51
DEBUG    testing         cwd: /angelix-experiments/.angelix/golden
DEBUG    testing         run: /angelix-experiments/.aux/php/php-oracle 51
INFO     testing         output code: 1
INFO     testing         running test '52' of golden source
DEBUG    testing         ANGELIX_WORKDIR: /angelix-experiments/.angelix
DEBUG    testing         ANGELIX_TEST_ID: 52
DEBUG    testing         cwd: /angelix-experiments/.angelix/golden
DEBUG    testing         run: /angelix-experiments/.aux/php/php-oracle 52
INFO     testing         output code: 1
INFO     testing         running test '53' of golden source
DEBUG    testing         ANGELIX_WORKDIR: /angelix-experiments/.angelix
DEBUG    testing         ANGELIX_TEST_ID: 53
DEBUG    testing         cwd: /angelix-experiments/.angelix/golden
DEBUG    testing         run: /angelix-experiments/.aux/php/php-oracle 53
INFO     testing         output code: 1
INFO     testing         running test '54' of golden source
DEBUG    testing         ANGELIX_WORKDIR: /angelix-experiments/.angelix
DEBUG    testing         ANGELIX_TEST_ID: 54
DEBUG    testing         cwd: /angelix-experiments/.angelix/golden
DEBUG    testing         run: /angelix-experiments/.aux/php/php-oracle 54
INFO     testing         output code: 1
INFO     testing         running test '55' of golden source
DEBUG    testing         ANGELIX_WORKDIR: /angelix-experiments/.angelix
DEBUG    testing         ANGELIX_TEST_ID: 55
DEBUG    testing         cwd: /angelix-experiments/.angelix/golden
DEBUG    testing         run: /angelix-experiments/.aux/php/php-oracle 55
INFO     testing         output code: 1
INFO     testing         running test '56' of golden source
DEBUG    testing         ANGELIX_WORKDIR: /angelix-experiments/.angelix
DEBUG    testing         ANGELIX_TEST_ID: 56
DEBUG    testing         cwd: /angelix-experiments/.angelix/golden
DEBUG    testing         run: /angelix-experiments/.aux/php/php-oracle 56
INFO     testing         output code: 1
INFO     testing         running test '57' of golden source
DEBUG    testing         ANGELIX_WORKDIR: /angelix-experiments/.angelix
DEBUG    testing         ANGELIX_TEST_ID: 57
DEBUG    testing         cwd: /angelix-experiments/.angelix/golden
DEBUG    testing         run: /angelix-experiments/.aux/php/php-oracle 57
INFO     testing         output code: 1
INFO     testing         running test '58' of golden source
DEBUG    testing         ANGELIX_WORKDIR: /angelix-experiments/.angelix
DEBUG    testing         ANGELIX_TEST_ID: 58
DEBUG    testing         cwd: /angelix-experiments/.angelix/golden
DEBUG    testing         run: /angelix-experiments/.aux/php/php-oracle 58
INFO     testing         output code: 1
INFO     testing         running test '59' of golden source
DEBUG    testing         ANGELIX_WORKDIR: /angelix-experiments/.angelix
DEBUG    testing         ANGELIX_TEST_ID: 59
DEBUG    testing         cwd: /angelix-experiments/.angelix/golden
DEBUG    testing         run: /angelix-experiments/.aux/php/php-oracle 59
INFO     testing         output code: 1
INFO     testing         running test '60' of golden source
DEBUG    testing         ANGELIX_WORKDIR: /angelix-experiments/.angelix
DEBUG    testing         ANGELIX_TEST_ID: 60
DEBUG    testing         cwd: /angelix-experiments/.angelix/golden
DEBUG    testing         run: /angelix-experiments/.aux/php/php-oracle 60
INFO     testing         output code: 1
INFO     testing         running test '61' of golden source
DEBUG    testing         ANGELIX_WORKDIR: /angelix-experiments/.angelix
DEBUG    testing         ANGELIX_TEST_ID: 61
DEBUG    testing         cwd: /angelix-experiments/.angelix/golden
DEBUG    testing         run: /angelix-experiments/.aux/php/php-oracle 61
INFO     testing         output code: 0
INFO     testing         running test '71' of golden source
DEBUG    testing         ANGELIX_WORKDIR: /angelix-experiments/.angelix
DEBUG    testing         ANGELIX_TEST_ID: 71
DEBUG    testing         cwd: /angelix-experiments/.angelix/golden
DEBUG    testing         run: /angelix-experiments/.aux/php/php-oracle 71
INFO     testing         output code: 1
INFO     testing         running test '72' of golden source
DEBUG    testing         ANGELIX_WORKDIR: /angelix-experiments/.angelix
DEBUG    testing         ANGELIX_TEST_ID: 72
DEBUG    testing         cwd: /angelix-experiments/.angelix/golden
DEBUG    testing         run: /angelix-experiments/.aux/php/php-oracle 72
INFO     testing         output code: 1
INFO     testing         running test '73' of golden source
DEBUG    testing         ANGELIX_WORKDIR: /angelix-experiments/.angelix
DEBUG    testing         ANGELIX_TEST_ID: 73
DEBUG    testing         cwd: /angelix-experiments/.angelix/golden
DEBUG    testing         run: /angelix-experiments/.aux/php/php-oracle 73
INFO     testing         output code: 1
WARNING  repair          excluding test 2 because it fails in golden version
WARNING  repair          excluding test 4 because it fails in golden version
WARNING  repair          excluding test 5 because it fails in golden version
WARNING  repair          excluding test 7 because it fails in golden version
WARNING  repair          excluding test 8 because it fails in golden version
WARNING  repair          excluding test 9 because it fails in golden version
WARNING  repair          excluding test 10 because it fails in golden version
WARNING  repair          excluding test 11 because it fails in golden version
WARNING  repair          excluding test 12 because it fails in golden version
WARNING  repair          excluding test 13 because it fails in golden version
WARNING  repair          excluding test 14 because it fails in golden version
WARNING  repair          excluding test 15 because it fails in golden version
WARNING  repair          excluding test 16 because it fails in golden version
WARNING  repair          excluding test 17 because it fails in golden version
WARNING  repair          excluding test 18 because it fails in golden version
WARNING  repair          excluding test 19 because it fails in golden version
WARNING  repair          excluding test 20 because it fails in golden version
WARNING  repair          excluding test 21 because it fails in golden version
WARNING  repair          excluding test 22 because it fails in golden version
WARNING  repair          excluding test 23 because it fails in golden version
WARNING  repair          excluding test 24 because it fails in golden version
WARNING  repair          excluding test 25 because it fails in golden version
WARNING  repair          excluding test 26 because it fails in golden version
WARNING  repair          excluding test 27 because it fails in golden version
WARNING  repair          excluding test 28 because it fails in golden version
WARNING  repair          excluding test 29 because it fails in golden version
WARNING  repair          excluding test 30 because it fails in golden version
WARNING  repair          excluding test 32 because it fails in golden version
WARNING  repair          excluding test 33 because it fails in golden version
WARNING  repair          excluding test 34 because it fails in golden version
WARNING  repair          excluding test 35 because it fails in golden version
WARNING  repair          excluding test 36 because it fails in golden version
WARNING  repair          excluding test 37 because it fails in golden version
WARNING  repair          excluding test 38 because it fails in golden version
WARNING  repair          excluding test 39 because it fails in golden version
WARNING  repair          excluding test 40 because it fails in golden version
WARNING  repair          excluding test 41 because it fails in golden version
WARNING  repair          excluding test 42 because it fails in golden version
WARNING  repair          excluding test 43 because it fails in golden version
WARNING  repair          excluding test 44 because it fails in golden version
WARNING  repair          excluding test 45 because it fails in golden version
WARNING  repair          excluding test 46 because it fails in golden version
WARNING  repair          excluding test 47 because it fails in golden version
WARNING  repair          excluding test 50 because it fails in golden version
WARNING  repair          excluding test 51 because it fails in golden version
WARNING  repair          excluding test 52 because it fails in golden version
WARNING  repair          excluding test 53 because it fails in golden version
WARNING  repair          excluding test 54 because it fails in golden version
WARNING  repair          excluding test 55 because it fails in golden version
WARNING  repair          excluding test 56 because it fails in golden version
WARNING  repair          excluding test 57 because it fails in golden version
WARNING  repair          excluding test 58 because it fails in golden version
WARNING  repair          excluding test 59 because it fails in golden version
WARNING  repair          excluding test 60 because it fails in golden version
WARNING  repair          excluding test 71 because it fails in golden version
WARNING  repair          excluding test 72 because it fails in golden version
WARNING  repair          excluding test 73 because it fails in golden version
INFO     repair          positive: ['1', '3', '6', '31', '48', '49', '62', '63', '64', '65', '66', '67', '68', '69', '70', '74', '75', '76', '77', '78', '79', '80', '81', '82', '83', '84', '85']
INFO     repair          negative: ['61']
INFO     project         configuring frontend source
DEBUG    project         configure_cmd: /angelix-experiments/.aux/php/php-configure
INFO     transformation  instrumenting repairable of frontend source
DEBUG    transformation  ANGELIX_ASSIGNMENTS_DEFECT_CLASS=YES
DEBUG    transformation  ANGELIX_USED_VARIABLES=YES
DEBUG    transformation  trans dir: /angelix-experiments/.angelix/frontend
DEBUG    transformation  trans cmd: instrument-repairable ext/reflection/php_reflection.c
INFO     project         building frontend source
DEBUG    project         CC: angelix-compiler --klee
DEBUG    project         cmd: /angelix-experiments/.aux/php/php-build
INFO     repair          running positive tests for debugging
INFO     testing         running test '1' of frontend source
DEBUG    testing         ANGELIX_WITH_DUMPING: /angelix-experiments/.angelix/dump/1
DEBUG    testing         ANGELIX_WITH_TRACING: /angelix-experiments/.angelix/trace/1
DEBUG    testing         ANGELIX_RUN: angelix-run-test
DEBUG    testing         ANGELIX_WORKDIR: /angelix-experiments/.angelix
DEBUG    testing         ANGELIX_TEST_ID: 1
DEBUG    testing         cwd: /angelix-experiments/.angelix/frontend
DEBUG    testing         run: /angelix-experiments/.aux/php/php-oracle 1
INFO     testing         output code: 0
INFO     testing         running test '3' of frontend source
DEBUG    testing         ANGELIX_WITH_DUMPING: /angelix-experiments/.angelix/dump/3
DEBUG    testing         ANGELIX_WITH_TRACING: /angelix-experiments/.angelix/trace/3
DEBUG    testing         ANGELIX_RUN: angelix-run-test
DEBUG    testing         ANGELIX_WORKDIR: /angelix-experiments/.angelix
DEBUG    testing         ANGELIX_TEST_ID: 3
DEBUG    testing         cwd: /angelix-experiments/.angelix/frontend
DEBUG    testing         run: /angelix-experiments/.aux/php/php-oracle 3
INFO     testing         output code: 0
INFO     testing         running test '6' of frontend source
DEBUG    testing         ANGELIX_WITH_DUMPING: /angelix-experiments/.angelix/dump/6
DEBUG    testing         ANGELIX_WITH_TRACING: /angelix-experiments/.angelix/trace/6
DEBUG    testing         ANGELIX_RUN: angelix-run-test
DEBUG    testing         ANGELIX_WORKDIR: /angelix-experiments/.angelix
DEBUG    testing         ANGELIX_TEST_ID: 6
DEBUG    testing         cwd: /angelix-experiments/.angelix/frontend
DEBUG    testing         run: /angelix-experiments/.aux/php/php-oracle 6
INFO     testing         output code: 0
INFO     testing         running test '31' of frontend source
DEBUG    testing         ANGELIX_WITH_DUMPING: /angelix-experiments/.angelix/dump/31
DEBUG    testing         ANGELIX_WITH_TRACING: /angelix-experiments/.angelix/trace/31
DEBUG    testing         ANGELIX_RUN: angelix-run-test
DEBUG    testing         ANGELIX_WORKDIR: /angelix-experiments/.angelix
DEBUG    testing         ANGELIX_TEST_ID: 31
DEBUG    testing         cwd: /angelix-experiments/.angelix/frontend
DEBUG    testing         run: /angelix-experiments/.aux/php/php-oracle 31
INFO     testing         output code: 0
INFO     testing         running test '48' of frontend source
DEBUG    testing         ANGELIX_WITH_DUMPING: /angelix-experiments/.angelix/dump/48
DEBUG    testing         ANGELIX_WITH_TRACING: /angelix-experiments/.angelix/trace/48
DEBUG    testing         ANGELIX_RUN: angelix-run-test
DEBUG    testing         ANGELIX_WORKDIR: /angelix-experiments/.angelix
DEBUG    testing         ANGELIX_TEST_ID: 48
DEBUG    testing         cwd: /angelix-experiments/.angelix/frontend
DEBUG    testing         run: /angelix-experiments/.aux/php/php-oracle 48
INFO     testing         output code: 0
INFO     testing         running test '49' of frontend source
DEBUG    testing         ANGELIX_WITH_DUMPING: /angelix-experiments/.angelix/dump/49
DEBUG    testing         ANGELIX_WITH_TRACING: /angelix-experiments/.angelix/trace/49
DEBUG    testing         ANGELIX_RUN: angelix-run-test
DEBUG    testing         ANGELIX_WORKDIR: /angelix-experiments/.angelix
DEBUG    testing         ANGELIX_TEST_ID: 49
DEBUG    testing         cwd: /angelix-experiments/.angelix/frontend
DEBUG    testing         run: /angelix-experiments/.aux/php/php-oracle 49
INFO     testing         output code: 0
INFO     testing         running test '62' of frontend source
DEBUG    testing         ANGELIX_WITH_DUMPING: /angelix-experiments/.angelix/dump/62
DEBUG    testing         ANGELIX_WITH_TRACING: /angelix-experiments/.angelix/trace/62
DEBUG    testing         ANGELIX_RUN: angelix-run-test
DEBUG    testing         ANGELIX_WORKDIR: /angelix-experiments/.angelix
DEBUG    testing         ANGELIX_TEST_ID: 62
DEBUG    testing         cwd: /angelix-experiments/.angelix/frontend
DEBUG    testing         run: /angelix-experiments/.aux/php/php-oracle 62
INFO     testing         output code: 0
INFO     testing         running test '63' of frontend source
DEBUG    testing         ANGELIX_WITH_DUMPING: /angelix-experiments/.angelix/dump/63
DEBUG    testing         ANGELIX_WITH_TRACING: /angelix-experiments/.angelix/trace/63
DEBUG    testing         ANGELIX_RUN: angelix-run-test
DEBUG    testing         ANGELIX_WORKDIR: /angelix-experiments/.angelix
DEBUG    testing         ANGELIX_TEST_ID: 63
DEBUG    testing         cwd: /angelix-experiments/.angelix/frontend
DEBUG    testing         run: /angelix-experiments/.aux/php/php-oracle 63
INFO     testing         output code: 0
INFO     testing         running test '64' of frontend source
DEBUG    testing         ANGELIX_WITH_DUMPING: /angelix-experiments/.angelix/dump/64
DEBUG    testing         ANGELIX_WITH_TRACING: /angelix-experiments/.angelix/trace/64
DEBUG    testing         ANGELIX_RUN: angelix-run-test
DEBUG    testing         ANGELIX_WORKDIR: /angelix-experiments/.angelix
DEBUG    testing         ANGELIX_TEST_ID: 64
DEBUG    testing         cwd: /angelix-experiments/.angelix/frontend
DEBUG    testing         run: /angelix-experiments/.aux/php/php-oracle 64
INFO     testing         output code: 0
INFO     testing         running test '65' of frontend source
DEBUG    testing         ANGELIX_WITH_DUMPING: /angelix-experiments/.angelix/dump/65
DEBUG    testing         ANGELIX_WITH_TRACING: /angelix-experiments/.angelix/trace/65
DEBUG    testing         ANGELIX_RUN: angelix-run-test
DEBUG    testing         ANGELIX_WORKDIR: /angelix-experiments/.angelix
DEBUG    testing         ANGELIX_TEST_ID: 65
DEBUG    testing         cwd: /angelix-experiments/.angelix/frontend
DEBUG    testing         run: /angelix-experiments/.aux/php/php-oracle 65
INFO     testing         output code: 0
INFO     testing         running test '66' of frontend source
DEBUG    testing         ANGELIX_WITH_DUMPING: /angelix-experiments/.angelix/dump/66
DEBUG    testing         ANGELIX_WITH_TRACING: /angelix-experiments/.angelix/trace/66
DEBUG    testing         ANGELIX_RUN: angelix-run-test
DEBUG    testing         ANGELIX_WORKDIR: /angelix-experiments/.angelix
DEBUG    testing         ANGELIX_TEST_ID: 66
DEBUG    testing         cwd: /angelix-experiments/.angelix/frontend
DEBUG    testing         run: /angelix-experiments/.aux/php/php-oracle 66
INFO     testing         output code: 0
INFO     testing         running test '67' of frontend source
DEBUG    testing         ANGELIX_WITH_DUMPING: /angelix-experiments/.angelix/dump/67
DEBUG    testing         ANGELIX_WITH_TRACING: /angelix-experiments/.angelix/trace/67
DEBUG    testing         ANGELIX_RUN: angelix-run-test
DEBUG    testing         ANGELIX_WORKDIR: /angelix-experiments/.angelix
DEBUG    testing         ANGELIX_TEST_ID: 67
DEBUG    testing         cwd: /angelix-experiments/.angelix/frontend
DEBUG    testing         run: /angelix-experiments/.aux/php/php-oracle 67
INFO     testing         output code: 0
INFO     testing         running test '68' of frontend source
DEBUG    testing         ANGELIX_WITH_DUMPING: /angelix-experiments/.angelix/dump/68
DEBUG    testing         ANGELIX_WITH_TRACING: /angelix-experiments/.angelix/trace/68
DEBUG    testing         ANGELIX_RUN: angelix-run-test
DEBUG    testing         ANGELIX_WORKDIR: /angelix-experiments/.angelix
DEBUG    testing         ANGELIX_TEST_ID: 68
DEBUG    testing         cwd: /angelix-experiments/.angelix/frontend
DEBUG    testing         run: /angelix-experiments/.aux/php/php-oracle 68
INFO     testing         output code: 0
INFO     testing         running test '69' of frontend source
DEBUG    testing         ANGELIX_WITH_DUMPING: /angelix-experiments/.angelix/dump/69
DEBUG    testing         ANGELIX_WITH_TRACING: /angelix-experiments/.angelix/trace/69
DEBUG    testing         ANGELIX_RUN: angelix-run-test
DEBUG    testing         ANGELIX_WORKDIR: /angelix-experiments/.angelix
DEBUG    testing         ANGELIX_TEST_ID: 69
DEBUG    testing         cwd: /angelix-experiments/.angelix/frontend
DEBUG    testing         run: /angelix-experiments/.aux/php/php-oracle 69
INFO     testing         output code: 0
INFO     testing         running test '70' of frontend source
DEBUG    testing         ANGELIX_WITH_DUMPING: /angelix-experiments/.angelix/dump/70
DEBUG    testing         ANGELIX_WITH_TRACING: /angelix-experiments/.angelix/trace/70
DEBUG    testing         ANGELIX_RUN: angelix-run-test
DEBUG    testing         ANGELIX_WORKDIR: /angelix-experiments/.angelix
DEBUG    testing         ANGELIX_TEST_ID: 70
DEBUG    testing         cwd: /angelix-experiments/.angelix/frontend
DEBUG    testing         run: /angelix-experiments/.aux/php/php-oracle 70
INFO     testing         output code: 0
INFO     testing         running test '74' of frontend source
DEBUG    testing         ANGELIX_WITH_DUMPING: /angelix-experiments/.angelix/dump/74
DEBUG    testing         ANGELIX_WITH_TRACING: /angelix-experiments/.angelix/trace/74
DEBUG    testing         ANGELIX_RUN: angelix-run-test
DEBUG    testing         ANGELIX_WORKDIR: /angelix-experiments/.angelix
DEBUG    testing         ANGELIX_TEST_ID: 74
DEBUG    testing         cwd: /angelix-experiments/.angelix/frontend
DEBUG    testing         run: /angelix-experiments/.aux/php/php-oracle 74
INFO     testing         output code: 0
INFO     testing         running test '75' of frontend source
DEBUG    testing         ANGELIX_WITH_DUMPING: /angelix-experiments/.angelix/dump/75
DEBUG    testing         ANGELIX_WITH_TRACING: /angelix-experiments/.angelix/trace/75
DEBUG    testing         ANGELIX_RUN: angelix-run-test
DEBUG    testing         ANGELIX_WORKDIR: /angelix-experiments/.angelix
DEBUG    testing         ANGELIX_TEST_ID: 75
DEBUG    testing         cwd: /angelix-experiments/.angelix/frontend
DEBUG    testing         run: /angelix-experiments/.aux/php/php-oracle 75
INFO     testing         output code: 0
INFO     testing         running test '76' of frontend source
DEBUG    testing         ANGELIX_WITH_DUMPING: /angelix-experiments/.angelix/dump/76
DEBUG    testing         ANGELIX_WITH_TRACING: /angelix-experiments/.angelix/trace/76
DEBUG    testing         ANGELIX_RUN: angelix-run-test
DEBUG    testing         ANGELIX_WORKDIR: /angelix-experiments/.angelix
DEBUG    testing         ANGELIX_TEST_ID: 76
DEBUG    testing         cwd: /angelix-experiments/.angelix/frontend
DEBUG    testing         run: /angelix-experiments/.aux/php/php-oracle 76
INFO     testing         output code: 0
INFO     testing         running test '77' of frontend source
DEBUG    testing         ANGELIX_WITH_DUMPING: /angelix-experiments/.angelix/dump/77
DEBUG    testing         ANGELIX_WITH_TRACING: /angelix-experiments/.angelix/trace/77
DEBUG    testing         ANGELIX_RUN: angelix-run-test
DEBUG    testing         ANGELIX_WORKDIR: /angelix-experiments/.angelix
DEBUG    testing         ANGELIX_TEST_ID: 77
DEBUG    testing         cwd: /angelix-experiments/.angelix/frontend
DEBUG    testing         run: /angelix-experiments/.aux/php/php-oracle 77
INFO     testing         output code: 0
INFO     testing         running test '78' of frontend source
DEBUG    testing         ANGELIX_WITH_DUMPING: /angelix-experiments/.angelix/dump/78
DEBUG    testing         ANGELIX_WITH_TRACING: /angelix-experiments/.angelix/trace/78
DEBUG    testing         ANGELIX_RUN: angelix-run-test
DEBUG    testing         ANGELIX_WORKDIR: /angelix-experiments/.angelix
DEBUG    testing         ANGELIX_TEST_ID: 78
DEBUG    testing         cwd: /angelix-experiments/.angelix/frontend
DEBUG    testing         run: /angelix-experiments/.aux/php/php-oracle 78
INFO     testing         output code: 0
INFO     testing         running test '79' of frontend source
DEBUG    testing         ANGELIX_WITH_DUMPING: /angelix-experiments/.angelix/dump/79
DEBUG    testing         ANGELIX_WITH_TRACING: /angelix-experiments/.angelix/trace/79
DEBUG    testing         ANGELIX_RUN: angelix-run-test
DEBUG    testing         ANGELIX_WORKDIR: /angelix-experiments/.angelix
DEBUG    testing         ANGELIX_TEST_ID: 79
DEBUG    testing         cwd: /angelix-experiments/.angelix/frontend
DEBUG    testing         run: /angelix-experiments/.aux/php/php-oracle 79
INFO     testing         output code: 0
INFO     testing         running test '80' of frontend source
DEBUG    testing         ANGELIX_WITH_DUMPING: /angelix-experiments/.angelix/dump/80
DEBUG    testing         ANGELIX_WITH_TRACING: /angelix-experiments/.angelix/trace/80
DEBUG    testing         ANGELIX_RUN: angelix-run-test
DEBUG    testing         ANGELIX_WORKDIR: /angelix-experiments/.angelix
DEBUG    testing         ANGELIX_TEST_ID: 80
DEBUG    testing         cwd: /angelix-experiments/.angelix/frontend
DEBUG    testing         run: /angelix-experiments/.aux/php/php-oracle 80
INFO     testing         output code: 0
INFO     testing         running test '81' of frontend source
DEBUG    testing         ANGELIX_WITH_DUMPING: /angelix-experiments/.angelix/dump/81
DEBUG    testing         ANGELIX_WITH_TRACING: /angelix-experiments/.angelix/trace/81
DEBUG    testing         ANGELIX_RUN: angelix-run-test
DEBUG    testing         ANGELIX_WORKDIR: /angelix-experiments/.angelix
DEBUG    testing         ANGELIX_TEST_ID: 81
DEBUG    testing         cwd: /angelix-experiments/.angelix/frontend
DEBUG    testing         run: /angelix-experiments/.aux/php/php-oracle 81
INFO     testing         output code: 0
INFO     testing         running test '82' of frontend source
DEBUG    testing         ANGELIX_WITH_DUMPING: /angelix-experiments/.angelix/dump/82
DEBUG    testing         ANGELIX_WITH_TRACING: /angelix-experiments/.angelix/trace/82
DEBUG    testing         ANGELIX_RUN: angelix-run-test
DEBUG    testing         ANGELIX_WORKDIR: /angelix-experiments/.angelix
DEBUG    testing         ANGELIX_TEST_ID: 82
DEBUG    testing         cwd: /angelix-experiments/.angelix/frontend
DEBUG    testing         run: /angelix-experiments/.aux/php/php-oracle 82
INFO     testing         output code: 0
INFO     testing         running test '83' of frontend source
DEBUG    testing         ANGELIX_WITH_DUMPING: /angelix-experiments/.angelix/dump/83
DEBUG    testing         ANGELIX_WITH_TRACING: /angelix-experiments/.angelix/trace/83
DEBUG    testing         ANGELIX_RUN: angelix-run-test
DEBUG    testing         ANGELIX_WORKDIR: /angelix-experiments/.angelix
DEBUG    testing         ANGELIX_TEST_ID: 83
DEBUG    testing         cwd: /angelix-experiments/.angelix/frontend
DEBUG    testing         run: /angelix-experiments/.aux/php/php-oracle 83
INFO     testing         output code: 0
INFO     testing         running test '84' of frontend source
DEBUG    testing         ANGELIX_WITH_DUMPING: /angelix-experiments/.angelix/dump/84
DEBUG    testing         ANGELIX_WITH_TRACING: /angelix-experiments/.angelix/trace/84
DEBUG    testing         ANGELIX_RUN: angelix-run-test
DEBUG    testing         ANGELIX_WORKDIR: /angelix-experiments/.angelix
DEBUG    testing         ANGELIX_TEST_ID: 84
DEBUG    testing         cwd: /angelix-experiments/.angelix/frontend
DEBUG    testing         run: /angelix-experiments/.aux/php/php-oracle 84
INFO     testing         output code: 0
INFO     testing         running test '85' of frontend source
DEBUG    testing         ANGELIX_WITH_DUMPING: /angelix-experiments/.angelix/dump/85
DEBUG    testing         ANGELIX_WITH_TRACING: /angelix-experiments/.angelix/trace/85
DEBUG    testing         ANGELIX_RUN: angelix-run-test
DEBUG    testing         ANGELIX_WORKDIR: /angelix-experiments/.angelix
DEBUG    testing         ANGELIX_TEST_ID: 85
DEBUG    testing         cwd: /angelix-experiments/.angelix/frontend
DEBUG    testing         run: /angelix-experiments/.aux/php/php-oracle 85
INFO     testing         output code: 0
INFO     repair          running negative tests for debugging
INFO     testing         running test '61' of frontend source
DEBUG    testing         ANGELIX_WITH_TRACING: /angelix-experiments/.angelix/trace/61
DEBUG    testing         ANGELIX_RUN: angelix-run-test
DEBUG    testing         ANGELIX_WORKDIR: /angelix-experiments/.angelix
DEBUG    testing         ANGELIX_TEST_ID: 61
DEBUG    testing         cwd: /angelix-experiments/.angelix/frontend
DEBUG    testing         run: /angelix-experiments/.aux/php/php-oracle 61
INFO     testing         output code: 1
INFO     project         configuring golden source
DEBUG    project         configure_cmd: /angelix-experiments/.aux/php/php-configure
INFO     project         building golden source
DEBUG    project         CC: angelix-compiler --klee
DEBUG    project         cmd: /angelix-experiments/.aux/php/php-build
INFO     testing         running test '61' of golden source
DEBUG    testing         ANGELIX_WITH_DUMPING: /angelix-experiments/.angelix/dump/61
DEBUG    testing         ANGELIX_RUN: angelix-run-test
DEBUG    testing         ANGELIX_WORKDIR: /angelix-experiments/.angelix
DEBUG    testing         ANGELIX_TEST_ID: 61
DEBUG    testing         cwd: /angelix-experiments/.angelix/golden
DEBUG    testing         run: /angelix-experiments/.aux/php/php-oracle 61
INFO     testing         output code: 0
INFO     repair          repair test suite: ['1', '3', '6', '31', '48', '49', '61', '62', '63', '64', '65', '66', '67', '68', '69', '70', '74', '75', '76', '77', '78', '79', '80', '81', '82', '83', '84', '85']
INFO     repair          validation test suite: ['1', '3', '6', '31', '48', '49', '61', '62', '63', '64', '65', '66', '67', '68', '69', '70', '74', '75', '76', '77', '78', '79', '80', '81', '82', '83', '84', '85']
DEBUG    runtime         parse /angelix-experiments/.angelix/trace/1
DEBUG    runtime         parse /angelix-experiments/.angelix/trace/3
DEBUG    runtime         parse /angelix-experiments/.angelix/trace/6
DEBUG    runtime         parse /angelix-experiments/.angelix/trace/31
DEBUG    runtime         parse /angelix-experiments/.angelix/trace/48
DEBUG    runtime         parse /angelix-experiments/.angelix/trace/49
DEBUG    runtime         parse /angelix-experiments/.angelix/trace/62
DEBUG    runtime         parse /angelix-experiments/.angelix/trace/63
DEBUG    runtime         parse /angelix-experiments/.angelix/trace/64
DEBUG    runtime         parse /angelix-experiments/.angelix/trace/65
DEBUG    runtime         parse /angelix-experiments/.angelix/trace/66
DEBUG    runtime         parse /angelix-experiments/.angelix/trace/67
DEBUG    runtime         parse /angelix-experiments/.angelix/trace/68
DEBUG    runtime         parse /angelix-experiments/.angelix/trace/69
DEBUG    runtime         parse /angelix-experiments/.angelix/trace/70
DEBUG    runtime         parse /angelix-experiments/.angelix/trace/74
DEBUG    runtime         parse /angelix-experiments/.angelix/trace/75
DEBUG    runtime         parse /angelix-experiments/.angelix/trace/76
DEBUG    runtime         parse /angelix-experiments/.angelix/trace/77
DEBUG    runtime         parse /angelix-experiments/.angelix/trace/78
DEBUG    runtime         parse /angelix-experiments/.angelix/trace/79
DEBUG    runtime         parse /angelix-experiments/.angelix/trace/80
DEBUG    runtime         parse /angelix-experiments/.angelix/trace/81
DEBUG    runtime         parse /angelix-experiments/.angelix/trace/82
DEBUG    runtime         parse /angelix-experiments/.angelix/trace/83
DEBUG    runtime         parse /angelix-experiments/.angelix/trace/84
DEBUG    runtime         parse /angelix-experiments/.angelix/trace/85
DEBUG    runtime         parse /angelix-experiments/.angelix/trace/61
DEBUG    localization    executed_positive: {('A', (5143, 21, 5143, 21), '0'): 1, ('A', (3315, 21, 3315, 21)): 0}
DEBUG    localization    executed_negative: {('A', (5143, 21, 5143, 21), '0'): 0, ('A', (3315, 21, 3315, 21)): 1}
DEBUG    localization    total_passing: 27
DEBUG    localization    total_failing: 1
DEBUG    localization    executed_positive: 1
DEBUG    localization    executed_negative: 0
DEBUG    localization    (loc, score) = (('A', (5143, 21, 5143, 21), '0'), 0.0)
DEBUG    localization    executed_positive: 0
DEBUG    localization    executed_negative: 1
DEBUG    localization    (loc, score) = (('A', (3315, 21, 3315, 21)), 1.0)
DEBUG    localization    ranking: [(('A', (3315, 21, 3315, 21)), 1.0)]
INFO     localization    (loc, score) = (('A', (3315, 21, 3315, 21)), 1.0)
DEBUG    localization    top: [(('A', (3315, 21, 3315, 21)), 1.0)]
INFO     localization    group 1: [('A', (3315, 21, 3315, 21))] (1.0)
INFO     localization    selected expressions [('A', (3315, 21, 3315, 21))] with group score 1.0 
DEBUG    localization    groups: [[('A', (3315, 21, 3315, 21))]]
INFO     repair          considering suspicious locations [('A', (3315, 21, 3315, 21))]
INFO     reduction       all failing tests: ['61']
INFO     reduction       select 1 best tests from ['61']
INFO     reduction       select 0 best tests from ['1', '3', '6', '31', '48', '49', '62', '63', '64', '65', '66', '67', '68', '69', '70', '74', '75', '76', '77', '78', '79', '80', '81', '82', '83', '84', '85']
INFO     reduction       selected 1 tests
INFO     reduction       selected passing tests: []
INFO     reduction       selected failing tests: ['61']
INFO     project         configuring backend source
DEBUG    project         configure_cmd: /angelix-experiments/.aux/php/php-configure
INFO     transformation  instrumenting suspicious of backend source
DEBUG    transformation  suspicious_file: /tmp/tmpguvzl3zy/suspicious
DEBUG    transformation  locations: [('A', (3315, 21, 3315, 21))]
DEBUG    transformation  ANGELIX_EXTRACTED=/angelix-experiments/.angelix/extracted
DEBUG    transformation  ANGELIX_SUSPICIOUS=/tmp/tmpguvzl3zy/suspicious
DEBUG    transformation  ANGELIX_ASSIGNMENTS_DEFECT_CLASS=YES
DEBUG    transformation  trans dir: /angelix-experiments/.angelix/backend
DEBUG    transformation  trans cmd: instrument-suspicious ext/reflection/php_reflection.c
INFO     project         building backend source
DEBUG    project         CC: angelix-compiler --klee
DEBUG    project         cmd: /angelix-experiments/.aux/php/php-build
INFO     sym_infer       inferring specification for test '61' through KLEE
INFO     testing         running test '61' of backend source with KLEE
DEBUG    testing         KLEE_RUN_MODE: KLEE
DEBUG    testing         ANGELIX_RUN: angelix-run-klee
DEBUG    testing         ANGELIX_WORKDIR: /angelix-experiments/.angelix
DEBUG    testing         ANGELIX_TEST_ID: 61
DEBUG    testing         ANGELIX_SYMBOLIC_RUNTIME: ON
DEBUG    testing         cwd: /angelix-experiments/.angelix/backend
DEBUG    testing         run: /angelix-experiments/.aux/php/php-oracle 61
INFO     testing         output code: 1
INFO     sym_infer       checking whether /angelix-experiments/.angelix/backend/klee-out-0 exists...
WARNING  sym_infer       No non-error paths explored
WARNING  repair          no smt file for test 61
INFO     repair          no patch generated in 12m 31s
FAIL
