[repair] benchmark: manybugs
[repair] subject: libtiff
[repair] version: 2007-08-24-827b6bc-22da1d6
[repair] search: guided
[repair] ./fetch libtiff manybugs 2007-08-24-827b6bc-22da1d6
[fetch] benchmark: manybugs
[fetch] subject: libtiff
[fetch] version: 2007-08-24-827b6bc-22da1d6
[fetch] archive: libtiff-bug-2007-08-24-827b6bc-22da1d6.tar.gz
[fetch] directory: libtiff-bug-2007-08-24-827b6bc-22da1d6
--2020-04-05 02:00:11--  https://repairbenchmarks.cs.umass.edu/ManyBugs/scenarios//libtiff-bug-2007-08-24-827b6bc-22da1d6.tar.gz
Resolving repairbenchmarks.cs.umass.edu (repairbenchmarks.cs.umass.edu)... 128.119.240.19
Connecting to repairbenchmarks.cs.umass.edu (repairbenchmarks.cs.umass.edu)|128.119.240.19|:443... connected.
HTTP request sent, awaiting response... 200 OK
Length: 14415765 (14M) [application/x-gzip]
Saving to: ‘cache/libtiff-bug-2007-08-24-827b6bc-22da1d6.tar.gz’

     0K .......... .......... .......... .......... ..........  0%  130K 1m48s
    50K .......... .......... .......... .......... ..........  0%  260K 81s
   100K .......... .......... .......... .......... ..........  1% 56.0M 54s
   150K .......... .......... .......... .......... ..........  1% 1.19M 43s
   200K .......... .......... .......... .......... ..........  1%  328K 43s
   250K .......... .......... .......... .......... ..........  2% 64.2M 36s
   300K .......... .......... .......... .......... ..........  2% 67.1M 30s
   350K .......... .......... .......... .......... ..........  2% 1.24M 28s
   400K .......... .......... .......... .......... ..........  3%  330K 29s
   450K .......... .......... .......... .......... ..........  3% 58.5M 26s
   500K .......... .......... .......... .......... ..........  3% 62.4M 24s
   550K .......... .......... .......... .......... ..........  4% 72.8M 22s
   600K .......... .......... .......... .......... ..........  4% 56.2M 20s
   650K .......... .......... .......... .......... ..........  4% 51.3M 19s
   700K .......... .......... .......... .......... ..........  5% 61.6M 17s
   750K .......... .......... .......... .......... ..........  5% 69.7M 16s
   800K .......... .......... .......... .......... ..........  6% 1.34M 16s
   850K .......... .......... .......... .......... ..........  6%  332K 17s
   900K .......... .......... .......... .......... ..........  6% 52.6M 16s
   950K .......... .......... .......... .......... ..........  7% 42.6M 15s
  1000K .......... .......... .......... .......... ..........  7% 47.0M 14s
  1050K .......... .......... .......... .......... ..........  7% 59.2M 14s
  1100K .......... .......... .......... .......... ..........  8% 59.7M 13s
  1150K .......... .......... .......... .......... ..........  8% 54.8M 12s
  1200K .......... .......... .......... .......... ..........  8% 54.9M 12s
  1250K .......... .......... .......... .......... ..........  9% 60.6M 11s
  1300K .......... .......... .......... .......... ..........  9% 1.41M 11s
  1350K .......... .......... .......... .......... ..........  9% 40.1M 11s
  1400K .......... .......... .......... .......... .......... 10%  333K 12s
  1450K .......... .......... .......... .......... .......... 10% 48.5M 11s
  1500K .......... .......... .......... .......... .......... 11% 37.7M 11s
  1550K .......... .......... .......... .......... .......... 11% 70.1M 11s
  1600K .......... .......... .......... .......... .......... 11% 57.9M 10s
  1650K .......... .......... .......... .......... .......... 12% 54.5M 10s
  1700K .......... .......... .......... .......... .......... 12% 49.7M 10s
  1750K .......... .......... .......... .......... .......... 12% 49.9M 9s
  1800K .......... .......... .......... .......... .......... 13% 57.0M 9s
  1850K .......... .......... .......... .......... .......... 13% 1.43M 9s
  1900K .......... .......... .......... .......... .......... 13%  332K 10s
  1950K .......... .......... .......... .......... .......... 14% 46.8M 9s
  2000K .......... .......... .......... .......... .......... 14% 29.5M 9s
  2050K .......... .......... .......... .......... .......... 14% 34.6M 9s
  2100K .......... .......... .......... .......... .......... 15% 59.8M 9s
  2150K .......... .......... .......... .......... .......... 15% 55.8M 8s
  2200K .......... .......... .......... .......... .......... 15% 59.4M 8s
  2250K .......... .......... .......... .......... .......... 16% 47.3M 8s
  2300K .......... .......... .......... .......... .......... 16% 58.7M 8s
  2350K .......... .......... .......... .......... .......... 17% 47.2M 8s
  2400K .......... .......... .......... .......... .......... 17% 1.46M 8s
  2450K .......... .......... .......... .......... .......... 17%  333K 8s
  2500K .......... .......... .......... .......... .......... 18% 61.8M 8s
  2550K .......... .......... .......... .......... .......... 18% 39.8M 8s
  2600K .......... .......... .......... .......... .......... 18% 31.4M 8s
  2650K .......... .......... .......... .......... .......... 19% 52.8M 7s
  2700K .......... .......... .......... .......... .......... 19% 50.4M 7s
  2750K .......... .......... .......... .......... .......... 19% 48.7M 7s
  2800K .......... .......... .......... .......... .......... 20% 36.5M 7s
  2850K .......... .......... .......... .......... .......... 20% 62.1M 7s
  2900K .......... .......... .......... .......... .......... 20% 1.50M 7s
  2950K .......... .......... .......... .......... .......... 21% 35.1M 7s
  3000K .......... .......... .......... .......... .......... 21%  333K 7s
  3050K .......... .......... .......... .......... .......... 22% 40.8M 7s
  3100K .......... .......... .......... .......... .......... 22% 60.2M 7s
  3150K .......... .......... .......... .......... .......... 22% 28.1M 7s
  3200K .......... .......... .......... .......... .......... 23% 38.5M 6s
  3250K .......... .......... .......... .......... .......... 23% 61.8M 6s
  3300K .......... .......... .......... .......... .......... 23% 52.4M 6s
  3350K .......... .......... .......... .......... .......... 24% 58.4M 6s
  3400K .......... .......... .......... .......... .......... 24% 45.3M 6s
  3450K .......... .......... .......... .......... .......... 24% 56.3M 6s
  3500K .......... .......... .......... .......... .......... 25% 1.49M 6s
  3550K .......... .......... .......... .......... .......... 25% 42.0M 6s
  3600K .......... .......... .......... .......... .......... 25%  332K 6s
  3650K .......... .......... .......... .......... .......... 26% 49.3M 6s
  3700K .......... .......... .......... .......... .......... 26% 30.6M 6s
  3750K .......... .......... .......... .......... .......... 26% 40.3M 6s
  3800K .......... .......... .......... .......... .......... 27% 63.7M 6s
  3850K .......... .......... .......... .......... .......... 27% 61.3M 6s
  3900K .......... .......... .......... .......... .......... 28% 42.2M 5s
  3950K .......... .......... .......... .......... .......... 28% 54.8M 5s
  4000K .......... .......... .......... .......... .......... 28% 1.49M 5s
  4050K .......... .......... .......... .......... .......... 29% 25.3M 5s
  4100K .......... .......... .......... .......... .......... 29%  335K 6s
  4150K .......... .......... .......... .......... .......... 29% 23.1M 5s
  4200K .......... .......... .......... .......... .......... 30% 55.5M 5s
  4250K .......... .......... .......... .......... .......... 30% 36.7M 5s
  4300K .......... .......... .......... .......... .......... 30% 33.5M 5s
  4350K .......... .......... .......... .......... .......... 31% 46.9M 5s
  4400K .......... .......... .......... .......... .......... 31% 39.8M 5s
  4450K .......... .......... .......... .......... .......... 31% 78.0M 5s
  4500K .......... .......... .......... .......... .......... 32% 72.2M 5s
  4550K .......... .......... .......... .......... .......... 32% 53.7M 5s
  4600K .......... .......... .......... .......... .......... 33% 1.47M 5s
  4650K .......... .......... .......... .......... .......... 33% 51.1M 5s
  4700K .......... .......... .......... .......... .......... 33%  330K 5s
  4750K .......... .......... .......... .......... .......... 34% 60.6M 5s
  4800K .......... .......... .......... .......... .......... 34% 40.4M 5s
  4850K .......... .......... .......... .......... .......... 34% 54.2M 5s
  4900K .......... .......... .......... .......... .......... 35% 45.7M 5s
  4950K .......... .......... .......... .......... .......... 35% 43.7M 5s
  5000K .......... .......... .......... .......... .......... 35% 41.9M 4s
  5050K .......... .......... .......... .......... .......... 36% 59.0M 4s
  5100K .......... .......... .......... .......... .......... 36% 47.3M 4s
  5150K .......... .......... .......... .......... .......... 36% 1.55M 4s
  5200K .......... .......... .......... .......... .......... 37%  333K 5s
  5250K .......... .......... .......... .......... .......... 37% 14.3M 4s
  5300K .......... .......... .......... .......... .......... 38% 57.6M 4s
  5350K .......... .......... .......... .......... .......... 38% 35.2M 4s
  5400K .......... .......... .......... .......... .......... 38% 55.7M 4s
  5450K .......... .......... .......... .......... .......... 39% 59.2M 4s
  5500K .......... .......... .......... .......... .......... 39% 62.5M 4s
  5550K .......... .......... .......... .......... .......... 39% 35.1M 4s
  5600K .......... .......... .......... .......... .......... 40% 56.6M 4s
  5650K .......... .......... .......... .......... .......... 40% 22.9M 4s
  5700K .......... .......... .......... .......... .......... 40% 1.58M 4s
  5750K .......... .......... .......... .......... .......... 41% 29.8M 4s
  5800K .......... .......... .......... .......... .......... 41%  332K 4s
  5850K .......... .......... .......... .......... .......... 41% 29.2M 4s
  5900K .......... .......... .......... .......... .......... 42% 73.7M 4s
  5950K .......... .......... .......... .......... .......... 42% 34.7M 4s
  6000K .......... .......... .......... .......... .......... 42% 53.5M 4s
  6050K .......... .......... .......... .......... .......... 43% 45.6M 4s
  6100K .......... .......... .......... .......... .......... 43% 46.6M 4s
  6150K .......... .......... .......... .......... .......... 44% 61.8M 4s
  6200K .......... .......... .......... .......... .......... 44% 58.1M 4s
  6250K .......... .......... .......... .......... .......... 44% 1.52M 4s
  6300K .......... .......... .......... .......... .......... 45% 47.5M 4s
  6350K .......... .......... .......... .......... .......... 45%  329K 4s
  6400K .......... .......... .......... .......... .......... 45% 35.1M 4s
  6450K .......... .......... .......... .......... .......... 46% 62.9M 4s
  6500K .......... .......... .......... .......... .......... 46% 37.3M 4s
  6550K .......... .......... .......... .......... .......... 46% 62.1M 4s
  6600K .......... .......... .......... .......... .......... 47% 58.6M 3s
  6650K .......... .......... .......... .......... .......... 47% 43.6M 3s
  6700K .......... .......... .......... .......... .......... 47% 60.6M 3s
  6750K .......... .......... .......... .......... .......... 48% 71.9M 3s
  6800K .......... .......... .......... .......... .......... 48% 1.51M 3s
  6850K .......... .......... .......... .......... .......... 49% 44.7M 3s
  6900K .......... .......... .......... .......... .......... 49%  330K 3s
  6950K .......... .......... .......... .......... .......... 49% 28.9M 3s
  7000K .......... .......... .......... .......... .......... 50% 37.1M 3s
  7050K .......... .......... .......... .......... .......... 50% 4.29M 3s
  7100K .......... .......... .......... .......... .......... 50% 54.3M 3s
  7150K .......... .......... .......... .......... .......... 51% 60.4M 3s
  7200K .......... .......... .......... .......... .......... 51% 52.8M 3s
  7250K .......... .......... .......... .......... .......... 51% 51.7M 3s
  7300K .......... .......... .......... .......... .......... 52% 71.9M 3s
  7350K .......... .......... .......... .......... .......... 52% 2.29M 3s
  7400K .......... .......... .......... .......... .......... 52% 51.1M 3s
  7450K .......... .......... .......... .......... .......... 53%  329K 3s
  7500K .......... .......... .......... .......... .......... 53% 26.4M 3s
  7550K .......... .......... .......... .......... .......... 53% 43.5M 3s
  7600K .......... .......... .......... .......... .......... 54% 4.23M 3s
  7650K .......... .......... .......... .......... .......... 54% 37.9M 3s
  7700K .......... .......... .......... .......... .......... 55% 49.1M 3s
  7750K .......... .......... .......... .......... .......... 55% 51.0M 3s
  7800K .......... .......... .......... .......... .......... 55% 64.7M 3s
  7850K .......... .......... .......... .......... .......... 56% 44.8M 3s
  7900K .......... .......... .......... .......... .......... 56% 2.49M 3s
  7950K .......... .......... .......... .......... .......... 56% 28.2M 3s
  8000K .......... .......... .......... .......... .......... 57%  329K 3s
  8050K .......... .......... .......... .......... .......... 57% 28.8M 3s
  8100K .......... .......... .......... .......... .......... 57% 29.3M 3s
  8150K .......... .......... .......... .......... .......... 58% 4.40M 3s
  8200K .......... .......... .......... .......... .......... 58% 22.8M 3s
  8250K .......... .......... .......... .......... .......... 58% 22.9M 3s
  8300K .......... .......... .......... .......... .......... 59% 34.3M 3s
  8350K .......... .......... .......... .......... .......... 59%  257K 3s
  8400K .......... .......... .......... .......... .......... 60% 58.0M 3s
  8450K .......... .......... .......... .......... .......... 60% 78.9M 3s
  8500K .......... .......... .......... .......... .......... 60% 81.7M 3s
  8550K .......... .......... .......... .......... .......... 61% 81.3M 2s
  8600K .......... .......... .......... .......... .......... 61% 69.2M 2s
  8650K .......... .......... .......... .......... .......... 61% 81.1M 2s
  8700K .......... .......... .......... .......... .......... 62% 80.3M 2s
  8750K .......... .......... .......... .......... .......... 62% 81.0M 2s
  8800K .......... .......... .......... .......... .......... 62% 68.6M 2s
  8850K .......... .......... .......... .......... .......... 63% 80.6M 2s
  8900K .......... .......... .......... .......... .......... 63% 79.5M 2s
  8950K .......... .......... .......... .......... .......... 63% 6.20M 2s
  9000K .......... .......... .......... .......... .......... 64% 12.3M 2s
  9050K .......... .......... .......... .......... .......... 64%  325K 2s
  9100K .......... .......... .......... .......... .......... 64% 18.1M 2s
  9150K .......... .......... .......... .......... .......... 65% 5.42M 2s
  9200K .......... .......... .......... .......... .......... 65% 10.1M 2s
  9250K .......... .......... .......... .......... .......... 66% 19.6M 2s
  9300K .......... .......... .......... .......... .......... 66% 47.8M 2s
  9350K .......... .......... .......... .......... .......... 66% 2.90M 2s
  9400K .......... .......... .......... .......... .......... 67% 20.6M 2s
  9450K .......... .......... .......... .......... .......... 67%  322K 2s
  9500K .......... .......... .......... .......... .......... 67% 41.6M 2s
  9550K .......... .......... .......... .......... .......... 68% 5.56M 2s
  9600K .......... .......... .......... .......... .......... 68% 9.79M 2s
  9650K .......... .......... .......... .......... .......... 68% 24.4M 2s
  9700K .......... .......... .......... .......... .......... 69% 37.1M 2s
  9750K .......... .......... .......... .......... .......... 69% 20.1M 2s
  9800K .......... .......... .......... .......... .......... 69% 2.88M 2s
  9850K .......... .......... .......... .......... .......... 70%  330K 2s
  9900K .......... .......... .......... .......... .......... 70% 10.6M 2s
  9950K .......... .......... .......... .......... .......... 71% 46.2M 2s
 10000K .......... .......... .......... .......... .......... 71% 4.17M 2s
 10050K .......... .......... .......... .......... .......... 71% 23.2M 2s
 10100K .......... .......... .......... .......... .......... 72% 23.9M 2s
 10150K .......... .......... .......... .......... .......... 72% 68.3M 2s
 10200K .......... .......... .......... .......... .......... 72% 2.85M 2s
 10250K .......... .......... .......... .......... .......... 73% 18.1M 2s
 10300K .......... .......... .......... .......... .......... 73%  323K 2s
 10350K .......... .......... .......... .......... .......... 73% 55.3M 2s
 10400K .......... .......... .......... .......... .......... 74% 4.43M 2s
 10450K .......... .......... .......... .......... .......... 74% 19.1M 2s
 10500K .......... .......... .......... .......... .......... 74% 27.1M 2s
 10550K .......... .......... .......... .......... .......... 75% 23.2M 2s
 10600K .......... .......... .......... .......... .......... 75% 42.8M 1s
 10650K .......... .......... .......... .......... .......... 76% 2.85M 1s
 10700K .......... .......... .......... .......... .......... 76%  330K 1s
 10750K .......... .......... .......... .......... .......... 76% 9.46M 1s
 10800K .......... .......... .......... .......... .......... 77% 44.5M 1s
 10850K .......... .......... .......... .......... .......... 77% 4.71M 1s
 10900K .......... .......... .......... .......... .......... 77% 14.9M 1s
 10950K .......... .......... .......... .......... .......... 78% 48.4M 1s
 11000K .......... .......... .......... .......... .......... 78% 22.9M 1s
 11050K .......... .......... .......... .......... .......... 78% 35.6M 1s
 11100K .......... .......... .......... .......... .......... 79% 2.90M 1s
 11150K .......... .......... .......... .......... .......... 79%  330K 1s
 11200K .......... .......... .......... .......... .......... 79% 8.45M 1s
 11250K .......... .......... .......... .......... .......... 80% 46.2M 1s
 11300K .......... .......... .......... .......... .......... 80% 4.92M 1s
 11350K .......... .......... .......... .......... .......... 80% 17.5M 1s
 11400K .......... .......... .......... .......... .......... 81% 32.7M 1s
 11450K .......... .......... .......... .......... .......... 81% 24.2M 1s
 11500K .......... .......... .......... .......... .......... 82% 47.2M 1s
 11550K .......... .......... .......... .......... .......... 82% 2.90M 1s
 11600K .......... .......... .......... .......... .......... 82%  329K 1s
 11650K .......... .......... .......... .......... .......... 83% 8.13M 1s
 11700K .......... .......... .......... .......... .......... 83% 49.4M 1s
 11750K .......... .......... .......... .......... .......... 83% 5.37M 1s
 11800K .......... .......... .......... .......... .......... 84% 23.7M 1s
 11850K .......... .......... .......... .......... .......... 84% 19.4M 1s
 11900K .......... .......... .......... .......... .......... 84% 28.3M 1s
 11950K .......... .......... .......... .......... .......... 85% 37.8M 1s
 12000K .......... .......... .......... .......... .......... 85% 2.95M 1s
 12050K .......... .......... .......... .......... .......... 85%  385K 1s
 12100K .......... .......... .......... .......... .......... 86% 1.76M 1s
 12150K .......... .......... .......... .......... .......... 86% 28.5M 1s
 12200K .......... .......... .......... .......... .......... 87% 5.99M 1s
 12250K .......... .......... .......... .......... .......... 87% 24.0M 1s
 12300K .......... .......... .......... .......... .......... 87% 16.0M 1s
 12350K .......... .......... .......... .......... .......... 88% 31.4M 1s
 12400K .......... .......... .......... .......... .......... 88% 32.1M 1s
 12450K .......... .......... .......... .......... .......... 88% 3.04M 1s
 12500K .......... .......... .......... .......... .......... 89% 17.8M 1s
 12550K .......... .......... .......... .......... .......... 89%  328K 1s
 12600K .......... .......... .......... .......... .......... 89% 10.1M 1s
 12650K .......... .......... .......... .......... .......... 90% 51.4M 1s
 12700K .......... .......... .......... .......... .......... 90% 5.27M 1s
 12750K .......... .......... .......... .......... .......... 90% 18.1M 1s
 12800K .......... .......... .......... .......... .......... 91% 18.6M 1s
 12850K .......... .......... .......... .......... .......... 91% 56.8M 1s
 12900K .......... .......... .......... .......... .......... 91% 57.0M 0s
 12950K .......... .......... .......... .......... .......... 92% 3.02M 0s
 13000K .......... .......... .......... .......... .......... 92% 8.87M 0s
 13050K .......... .......... .......... .......... .......... 93%  329K 0s
 13100K .......... .......... .......... .......... .......... 93% 19.4M 0s
 13150K .......... .......... .......... .......... .......... 93% 20.2M 0s
 13200K .......... .......... .......... .......... .......... 94% 4.41M 0s
 13250K .......... .......... .......... .......... .......... 94% 30.1M 0s
 13300K .......... .......... .......... .......... .......... 94% 15.9M 0s
 13350K .......... .......... .......... .......... .......... 95% 33.5M 0s
 13400K .......... .......... .......... .......... .......... 95% 48.2M 0s
 13450K .......... .......... .......... .......... .......... 95% 3.24M 0s
 13500K .......... .......... .......... .......... .......... 96% 12.6M 0s
 13550K .......... .......... .......... .......... .......... 96%  331K 0s
 13600K .......... .......... .......... .......... .......... 96% 17.3M 0s
 13650K .......... .......... .......... .......... .......... 97% 5.43M 0s
 13700K .......... .......... .......... .......... .......... 97% 13.5M 0s
 13750K .......... .......... .......... .......... .......... 98% 12.1M 0s
 13800K .......... .......... .......... .......... .......... 98% 47.1M 0s
 13850K .......... .......... .......... .......... .......... 98% 34.5M 0s
 13900K .......... .......... .......... .......... .......... 99% 36.6M 0s
 13950K .......... .......... .......... .......... .......... 99% 3.10M 0s
 14000K .......... .......... .......... .......... .......... 99%  396K 0s
 14050K .......... .......... .......                         100% 1.23M=6.2s

2020-04-05 02:00:19 (2.23 MB/s) - ‘cache/libtiff-bug-2007-08-24-827b6bc-22da1d6.tar.gz’ saved [14415765/14415765]

[fetch] preparing source code
[fetch] golden_directory: libtiff-fix-2007-08-24-827b6bc-22da1d6
[fetch] clean-source libtiff-bug-2007-08-24-827b6bc-22da1d6
[fetch] /angelix-experiments/libtiff-bug-2007-08-24-827b6bc-22da1d6/libtiff/configure
[fetch] make -j 72 clean
[fetch] clean-source libtiff-fix-2007-08-24-827b6bc-22da1d6
[fetch] restore-buggy libtiff-bug-2007-08-24-827b6bc-22da1d6
[fetch] /angelix-experiments/libtiff-fix-2007-08-24-827b6bc-22da1d6/libtiff/configure
[fetch] make -j 72 clean
[fetch] restore-buggy entered
[fetch] buggy: libtiff/tif_dirinfo.c
[fetch] buggy_version: 827b6bc
[fetch] buggy_preprocessed: libtiff-bug-2007-08-24-827b6bc-22da1d6/libtiff/libtiff/tif_dirinfo.c
[fetch] buggy_original: libtiff-bug-2007-08-24-827b6bc-22da1d6/diffs/libtiff/tif_dirinfo.c-827b6bc
[fetch] cp libtiff-bug-2007-08-24-827b6bc-22da1d6/diffs/libtiff/tif_dirinfo.c-827b6bc libtiff-bug-2007-08-24-827b6bc-22da1d6/libtiff/libtiff/tif_dirinfo.c
[fetch] restore-correct libtiff-fix-2007-08-24-827b6bc-22da1d6
[fetch] restore-correct entered
[fetch] cp libtiff-fix-2007-08-24-827b6bc-22da1d6/diffs/libtiff/tif_dirinfo.c-22da1d6 libtiff-fix-2007-08-24-827b6bc-22da1d6/libtiff/libtiff/tif_dirinfo.c
[fetch] restored libtiff-fix-2007-08-24-827b6bc-22da1d6/libtiff/libtiff/tif_dirinfo.c with libtiff-fix-2007-08-24-827b6bc-22da1d6/diffs/libtiff/tif_dirinfo.c-22da1d6
[fetch] fetch done
[repair] [repair] options: --guided --angelic-search-strategy
guided
--test-timeout
60
--search-max-trials
100
--max-same-cost-iter
20
--one-bit-flip-prob
0.5
--penalty1
4
--penalty2
2
--default-max-cost
300000000
--default-non-zero-cost
300000000
--error-cost
10000000
--warning-cost
5000000
--mcmc-beta
0.8
--suspicious
30  --all-suspicious --timeout 14400 --show-suspicious-locations --group-size 1 --defect if-conditions loop-conditions
[repair-libtiff] options:  --angelic-search-strategy guided --test-timeout 60 --search-max-trials 100 --max-same-cost-iter 20 --one-bit-flip-prob 0.5 --penalty1 4 --penalty2 2 --default-max-cost 300000000 --default-non-zero-cost 300000000 --error-cost 10000000 --warning-cost 5000000 --mcmc-beta 0.8 --suspicious 30 --all-suspicious --timeout 14400 --show-suspicious-locations --group-size 1 --defect if-conditions loop-conditions
[repair-libtiff] instrument libtiff-bug-2007-08-24-827b6bc-22da1d6/libtiff/test/Makefile.in
[repair-libtiff] instrument libtiff-bug-2007-08-24-827b6bc-22da1d6/libtiff/tools/tiff2pdf.c
[repair-libtiff] instrument libtiff-bug-2007-08-24-827b6bc-22da1d6/libtiff/tools/tiff2pdf.c
[repair-libtiff] instrument libtiff-bug-2007-08-24-827b6bc-22da1d6/libtiff/tools/tiff2pdf.c
[repair-libtiff] instrument libtiff-bug-2007-08-24-827b6bc-22da1d6/libtiff/tools/tiff2pdf.c
[repair-libtiff] instrument libtiff-bug-2007-08-24-827b6bc-22da1d6/libtiff/libtiff/tif_error.c
[repair-libtiff] instrument libtiff-bug-2007-08-24-827b6bc-22da1d6/libtiff/libtiff/tif_error.c
[repair-libtiff] instrument libtiff-fix-2007-08-24-827b6bc-22da1d6/libtiff/test/Makefile.in
[repair-libtiff] instrument libtiff-fix-2007-08-24-827b6bc-22da1d6/libtiff/tools/tiff2pdf.c
[repair-libtiff] instrument libtiff-fix-2007-08-24-827b6bc-22da1d6/libtiff/tools/tiff2pdf.c
[repair-libtiff] instrument libtiff-fix-2007-08-24-827b6bc-22da1d6/libtiff/tools/tiff2pdf.c
[repair-libtiff] instrument libtiff-fix-2007-08-24-827b6bc-22da1d6/libtiff/tools/tiff2pdf.c
[repair-libtiff] instrument libtiff-fix-2007-08-24-827b6bc-22da1d6/libtiff/libtiff/tif_error.c
[repair-libtiff] instrument libtiff-fix-2007-08-24-827b6bc-22da1d6/libtiff/libtiff/tif_error.c
[repair-libtiff] the assert option not used
INFO     repair          copy libtiff-bug-2007-08-24-827b6bc-22da1d6/libtiff to /angelix-experiments/.angelix/validation
INFO     project         configuring validation source
INFO     project         building json compilation database from validation source
INFO     testing         running test '1' of validation source
INFO     testing         output code: 0
INFO     testing         running test '2' of validation source
INFO     testing         output code: 0
INFO     testing         running test '3' of validation source
INFO     testing         output code: 1
INFO     testing         running test '4' of validation source
INFO     testing         output code: 0
INFO     testing         running test '5' of validation source
INFO     testing         output code: 1
INFO     testing         running test '6' of validation source
INFO     testing         output code: 0
INFO     testing         running test '7' of validation source
INFO     testing         output code: 0
INFO     testing         running test '8' of validation source
INFO     testing         output code: 0
INFO     testing         running test '9' of validation source
INFO     testing         output code: 0
INFO     testing         running test '10' of validation source
INFO     testing         output code: 0
INFO     testing         running test '11' of validation source
INFO     testing         output code: 0
INFO     testing         running test '12' of validation source
INFO     testing         output code: 0
INFO     testing         running test '13' of validation source
INFO     testing         output code: 0
INFO     testing         running test '14' of validation source
INFO     testing         output code: 0
INFO     testing         running test '15' of validation source
INFO     testing         output code: 0
INFO     testing         running test '16' of validation source
INFO     testing         output code: 0
INFO     testing         running test '17' of validation source
INFO     testing         output code: 0
INFO     testing         running test '18' of validation source
INFO     testing         output code: 1
INFO     testing         running test '19' of validation source
INFO     testing         output code: 1
INFO     testing         running test '20' of validation source
INFO     testing         output code: 0
INFO     testing         running test '21' of validation source
INFO     testing         output code: 0
INFO     testing         running test '22' of validation source
INFO     testing         output code: 1
INFO     testing         running test '23' of validation source
INFO     testing         output code: 1
INFO     testing         running test '24' of validation source
INFO     testing         output code: 0
INFO     testing         running test '25' of validation source
INFO     testing         output code: 0
INFO     testing         running test '26' of validation source
INFO     testing         output code: 0
INFO     testing         running test '27' of validation source
INFO     testing         output code: 0
INFO     testing         running test '28' of validation source
INFO     testing         output code: 1
INFO     testing         running test '29' of validation source
INFO     testing         output code: 1
INFO     testing         running test '30' of validation source
INFO     testing         output code: 1
INFO     testing         running test '31' of validation source
INFO     testing         output code: 1
INFO     testing         running test '32' of validation source
INFO     testing         output code: 1
INFO     testing         running test '33' of validation source
INFO     testing         output code: 1
INFO     testing         running test '34' of validation source
INFO     testing         output code: 1
INFO     testing         running test '35' of validation source
INFO     testing         output code: 1
INFO     testing         running test '36' of validation source
INFO     testing         output code: 1
INFO     testing         running test '37' of validation source
INFO     testing         output code: 1
INFO     testing         running test '38' of validation source
INFO     testing         output code: 1
INFO     testing         running test '39' of validation source
INFO     testing         output code: 0
INFO     testing         running test '40' of validation source
INFO     testing         output code: 0
INFO     testing         running test '41' of validation source
INFO     testing         output code: 0
INFO     testing         running test '42' of validation source
INFO     testing         output code: 1
INFO     testing         running test '43' of validation source
INFO     testing         output code: 0
INFO     testing         running test '44' of validation source
INFO     testing         output code: 0
INFO     testing         running test '45' of validation source
INFO     testing         output code: 0
INFO     testing         running test '46' of validation source
INFO     testing         output code: 0
INFO     testing         running test '47' of validation source
INFO     testing         output code: 0
INFO     testing         running test '48' of validation source
INFO     testing         output code: 0
INFO     testing         running test '49' of validation source
INFO     testing         output code: 0
INFO     testing         running test '50' of validation source
INFO     testing         output code: 0
INFO     testing         running test '51' of validation source
INFO     testing         output code: 0
INFO     testing         running test '52' of validation source
INFO     testing         output code: 1
INFO     testing         running test '53' of validation source
INFO     testing         output code: 0
INFO     testing         running test '54' of validation source
INFO     testing         output code: 0
INFO     testing         running test '55' of validation source
INFO     testing         output code: 0
INFO     testing         running test '56' of validation source
INFO     testing         output code: 0
INFO     testing         running test '57' of validation source
INFO     testing         output code: 0
INFO     testing         running test '58' of validation source
INFO     testing         output code: 0
INFO     testing         running test '59' of validation source
INFO     testing         output code: 0
INFO     testing         running test '60' of validation source
INFO     testing         output code: 0
INFO     testing         running test '61' of validation source
INFO     testing         output code: 0
INFO     testing         running test '62' of validation source
INFO     testing         output code: 1
INFO     testing         running test '63' of validation source
INFO     testing         output code: 0
INFO     testing         running test '64' of validation source
INFO     testing         output code: 0
INFO     testing         running test '65' of validation source
INFO     testing         output code: 0
INFO     testing         running test '66' of validation source
INFO     testing         output code: 0
INFO     testing         running test '67' of validation source
INFO     testing         output code: 0
INFO     testing         running test '68' of validation source
INFO     testing         output code: 0
INFO     testing         running test '69' of validation source
INFO     testing         output code: 0
INFO     testing         running test '70' of validation source
INFO     testing         output code: 0
INFO     testing         running test '71' of validation source
INFO     testing         output code: 0
INFO     testing         running test '72' of validation source
INFO     testing         output code: 0
INFO     testing         running test '73' of validation source
INFO     testing         output code: 0
INFO     testing         running test '74' of validation source
INFO     testing         output code: 0
INFO     testing         running test '75' of validation source
INFO     testing         output code: 0
INFO     testing         running test '76' of validation source
INFO     testing         output code: 0
INFO     testing         running test '77' of validation source
INFO     testing         output code: 0
INFO     testing         running test '78' of validation source
INFO     testing         output code: 0
INFO     repair          positive: ['1', '2', '4', '6', '7', '8', '9', '10', '11', '12', '13', '14', '15', '16', '17', '20', '21', '24', '25', '26', '27', '39', '40', '41', '43', '44', '45', '46', '47', '48', '49', '50', '51', '53', '54', '55', '56', '57', '58', '59', '60', '61', '63', '64', '65', '66', '67', '68', '69', '70', '71', '72', '73', '74', '75', '76', '77', '78']
INFO     repair          negative: ['3', '5', '18', '19', '22', '23', '28', '29', '30', '31', '32', '33', '34', '35', '36', '37', '38', '42', '52', '62']
INFO     project         configuring frontend source
INFO     transformation  instrumenting repairable of frontend source
INFO     project         building frontend source
INFO     repair          running positive tests for debugging
INFO     testing         running test '1' of frontend source
INFO     testing         output code: 1
WARNING  testing         ANGELIX_RUN is not executed by test 1
INFO     testing         running test '2' of frontend source
INFO     testing         output code: 1
WARNING  testing         ANGELIX_RUN is not executed by test 2
INFO     testing         running test '4' of frontend source
INFO     testing         output code: 1
WARNING  testing         ANGELIX_RUN is not executed by test 4
INFO     testing         running test '6' of frontend source
INFO     testing         output code: 1
WARNING  testing         ANGELIX_RUN is not executed by test 6
INFO     testing         running test '7' of frontend source
INFO     testing         output code: 1
WARNING  testing         ANGELIX_RUN is not executed by test 7
INFO     testing         running test '8' of frontend source
INFO     testing         output code: 1
WARNING  testing         ANGELIX_RUN is not executed by test 8
INFO     testing         running test '9' of frontend source
INFO     testing         output code: 1
WARNING  testing         ANGELIX_RUN is not executed by test 9
INFO     testing         running test '10' of frontend source
INFO     testing         output code: 1
WARNING  testing         ANGELIX_RUN is not executed by test 10
INFO     testing         running test '11' of frontend source
INFO     testing         output code: 1
WARNING  testing         ANGELIX_RUN is not executed by test 11
INFO     testing         running test '12' of frontend source
INFO     testing         output code: 1
WARNING  testing         ANGELIX_RUN is not executed by test 12
INFO     testing         running test '13' of frontend source
INFO     testing         output code: 1
WARNING  testing         ANGELIX_RUN is not executed by test 13
INFO     testing         running test '14' of frontend source
INFO     testing         output code: 1
WARNING  testing         ANGELIX_RUN is not executed by test 14
INFO     testing         running test '15' of frontend source
INFO     testing         output code: 1
WARNING  testing         ANGELIX_RUN is not executed by test 15
INFO     testing         running test '16' of frontend source
INFO     testing         output code: 1
WARNING  testing         ANGELIX_RUN is not executed by test 16
INFO     testing         running test '17' of frontend source
INFO     testing         output code: 1
WARNING  testing         ANGELIX_RUN is not executed by test 17
INFO     testing         running test '20' of frontend source
INFO     testing         output code: 0
WARNING  testing         ANGELIX_RUN is not executed by test 20
INFO     testing         running test '21' of frontend source
INFO     testing         output code: 1
WARNING  testing         ANGELIX_RUN is not executed by test 21
INFO     testing         running test '24' of frontend source
INFO     testing         output code: 1
WARNING  testing         ANGELIX_RUN is not executed by test 24
INFO     testing         running test '25' of frontend source
INFO     testing         output code: 1
WARNING  testing         ANGELIX_RUN is not executed by test 25
INFO     testing         running test '26' of frontend source
INFO     testing         output code: 1
WARNING  testing         ANGELIX_RUN is not executed by test 26
INFO     testing         running test '27' of frontend source
INFO     testing         output code: 1
WARNING  testing         ANGELIX_RUN is not executed by test 27
INFO     testing         running test '39' of frontend source
INFO     testing         output code: 1
INFO     testing         running test '40' of frontend source
INFO     testing         output code: 1
INFO     testing         running test '41' of frontend source
INFO     testing         output code: 1
INFO     testing         running test '43' of frontend source
INFO     testing         output code: 1
INFO     testing         running test '44' of frontend source
INFO     testing         output code: 1
INFO     testing         running test '45' of frontend source
INFO     testing         output code: 1
INFO     testing         running test '46' of frontend source
INFO     testing         output code: 1
INFO     testing         running test '47' of frontend source
INFO     testing         output code: 1
INFO     testing         running test '48' of frontend source
INFO     testing         output code: 1
INFO     testing         running test '49' of frontend source
INFO     testing         output code: 1
INFO     testing         running test '50' of frontend source
INFO     testing         output code: 1
WARNING  testing         ANGELIX_RUN is not executed by test 50
INFO     testing         running test '51' of frontend source
INFO     testing         output code: 1
WARNING  testing         ANGELIX_RUN is not executed by test 51
INFO     testing         running test '53' of frontend source
INFO     testing         output code: 1
WARNING  testing         ANGELIX_RUN is not executed by test 53
INFO     testing         running test '54' of frontend source
INFO     testing         output code: 1
WARNING  testing         ANGELIX_RUN is not executed by test 54
INFO     testing         running test '55' of frontend source
INFO     testing         output code: 1
WARNING  testing         ANGELIX_RUN is not executed by test 55
INFO     testing         running test '56' of frontend source
INFO     testing         output code: 1
WARNING  testing         ANGELIX_RUN is not executed by test 56
INFO     testing         running test '57' of frontend source
INFO     testing         output code: 1
WARNING  testing         ANGELIX_RUN is not executed by test 57
INFO     testing         running test '58' of frontend source
INFO     testing         output code: 1
WARNING  testing         ANGELIX_RUN is not executed by test 58
INFO     testing         running test '59' of frontend source
INFO     testing         output code: 1
WARNING  testing         ANGELIX_RUN is not executed by test 59
INFO     testing         running test '60' of frontend source
INFO     testing         output code: 1
WARNING  testing         ANGELIX_RUN is not executed by test 60
INFO     testing         running test '61' of frontend source
INFO     testing         output code: 1
WARNING  testing         ANGELIX_RUN is not executed by test 61
INFO     testing         running test '63' of frontend source
INFO     testing         output code: 1
WARNING  testing         ANGELIX_RUN is not executed by test 63
INFO     testing         running test '64' of frontend source
INFO     testing         output code: 1
WARNING  testing         ANGELIX_RUN is not executed by test 64
INFO     testing         running test '65' of frontend source
INFO     testing         output code: 1
WARNING  testing         ANGELIX_RUN is not executed by test 65
INFO     testing         running test '66' of frontend source
INFO     testing         output code: 1
WARNING  testing         ANGELIX_RUN is not executed by test 66
INFO     testing         running test '67' of frontend source
INFO     testing         output code: 1
WARNING  testing         ANGELIX_RUN is not executed by test 67
INFO     testing         running test '68' of frontend source
INFO     testing         output code: 1
WARNING  testing         ANGELIX_RUN is not executed by test 68
INFO     testing         running test '69' of frontend source
INFO     testing         output code: 1
WARNING  testing         ANGELIX_RUN is not executed by test 69
INFO     testing         running test '70' of frontend source
INFO     testing         output code: 1
WARNING  testing         ANGELIX_RUN is not executed by test 70
INFO     testing         running test '71' of frontend source
INFO     testing         output code: 1
WARNING  testing         ANGELIX_RUN is not executed by test 71
INFO     testing         running test '72' of frontend source
INFO     testing         output code: 1
WARNING  testing         ANGELIX_RUN is not executed by test 72
INFO     testing         running test '73' of frontend source
INFO     testing         output code: 1
WARNING  testing         ANGELIX_RUN is not executed by test 73
INFO     testing         running test '74' of frontend source
INFO     testing         output code: 1
WARNING  testing         ANGELIX_RUN is not executed by test 74
INFO     testing         running test '75' of frontend source
INFO     testing         output code: 1
WARNING  testing         ANGELIX_RUN is not executed by test 75
INFO     testing         running test '76' of frontend source
INFO     testing         output code: 1
WARNING  testing         ANGELIX_RUN is not executed by test 76
INFO     testing         running test '77' of frontend source
INFO     testing         output code: 1
WARNING  testing         ANGELIX_RUN is not executed by test 77
INFO     testing         running test '78' of frontend source
INFO     testing         output code: 1
WARNING  testing         ANGELIX_RUN is not executed by test 78
INFO     repair          running negative tests for debugging
INFO     testing         running test '3' of frontend source
INFO     testing         output code: 1
WARNING  testing         ANGELIX_RUN is not executed by test 3
INFO     project         configuring golden source
INFO     project         building golden source
INFO     testing         running test '3' of golden source
INFO     testing         output code: 1
WARNING  testing         ANGELIX_RUN is not executed by test 3
INFO     testing         running test '5' of frontend source
INFO     testing         output code: 1
WARNING  testing         ANGELIX_RUN is not executed by test 5
INFO     testing         running test '5' of golden source
INFO     testing         output code: 1
WARNING  testing         ANGELIX_RUN is not executed by test 5
INFO     testing         running test '18' of frontend source
INFO     testing         output code: 1
WARNING  testing         ANGELIX_RUN is not executed by test 18
INFO     testing         running test '18' of golden source
INFO     testing         output code: 1
WARNING  testing         ANGELIX_RUN is not executed by test 18
INFO     testing         running test '19' of frontend source
INFO     testing         output code: 1
WARNING  testing         ANGELIX_RUN is not executed by test 19
INFO     testing         running test '19' of golden source
INFO     testing         output code: 1
WARNING  testing         ANGELIX_RUN is not executed by test 19
INFO     testing         running test '22' of frontend source
INFO     testing         output code: 1
INFO     testing         running test '22' of golden source
INFO     testing         output code: 0
INFO     testing         running test '23' of frontend source
INFO     testing         output code: 1
INFO     testing         running test '23' of golden source
INFO     testing         output code: 1
INFO     testing         running test '28' of frontend source
INFO     testing         output code: 1
INFO     testing         running test '28' of golden source
INFO     testing         output code: 0
INFO     testing         running test '29' of frontend source
INFO     testing         output code: 1
WARNING  testing         ANGELIX_RUN is not executed by test 29
INFO     testing         running test '29' of golden source
INFO     testing         output code: 1
WARNING  testing         ANGELIX_RUN is not executed by test 29
INFO     testing         running test '30' of frontend source
INFO     testing         output code: 1
WARNING  testing         ANGELIX_RUN is not executed by test 30
INFO     testing         running test '30' of golden source
INFO     testing         output code: 1
WARNING  testing         ANGELIX_RUN is not executed by test 30
INFO     testing         running test '31' of frontend source
INFO     testing         output code: 1
WARNING  testing         ANGELIX_RUN is not executed by test 31
INFO     testing         running test '31' of golden source
INFO     testing         output code: 1
WARNING  testing         ANGELIX_RUN is not executed by test 31
INFO     testing         running test '32' of frontend source
INFO     testing         output code: 1
WARNING  testing         ANGELIX_RUN is not executed by test 32
INFO     testing         running test '32' of golden source
INFO     testing         output code: 1
WARNING  testing         ANGELIX_RUN is not executed by test 32
INFO     testing         running test '33' of frontend source
INFO     testing         output code: 1
WARNING  testing         ANGELIX_RUN is not executed by test 33
INFO     testing         running test '33' of golden source
INFO     testing         output code: 1
WARNING  testing         ANGELIX_RUN is not executed by test 33
INFO     testing         running test '34' of frontend source
INFO     testing         output code: 1
WARNING  testing         ANGELIX_RUN is not executed by test 34
INFO     testing         running test '34' of golden source
INFO     testing         output code: 1
WARNING  testing         ANGELIX_RUN is not executed by test 34
INFO     testing         running test '35' of frontend source
INFO     testing         output code: 1
WARNING  testing         ANGELIX_RUN is not executed by test 35
INFO     testing         running test '35' of golden source
INFO     testing         output code: 1
WARNING  testing         ANGELIX_RUN is not executed by test 35
INFO     testing         running test '36' of frontend source
INFO     testing         output code: 1
WARNING  testing         ANGELIX_RUN is not executed by test 36
INFO     testing         running test '36' of golden source
INFO     testing         output code: 1
WARNING  testing         ANGELIX_RUN is not executed by test 36
INFO     testing         running test '37' of frontend source
INFO     testing         output code: 1
WARNING  testing         ANGELIX_RUN is not executed by test 37
INFO     testing         running test '37' of golden source
INFO     testing         output code: 1
WARNING  testing         ANGELIX_RUN is not executed by test 37
INFO     testing         running test '38' of frontend source
INFO     testing         output code: 1
WARNING  testing         ANGELIX_RUN is not executed by test 38
INFO     testing         running test '38' of golden source
INFO     testing         output code: 1
WARNING  testing         ANGELIX_RUN is not executed by test 38
INFO     testing         running test '42' of frontend source
INFO     testing         output code: 1
WARNING  testing         ANGELIX_RUN is not executed by test 42
INFO     testing         running test '42' of golden source
INFO     testing         output code: 1
WARNING  testing         ANGELIX_RUN is not executed by test 42
INFO     testing         running test '52' of frontend source
INFO     testing         output code: 1
WARNING  testing         ANGELIX_RUN is not executed by test 52
INFO     testing         running test '52' of golden source
INFO     testing         output code: 1
WARNING  testing         ANGELIX_RUN is not executed by test 52
INFO     testing         running test '62' of frontend source
INFO     testing         output code: 1
WARNING  testing         ANGELIX_RUN is not executed by test 62
INFO     testing         running test '62' of golden source
INFO     testing         output code: 1
WARNING  testing         ANGELIX_RUN is not executed by test 62
WARNING  repair          excluding test 3 because it fails in golden version
WARNING  repair          excluding test 5 because it fails in golden version
WARNING  repair          excluding test 18 because it fails in golden version
WARNING  repair          excluding test 19 because it fails in golden version
WARNING  repair          excluding test 23 because it fails in golden version
WARNING  repair          excluding test 29 because it fails in golden version
WARNING  repair          excluding test 30 because it fails in golden version
WARNING  repair          excluding test 31 because it fails in golden version
WARNING  repair          excluding test 32 because it fails in golden version
WARNING  repair          excluding test 33 because it fails in golden version
WARNING  repair          excluding test 34 because it fails in golden version
WARNING  repair          excluding test 35 because it fails in golden version
WARNING  repair          excluding test 36 because it fails in golden version
WARNING  repair          excluding test 37 because it fails in golden version
WARNING  repair          excluding test 38 because it fails in golden version
WARNING  repair          excluding test 42 because it fails in golden version
WARNING  repair          excluding test 52 because it fails in golden version
WARNING  repair          excluding test 62 because it fails in golden version
INFO     repair          repair test suite: ['22', '28', '39', '40', '41', '43', '44', '45', '46', '47', '48', '49']
INFO     repair          validation test suite: ['1', '2', '4', '6', '7', '8', '9', '10', '11', '12', '13', '14', '15', '16', '17', '20', '21', '22', '24', '25', '26', '27', '28', '39', '40', '41', '43', '44', '45', '46', '47', '48', '49', '50', '51', '53', '54', '55', '56', '57', '58', '59', '60', '61', '63', '64', '65', '66', '67', '68', '69', '70', '71', '72', '73', '74', '75', '76', '77', '78']
INFO     localization    (loc, score) = (('L', (333, 14, 333, 18)), 1.0)
INFO     localization    (loc, score) = (('I', (276, 6, 276, 44)), 1.0)
INFO     localization    group 1: [('I', (276, 6, 276, 44))] (1.0)
INFO     localization    group 2: [('L', (333, 14, 333, 18))] (1.0)
INFO     localization    selected expressions [('I', (276, 6, 276, 44))] with group score 1.0 
INFO     localization    selected expressions [('L', (333, 14, 333, 18))] with group score 1.0 
INFO     repair          considering suspicious locations [('I', (276, 6, 276, 44))]
INFO     reduction       all failing tests: ['22', '28']
INFO     reduction       select 1 best tests from ['22', '28']
INFO     reduction       select 0 best tests from ['39', '40', '41', '43', '44', '45', '46', '47', '48', '49']
INFO     reduction       selected 1 tests
INFO     reduction       selected passing tests: []
INFO     reduction       selected failing tests: ['22']
INFO     guided_infer    inferring specification for test '22' through guided search
INFO     guided_infer    init sample: [array([0, 0])]
INFO     pymc3           Sequential sampling (1 chains in 1 job)
INFO     pymc3           Metropolis: [p]
INFO     guided_infer    [CustomProposal] q0: [0. 0.]
INFO     guided_infer    trial #1
INFO     guided_infer    used 0.0% of sample space
INFO     guided_infer    [accept_fun] q0s: [array([0, 0])] / [1] / (1, 2)
INFO     guided_infer    [accept_fun] qs: [array([0, 0])] / [1] / (1, 2)
INFO     guided_infer    search for the cost of ('0',)
INFO     testing         running test '22' of frontend source
INFO     testing         output code: 1
INFO     guided_infer    store the cost of ('0',)
INFO     guided_infer    store the cost of ('0',)
INFO     guided_infer    search for the cost of ('0',)
INFO     guided_infer    ('0',) cached
INFO     guided_infer    new qs: [array([0, 0])] / [1] / (1, 2)
INFO     guided_infer    old cost: 74676836.0
INFO     guided_infer    new cost: 74676836.0
INFO     guided_infer    all costs: [74676836.0]
INFO     guided_infer    accept ratio: 1.0
INFO     pymc3           accepted: True
INFO     guided_infer    [CustomProposal] q0: [0. 0.]
INFO     guided_infer    trial #2
INFO     guided_infer    used 50.0% of sample space
INFO     guided_infer    [accept_fun] q0s: [array([0, 0])] / [1] / (1, 2)
INFO     guided_infer    [accept_fun] qs: [array([0, 0])] / [1] / (1, 2)
INFO     guided_infer    search for the cost of ('0',)
INFO     guided_infer    ('0',) cached
INFO     guided_infer    search for the cost of ('0',)
INFO     guided_infer    ('0',) cached
INFO     guided_infer    new qs: [array([0, 0])] / [1] / (1, 2)
INFO     guided_infer    old cost: 74676836.0
INFO     guided_infer    new cost: 74676836.0
INFO     guided_infer    all costs: [74676836.0]
INFO     guided_infer    accept ratio: 1.0
INFO     pymc3           accepted: True
INFO     guided_infer    [CustomProposal] q0: [0. 0.]
INFO     guided_infer    trial #3
INFO     guided_infer    used 50.0% of sample space
INFO     guided_infer    [accept_fun] q0s: [array([0, 0])] / [1] / (1, 2)
INFO     guided_infer    [accept_fun] qs: [array([0, 1])] / [1] / (1, 2)
INFO     guided_infer    search for the cost of ('0',)
INFO     guided_infer    ('0',) cached
INFO     guided_infer    search for the cost of ('1',)
INFO     testing         running test '22' of frontend source
INFO     testing         output code: 1
INFO     guided_infer    store the cost of ('1',)
INFO     guided_infer    store the cost of ('1',)
INFO     guided_infer    new qs: [array([0, 1])] / [1] / (1, 2)
INFO     guided_infer    old cost: 74676836.0
INFO     guided_infer    new cost: 74676836.0
INFO     guided_infer    all costs: [74676836.0]
INFO     guided_infer    accept ratio: 1.0
INFO     pymc3           accepted: True
INFO     guided_infer    [CustomProposal] q0: [0. 1.]
INFO     guided_infer    trial #4
INFO     guided_infer    used 100.0% of sample space
INFO     guided_infer    Sample space exhausted: size=2, samples=[('0',), ('1',)]
INFO     repair          considering suspicious locations [('L', (333, 14, 333, 18))]
INFO     reduction       all failing tests: ['22', '28']
INFO     reduction       select 1 best tests from ['22', '28']
INFO     reduction       select 0 best tests from ['39', '40', '41', '43', '44', '45', '46', '47', '48', '49']
INFO     reduction       selected 1 tests
INFO     reduction       selected passing tests: []
INFO     reduction       selected failing tests: ['22']
INFO     guided_infer    inferring specification for test '22' through guided search
INFO     guided_infer    init sample: [array([0, 1])]
INFO     pymc3           Sequential sampling (1 chains in 1 job)
INFO     pymc3           Metropolis: [p]
INFO     guided_infer    [CustomProposal] q0: [0. 1.]
INFO     guided_infer    trial #1
INFO     guided_infer    used 0.0% of sample space
INFO     guided_infer    [accept_fun] q0s: [array([0, 1])] / [1] / (1, 2)
INFO     guided_infer    [accept_fun] qs: [array([0, 0])] / [1] / (1, 2)
INFO     guided_infer    search for the cost of ('1',)
INFO     testing         running test '22' of frontend source
INFO     testing         output code: 1
INFO     guided_infer    store the cost of ('1',)
INFO     guided_infer    store the cost of ('1',)
INFO     guided_infer    search for the cost of ('0',)
INFO     testing         running test '22' of frontend source
INFO     testing         output code: 1
INFO     guided_infer    store the cost of ('0',)
INFO     guided_infer    store the cost of ('0',)
INFO     guided_infer    new qs: [array([0, 0])] / [1] / (1, 2)
INFO     guided_infer    old cost: 74676836.0
INFO     guided_infer    new cost: 74676836.0
INFO     guided_infer    all costs: [74676836.0]
INFO     guided_infer    accept ratio: 1.0
INFO     pymc3           accepted: True
INFO     guided_infer    [CustomProposal] q0: [0. 0.]
INFO     guided_infer    trial #2
INFO     guided_infer    used 100.0% of sample space
INFO     guided_infer    Sample space exhausted: size=2, samples=[('1',), ('0',)]
INFO     repair          no patch generated in 3m 16s
FAIL
