[repair] benchmark: manybugs
[repair] subject: libtiff
[repair] version: 2008-04-15-2e8b2f1-0d27dc0
[repair] search: guided
[repair] ./fetch libtiff manybugs 2008-04-15-2e8b2f1-0d27dc0
[fetch] benchmark: manybugs
[fetch] subject: libtiff
[fetch] version: 2008-04-15-2e8b2f1-0d27dc0
[fetch] archive: libtiff-bug-2008-04-15-2e8b2f1-0d27dc0.tar.gz
[fetch] directory: libtiff-bug-2008-04-15-2e8b2f1-0d27dc0
--2020-04-05 15:23:27--  https://repairbenchmarks.cs.umass.edu/ManyBugs/scenarios//libtiff-bug-2008-04-15-2e8b2f1-0d27dc0.tar.gz
Resolving repairbenchmarks.cs.umass.edu (repairbenchmarks.cs.umass.edu)... 128.119.240.19
Connecting to repairbenchmarks.cs.umass.edu (repairbenchmarks.cs.umass.edu)|128.119.240.19|:443... connected.
HTTP request sent, awaiting response... 200 OK
Length: 14847055 (14M) [application/x-gzip]
Saving to: ‘cache/libtiff-bug-2008-04-15-2e8b2f1-0d27dc0.tar.gz’

     0K .......... .......... .......... .......... ..........  0%  128K 1m53s
    50K .......... .......... .......... .......... ..........  0%  254K 85s
   100K .......... .......... .......... .......... ..........  1% 27.8M 56s
   150K .......... .......... .......... .......... ..........  1%  246K 57s
   200K .......... .......... .......... .......... ..........  1% 39.5M 45s
   250K .......... .......... .......... .......... ..........  2% 57.2M 38s
   300K .......... .......... .......... .......... ..........  2% 47.9M 32s
   350K .......... .......... .......... .......... ..........  2% 27.1M 28s
   400K .......... .......... .......... .......... ..........  3%  256K 31s
   450K .......... .......... .......... .......... ..........  3% 31.0M 28s
   500K .......... .......... .......... .......... ..........  3% 28.0M 25s
   550K .......... .......... .......... .......... ..........  4% 48.8M 23s
   600K .......... .......... .......... .......... ..........  4% 42.4M 21s
   650K .......... .......... .......... .......... ..........  4% 53.0M 20s
   700K .......... .......... .......... .......... ..........  5% 27.6M 18s
   750K .......... .......... .......... .......... ..........  5% 45.8M 17s
   800K .......... .......... .......... .......... ..........  5%  274K 19s
   850K .......... .......... .......... .......... ..........  6% 17.6M 18s
   900K .......... .......... .......... .......... ..........  6% 16.0M 17s
   950K .......... .......... .......... .......... ..........  6% 19.5M 16s
  1000K .......... .......... .......... .......... ..........  7% 44.3M 15s
  1050K .......... .......... .......... .......... ..........  7% 22.5M 15s
  1100K .......... .......... .......... .......... ..........  7% 23.6M 14s
  1150K .......... .......... .......... .......... ..........  8% 26.7M 13s
  1200K .......... .......... .......... .......... ..........  8% 1.57M 13s
  1250K .......... .......... .......... .......... ..........  8%  342K 14s
  1300K .......... .......... .......... .......... ..........  9% 15.5M 13s
  1350K .......... .......... .......... .......... ..........  9% 16.0M 13s
  1400K .......... .......... .......... .......... .......... 10% 24.6M 12s
  1450K .......... .......... .......... .......... .......... 10% 27.8M 12s
  1500K .......... .......... .......... .......... .......... 10% 33.3M 12s
  1550K .......... .......... .......... .......... .......... 11% 17.5M 11s
  1600K .......... .......... .......... .......... .......... 11% 23.7M 11s
  1650K .......... .......... .......... .......... .......... 11%  283K 12s
  1700K .......... .......... .......... .......... .......... 12% 24.8M 11s
  1750K .......... .......... .......... .......... .......... 12% 12.8M 11s
  1800K .......... .......... .......... .......... .......... 12% 17.3M 11s
  1850K .......... .......... .......... .......... .......... 13% 24.8M 10s
  1900K .......... .......... .......... .......... .......... 13% 64.2M 10s
  1950K .......... .......... .......... .......... .......... 13% 22.1M 10s
  2000K .......... .......... .......... .......... .......... 14% 21.8M 10s
  2050K .......... .......... .......... .......... .......... 14% 1.22M 10s
  2100K .......... .......... .......... .......... .......... 14%  357K 10s
  2150K .......... .......... .......... .......... .......... 15% 9.16M 10s
  2200K .......... .......... .......... .......... .......... 15% 11.6M 10s
  2250K .......... .......... .......... .......... .......... 15% 42.4M 9s
  2300K .......... .......... .......... .......... .......... 16% 31.8M 9s
  2350K .......... .......... .......... .......... .......... 16% 49.3M 9s
  2400K .......... .......... .......... .......... .......... 16% 12.9M 9s
  2450K .......... .......... .......... .......... .......... 17% 31.7M 9s
  2500K .......... .......... .......... .......... .......... 17%  286K 9s
  2550K .......... .......... .......... .......... .......... 17% 16.1M 9s
  2600K .......... .......... .......... .......... .......... 18% 9.14M 9s
  2650K .......... .......... .......... .......... .......... 18% 12.1M 9s
  2700K .......... .......... .......... .......... .......... 18% 31.4M 8s
  2750K .......... .......... .......... .......... .......... 19% 24.1M 8s
  2800K .......... .......... .......... .......... .......... 19% 28.6M 8s
  2850K .......... .......... .......... .......... .......... 20% 17.1M 8s
  2900K .......... .......... .......... .......... .......... 20%  937K 8s
  2950K .......... .......... .......... .......... .......... 20%  406K 8s
  3000K .......... .......... .......... .......... .......... 21% 8.50M 8s
  3050K .......... .......... .......... .......... .......... 21% 16.0M 8s
  3100K .......... .......... .......... .......... .......... 21% 30.0M 8s
  3150K .......... .......... .......... .......... .......... 22% 24.6M 8s
  3200K .......... .......... .......... .......... .......... 22% 25.8M 8s
  3250K .......... .......... .......... .......... .......... 22% 28.3M 7s
  3300K .......... .......... .......... .......... .......... 23% 24.2M 7s
  3350K .......... .......... .......... .......... .......... 23%  895K 7s
  3400K .......... .......... .......... .......... .......... 23%  411K 8s
  3450K .......... .......... .......... .......... .......... 24% 8.89M 7s
  3500K .......... .......... .......... .......... .......... 24% 15.9M 7s
  3550K .......... .......... .......... .......... .......... 24% 28.6M 7s
  3600K .......... .......... .......... .......... .......... 25% 22.1M 7s
  3650K .......... .......... .......... .......... .......... 25% 24.2M 7s
  3700K .......... .......... .......... .......... .......... 25% 16.2M 7s
  3750K .......... .......... .......... .......... .......... 26% 39.3M 7s
  3800K .......... .......... .......... .......... .......... 26%  285K 7s
  3850K .......... .......... .......... .......... .......... 26% 21.7M 7s
  3900K .......... .......... .......... .......... .......... 27% 7.29M 7s
  3950K .......... .......... .......... .......... .......... 27% 13.7M 7s
  4000K .......... .......... .......... .......... .......... 27% 30.4M 7s
  4050K .......... .......... .......... .......... .......... 28% 21.7M 6s
  4100K .......... .......... .......... .......... .......... 28% 38.0M 6s
  4150K .......... .......... .......... .......... .......... 28% 19.6M 6s
  4200K .......... .......... .......... .......... .......... 29%  925K 6s
  4250K .......... .......... .......... .......... .......... 29%  417K 6s
  4300K .......... .......... .......... .......... .......... 30% 9.12M 6s
  4350K .......... .......... .......... .......... .......... 30% 15.6M 6s
  4400K .......... .......... .......... .......... .......... 30% 24.1M 6s
  4450K .......... .......... .......... .......... .......... 31% 18.5M 6s
  4500K .......... .......... .......... .......... .......... 31% 25.9M 6s
  4550K .......... .......... .......... .......... .......... 31% 58.0M 6s
  4600K .......... .......... .......... .......... .......... 32% 12.0M 6s
  4650K .......... .......... .......... .......... .......... 32%  905K 6s
  4700K .......... .......... .......... .......... .......... 32%  423K 6s
  4750K .......... .......... .......... .......... .......... 33% 11.6M 6s
  4800K .......... .......... .......... .......... .......... 33% 8.72M 6s
  4850K .......... .......... .......... .......... .......... 33% 60.2M 6s
  4900K .......... .......... .......... .......... .......... 34% 15.8M 6s
  4950K .......... .......... .......... .......... .......... 34% 16.2M 6s
  5000K .......... .......... .......... .......... .......... 34% 21.1M 6s
  5050K .......... .......... .......... .......... .......... 35% 13.5M 5s
  5100K .......... .......... .......... .......... .......... 35%  300K 6s
  5150K .......... .......... .......... .......... .......... 35% 15.6M 6s
  5200K .......... .......... .......... .......... .......... 36% 7.54M 6s
  5250K .......... .......... .......... .......... .......... 36% 15.2M 5s
  5300K .......... .......... .......... .......... .......... 36% 62.1M 5s
  5350K .......... .......... .......... .......... .......... 37% 16.5M 5s
  5400K .......... .......... .......... .......... .......... 37% 10.1M 5s
  5450K .......... .......... .......... .......... .......... 37% 12.0M 5s
  5500K .......... .......... .......... .......... .......... 38%  868K 5s
  5550K .......... .......... .......... .......... .......... 38%  454K 5s
  5600K .......... .......... .......... .......... .......... 38% 7.22M 5s
  5650K .......... .......... .......... .......... .......... 39% 15.6M 5s
  5700K .......... .......... .......... .......... .......... 39% 28.4M 5s
  5750K .......... .......... .......... .......... .......... 40% 19.3M 5s
  5800K .......... .......... .......... .......... .......... 40% 13.2M 5s
  5850K .......... .......... .......... .......... .......... 40% 10.1M 5s
  5900K .......... .......... .......... .......... .......... 41% 14.0M 5s
  5950K .......... .......... .......... .......... .......... 41%  887K 5s
  6000K .......... .......... .......... .......... .......... 41%  449K 5s
  6050K .......... .......... .......... .......... .......... 42% 6.84M 5s
  6100K .......... .......... .......... .......... .......... 42% 21.2M 5s
  6150K .......... .......... .......... .......... .......... 42% 25.4M 5s
  6200K .......... .......... .......... .......... .......... 43% 13.6M 5s
  6250K .......... .......... .......... .......... .......... 43% 8.46M 5s
  6300K .......... .......... .......... .......... .......... 43% 8.25M 5s
  6350K .......... .......... .......... .......... .......... 44% 16.0M 4s
  6400K .......... .......... .......... .......... .......... 44%  313K 5s
  6450K .......... .......... .......... .......... .......... 44% 8.22M 5s
  6500K .......... .......... .......... .......... .......... 45% 9.42M 5s
  6550K .......... .......... .......... .......... .......... 45% 21.6M 4s
  6600K .......... .......... .......... .......... .......... 45% 27.2M 4s
  6650K .......... .......... .......... .......... .......... 46% 17.2M 4s
  6700K .......... .......... .......... .......... .......... 46% 6.41M 4s
  6750K .......... .......... .......... .......... .......... 46% 9.06M 4s
  6800K .......... .......... .......... .......... .......... 47%  949K 4s
  6850K .......... .......... .......... .......... .......... 47%  452K 4s
  6900K .......... .......... .......... .......... .......... 47% 6.29M 4s
  6950K .......... .......... .......... .......... .......... 48% 8.70M 4s
  7000K .......... .......... .......... .......... .......... 48% 19.2M 4s
  7050K .......... .......... .......... .......... .......... 48% 22.5M 4s
  7100K .......... .......... .......... .......... .......... 49% 11.6M 4s
  7150K .......... .......... .......... .......... .......... 49% 5.99M 4s
  7200K .......... .......... .......... .......... .......... 50% 9.42M 4s
  7250K .......... .......... .......... .......... .......... 50% 1.05M 4s
  7300K .......... .......... .......... .......... .......... 50%  439K 4s
  7350K .......... .......... .......... .......... .......... 51% 4.92M 4s
  7400K .......... .......... .......... .......... .......... 51% 13.3M 4s
  7450K .......... .......... .......... .......... .......... 51% 18.4M 4s
  7500K .......... .......... .......... .......... .......... 52% 17.2M 4s
  7550K .......... .......... .......... .......... .......... 52% 10.9M 4s
  7600K .......... .......... .......... .......... .......... 52% 5.74M 4s
  7650K .......... .......... .......... .......... .......... 53% 11.9M 4s
  7700K .......... .......... .......... .......... .......... 53%  574K 4s
  7750K .......... .......... .......... .......... .......... 53%  684K 4s
  7800K .......... .......... .......... .......... .......... 54% 5.32M 4s
  7850K .......... .......... .......... .......... .......... 54% 10.5M 4s
  7900K .......... .......... .......... .......... .......... 54% 23.4M 4s
  7950K .......... .......... .......... .......... .......... 55% 9.61M 3s
  8000K .......... .......... .......... .......... .......... 55% 15.0M 3s
  8050K .......... .......... .......... .......... .......... 55% 10.3M 3s
  8100K .......... .......... .......... .......... .......... 56% 15.7M 3s
  8150K .......... .......... .......... .......... .......... 56%  548K 3s
  8200K .......... .......... .......... .......... .......... 56%  668K 3s
  8250K .......... .......... .......... .......... .......... 57% 6.40M 3s
  8300K .......... .......... .......... .......... .......... 57% 9.71M 3s
  8350K .......... .......... .......... .......... .......... 57% 16.7M 3s
  8400K .......... .......... .......... .......... .......... 58% 7.39M 3s
  8450K .......... .......... .......... .......... .......... 58% 16.1M 3s
  8500K .......... .......... .......... .......... .......... 58% 17.4M 3s
  8550K .......... .......... .......... .......... .......... 59% 14.3M 3s
  8600K .......... .......... .......... .......... .......... 59%  519K 3s
  8650K .......... .......... .......... .......... .......... 60%  794K 3s
  8700K .......... .......... .......... .......... .......... 60% 5.77M 3s
  8750K .......... .......... .......... .......... .......... 60% 8.81M 3s
  8800K .......... .......... .......... .......... .......... 61% 12.6M 3s
  8850K .......... .......... .......... .......... .......... 61% 9.35M 3s
  8900K .......... .......... .......... .......... .......... 61% 9.97M 3s
  8950K .......... .......... .......... .......... .......... 62% 23.9M 3s
  9000K .......... .......... .......... .......... .......... 62% 18.0M 3s
  9050K .......... .......... .......... .......... .......... 62%  523K 3s
  9100K .......... .......... .......... .......... .......... 63%  780K 3s
  9150K .......... .......... .......... .......... .......... 63% 6.96M 3s
  9200K .......... .......... .......... .......... .......... 63% 6.69M 3s
  9250K .......... .......... .......... .......... .......... 64% 24.9M 3s
  9300K .......... .......... .......... .......... .......... 64% 6.77M 3s
  9350K .......... .......... .......... .......... .......... 64% 8.88M 3s
  9400K .......... .......... .......... .......... .......... 65% 17.3M 3s
  9450K .......... .......... .......... .......... .......... 65% 48.7M 3s
  9500K .......... .......... .......... .......... .......... 65%  859K 3s
  9550K .......... .......... .......... .......... .......... 66%  498K 3s
  9600K .......... .......... .......... .......... .......... 66% 5.94M 3s
  9650K .......... .......... .......... .......... .......... 66% 7.26M 3s
  9700K .......... .......... .......... .......... .......... 67% 18.4M 2s
  9750K .......... .......... .......... .......... .......... 67% 7.52M 2s
  9800K .......... .......... .......... .......... .......... 67% 13.6M 2s
  9850K .......... .......... .......... .......... .......... 68% 7.27M 2s
  9900K .......... .......... .......... .......... .......... 68% 34.9M 2s
  9950K .......... .......... .......... .......... .......... 68%  937K 2s
 10000K .......... .......... .......... .......... .......... 69%  462K 2s
 10050K .......... .......... .......... .......... .......... 69% 7.62M 2s
 10100K .......... .......... .......... .......... .......... 70% 10.9M 2s
 10150K .......... .......... .......... .......... .......... 70% 8.55M 2s
 10200K .......... .......... .......... .......... .......... 70% 19.3M 2s
 10250K .......... .......... .......... .......... .......... 71% 10.8M 2s
 10300K .......... .......... .......... .......... .......... 71% 7.83M 2s
 10350K .......... .......... .......... .......... .......... 71% 14.3M 2s
 10400K .......... .......... .......... .......... .......... 72%  986K 2s
 10450K .......... .......... .......... .......... .......... 72%  453K 2s
 10500K .......... .......... .......... .......... .......... 72% 9.74M 2s
 10550K .......... .......... .......... .......... .......... 73% 6.75M 2s
 10600K .......... .......... .......... .......... .......... 73% 10.5M 2s
 10650K .......... .......... .......... .......... .......... 73% 21.3M 2s
 10700K .......... .......... .......... .......... .......... 74% 21.4M 2s
 10750K .......... .......... .......... .......... .......... 74% 11.0M 2s
 10800K .......... .......... .......... .......... .......... 74% 11.3M 2s
 10850K .......... .......... .......... .......... .......... 75% 14.8M 2s
 10900K .......... .......... .......... .......... .......... 75%  957K 2s
 10950K .......... .......... .......... .......... .......... 75%  449K 2s
 11000K .......... .......... .......... .......... .......... 76% 4.57M 2s
 11050K .......... .......... .......... .......... .......... 76% 8.29M 2s
 11100K .......... .......... .......... .......... .......... 76% 18.7M 2s
 11150K .......... .......... .......... .......... .......... 77% 23.2M 2s
 11200K .......... .......... .......... .......... .......... 77% 9.51M 2s
 11250K .......... .......... .......... .......... .......... 77% 8.48M 2s
 11300K .......... .......... .......... .......... .......... 78% 17.7M 2s
 11350K .......... .......... .......... .......... .......... 78% 1.11M 2s
 11400K .......... .......... .......... .......... .......... 78%  436K 2s
 11450K .......... .......... .......... .......... .......... 79% 8.59M 2s
 11500K .......... .......... .......... .......... .......... 79% 6.28M 1s
 11550K .......... .......... .......... .......... .......... 80% 6.15M 1s
 11600K .......... .......... .......... .......... .......... 80% 22.8M 1s
 11650K .......... .......... .......... .......... .......... 80% 14.4M 1s
 11700K .......... .......... .......... .......... .......... 81% 9.50M 1s
 11750K .......... .......... .......... .......... .......... 81% 10.6M 1s
 11800K .......... .......... .......... .......... .......... 81% 13.9M 1s
 11850K .......... .......... .......... .......... .......... 82% 1.27M 1s
 11900K .......... .......... .......... .......... .......... 82%  428K 1s
 11950K .......... .......... .......... .......... .......... 82% 7.43M 1s
 12000K .......... .......... .......... .......... .......... 83% 3.62M 1s
 12050K .......... .......... .......... .......... .......... 83% 24.3M 1s
 12100K .......... .......... .......... .......... .......... 83% 17.7M 1s
 12150K .......... .......... .......... .......... .......... 84% 12.2M 1s
 12200K .......... .......... .......... .......... .......... 84% 10.5M 1s
 12250K .......... .......... .......... .......... .......... 84% 14.7M 1s
 12300K .......... .......... .......... .......... .......... 85% 12.4M 1s
 12350K .......... .......... .......... .......... .......... 85% 1.43M 1s
 12400K .......... .......... .......... .......... .......... 85%  425K 1s
 12450K .......... .......... .......... .......... .......... 86% 7.63M 1s
 12500K .......... .......... .......... .......... .......... 86% 3.72M 1s
 12550K .......... .......... .......... .......... .......... 86% 28.7M 1s
 12600K .......... .......... .......... .......... .......... 87% 16.9M 1s
 12650K .......... .......... .......... .......... .......... 87% 16.1M 1s
 12700K .......... .......... .......... .......... .......... 87% 11.3M 1s
 12750K .......... .......... .......... .......... .......... 88% 6.95M 1s
 12800K .......... .......... .......... .......... .......... 88% 14.2M 1s
 12850K .......... .......... .......... .......... .......... 88% 1.39M 1s
 12900K .......... .......... .......... .......... .......... 89%  436K 1s
 12950K .......... .......... .......... .......... .......... 89% 4.95M 1s
 13000K .......... .......... .......... .......... .......... 90% 2.90M 1s
 13050K .......... .......... .......... .......... .......... 90% 36.9M 1s
 13100K .......... .......... .......... .......... .......... 90% 27.0M 1s
 13150K .......... .......... .......... .......... .......... 91% 31.3M 1s
 13200K .......... .......... .......... .......... .......... 91% 7.23M 1s
 13250K .......... .......... .......... .......... .......... 91% 9.85M 1s
 13300K .......... .......... .......... .......... .......... 92% 15.1M 1s
 13350K .......... .......... .......... .......... .......... 92% 1.60M 1s
 13400K .......... .......... .......... .......... .......... 92%  429K 1s
 13450K .......... .......... .......... .......... .......... 93% 8.33M 0s
 13500K .......... .......... .......... .......... .......... 93% 3.70M 0s
 13550K .......... .......... .......... .......... .......... 93% 6.13M 0s
 13600K .......... .......... .......... .......... .......... 94% 22.8M 0s
 13650K .......... .......... .......... .......... .......... 94% 25.8M 0s
 13700K .......... .......... .......... .......... .......... 94% 9.86M 0s
 13750K .......... .......... .......... .......... .......... 95% 5.96M 0s
 13800K .......... .......... .......... .......... .......... 95% 15.1M 0s
 13850K .......... .......... .......... .......... .......... 95% 12.6M 0s
 13900K .......... .......... .......... .......... .......... 96% 1.71M 0s
 13950K .......... .......... .......... .......... .......... 96%  426K 0s
 14000K .......... .......... .......... .......... .......... 96% 3.15M 0s
 14050K .......... .......... .......... .......... .......... 97% 7.51M 0s
 14100K .......... .......... .......... .......... .......... 97% 64.6M 0s
 14150K .......... .......... .......... .......... .......... 97% 21.6M 0s
 14200K .......... .......... .......... .......... .......... 98% 17.8M 0s
 14250K .......... .......... .......... .......... .......... 98% 11.4M 0s
 14300K .......... .......... .......... .......... .......... 98% 6.40M 0s
 14350K .......... .......... .......... .......... .......... 99% 12.6M 0s
 14400K .......... .......... .......... .......... .......... 99% 1.38M 0s
 14450K .......... .......... .......... .......... ......... 100%  589K=7.0s

2020-04-05 15:23:36 (2.03 MB/s) - ‘cache/libtiff-bug-2008-04-15-2e8b2f1-0d27dc0.tar.gz’ saved [14847055/14847055]

[fetch] preparing source code
[fetch] golden_directory: libtiff-fix-2008-04-15-2e8b2f1-0d27dc0
[fetch] clean-source libtiff-bug-2008-04-15-2e8b2f1-0d27dc0
[fetch] /angelix-experiments/libtiff-bug-2008-04-15-2e8b2f1-0d27dc0/libtiff/configure
[fetch] make -j 72 clean
[fetch] clean-source libtiff-fix-2008-04-15-2e8b2f1-0d27dc0
[fetch] restore-buggy libtiff-bug-2008-04-15-2e8b2f1-0d27dc0
[fetch] /angelix-experiments/libtiff-fix-2008-04-15-2e8b2f1-0d27dc0/libtiff/configure
[fetch] make -j 72 clean
[fetch] restore-buggy entered
[fetch] buggy: libtiff/tif_dirinfo.c
[fetch] buggy_version: 2e8b2f1
[fetch] buggy_preprocessed: libtiff-bug-2008-04-15-2e8b2f1-0d27dc0/libtiff/libtiff/tif_dirinfo.c
[fetch] buggy_original: libtiff-bug-2008-04-15-2e8b2f1-0d27dc0/diffs/libtiff/tif_dirinfo.c-2e8b2f1
[fetch] cp libtiff-bug-2008-04-15-2e8b2f1-0d27dc0/diffs/libtiff/tif_dirinfo.c-2e8b2f1 libtiff-bug-2008-04-15-2e8b2f1-0d27dc0/libtiff/libtiff/tif_dirinfo.c
[fetch] restore-correct libtiff-fix-2008-04-15-2e8b2f1-0d27dc0
[fetch] restore-correct entered
[fetch] cp libtiff-fix-2008-04-15-2e8b2f1-0d27dc0/diffs/libtiff/tif_dirinfo.c-0d27dc0 libtiff-fix-2008-04-15-2e8b2f1-0d27dc0/libtiff/libtiff/tif_dirinfo.c
[fetch] restored libtiff-fix-2008-04-15-2e8b2f1-0d27dc0/libtiff/libtiff/tif_dirinfo.c with libtiff-fix-2008-04-15-2e8b2f1-0d27dc0/diffs/libtiff/tif_dirinfo.c-0d27dc0
[fetch] fetch done
[repair] [repair] options: --guided --angelic-search-strategy
guided
--test-timeout
60
--search-max-trials
100
--max-same-cost-iter
20
--one-bit-flip-prob
0.5
--penalty1
4
--penalty2
2
--default-max-cost
300000000
--default-non-zero-cost
300000000
--error-cost
10000000
--warning-cost
5000000
--mcmc-beta
0.8
--suspicious
30  --all-suspicious --timeout 14400 --show-suspicious-locations --group-size 1 --defect if-conditions loop-conditions
[repair-libtiff] options:  --angelic-search-strategy guided --test-timeout 60 --search-max-trials 100 --max-same-cost-iter 20 --one-bit-flip-prob 0.5 --penalty1 4 --penalty2 2 --default-max-cost 300000000 --default-non-zero-cost 300000000 --error-cost 10000000 --warning-cost 5000000 --mcmc-beta 0.8 --suspicious 30 --all-suspicious --timeout 14400 --show-suspicious-locations --group-size 1 --defect if-conditions loop-conditions
[repair-libtiff] instrument libtiff-bug-2008-04-15-2e8b2f1-0d27dc0/libtiff/test/Makefile.in
[repair-libtiff] instrument libtiff-bug-2008-04-15-2e8b2f1-0d27dc0/libtiff/tools/tiff2pdf.c
[repair-libtiff] instrument libtiff-bug-2008-04-15-2e8b2f1-0d27dc0/libtiff/tools/tiff2pdf.c
[repair-libtiff] instrument libtiff-bug-2008-04-15-2e8b2f1-0d27dc0/libtiff/tools/tiff2pdf.c
[repair-libtiff] instrument libtiff-bug-2008-04-15-2e8b2f1-0d27dc0/libtiff/tools/tiff2pdf.c
[repair-libtiff] instrument libtiff-bug-2008-04-15-2e8b2f1-0d27dc0/libtiff/libtiff/tif_error.c
[repair-libtiff] instrument libtiff-bug-2008-04-15-2e8b2f1-0d27dc0/libtiff/libtiff/tif_error.c
[repair-libtiff] instrument libtiff-fix-2008-04-15-2e8b2f1-0d27dc0/libtiff/test/Makefile.in
[repair-libtiff] instrument libtiff-fix-2008-04-15-2e8b2f1-0d27dc0/libtiff/tools/tiff2pdf.c
[repair-libtiff] instrument libtiff-fix-2008-04-15-2e8b2f1-0d27dc0/libtiff/tools/tiff2pdf.c
[repair-libtiff] instrument libtiff-fix-2008-04-15-2e8b2f1-0d27dc0/libtiff/tools/tiff2pdf.c
[repair-libtiff] instrument libtiff-fix-2008-04-15-2e8b2f1-0d27dc0/libtiff/tools/tiff2pdf.c
[repair-libtiff] instrument libtiff-fix-2008-04-15-2e8b2f1-0d27dc0/libtiff/libtiff/tif_error.c
[repair-libtiff] instrument libtiff-fix-2008-04-15-2e8b2f1-0d27dc0/libtiff/libtiff/tif_error.c
[repair-libtiff] the assert option not used
INFO     repair          copy libtiff-bug-2008-04-15-2e8b2f1-0d27dc0/libtiff to /angelix-experiments/.angelix/validation
INFO     project         configuring validation source
INFO     project         building json compilation database from validation source
INFO     testing         running test '1' of validation source
INFO     testing         output code: 0
INFO     testing         running test '2' of validation source
INFO     testing         output code: 0
INFO     testing         running test '3' of validation source
INFO     testing         output code: 1
INFO     testing         running test '4' of validation source
INFO     testing         output code: 0
INFO     testing         running test '5' of validation source
INFO     testing         output code: 0
INFO     testing         running test '6' of validation source
INFO     testing         output code: 0
INFO     testing         running test '7' of validation source
INFO     testing         output code: 0
INFO     testing         running test '8' of validation source
INFO     testing         output code: 0
INFO     testing         running test '9' of validation source
INFO     testing         output code: 0
INFO     testing         running test '10' of validation source
INFO     testing         output code: 0
INFO     testing         running test '11' of validation source
INFO     testing         output code: 0
INFO     testing         running test '12' of validation source
INFO     testing         output code: 0
INFO     testing         running test '13' of validation source
INFO     testing         output code: 0
INFO     testing         running test '14' of validation source
INFO     testing         output code: 0
INFO     testing         running test '15' of validation source
INFO     testing         output code: 0
INFO     testing         running test '16' of validation source
INFO     testing         output code: 0
INFO     testing         running test '17' of validation source
INFO     testing         output code: 0
INFO     testing         running test '18' of validation source
INFO     testing         output code: 1
INFO     testing         running test '19' of validation source
INFO     testing         output code: 1
INFO     testing         running test '20' of validation source
INFO     testing         output code: 0
INFO     testing         running test '21' of validation source
INFO     testing         output code: 0
INFO     testing         running test '22' of validation source
INFO     testing         output code: 0
INFO     testing         running test '23' of validation source
INFO     testing         output code: 1
INFO     testing         running test '24' of validation source
INFO     testing         output code: 0
INFO     testing         running test '25' of validation source
INFO     testing         output code: 0
INFO     testing         running test '26' of validation source
INFO     testing         output code: 0
INFO     testing         running test '27' of validation source
INFO     testing         output code: 0
INFO     testing         running test '28' of validation source
INFO     testing         output code: 0
INFO     testing         running test '29' of validation source
INFO     testing         output code: 1
INFO     testing         running test '30' of validation source
INFO     testing         output code: 1
INFO     testing         running test '31' of validation source
INFO     testing         output code: 1
INFO     testing         running test '32' of validation source
INFO     testing         output code: 1
INFO     testing         running test '33' of validation source
INFO     testing         output code: 1
INFO     testing         running test '34' of validation source
INFO     testing         output code: 1
INFO     testing         running test '35' of validation source
INFO     testing         output code: 1
INFO     testing         running test '36' of validation source
INFO     testing         output code: 1
INFO     testing         running test '37' of validation source
INFO     testing         output code: 1
INFO     testing         running test '38' of validation source
INFO     testing         output code: 1
INFO     testing         running test '39' of validation source
INFO     testing         output code: 0
INFO     testing         running test '40' of validation source
INFO     testing         output code: 0
INFO     testing         running test '41' of validation source
INFO     testing         output code: 0
INFO     testing         running test '42' of validation source
INFO     testing         output code: 1
INFO     testing         running test '43' of validation source
INFO     testing         output code: 0
INFO     testing         running test '44' of validation source
INFO     testing         output code: 0
INFO     testing         running test '45' of validation source
INFO     testing         output code: 0
INFO     testing         running test '46' of validation source
INFO     testing         output code: 0
INFO     testing         running test '47' of validation source
INFO     testing         output code: 0
INFO     testing         running test '48' of validation source
INFO     testing         output code: 0
INFO     testing         running test '49' of validation source
INFO     testing         output code: 0
INFO     testing         running test '50' of validation source
INFO     testing         output code: 0
INFO     testing         running test '51' of validation source
INFO     testing         output code: 0
INFO     testing         running test '52' of validation source
INFO     testing         output code: 1
INFO     testing         running test '53' of validation source
INFO     testing         output code: 0
INFO     testing         running test '54' of validation source
INFO     testing         output code: 0
INFO     testing         running test '55' of validation source
INFO     testing         output code: 0
INFO     testing         running test '56' of validation source
INFO     testing         output code: 0
INFO     testing         running test '57' of validation source
INFO     testing         output code: 0
INFO     testing         running test '58' of validation source
INFO     testing         output code: 0
INFO     testing         running test '59' of validation source
INFO     testing         output code: 0
INFO     testing         running test '60' of validation source
INFO     testing         output code: 0
INFO     testing         running test '61' of validation source
INFO     testing         output code: 0
INFO     testing         running test '62' of validation source
INFO     testing         output code: 1
INFO     testing         running test '63' of validation source
INFO     testing         output code: 0
INFO     testing         running test '64' of validation source
INFO     testing         output code: 0
INFO     testing         running test '65' of validation source
INFO     testing         output code: 0
INFO     testing         running test '66' of validation source
INFO     testing         output code: 0
INFO     testing         running test '67' of validation source
INFO     testing         output code: 0
INFO     testing         running test '68' of validation source
INFO     testing         output code: 0
INFO     testing         running test '69' of validation source
INFO     testing         output code: 0
INFO     testing         running test '70' of validation source
INFO     testing         output code: 0
INFO     testing         running test '71' of validation source
INFO     testing         output code: 0
INFO     testing         running test '72' of validation source
INFO     testing         output code: 0
INFO     testing         running test '73' of validation source
INFO     testing         output code: 0
INFO     testing         running test '74' of validation source
INFO     testing         output code: 0
INFO     testing         running test '75' of validation source
INFO     testing         output code: 0
INFO     testing         running test '76' of validation source
INFO     testing         output code: 0
INFO     testing         running test '77' of validation source
INFO     testing         output code: 0
INFO     testing         running test '78' of validation source
INFO     testing         output code: 0
INFO     repair          positive: ['1', '2', '4', '5', '6', '7', '8', '9', '10', '11', '12', '13', '14', '15', '16', '17', '20', '21', '22', '24', '25', '26', '27', '28', '39', '40', '41', '43', '44', '45', '46', '47', '48', '49', '50', '51', '53', '54', '55', '56', '57', '58', '59', '60', '61', '63', '64', '65', '66', '67', '68', '69', '70', '71', '72', '73', '74', '75', '76', '77', '78']
INFO     repair          negative: ['3', '18', '19', '23', '29', '30', '31', '32', '33', '34', '35', '36', '37', '38', '42', '52', '62']
INFO     project         configuring frontend source
INFO     transformation  instrumenting repairable of frontend source
INFO     project         building frontend source
INFO     repair          running positive tests for debugging
INFO     testing         running test '1' of frontend source
INFO     testing         output code: 1
WARNING  testing         ANGELIX_RUN is not executed by test 1
INFO     testing         running test '2' of frontend source
INFO     testing         output code: 139
INFO     testing         running test '4' of frontend source
INFO     testing         output code: 139
INFO     testing         running test '5' of frontend source
INFO     testing         output code: 1
WARNING  testing         ANGELIX_RUN is not executed by test 5
INFO     testing         running test '6' of frontend source
INFO     testing         output code: 1
WARNING  testing         ANGELIX_RUN is not executed by test 6
INFO     testing         running test '7' of frontend source
INFO     testing         output code: 1
WARNING  testing         ANGELIX_RUN is not executed by test 7
INFO     testing         running test '8' of frontend source
INFO     testing         output code: 1
WARNING  testing         ANGELIX_RUN is not executed by test 8
INFO     testing         running test '9' of frontend source
INFO     testing         output code: 1
WARNING  testing         ANGELIX_RUN is not executed by test 9
INFO     testing         running test '10' of frontend source
INFO     testing         output code: 1
WARNING  testing         ANGELIX_RUN is not executed by test 10
INFO     testing         running test '11' of frontend source
INFO     testing         output code: 1
WARNING  testing         ANGELIX_RUN is not executed by test 11
INFO     testing         running test '12' of frontend source
INFO     testing         output code: 1
WARNING  testing         ANGELIX_RUN is not executed by test 12
INFO     testing         running test '13' of frontend source
INFO     testing         output code: 1
WARNING  testing         ANGELIX_RUN is not executed by test 13
INFO     testing         running test '14' of frontend source
INFO     testing         output code: 1
WARNING  testing         ANGELIX_RUN is not executed by test 14
INFO     testing         running test '15' of frontend source
INFO     testing         output code: 1
WARNING  testing         ANGELIX_RUN is not executed by test 15
INFO     testing         running test '16' of frontend source
INFO     testing         output code: 1
WARNING  testing         ANGELIX_RUN is not executed by test 16
INFO     testing         running test '17' of frontend source
INFO     testing         output code: 1
WARNING  testing         ANGELIX_RUN is not executed by test 17
INFO     testing         running test '20' of frontend source
INFO     testing         output code: 0
WARNING  testing         ANGELIX_RUN is not executed by test 20
INFO     testing         running test '21' of frontend source
INFO     testing         output code: 1
WARNING  testing         ANGELIX_RUN is not executed by test 21
INFO     testing         running test '22' of frontend source
INFO     testing         output code: 1
INFO     testing         running test '24' of frontend source
INFO     testing         output code: 1
WARNING  testing         ANGELIX_RUN is not executed by test 24
INFO     testing         running test '25' of frontend source
INFO     testing         output code: 1
WARNING  testing         ANGELIX_RUN is not executed by test 25
INFO     testing         running test '26' of frontend source
INFO     testing         output code: 1
WARNING  testing         ANGELIX_RUN is not executed by test 26
INFO     testing         running test '27' of frontend source
INFO     testing         output code: 1
WARNING  testing         ANGELIX_RUN is not executed by test 27
INFO     testing         running test '28' of frontend source
INFO     testing         output code: 1
INFO     testing         running test '39' of frontend source
INFO     testing         output code: 1
INFO     testing         running test '40' of frontend source
INFO     testing         output code: 1
INFO     testing         running test '41' of frontend source
INFO     testing         output code: 1
INFO     testing         running test '43' of frontend source
INFO     testing         output code: 1
INFO     testing         running test '44' of frontend source
INFO     testing         output code: 1
INFO     testing         running test '45' of frontend source
INFO     testing         output code: 1
INFO     testing         running test '46' of frontend source
INFO     testing         output code: 1
INFO     testing         running test '47' of frontend source
INFO     testing         output code: 1
INFO     testing         running test '48' of frontend source
INFO     testing         output code: 1
INFO     testing         running test '49' of frontend source
INFO     testing         output code: 1
INFO     testing         running test '50' of frontend source
INFO     testing         output code: 1
WARNING  testing         ANGELIX_RUN is not executed by test 50
INFO     testing         running test '51' of frontend source
INFO     testing         output code: 1
WARNING  testing         ANGELIX_RUN is not executed by test 51
INFO     testing         running test '53' of frontend source
INFO     testing         output code: 1
WARNING  testing         ANGELIX_RUN is not executed by test 53
INFO     testing         running test '54' of frontend source
INFO     testing         output code: 1
WARNING  testing         ANGELIX_RUN is not executed by test 54
INFO     testing         running test '55' of frontend source
INFO     testing         output code: 1
WARNING  testing         ANGELIX_RUN is not executed by test 55
INFO     testing         running test '56' of frontend source
INFO     testing         output code: 1
WARNING  testing         ANGELIX_RUN is not executed by test 56
INFO     testing         running test '57' of frontend source
INFO     testing         output code: 1
WARNING  testing         ANGELIX_RUN is not executed by test 57
INFO     testing         running test '58' of frontend source
INFO     testing         output code: 1
WARNING  testing         ANGELIX_RUN is not executed by test 58
INFO     testing         running test '59' of frontend source
INFO     testing         output code: 1
WARNING  testing         ANGELIX_RUN is not executed by test 59
INFO     testing         running test '60' of frontend source
INFO     testing         output code: 1
WARNING  testing         ANGELIX_RUN is not executed by test 60
INFO     testing         running test '61' of frontend source
INFO     testing         output code: 1
WARNING  testing         ANGELIX_RUN is not executed by test 61
INFO     testing         running test '63' of frontend source
INFO     testing         output code: 1
WARNING  testing         ANGELIX_RUN is not executed by test 63
INFO     testing         running test '64' of frontend source
INFO     testing         output code: 1
WARNING  testing         ANGELIX_RUN is not executed by test 64
INFO     testing         running test '65' of frontend source
INFO     testing         output code: 1
WARNING  testing         ANGELIX_RUN is not executed by test 65
INFO     testing         running test '66' of frontend source
INFO     testing         output code: 1
WARNING  testing         ANGELIX_RUN is not executed by test 66
INFO     testing         running test '67' of frontend source
INFO     testing         output code: 1
WARNING  testing         ANGELIX_RUN is not executed by test 67
INFO     testing         running test '68' of frontend source
INFO     testing         output code: 1
WARNING  testing         ANGELIX_RUN is not executed by test 68
INFO     testing         running test '69' of frontend source
INFO     testing         output code: 1
WARNING  testing         ANGELIX_RUN is not executed by test 69
INFO     testing         running test '70' of frontend source
INFO     testing         output code: 1
WARNING  testing         ANGELIX_RUN is not executed by test 70
INFO     testing         running test '71' of frontend source
INFO     testing         output code: 1
WARNING  testing         ANGELIX_RUN is not executed by test 71
INFO     testing         running test '72' of frontend source
INFO     testing         output code: 1
WARNING  testing         ANGELIX_RUN is not executed by test 72
INFO     testing         running test '73' of frontend source
INFO     testing         output code: 1
WARNING  testing         ANGELIX_RUN is not executed by test 73
INFO     testing         running test '74' of frontend source
INFO     testing         output code: 1
WARNING  testing         ANGELIX_RUN is not executed by test 74
INFO     testing         running test '75' of frontend source
INFO     testing         output code: 1
WARNING  testing         ANGELIX_RUN is not executed by test 75
INFO     testing         running test '76' of frontend source
INFO     testing         output code: 1
WARNING  testing         ANGELIX_RUN is not executed by test 76
INFO     testing         running test '77' of frontend source
INFO     testing         output code: 1
WARNING  testing         ANGELIX_RUN is not executed by test 77
INFO     testing         running test '78' of frontend source
INFO     testing         output code: 1
WARNING  testing         ANGELIX_RUN is not executed by test 78
INFO     repair          running negative tests for debugging
INFO     testing         running test '3' of frontend source
INFO     testing         output code: 139
INFO     project         configuring golden source
INFO     project         building golden source
INFO     testing         running test '3' of golden source
INFO     testing         output code: 0
INFO     testing         running test '18' of frontend source
INFO     testing         output code: 1
WARNING  testing         ANGELIX_RUN is not executed by test 18
INFO     testing         running test '18' of golden source
INFO     testing         output code: 1
WARNING  testing         ANGELIX_RUN is not executed by test 18
INFO     testing         running test '19' of frontend source
INFO     testing         output code: 1
WARNING  testing         ANGELIX_RUN is not executed by test 19
INFO     testing         running test '19' of golden source
INFO     testing         output code: 1
WARNING  testing         ANGELIX_RUN is not executed by test 19
INFO     testing         running test '23' of frontend source
INFO     testing         output code: 1
INFO     testing         running test '23' of golden source
INFO     testing         output code: 1
INFO     testing         running test '29' of frontend source
INFO     testing         output code: 1
WARNING  testing         ANGELIX_RUN is not executed by test 29
INFO     testing         running test '29' of golden source
INFO     testing         output code: 1
WARNING  testing         ANGELIX_RUN is not executed by test 29
INFO     testing         running test '30' of frontend source
INFO     testing         output code: 1
WARNING  testing         ANGELIX_RUN is not executed by test 30
INFO     testing         running test '30' of golden source
INFO     testing         output code: 1
WARNING  testing         ANGELIX_RUN is not executed by test 30
INFO     testing         running test '31' of frontend source
INFO     testing         output code: 1
WARNING  testing         ANGELIX_RUN is not executed by test 31
INFO     testing         running test '31' of golden source
INFO     testing         output code: 1
WARNING  testing         ANGELIX_RUN is not executed by test 31
INFO     testing         running test '32' of frontend source
INFO     testing         output code: 1
WARNING  testing         ANGELIX_RUN is not executed by test 32
INFO     testing         running test '32' of golden source
INFO     testing         output code: 1
WARNING  testing         ANGELIX_RUN is not executed by test 32
INFO     testing         running test '33' of frontend source
INFO     testing         output code: 1
WARNING  testing         ANGELIX_RUN is not executed by test 33
INFO     testing         running test '33' of golden source
INFO     testing         output code: 1
WARNING  testing         ANGELIX_RUN is not executed by test 33
INFO     testing         running test '34' of frontend source
INFO     testing         output code: 1
WARNING  testing         ANGELIX_RUN is not executed by test 34
INFO     testing         running test '34' of golden source
INFO     testing         output code: 1
WARNING  testing         ANGELIX_RUN is not executed by test 34
INFO     testing         running test '35' of frontend source
INFO     testing         output code: 1
WARNING  testing         ANGELIX_RUN is not executed by test 35
INFO     testing         running test '35' of golden source
INFO     testing         output code: 1
WARNING  testing         ANGELIX_RUN is not executed by test 35
INFO     testing         running test '36' of frontend source
INFO     testing         output code: 1
WARNING  testing         ANGELIX_RUN is not executed by test 36
INFO     testing         running test '36' of golden source
INFO     testing         output code: 1
WARNING  testing         ANGELIX_RUN is not executed by test 36
INFO     testing         running test '37' of frontend source
INFO     testing         output code: 1
WARNING  testing         ANGELIX_RUN is not executed by test 37
INFO     testing         running test '37' of golden source
INFO     testing         output code: 1
WARNING  testing         ANGELIX_RUN is not executed by test 37
INFO     testing         running test '38' of frontend source
INFO     testing         output code: 1
WARNING  testing         ANGELIX_RUN is not executed by test 38
INFO     testing         running test '38' of golden source
INFO     testing         output code: 1
WARNING  testing         ANGELIX_RUN is not executed by test 38
INFO     testing         running test '42' of frontend source
INFO     testing         output code: 1
WARNING  testing         ANGELIX_RUN is not executed by test 42
INFO     testing         running test '42' of golden source
INFO     testing         output code: 1
WARNING  testing         ANGELIX_RUN is not executed by test 42
INFO     testing         running test '52' of frontend source
INFO     testing         output code: 1
WARNING  testing         ANGELIX_RUN is not executed by test 52
INFO     testing         running test '52' of golden source
INFO     testing         output code: 1
WARNING  testing         ANGELIX_RUN is not executed by test 52
INFO     testing         running test '62' of frontend source
INFO     testing         output code: 1
WARNING  testing         ANGELIX_RUN is not executed by test 62
INFO     testing         running test '62' of golden source
INFO     testing         output code: 1
WARNING  testing         ANGELIX_RUN is not executed by test 62
WARNING  repair          excluding test 18 because it fails in golden version
WARNING  repair          excluding test 19 because it fails in golden version
WARNING  repair          excluding test 23 because it fails in golden version
WARNING  repair          excluding test 29 because it fails in golden version
WARNING  repair          excluding test 30 because it fails in golden version
WARNING  repair          excluding test 31 because it fails in golden version
WARNING  repair          excluding test 32 because it fails in golden version
WARNING  repair          excluding test 33 because it fails in golden version
WARNING  repair          excluding test 34 because it fails in golden version
WARNING  repair          excluding test 35 because it fails in golden version
WARNING  repair          excluding test 36 because it fails in golden version
WARNING  repair          excluding test 37 because it fails in golden version
WARNING  repair          excluding test 38 because it fails in golden version
WARNING  repair          excluding test 42 because it fails in golden version
WARNING  repair          excluding test 52 because it fails in golden version
WARNING  repair          excluding test 62 because it fails in golden version
INFO     repair          repair test suite: ['2', '3', '4', '22', '28', '39', '40', '41', '43', '44', '45', '46', '47', '48', '49']
INFO     repair          validation test suite: ['1', '2', '3', '4', '5', '6', '7', '8', '9', '10', '11', '12', '13', '14', '15', '16', '17', '20', '21', '22', '24', '25', '26', '27', '28', '39', '40', '41', '43', '44', '45', '46', '47', '48', '49', '50', '51', '53', '54', '55', '56', '57', '58', '59', '60', '61', '63', '64', '65', '66', '67', '68', '69', '70', '71', '72', '73', '74', '75', '76', '77', '78']
INFO     localization    (loc, score) = (('I', (276, 6, 276, 44)), 1.0)
INFO     localization    (loc, score) = (('I', (335, 6, 335, 44)), 1.0)
INFO     localization    (loc, score) = (('L', (352, 14, 352, 18)), 1.0)
INFO     localization    (loc, score) = (('I', (345, 6, 345, 12)), 1.0)
INFO     localization    group 1: [('I', (276, 6, 276, 44))] (1.0)
INFO     localization    group 2: [('I', (335, 6, 335, 44))] (1.0)
INFO     localization    group 3: [('I', (345, 6, 345, 12))] (1.0)
INFO     localization    group 4: [('L', (352, 14, 352, 18))] (1.0)
INFO     localization    selected expressions [('I', (276, 6, 276, 44))] with group score 1.0 
INFO     localization    selected expressions [('I', (335, 6, 335, 44))] with group score 1.0 
INFO     localization    selected expressions [('I', (345, 6, 345, 12))] with group score 1.0 
INFO     localization    selected expressions [('L', (352, 14, 352, 18))] with group score 1.0 
INFO     repair          considering suspicious locations [('I', (276, 6, 276, 44))]
INFO     reduction       all failing tests: ['3']
INFO     reduction       select 1 best tests from ['3']
INFO     reduction       select 0 best tests from ['2', '4', '22', '28', '39', '40', '41', '43', '44', '45', '46', '47', '48', '49']
INFO     reduction       selected 1 tests
INFO     reduction       selected passing tests: []
INFO     reduction       selected failing tests: ['3']
INFO     guided_infer    inferring specification for test '3' through guided search
INFO     guided_infer    init sample: [array([0, 0])]
INFO     pymc3           Sequential sampling (1 chains in 1 job)
INFO     pymc3           Metropolis: [p]
INFO     guided_infer    [CustomProposal] q0: [0. 0.]
INFO     guided_infer    trial #1
INFO     guided_infer    used 0.0% of sample space
INFO     guided_infer    [accept_fun] q0s: [array([0, 0])] / [1] / (1, 2)
INFO     guided_infer    [accept_fun] qs: [array([0, 0])] / [1] / (1, 2)
INFO     guided_infer    search for the cost of ('0',)
INFO     testing         running test '3' of frontend source
INFO     testing         output code: 139
INFO     guided_infer    store the cost of ('0',)
INFO     guided_infer    store the cost of ('0',)
INFO     guided_infer    search for the cost of ('0',)
INFO     guided_infer    ('0',) cached
INFO     guided_infer    new qs: [array([0, 0])] / [1] / (1, 2)
INFO     guided_infer    old cost: 10000000.0
INFO     guided_infer    new cost: 10000000.0
INFO     guided_infer    all costs: [10000000.0]
INFO     guided_infer    accept ratio: 1.0
INFO     pymc3           accepted: True
INFO     guided_infer    [CustomProposal] q0: [0. 0.]
INFO     guided_infer    trial #2
INFO     guided_infer    used 50.0% of sample space
INFO     guided_infer    [accept_fun] q0s: [array([0, 0])] / [1] / (1, 2)
INFO     guided_infer    [accept_fun] qs: [array([0, 1])] / [1] / (1, 2)
INFO     guided_infer    search for the cost of ('0',)
INFO     guided_infer    ('0',) cached
INFO     guided_infer    search for the cost of ('1',)
INFO     testing         running test '3' of frontend source
INFO     testing         output code: 139
INFO     guided_infer    store the cost of ('1',)
INFO     guided_infer    store the cost of ('1',)
INFO     guided_infer    new qs: [array([0, 1])] / [1] / (1, 2)
INFO     guided_infer    old cost: 10000000.0
INFO     guided_infer    new cost: 10000000.0
INFO     guided_infer    all costs: [10000000.0]
INFO     guided_infer    accept ratio: 1.0
INFO     pymc3           accepted: True
INFO     guided_infer    [CustomProposal] q0: [0. 1.]
INFO     guided_infer    trial #3
INFO     guided_infer    used 100.0% of sample space
INFO     guided_infer    Sample space exhausted: size=2, samples=[('0',), ('1',)]
INFO     repair          considering suspicious locations [('I', (335, 6, 335, 44))]
INFO     reduction       all failing tests: ['3']
INFO     reduction       select 1 best tests from ['3']
INFO     reduction       select 0 best tests from ['2', '4', '22', '28', '39', '40', '41', '43', '44', '45', '46', '47', '48', '49']
INFO     reduction       selected 1 tests
INFO     reduction       selected passing tests: []
INFO     reduction       selected failing tests: ['3']
INFO     guided_infer    inferring specification for test '3' through guided search
INFO     guided_infer    init sample: [array([0, 0])]
INFO     pymc3           Sequential sampling (1 chains in 1 job)
INFO     pymc3           Metropolis: [p]
INFO     guided_infer    [CustomProposal] q0: [0. 0.]
INFO     guided_infer    trial #1
INFO     guided_infer    used 0.0% of sample space
INFO     guided_infer    [accept_fun] q0s: [array([0, 0])] / [1] / (1, 2)
INFO     guided_infer    [accept_fun] qs: [array([0, 1])] / [1] / (1, 2)
INFO     guided_infer    search for the cost of ('0',)
INFO     testing         running test '3' of frontend source
INFO     testing         output code: 139
INFO     guided_infer    store the cost of ('0',)
INFO     guided_infer    store the cost of ('0',)
INFO     guided_infer    search for the cost of ('1',)
INFO     testing         running test '3' of frontend source
INFO     testing         output code: 139
INFO     guided_infer    store the cost of ('1',)
INFO     guided_infer    store the cost of ('1',)
INFO     guided_infer    new qs: [array([0, 1])] / [1] / (1, 2)
INFO     guided_infer    old cost: 10000000.0
INFO     guided_infer    new cost: 10000000.0
INFO     guided_infer    all costs: [10000000.0]
INFO     guided_infer    accept ratio: 1.0
INFO     pymc3           accepted: True
INFO     guided_infer    [CustomProposal] q0: [0. 1.]
INFO     guided_infer    trial #2
INFO     guided_infer    used 100.0% of sample space
INFO     guided_infer    Sample space exhausted: size=2, samples=[('0',), ('1',)]
INFO     repair          considering suspicious locations [('I', (345, 6, 345, 12))]
INFO     reduction       all failing tests: ['3']
INFO     reduction       select 1 best tests from ['3']
INFO     reduction       select 0 best tests from ['2', '4', '22', '28', '39', '40', '41', '43', '44', '45', '46', '47', '48', '49']
INFO     reduction       selected 1 tests
INFO     reduction       selected passing tests: []
INFO     reduction       selected failing tests: ['3']
INFO     guided_infer    inferring specification for test '3' through guided search
INFO     guided_infer    init sample: [array([0, 0])]
INFO     pymc3           Sequential sampling (1 chains in 1 job)
INFO     pymc3           Metropolis: [p]
INFO     guided_infer    [CustomProposal] q0: [0. 0.]
INFO     guided_infer    trial #1
INFO     guided_infer    used 0.0% of sample space
INFO     guided_infer    [accept_fun] q0s: [array([0, 0])] / [1] / (1, 2)
INFO     guided_infer    [accept_fun] qs: [array([0, 1])] / [1] / (1, 2)
INFO     guided_infer    search for the cost of ('0',)
INFO     testing         running test '3' of frontend source
INFO     testing         output code: 139
INFO     guided_infer    store the cost of ('0',)
INFO     guided_infer    store the cost of ('0',)
INFO     guided_infer    search for the cost of ('1',)
INFO     testing         running test '3' of frontend source
INFO     testing         output code: 139
INFO     guided_infer    store the cost of ('1',)
INFO     guided_infer    store the cost of ('1',)
INFO     guided_infer    new qs: [array([0, 1])] / [1] / (1, 2)
INFO     guided_infer    old cost: 10000000.0
INFO     guided_infer    new cost: 10000000.0
INFO     guided_infer    all costs: [10000000.0]
INFO     guided_infer    accept ratio: 1.0
INFO     pymc3           accepted: True
INFO     guided_infer    [CustomProposal] q0: [0. 1.]
INFO     guided_infer    trial #2
INFO     guided_infer    used 100.0% of sample space
INFO     guided_infer    Sample space exhausted: size=2, samples=[('0',), ('1',)]
INFO     repair          considering suspicious locations [('L', (352, 14, 352, 18))]
INFO     reduction       all failing tests: ['3']
INFO     reduction       select 1 best tests from ['3']
INFO     reduction       select 0 best tests from ['2', '4', '22', '28', '39', '40', '41', '43', '44', '45', '46', '47', '48', '49']
INFO     reduction       selected 1 tests
INFO     reduction       selected passing tests: []
INFO     reduction       selected failing tests: ['3']
INFO     guided_infer    inferring specification for test '3' through guided search
INFO     guided_infer    init sample: [array([0, 1])]
INFO     pymc3           Sequential sampling (1 chains in 1 job)
INFO     pymc3           Metropolis: [p]
INFO     guided_infer    [CustomProposal] q0: [0. 1.]
INFO     guided_infer    trial #1
INFO     guided_infer    used 0.0% of sample space
INFO     guided_infer    [accept_fun] q0s: [array([0, 1])] / [1] / (1, 2)
INFO     guided_infer    [accept_fun] qs: [array([0, 0])] / [1] / (1, 2)
INFO     guided_infer    search for the cost of ('1',)
INFO     testing         running test '3' of frontend source
INFO     testing         output code: 139
INFO     guided_infer    store the cost of ('1',)
INFO     guided_infer    store the cost of ('1',)
INFO     guided_infer    search for the cost of ('0',)
INFO     testing         running test '3' of frontend source
INFO     testing         output code: 139
INFO     guided_infer    store the cost of ('0',)
INFO     guided_infer    store the cost of ('0',)
INFO     guided_infer    new qs: [array([0, 0])] / [1] / (1, 2)
INFO     guided_infer    old cost: 10000000.0
INFO     guided_infer    new cost: 10000000.0
INFO     guided_infer    all costs: [10000000.0]
INFO     guided_infer    accept ratio: 1.0
INFO     pymc3           accepted: True
INFO     guided_infer    [CustomProposal] q0: [0. 0.]
INFO     guided_infer    trial #2
INFO     guided_infer    used 100.0% of sample space
INFO     guided_infer    Sample space exhausted: size=2, samples=[('1',), ('0',)]
INFO     repair          no patch generated in 3m 4s
FAIL
