[repair] benchmark: manybugs
[repair] subject: libtiff
[repair] version: 2007-07-19-ce4b7af-7d6e298
[repair] search: guided
[repair] ./fetch libtiff manybugs 2007-07-19-ce4b7af-7d6e298
[fetch] benchmark: manybugs
[fetch] subject: libtiff
[fetch] version: 2007-07-19-ce4b7af-7d6e298
[fetch] archive: libtiff-bug-2007-07-19-ce4b7af-7d6e298.tar.gz
[fetch] directory: libtiff-bug-2007-07-19-ce4b7af-7d6e298
[fetch] preparing source code
[fetch] golden_directory: libtiff-fix-2007-07-19-ce4b7af-7d6e298
[fetch] clean-source libtiff-bug-2007-07-19-ce4b7af-7d6e298
[fetch] /angelix-experiments/libtiff-bug-2007-07-19-ce4b7af-7d6e298/libtiff/configure
[fetch] make clean
[fetch] clean-source libtiff-fix-2007-07-19-ce4b7af-7d6e298
[fetch] restore-buggy libtiff-bug-2007-07-19-ce4b7af-7d6e298
[fetch] /angelix-experiments/libtiff-fix-2007-07-19-ce4b7af-7d6e298/libtiff/configure
[fetch] make clean
[fetch] buggy: libtiff/tif_dirinfo.c
[fetch] buggy_preprocessed: libtiff-bug-2007-07-19-ce4b7af-7d6e298/libtiff/libtiff/tif_dirinfo.c
[fetch] buggy_version: ce4b7af
[fetch] buggy_original: libtiff-bug-2007-07-19-ce4b7af-7d6e298/diffs/libtiff/tif_dirinfo.c-ce4b7af
[fetch] cp libtiff-bug-2007-07-19-ce4b7af-7d6e298/diffs/libtiff/tif_dirinfo.c-ce4b7af libtiff-bug-2007-07-19-ce4b7af-7d6e298/libtiff/libtiff/tif_dirinfo.c
[fetch] restore-correct libtiff-fix-2007-07-19-ce4b7af-7d6e298
[fetch] cp libtiff-fix-2007-07-19-ce4b7af-7d6e298/diffs/libtiff/tif_dirinfo.c-7d6e298 libtiff-fix-2007-07-19-ce4b7af-7d6e298/libtiff/libtiff/tif_dirinfo.c
[fetch] restored libtiff-fix-2007-07-19-ce4b7af-7d6e298/libtiff/libtiff/tif_dirinfo.c with libtiff-fix-2007-07-19-ce4b7af-7d6e298/diffs/libtiff/tif_dirinfo.c-7d6e298
[fetch] fetch done
[repair] options: --guided --defect
if-conditions
loop-conditions
--angelic-search-strategy
guided
--search-max-trials
500
--max-same-cost-iter
20
--one-bit-flip-prob
0.5
--penalty1
4
--penalty2
2
--default-max-cost
300000000
--default-non-zero-cost
300000000
--error-cost
10000000
--warning-cost
5000000
--initial-tests
1
--suspicious
30
--additional-susp-locs
293-7-293-7
294-7-294-7
--default-susp-score
0.1
--lines
337  --ignore-lines --all-suspicious --test-timeout 60 --klee-timeout 7200 --timeout 14400 --show-suspicious-locations --mcmc-beta 0.8 --group-size 1
[repair-libtiff] options:  --defect if-conditions loop-conditions --angelic-search-strategy guided --search-max-trials 500 --max-same-cost-iter 20 --one-bit-flip-prob 0.5 --penalty1 4 --penalty2 2 --default-max-cost 300000000 --default-non-zero-cost 300000000 --error-cost 10000000 --warning-cost 5000000 --initial-tests 1 --suspicious 30 --additional-susp-locs 293-7-293-7 294-7-294-7 --default-susp-score 0.1 --lines 337 --ignore-lines --all-suspicious --test-timeout 60 --klee-timeout 7200 --timeout 14400 --show-suspicious-locations --mcmc-beta 0.8 --group-size 1
[repair-libtiff] instrument libtiff-bug-2007-07-19-ce4b7af-7d6e298/libtiff/test/Makefile.in
[repair-libtiff] instrument libtiff-bug-2007-07-19-ce4b7af-7d6e298/libtiff/tools/tiff2pdf.c
[repair-libtiff] instrument libtiff-bug-2007-07-19-ce4b7af-7d6e298/libtiff/tools/tiff2pdf.c
[repair-libtiff] instrument libtiff-bug-2007-07-19-ce4b7af-7d6e298/libtiff/tools/tiff2pdf.c
[repair-libtiff] instrument libtiff-bug-2007-07-19-ce4b7af-7d6e298/libtiff/tools/tiff2pdf.c
[repair-libtiff] instrument libtiff-bug-2007-07-19-ce4b7af-7d6e298/libtiff/libtiff/tif_error.c
[repair-libtiff] instrument libtiff-bug-2007-07-19-ce4b7af-7d6e298/libtiff/libtiff/tif_error.c
[repair-libtiff] instrument libtiff-fix-2007-07-19-ce4b7af-7d6e298/libtiff/test/Makefile.in
[repair-libtiff] instrument libtiff-fix-2007-07-19-ce4b7af-7d6e298/libtiff/tools/tiff2pdf.c
[repair-libtiff] instrument libtiff-fix-2007-07-19-ce4b7af-7d6e298/libtiff/tools/tiff2pdf.c
[repair-libtiff] instrument libtiff-fix-2007-07-19-ce4b7af-7d6e298/libtiff/tools/tiff2pdf.c
[repair-libtiff] instrument libtiff-fix-2007-07-19-ce4b7af-7d6e298/libtiff/tools/tiff2pdf.c
[repair-libtiff] instrument libtiff-fix-2007-07-19-ce4b7af-7d6e298/libtiff/libtiff/tif_error.c
[repair-libtiff] instrument libtiff-fix-2007-07-19-ce4b7af-7d6e298/libtiff/libtiff/tif_error.c
./repair-libtiff: line 413: [: ==: unary operator expected
[repair-libtiff] the assert option used
INFO     repair          copy libtiff-bug-2007-07-19-ce4b7af-7d6e298/libtiff to /angelix-experiments/.angelix/validation
INFO     project         configuring validation source
INFO     project         building json compilation database from validation source
INFO     testing         running test '1' of validation source
INFO     testing         output code: 0
INFO     testing         running test '2' of validation source
INFO     testing         output code: 0
INFO     testing         running test '3' of validation source
INFO     testing         output code: 1
INFO     testing         running test '4' of validation source
INFO     testing         output code: 0
INFO     testing         running test '5' of validation source
INFO     testing         output code: 1
INFO     testing         running test '6' of validation source
INFO     testing         output code: 0
INFO     testing         running test '7' of validation source
INFO     testing         output code: 0
INFO     testing         running test '8' of validation source
INFO     testing         output code: 0
INFO     testing         running test '9' of validation source
INFO     testing         output code: 0
INFO     testing         running test '10' of validation source
INFO     testing         output code: 0
INFO     testing         running test '11' of validation source
INFO     testing         output code: 0
INFO     testing         running test '12' of validation source
INFO     testing         output code: 0
INFO     testing         running test '13' of validation source
INFO     testing         output code: 0
INFO     testing         running test '14' of validation source
INFO     testing         output code: 0
INFO     testing         running test '15' of validation source
INFO     testing         output code: 0
INFO     testing         running test '16' of validation source
INFO     testing         output code: 0
INFO     testing         running test '17' of validation source
INFO     testing         output code: 0
INFO     testing         running test '18' of validation source
INFO     testing         output code: 1
INFO     testing         running test '19' of validation source
INFO     testing         output code: 1
INFO     testing         running test '20' of validation source
INFO     testing         output code: 0
INFO     testing         running test '21' of validation source
INFO     testing         output code: 0
INFO     testing         running test '22' of validation source
INFO     testing         output code: 1
INFO     testing         running test '23' of validation source
INFO     testing         output code: 1
INFO     testing         running test '24' of validation source
INFO     testing         output code: 0
INFO     testing         running test '25' of validation source
INFO     testing         output code: 0
INFO     testing         running test '26' of validation source
INFO     testing         output code: 0
INFO     testing         running test '27' of validation source
INFO     testing         output code: 0
INFO     testing         running test '28' of validation source
INFO     testing         output code: 1
INFO     testing         running test '29' of validation source
INFO     testing         output code: 1
INFO     testing         running test '30' of validation source
INFO     testing         output code: 1
INFO     testing         running test '31' of validation source
INFO     testing         output code: 1
INFO     testing         running test '32' of validation source
INFO     testing         output code: 1
INFO     testing         running test '33' of validation source
INFO     testing         output code: 1
INFO     testing         running test '34' of validation source
INFO     testing         output code: 1
INFO     testing         running test '35' of validation source
INFO     testing         output code: 1
INFO     testing         running test '36' of validation source
INFO     testing         output code: 1
INFO     testing         running test '37' of validation source
INFO     testing         output code: 1
INFO     testing         running test '38' of validation source
INFO     testing         output code: 1
INFO     testing         running test '39' of validation source
INFO     testing         output code: 0
INFO     testing         running test '40' of validation source
INFO     testing         output code: 0
INFO     testing         running test '41' of validation source
INFO     testing         output code: 0
INFO     testing         running test '42' of validation source
INFO     testing         output code: 1
INFO     testing         running test '43' of validation source
INFO     testing         output code: 0
INFO     testing         running test '44' of validation source
INFO     testing         output code: 0
INFO     testing         running test '45' of validation source
INFO     testing         output code: 0
INFO     testing         running test '46' of validation source
INFO     testing         output code: 0
INFO     testing         running test '47' of validation source
INFO     testing         output code: 0
INFO     testing         running test '48' of validation source
INFO     testing         output code: 0
INFO     testing         running test '49' of validation source
INFO     testing         output code: 0
INFO     testing         running test '50' of validation source
INFO     testing         output code: 0
INFO     testing         running test '51' of validation source
INFO     testing         output code: 0
INFO     testing         running test '52' of validation source
INFO     testing         output code: 1
INFO     testing         running test '53' of validation source
INFO     testing         output code: 0
INFO     testing         running test '54' of validation source
INFO     testing         output code: 0
INFO     testing         running test '55' of validation source
INFO     testing         output code: 0
INFO     testing         running test '56' of validation source
INFO     testing         output code: 0
INFO     testing         running test '57' of validation source
INFO     testing         output code: 0
INFO     testing         running test '58' of validation source
INFO     testing         output code: 0
INFO     testing         running test '59' of validation source
INFO     testing         output code: 0
INFO     testing         running test '60' of validation source
INFO     testing         output code: 0
INFO     testing         running test '61' of validation source
INFO     testing         output code: 0
INFO     testing         running test '62' of validation source
INFO     testing         output code: 1
INFO     testing         running test '63' of validation source
INFO     testing         output code: 0
INFO     testing         running test '64' of validation source
INFO     testing         output code: 0
INFO     testing         running test '65' of validation source
INFO     testing         output code: 0
INFO     testing         running test '66' of validation source
INFO     testing         output code: 0
INFO     testing         running test '67' of validation source
INFO     testing         output code: 0
INFO     testing         running test '68' of validation source
INFO     testing         output code: 0
INFO     testing         running test '69' of validation source
INFO     testing         output code: 0
INFO     testing         running test '70' of validation source
INFO     testing         output code: 0
INFO     testing         running test '71' of validation source
INFO     testing         output code: 0
INFO     testing         running test '72' of validation source
INFO     testing         output code: 0
INFO     testing         running test '73' of validation source
INFO     testing         output code: 0
INFO     testing         running test '74' of validation source
INFO     testing         output code: 0
INFO     testing         running test '75' of validation source
INFO     testing         output code: 0
INFO     testing         running test '76' of validation source
INFO     testing         output code: 0
INFO     testing         running test '77' of validation source
INFO     testing         output code: 0
INFO     testing         running test '78' of validation source
INFO     testing         output code: 0
INFO     project         configuring frontend source
INFO     transformation  instrumenting repairable of frontend source
INFO     project         building frontend source
INFO     repair          running positive tests for debugging
INFO     testing         running test '1' of frontend source
INFO     testing         output code: 1
WARNING  testing         ANGELIX_RUN is not executed by test 1
INFO     testing         running test '2' of frontend source
INFO     testing         output code: 1
WARNING  testing         ANGELIX_RUN is not executed by test 2
INFO     testing         running test '4' of frontend source
INFO     testing         output code: 1
WARNING  testing         ANGELIX_RUN is not executed by test 4
INFO     testing         running test '6' of frontend source
INFO     testing         output code: 1
WARNING  testing         ANGELIX_RUN is not executed by test 6
INFO     testing         running test '7' of frontend source
INFO     testing         output code: 1
WARNING  testing         ANGELIX_RUN is not executed by test 7
INFO     testing         running test '8' of frontend source
INFO     testing         output code: 1
WARNING  testing         ANGELIX_RUN is not executed by test 8
INFO     testing         running test '9' of frontend source
INFO     testing         output code: 1
WARNING  testing         ANGELIX_RUN is not executed by test 9
INFO     testing         running test '10' of frontend source
INFO     testing         output code: 1
WARNING  testing         ANGELIX_RUN is not executed by test 10
INFO     testing         running test '11' of frontend source
INFO     testing         output code: 1
WARNING  testing         ANGELIX_RUN is not executed by test 11
INFO     testing         running test '12' of frontend source
INFO     testing         output code: 1
WARNING  testing         ANGELIX_RUN is not executed by test 12
INFO     testing         running test '13' of frontend source
INFO     testing         output code: 1
WARNING  testing         ANGELIX_RUN is not executed by test 13
INFO     testing         running test '14' of frontend source
INFO     testing         output code: 1
WARNING  testing         ANGELIX_RUN is not executed by test 14
INFO     testing         running test '15' of frontend source
INFO     testing         output code: 1
WARNING  testing         ANGELIX_RUN is not executed by test 15
INFO     testing         running test '16' of frontend source
INFO     testing         output code: 1
WARNING  testing         ANGELIX_RUN is not executed by test 16
INFO     testing         running test '17' of frontend source
INFO     testing         output code: 1
WARNING  testing         ANGELIX_RUN is not executed by test 17
INFO     testing         running test '20' of frontend source
INFO     testing         output code: 0
WARNING  testing         ANGELIX_RUN is not executed by test 20
INFO     testing         running test '21' of frontend source
INFO     testing         output code: 1
WARNING  testing         ANGELIX_RUN is not executed by test 21
INFO     testing         running test '24' of frontend source
INFO     testing         output code: 1
WARNING  testing         ANGELIX_RUN is not executed by test 24
INFO     testing         running test '25' of frontend source
INFO     testing         output code: 1
WARNING  testing         ANGELIX_RUN is not executed by test 25
INFO     testing         running test '26' of frontend source
INFO     testing         output code: 1
WARNING  testing         ANGELIX_RUN is not executed by test 26
INFO     testing         running test '27' of frontend source
INFO     testing         output code: 1
WARNING  testing         ANGELIX_RUN is not executed by test 27
INFO     testing         running test '39' of frontend source
INFO     testing         output code: 1
INFO     testing         running test '40' of frontend source
INFO     testing         output code: 1
INFO     testing         running test '41' of frontend source
INFO     testing         output code: 1
INFO     testing         running test '43' of frontend source
INFO     testing         output code: 1
INFO     testing         running test '44' of frontend source
INFO     testing         output code: 1
INFO     testing         running test '45' of frontend source
INFO     testing         output code: 1
INFO     testing         running test '46' of frontend source
INFO     testing         output code: 1
INFO     testing         running test '47' of frontend source
INFO     testing         output code: 1
INFO     testing         running test '48' of frontend source
INFO     testing         output code: 1
INFO     testing         running test '49' of frontend source
INFO     testing         output code: 1
INFO     testing         running test '50' of frontend source
INFO     testing         output code: 1
WARNING  testing         ANGELIX_RUN is not executed by test 50
INFO     testing         running test '51' of frontend source
INFO     testing         output code: 1
WARNING  testing         ANGELIX_RUN is not executed by test 51
INFO     testing         running test '53' of frontend source
INFO     testing         output code: 1
WARNING  testing         ANGELIX_RUN is not executed by test 53
INFO     testing         running test '54' of frontend source
INFO     testing         output code: 1
WARNING  testing         ANGELIX_RUN is not executed by test 54
INFO     testing         running test '55' of frontend source
INFO     testing         output code: 1
WARNING  testing         ANGELIX_RUN is not executed by test 55
INFO     testing         running test '56' of frontend source
INFO     testing         output code: 1
WARNING  testing         ANGELIX_RUN is not executed by test 56
INFO     testing         running test '57' of frontend source
INFO     testing         output code: 1
WARNING  testing         ANGELIX_RUN is not executed by test 57
INFO     testing         running test '58' of frontend source
INFO     testing         output code: 1
WARNING  testing         ANGELIX_RUN is not executed by test 58
INFO     testing         running test '59' of frontend source
INFO     testing         output code: 1
WARNING  testing         ANGELIX_RUN is not executed by test 59
INFO     testing         running test '60' of frontend source
INFO     testing         output code: 1
WARNING  testing         ANGELIX_RUN is not executed by test 60
INFO     testing         running test '61' of frontend source
INFO     testing         output code: 1
WARNING  testing         ANGELIX_RUN is not executed by test 61
INFO     testing         running test '63' of frontend source
INFO     testing         output code: 1
WARNING  testing         ANGELIX_RUN is not executed by test 63
INFO     testing         running test '64' of frontend source
INFO     testing         output code: 1
WARNING  testing         ANGELIX_RUN is not executed by test 64
INFO     testing         running test '65' of frontend source
INFO     testing         output code: 1
WARNING  testing         ANGELIX_RUN is not executed by test 65
INFO     testing         running test '66' of frontend source
INFO     testing         output code: 1
WARNING  testing         ANGELIX_RUN is not executed by test 66
INFO     testing         running test '67' of frontend source
INFO     testing         output code: 1
WARNING  testing         ANGELIX_RUN is not executed by test 67
INFO     testing         running test '68' of frontend source
INFO     testing         output code: 1
WARNING  testing         ANGELIX_RUN is not executed by test 68
INFO     testing         running test '69' of frontend source
INFO     testing         output code: 1
WARNING  testing         ANGELIX_RUN is not executed by test 69
INFO     testing         running test '70' of frontend source
INFO     testing         output code: 1
WARNING  testing         ANGELIX_RUN is not executed by test 70
INFO     testing         running test '71' of frontend source
INFO     testing         output code: 1
WARNING  testing         ANGELIX_RUN is not executed by test 71
INFO     testing         running test '72' of frontend source
INFO     testing         output code: 1
WARNING  testing         ANGELIX_RUN is not executed by test 72
INFO     testing         running test '73' of frontend source
INFO     testing         output code: 1
WARNING  testing         ANGELIX_RUN is not executed by test 73
INFO     testing         running test '74' of frontend source
INFO     testing         output code: 1
WARNING  testing         ANGELIX_RUN is not executed by test 74
INFO     testing         running test '75' of frontend source
INFO     testing         output code: 1
WARNING  testing         ANGELIX_RUN is not executed by test 75
INFO     testing         running test '76' of frontend source
INFO     testing         output code: 1
WARNING  testing         ANGELIX_RUN is not executed by test 76
INFO     testing         running test '77' of frontend source
INFO     testing         output code: 1
WARNING  testing         ANGELIX_RUN is not executed by test 77
INFO     testing         running test '78' of frontend source
INFO     testing         output code: 1
WARNING  testing         ANGELIX_RUN is not executed by test 78
INFO     repair          running negative tests for debugging
INFO     testing         running test '3' of frontend source
INFO     testing         output code: 1
WARNING  testing         ANGELIX_RUN is not executed by test 3
INFO     project         configuring golden source
INFO     project         building golden source
INFO     testing         running test '3' of golden source
INFO     testing         output code: 1
WARNING  testing         ANGELIX_RUN is not executed by test 3
INFO     testing         running test '5' of frontend source
INFO     testing         output code: 1
WARNING  testing         ANGELIX_RUN is not executed by test 5
INFO     testing         running test '5' of golden source
INFO     testing         output code: 1
WARNING  testing         ANGELIX_RUN is not executed by test 5
INFO     testing         running test '18' of frontend source
INFO     testing         output code: 1
WARNING  testing         ANGELIX_RUN is not executed by test 18
INFO     testing         running test '18' of golden source
INFO     testing         output code: 1
WARNING  testing         ANGELIX_RUN is not executed by test 18
INFO     testing         running test '19' of frontend source
INFO     testing         output code: 1
WARNING  testing         ANGELIX_RUN is not executed by test 19
INFO     testing         running test '19' of golden source
INFO     testing         output code: 1
WARNING  testing         ANGELIX_RUN is not executed by test 19
INFO     testing         running test '22' of frontend source
INFO     testing         output code: 1
INFO     testing         running test '23' of frontend source
INFO     testing         output code: 1
INFO     testing         running test '23' of golden source
INFO     testing         output code: 1
INFO     testing         running test '28' of frontend source
INFO     testing         output code: 1
INFO     testing         running test '28' of golden source
INFO     testing         output code: 0
INFO     testing         running test '29' of frontend source
INFO     testing         output code: 1
WARNING  testing         ANGELIX_RUN is not executed by test 29
INFO     testing         running test '29' of golden source
INFO     testing         output code: 1
WARNING  testing         ANGELIX_RUN is not executed by test 29
INFO     testing         running test '30' of frontend source
INFO     testing         output code: 1
WARNING  testing         ANGELIX_RUN is not executed by test 30
INFO     testing         running test '30' of golden source
INFO     testing         output code: 1
WARNING  testing         ANGELIX_RUN is not executed by test 30
INFO     testing         running test '31' of frontend source
INFO     testing         output code: 1
WARNING  testing         ANGELIX_RUN is not executed by test 31
INFO     testing         running test '31' of golden source
INFO     testing         output code: 1
WARNING  testing         ANGELIX_RUN is not executed by test 31
INFO     testing         running test '32' of frontend source
INFO     testing         output code: 1
WARNING  testing         ANGELIX_RUN is not executed by test 32
INFO     testing         running test '32' of golden source
INFO     testing         output code: 1
WARNING  testing         ANGELIX_RUN is not executed by test 32
INFO     testing         running test '33' of frontend source
INFO     testing         output code: 1
WARNING  testing         ANGELIX_RUN is not executed by test 33
INFO     testing         running test '33' of golden source
INFO     testing         output code: 1
WARNING  testing         ANGELIX_RUN is not executed by test 33
INFO     testing         running test '34' of frontend source
INFO     testing         output code: 1
WARNING  testing         ANGELIX_RUN is not executed by test 34
INFO     testing         running test '34' of golden source
INFO     testing         output code: 1
WARNING  testing         ANGELIX_RUN is not executed by test 34
INFO     testing         running test '35' of frontend source
INFO     testing         output code: 1
WARNING  testing         ANGELIX_RUN is not executed by test 35
INFO     testing         running test '35' of golden source
INFO     testing         output code: 1
WARNING  testing         ANGELIX_RUN is not executed by test 35
INFO     testing         running test '36' of frontend source
INFO     testing         output code: 1
WARNING  testing         ANGELIX_RUN is not executed by test 36
INFO     testing         running test '36' of golden source
INFO     testing         output code: 1
WARNING  testing         ANGELIX_RUN is not executed by test 36
INFO     testing         running test '37' of frontend source
INFO     testing         output code: 1
WARNING  testing         ANGELIX_RUN is not executed by test 37
INFO     testing         running test '37' of golden source
INFO     testing         output code: 1
WARNING  testing         ANGELIX_RUN is not executed by test 37
INFO     testing         running test '38' of frontend source
INFO     testing         output code: 1
WARNING  testing         ANGELIX_RUN is not executed by test 38
INFO     testing         running test '38' of golden source
INFO     testing         output code: 1
WARNING  testing         ANGELIX_RUN is not executed by test 38
INFO     testing         running test '42' of frontend source
INFO     testing         output code: 1
WARNING  testing         ANGELIX_RUN is not executed by test 42
INFO     testing         running test '42' of golden source
INFO     testing         output code: 1
WARNING  testing         ANGELIX_RUN is not executed by test 42
INFO     testing         running test '52' of frontend source
INFO     testing         output code: 1
WARNING  testing         ANGELIX_RUN is not executed by test 52
INFO     testing         running test '52' of golden source
INFO     testing         output code: 1
WARNING  testing         ANGELIX_RUN is not executed by test 52
INFO     testing         running test '62' of frontend source
INFO     testing         output code: 1
WARNING  testing         ANGELIX_RUN is not executed by test 62
INFO     testing         running test '62' of golden source
INFO     testing         output code: 1
WARNING  testing         ANGELIX_RUN is not executed by test 62
WARNING  repair          excluding test 3 because it fails in golden version
WARNING  repair          excluding test 5 because it fails in golden version
WARNING  repair          excluding test 18 because it fails in golden version
WARNING  repair          excluding test 19 because it fails in golden version
WARNING  repair          excluding test 23 because it fails in golden version
WARNING  repair          excluding test 29 because it fails in golden version
WARNING  repair          excluding test 30 because it fails in golden version
WARNING  repair          excluding test 31 because it fails in golden version
WARNING  repair          excluding test 32 because it fails in golden version
WARNING  repair          excluding test 33 because it fails in golden version
WARNING  repair          excluding test 34 because it fails in golden version
WARNING  repair          excluding test 35 because it fails in golden version
WARNING  repair          excluding test 36 because it fails in golden version
WARNING  repair          excluding test 37 because it fails in golden version
WARNING  repair          excluding test 38 because it fails in golden version
WARNING  repair          excluding test 42 because it fails in golden version
WARNING  repair          excluding test 52 because it fails in golden version
WARNING  repair          excluding test 62 because it fails in golden version
INFO     repair          repair test suite: ['22', '28', '39', '40', '41', '43', '44', '45', '46', '47', '48', '49']
INFO     repair          validation test suite: ['1', '2', '4', '6', '7', '8', '9', '10', '11', '12', '13', '14', '15', '16', '17', '20', '21', '22', '24', '25', '26', '27', '28', '39', '40', '41', '43', '44', '45', '46', '47', '48', '49', '50', '51', '53', '54', '55', '56', '57', '58', '59', '60', '61', '63', '64', '65', '66', '67', '68', '69', '70', '71', '72', '73', '74', '75', '76', '77', '78']
INFO     localization    (loc, score) = ((280, 6, 280, 44), 0.16666666666666666)
INFO     localization    (loc, score) = ((337, 14, 337, 18), 0.16666666666666666)
INFO     localization    (loc, score) = ((293, 7, 293, 7), 0.1)
INFO     localization    (loc, score) = ((294, 7, 294, 7), 0.1)
INFO     localization    group 1: [(280, 6, 280, 44)] (0.16666666666666666)
INFO     localization    group 2: [(337, 14, 337, 18)] (0.16666666666666666)
INFO     localization    group 3: [(293, 7, 293, 7)] (0.1)
INFO     localization    group 4: [(294, 7, 294, 7)] (0.1)
INFO     localization    selected expressions [(280, 6, 280, 44)] with group score 0.16667 
INFO     localization    selected expressions [(337, 14, 337, 18)] with group score 0.16667 
INFO     localization    selected expressions [(293, 7, 293, 7)] with group score 0.1 
INFO     localization    selected expressions [(294, 7, 294, 7)] with group score 0.1 
INFO     repair          considering suspicious expressions [(280, 6, 280, 44)]
INFO     reduction       all failing tests: ['22', '28']
INFO     reduction       select 1 best tests from ['22', '28']
INFO     reduction       select 0 best tests from ['39', '40', '41', '43', '44', '45', '46', '47', '48', '49']
INFO     reduction       selected 1 tests
INFO     reduction       selected passing tests: []
INFO     reduction       selected failing tests: ['22']
INFO     guided_infer    inferring specification for test '22' through guided search
INFO     guided_infer    init sample: [array([0, 0])] / (1, 2)
INFO     pymc3           Sequential sampling (1 chains in 1 job)
INFO     pymc3           Metropolis: [p]
INFO     guided_infer    trial #1
INFO     guided_infer    used 0.0% of sample space
INFO     guided_infer    q0s: [array([0, 0])] / [1] / (1, 2)
INFO     testing         running test '22' of frontend source
INFO     testing         output code: 1
INFO     guided_infer    qs: [array([0, 0])] / [1] / (1, 2)
INFO     guided_infer    ('0',) cached
INFO     guided_infer    new qs: [array([0, 0])] / [1] / (1, 2)
INFO     guided_infer    old cost: 74676836.0
INFO     guided_infer    new cost: 74676836.0
INFO     guided_infer    all costs: [74676836.0]
INFO     guided_infer    accept ratio: 0.44932896411722156
INFO     pymc3           accepted: False
INFO     guided_infer    trial #2
INFO     guided_infer    used 50.0% of sample space
INFO     guided_infer    q0s: [array([0, 0])] / [1] / (1, 2)
INFO     guided_infer    ('0',) cached
INFO     guided_infer    qs: [array([0, 0])] / [1] / (1, 2)
INFO     guided_infer    ('0',) cached
INFO     guided_infer    new qs: [array([0, 0])] / [1] / (1, 2)
INFO     guided_infer    old cost: 74676836.0
INFO     guided_infer    new cost: 74676836.0
INFO     guided_infer    all costs: [74676836.0]
INFO     guided_infer    accept ratio: 0.44932896411722156
INFO     pymc3           accepted: False
INFO     guided_infer    trial #3
INFO     guided_infer    used 50.0% of sample space
INFO     guided_infer    q0s: [array([0, 0])] / [1] / (1, 2)
INFO     guided_infer    ('0',) cached
INFO     guided_infer    qs: [array([0, 0])] / [1] / (1, 2)
INFO     guided_infer    ('0',) cached
INFO     guided_infer    new qs: [array([0, 0])] / [1] / (1, 2)
INFO     guided_infer    old cost: 74676836.0
INFO     guided_infer    new cost: 74676836.0
INFO     guided_infer    all costs: [74676836.0]
INFO     guided_infer    accept ratio: 0.44932896411722156
INFO     pymc3           accepted: False
INFO     guided_infer    trial #4
INFO     guided_infer    used 50.0% of sample space
INFO     guided_infer    q0s: [array([0, 0])] / [1] / (1, 2)
INFO     guided_infer    ('0',) cached
INFO     guided_infer    qs: [array([0, 0])] / [1] / (1, 2)
INFO     guided_infer    ('0',) cached
INFO     guided_infer    new qs: [array([0, 0])] / [1] / (1, 2)
INFO     guided_infer    old cost: 74676836.0
INFO     guided_infer    new cost: 74676836.0
INFO     guided_infer    all costs: [74676836.0]
INFO     guided_infer    accept ratio: 0.44932896411722156
INFO     pymc3           accepted: True
INFO     guided_infer    trial #5
INFO     guided_infer    used 50.0% of sample space
INFO     guided_infer    q0s: [array([0, 0])] / [1] / (1, 2)
INFO     guided_infer    ('0',) cached
INFO     guided_infer    qs: [array([0, 0])] / [1] / (1, 2)
INFO     guided_infer    ('0',) cached
INFO     guided_infer    new qs: [array([0, 0])] / [1] / (1, 2)
INFO     guided_infer    old cost: 74676836.0
INFO     guided_infer    new cost: 74676836.0
INFO     guided_infer    all costs: [74676836.0]
INFO     guided_infer    accept ratio: 0.44932896411722156
INFO     pymc3           accepted: True
INFO     guided_infer    trial #6
INFO     guided_infer    used 50.0% of sample space
INFO     guided_infer    q0s: [array([0, 0])] / [1] / (1, 2)
INFO     guided_infer    ('0',) cached
INFO     guided_infer    qs: [array([0, 0])] / [1] / (1, 2)
INFO     guided_infer    ('0',) cached
INFO     guided_infer    new qs: [array([0, 0])] / [1] / (1, 2)
INFO     guided_infer    old cost: 74676836.0
INFO     guided_infer    new cost: 74676836.0
INFO     guided_infer    all costs: [74676836.0]
INFO     guided_infer    accept ratio: 0.44932896411722156
INFO     pymc3           accepted: True
INFO     guided_infer    trial #7
INFO     guided_infer    used 50.0% of sample space
INFO     guided_infer    q0s: [array([0, 0])] / [1] / (1, 2)
INFO     guided_infer    ('0',) cached
INFO     guided_infer    qs: [array([0, 0])] / [1] / (1, 2)
INFO     guided_infer    ('0',) cached
INFO     guided_infer    new qs: [array([0, 0])] / [1] / (1, 2)
INFO     guided_infer    old cost: 74676836.0
INFO     guided_infer    new cost: 74676836.0
INFO     guided_infer    all costs: [74676836.0]
INFO     guided_infer    accept ratio: 0.44932896411722156
INFO     pymc3           accepted: True
INFO     guided_infer    trial #8
INFO     guided_infer    used 50.0% of sample space
INFO     guided_infer    q0s: [array([0, 0])] / [1] / (1, 2)
INFO     guided_infer    ('0',) cached
INFO     guided_infer    qs: [array([0, 0])] / [1] / (1, 2)
INFO     guided_infer    ('0',) cached
INFO     guided_infer    new qs: [array([0, 0])] / [1] / (1, 2)
INFO     guided_infer    old cost: 74676836.0
INFO     guided_infer    new cost: 74676836.0
INFO     guided_infer    all costs: [74676836.0]
INFO     guided_infer    accept ratio: 0.44932896411722156
INFO     pymc3           accepted: False
INFO     guided_infer    trial #9
INFO     guided_infer    used 50.0% of sample space
INFO     guided_infer    q0s: [array([0, 0])] / [1] / (1, 2)
INFO     guided_infer    ('0',) cached
INFO     guided_infer    qs: [array([0, 0])] / [1] / (1, 2)
INFO     guided_infer    ('0',) cached
INFO     guided_infer    new qs: [array([0, 0])] / [1] / (1, 2)
INFO     guided_infer    old cost: 74676836.0
INFO     guided_infer    new cost: 74676836.0
INFO     guided_infer    all costs: [74676836.0]
INFO     guided_infer    accept ratio: 0.44932896411722156
INFO     pymc3           accepted: False
INFO     guided_infer    trial #10
INFO     guided_infer    used 50.0% of sample space
INFO     guided_infer    q0s: [array([0, 0])] / [1] / (1, 2)
INFO     guided_infer    ('0',) cached
INFO     guided_infer    qs: [array([0, 0])] / [1] / (1, 2)
INFO     guided_infer    ('0',) cached
INFO     guided_infer    new qs: [array([0, 0])] / [1] / (1, 2)
INFO     guided_infer    old cost: 74676836.0
INFO     guided_infer    new cost: 74676836.0
INFO     guided_infer    all costs: [74676836.0]
INFO     guided_infer    accept ratio: 0.44932896411722156
INFO     pymc3           accepted: False
INFO     guided_infer    trial #11
INFO     guided_infer    used 50.0% of sample space
INFO     guided_infer    q0s: [array([0, 0])] / [1] / (1, 2)
INFO     guided_infer    ('0',) cached
INFO     guided_infer    qs: [array([0, 0])] / [1] / (1, 2)
INFO     guided_infer    ('0',) cached
INFO     guided_infer    new qs: [array([0, 0])] / [1] / (1, 2)
INFO     guided_infer    old cost: 74676836.0
INFO     guided_infer    new cost: 74676836.0
INFO     guided_infer    all costs: [74676836.0]
INFO     guided_infer    accept ratio: 0.44932896411722156
INFO     pymc3           accepted: True
INFO     guided_infer    trial #12
INFO     guided_infer    used 50.0% of sample space
INFO     guided_infer    q0s: [array([0, 0])] / [1] / (1, 2)
INFO     guided_infer    ('0',) cached
INFO     guided_infer    qs: [array([0, 1])] / [1] / (1, 2)
INFO     testing         running test '22' of frontend source
INFO     testing         output code: 1
INFO     guided_infer    new qs: [array([0, 1])] / [1] / (1, 2)
INFO     guided_infer    old cost: 74676836.0
INFO     guided_infer    new cost: 74676836.0
INFO     guided_infer    all costs: [74676836.0]
INFO     guided_infer    accept ratio: 0.44932896411722156
INFO     pymc3           accepted: True
INFO     guided_infer    trial #13
INFO     guided_infer    used 100.0% of sample space
INFO     guided_infer    Sample space exhausted: size=2, samples=[('0',), ('1',)]
INFO     repair          considering suspicious expressions [(337, 14, 337, 18)]
INFO     reduction       all failing tests: ['22', '28']
INFO     reduction       select 1 best tests from ['22', '28']
INFO     reduction       select 0 best tests from ['39', '40', '41', '43', '44', '45', '46', '47', '48', '49']
INFO     reduction       selected 1 tests
INFO     reduction       selected passing tests: []
INFO     reduction       selected failing tests: ['22']
INFO     guided_infer    inferring specification for test '22' through guided search
INFO     guided_infer    init sample: [array([0, 1])] / (1, 2)
INFO     pymc3           Sequential sampling (1 chains in 1 job)
INFO     pymc3           Metropolis: [p]
INFO     guided_infer    trial #1
INFO     guided_infer    used 0.0% of sample space
INFO     guided_infer    q0s: [array([0, 1])] / [1] / (1, 2)
INFO     testing         running test '22' of frontend source
INFO     testing         output code: 1
INFO     guided_infer    qs: [array([0, 1])] / [1] / (1, 2)
INFO     guided_infer    ('1',) cached
INFO     guided_infer    new qs: [array([0, 1])] / [1] / (1, 2)
INFO     guided_infer    old cost: 74676836.0
INFO     guided_infer    new cost: 74676836.0
INFO     guided_infer    all costs: [74676836.0]
INFO     guided_infer    accept ratio: 0.44932896411722156
INFO     pymc3           accepted: False
INFO     guided_infer    trial #2
INFO     guided_infer    used 50.0% of sample space
INFO     guided_infer    q0s: [array([0, 1])] / [1] / (1, 2)
INFO     guided_infer    ('1',) cached
INFO     guided_infer    qs: [array([0, 1])] / [1] / (1, 2)
INFO     guided_infer    ('1',) cached
INFO     guided_infer    new qs: [array([0, 1])] / [1] / (1, 2)
INFO     guided_infer    old cost: 74676836.0
INFO     guided_infer    new cost: 74676836.0
INFO     guided_infer    all costs: [74676836.0]
INFO     guided_infer    accept ratio: 0.44932896411722156
INFO     pymc3           accepted: True
INFO     guided_infer    trial #3
INFO     guided_infer    used 50.0% of sample space
INFO     guided_infer    q0s: [array([0, 1])] / [1] / (1, 2)
INFO     guided_infer    ('1',) cached
INFO     guided_infer    qs: [array([0, 0])] / [1] / (1, 2)
INFO     testing         running test '22' of frontend source
INFO     testing         output code: 1
INFO     guided_infer    new qs: [array([0, 0])] / [1] / (1, 2)
INFO     guided_infer    old cost: 74676836.0
INFO     guided_infer    new cost: 74676836.0
INFO     guided_infer    all costs: [74676836.0]
INFO     guided_infer    accept ratio: 0.44932896411722156
INFO     pymc3           accepted: False
INFO     guided_infer    trial #4
INFO     guided_infer    used 100.0% of sample space
INFO     guided_infer    Sample space exhausted: size=2, samples=[('1',), ('0',)]
INFO     repair          considering suspicious expressions [(293, 7, 293, 7)]
INFO     reduction       all failing tests: ['22', '28']
INFO     reduction       select 1 best tests from ['22', '28']
INFO     reduction       add 1 tests at random
INFO     reduction       select 0 best tests from ['39', '40', '41', '43', '44', '45', '46', '47', '48', '49']
INFO     reduction       selected 1 tests
INFO     reduction       selected passing tests: []
INFO     reduction       selected failing tests: ['28']
INFO     guided_infer    inferring specification for test '28' through guided search
INFO     guided_infer    init sample: [array([0, 1])] / (1, 2)
INFO     pymc3           Sequential sampling (1 chains in 1 job)
INFO     pymc3           Metropolis: [p]
INFO     guided_infer    trial #1
INFO     guided_infer    used 0.0% of sample space
INFO     guided_infer    q0s: [array([0, 1])] / [1] / (1, 2)
INFO     testing         running test '28' of frontend source
INFO     testing         output code: 1
grep: /angelix-experiments/.angelix/search/test_28/trace/trace1: No such file or directory
INFO     guided_infer    qs: [array([0, 1])] / [0] / (1, 2)
INFO     guided_infer    ('',) cached
INFO     guided_infer    new qs: [array([0, 1])] / [0] / (1, 2)
INFO     guided_infer    old ebits list: [1]
INFO     guided_infer    new ebtis list: [0]
INFO     guided_infer    old cost: 300000000.0
INFO     guided_infer    new cost: 300000000.0
INFO     guided_infer    all costs: [300000000.0]
INFO     guided_infer    accept ratio: 0.7408182206817179
INFO     pymc3           accepted: True
INFO     guided_infer    trial #2
INFO     guided_infer    used 100.0% of sample space
INFO     guided_infer    Sample space exhausted: size=1, samples=[('',)]
INFO     repair          considering suspicious expressions [(294, 7, 294, 7)]
INFO     reduction       all failing tests: ['22', '28']
INFO     reduction       select 1 best tests from ['22', '28']
INFO     reduction       add 1 tests at random
INFO     reduction       select 0 best tests from ['39', '40', '41', '43', '44', '45', '46', '47', '48', '49']
INFO     reduction       selected 1 tests
INFO     reduction       selected passing tests: []
INFO     reduction       selected failing tests: ['28']
INFO     guided_infer    inferring specification for test '28' through guided search
INFO     guided_infer    init sample: [array([0, 1])] / (1, 2)
INFO     pymc3           Sequential sampling (1 chains in 1 job)
INFO     pymc3           Metropolis: [p]
INFO     guided_infer    trial #1
INFO     guided_infer    used 0.0% of sample space
INFO     guided_infer    q0s: [array([0, 1])] / [1] / (1, 2)
INFO     testing         running test '28' of frontend source
INFO     testing         output code: 1
grep: /angelix-experiments/.angelix/search/test_28/trace/trace1: No such file or directory
INFO     guided_infer    qs: [array([0, 1])] / [0] / (1, 2)
INFO     guided_infer    ('',) cached
INFO     guided_infer    new qs: [array([0, 1])] / [0] / (1, 2)
INFO     guided_infer    old ebits list: [1]
INFO     guided_infer    new ebtis list: [0]
INFO     guided_infer    old cost: 300000000.0
INFO     guided_infer    new cost: 300000000.0
INFO     guided_infer    all costs: [300000000.0]
INFO     guided_infer    accept ratio: 0.7408182206817179
INFO     pymc3           accepted: True
INFO     guided_infer    trial #2
INFO     guided_infer    used 100.0% of sample space
INFO     guided_infer    Sample space exhausted: size=1, samples=[('',)]
INFO     repair          no patch generated in 2m 56s
FAIL
