[repair] benchmark: manybugs
[repair] subject: libtiff
[repair] version: 2007-11-02-371336d-865f7b2
[repair] search: guided
[fetch] benchmark: manybugs
[fetch] subject: libtiff
[fetch] version: 2007-11-02-371336d-865f7b2
[fetch] archive: libtiff-bug-2007-11-02-371336d-865f7b2.tar.gz
[fetch] directory: libtiff-bug-2007-11-02-371336d-865f7b2
--2019-07-27 18:31:10--  https://repairbenchmarks.cs.umass.edu/ManyBugs/scenarios//libtiff-bug-2007-11-02-371336d-865f7b2.tar.gz
Resolving repairbenchmarks.cs.umass.edu (repairbenchmarks.cs.umass.edu)... 128.119.240.19
Connecting to repairbenchmarks.cs.umass.edu (repairbenchmarks.cs.umass.edu)|128.119.240.19|:443... connected.
HTTP request sent, awaiting response... 200 OK
Length: 14904958 (14M) [application/x-gzip]
Saving to: 'cache/libtiff-bug-2007-11-02-371336d-865f7b2.tar.gz'

     0K .......... .......... .......... .......... ..........  0%  121K 2m0s
    50K .......... .......... .......... .......... ..........  0%  243K 90s
   100K .......... .......... .......... .......... ..........  1% 21.9M 60s
   150K .......... .......... .......... .......... ..........  1% 1.20M 48s
   200K .......... .......... .......... .......... ..........  1%  305K 47s
   250K .......... .......... .......... .......... ..........  2% 38.1M 39s
   300K .......... .......... .......... .......... ..........  2% 46.0M 34s
   350K .......... .......... .......... .......... ..........  2% 11.7M 29s
   400K .......... .......... .......... .......... ..........  3%  250K 32s
   450K .......... .......... .......... .......... ..........  3% 86.1M 29s
   500K .......... .......... .......... .......... ..........  3% 85.4M 26s
   550K .......... .......... .......... .......... ..........  4% 82.6M 24s
   600K .......... .......... .......... .......... ..........  4% 46.8M 22s
   650K .......... .......... .......... .......... ..........  4% 86.5M 21s
   700K .......... .......... .......... .......... ..........  5% 87.4M 19s
   750K .......... .......... .......... .......... ..........  5% 21.9M 18s
   800K .......... .......... .......... .......... ..........  5%  250K 20s
   850K .......... .......... .......... .......... ..........  6% 67.0M 19s
   900K .......... .......... .......... .......... ..........  6% 69.4M 18s
   950K .......... .......... .......... .......... ..........  6% 76.5M 17s
  1000K .......... .......... .......... .......... ..........  7% 79.3M 16s
  1050K .......... .......... .......... .......... ..........  7% 86.5M 15s
  1100K .......... .......... .......... .......... ..........  7% 88.8M 14s
  1150K .......... .......... .......... .......... ..........  8% 80.5M 14s
  1200K .......... .......... .......... .......... ..........  8% 75.0M 13s
  1250K .......... .......... .......... .......... ..........  8% 85.0M 13s
  1300K .......... .......... .......... .......... ..........  9% 85.7M 12s
  1350K .......... .......... .......... .......... ..........  9% 86.9M 12s
  1400K .......... .......... .......... .......... ..........  9% 77.4M 11s
  1450K .......... .......... .......... .......... .......... 10% 91.6M 11s
  1500K .......... .......... .......... .......... .......... 10% 88.9M 10s
  1550K .......... .......... .......... .......... .......... 10% 91.9M 10s
  1600K .......... .......... .......... .......... .......... 11% 1.43M 10s
  1650K .......... .......... .......... .......... .......... 11%  306K 11s
  1700K .......... .......... .......... .......... .......... 12% 63.1M 11s
  1750K .......... .......... .......... .......... .......... 12% 78.3M 10s
  1800K .......... .......... .......... .......... .......... 12% 72.7M 10s
  1850K .......... .......... .......... .......... .......... 13% 89.8M 10s
  1900K .......... .......... .......... .......... .......... 13% 90.9M 9s
  1950K .......... .......... .......... .......... .......... 13% 90.9M 9s
  2000K .......... .......... .......... .......... .......... 14% 77.2M 9s
  2050K .......... .......... .......... .......... .......... 14% 89.8M 9s
  2100K .......... .......... .......... .......... .......... 14% 88.2M 8s
  2150K .......... .......... .......... .......... .......... 15% 87.8M 8s
  2200K .......... .......... .......... .......... .......... 15% 76.5M 8s
  2250K .......... .......... .......... .......... .......... 15% 86.2M 8s
  2300K .......... .......... .......... .......... .......... 16% 83.3M 8s
  2350K .......... .......... .......... .......... .......... 16% 85.8M 7s
  2400K .......... .......... .......... .......... .......... 16% 71.8M 7s
  2450K .......... .......... .......... .......... .......... 17% 87.4M 7s
  2500K .......... .......... .......... .......... .......... 17% 81.8M 7s
  2550K .......... .......... .......... .......... .......... 17%  206M 7s
  2600K .......... .......... .......... .......... .......... 18%  184M 7s
  2650K .......... .......... .......... .......... .......... 18%  205M 6s
  2700K .......... .......... .......... .......... .......... 18%  202M 6s
  2750K .......... .......... .......... .......... .......... 19%  209M 6s
  2800K .......... .......... .......... .......... .......... 19%  177M 6s
  2850K .......... .......... .......... .......... .......... 19%  205M 6s
  2900K .......... .......... .......... .......... .......... 20%  206M 6s
  2950K .......... .......... .......... .......... .......... 20%  208M 6s
  3000K .......... .......... .......... .......... .......... 20%  188M 6s
  3050K .......... .......... .......... .......... .......... 21% 90.3M 5s
  3100K .......... .......... .......... .......... .......... 21% 82.8M 5s
  3150K .......... .......... .......... .......... .......... 21% 91.4M 5s
  3200K .......... .......... .......... .......... .......... 22% 75.8M 5s
  3250K .......... .......... .......... .......... .......... 22% 1.74M 5s
  3300K .......... .......... .......... .......... .......... 23% 63.5M 5s
  3350K .......... .......... .......... .......... .......... 23% 18.8M 5s
  3400K .......... .......... .......... .......... .......... 23%  311K 5s
  3450K .......... .......... .......... .......... .......... 24% 68.8M 5s
  3500K .......... .......... .......... .......... .......... 24% 72.4M 5s
  3550K .......... .......... .......... .......... .......... 24% 72.1M 5s
  3600K .......... .......... .......... .......... .......... 25% 64.9M 5s
  3650K .......... .......... .......... .......... .......... 25% 88.2M 5s
  3700K .......... .......... .......... .......... .......... 25% 86.6M 5s
  3750K .......... .......... .......... .......... .......... 26% 85.5M 5s
  3800K .......... .......... .......... .......... .......... 26% 76.5M 5s
  3850K .......... .......... .......... .......... .......... 26% 85.3M 5s
  3900K .......... .......... .......... .......... .......... 27% 89.5M 4s
  3950K .......... .......... .......... .......... .......... 27% 87.7M 4s
  4000K .......... .......... .......... .......... .......... 27% 72.5M 4s
  4050K .......... .......... .......... .......... .......... 28% 86.2M 4s
  4100K .......... .......... .......... .......... .......... 28% 84.4M 4s
  4150K .......... .......... .......... .......... .......... 28% 86.1M 4s
  4200K .......... .......... .......... .......... .......... 29% 77.3M 4s
  4250K .......... .......... .......... .......... .......... 29% 86.0M 4s
  4300K .......... .......... .......... .......... .......... 29%  114M 4s
  4350K .......... .......... .......... .......... .......... 30%  208M 4s
  4400K .......... .......... .......... .......... .......... 30%  176M 4s
  4450K .......... .......... .......... .......... .......... 30%  212M 4s
  4500K .......... .......... .......... .......... .......... 31%  210M 4s
  4550K .......... .......... .......... .......... .......... 31%  207M 4s
  4600K .......... .......... .......... .......... .......... 31%  185M 4s
  4650K .......... .......... .......... .......... .......... 32%  211M 3s
  4700K .......... .......... .......... .......... .......... 32%  206M 3s
  4750K .......... .......... .......... .......... .......... 32%  210M 3s
  4800K .......... .......... .......... .......... .......... 33%  171M 3s
  4850K .......... .......... .......... .......... .......... 33%  199M 3s
  4900K .......... .......... .......... .......... .......... 34%  160M 3s
  4950K .......... .......... .......... .......... .......... 34% 63.5M 3s
  5000K .......... .......... .......... .......... .......... 34% 70.6M 3s
  5050K .......... .......... .......... .......... .......... 35% 80.3M 3s
  5100K .......... .......... .......... .......... .......... 35% 92.3M 3s
  5150K .......... .......... .......... .......... .......... 35% 93.8M 3s
  5200K .......... .......... .......... .......... .......... 36% 78.7M 3s
  5250K .......... .......... .......... .......... .......... 36% 93.3M 3s
  5300K .......... .......... .......... .......... .......... 36% 85.7M 3s
  5350K .......... .......... .......... .......... .......... 37%  110M 3s
  5400K .......... .......... .......... .......... .......... 37%  127M 3s
  5450K .......... .......... .......... .......... .......... 37%  137M 3s
  5500K .......... .......... .......... .......... .......... 38%  136M 3s
  5550K .......... .......... .......... .......... .......... 38%  137M 3s
  5600K .......... .......... .......... .......... .......... 38%  112M 3s
  5650K .......... .......... .......... .......... .......... 39%  135M 3s
  5700K .......... .......... .......... .......... .......... 39%  133M 3s
  5750K .......... .......... .......... .......... .......... 39%  139M 3s
  5800K .......... .......... .......... .......... .......... 40%  126M 2s
  5850K .......... .......... .......... .......... .......... 40%  135M 2s
  5900K .......... .......... .......... .......... .......... 40% 32.4M 2s
  5950K .......... .......... .......... .......... .......... 41% 27.0M 2s
  6000K .......... .......... .......... .......... .......... 41% 20.5M 2s
  6050K .......... .......... .......... .......... .......... 41% 26.8M 2s
  6100K .......... .......... .......... .......... .......... 42% 25.7M 2s
  6150K .......... .......... .......... .......... .......... 42% 28.7M 2s
  6200K .......... .......... .......... .......... .......... 42% 23.3M 2s
  6250K .......... .......... .......... .......... .......... 43% 28.9M 2s
  6300K .......... .......... .......... .......... .......... 43% 9.99M 2s
  6350K .......... .......... .......... .......... .......... 43% 56.6M 2s
  6400K .......... .......... .......... .......... .......... 44% 13.6M 2s
  6450K .......... .......... .......... .......... .......... 44%  313K 2s
  6500K .......... .......... .......... .......... .......... 44% 98.8M 2s
  6550K .......... .......... .......... .......... .......... 45% 60.4M 2s
  6600K .......... .......... .......... .......... .......... 45% 78.4M 2s
  6650K .......... .......... .......... .......... .......... 46%  107M 2s
  6700K .......... .......... .......... .......... .......... 46% 82.6M 2s
  6750K .......... .......... .......... .......... .......... 46% 65.7M 2s
  6800K .......... .......... .......... .......... .......... 47% 57.5M 2s
  6850K .......... .......... .......... .......... .......... 47% 68.2M 2s
  6900K .......... .......... .......... .......... .......... 47% 73.4M 2s
  6950K .......... .......... .......... .......... .......... 48% 87.1M 2s
  7000K .......... .......... .......... .......... .......... 48% 77.0M 2s
  7050K .......... .......... .......... .......... .......... 48% 85.4M 2s
  7100K .......... .......... .......... .......... .......... 49% 82.5M 2s
  7150K .......... .......... .......... .......... .......... 49% 88.4M 2s
  7200K .......... .......... .......... .......... .......... 49% 72.2M 2s
  7250K .......... .......... .......... .......... .......... 50% 90.2M 2s
  7300K .......... .......... .......... .......... .......... 50% 89.9M 2s
  7350K .......... .......... .......... .......... .......... 50% 30.2M 2s
  7400K .......... .......... .......... .......... .......... 51% 72.5M 2s
  7450K .......... .......... .......... .......... .......... 51% 27.7M 2s
  7500K .......... .......... .......... .......... .......... 51% 20.2M 2s
  7550K .......... .......... .......... .......... .......... 52% 22.2M 2s
  7600K .......... .......... .......... .......... .......... 52% 16.1M 2s
  7650K .......... .......... .......... .......... .......... 52% 23.3M 2s
  7700K .......... .......... .......... .......... .......... 53% 15.5M 2s
  7750K .......... .......... .......... .......... .......... 53% 50.8M 2s
  7800K .......... .......... .......... .......... .......... 53% 23.4M 2s
  7850K .......... .......... .......... .......... .......... 54% 26.1M 2s
  7900K .......... .......... .......... .......... .......... 54% 21.2M 2s
  7950K .......... .......... .......... .......... .......... 54% 24.4M 2s
  8000K .......... .......... .......... .......... .......... 55% 19.1M 2s
  8050K .......... .......... .......... .......... .......... 55% 24.8M 2s
  8100K .......... .......... .......... .......... .......... 55% 23.9M 1s
  8150K .......... .......... .......... .......... .......... 56% 21.2M 1s
  8200K .......... .......... .......... .......... .......... 56% 24.4M 1s
  8250K .......... .......... .......... .......... .......... 57% 26.5M 1s
  8300K .......... .......... .......... .......... .......... 57% 27.4M 1s
  8350K .......... .......... .......... .......... .......... 57% 28.8M 1s
  8400K .......... .......... .......... .......... .......... 58% 19.3M 1s
  8450K .......... .......... .......... .......... .......... 58% 26.8M 1s
  8500K .......... .......... .......... .......... .......... 58% 27.4M 1s
  8550K .......... .......... .......... .......... .......... 59% 27.9M 1s
  8600K .......... .......... .......... .......... .......... 59% 23.8M 1s
  8650K .......... .......... .......... .......... .......... 59% 27.6M 1s
  8700K .......... .......... .......... .......... .......... 60% 24.5M 1s
  8750K .......... .......... .......... .......... .......... 60% 29.6M 1s
  8800K .......... .......... .......... .......... .......... 60% 18.8M 1s
  8850K .......... .......... .......... .......... .......... 61% 27.4M 1s
  8900K .......... .......... .......... .......... .......... 61% 25.0M 1s
  8950K .......... .......... .......... .......... .......... 61% 24.6M 1s
  9000K .......... .......... .......... .......... .......... 62% 25.5M 1s
  9050K .......... .......... .......... .......... .......... 62% 26.6M 1s
  9100K .......... .......... .......... .......... .......... 62% 26.2M 1s
  9150K .......... .......... .......... .......... .......... 63% 28.6M 1s
  9200K .......... .......... .......... .......... .......... 63% 20.0M 1s
  9250K .......... .......... .......... .......... .......... 63% 24.3M 1s
  9300K .......... .......... .......... .......... .......... 64% 24.6M 1s
  9350K .......... .......... .......... .......... .......... 64% 26.8M 1s
  9400K .......... .......... .......... .......... .......... 64% 23.9M 1s
  9450K .......... .......... .......... .......... .......... 65% 13.3M 1s
  9500K .......... .......... .......... .......... .......... 65%  458K 1s
  9550K .......... .......... .......... .......... .......... 65% 83.8M 1s
  9600K .......... .......... .......... .......... .......... 66% 69.8M 1s
  9650K .......... .......... .......... .......... .......... 66%  110M 1s
  9700K .......... .......... .......... .......... .......... 66% 62.0M 1s
  9750K .......... .......... .......... .......... .......... 67%  104M 1s
  9800K .......... .......... .......... .......... .......... 67% 56.6M 1s
  9850K .......... .......... .......... .......... .......... 68% 87.2M 1s
  9900K .......... .......... .......... .......... .......... 68% 72.8M 1s
  9950K .......... .......... .......... .......... .......... 68% 61.6M 1s
 10000K .......... .......... .......... .......... .......... 69% 61.4M 1s
 10050K .......... .......... .......... .......... .......... 69% 70.6M 1s
 10100K .......... .......... .......... .......... .......... 69% 78.5M 1s
 10150K .......... .......... .......... .......... .......... 70% 80.5M 1s
 10200K .......... .......... .......... .......... .......... 70% 74.0M 1s
 10250K .......... .......... .......... .......... .......... 70% 26.4M 1s
 10300K .......... .......... .......... .......... .......... 71% 86.4M 1s
 10350K .......... .......... .......... .......... .......... 71% 91.1M 1s
 10400K .......... .......... .......... .......... .......... 71% 2.88M 1s
 10450K .......... .......... .......... .......... .......... 72%  123M 1s
 10500K .......... .......... .......... .......... .......... 72% 28.0M 1s
 10550K .......... .......... .......... .......... .......... 72% 23.3M 1s
 10600K .......... .......... .......... .......... .......... 73% 21.9M 1s
 10650K .......... .......... .......... .......... .......... 73% 20.4M 1s
 10700K .......... .......... .......... .......... .......... 73% 23.7M 1s
 10750K .......... .......... .......... .......... .......... 74% 23.2M 1s
 10800K .......... .......... .......... .......... .......... 74% 16.2M 1s
 10850K .......... .......... .......... .......... .......... 74% 21.2M 1s
 10900K .......... .......... .......... .......... .......... 75% 12.0M 1s
 10950K .......... .......... .......... .......... .......... 75% 20.0M 1s
 11000K .......... .......... .......... .......... .......... 75% 20.0M 1s
 11050K .......... .......... .......... .......... .......... 76% 21.3M 1s
 11100K .......... .......... .......... .......... .......... 76% 19.9M 1s
 11150K .......... .......... .......... .......... .......... 76% 22.2M 1s
 11200K .......... .......... .......... .......... .......... 77% 17.7M 1s
 11250K .......... .......... .......... .......... .......... 77% 22.1M 1s
 11300K .......... .......... .......... .......... .......... 77% 22.3M 1s
 11350K .......... .......... .......... .......... .......... 78% 22.4M 1s
 11400K .......... .......... .......... .......... .......... 78% 14.8M 1s
 11450K .......... .......... .......... .......... .......... 79% 27.8M 1s
 11500K .......... .......... .......... .......... .......... 79% 26.7M 1s
 11550K .......... .......... .......... .......... .......... 79% 24.5M 1s
 11600K .......... .......... .......... .......... .......... 80% 20.9M 1s
 11650K .......... .......... .......... .......... .......... 80% 27.1M 1s
 11700K .......... .......... .......... .......... .......... 80% 26.0M 1s
 11750K .......... .......... .......... .......... .......... 81% 26.5M 1s
 11800K .......... .......... .......... .......... .......... 81% 25.9M 0s
 11850K .......... .......... .......... .......... .......... 81% 24.8M 0s
 11900K .......... .......... .......... .......... .......... 82% 24.4M 0s
 11950K .......... .......... .......... .......... .......... 82% 31.0M 0s
 12000K .......... .......... .......... .......... .......... 82% 20.0M 0s
 12050K .......... .......... .......... .......... .......... 83% 25.5M 0s
 12100K .......... .......... .......... .......... .......... 83% 27.3M 0s
 12150K .......... .......... .......... .......... .......... 83% 27.6M 0s
 12200K .......... .......... .......... .......... .......... 84% 24.6M 0s
 12250K .......... .......... .......... .......... .......... 84% 24.3M 0s
 12300K .......... .......... .......... .......... .......... 84% 25.2M 0s
 12350K .......... .......... .......... .......... .......... 85% 24.8M 0s
 12400K .......... .......... .......... .......... .......... 85% 23.0M 0s
 12450K .......... .......... .......... .......... .......... 85% 24.9M 0s
 12500K .......... .......... .......... .......... .......... 86% 14.8M 0s
 12550K .......... .......... .......... .......... .......... 86%  574K 0s
 12600K .......... .......... .......... .......... .......... 86% 80.0M 0s
 12650K .......... .......... .......... .......... .......... 87% 70.8M 0s
 12700K .......... .......... .......... .......... .......... 87%  112M 0s
 12750K .......... .......... .......... .......... .......... 87%  111M 0s
 12800K .......... .......... .......... .......... .......... 88%  240K 0s
 12850K .......... .......... .......... .......... .......... 88% 78.4M 0s
 12900K .......... .......... .......... .......... .......... 88% 99.7M 0s
 12950K .......... .......... .......... .......... .......... 89%  111M 0s
 13000K .......... .......... .......... .......... .......... 89% 90.9M 0s
 13050K .......... .......... .......... .......... .......... 89%  112M 0s
 13100K .......... .......... .......... .......... .......... 90%  112M 0s
 13150K .......... .......... .......... .......... .......... 90% 96.2M 0s
 13200K .......... .......... .......... .......... .......... 91% 92.2M 0s
 13250K .......... .......... .......... .......... .......... 91%  102M 0s
 13300K .......... .......... .......... .......... .......... 91%  112M 0s
 13350K .......... .......... .......... .......... .......... 92%  112M 0s
 13400K .......... .......... .......... .......... .......... 92% 99.2M 0s
 13450K .......... .......... .......... .......... .......... 92%  113M 0s
 13500K .......... .......... .......... .......... .......... 93%  111M 0s
 13550K .......... .......... .......... .......... .......... 93%  106M 0s
 13600K .......... .......... .......... .......... .......... 93%  104M 0s
 13650K .......... .......... .......... .......... .......... 94%  154M 0s
 13700K .......... .......... .......... .......... .......... 94%  175M 0s
 13750K .......... .......... .......... .......... .......... 94%  171M 0s
 13800K .......... .......... .......... .......... .......... 95%  155M 0s
 13850K .......... .......... .......... .......... .......... 95%  173M 0s
 13900K .......... .......... .......... .......... .......... 95%  168M 0s
 13950K .......... .......... .......... .......... .......... 96%  170M 0s
 14000K .......... .......... .......... .......... .......... 96%  146M 0s
 14050K .......... .......... .......... .......... .......... 96%  174M 0s
 14100K .......... .......... .......... .......... .......... 97%  178M 0s
 14150K .......... .......... .......... .......... .......... 97%  172M 0s
 14200K .......... .......... .......... .......... .......... 97%  147M 0s
 14250K .......... .......... .......... .......... .......... 98%  172M 0s
 14300K .......... .......... .......... .......... .......... 98%  174M 0s
 14350K .......... .......... .......... .......... .......... 98%  175M 0s
 14400K .......... .......... .......... .......... .......... 99%  147M 0s
 14450K .......... .......... .......... .......... .......... 99%  176M 0s
 14500K .......... .......... .......... .......... .......... 99%  174M 0s
 14550K .....                                                 100%  108M=2.5s

2019-07-27 18:31:15 (5.69 MB/s) - 'cache/libtiff-bug-2007-11-02-371336d-865f7b2.tar.gz' saved [14904958/14904958]

[fetch] preparing source code
[fetch] golden_directory: libtiff-fix-2007-11-02-371336d-865f7b2
[fetch] clean-source libtiff-bug-2007-11-02-371336d-865f7b2
[fetch] /angelix-experiments/libtiff-bug-2007-11-02-371336d-865f7b2/libtiff/configure
[fetch] make clean
[fetch] clean-source libtiff-fix-2007-11-02-371336d-865f7b2
[fetch] restore-buggy libtiff-bug-2007-11-02-371336d-865f7b2
[fetch] /angelix-experiments/libtiff-fix-2007-11-02-371336d-865f7b2/libtiff/configure
[fetch] make clean
[fetch] buggy: libtiff/tif_dirwrite.c
[fetch] buggy_preprocessed: libtiff-bug-2007-11-02-371336d-865f7b2/libtiff/libtiff/tif_dirwrite.c
[fetch] buggy_version: 371336d
[fetch] buggy_original: libtiff-bug-2007-11-02-371336d-865f7b2/diffs/libtiff/tif_dirwrite.c-371336d
[fetch] restore-correct libtiff-fix-2007-11-02-371336d-865f7b2
[fetch] restored libtiff-fix-2007-11-02-371336d-865f7b2/libtiff/libtiff/tif_dirwrite.c with libtiff-fix-2007-11-02-371336d-865f7b2/diffs/libtiff/tif_dirwrite.c-865f7b2
[fetch] fetch done
[repair] options:  --ignore-lines --quiet --all-suspicious --group-size 1 --test-timeout 60 --defect
if-conditions
loop-conditions
--angelic-search-strategy
guided
--search-max-trials
100
--max-same-cost-iter
20
--default-max-cost
300000000
--one-bit-flip-prob
0.5
--mcmc-beta
0.8
--penalty1
4
--penalty2
2
--synthesis-levels
alternatives
--ignore-trivial
--inc-fix
--lines
346
[repair-libtiff] options:  --ignore-lines --quiet --all-suspicious --group-size 1 --test-timeout 60 --defect if-conditions loop-conditions --angelic-search-strategy guided --search-max-trials 100 --max-same-cost-iter 20 --default-max-cost 300000000 --one-bit-flip-prob 0.5 --mcmc-beta 0.8 --penalty1 4 --penalty2 2 --synthesis-levels alternatives --ignore-trivial --inc-fix --lines 346
sed: -e expression #1, char 166: unknown option to `s'
sed: -e expression #1, char 122: unknown option to `s'
[repair-libtiff] instrument libtiff-bug-2007-11-02-371336d-865f7b2/libtiff/tools/tiff2pdf.c
sed: -e expression #1, char 166: unknown option to `s'
sed: -e expression #1, char 122: unknown option to `s'
[repair-libtiff] instrument libtiff-fix-2007-11-02-371336d-865f7b2/libtiff/tools/tiff2pdf.c
WARNING  testing         ANGELIX_RUN is not executed by test 1
WARNING  testing         ANGELIX_RUN is not executed by test 2
WARNING  testing         ANGELIX_RUN is not executed by test 4
WARNING  testing         ANGELIX_RUN is not executed by test 6
WARNING  testing         ANGELIX_RUN is not executed by test 7
WARNING  testing         ANGELIX_RUN is not executed by test 8
WARNING  testing         ANGELIX_RUN is not executed by test 9
WARNING  testing         ANGELIX_RUN is not executed by test 10
WARNING  testing         ANGELIX_RUN is not executed by test 11
WARNING  testing         ANGELIX_RUN is not executed by test 12
WARNING  testing         ANGELIX_RUN is not executed by test 13
WARNING  testing         ANGELIX_RUN is not executed by test 14
WARNING  testing         ANGELIX_RUN is not executed by test 15
WARNING  testing         ANGELIX_RUN is not executed by test 16
WARNING  testing         ANGELIX_RUN is not executed by test 17
WARNING  testing         ANGELIX_RUN is not executed by test 20
WARNING  testing         ANGELIX_RUN is not executed by test 21
WARNING  testing         ANGELIX_RUN is not executed by test 24
WARNING  testing         ANGELIX_RUN is not executed by test 25
WARNING  testing         ANGELIX_RUN is not executed by test 26
WARNING  testing         ANGELIX_RUN is not executed by test 27
WARNING  testing         ANGELIX_RUN is not executed by test 50
WARNING  testing         ANGELIX_RUN is not executed by test 51
WARNING  testing         ANGELIX_RUN is not executed by test 53
WARNING  testing         ANGELIX_RUN is not executed by test 54
WARNING  testing         ANGELIX_RUN is not executed by test 55
WARNING  testing         ANGELIX_RUN is not executed by test 56
WARNING  testing         ANGELIX_RUN is not executed by test 57
WARNING  testing         ANGELIX_RUN is not executed by test 58
WARNING  testing         ANGELIX_RUN is not executed by test 59
WARNING  testing         ANGELIX_RUN is not executed by test 60
WARNING  testing         ANGELIX_RUN is not executed by test 61
WARNING  testing         ANGELIX_RUN is not executed by test 63
WARNING  testing         ANGELIX_RUN is not executed by test 64
WARNING  testing         ANGELIX_RUN is not executed by test 65
WARNING  testing         ANGELIX_RUN is not executed by test 66
WARNING  testing         ANGELIX_RUN is not executed by test 67
WARNING  testing         ANGELIX_RUN is not executed by test 68
WARNING  testing         ANGELIX_RUN is not executed by test 69
WARNING  testing         ANGELIX_RUN is not executed by test 70
WARNING  testing         ANGELIX_RUN is not executed by test 71
WARNING  testing         ANGELIX_RUN is not executed by test 72
WARNING  testing         ANGELIX_RUN is not executed by test 73
WARNING  testing         ANGELIX_RUN is not executed by test 74
WARNING  testing         ANGELIX_RUN is not executed by test 75
WARNING  testing         ANGELIX_RUN is not executed by test 76
WARNING  testing         ANGELIX_RUN is not executed by test 77
WARNING  testing         ANGELIX_RUN is not executed by test 78
WARNING  testing         ANGELIX_RUN is not executed by test 3
WARNING  testing         ANGELIX_RUN is not executed by test 3
WARNING  testing         ANGELIX_RUN is not executed by test 5
WARNING  testing         ANGELIX_RUN is not executed by test 5
WARNING  testing         ANGELIX_RUN is not executed by test 18
WARNING  testing         ANGELIX_RUN is not executed by test 18
WARNING  testing         ANGELIX_RUN is not executed by test 19
WARNING  testing         ANGELIX_RUN is not executed by test 19
WARNING  testing         ANGELIX_RUN is executed multiple times by test 22
WARNING  testing         ANGELIX_RUN is executed multiple times by test 23
WARNING  testing         ANGELIX_RUN is executed multiple times by test 23
WARNING  testing         ANGELIX_RUN is not executed by test 29
WARNING  testing         ANGELIX_RUN is not executed by test 29
WARNING  testing         ANGELIX_RUN is not executed by test 30
WARNING  testing         ANGELIX_RUN is not executed by test 30
WARNING  testing         ANGELIX_RUN is not executed by test 31
WARNING  testing         ANGELIX_RUN is not executed by test 31
WARNING  testing         ANGELIX_RUN is not executed by test 32
WARNING  testing         ANGELIX_RUN is not executed by test 32
WARNING  testing         ANGELIX_RUN is not executed by test 33
WARNING  testing         ANGELIX_RUN is not executed by test 33
WARNING  testing         ANGELIX_RUN is not executed by test 34
WARNING  testing         ANGELIX_RUN is not executed by test 34
WARNING  testing         ANGELIX_RUN is not executed by test 35
WARNING  testing         ANGELIX_RUN is not executed by test 35
WARNING  testing         ANGELIX_RUN is not executed by test 36
WARNING  testing         ANGELIX_RUN is not executed by test 36
WARNING  testing         ANGELIX_RUN is not executed by test 37
WARNING  testing         ANGELIX_RUN is not executed by test 37
WARNING  testing         ANGELIX_RUN is not executed by test 38
WARNING  testing         ANGELIX_RUN is not executed by test 38
WARNING  testing         ANGELIX_RUN is not executed by test 42
WARNING  testing         ANGELIX_RUN is not executed by test 42
WARNING  testing         ANGELIX_RUN is not executed by test 52
WARNING  testing         ANGELIX_RUN is not executed by test 52
WARNING  testing         ANGELIX_RUN is not executed by test 62
WARNING  testing         ANGELIX_RUN is not executed by test 62
WARNING  repair          excluding test 3 because it fails in golden version
WARNING  repair          excluding test 5 because it fails in golden version
WARNING  repair          excluding test 18 because it fails in golden version
WARNING  repair          excluding test 19 because it fails in golden version
WARNING  repair          excluding test 23 because it fails in golden version
WARNING  repair          excluding test 29 because it fails in golden version
WARNING  repair          excluding test 30 because it fails in golden version
WARNING  repair          excluding test 31 because it fails in golden version
WARNING  repair          excluding test 32 because it fails in golden version
WARNING  repair          excluding test 33 because it fails in golden version
WARNING  repair          excluding test 34 because it fails in golden version
WARNING  repair          excluding test 35 because it fails in golden version
WARNING  repair          excluding test 36 because it fails in golden version
WARNING  repair          excluding test 37 because it fails in golden version
WARNING  repair          excluding test 38 because it fails in golden version
WARNING  repair          excluding test 42 because it fails in golden version
WARNING  repair          excluding test 52 because it fails in golden version
WARNING  repair          excluding test 62 because it fails in golden version
WARNING  pymc3           Only 100 samples in chain.
INFO     pymc3           Sequential sampling (1 chains in 1 job)
INFO     pymc3           Metropolis: [p]
WARNING  guided_infer    DD failed (ebits)
WARNING  pymc3           Only 100 samples in chain.
INFO     pymc3           Sequential sampling (1 chains in 1 job)
INFO     pymc3           Metropolis: [p]
INFO     pymc3           accepted: False
INFO     pymc3           accepted: False
INFO     pymc3           accepted: True
INFO     pymc3           accepted: False
INFO     pymc3           accepted: True
INFO     pymc3           accepted: True
INFO     pymc3           accepted: False
INFO     pymc3           accepted: False
INFO     pymc3           accepted: False
INFO     pymc3           accepted: False
INFO     pymc3           accepted: True
INFO     pymc3           accepted: True
INFO     pymc3           accepted: True
INFO     pymc3           accepted: False
INFO     pymc3           accepted: False
INFO     pymc3           accepted: True
INFO     pymc3           accepted: False
INFO     pymc3           accepted: False
INFO     pymc3           accepted: True
INFO     pymc3           accepted: True
INFO     pymc3           accepted: False
INFO     pymc3           accepted: False
INFO     pymc3           accepted: False
INFO     pymc3           accepted: False
INFO     pymc3           accepted: False
INFO     pymc3           accepted: False
INFO     pymc3           accepted: True
INFO     pymc3           accepted: True
INFO     pymc3           accepted: True
INFO     pymc3           accepted: True
INFO     pymc3           accepted: False
INFO     pymc3           accepted: False
INFO     pymc3           accepted: False
INFO     pymc3           accepted: True
INFO     pymc3           accepted: False
INFO     pymc3           accepted: False
INFO     pymc3           accepted: True
INFO     pymc3           accepted: False
INFO     pymc3           accepted: True
INFO     pymc3           accepted: False
INFO     pymc3           accepted: False
INFO     pymc3           accepted: True
INFO     pymc3           accepted: True
INFO     pymc3           accepted: False
INFO     pymc3           accepted: True
INFO     pymc3           accepted: False
INFO     pymc3           accepted: True
INFO     pymc3           accepted: False
INFO     pymc3           accepted: False
INFO     pymc3           accepted: False
INFO     pymc3           accepted: True
INFO     pymc3           accepted: False
INFO     pymc3           accepted: True
INFO     pymc3           accepted: False
INFO     pymc3           accepted: False
INFO     pymc3           accepted: False
INFO     pymc3           accepted: False
INFO     pymc3           accepted: True
INFO     pymc3           accepted: True
INFO     pymc3           accepted: True
INFO     pymc3           accepted: False
INFO     pymc3           accepted: False
INFO     pymc3           accepted: True
INFO     pymc3           accepted: False
INFO     pymc3           accepted: True
INFO     pymc3           accepted: False
INFO     pymc3           accepted: False
INFO     pymc3           accepted: False
INFO     pymc3           accepted: True
INFO     pymc3           accepted: True
INFO     pymc3           accepted: False
INFO     pymc3           accepted: True
WARNING  pymc3           Only 100 samples in chain.
INFO     pymc3           Sequential sampling (1 chains in 1 job)
INFO     pymc3           Metropolis: [p]
INFO     pymc3           accepted: False
INFO     pymc3           accepted: False
INFO     pymc3           accepted: False
INFO     pymc3           accepted: True
INFO     pymc3           accepted: False
INFO     pymc3           accepted: True
INFO     pymc3           accepted: True
INFO     pymc3           accepted: True
INFO     pymc3           accepted: False
INFO     pymc3           accepted: True
INFO     pymc3           accepted: False
INFO     pymc3           accepted: True
INFO     pymc3           accepted: True
INFO     pymc3           accepted: True
INFO     pymc3           accepted: False
INFO     pymc3           accepted: True
INFO     pymc3           accepted: False
INFO     pymc3           accepted: True
INFO     pymc3           accepted: False
INFO     pymc3           accepted: True
INFO     pymc3           accepted: False
INFO     pymc3           accepted: False
INFO     pymc3           accepted: True
INFO     pymc3           accepted: True
INFO     pymc3           accepted: True
INFO     pymc3           accepted: False
INFO     pymc3           accepted: False
INFO     pymc3           accepted: True
INFO     pymc3           accepted: False
INFO     pymc3           accepted: False
INFO     pymc3           accepted: True
INFO     pymc3           accepted: False
INFO     pymc3           accepted: False
INFO     pymc3           accepted: True
INFO     pymc3           accepted: True
INFO     pymc3           accepted: True
INFO     pymc3           accepted: False
INFO     pymc3           accepted: True
INFO     pymc3           accepted: False
INFO     pymc3           accepted: True
INFO     pymc3           accepted: True
INFO     pymc3           accepted: True
INFO     pymc3           accepted: False
INFO     pymc3           accepted: False
INFO     pymc3           accepted: True
INFO     pymc3           accepted: False
INFO     pymc3           accepted: False
INFO     pymc3           accepted: False
INFO     pymc3           accepted: False
INFO     pymc3           accepted: True
INFO     pymc3           accepted: False
INFO     pymc3           accepted: False
INFO     pymc3           accepted: True
INFO     pymc3           accepted: True
INFO     pymc3           accepted: False
INFO     pymc3           accepted: True
INFO     pymc3           accepted: False
INFO     pymc3           accepted: False
INFO     pymc3           accepted: False
INFO     pymc3           accepted: False
INFO     pymc3           accepted: False
INFO     pymc3           accepted: True
INFO     pymc3           accepted: True
INFO     pymc3           accepted: False
INFO     pymc3           accepted: True
INFO     pymc3           accepted: False
INFO     pymc3           accepted: True
INFO     pymc3           accepted: True
INFO     pymc3           accepted: False
INFO     pymc3           accepted: True
INFO     pymc3           accepted: False
INFO     pymc3           accepted: True
INFO     pymc3           accepted: False
INFO     pymc3           accepted: False
INFO     pymc3           accepted: False
INFO     pymc3           accepted: True
INFO     pymc3           accepted: False
INFO     pymc3           accepted: False
INFO     pymc3           accepted: True
INFO     pymc3           accepted: True
INFO     pymc3           accepted: True
INFO     pymc3           accepted: False
INFO     pymc3           accepted: False
INFO     pymc3           accepted: False
INFO     pymc3           accepted: True
INFO     pymc3           accepted: False
INFO     pymc3           accepted: True
INFO     pymc3           accepted: False
INFO     pymc3           accepted: False
INFO     pymc3           accepted: True
INFO     pymc3           accepted: False
INFO     pymc3           accepted: True
INFO     pymc3           accepted: False
INFO     pymc3           accepted: False
INFO     pymc3           accepted: False
INFO     pymc3           accepted: True
INFO     pymc3           accepted: False
INFO     pymc3           accepted: False
INFO     pymc3           accepted: True
INFO     pymc3           accepted: False
WARNING  pymc3           Only 100 samples in chain.
INFO     pymc3           Sequential sampling (1 chains in 1 job)
INFO     pymc3           Metropolis: [p]
INFO     pymc3           accepted: True
INFO     pymc3           accepted: False
INFO     pymc3           accepted: True
INFO     pymc3           accepted: False
INFO     pymc3           accepted: True
INFO     pymc3           accepted: True
INFO     pymc3           accepted: True
INFO     pymc3           accepted: True
INFO     pymc3           accepted: False
INFO     pymc3           accepted: False
INFO     pymc3           accepted: True
INFO     pymc3           accepted: True
INFO     pymc3           accepted: True
INFO     pymc3           accepted: True
INFO     pymc3           accepted: True
INFO     pymc3           accepted: False
INFO     pymc3           accepted: True
INFO     pymc3           accepted: False
INFO     pymc3           accepted: False
INFO     pymc3           accepted: True
INFO     pymc3           accepted: False
INFO     pymc3           accepted: False
INFO     pymc3           accepted: False
INFO     pymc3           accepted: True
INFO     pymc3           accepted: False
INFO     pymc3           accepted: False
INFO     pymc3           accepted: True
INFO     pymc3           accepted: True
INFO     pymc3           accepted: True
INFO     pymc3           accepted: False
INFO     pymc3           accepted: True
INFO     pymc3           accepted: False
INFO     pymc3           accepted: True
INFO     pymc3           accepted: False
INFO     pymc3           accepted: True
INFO     pymc3           accepted: True
INFO     pymc3           accepted: True
INFO     pymc3           accepted: False
INFO     pymc3           accepted: True
INFO     pymc3           accepted: False
INFO     pymc3           accepted: True
INFO     pymc3           accepted: False
INFO     pymc3           accepted: True
INFO     pymc3           accepted: False
INFO     pymc3           accepted: False
INFO     pymc3           accepted: True
INFO     pymc3           accepted: True
INFO     pymc3           accepted: False
INFO     pymc3           accepted: False
INFO     pymc3           accepted: True
INFO     pymc3           accepted: False
INFO     pymc3           accepted: False
INFO     pymc3           accepted: False
INFO     pymc3           accepted: False
INFO     pymc3           accepted: True
INFO     pymc3           accepted: False
INFO     pymc3           accepted: True
INFO     pymc3           accepted: True
INFO     pymc3           accepted: False
INFO     pymc3           accepted: True
INFO     pymc3           accepted: True
INFO     pymc3           accepted: True
INFO     pymc3           accepted: True
INFO     pymc3           accepted: True
INFO     pymc3           accepted: True
INFO     pymc3           accepted: True
INFO     pymc3           accepted: False
INFO     pymc3           accepted: True
INFO     pymc3           accepted: False
INFO     pymc3           accepted: False
INFO     pymc3           accepted: False
INFO     pymc3           accepted: False
INFO     pymc3           accepted: False
INFO     pymc3           accepted: False
INFO     pymc3           accepted: False
INFO     pymc3           accepted: True
INFO     pymc3           accepted: False
INFO     pymc3           accepted: False
INFO     pymc3           accepted: True
INFO     pymc3           accepted: True
INFO     pymc3           accepted: False
INFO     pymc3           accepted: False
INFO     pymc3           accepted: True
INFO     pymc3           accepted: True
INFO     pymc3           accepted: False
INFO     pymc3           accepted: True
INFO     pymc3           accepted: False
INFO     pymc3           accepted: False
INFO     pymc3           accepted: True
INFO     pymc3           accepted: False
INFO     pymc3           accepted: True
INFO     pymc3           accepted: True
INFO     pymc3           accepted: True
INFO     pymc3           accepted: False
INFO     pymc3           accepted: False
INFO     pymc3           accepted: True
INFO     pymc3           accepted: False
INFO     pymc3           accepted: True
INFO     pymc3           accepted: False
INFO     pymc3           accepted: True
WARNING  pymc3           Only 100 samples in chain.
INFO     pymc3           Sequential sampling (1 chains in 1 job)
INFO     pymc3           Metropolis: [p]
INFO     pymc3           accepted: False
INFO     pymc3           accepted: True
INFO     pymc3           accepted: False
INFO     pymc3           accepted: True
INFO     pymc3           accepted: False
INFO     pymc3           accepted: True
INFO     pymc3           accepted: True
INFO     pymc3           accepted: False
INFO     pymc3           accepted: True
INFO     pymc3           accepted: True
INFO     pymc3           accepted: False
INFO     pymc3           accepted: False
INFO     pymc3           accepted: True
INFO     pymc3           accepted: True
INFO     pymc3           accepted: False
INFO     pymc3           accepted: True
INFO     pymc3           accepted: False
INFO     pymc3           accepted: False
INFO     pymc3           accepted: True
INFO     pymc3           accepted: False
INFO     pymc3           accepted: False
INFO     pymc3           accepted: False
INFO     pymc3           accepted: False
INFO     pymc3           accepted: False
INFO     pymc3           accepted: True
INFO     pymc3           accepted: True
INFO     pymc3           accepted: True
INFO     pymc3           accepted: False
INFO     pymc3           accepted: True
INFO     pymc3           accepted: True
INFO     pymc3           accepted: False
INFO     pymc3           accepted: True
INFO     pymc3           accepted: True
INFO     pymc3           accepted: False
INFO     pymc3           accepted: False
INFO     pymc3           accepted: False
INFO     pymc3           accepted: False
INFO     pymc3           accepted: False
INFO     pymc3           accepted: True
INFO     pymc3           accepted: False
INFO     pymc3           accepted: False
INFO     pymc3           accepted: True
INFO     pymc3           accepted: False
INFO     pymc3           accepted: False
INFO     pymc3           accepted: True
INFO     pymc3           accepted: True
INFO     pymc3           accepted: False
INFO     pymc3           accepted: True
INFO     pymc3           accepted: False
INFO     pymc3           accepted: False
INFO     pymc3           accepted: False
INFO     pymc3           accepted: False
INFO     pymc3           accepted: True
INFO     pymc3           accepted: False
INFO     pymc3           accepted: False
INFO     pymc3           accepted: True
INFO     pymc3           accepted: True
INFO     pymc3           accepted: False
INFO     pymc3           accepted: False
INFO     pymc3           accepted: True
INFO     pymc3           accepted: False
INFO     pymc3           accepted: False
INFO     pymc3           accepted: True
INFO     pymc3           accepted: True
INFO     pymc3           accepted: False
INFO     pymc3           accepted: True
INFO     pymc3           accepted: False
INFO     pymc3           accepted: True
INFO     pymc3           accepted: False
INFO     pymc3           accepted: True
INFO     pymc3           accepted: True
INFO     pymc3           accepted: True
INFO     pymc3           accepted: False
INFO     pymc3           accepted: True
INFO     pymc3           accepted: False
INFO     pymc3           accepted: False
INFO     pymc3           accepted: False
INFO     pymc3           accepted: False
INFO     pymc3           accepted: False
INFO     pymc3           accepted: True
INFO     pymc3           accepted: False
INFO     pymc3           accepted: True
INFO     pymc3           accepted: False
INFO     pymc3           accepted: False
INFO     pymc3           accepted: True
INFO     pymc3           accepted: False
INFO     pymc3           accepted: False
INFO     pymc3           accepted: False
INFO     pymc3           accepted: True
INFO     pymc3           accepted: False
INFO     pymc3           accepted: True
INFO     pymc3           accepted: False
INFO     pymc3           accepted: True
INFO     pymc3           accepted: False
INFO     pymc3           accepted: True
INFO     pymc3           accepted: False
INFO     pymc3           accepted: True
INFO     pymc3           accepted: False
INFO     pymc3           accepted: False
INFO     pymc3           accepted: True
WARNING  pymc3           Only 100 samples in chain.
INFO     pymc3           Sequential sampling (1 chains in 1 job)
INFO     pymc3           Metropolis: [p]
INFO     pymc3           accepted: False
INFO     pymc3           accepted: True
INFO     pymc3           accepted: False
INFO     pymc3           accepted: True
INFO     pymc3           accepted: False
INFO     pymc3           accepted: False
INFO     pymc3           accepted: False
INFO     pymc3           accepted: True
INFO     pymc3           accepted: True
INFO     pymc3           accepted: True
INFO     pymc3           accepted: False
INFO     pymc3           accepted: False
INFO     pymc3           accepted: True
INFO     pymc3           accepted: False
INFO     pymc3           accepted: False
INFO     pymc3           accepted: True
INFO     pymc3           accepted: True
INFO     pymc3           accepted: False
INFO     pymc3           accepted: True
INFO     pymc3           accepted: False
INFO     pymc3           accepted: True
INFO     pymc3           accepted: False
INFO     pymc3           accepted: True
INFO     pymc3           accepted: False
INFO     pymc3           accepted: True
INFO     pymc3           accepted: False
INFO     pymc3           accepted: False
INFO     pymc3           accepted: False
INFO     pymc3           accepted: False
INFO     pymc3           accepted: False
INFO     pymc3           accepted: True
INFO     pymc3           accepted: True
INFO     pymc3           accepted: False
INFO     pymc3           accepted: True
INFO     pymc3           accepted: False
INFO     pymc3           accepted: True
INFO     pymc3           accepted: False
INFO     pymc3           accepted: True
INFO     pymc3           accepted: True
INFO     pymc3           accepted: True
INFO     pymc3           accepted: True
INFO     pymc3           accepted: True
INFO     pymc3           accepted: False
INFO     pymc3           accepted: False
INFO     pymc3           accepted: True
INFO     pymc3           accepted: False
INFO     pymc3           accepted: False
INFO     pymc3           accepted: False
INFO     pymc3           accepted: True
INFO     pymc3           accepted: True
INFO     pymc3           accepted: False
WARNING  pymc3           Only 100 samples in chain.
INFO     pymc3           Sequential sampling (1 chains in 1 job)
INFO     pymc3           Metropolis: [p]
INFO     pymc3           accepted: True
INFO     pymc3           accepted: True
INFO     pymc3           accepted: False
INFO     pymc3           accepted: True
INFO     pymc3           accepted: True
INFO     pymc3           accepted: False
INFO     pymc3           accepted: True
INFO     pymc3           accepted: False
INFO     pymc3           accepted: True
INFO     pymc3           accepted: False
INFO     pymc3           accepted: False
INFO     pymc3           accepted: False
INFO     pymc3           accepted: True
INFO     pymc3           accepted: False
INFO     pymc3           accepted: False
INFO     pymc3           accepted: False
INFO     pymc3           accepted: True
INFO     pymc3           accepted: True
WARNING  pymc3           Only 100 samples in chain.
INFO     pymc3           Sequential sampling (1 chains in 1 job)
INFO     pymc3           Metropolis: [p]
SUCCESS
