[repair] benchmark: manybugs
[repair] subject: libtiff
[repair] version: 2010-12-13-96a5fb4-bdba15c
[repair] search: guided
[fetch] benchmark: manybugs
[fetch] subject: libtiff
[fetch] version: 2010-12-13-96a5fb4-bdba15c
[fetch] archive: libtiff-bug-2010-12-13-96a5fb4-bdba15c.tar.gz
[fetch] directory: libtiff-bug-2010-12-13-96a5fb4-bdba15c
--2019-07-27 18:59:43--  https://repairbenchmarks.cs.umass.edu/ManyBugs/scenarios//libtiff-bug-2010-12-13-96a5fb4-bdba15c.tar.gz
Resolving repairbenchmarks.cs.umass.edu (repairbenchmarks.cs.umass.edu)... 128.119.240.19
Connecting to repairbenchmarks.cs.umass.edu (repairbenchmarks.cs.umass.edu)|128.119.240.19|:443... connected.
HTTP request sent, awaiting response... 200 OK
Length: 18265474 (17M) [application/x-gzip]
Saving to: 'cache/libtiff-bug-2010-12-13-96a5fb4-bdba15c.tar.gz'

     0K .......... .......... .......... .......... ..........  0%  121K 2m27s
    50K .......... .......... .......... .......... ..........  0%  243K 1m50s
   100K .......... .......... .......... .......... ..........  0% 20.6M 73s
   150K .......... .......... .......... .......... ..........  1% 20.1M 55s
   200K .......... .......... .......... .......... ..........  1%  247K 58s
   250K .......... .......... .......... .......... ..........  1% 45.4M 48s
   300K .......... .......... .......... .......... ..........  1% 49.9M 41s
   350K .......... .......... .......... .......... ..........  2% 30.0M 36s
   400K .......... .......... .......... .......... ..........  2%  248K 40s
   450K .......... .......... .......... .......... ..........  2% 47.6M 36s
   500K .......... .......... .......... .......... ..........  3% 74.0M 33s
   550K .......... .......... .......... .......... ..........  3% 71.3M 30s
   600K .......... .......... .......... .......... ..........  3% 81.9M 27s
   650K .......... .......... .......... .......... ..........  3% 89.3M 25s
   700K .......... .......... .......... .......... ..........  4% 90.5M 24s
   750K .......... .......... .......... .......... ..........  4% 59.3M 22s
   800K .......... .......... .......... .......... ..........  4% 70.6M 21s
   850K .......... .......... .......... .......... ..........  5%  249K 23s
   900K .......... .......... .......... .......... ..........  5%  103M 22s
   950K .......... .......... .......... .......... ..........  5%  105M 21s
  1000K .......... .......... .......... .......... ..........  5%  106M 20s
  1050K .......... .......... .......... .......... ..........  6%  120M 19s
  1100K .......... .......... .......... .......... ..........  6%  116M 18s
  1150K .......... .......... .......... .......... ..........  6%  121M 17s
  1200K .......... .......... .......... .......... ..........  7% 92.0M 16s
  1250K .......... .......... .......... .......... ..........  7% 95.5M 16s
  1300K .......... .......... .......... .......... ..........  7%  110M 15s
  1350K .......... .......... .......... .......... ..........  7%  105M 15s
  1400K .......... .......... .......... .......... ..........  8% 96.8M 14s
  1450K .......... .......... .......... .......... ..........  8%  119M 14s
  1500K .......... .......... .......... .......... ..........  8%  119M 13s
  1550K .......... .......... .......... .......... ..........  8%  119M 13s
  1600K .......... .......... .......... .......... ..........  9% 99.2M 12s
  1650K .......... .......... .......... .......... ..........  9%  118M 12s
  1700K .......... .......... .......... .......... ..........  9%  250K 13s
  1750K .......... .......... .......... .......... .......... 10% 65.5M 13s
  1800K .......... .......... .......... .......... .......... 10% 66.1M 13s
  1850K .......... .......... .......... .......... .......... 10% 88.3M 12s
  1900K .......... .......... .......... .......... .......... 10% 86.7M 12s
  1950K .......... .......... .......... .......... .......... 11% 85.9M 11s
  2000K .......... .......... .......... .......... .......... 11% 58.3M 11s
  2050K .......... .......... .......... .......... .......... 11% 69.0M 11s
  2100K .......... .......... .......... .......... .......... 12%  113M 11s
  2150K .......... .......... .......... .......... .......... 12%  138M 10s
  2200K .......... .......... .......... .......... .......... 12%  128M 10s
  2250K .......... .......... .......... .......... .......... 12%  137M 10s
  2300K .......... .......... .......... .......... .......... 13%  146M 10s
  2350K .......... .......... .......... .......... .......... 13%  136M 9s
  2400K .......... .......... .......... .......... .......... 13%  116M 9s
  2450K .......... .......... .......... .......... .......... 14%  144M 9s
  2500K .......... .......... .......... .......... .......... 14%  146M 9s
  2550K .......... .......... .......... .......... .......... 14%  252K 10s
  2600K .......... .......... .......... .......... .......... 14% 48.2M 9s
  2650K .......... .......... .......... .......... .......... 15% 70.0M 9s
  2700K .......... .......... .......... .......... .......... 15% 75.7M 9s
  2750K .......... .......... .......... .......... .......... 15% 83.5M 9s
  2800K .......... .......... .......... .......... .......... 15% 67.6M 9s
  2850K .......... .......... .......... .......... .......... 16% 83.0M 9s
  2900K .......... .......... .......... .......... .......... 16% 83.7M 8s
  2950K .......... .......... .......... .......... .......... 16% 82.7M 8s
  3000K .......... .......... .......... .......... .......... 17% 74.3M 8s
  3050K .......... .......... .......... .......... .......... 17% 78.5M 8s
  3100K .......... .......... .......... .......... .......... 17% 80.1M 8s
  3150K .......... .......... .......... .......... .......... 17% 69.1M 8s
  3200K .......... .......... .......... .......... .......... 18% 64.8M 7s
  3250K .......... .......... .......... .......... .......... 18% 86.2M 7s
  3300K .......... .......... .......... .......... .......... 18% 83.1M 7s
  3350K .......... .......... .......... .......... .......... 19% 90.2M 7s
  3400K .......... .......... .......... .......... .......... 19% 80.6M 7s
  3450K .......... .......... .......... .......... .......... 19%  256K 8s
  3500K .......... .......... .......... .......... .......... 19% 55.7M 7s
  3550K .......... .......... .......... .......... .......... 20% 49.2M 7s
  3600K .......... .......... .......... .......... .......... 20% 59.2M 7s
  3650K .......... .......... .......... .......... .......... 20% 72.6M 7s
  3700K .......... .......... .......... .......... .......... 21% 78.8M 7s
  3750K .......... .......... .......... .......... .......... 21% 81.3M 7s
  3800K .......... .......... .......... .......... .......... 21% 73.9M 7s
  3850K .......... .......... .......... .......... .......... 21% 84.2M 7s
  3900K .......... .......... .......... .......... .......... 22% 84.3M 7s
  3950K .......... .......... .......... .......... .......... 22% 83.6M 6s
  4000K .......... .......... .......... .......... .......... 22% 70.2M 6s
  4050K .......... .......... .......... .......... .......... 22% 76.2M 6s
  4100K .......... .......... .......... .......... .......... 23% 81.8M 6s
  4150K .......... .......... .......... .......... .......... 23% 86.6M 6s
  4200K .......... .......... .......... .......... .......... 23% 78.9M 6s
  4250K .......... .......... .......... .......... .......... 24% 90.3M 6s
  4300K .......... .......... .......... .......... .......... 24% 88.2M 6s
  4350K .......... .......... .......... .......... .......... 24% 84.1M 6s
  4400K .......... .......... .......... .......... .......... 24%  256K 6s
  4450K .......... .......... .......... .......... .......... 25% 46.1M 6s
  4500K .......... .......... .......... .......... .......... 25% 61.8M 6s
  4550K .......... .......... .......... .......... .......... 25% 81.0M 6s
  4600K .......... .......... .......... .......... .......... 26% 72.5M 6s
  4650K .......... .......... .......... .......... .......... 26% 83.3M 6s
  4700K .......... .......... .......... .......... .......... 26% 83.5M 6s
  4750K .......... .......... .......... .......... .......... 26% 81.7M 6s
  4800K .......... .......... .......... .......... .......... 27% 63.5M 6s
  4850K .......... .......... .......... .......... .......... 27% 76.5M 5s
  4900K .......... .......... .......... .......... .......... 27% 86.6M 5s
  4950K .......... .......... .......... .......... .......... 28% 85.0M 5s
  5000K .......... .......... .......... .......... .......... 28% 74.7M 5s
  5050K .......... .......... .......... .......... .......... 28% 81.4M 5s
  5100K .......... .......... .......... .......... .......... 28% 79.6M 5s
  5150K .......... .......... .......... .......... .......... 29% 82.8M 5s
  5200K .......... .......... .......... .......... .......... 29% 74.9M 5s
  5250K .......... .......... .......... .......... .......... 29% 89.0M 5s
  5300K .......... .......... .......... .......... .......... 29% 1.23M 5s
  5350K .......... .......... .......... .......... .......... 30%  321K 5s
  5400K .......... .......... .......... .......... .......... 30% 56.7M 5s
  5450K .......... .......... .......... .......... .......... 30% 78.9M 5s
  5500K .......... .......... .......... .......... .......... 31% 64.6M 5s
  5550K .......... .......... .......... .......... .......... 31% 71.6M 5s
  5600K .......... .......... .......... .......... .......... 31% 67.7M 5s
  5650K .......... .......... .......... .......... .......... 31% 85.2M 5s
  5700K .......... .......... .......... .......... .......... 32% 92.5M 5s
  5750K .......... .......... .......... .......... .......... 32% 92.6M 5s
  5800K .......... .......... .......... .......... .......... 32% 80.5M 5s
  5850K .......... .......... .......... .......... .......... 33% 86.2M 5s
  5900K .......... .......... .......... .......... .......... 33% 90.8M 5s
  5950K .......... .......... .......... .......... .......... 33% 87.9M 4s
  6000K .......... .......... .......... .......... .......... 33% 76.6M 4s
  6050K .......... .......... .......... .......... .......... 34% 90.2M 4s
  6100K .......... .......... .......... .......... .......... 34% 80.4M 4s
  6150K .......... .......... .......... .......... .......... 34% 87.5M 4s
  6200K .......... .......... .......... .......... .......... 35% 80.4M 4s
  6250K .......... .......... .......... .......... .......... 35% 93.4M 4s
  6300K .......... .......... .......... .......... .......... 35%  256K 4s
  6350K .......... .......... .......... .......... .......... 35% 70.0M 4s
  6400K .......... .......... .......... .......... .......... 36% 59.2M 4s
  6450K .......... .......... .......... .......... .......... 36% 84.4M 4s
  6500K .......... .......... .......... .......... .......... 36% 84.3M 4s
  6550K .......... .......... .......... .......... .......... 37% 83.5M 4s
  6600K .......... .......... .......... .......... .......... 37% 71.5M 4s
  6650K .......... .......... .......... .......... .......... 37% 81.4M 4s
  6700K .......... .......... .......... .......... .......... 37% 83.3M 4s
  6750K .......... .......... .......... .......... .......... 38% 84.1M 4s
  6800K .......... .......... .......... .......... .......... 38% 65.9M 4s
  6850K .......... .......... .......... .......... .......... 38% 68.4M 4s
  6900K .......... .......... .......... .......... .......... 38% 79.9M 4s
  6950K .......... .......... .......... .......... .......... 39%  119M 4s
  7000K .......... .......... .......... .......... .......... 39%  145M 4s
  7050K .......... .......... .......... .......... .......... 39%  172M 4s
  7100K .......... .......... .......... .......... .......... 40% 86.3M 4s
  7150K .......... .......... .......... .......... .......... 40%  110M 4s
  7200K .......... .......... .......... .......... .......... 40% 74.3M 4s
  7250K .......... .......... .......... .......... .......... 40% 98.6M 4s
  7300K .......... .......... .......... .......... .......... 41%  256K 4s
  7350K .......... .......... .......... .......... .......... 41% 69.4M 4s
  7400K .......... .......... .......... .......... .......... 41% 67.6M 4s
  7450K .......... .......... .......... .......... .......... 42% 83.3M 4s
  7500K .......... .......... .......... .......... .......... 42% 83.2M 4s
  7550K .......... .......... .......... .......... .......... 42% 81.9M 4s
  7600K .......... .......... .......... .......... .......... 42% 70.0M 4s
  7650K .......... .......... .......... .......... .......... 43% 82.7M 4s
  7700K .......... .......... .......... .......... .......... 43% 81.1M 4s
  7750K .......... .......... .......... .......... .......... 43%  101M 3s
  7800K .......... .......... .......... .......... .......... 44%  110M 3s
  7850K .......... .......... .......... .......... .......... 44%  135M 3s
  7900K .......... .......... .......... .......... .......... 44%  140M 3s
  7950K .......... .......... .......... .......... .......... 44%  133M 3s
  8000K .......... .......... .......... .......... .......... 45%  116M 3s
  8050K .......... .......... .......... .......... .......... 45%  100M 3s
  8100K .......... .......... .......... .......... .......... 45% 49.9M 3s
  8150K .......... .......... .......... .......... .......... 45% 67.4M 3s
  8200K .......... .......... .......... .......... .......... 46% 72.9M 3s
  8250K .......... .......... .......... .......... .......... 46% 84.7M 3s
  8300K .......... .......... .......... .......... .......... 46% 86.6M 3s
  8350K .......... .......... .......... .......... .......... 47%  256K 3s
  8400K .......... .......... .......... .......... .......... 47% 68.3M 3s
  8450K .......... .......... .......... .......... .......... 47% 82.3M 3s
  8500K .......... .......... .......... .......... .......... 47% 81.7M 3s
  8550K .......... .......... .......... .......... .......... 48% 81.8M 3s
  8600K .......... .......... .......... .......... .......... 48% 75.3M 3s
  8650K .......... .......... .......... .......... .......... 48% 82.3M 3s
  8700K .......... .......... .......... .......... .......... 49% 81.0M 3s
  8750K .......... .......... .......... .......... .......... 49% 74.5M 3s
  8800K .......... .......... .......... .......... .......... 49% 59.7M 3s
  8850K .......... .......... .......... .......... .......... 49% 66.6M 3s
  8900K .......... .......... .......... .......... .......... 50% 72.4M 3s
  8950K .......... .......... .......... .......... .......... 50%  242K 3s
  9000K .......... .......... .......... .......... .......... 50% 49.2M 3s
  9050K .......... .......... .......... .......... .......... 51% 74.8M 3s
  9100K .......... .......... .......... .......... .......... 51% 73.3M 3s
  9150K .......... .......... .......... .......... .......... 51% 74.7M 3s
  9200K .......... .......... .......... .......... .......... 51% 67.5M 3s
  9250K .......... .......... .......... .......... .......... 52%  100M 3s
  9300K .......... .......... .......... .......... .......... 52% 97.7M 3s
  9350K .......... .......... .......... .......... .......... 52%  111M 3s
  9400K .......... .......... .......... .......... .......... 52% 99.3M 3s
  9450K .......... .......... .......... .......... .......... 53% 92.9M 3s
  9500K .......... .......... .......... .......... .......... 53%  104M 3s
  9550K .......... .......... .......... .......... .......... 53%  111M 3s
  9600K .......... .......... .......... .......... .......... 54% 95.5M 3s
  9650K .......... .......... .......... .......... .......... 54%  114M 3s
  9700K .......... .......... .......... .......... .......... 54%  107M 3s
  9750K .......... .......... .......... .......... .......... 54%  111M 3s
  9800K .......... .......... .......... .......... .......... 55% 98.3M 3s
  9850K .......... .......... .......... .......... .......... 55%  109M 2s
  9900K .......... .......... .......... .......... .......... 55%  111M 2s
  9950K .......... .......... .......... .......... .......... 56%  112M 2s
 10000K .......... .......... .......... .......... .......... 56% 96.4M 2s
 10050K .......... .......... .......... .......... .......... 56%  114M 2s
 10100K .......... .......... .......... .......... .......... 56%  112M 2s
 10150K .......... .......... .......... .......... .......... 57%  104M 2s
 10200K .......... .......... .......... .......... .......... 57%  141M 2s
 10250K .......... .......... .......... .......... .......... 57%  205M 2s
 10300K .......... .......... .......... .......... .......... 58%  207M 2s
 10350K .......... .......... .......... .......... .......... 58%  270K 2s
 10400K .......... .......... .......... .......... .......... 58% 43.4M 2s
 10450K .......... .......... .......... .......... .......... 58% 55.3M 2s
 10500K .......... .......... .......... .......... .......... 59% 86.3M 2s
 10550K .......... .......... .......... .......... .......... 59% 59.1M 2s
 10600K .......... .......... .......... .......... .......... 59% 55.5M 2s
 10650K .......... .......... .......... .......... .......... 59% 76.8M 2s
 10700K .......... .......... .......... .......... .......... 60% 87.7M 2s
 10750K .......... .......... .......... .......... .......... 60% 68.8M 2s
 10800K .......... .......... .......... .......... .......... 60% 28.1M 2s
 10850K .......... .......... .......... .......... .......... 61% 75.4M 2s
 10900K .......... .......... .......... .......... .......... 61% 76.1M 2s
 10950K .......... .......... .......... .......... .......... 61% 73.3M 2s
 11000K .......... .......... .......... .......... .......... 61% 73.2M 2s
 11050K .......... .......... .......... .......... .......... 62% 29.7M 2s
 11100K .......... .......... .......... .......... .......... 62%  258K 2s
 11150K .......... .......... .......... .......... .......... 62% 35.0M 2s
 11200K .......... .......... .......... .......... .......... 63% 54.9M 2s
 11250K .......... .......... .......... .......... .......... 63% 64.5M 2s
 11300K .......... .......... .......... .......... .......... 63% 66.3M 2s
 11350K .......... .......... .......... .......... .......... 63% 68.6M 2s
 11400K .......... .......... .......... .......... .......... 64% 64.1M 2s
 11450K .......... .......... .......... .......... .......... 64% 91.1M 2s
 11500K .......... .......... .......... .......... .......... 64% 77.4M 2s
 11550K .......... .......... .......... .......... .......... 65% 68.5M 2s
 11600K .......... .......... .......... .......... .......... 65% 26.1M 2s
 11650K .......... .......... .......... .......... .......... 65% 74.2M 2s
 11700K .......... .......... .......... .......... .......... 65% 82.7M 2s
 11750K .......... .......... .......... .......... .......... 66% 53.0M 2s
 11800K .......... .......... .......... .......... .......... 66% 91.9M 2s
 11850K .......... .......... .......... .......... .......... 66% 38.2M 2s
 11900K .......... .......... .......... .......... .......... 66%  258K 2s
 11950K .......... .......... .......... .......... .......... 67% 37.6M 2s
 12000K .......... .......... .......... .......... .......... 67% 62.6M 2s
 12050K .......... .......... .......... .......... .......... 67% 75.8M 2s
 12100K .......... .......... .......... .......... .......... 68% 78.3M 2s
 12150K .......... .......... .......... .......... .......... 68% 62.3M 2s
 12200K .......... .......... .......... .......... .......... 68% 60.1M 2s
 12250K .......... .......... .......... .......... .......... 68% 79.0M 2s
 12300K .......... .......... .......... .......... .......... 69% 79.3M 2s
 12350K .......... .......... .......... .......... .......... 69% 93.9M 2s
 12400K .......... .......... .......... .......... .......... 69% 25.9M 2s
 12450K .......... .......... .......... .......... .......... 70% 69.2M 2s
 12500K .......... .......... .......... .......... .......... 70% 83.6M 2s
 12550K .......... .......... .......... .......... .......... 70% 61.0M 2s
 12600K .......... .......... .......... .......... .......... 70% 66.9M 2s
 12650K .......... .......... .......... .......... .......... 71% 52.5M 2s
 12700K .......... .......... .......... .......... .......... 71%  258K 2s
 12750K .......... .......... .......... .......... .......... 71% 51.6M 2s
 12800K .......... .......... .......... .......... .......... 72% 65.6M 2s
 12850K .......... .......... .......... .......... .......... 72% 41.6M 2s
 12900K .......... .......... .......... .......... .......... 72% 44.8M 1s
 12950K .......... .......... .......... .......... .......... 72% 46.7M 1s
 13000K .......... .......... .......... .......... .......... 73%  242K 2s
 13050K .......... .......... .......... .......... .......... 73% 79.8M 1s
 13100K .......... .......... .......... .......... .......... 73% 86.6M 1s
 13150K .......... .......... .......... .......... .......... 74% 88.5M 1s
 13200K .......... .......... .......... .......... .......... 74% 76.4M 1s
 13250K .......... .......... .......... .......... .......... 74% 80.5M 1s
 13300K .......... .......... .......... .......... .......... 74%  123M 1s
 13350K .......... .......... .......... .......... .......... 75%  102M 1s
 13400K .......... .......... .......... .......... .......... 75%  100M 1s
 13450K .......... .......... .......... .......... .......... 75%  101M 1s
 13500K .......... .......... .......... .......... .......... 75%  115M 1s
 13550K .......... .......... .......... .......... .......... 76%  123M 1s
 13600K .......... .......... .......... .......... .......... 76%  108M 1s
 13650K .......... .......... .......... .......... .......... 76%  100M 1s
 13700K .......... .......... .......... .......... .......... 77%  116M 1s
 13750K .......... .......... .......... .......... .......... 77%  253K 1s
 13800K .......... .......... .......... .......... .......... 77% 71.9M 1s
 13850K .......... .......... .......... .......... .......... 77% 78.4M 1s
 13900K .......... .......... .......... .......... .......... 78% 73.8M 1s
 13950K .......... .......... .......... .......... .......... 78%  112M 1s
 14000K .......... .......... .......... .......... .......... 78%  109M 1s
 14050K .......... .......... .......... .......... .......... 79%  130M 1s
 14100K .......... .......... .......... .......... .......... 79%  132M 1s
 14150K .......... .......... .......... .......... .......... 79%  127M 1s
 14200K .......... .......... .......... .......... .......... 79%  112M 1s
 14250K .......... .......... .......... .......... .......... 80%  132M 1s
 14300K .......... .......... .......... .......... .......... 80%  121M 1s
 14350K .......... .......... .......... .......... .......... 80%  127M 1s
 14400K .......... .......... .......... .......... .......... 81% 99.2M 1s
 14450K .......... .......... .......... .......... .......... 81%  132M 1s
 14500K .......... .......... .......... .......... .......... 81%  127M 1s
 14550K .......... .......... .......... .......... .......... 81%  131M 1s
 14600K .......... .......... .......... .......... .......... 82%  117M 1s
 14650K .......... .......... .......... .......... .......... 82%  120M 1s
 14700K .......... .......... .......... .......... .......... 82%  113M 1s
 14750K .......... .......... .......... .......... .......... 82%  123M 1s
 14800K .......... .......... .......... .......... .......... 83%  255K 1s
 14850K .......... .......... .......... .......... .......... 83% 67.7M 1s
 14900K .......... .......... .......... .......... .......... 83% 76.3M 1s
 14950K .......... .......... .......... .......... .......... 84% 73.4M 1s
 15000K .......... .......... .......... .......... .......... 84% 66.6M 1s
 15050K .......... .......... .......... .......... .......... 84% 56.6M 1s
 15100K .......... .......... .......... .......... .......... 84% 75.4M 1s
 15150K .......... .......... .......... .......... .......... 85% 27.0M 1s
 15200K .......... .......... .......... .......... .......... 85% 52.2M 1s
 15250K .......... .......... .......... .......... .......... 85% 52.7M 1s
 15300K .......... .......... .......... .......... .......... 86% 7.85M 1s
 15350K .......... .......... .......... .......... .......... 86% 98.1M 1s
 15400K .......... .......... .......... .......... .......... 86%  261K 1s
 15450K .......... .......... .......... .......... .......... 86% 61.1M 1s
 15500K .......... .......... .......... .......... .......... 87% 76.4M 1s
 15550K .......... .......... .......... .......... .......... 87% 78.6M 1s
 15600K .......... .......... .......... .......... .......... 87% 64.9M 1s
 15650K .......... .......... .......... .......... .......... 88% 53.4M 1s
 15700K .......... .......... .......... .......... .......... 88%  101M 1s
 15750K .......... .......... .......... .......... .......... 88% 25.7M 1s
 15800K .......... .......... .......... .......... .......... 88% 58.5M 1s
 15850K .......... .......... .......... .......... .......... 89% 47.4M 1s
 15900K .......... .......... .......... .......... .......... 89% 7.91M 1s
 15950K .......... .......... .......... .......... .......... 89% 72.1M 1s
 16000K .......... .......... .......... .......... .......... 89%  260K 1s
 16050K .......... .......... .......... .......... .......... 90% 69.9M 1s
 16100K .......... .......... .......... .......... .......... 90% 75.7M 1s
 16150K .......... .......... .......... .......... .......... 90% 72.0M 1s
 16200K .......... .......... .......... .......... .......... 91% 68.7M 0s
 16250K .......... .......... .......... .......... .......... 91% 85.4M 0s
 16300K .......... .......... .......... .......... .......... 91% 77.9M 0s
 16350K .......... .......... .......... .......... .......... 91% 34.6M 0s
 16400K .......... .......... .......... .......... .......... 92% 37.7M 0s
 16450K .......... .......... .......... .......... .......... 92% 67.5M 0s
 16500K .......... .......... .......... .......... .......... 92% 7.43M 0s
 16550K .......... .......... .......... .......... .......... 93% 80.7M 0s
 16600K .......... .......... .......... .......... .......... 93%  261K 0s
 16650K .......... .......... .......... .......... .......... 93% 48.7M 0s
 16700K .......... .......... .......... .......... .......... 93% 72.5M 0s
 16750K .......... .......... .......... .......... .......... 94% 65.9M 0s
 16800K .......... .......... .......... .......... .......... 94% 67.0M 0s
 16850K .......... .......... .......... .......... .......... 94% 43.1M 0s
 16900K .......... .......... .......... .......... .......... 95% 70.7M 0s
 16950K .......... .......... .......... .......... .......... 95% 86.3M 0s
 17000K .......... .......... .......... .......... .......... 95% 31.9M 0s
 17050K .......... .......... .......... .......... .......... 95% 73.3M 0s
 17100K .......... .......... .......... .......... .......... 96% 73.5M 0s
 17150K .......... .......... .......... .......... .......... 96% 7.75M 0s
 17200K .......... .......... .......... .......... .......... 96% 1.22M 0s
 17250K .......... .......... .......... .......... .......... 96%  328K 0s
 17300K .......... .......... .......... .......... .......... 97% 72.6M 0s
 17350K .......... .......... .......... .......... .......... 97% 59.7M 0s
 17400K .......... .......... .......... .......... .......... 97% 77.9M 0s
 17450K .......... .......... .......... .......... .......... 98% 94.2M 0s
 17500K .......... .......... .......... .......... .......... 98% 50.7M 0s
 17550K .......... .......... .......... .......... .......... 98% 70.1M 0s
 17600K .......... .......... .......... .......... .......... 98% 45.3M 0s
 17650K .......... .......... .......... .......... .......... 99% 41.4M 0s
 17700K .......... .......... .......... .......... .......... 99% 70.1M 0s
 17750K .......... .......... .......... .......... .......... 99% 7.95M 0s
 17800K .......... .......... .......... .......              100% 34.6M=5.4s

2019-07-27 18:59:50 (3.23 MB/s) - 'cache/libtiff-bug-2010-12-13-96a5fb4-bdba15c.tar.gz' saved [18265474/18265474]

[fetch] preparing source code
[fetch] golden_directory: libtiff-fix-2010-12-13-96a5fb4-bdba15c
[fetch] clean-source libtiff-bug-2010-12-13-96a5fb4-bdba15c
[fetch] /angelix-experiments/libtiff-bug-2010-12-13-96a5fb4-bdba15c/libtiff/configure
[fetch] make clean
[fetch] clean-source libtiff-fix-2010-12-13-96a5fb4-bdba15c
[fetch] restore-buggy libtiff-bug-2010-12-13-96a5fb4-bdba15c
[fetch] /angelix-experiments/libtiff-fix-2010-12-13-96a5fb4-bdba15c/libtiff/configure
[fetch] make clean
[fetch] buggy: tools/tiffcrop.c
[fetch] buggy_preprocessed: libtiff-bug-2010-12-13-96a5fb4-bdba15c/libtiff/tools/tiffcrop.c
[fetch] buggy_version: 96a5fb4
[fetch] buggy_original: libtiff-bug-2010-12-13-96a5fb4-bdba15c/diffs/tools/tiffcrop.c-96a5fb4
[fetch] restore-correct libtiff-fix-2010-12-13-96a5fb4-bdba15c
[fetch] restored libtiff-fix-2010-12-13-96a5fb4-bdba15c/libtiff/tools/tiffcrop.c with libtiff-fix-2010-12-13-96a5fb4-bdba15c/diffs/tools/tiffcrop.c-bdba15c
[fetch] fetch done
[repair] options:  --ignore-lines --quiet --all-suspicious --group-size 1 --test-timeout 60 --defect
if-conditions
loop-conditions
--angelic-search-strategy
guided
--search-max-trials
100
--max-same-cost-iter
20
--one-bit-flip-prob
0.5
--mcmc-beta
0.8
--penalty1
4
--penalty2
2
--default-max-cost
300000000
--initial-tests
1
--suspicious
60
[repair-libtiff] options:  --ignore-lines --quiet --all-suspicious --group-size 1 --test-timeout 60 --defect if-conditions loop-conditions --angelic-search-strategy guided --search-max-trials 100 --max-same-cost-iter 20 --one-bit-flip-prob 0.5 --mcmc-beta 0.8 --penalty1 4 --penalty2 2 --default-max-cost 300000000 --initial-tests 1 --suspicious 60
sed: -e expression #1, char 166: unknown option to `s'
sed: -e expression #1, char 122: unknown option to `s'
[repair-libtiff] instrument libtiff-bug-2010-12-13-96a5fb4-bdba15c/libtiff/tools/tiff2pdf.c
sed: -e expression #1, char 166: unknown option to `s'
sed: -e expression #1, char 122: unknown option to `s'
[repair-libtiff] instrument libtiff-fix-2010-12-13-96a5fb4-bdba15c/libtiff/tools/tiff2pdf.c
WARNING  testing         ANGELIX_RUN is not executed by test 1
WARNING  testing         ANGELIX_RUN is not executed by test 2
WARNING  testing         ANGELIX_RUN is not executed by test 3
WARNING  testing         ANGELIX_RUN is not executed by test 4
WARNING  testing         ANGELIX_RUN is not executed by test 5
WARNING  testing         ANGELIX_RUN is not executed by test 6
WARNING  testing         ANGELIX_RUN is not executed by test 7
WARNING  testing         ANGELIX_RUN is not executed by test 8
WARNING  testing         ANGELIX_RUN is not executed by test 9
WARNING  testing         ANGELIX_RUN is not executed by test 10
WARNING  testing         ANGELIX_RUN is not executed by test 11
WARNING  testing         ANGELIX_RUN is not executed by test 12
WARNING  testing         ANGELIX_RUN is not executed by test 13
WARNING  testing         ANGELIX_RUN is not executed by test 14
WARNING  testing         ANGELIX_RUN is not executed by test 15
WARNING  testing         ANGELIX_RUN is not executed by test 16
WARNING  testing         ANGELIX_RUN is not executed by test 17
WARNING  testing         ANGELIX_RUN is not executed by test 18
WARNING  testing         ANGELIX_RUN is not executed by test 19
WARNING  testing         ANGELIX_RUN is not executed by test 20
WARNING  testing         ANGELIX_RUN is not executed by test 21
WARNING  testing         ANGELIX_RUN is not executed by test 24
WARNING  testing         ANGELIX_RUN is not executed by test 25
WARNING  testing         ANGELIX_RUN is not executed by test 26
WARNING  testing         ANGELIX_RUN is not executed by test 27
WARNING  testing         ANGELIX_RUN is not executed by test 29
WARNING  testing         ANGELIX_RUN is not executed by test 30
WARNING  testing         ANGELIX_RUN is not executed by test 31
WARNING  testing         ANGELIX_RUN is not executed by test 32
WARNING  testing         ANGELIX_RUN is not executed by test 33
WARNING  testing         ANGELIX_RUN is not executed by test 34
WARNING  testing         ANGELIX_RUN is not executed by test 35
WARNING  testing         ANGELIX_RUN is not executed by test 36
WARNING  testing         ANGELIX_RUN is not executed by test 37
WARNING  testing         ANGELIX_RUN is not executed by test 38
WARNING  testing         ANGELIX_RUN is not executed by test 42
WARNING  testing         ANGELIX_RUN is not executed by test 50
WARNING  testing         ANGELIX_RUN is not executed by test 51
WARNING  testing         ANGELIX_RUN is not executed by test 52
WARNING  testing         ANGELIX_RUN is not executed by test 53
WARNING  testing         ANGELIX_RUN is not executed by test 54
WARNING  testing         ANGELIX_RUN is not executed by test 55
WARNING  testing         ANGELIX_RUN is not executed by test 56
WARNING  testing         ANGELIX_RUN is not executed by test 57
WARNING  testing         ANGELIX_RUN is not executed by test 58
WARNING  testing         ANGELIX_RUN is not executed by test 59
WARNING  testing         ANGELIX_RUN is not executed by test 60
WARNING  testing         ANGELIX_RUN is not executed by test 61
WARNING  testing         ANGELIX_RUN is not executed by test 62
WARNING  testing         ANGELIX_RUN is not executed by test 63
WARNING  testing         ANGELIX_RUN is not executed by test 64
WARNING  testing         ANGELIX_RUN is not executed by test 65
WARNING  testing         ANGELIX_RUN is not executed by test 66
WARNING  testing         ANGELIX_RUN is not executed by test 67
WARNING  testing         ANGELIX_RUN is not executed by test 68
WARNING  testing         ANGELIX_RUN is not executed by test 69
WARNING  testing         ANGELIX_RUN is not executed by test 70
WARNING  testing         ANGELIX_RUN is not executed by test 71
WARNING  testing         ANGELIX_RUN is not executed by test 72
WARNING  testing         ANGELIX_RUN is not executed by test 73
WARNING  testing         ANGELIX_RUN is not executed by test 74
WARNING  testing         ANGELIX_RUN is not executed by test 75
WARNING  testing         ANGELIX_RUN is not executed by test 76
WARNING  testing         ANGELIX_RUN is not executed by test 77
WARNING  testing         ANGELIX_RUN is not executed by test 78
WARNING  pymc3           Only 100 samples in chain.
INFO     pymc3           Sequential sampling (1 chains in 1 job)
INFO     pymc3           Metropolis: [p]
WARNING  guided_infer    DD failed (ebits)
SUCCESS
