[repair] benchmark: manybugs
[repair] subject: libtiff
[repair] version: 2010-12-13-96a5fb4-bdba15c
[repair] search: guided
[fetch] benchmark: manybugs
[fetch] subject: libtiff
[fetch] version: 2010-12-13-96a5fb4-bdba15c
[fetch] archive: libtiff-bug-2010-12-13-96a5fb4-bdba15c.tar.gz
[fetch] directory: libtiff-bug-2010-12-13-96a5fb4-bdba15c
--2019-07-30 22:40:19--  https://repairbenchmarks.cs.umass.edu/ManyBugs/scenarios//libtiff-bug-2010-12-13-96a5fb4-bdba15c.tar.gz
Resolving repairbenchmarks.cs.umass.edu (repairbenchmarks.cs.umass.edu)... 128.119.240.19
Connecting to repairbenchmarks.cs.umass.edu (repairbenchmarks.cs.umass.edu)|128.119.240.19|:443... connected.
HTTP request sent, awaiting response... 200 OK
Length: 18265474 (17M) [application/x-gzip]
Saving to: 'cache/libtiff-bug-2010-12-13-96a5fb4-bdba15c.tar.gz'

     0K .......... .......... .......... .......... ..........  0%  121K 2m27s
    50K .......... .......... .......... .......... ..........  0%  242K 1m50s
   100K .......... .......... .......... .......... ..........  0% 20.4M 73s
   150K .......... .......... .......... .......... ..........  1% 1.24M 58s
   200K .......... .......... .......... .......... ..........  1%  302K 58s
   250K .......... .......... .......... .......... ..........  1% 30.6M 48s
   300K .......... .......... .......... .......... ..........  1% 66.0M 41s
   350K .......... .......... .......... .......... ..........  2% 48.2M 36s
   400K .......... .......... .......... .......... ..........  2%  247K 40s
   450K .......... .......... .......... .......... ..........  2% 50.3M 36s
   500K .......... .......... .......... .......... ..........  3% 35.6M 33s
   550K .......... .......... .......... .......... ..........  3% 53.1M 30s
   600K .......... .......... .......... .......... ..........  3%  248K 33s
   650K .......... .......... .......... .......... ..........  3% 30.5M 30s
   700K .......... .......... .......... .......... ..........  4% 54.4M 28s
   750K .......... .......... .......... .......... ..........  4% 34.1M 26s
   800K .......... .......... .......... .......... ..........  4% 48.7M 25s
   850K .......... .......... .......... .......... ..........  5%  247K 27s
   900K .......... .......... .......... .......... ..........  5% 50.1M 26s
   950K .......... .......... .......... .......... ..........  5% 34.5M 24s
  1000K .......... .......... .......... .......... ..........  5% 36.4M 23s
  1050K .......... .......... .......... .......... ..........  6% 69.1M 22s
  1100K .......... .......... .......... .......... ..........  6% 1.28M 22s
  1150K .......... .......... .......... .......... ..........  6%  301K 23s
  1200K .......... .......... .......... .......... ..........  7% 85.5M 22s
  1250K .......... .......... .......... .......... ..........  7% 76.2M 21s
  1300K .......... .......... .......... .......... ..........  7% 64.0M 20s
  1350K .......... .......... .......... .......... ..........  7% 1.29M 20s
  1400K .......... .......... .......... .......... ..........  8%  300K 21s
  1450K .......... .......... .......... .......... ..........  8% 76.4M 20s
  1500K .......... .......... .......... .......... ..........  8% 76.2M 20s
  1550K .......... .......... .......... .......... ..........  8% 77.1M 19s
  1600K .......... .......... .......... .......... ..........  9% 70.6M 18s
  1650K .......... .......... .......... .......... ..........  9%  246K 20s
  1700K .......... .......... .......... .......... ..........  9% 68.4M 19s
  1750K .......... .......... .......... .......... .......... 10% 55.7M 18s
  1800K .......... .......... .......... .......... .......... 10%  110M 18s
  1850K .......... .......... .......... .......... .......... 10%  126M 17s
  1900K .......... .......... .......... .......... .......... 10% 1.32M 17s
  1950K .......... .......... .......... .......... .......... 11%  299K 18s
  2000K .......... .......... .......... .......... .......... 11% 60.7M 18s
  2050K .......... .......... .......... .......... .......... 11% 65.8M 17s
  2100K .......... .......... .......... .......... .......... 12% 77.6M 17s
  2150K .......... .......... .......... .......... .......... 12% 92.6M 16s
  2200K .......... .......... .......... .......... .......... 12% 1.33M 16s
  2250K .......... .......... .......... .......... .......... 12%  299K 17s
  2300K .......... .......... .......... .......... .......... 13% 64.0M 16s
  2350K .......... .......... .......... .......... .......... 13% 63.1M 16s
  2400K .......... .......... .......... .......... .......... 13% 60.6M 16s
  2450K .......... .......... .......... .......... .......... 14% 56.9M 15s
  2500K .......... .......... .......... .......... .......... 14%  248K 16s
  2550K .......... .......... .......... .......... .......... 14% 31.9M 16s
  2600K .......... .......... .......... .......... .......... 14% 62.2M 15s
  2650K .......... .......... .......... .......... .......... 15% 72.3M 15s
  2700K .......... .......... .......... .......... .......... 15% 81.7M 15s
  2750K .......... .......... .......... .......... .......... 15% 37.3M 14s
  2800K .......... .......... .......... .......... .......... 15%  248K 15s
  2850K .......... .......... .......... .......... .......... 16% 36.3M 15s
  2900K .......... .......... .......... .......... .......... 16% 61.2M 15s
  2950K .......... .......... .......... .......... .......... 16% 49.3M 14s
  3000K .......... .......... .......... .......... .......... 17% 74.1M 14s
  3050K .......... .......... .......... .......... .......... 17% 51.0M 14s
  3100K .......... .......... .......... .......... .......... 17%  102M 14s
  3150K .......... .......... .......... .......... .......... 17%  247K 14s
  3200K .......... .......... .......... .......... .......... 18% 37.2M 14s
  3250K .......... .......... .......... .......... .......... 18% 51.8M 14s
  3300K .......... .......... .......... .......... .......... 18%  110M 13s
  3350K .......... .......... .......... .......... .......... 19% 98.9M 13s
  3400K .......... .......... .......... .......... .......... 19% 33.9M 13s
  3450K .......... .......... .......... .......... .......... 19%  249K 14s
  3500K .......... .......... .......... .......... .......... 19% 31.4M 13s
  3550K .......... .......... .......... .......... .......... 20% 42.9M 13s
  3600K .......... .......... .......... .......... .......... 20% 48.1M 13s
  3650K .......... .......... .......... .......... .......... 20% 69.6M 13s
  3700K .......... .......... .......... .......... .......... 21% 47.2M 12s
  3750K .......... .......... .......... .......... .......... 21% 46.2M 12s
  3800K .......... .......... .......... .......... .......... 21%  249K 13s
  3850K .......... .......... .......... .......... .......... 21% 50.7M 13s
  3900K .......... .......... .......... .......... .......... 22% 59.3M 12s
  3950K .......... .......... .......... .......... .......... 22% 51.3M 12s
  4000K .......... .......... .......... .......... .......... 22% 73.0M 12s
  4050K .......... .......... .......... .......... .......... 22% 60.5M 12s
  4100K .......... .......... .......... .......... .......... 23% 68.2M 12s
  4150K .......... .......... .......... .......... .......... 23%  248K 12s
  4200K .......... .......... .......... .......... .......... 23% 43.8M 12s
  4250K .......... .......... .......... .......... .......... 24% 49.0M 12s
  4300K .......... .......... .......... .......... .......... 24% 57.5M 12s
  4350K .......... .......... .......... .......... .......... 24% 85.2M 11s
  4400K .......... .......... .......... .......... .......... 24% 71.5M 11s
  4450K .......... .......... .......... .......... .......... 25% 54.0M 11s
  4500K .......... .......... .......... .......... .......... 25%  249K 11s
  4550K .......... .......... .......... .......... .......... 25% 29.6M 11s
  4600K .......... .......... .......... .......... .......... 26% 52.7M 11s
  4650K .......... .......... .......... .......... .......... 26% 47.6M 11s
  4700K .......... .......... .......... .......... .......... 26% 55.3M 11s
  4750K .......... .......... .......... .......... .......... 26%  105M 11s
  4800K .......... .......... .......... .......... .......... 27% 84.2M 11s
  4850K .......... .......... .......... .......... .......... 27% 1.42M 10s
  4900K .......... .......... .......... .......... .......... 27%  298K 11s
  4950K .......... .......... .......... .......... .......... 28% 60.0M 11s
  5000K .......... .......... .......... .......... .......... 28% 37.9M 10s
  5050K .......... .......... .......... .......... .......... 28% 79.0M 10s
  5100K .......... .......... .......... .......... .......... 28% 57.1M 10s
  5150K .......... .......... .......... .......... .......... 29% 76.1M 10s
  5200K .......... .......... .......... .......... .......... 29% 69.9M 10s
  5250K .......... .......... .......... .......... .......... 29%  249K 10s
  5300K .......... .......... .......... .......... .......... 29% 42.2M 10s
  5350K .......... .......... .......... .......... .......... 30% 36.9M 10s
  5400K .......... .......... .......... .......... .......... 30% 59.0M 10s
  5450K .......... .......... .......... .......... .......... 30% 62.3M 10s
  5500K .......... .......... .......... .......... .......... 31% 89.6M 10s
  5550K .......... .......... .......... .......... .......... 31% 93.7M 9s
  5600K .......... .......... .......... .......... .......... 31%  251K 10s
  5650K .......... .......... .......... .......... .......... 31% 13.9M 10s
  5700K .......... .......... .......... .......... .......... 32% 66.9M 10s
  5750K .......... .......... .......... .......... .......... 32% 70.4M 9s
  5800K .......... .......... .......... .......... .......... 32% 57.8M 9s
  5850K .......... .......... .......... .......... .......... 33% 64.4M 9s
  5900K .......... .......... .......... .......... .......... 33% 67.0M 9s
  5950K .......... .......... .......... .......... .......... 33% 82.3M 9s
  6000K .......... .......... .......... .......... .......... 33%  248K 9s
  6050K .......... .......... .......... .......... .......... 34% 68.9M 9s
  6100K .......... .......... .......... .......... .......... 34% 72.5M 9s
  6150K .......... .......... .......... .......... .......... 34% 74.1M 9s
  6200K .......... .......... .......... .......... .......... 35% 45.5M 9s
  6250K .......... .......... .......... .......... .......... 35% 68.4M 9s
  6300K .......... .......... .......... .......... .......... 35% 76.8M 9s
  6350K .......... .......... .......... .......... .......... 35% 1.46M 9s
  6400K .......... .......... .......... .......... .......... 36%  296K 9s
  6450K .......... .......... .......... .......... .......... 36% 46.3M 9s
  6500K .......... .......... .......... .......... .......... 36% 69.0M 9s
  6550K .......... .......... .......... .......... .......... 37% 74.6M 8s
  6600K .......... .......... .......... .......... .......... 37% 66.0M 8s
  6650K .......... .......... .......... .......... .......... 37% 71.3M 8s
  6700K .......... .......... .......... .......... .......... 37% 1.48M 8s
  6750K .......... .......... .......... .......... .......... 38%  296K 8s
  6800K .......... .......... .......... .......... .......... 38% 43.3M 8s
  6850K .......... .......... .......... .......... .......... 38% 48.0M 8s
  6900K .......... .......... .......... .......... .......... 38% 68.8M 8s
  6950K .......... .......... .......... .......... .......... 39% 75.2M 8s
  7000K .......... .......... .......... .......... .......... 39% 65.1M 8s
  7050K .......... .......... .......... .......... .......... 39% 86.8M 8s
  7100K .......... .......... .......... .......... .......... 40%  248K 8s
  7150K .......... .......... .......... .......... .......... 40% 30.9M 8s
  7200K .......... .......... .......... .......... .......... 40% 63.1M 8s
  7250K .......... .......... .......... .......... .......... 40% 41.3M 8s
  7300K .......... .......... .......... .......... .......... 41% 72.4M 8s
  7350K .......... .......... .......... .......... .......... 41% 67.9M 8s
  7400K .......... .......... .......... .......... .......... 41% 80.6M 7s
  7450K .......... .......... .......... .......... .......... 42% 1.51M 7s
  7500K .......... .......... .......... .......... .......... 42%  295K 8s
  7550K .......... .......... .......... .......... .......... 42% 44.0M 8s
  7600K .......... .......... .......... .......... .......... 42% 46.2M 7s
  7650K .......... .......... .......... .......... .......... 43% 69.9M 7s
  7700K .......... .......... .......... .......... .......... 43% 74.7M 7s
  7750K .......... .......... .......... .......... .......... 43% 75.1M 7s
  7800K .......... .......... .......... .......... .......... 44% 63.2M 7s
  7850K .......... .......... .......... .......... .......... 44%  250K 7s
  7900K .......... .......... .......... .......... .......... 44% 25.1M 7s
  7950K .......... .......... .......... .......... .......... 44% 71.7M 7s
  8000K .......... .......... .......... .......... .......... 45% 40.1M 7s
  8050K .......... .......... .......... .......... .......... 45% 70.4M 7s
  8100K .......... .......... .......... .......... .......... 45% 78.6M 7s
  8150K .......... .......... .......... .......... .......... 45% 72.4M 7s
  8200K .......... .......... .......... .......... .......... 46% 1.52M 7s
  8250K .......... .......... .......... .......... .......... 46%  295K 7s
  8300K .......... .......... .......... .......... .......... 46% 28.6M 7s
  8350K .......... .......... .......... .......... .......... 47% 58.9M 7s
  8400K .......... .......... .......... .......... .......... 47% 68.8M 7s
  8450K .......... .......... .......... .......... .......... 47% 73.8M 7s
  8500K .......... .......... .......... .......... .......... 47% 66.2M 7s
  8550K .......... .......... .......... .......... .......... 48% 1.52M 6s
  8600K .......... .......... .......... .......... .......... 48%  295K 7s
  8650K .......... .......... .......... .......... .......... 48% 31.6M 7s
  8700K .......... .......... .......... .......... .......... 49% 69.1M 6s
  8750K .......... .......... .......... .......... .......... 49% 71.6M 6s
  8800K .......... .......... .......... .......... .......... 49% 60.2M 6s
  8850K .......... .......... .......... .......... .......... 49% 70.2M 6s
  8900K .......... .......... .......... .......... .......... 50% 67.5M 6s
  8950K .......... .......... .......... .......... .......... 50% 1.52M 6s
  9000K .......... .......... .......... .......... .......... 50%  295K 6s
  9050K .......... .......... .......... .......... .......... 51% 32.6M 6s
  9100K .......... .......... .......... .......... .......... 51% 58.1M 6s
  9150K .......... .......... .......... .......... .......... 51% 80.1M 6s
  9200K .......... .......... .......... .......... .......... 51% 52.9M 6s
  9250K .......... .......... .......... .......... .......... 52% 98.5M 6s
  9300K .......... .......... .......... .......... .......... 52% 75.9M 6s
  9350K .......... .......... .......... .......... .......... 52%  250K 6s
  9400K .......... .......... .......... .......... .......... 52% 28.2M 6s
  9450K .......... .......... .......... .......... .......... 53% 24.2M 6s
  9500K .......... .......... .......... .......... .......... 53% 81.7M 6s
  9550K .......... .......... .......... .......... .......... 53% 84.3M 6s
  9600K .......... .......... .......... .......... .......... 54% 46.6M 6s
  9650K .......... .......... .......... .......... .......... 54% 74.8M 6s
  9700K .......... .......... .......... .......... .......... 54% 1.54M 6s
  9750K .......... .......... .......... .......... .......... 54%  296K 6s
  9800K .......... .......... .......... .......... .......... 55% 22.2M 6s
  9850K .......... .......... .......... .......... .......... 55% 82.3M 5s
  9900K .......... .......... .......... .......... .......... 55% 89.6M 5s
  9950K .......... .......... .......... .......... .......... 56% 97.2M 5s
 10000K .......... .......... .......... .......... .......... 56% 44.3M 5s
 10050K .......... .......... .......... .......... .......... 56% 92.9M 5s
 10100K .......... .......... .......... .......... .......... 56%  256K 5s
 10150K .......... .......... .......... .......... .......... 57% 7.56M 5s
 10200K .......... .......... .......... .......... .......... 57% 31.5M 5s
 10250K .......... .......... .......... .......... .......... 57% 70.7M 5s
 10300K .......... .......... .......... .......... .......... 58% 73.7M 5s
 10350K .......... .......... .......... .......... .......... 58% 68.0M 5s
 10400K .......... .......... .......... .......... .......... 58% 85.0M 5s
 10450K .......... .......... .......... .......... .......... 58% 1.34M 5s
 10500K .......... .......... .......... .......... .......... 59%  303K 5s
 10550K .......... .......... .......... .......... .......... 59% 65.4M 5s
 10600K .......... .......... .......... .......... .......... 59% 28.8M 5s
 10650K .......... .......... .......... .......... .......... 59% 75.7M 5s
 10700K .......... .......... .......... .......... .......... 60% 70.1M 5s
 10750K .......... .......... .......... .......... .......... 60% 75.2M 5s
 10800K .......... .......... .......... .......... .......... 60% 63.0M 5s
 10850K .......... .......... .......... .......... .......... 61% 1.36M 5s
 10900K .......... .......... .......... .......... .......... 61%  302K 5s
 10950K .......... .......... .......... .......... .......... 61% 49.2M 5s
 11000K .......... .......... .......... .......... .......... 61% 38.6M 5s
 11050K .......... .......... .......... .......... .......... 62% 40.2M 5s
 11100K .......... .......... .......... .......... .......... 62% 72.8M 4s
 11150K .......... .......... .......... .......... .......... 62% 85.6M 4s
 11200K .......... .......... .......... .......... .......... 63% 47.8M 4s
 11250K .......... .......... .......... .......... .......... 63% 1.37M 4s
 11300K .......... .......... .......... .......... .......... 63%  303K 4s
 11350K .......... .......... .......... .......... .......... 63% 42.4M 4s
 11400K .......... .......... .......... .......... .......... 64% 48.0M 4s
 11450K .......... .......... .......... .......... .......... 64% 37.7M 4s
 11500K .......... .......... .......... .......... .......... 64% 86.5M 4s
 11550K .......... .......... .......... .......... .......... 65% 97.2M 4s
 11600K .......... .......... .......... .......... .......... 65% 48.0M 4s
 11650K .......... .......... .......... .......... .......... 65% 1.37M 4s
 11700K .......... .......... .......... .......... .......... 65%  303K 4s
 11750K .......... .......... .......... .......... .......... 66% 37.2M 4s
 11800K .......... .......... .......... .......... .......... 66% 32.8M 4s
 11850K .......... .......... .......... .......... .......... 66% 47.5M 4s
 11900K .......... .......... .......... .......... .......... 66%  103M 4s
 11950K .......... .......... .......... .......... .......... 67%  112M 4s
 12000K .......... .......... .......... .......... .......... 67% 37.7M 4s
 12050K .......... .......... .......... .......... .......... 67% 1.38M 4s
 12100K .......... .......... .......... .......... .......... 68%  303K 4s
 12150K .......... .......... .......... .......... .......... 68% 59.7M 4s
 12200K .......... .......... .......... .......... .......... 68% 29.3M 4s
 12250K .......... .......... .......... .......... .......... 68% 40.6M 4s
 12300K .......... .......... .......... .......... .......... 69% 85.9M 4s
 12350K .......... .......... .......... .......... .......... 69% 43.9M 4s
 12400K .......... .......... .......... .......... .......... 69% 24.2M 3s
 12450K .......... .......... .......... .......... .......... 70% 1.46M 3s
 12500K .......... .......... .......... .......... .......... 70%  302K 3s
 12550K .......... .......... .......... .......... .......... 70% 65.9M 3s
 12600K .......... .......... .......... .......... .......... 70% 31.1M 3s
 12650K .......... .......... .......... .......... .......... 71% 44.9M 3s
 12700K .......... .......... .......... .......... .......... 71% 56.6M 3s
 12750K .......... .......... .......... .......... .......... 71% 59.4M 3s
 12800K .......... .......... .......... .......... .......... 72% 21.7M 3s
 12850K .......... .......... .......... .......... .......... 72% 81.7M 3s
 12900K .......... .......... .......... .......... .......... 72%  261K 3s
 12950K .......... .......... .......... .......... .......... 72% 6.63M 3s
 13000K .......... .......... .......... .......... .......... 73% 36.6M 3s
 13050K .......... .......... .......... .......... .......... 73% 53.7M 3s
 13100K .......... .......... .......... .......... .......... 73% 46.7M 3s
 13150K .......... .......... .......... .......... .......... 74% 54.5M 3s
 13200K .......... .......... .......... .......... .......... 74% 31.7M 3s
 13250K .......... .......... .......... .......... .......... 74% 38.1M 3s
 13300K .......... .......... .......... .......... .......... 74% 1.39M 3s
 13350K .......... .......... .......... .......... .......... 75%  306K 3s
 13400K .......... .......... .......... .......... .......... 75% 42.8M 3s
 13450K .......... .......... .......... .......... .......... 75% 16.0M 3s
 13500K .......... .......... .......... .......... .......... 75% 62.8M 3s
 13550K .......... .......... .......... .......... .......... 76% 70.9M 3s
 13600K .......... .......... .......... .......... .......... 76% 66.4M 3s
 13650K .......... .......... .......... .......... .......... 76% 76.9M 3s
 13700K .......... .......... .......... .......... .......... 77% 52.6M 3s
 13750K .......... .......... .......... .......... .......... 77%  437K 3s
 13800K .......... .......... .......... .......... .......... 77%  591K 3s
 13850K .......... .......... .......... .......... .......... 77% 43.2M 3s
 13900K .......... .......... .......... .......... .......... 78% 11.2M 2s
 13950K .......... .......... .......... .......... .......... 78% 59.3M 2s
 14000K .......... .......... .......... .......... .......... 78% 60.5M 2s
 14050K .......... .......... .......... .......... .......... 79% 77.2M 2s
 14100K .......... .......... .......... .......... .......... 79% 91.2M 2s
 14150K .......... .......... .......... .......... .......... 79% 1.48M 2s
 14200K .......... .......... .......... .......... .......... 79%  313K 2s
 14250K .......... .......... .......... .......... .......... 80% 8.53M 2s
 14300K .......... .......... .......... .......... .......... 80% 63.7M 2s
 14350K .......... .......... .......... .......... .......... 80% 10.3M 2s
 14400K .......... .......... .......... .......... .......... 81% 92.8M 2s
 14450K .......... .......... .......... .......... .......... 81% 89.6M 2s
 14500K .......... .......... .......... .......... .......... 81%  101M 2s
 14550K .......... .......... .......... .......... .......... 81%  115M 2s
 14600K .......... .......... .......... .......... .......... 82% 1.45M 2s
 14650K .......... .......... .......... .......... .......... 82%  314K 2s
 14700K .......... .......... .......... .......... .......... 82% 8.32M 2s
 14750K .......... .......... .......... .......... .......... 82% 51.9M 2s
 14800K .......... .......... .......... .......... .......... 83% 10.0M 2s
 14850K .......... .......... .......... .......... .......... 83% 88.2M 2s
 14900K .......... .......... .......... .......... .......... 83% 91.3M 2s
 14950K .......... .......... .......... .......... .......... 84% 93.6M 2s
 15000K .......... .......... .......... .......... .......... 84% 76.7M 2s
 15050K .......... .......... .......... .......... .......... 84% 72.0M 2s
 15100K .......... .......... .......... .......... .......... 84%  438K 2s
 15150K .......... .......... .......... .......... .......... 85%  599K 2s
 15200K .......... .......... .......... .......... .......... 85% 50.3M 2s
 15250K .......... .......... .......... .......... .......... 85% 9.04M 2s
 15300K .......... .......... .......... .......... .......... 86% 50.1M 2s
 15350K .......... .......... .......... .......... .......... 86% 38.3M 2s
 15400K .......... .......... .......... .......... .......... 86% 31.3M 1s
 15450K .......... .......... .......... .......... .......... 86% 63.4M 1s
 15500K .......... .......... .......... .......... .......... 87% 49.8M 1s
 15550K .......... .......... .......... .......... .......... 87% 1.38M 1s
 15600K .......... .......... .......... .......... .......... 87%  314K 1s
 15650K .......... .......... .......... .......... .......... 88% 54.7M 1s
 15700K .......... .......... .......... .......... .......... 88% 10.7M 1s
 15750K .......... .......... .......... .......... .......... 88% 28.5M 1s
 15800K .......... .......... .......... .......... .......... 88% 30.9M 1s
 15850K .......... .......... .......... .......... .......... 89%  108M 1s
 15900K .......... .......... .......... .......... .......... 89% 36.6M 1s
 15950K .......... .......... .......... .......... .......... 89% 75.5M 1s
 16000K .......... .......... .......... .......... .......... 89% 1.36M 1s
 16050K .......... .......... .......... .......... .......... 90%  324K 1s
 16100K .......... .......... .......... .......... .......... 90% 8.60M 1s
 16150K .......... .......... .......... .......... .......... 90% 46.5M 1s
 16200K .......... .......... .......... .......... .......... 91% 10.0M 1s
 16250K .......... .......... .......... .......... .......... 91% 58.7M 1s
 16300K .......... .......... .......... .......... .......... 91% 31.9M 1s
 16350K .......... .......... .......... .......... .......... 91% 52.7M 1s
 16400K .......... .......... .......... .......... .......... 92% 41.5M 1s
 16450K .......... .......... .......... .......... .......... 92% 71.0M 1s
 16500K .......... .......... .......... .......... .......... 92% 1.38M 1s
 16550K .......... .......... .......... .......... .......... 93%  318K 1s
 16600K .......... .......... .......... .......... .......... 93% 20.4M 1s
 16650K .......... .......... .......... .......... .......... 93% 45.4M 1s
 16700K .......... .......... .......... .......... .......... 93% 10.3M 1s
 16750K .......... .......... .......... .......... .......... 94%  241K 1s
 16800K .......... .......... .......... .......... .......... 94% 73.9M 1s
 16850K .......... .......... .......... .......... .......... 94% 75.3M 1s
 16900K .......... .......... .......... .......... .......... 95% 77.6M 1s
 16950K .......... .......... .......... .......... .......... 95% 84.9M 1s
 17000K .......... .......... .......... .......... .......... 95% 80.7M 0s
 17050K .......... .......... .......... .......... .......... 95% 78.0M 0s
 17100K .......... .......... .......... .......... .......... 96% 81.9M 0s
 17150K .......... .......... .......... .......... .......... 96% 92.3M 0s
 17200K .......... .......... .......... .......... .......... 96% 76.0M 0s
 17250K .......... .......... .......... .......... .......... 96% 89.9M 0s
 17300K .......... .......... .......... .......... .......... 97% 97.3M 0s
 17350K .......... .......... .......... .......... .......... 97% 97.8M 0s
 17400K .......... .......... .......... .......... .......... 97% 87.2M 0s
 17450K .......... .......... .......... .......... .......... 98%  795K 0s
 17500K .......... .......... .......... .......... .......... 98%  390K 0s
 17550K .......... .......... .......... .......... .......... 98% 26.3M 0s
 17600K .......... .......... .......... .......... .......... 98% 8.34M 0s
 17650K .......... .......... .......... .......... .......... 99% 29.6M 0s
 17700K .......... .......... .......... .......... .......... 99% 41.0M 0s
 17750K .......... .......... .......... .......... .......... 99% 42.4M 0s
 17800K .......... .......... .......... .......              100% 19.7M=11s

2019-07-30 22:40:30 (1.65 MB/s) - 'cache/libtiff-bug-2010-12-13-96a5fb4-bdba15c.tar.gz' saved [18265474/18265474]

[fetch] preparing source code
[fetch] golden_directory: libtiff-fix-2010-12-13-96a5fb4-bdba15c
[fetch] clean-source libtiff-bug-2010-12-13-96a5fb4-bdba15c
[fetch] /angelix-experiments/libtiff-bug-2010-12-13-96a5fb4-bdba15c/libtiff/configure
[fetch] make clean
[fetch] clean-source libtiff-fix-2010-12-13-96a5fb4-bdba15c
[fetch] restore-buggy libtiff-bug-2010-12-13-96a5fb4-bdba15c
[fetch] /angelix-experiments/libtiff-fix-2010-12-13-96a5fb4-bdba15c/libtiff/configure
[fetch] make clean
[fetch] buggy: tools/tiffcrop.c
[fetch] buggy_preprocessed: libtiff-bug-2010-12-13-96a5fb4-bdba15c/libtiff/tools/tiffcrop.c
[fetch] buggy_version: 96a5fb4
[fetch] buggy_original: libtiff-bug-2010-12-13-96a5fb4-bdba15c/diffs/tools/tiffcrop.c-96a5fb4
[fetch] restore-correct libtiff-fix-2010-12-13-96a5fb4-bdba15c
[fetch] restored libtiff-fix-2010-12-13-96a5fb4-bdba15c/libtiff/tools/tiffcrop.c with libtiff-fix-2010-12-13-96a5fb4-bdba15c/diffs/tools/tiffcrop.c-bdba15c
[fetch] fetch done
[repair] options: --defect
if-conditions
loop-conditions
--angelic-search-strategy
guided
--search-max-trials
100
--max-same-cost-iter
20
--one-bit-flip-prob
0.5
--mcmc-beta
0.8
--penalty1
4
--penalty2
2
--default-max-cost
300000000
--default-non-zero-cost
300000000
--initial-tests
1
--suspicious
60  --ignore-lines --all-suspicious --group-size 1 --test-timeout 60 --klee-timeout 7200
[repair-libtiff] options:  --defect if-conditions loop-conditions --angelic-search-strategy guided --search-max-trials 100 --max-same-cost-iter 20 --one-bit-flip-prob 0.5 --mcmc-beta 0.8 --penalty1 4 --penalty2 2 --default-max-cost 300000000 --default-non-zero-cost 300000000 --initial-tests 1 --suspicious 60 --ignore-lines --all-suspicious --group-size 1 --test-timeout 60 --klee-timeout 7200
[repair-libtiff] instrument libtiff-bug-2010-12-13-96a5fb4-bdba15c/libtiff/test/Makefile.in
[repair-libtiff] instrument libtiff-bug-2010-12-13-96a5fb4-bdba15c/libtiff/tools/tiff2pdf.c
[repair-libtiff] instrument libtiff-bug-2010-12-13-96a5fb4-bdba15c/libtiff/tools/tiff2pdf.c
[repair-libtiff] instrument libtiff-bug-2010-12-13-96a5fb4-bdba15c/libtiff/tools/tiff2pdf.c
[repair-libtiff] instrument libtiff-bug-2010-12-13-96a5fb4-bdba15c/libtiff/tools/tiff2pdf.c
[repair-libtiff] instrument libtiff-bug-2010-12-13-96a5fb4-bdba15c/libtiff/libtiff/tif_error.c
[repair-libtiff] instrument libtiff-bug-2010-12-13-96a5fb4-bdba15c/libtiff/libtiff/tif_error.c
[repair-libtiff] instrument libtiff-fix-2010-12-13-96a5fb4-bdba15c/libtiff/test/Makefile.in
[repair-libtiff] instrument libtiff-fix-2010-12-13-96a5fb4-bdba15c/libtiff/tools/tiff2pdf.c
[repair-libtiff] instrument libtiff-fix-2010-12-13-96a5fb4-bdba15c/libtiff/tools/tiff2pdf.c
[repair-libtiff] instrument libtiff-fix-2010-12-13-96a5fb4-bdba15c/libtiff/tools/tiff2pdf.c
[repair-libtiff] instrument libtiff-fix-2010-12-13-96a5fb4-bdba15c/libtiff/tools/tiff2pdf.c
[repair-libtiff] instrument libtiff-fix-2010-12-13-96a5fb4-bdba15c/libtiff/libtiff/tif_error.c
[repair-libtiff] instrument libtiff-fix-2010-12-13-96a5fb4-bdba15c/libtiff/libtiff/tif_error.c
INFO     repair          copy libtiff-bug-2010-12-13-96a5fb4-bdba15c/libtiff to /angelix-experiments/.angelix/validation
INFO     project         configuring validation source
INFO     project         building json compilation database from validation source
INFO     testing         running test '1' of validation source
INFO     testing         output code: 0
INFO     testing         running test '2' of validation source
INFO     testing         output code: 0
INFO     testing         running test '3' of validation source
INFO     testing         output code: 0
INFO     testing         running test '4' of validation source
INFO     testing         output code: 0
INFO     testing         running test '5' of validation source
INFO     testing         output code: 0
INFO     testing         running test '6' of validation source
INFO     testing         output code: 0
INFO     testing         running test '7' of validation source
INFO     testing         output code: 0
INFO     testing         running test '8' of validation source
INFO     testing         output code: 0
INFO     testing         running test '9' of validation source
INFO     testing         output code: 0
INFO     testing         running test '10' of validation source
INFO     testing         output code: 0
INFO     testing         running test '11' of validation source
INFO     testing         output code: 0
INFO     testing         running test '12' of validation source
INFO     testing         output code: 0
INFO     testing         running test '13' of validation source
INFO     testing         output code: 0
INFO     testing         running test '14' of validation source
INFO     testing         output code: 0
INFO     testing         running test '15' of validation source
INFO     testing         output code: 0
INFO     testing         running test '16' of validation source
INFO     testing         output code: 0
INFO     testing         running test '17' of validation source
INFO     testing         output code: 0
INFO     testing         running test '18' of validation source
INFO     testing         output code: 0
INFO     testing         running test '19' of validation source
INFO     testing         output code: 0
INFO     testing         running test '20' of validation source
INFO     testing         output code: 0
INFO     testing         running test '21' of validation source
INFO     testing         output code: 0
INFO     testing         running test '22' of validation source
INFO     testing         output code: 0
INFO     testing         running test '23' of validation source
INFO     testing         output code: 0
INFO     testing         running test '24' of validation source
INFO     testing         output code: 0
INFO     testing         running test '25' of validation source
INFO     testing         output code: 0
INFO     testing         running test '26' of validation source
INFO     testing         output code: 0
INFO     testing         running test '27' of validation source
INFO     testing         output code: 0
INFO     testing         running test '28' of validation source
INFO     testing         output code: 0
INFO     testing         running test '29' of validation source
INFO     testing         output code: 0
INFO     testing         running test '30' of validation source
INFO     testing         output code: 0
INFO     testing         running test '31' of validation source
INFO     testing         output code: 0
INFO     testing         running test '32' of validation source
INFO     testing         output code: 0
INFO     testing         running test '33' of validation source
INFO     testing         output code: 0
INFO     testing         running test '34' of validation source
INFO     testing         output code: 0
INFO     testing         running test '35' of validation source
INFO     testing         output code: 0
INFO     testing         running test '36' of validation source
INFO     testing         output code: 0
INFO     testing         running test '37' of validation source
INFO     testing         output code: 0
INFO     testing         running test '38' of validation source
INFO     testing         output code: 0
INFO     testing         running test '39' of validation source
INFO     testing         output code: 0
INFO     testing         running test '40' of validation source
INFO     testing         output code: 0
INFO     testing         running test '41' of validation source
INFO     testing         output code: 0
INFO     testing         running test '42' of validation source
INFO     testing         output code: 0
INFO     testing         running test '43' of validation source
INFO     testing         output code: 0
INFO     testing         running test '44' of validation source
INFO     testing         output code: 0
INFO     testing         running test '45' of validation source
INFO     testing         output code: 0
INFO     testing         running test '46' of validation source
INFO     testing         output code: 0
INFO     testing         running test '47' of validation source
INFO     testing         output code: 0
INFO     testing         running test '48' of validation source
INFO     testing         output code: 0
INFO     testing         running test '49' of validation source
INFO     testing         output code: 1
INFO     testing         running test '50' of validation source
INFO     testing         output code: 0
INFO     testing         running test '51' of validation source
INFO     testing         output code: 0
INFO     testing         running test '52' of validation source
INFO     testing         output code: 0
INFO     testing         running test '53' of validation source
INFO     testing         output code: 0
INFO     testing         running test '54' of validation source
INFO     testing         output code: 0
INFO     testing         running test '55' of validation source
INFO     testing         output code: 0
INFO     testing         running test '56' of validation source
INFO     testing         output code: 0
INFO     testing         running test '57' of validation source
INFO     testing         output code: 0
INFO     testing         running test '58' of validation source
INFO     testing         output code: 0
INFO     testing         running test '59' of validation source
INFO     testing         output code: 0
INFO     testing         running test '60' of validation source
INFO     testing         output code: 0
INFO     testing         running test '61' of validation source
INFO     testing         output code: 0
INFO     testing         running test '62' of validation source
INFO     testing         output code: 0
INFO     testing         running test '63' of validation source
INFO     testing         output code: 0
INFO     testing         running test '64' of validation source
INFO     testing         output code: 0
INFO     testing         running test '65' of validation source
INFO     testing         output code: 0
INFO     testing         running test '66' of validation source
INFO     testing         output code: 0
INFO     testing         running test '67' of validation source
INFO     testing         output code: 0
INFO     testing         running test '68' of validation source
INFO     testing         output code: 0
INFO     testing         running test '69' of validation source
INFO     testing         output code: 0
INFO     testing         running test '70' of validation source
INFO     testing         output code: 0
INFO     testing         running test '71' of validation source
INFO     testing         output code: 0
INFO     testing         running test '72' of validation source
INFO     testing         output code: 0
INFO     testing         running test '73' of validation source
INFO     testing         output code: 0
INFO     testing         running test '74' of validation source
INFO     testing         output code: 0
INFO     testing         running test '75' of validation source
INFO     testing         output code: 0
INFO     testing         running test '76' of validation source
INFO     testing         output code: 0
INFO     testing         running test '77' of validation source
INFO     testing         output code: 0
INFO     testing         running test '78' of validation source
INFO     testing         output code: 0
INFO     project         configuring frontend source
INFO     transformation  instrumenting repairable of frontend source
INFO     project         building frontend source
INFO     repair          running positive tests for debugging
INFO     testing         running test '1' of frontend source
INFO     testing         output code: 0
WARNING  testing         ANGELIX_RUN is not executed by test 1
INFO     testing         running test '2' of frontend source
INFO     testing         output code: 0
WARNING  testing         ANGELIX_RUN is not executed by test 2
INFO     testing         running test '3' of frontend source
INFO     testing         output code: 0
WARNING  testing         ANGELIX_RUN is not executed by test 3
INFO     testing         running test '4' of frontend source
INFO     testing         output code: 0
WARNING  testing         ANGELIX_RUN is not executed by test 4
INFO     testing         running test '5' of frontend source
INFO     testing         output code: 0
WARNING  testing         ANGELIX_RUN is not executed by test 5
INFO     testing         running test '6' of frontend source
INFO     testing         output code: 0
WARNING  testing         ANGELIX_RUN is not executed by test 6
INFO     testing         running test '7' of frontend source
INFO     testing         output code: 0
WARNING  testing         ANGELIX_RUN is not executed by test 7
INFO     testing         running test '8' of frontend source
INFO     testing         output code: 0
WARNING  testing         ANGELIX_RUN is not executed by test 8
INFO     testing         running test '9' of frontend source
INFO     testing         output code: 0
WARNING  testing         ANGELIX_RUN is not executed by test 9
INFO     testing         running test '10' of frontend source
INFO     testing         output code: 0
WARNING  testing         ANGELIX_RUN is not executed by test 10
INFO     testing         running test '11' of frontend source
INFO     testing         output code: 0
WARNING  testing         ANGELIX_RUN is not executed by test 11
INFO     testing         running test '12' of frontend source
INFO     testing         output code: 0
WARNING  testing         ANGELIX_RUN is not executed by test 12
INFO     testing         running test '13' of frontend source
INFO     testing         output code: 0
WARNING  testing         ANGELIX_RUN is not executed by test 13
INFO     testing         running test '14' of frontend source
INFO     testing         output code: 0
WARNING  testing         ANGELIX_RUN is not executed by test 14
INFO     testing         running test '15' of frontend source
INFO     testing         output code: 0
WARNING  testing         ANGELIX_RUN is not executed by test 15
INFO     testing         running test '16' of frontend source
INFO     testing         output code: 0
WARNING  testing         ANGELIX_RUN is not executed by test 16
INFO     testing         running test '17' of frontend source
INFO     testing         output code: 0
WARNING  testing         ANGELIX_RUN is not executed by test 17
INFO     testing         running test '18' of frontend source
INFO     testing         output code: 0
WARNING  testing         ANGELIX_RUN is not executed by test 18
INFO     testing         running test '19' of frontend source
INFO     testing         output code: 0
WARNING  testing         ANGELIX_RUN is not executed by test 19
INFO     testing         running test '20' of frontend source
INFO     testing         output code: 0
WARNING  testing         ANGELIX_RUN is not executed by test 20
INFO     testing         running test '21' of frontend source
INFO     testing         output code: 0
WARNING  testing         ANGELIX_RUN is not executed by test 21
INFO     testing         running test '22' of frontend source
INFO     testing         output code: 0
INFO     testing         running test '23' of frontend source
INFO     testing         output code: 0
INFO     testing         running test '24' of frontend source
INFO     testing         output code: 0
WARNING  testing         ANGELIX_RUN is not executed by test 24
INFO     testing         running test '25' of frontend source
INFO     testing         output code: 0
WARNING  testing         ANGELIX_RUN is not executed by test 25
INFO     testing         running test '26' of frontend source
INFO     testing         output code: 0
WARNING  testing         ANGELIX_RUN is not executed by test 26
INFO     testing         running test '27' of frontend source
INFO     testing         output code: 0
WARNING  testing         ANGELIX_RUN is not executed by test 27
INFO     testing         running test '28' of frontend source
INFO     testing         output code: 0
INFO     testing         running test '29' of frontend source
INFO     testing         output code: 1
WARNING  testing         ANGELIX_RUN is not executed by test 29
INFO     testing         running test '30' of frontend source
INFO     testing         output code: 1
WARNING  testing         ANGELIX_RUN is not executed by test 30
INFO     testing         running test '31' of frontend source
INFO     testing         output code: 1
WARNING  testing         ANGELIX_RUN is not executed by test 31
INFO     testing         running test '32' of frontend source
INFO     testing         output code: 1
WARNING  testing         ANGELIX_RUN is not executed by test 32
INFO     testing         running test '33' of frontend source
INFO     testing         output code: 1
WARNING  testing         ANGELIX_RUN is not executed by test 33
INFO     testing         running test '34' of frontend source
INFO     testing         output code: 1
WARNING  testing         ANGELIX_RUN is not executed by test 34
INFO     testing         running test '35' of frontend source
INFO     testing         output code: 1
WARNING  testing         ANGELIX_RUN is not executed by test 35
INFO     testing         running test '36' of frontend source
INFO     testing         output code: 1
WARNING  testing         ANGELIX_RUN is not executed by test 36
INFO     testing         running test '37' of frontend source
INFO     testing         output code: 1
WARNING  testing         ANGELIX_RUN is not executed by test 37
INFO     testing         running test '38' of frontend source
INFO     testing         output code: 1
WARNING  testing         ANGELIX_RUN is not executed by test 38
INFO     testing         running test '39' of frontend source
INFO     testing         output code: 0
INFO     testing         running test '40' of frontend source
INFO     testing         output code: 0
INFO     testing         running test '41' of frontend source
INFO     testing         output code: 0
INFO     testing         running test '42' of frontend source
INFO     testing         output code: 1
WARNING  testing         ANGELIX_RUN is not executed by test 42
INFO     testing         running test '43' of frontend source
INFO     testing         output code: 0
INFO     testing         running test '44' of frontend source
INFO     testing         output code: 0
INFO     testing         running test '45' of frontend source
INFO     testing         output code: 0
INFO     testing         running test '46' of frontend source
INFO     testing         output code: 0
INFO     testing         running test '47' of frontend source
INFO     testing         output code: 0
INFO     testing         running test '48' of frontend source
INFO     testing         output code: 0
INFO     testing         running test '50' of frontend source
INFO     testing         output code: 1
WARNING  testing         ANGELIX_RUN is not executed by test 50
INFO     testing         running test '51' of frontend source
INFO     testing         output code: 1
WARNING  testing         ANGELIX_RUN is not executed by test 51
INFO     testing         running test '52' of frontend source
INFO     testing         output code: 1
WARNING  testing         ANGELIX_RUN is not executed by test 52
INFO     testing         running test '53' of frontend source
INFO     testing         output code: 1
WARNING  testing         ANGELIX_RUN is not executed by test 53
INFO     testing         running test '54' of frontend source
INFO     testing         output code: 1
WARNING  testing         ANGELIX_RUN is not executed by test 54
INFO     testing         running test '55' of frontend source
INFO     testing         output code: 1
WARNING  testing         ANGELIX_RUN is not executed by test 55
INFO     testing         running test '56' of frontend source
INFO     testing         output code: 1
WARNING  testing         ANGELIX_RUN is not executed by test 56
INFO     testing         running test '57' of frontend source
INFO     testing         output code: 1
WARNING  testing         ANGELIX_RUN is not executed by test 57
INFO     testing         running test '58' of frontend source
INFO     testing         output code: 1
WARNING  testing         ANGELIX_RUN is not executed by test 58
INFO     testing         running test '59' of frontend source
INFO     testing         output code: 1
WARNING  testing         ANGELIX_RUN is not executed by test 59
INFO     testing         running test '60' of frontend source
INFO     testing         output code: 1
WARNING  testing         ANGELIX_RUN is not executed by test 60
INFO     testing         running test '61' of frontend source
INFO     testing         output code: 1
WARNING  testing         ANGELIX_RUN is not executed by test 61
INFO     testing         running test '62' of frontend source
INFO     testing         output code: 1
WARNING  testing         ANGELIX_RUN is not executed by test 62
INFO     testing         running test '63' of frontend source
INFO     testing         output code: 1
WARNING  testing         ANGELIX_RUN is not executed by test 63
INFO     testing         running test '64' of frontend source
INFO     testing         output code: 1
WARNING  testing         ANGELIX_RUN is not executed by test 64
INFO     testing         running test '65' of frontend source
INFO     testing         output code: 1
WARNING  testing         ANGELIX_RUN is not executed by test 65
INFO     testing         running test '66' of frontend source
INFO     testing         output code: 1
WARNING  testing         ANGELIX_RUN is not executed by test 66
INFO     testing         running test '67' of frontend source
INFO     testing         output code: 1
WARNING  testing         ANGELIX_RUN is not executed by test 67
INFO     testing         running test '68' of frontend source
INFO     testing         output code: 1
WARNING  testing         ANGELIX_RUN is not executed by test 68
INFO     testing         running test '69' of frontend source
INFO     testing         output code: 0
WARNING  testing         ANGELIX_RUN is not executed by test 69
INFO     testing         running test '70' of frontend source
INFO     testing         output code: 0
WARNING  testing         ANGELIX_RUN is not executed by test 70
INFO     testing         running test '71' of frontend source
INFO     testing         output code: 0
WARNING  testing         ANGELIX_RUN is not executed by test 71
INFO     testing         running test '72' of frontend source
INFO     testing         output code: 0
WARNING  testing         ANGELIX_RUN is not executed by test 72
INFO     testing         running test '73' of frontend source
INFO     testing         output code: 0
WARNING  testing         ANGELIX_RUN is not executed by test 73
INFO     testing         running test '74' of frontend source
INFO     testing         output code: 0
WARNING  testing         ANGELIX_RUN is not executed by test 74
INFO     testing         running test '75' of frontend source
INFO     testing         output code: 0
WARNING  testing         ANGELIX_RUN is not executed by test 75
INFO     testing         running test '76' of frontend source
INFO     testing         output code: 0
WARNING  testing         ANGELIX_RUN is not executed by test 76
INFO     testing         running test '77' of frontend source
INFO     testing         output code: 0
WARNING  testing         ANGELIX_RUN is not executed by test 77
INFO     testing         running test '78' of frontend source
INFO     testing         output code: 0
WARNING  testing         ANGELIX_RUN is not executed by test 78
INFO     repair          running negative tests for debugging
INFO     testing         running test '49' of frontend source
INFO     testing         output code: 1
INFO     project         configuring golden source
INFO     project         building golden source
INFO     testing         running test '49' of golden source
INFO     testing         output code: 0
INFO     repair          repair test suite: ['22', '23', '28', '39', '40', '41', '43', '44', '45', '46', '47', '48', '49']
INFO     repair          validation test suite: ['1', '2', '3', '4', '5', '6', '7', '8', '9', '10', '11', '12', '13', '14', '15', '16', '17', '18', '19', '20', '21', '22', '23', '24', '25', '26', '27', '28', '29', '30', '31', '32', '33', '34', '35', '36', '37', '38', '39', '40', '41', '42', '43', '44', '45', '46', '47', '48', '49', '50', '51', '52', '53', '54', '55', '56', '57', '58', '59', '60', '61', '62', '63', '64', '65', '66', '67', '68', '69', '70', '71', '72', '73', '74', '75', '76', '77', '78']
INFO     localization    selected expressions [(2006, 21, 2006, 59)] with group score 1.0 
INFO     localization    selected expressions [(2016, 21, 2016, 59)] with group score 1.0 
INFO     localization    selected expressions [(5358, 16, 5358, 38)] with group score 1.0 
INFO     localization    selected expressions [(5366, 16, 5366, 34)] with group score 1.0 
INFO     localization    selected expressions [(6256, 10, 6256, 14)] with group score 1.0 
INFO     localization    selected expressions [(6266, 34, 6266, 41)] with group score 1.0 
INFO     localization    selected expressions [(6336, 16, 6336, 37)] with group score 1.0 
INFO     localization    selected expressions [(2637, 7, 2637, 36)] with group score 0.14286 
INFO     localization    selected expressions [(2643, 7, 2643, 37)] with group score 0.14286 
INFO     localization    selected expressions [(2649, 7, 2649, 32)] with group score 0.14286 
INFO     localization    selected expressions [(2660, 7, 2660, 16)] with group score 0.14286 
INFO     localization    selected expressions [(1101, 17, 1101, 23)] with group score 0.1 
INFO     localization    selected expressions [(1433, 7, 1433, 16)] with group score 0.1 
INFO     localization    selected expressions [(1436, 14, 1436, 23)] with group score 0.1 
INFO     localization    selected expressions [(1439, 14, 1439, 23)] with group score 0.1 
INFO     localization    selected expressions [(1454, 7, 1454, 16)] with group score 0.1 
INFO     localization    selected expressions [(1468, 7, 1468, 16)] with group score 0.1 
INFO     localization    selected expressions [(2043, 7, 2043, 7)] with group score 0.1 
INFO     localization    selected expressions [(2057, 9, 2057, 9)] with group score 0.1 
INFO     localization    selected expressions [(2148, 7, 2148, 23)] with group score 0.1 
INFO     localization    selected expressions [(2151, 7, 2151, 26)] with group score 0.1 
INFO     localization    selected expressions [(2156, 10, 2156, 26)] with group score 0.1 
INFO     localization    selected expressions [(2159, 9, 2159, 15)] with group score 0.1 
INFO     localization    selected expressions [(2164, 9, 2164, 24)] with group score 0.1 
INFO     localization    selected expressions [(2184, 9, 2184, 34)] with group score 0.1 
INFO     localization    selected expressions [(2187, 9, 2187, 31)] with group score 0.1 
INFO     localization    selected expressions [(2197, 9, 2197, 19)] with group score 0.1 
INFO     localization    selected expressions [(2206, 12, 2206, 28)] with group score 0.1 
INFO     localization    selected expressions [(2217, 11, 2217, 26)] with group score 0.1 
INFO     localization    selected expressions [(2255, 11, 2255, 16)] with group score 0.1 
INFO     localization    selected expressions [(2266, 11, 2266, 32)] with group score 0.1 
INFO     localization    selected expressions [(2278, 11, 2278, 29)] with group score 0.1 
INFO     localization    selected expressions [(2294, 11, 2294, 24)] with group score 0.1 
INFO     localization    selected expressions [(2296, 13, 2296, 31)] with group score 0.1 
INFO     localization    selected expressions [(2343, 11, 2343, 26)] with group score 0.1 
INFO     localization    selected expressions [(2351, 11, 2351, 34)] with group score 0.1 
INFO     localization    selected expressions [(2362, 7, 2362, 7)] with group score 0.1 
INFO     localization    selected expressions [(2365, 7, 2365, 7)] with group score 0.1 
INFO     localization    selected expressions [(2368, 7, 2368, 7)] with group score 0.1 
INFO     localization    selected expressions [(2372, 17, 2372, 28)] with group score 0.1 
INFO     localization    selected expressions [(2375, 7, 2375, 22)] with group score 0.1 
INFO     localization    selected expressions [(3595, 19, 3595, 27)] with group score 0.1 
INFO     localization    selected expressions [(3599, 10, 3599, 30)] with group score 0.1 
INFO     localization    selected expressions [(3603, 9, 3603, 28)] with group score 0.1 
INFO     localization    selected expressions [(4886, 16, 4886, 20)] with group score 0.1 
INFO     localization    selected expressions [(4897, 16, 4897, 20)] with group score 0.1 
INFO     localization    selected expressions [(4931, 16, 4931, 20)] with group score 0.1 
INFO     localization    selected expressions [(4942, 16, 4942, 20)] with group score 0.1 
INFO     localization    selected expressions [(5311, 7, 5311, 24)] with group score 0.1 
INFO     localization    selected expressions [(5342, 15, 5342, 25)] with group score 0.1 
INFO     localization    selected expressions [(5450, 7, 5450, 24)] with group score 0.1 
INFO     localization    selected expressions [(5888, 7, 5888, 30)] with group score 0.1 
INFO     localization    selected expressions [(5940, 9, 5940, 25)] with group score 0.1 
INFO     localization    selected expressions [(5946, 7, 5946, 28)] with group score 0.1 
INFO     localization    selected expressions [(5954, 9, 5954, 30)] with group score 0.1 
INFO     localization    selected expressions [(5970, 7, 5970, 8)] with group score 0.1 
INFO     localization    selected expressions [(5987, 7, 5987, 8)] with group score 0.1 
INFO     localization    selected expressions [(6002, 14, 6002, 24)] with group score 0.1 
INFO     localization    selected expressions [(6042, 7, 6042, 50)] with group score 0.1 
INFO     localization    selected expressions [(6151, 15, 6151, 25)] with group score 0.1 
INFO     localization    selected expressions [(6341, 7, 6341, 31)] with group score 0.1 
INFO     localization    selected expressions [(7193, 7, 7193, 25)] with group score 0.1 
INFO     localization    selected expressions [(7197, 9, 7197, 10)] with group score 0.1 
INFO     localization    selected expressions [(7215, 9, 7215, 10)] with group score 0.1 
INFO     localization    selected expressions [(7571, 9, 7571, 30)] with group score 0.1 
INFO     localization    selected expressions [(7581, 7, 7581, 22)] with group score 0.1 
INFO     localization    selected expressions [(7600, 9, 7600, 61)] with group score 0.1 
INFO     localization    selected expressions [(7618, 7, 7621, 45)] with group score 0.1 
INFO     localization    selected expressions [(7628, 7, 7628, 20)] with group score 0.1 
INFO     localization    selected expressions [(7649, 7, 7649, 7)] with group score 0.1 
INFO     localization    selected expressions [(7692, 7, 7692, 14)] with group score 0.1 
INFO     localization    selected expressions [(7780, 7, 7780, 7)] with group score 0.1 
INFO     localization    selected expressions [(7795, 9, 7795, 19)] with group score 0.1 
INFO     repair          considering suspicious expressions [(2006, 21, 2006, 59)]
INFO     reduction       all failing tests: ['49']
INFO     reduction       select 1 best tests from ['49']
INFO     reduction       select 0 best tests from ['22', '23', '28', '39', '40', '41', '43', '44', '45', '46', '47', '48']
INFO     reduction       selected 1 tests
INFO     reduction       selected passing tests: []
INFO     reduction       selected failing tests: ['49']
INFO     guided_infer    inferring specification for test '49' through guided search
INFO     guided_infer    init sample: [array([0, 6])] / (1, 2)
INFO     pymc3           Sequential sampling (1 chains in 1 job)
INFO     pymc3           Metropolis: [p]
INFO     guided_infer    trial #1
INFO     guided_infer    used 0.0% of sample space
INFO     guided_infer    q0s: [array([0, 6])] / [3] / (1, 2)
INFO     testing         running test '49' of frontend source
INFO     testing         output code: 1
INFO     guided_infer    qs: [array([0, 1])] / [3] / (1, 2)
INFO     testing         running test '49' of frontend source
INFO     testing         output code: 0
INFO     guided_infer    found an angelic path for test '49'
INFO     guided_infer    angelic: [(array([0, 0]), 1)]
INFO     guided_infer    init: [(array([0, 6]), 3)]
INFO     guided_infer    all_deltas (locs): [0]
INFO     guided_infer    test([]) = FAIL
INFO     guided_infer    deltas (locs): [0]
INFO     testing         running test '49' of frontend source
INFO     testing         output code: 0
INFO     guided_infer    test([0]) = PASS
INFO     DD              dd done
INFO     guided_infer    one_minimal (locs): [0]
INFO     guided_infer    angelic (bits): (array([0, 0]), 1)
INFO     guided_infer    init (bits): (array([0, 6]), 3)
INFO     guided_infer    all_deltas (bits): [63]
INFO     guided_infer    deltas (bit): [63]
INFO     guided_infer    test([63]) = FAIL
WARNING  guided_infer    DD failed (ebits)
INFO     guided_infer    one_minimal (bits): []
INFO     synthesis       synthesizing patch with component level 'alternatives'
INFO     synthesis       fixing expression (2006, 21, 2006, 59): ((opt_ptr != 0) && (i < 8)) ---> ((opt_ptr != 0) && (i < i))
INFO     repair          candidate fix synthesized
INFO     transformation  applying patch to validation source
INFO     project         building validation source
INFO     testing         running test '1' of validation source
INFO     testing         output code: 0
INFO     testing         running test '2' of validation source
INFO     testing         output code: 0
INFO     testing         running test '3' of validation source
INFO     testing         output code: 0
INFO     testing         running test '4' of validation source
INFO     testing         output code: 0
INFO     testing         running test '5' of validation source
INFO     testing         output code: 0
INFO     testing         running test '6' of validation source
INFO     testing         output code: 0
INFO     testing         running test '7' of validation source
INFO     testing         output code: 0
INFO     testing         running test '8' of validation source
INFO     testing         output code: 0
INFO     testing         running test '9' of validation source
INFO     testing         output code: 0
INFO     testing         running test '10' of validation source
INFO     testing         output code: 0
INFO     testing         running test '11' of validation source
INFO     testing         output code: 0
INFO     testing         running test '12' of validation source
INFO     testing         output code: 0
INFO     testing         running test '13' of validation source
INFO     testing         output code: 0
INFO     testing         running test '14' of validation source
INFO     testing         output code: 0
INFO     testing         running test '15' of validation source
INFO     testing         output code: 0
INFO     testing         running test '16' of validation source
INFO     testing         output code: 0
INFO     testing         running test '17' of validation source
INFO     testing         output code: 0
INFO     testing         running test '18' of validation source
INFO     testing         output code: 0
INFO     testing         running test '19' of validation source
INFO     testing         output code: 0
INFO     testing         running test '20' of validation source
INFO     testing         output code: 0
INFO     testing         running test '21' of validation source
INFO     testing         output code: 0
INFO     testing         running test '22' of validation source
INFO     testing         output code: 0
INFO     testing         running test '23' of validation source
INFO     testing         output code: 0
INFO     testing         running test '24' of validation source
INFO     testing         output code: 0
INFO     testing         running test '25' of validation source
INFO     testing         output code: 0
INFO     testing         running test '26' of validation source
INFO     testing         output code: 0
INFO     testing         running test '27' of validation source
INFO     testing         output code: 0
INFO     testing         running test '28' of validation source
INFO     testing         output code: 0
INFO     testing         running test '29' of validation source
INFO     testing         output code: 0
INFO     testing         running test '30' of validation source
INFO     testing         output code: 0
INFO     testing         running test '31' of validation source
INFO     testing         output code: 0
INFO     testing         running test '32' of validation source
INFO     testing         output code: 0
INFO     testing         running test '33' of validation source
INFO     testing         output code: 0
INFO     testing         running test '34' of validation source
INFO     testing         output code: 0
INFO     testing         running test '35' of validation source
INFO     testing         output code: 0
INFO     testing         running test '36' of validation source
INFO     testing         output code: 0
INFO     testing         running test '37' of validation source
INFO     testing         output code: 0
INFO     testing         running test '38' of validation source
INFO     testing         output code: 0
INFO     testing         running test '39' of validation source
INFO     testing         output code: 0
INFO     testing         running test '40' of validation source
INFO     testing         output code: 0
INFO     testing         running test '41' of validation source
INFO     testing         output code: 0
INFO     testing         running test '42' of validation source
INFO     testing         output code: 0
INFO     testing         running test '43' of validation source
INFO     testing         output code: 0
INFO     testing         running test '44' of validation source
INFO     testing         output code: 0
INFO     testing         running test '45' of validation source
INFO     testing         output code: 0
INFO     testing         running test '46' of validation source
INFO     testing         output code: 0
INFO     testing         running test '47' of validation source
INFO     testing         output code: 0
INFO     testing         running test '48' of validation source
INFO     testing         output code: 0
INFO     testing         running test '49' of validation source
INFO     testing         output code: 0
INFO     testing         running test '50' of validation source
INFO     testing         output code: 0
INFO     testing         running test '51' of validation source
INFO     testing         output code: 0
INFO     testing         running test '52' of validation source
INFO     testing         output code: 0
INFO     testing         running test '53' of validation source
INFO     testing         output code: 0
INFO     testing         running test '54' of validation source
INFO     testing         output code: 0
INFO     testing         running test '55' of validation source
INFO     testing         output code: 0
INFO     testing         running test '56' of validation source
INFO     testing         output code: 0
INFO     testing         running test '57' of validation source
INFO     testing         output code: 0
INFO     testing         running test '58' of validation source
INFO     testing         output code: 0
INFO     testing         running test '59' of validation source
INFO     testing         output code: 0
INFO     testing         running test '60' of validation source
INFO     testing         output code: 0
INFO     testing         running test '61' of validation source
INFO     testing         output code: 0
INFO     testing         running test '62' of validation source
INFO     testing         output code: 0
INFO     testing         running test '63' of validation source
INFO     testing         output code: 0
INFO     testing         running test '64' of validation source
INFO     testing         output code: 0
INFO     testing         running test '65' of validation source
INFO     testing         output code: 0
INFO     testing         running test '66' of validation source
INFO     testing         output code: 0
INFO     testing         running test '67' of validation source
INFO     testing         output code: 0
INFO     testing         running test '68' of validation source
INFO     testing         output code: 0
INFO     testing         running test '69' of validation source
INFO     testing         output code: 0
INFO     testing         running test '70' of validation source
INFO     testing         output code: 0
INFO     testing         running test '71' of validation source
INFO     testing         output code: 0
INFO     testing         running test '72' of validation source
INFO     testing         output code: 0
INFO     testing         running test '73' of validation source
INFO     testing         output code: 0
INFO     testing         running test '74' of validation source
INFO     testing         output code: 0
INFO     testing         running test '75' of validation source
INFO     testing         output code: 0
INFO     testing         running test '76' of validation source
INFO     testing         output code: 0
INFO     testing         running test '77' of validation source
INFO     testing         output code: 0
INFO     testing         running test '78' of validation source
INFO     testing         output code: 0
INFO     repair          patch successfully generated in 1m 28s (see libtiff-2019-Jul30-224249.patch)
SUCCESS
