[repair] benchmark: manybugs
[repair] subject: gzip
[repair] version: 2009-09-26-a1d3d4019d-f17cbd13a1
[repair] search: symbolic
[fetch] benchmark: manybugs
[fetch] subject: gzip
[fetch] version: 2009-09-26-a1d3d4019d-f17cbd13a1
[fetch] archive: gzip-bug-2009-09-26-a1d3d4019d-f17cbd13a1.tar.gz
[fetch] directory: gzip-bug-2009-09-26-a1d3d4019d-f17cbd13a1
[fetch] preparing source code
[fetch] golden_directory: gzip-fix-2009-09-26-a1d3d4019d-f17cbd13a1
[fetch] clean-source gzip-bug-2009-09-26-a1d3d4019d-f17cbd13a1
[fetch] /angelix-experiments/gzip-bug-2009-09-26-a1d3d4019d-f17cbd13a1/gzip/configure
[fetch] make -j 72 clean
[fetch] clean-source gzip-fix-2009-09-26-a1d3d4019d-f17cbd13a1
[fetch] restore-buggy gzip-bug-2009-09-26-a1d3d4019d-f17cbd13a1
[fetch] /angelix-experiments/gzip-fix-2009-09-26-a1d3d4019d-f17cbd13a1/gzip/configure
[fetch] make -j 72 clean
[fetch] restore-buggy entered
[fetch] buggy: gzip.c
[fetch] buggy_version: a1d3d4019d
[fetch] buggy_preprocessed: gzip-bug-2009-09-26-a1d3d4019d-f17cbd13a1/gzip/gzip.c
[fetch] buggy_original: gzip-bug-2009-09-26-a1d3d4019d-f17cbd13a1/diffs/gzip.c-a1d3d4019d
[fetch] cp gzip-bug-2009-09-26-a1d3d4019d-f17cbd13a1/diffs/gzip.c-a1d3d4019d gzip-bug-2009-09-26-a1d3d4019d-f17cbd13a1/gzip/gzip.c
[fetch] restore-correct gzip-fix-2009-09-26-a1d3d4019d-f17cbd13a1
[fetch] restore-correct entered
[fetch] cp gzip-fix-2009-09-26-a1d3d4019d-f17cbd13a1/diffs/gzip.c-f17cbd13a1 gzip-fix-2009-09-26-a1d3d4019d-f17cbd13a1/gzip/gzip.c
[fetch] restored gzip-fix-2009-09-26-a1d3d4019d-f17cbd13a1/gzip/gzip.c with gzip-fix-2009-09-26-a1d3d4019d-f17cbd13a1/diffs/gzip.c-f17cbd13a1
[fetch] fetch done
[repair] [repair] options: --symbolic --ignore-lines
--lines
653
--group-size
1
--klee-max-forks
200
--synthesis-level
variables
--use-nsynth
--synthesis-global-vars
--test-timeout
60
--all-tests
--ignore-trans-errors
--angelic-search-strategy
symbolic
--klee-solver-timeout
100
--klee-search
dfs  --timeout 14400 --show-suspicious-locations --group-size 1 --defect if-conditions loop-conditions
[repair-gzip] options:  --ignore-lines --lines 653 --group-size 1 --klee-max-forks 200 --synthesis-level variables --use-nsynth --synthesis-global-vars --test-timeout 60 --all-tests --ignore-trans-errors --angelic-search-strategy symbolic --klee-solver-timeout 100 --klee-search dfs --timeout 14400 --show-suspicious-locations --group-size 1 --defect if-conditions loop-conditions
[repair-gzip] cleaning gzip-bug-2009-09-26-a1d3d4019d-f17cbd13a1/gzip ...
[repair-gzip] cleaning gzip-fix-2009-09-26-a1d3d4019d-f17cbd13a1/gzip ...
INFO     repair          copy gzip-bug-2009-09-26-a1d3d4019d-f17cbd13a1/gzip to /angelix-experiments/.angelix/validation
INFO     project         configuring validation source
INFO     project         building json compilation database from validation source
INFO     testing         running test '1' of validation source
INFO     testing         output code: 1
INFO     testing         running test '2' of validation source
INFO     testing         output code: 1
INFO     testing         running test '3' of validation source
INFO     testing         output code: 0
INFO     testing         running test '4' of validation source
INFO     testing         output code: 0
INFO     testing         running test '5' of validation source
INFO     testing         output code: 1
INFO     testing         running test '6' of validation source
INFO     testing         output code: 0
INFO     testing         running test '7' of validation source
INFO     testing         output code: 1
INFO     testing         running test '8' of validation source
INFO     testing         output code: 1
INFO     testing         running test '9' of validation source
INFO     testing         output code: 1
INFO     testing         running test '10' of validation source
INFO     testing         output code: 1
INFO     testing         running test '11' of validation source
INFO     testing         output code: 1
INFO     testing         running test '12' of validation source
INFO     testing         output code: 1
INFO     testing         running test '13' of validation source
INFO     testing         output code: 1
INFO     project         configuring golden source
INFO     project         building golden source
INFO     testing         running test '1' of golden source
INFO     testing         output code: 1
INFO     testing         running test '2' of golden source
INFO     testing         output code: 1
INFO     testing         running test '5' of golden source
INFO     testing         output code: 1
INFO     testing         running test '7' of golden source
INFO     testing         output code: 1
INFO     testing         running test '8' of golden source
INFO     testing         output code: 0
INFO     testing         running test '9' of golden source
INFO     testing         output code: 1
INFO     testing         running test '10' of golden source
INFO     testing         output code: 1
INFO     testing         running test '11' of golden source
INFO     testing         output code: 1
INFO     testing         running test '12' of golden source
INFO     testing         output code: 1
INFO     testing         running test '13' of golden source
INFO     testing         output code: 1
WARNING  repair          excluding test 1 because it fails in golden version
WARNING  repair          excluding test 2 because it fails in golden version
WARNING  repair          excluding test 5 because it fails in golden version
WARNING  repair          excluding test 7 because it fails in golden version
WARNING  repair          excluding test 9 because it fails in golden version
WARNING  repair          excluding test 10 because it fails in golden version
WARNING  repair          excluding test 11 because it fails in golden version
WARNING  repair          excluding test 12 because it fails in golden version
WARNING  repair          excluding test 13 because it fails in golden version
INFO     repair          positive: ['3', '4', '6']
INFO     repair          negative: ['8']
INFO     project         configuring frontend source
INFO     transformation  instrumenting repairable of frontend source
WARNING  transformation  transformation of .angelix/frontend failed
INFO     project         building frontend source
INFO     repair          running positive tests for debugging
INFO     testing         running test '3' of frontend source
INFO     testing         output code: 0
INFO     testing         running test '4' of frontend source
INFO     testing         output code: 0
WARNING  testing         ANGELIX_RUN is not executed by test 4
INFO     testing         running test '6' of frontend source
INFO     testing         output code: 0
INFO     repair          running negative tests for debugging
INFO     testing         running test '8' of frontend source
INFO     testing         output code: 1
INFO     project         configuring golden source
INFO     project         building golden source
INFO     testing         running test '8' of golden source
INFO     testing         output code: 0
INFO     repair          repair test suite: ['3', '6', '8']
INFO     repair          validation test suite: ['3', '4', '6', '8']
INFO     localization    (loc, score) = (('I', (572, 6, 572, 59)), 1.0)
INFO     localization    (loc, score) = (('I', (1266, 9, 1266, 18)), 1.0)
INFO     localization    (loc, score) = (('I', (733, 9, 733, 11)), 1.0)
INFO     localization    (loc, score) = (('L', (1805, 15, 1805, 19)), 1.0)
INFO     localization    (loc, score) = (('I', (612, 9, 612, 20)), 1.0)
INFO     localization    (loc, score) = (('I', (548, 9, 548, 48)), 1.0)
INFO     localization    (loc, score) = (('I', (595, 7, 595, 16)), 1.0)
INFO     localization    (loc, score) = (('I', (1046, 7, 1046, 12)), 1.0)
INFO     localization    (loc, score) = (('I', (425, 9, 425, 13)), 1.0)
INFO     localization    (loc, score) = (('I', (788, 9, 788, 32)), 1.0)
INFO     localization    (loc, score) = (('I', (1321, 6, 1321, 21)), 1.0)
INFO     localization    (loc, score) = (('I', (537, 9, 537, 19)), 1.0)
INFO     localization    (loc, score) = (('I', (592, 7, 592, 22)), 1.0)
INFO     localization    (loc, score) = (('I', (1027, 7, 1027, 22)), 1.0)
INFO     localization    (loc, score) = (('I', (571, 9, 571, 23)), 1.0)
INFO     localization    (loc, score) = (('I', (637, 9, 637, 49)), 1.0)
INFO     localization    (loc, score) = (('L', (575, 16, 575, 25)), 1.0)
INFO     localization    (loc, score) = (('I', (806, 9, 806, 9)), 1.0)
INFO     localization    (loc, score) = (('I', (634, 9, 634, 24)), 1.0)
INFO     localization    (loc, score) = (('L', (1794, 15, 1794, 19)), 1.0)
INFO     localization    (loc, score) = (('I', (1808, 6, 1808, 11)), 1.0)
INFO     localization    (loc, score) = (('I', (799, 9, 799, 9)), 1.0)
INFO     localization    (loc, score) = (('I', (817, 9, 817, 9)), 1.0)
INFO     localization    (loc, score) = (('I', (543, 9, 543, 19)), 1.0)
INFO     localization    (loc, score) = (('I', (430, 9, 430, 16)), 1.0)
INFO     localization    (loc, score) = (('I', (553, 9, 553, 20)), 1.0)
INFO     localization    (loc, score) = (('I', (801, 6, 801, 15)), 1.0)
INFO     localization    (loc, score) = (('I', (829, 9, 829, 10)), 1.0)
INFO     localization    (loc, score) = (('I', (659, 9, 659, 9)), 1.0)
INFO     localization    (loc, score) = (('I', (854, 9, 854, 10)), 1.0)
INFO     localization    (loc, score) = (('I', (1832, 9, 1832, 9)), 1.0)
INFO     localization    (loc, score) = (('I', (651, 9, 651, 21)), 1.0)
INFO     localization    (loc, score) = (('I', (1090, 9, 1090, 14)), 1.0)
INFO     localization    (loc, score) = (('I', (715, 9, 715, 15)), 1.0)
INFO     localization    (loc, score) = (('I', (597, 11, 597, 21)), 1.0)
INFO     localization    (loc, score) = (('I', (1414, 9, 1414, 19)), 1.0)
INFO     localization    (loc, score) = (('I', (536, 9, 536, 19)), 1.0)
INFO     localization    (loc, score) = (('I', (831, 9, 831, 9)), 1.0)
INFO     localization    (loc, score) = (('I', (1862, 7, 1862, 12)), 1.0)
INFO     localization    (loc, score) = (('I', (1379, 6, 1379, 17)), 1.0)
INFO     localization    (loc, score) = (('I', (1286, 6, 1286, 16)), 1.0)
INFO     localization    (loc, score) = (('I', (886, 8, 886, 8)), 1.0)
INFO     localization    (loc, score) = (('I', (782, 9, 782, 21)), 1.0)
INFO     localization    (loc, score) = (('I', (1266, 9, 1266, 18), '0'), 0.0)
INFO     localization    (loc, score) = (('I', (571, 9, 571, 23), '1'), 0.0)
INFO     localization    (loc, score) = (('I', (799, 9, 799, 9), '1'), 0.0)
INFO     localization    (loc, score) = (('I', (817, 9, 817, 9), '1'), 0.0)
INFO     localization    (loc, score) = (('I', (733, 9, 733, 11), '0'), 0.0)
INFO     localization    (loc, score) = (('I', (806, 9, 806, 9), '0'), 0.0)
INFO     localization    (loc, score) = (('I', (537, 9, 537, 19), '1'), 0.0)
INFO     localization    (loc, score) = (('I', (612, 9, 612, 20), '1'), 0.0)
INFO     localization    (loc, score) = (('I', (553, 9, 553, 20), '0'), 0.0)
INFO     localization    (loc, score) = (('I', (801, 6, 801, 15), '0'), 0.0)
INFO     localization    (loc, score) = (('I', (659, 9, 659, 9), '0'), 0.0)
INFO     localization    (loc, score) = (('I', (831, 9, 831, 9), '0'), 0.0)
INFO     localization    (loc, score) = (('I', (1414, 9, 1414, 19), '1'), 0.0)
INFO     localization    (loc, score) = (('I', (1321, 6, 1321, 21), '0'), 0.0)
INFO     localization    (loc, score) = (('I', (536, 9, 536, 19), '1'), 0.0)
INFO     localization    (loc, score) = (('I', (592, 7, 592, 22), '1'), 0.0)
INFO     localization    (loc, score) = (('I', (581, 9, 581, 40), '0'), 0.0)
INFO     localization    (loc, score) = (('I', (1027, 7, 1027, 22), '0'), 0.0)
INFO     localization    (loc, score) = (('I', (571, 9, 571, 23), '0'), 0.0)
INFO     localization    (loc, score) = (('I', (651, 9, 651, 21), '1'), 0.0)
INFO     localization    (loc, score) = (('I', (637, 9, 637, 49), '1'), 0.0)
INFO     localization    (loc, score) = (('I', (572, 6, 572, 59), '1'), 0.0)
INFO     localization    (loc, score) = (('L', (1805, 15, 1805, 19), '1'), 0.0)
INFO     localization    (loc, score) = (('I', (1832, 9, 1832, 9), '0'), 0.0)
INFO     localization    (loc, score) = (('I', (715, 9, 715, 15), '0'), 0.0)
INFO     localization    (loc, score) = (('L', (1794, 15, 1794, 19), '0'), 0.0)
INFO     localization    (loc, score) = (('I', (1046, 7, 1046, 12), '1'), 0.0)
INFO     localization    (loc, score) = (('I', (1286, 6, 1286, 16), '0'), 0.0)
INFO     localization    (loc, score) = (('I', (829, 9, 829, 10), '1'), 0.0)
INFO     localization    (loc, score) = (('I', (543, 9, 543, 19), '0'), 0.0)
INFO     localization    (loc, score) = (('L', (1794, 15, 1794, 19), '1'), 0.0)
INFO     localization    (loc, score) = (('I', (425, 9, 425, 13), '0'), 0.0)
INFO     localization    (loc, score) = (('I', (548, 9, 548, 48), '0'), 0.0)
INFO     localization    (loc, score) = (('I', (782, 9, 782, 21), '0'), 0.0)
INFO     localization    (loc, score) = (('I', (1350, 10, 1350, 55), '1'), 0.0)
INFO     localization    (loc, score) = (('I', (683, 9, 683, 9), '0'), 0.0)
INFO     localization    (loc, score) = (('I', (430, 9, 430, 16), '0'), 0.0)
INFO     localization    (loc, score) = (('I', (1862, 7, 1862, 12), '0'), 0.0)
INFO     localization    (loc, score) = (('I', (788, 9, 788, 32), '1'), 0.0)
INFO     localization    (loc, score) = (('I', (1808, 6, 1808, 11), '1'), 0.0)
INFO     localization    (loc, score) = (('I', (1090, 9, 1090, 14), '1'), 0.0)
INFO     localization    (loc, score) = (('I', (665, 9, 665, 9), '0'), 0.0)
INFO     localization    (loc, score) = (('L', (575, 16, 575, 25), '1'), 0.0)
INFO     localization    (loc, score) = (('L', (1805, 15, 1805, 19), '0'), 0.0)
INFO     localization    (loc, score) = (('I', (1808, 6, 1808, 11), '0'), 0.0)
INFO     localization    (loc, score) = (('I', (1379, 6, 1379, 17), '1'), 0.0)
INFO     localization    (loc, score) = (('I', (634, 9, 634, 24), '1'), 0.0)
INFO     localization    group 1: [('I', (425, 9, 425, 13))] (1.0)
INFO     localization    group 2: [('I', (537, 9, 537, 19))] (1.0)
INFO     localization    group 3: [('I', (548, 9, 548, 48))] (1.0)
INFO     localization    group 4: [('I', (571, 9, 571, 23))] (1.0)
INFO     localization    group 5: [('I', (572, 6, 572, 59))] (1.0)
INFO     localization    group 6: [('L', (575, 16, 575, 25))] (1.0)
INFO     localization    group 7: [('I', (592, 7, 592, 22))] (1.0)
INFO     localization    group 8: [('I', (595, 7, 595, 16))] (1.0)
INFO     localization    group 9: [('I', (612, 9, 612, 20))] (1.0)
INFO     localization    group 10: [('I', (634, 9, 634, 24))] (1.0)
INFO     localization    group 11: [('I', (637, 9, 637, 49))] (1.0)
INFO     localization    group 12: [('I', (733, 9, 733, 11))] (1.0)
INFO     localization    group 13: [('I', (788, 9, 788, 32))] (1.0)
INFO     localization    group 14: [('I', (806, 9, 806, 9))] (1.0)
INFO     localization    group 15: [('I', (1027, 7, 1027, 22))] (1.0)
INFO     localization    group 16: [('I', (1046, 7, 1046, 12))] (1.0)
INFO     localization    group 17: [('I', (1266, 9, 1266, 18))] (1.0)
INFO     localization    group 18: [('I', (1321, 6, 1321, 21))] (1.0)
INFO     localization    group 19: [('L', (1794, 15, 1794, 19))] (1.0)
INFO     localization    group 20: [('L', (1805, 15, 1805, 19))] (1.0)
INFO     localization    selected expressions [('I', (425, 9, 425, 13))] with group score 1.0 
INFO     localization    selected expressions [('I', (537, 9, 537, 19))] with group score 1.0 
INFO     localization    selected expressions [('I', (548, 9, 548, 48))] with group score 1.0 
INFO     localization    selected expressions [('I', (571, 9, 571, 23))] with group score 1.0 
INFO     localization    selected expressions [('I', (572, 6, 572, 59))] with group score 1.0 
INFO     localization    selected expressions [('L', (575, 16, 575, 25))] with group score 1.0 
INFO     localization    selected expressions [('I', (592, 7, 592, 22))] with group score 1.0 
INFO     localization    selected expressions [('I', (595, 7, 595, 16))] with group score 1.0 
INFO     localization    selected expressions [('I', (612, 9, 612, 20))] with group score 1.0 
INFO     localization    selected expressions [('I', (634, 9, 634, 24))] with group score 1.0 
INFO     localization    selected expressions [('I', (637, 9, 637, 49))] with group score 1.0 
INFO     localization    selected expressions [('I', (733, 9, 733, 11))] with group score 1.0 
INFO     localization    selected expressions [('I', (788, 9, 788, 32))] with group score 1.0 
INFO     localization    selected expressions [('I', (806, 9, 806, 9))] with group score 1.0 
INFO     localization    selected expressions [('I', (1027, 7, 1027, 22))] with group score 1.0 
INFO     localization    selected expressions [('I', (1046, 7, 1046, 12))] with group score 1.0 
INFO     localization    selected expressions [('I', (1266, 9, 1266, 18))] with group score 1.0 
INFO     localization    selected expressions [('I', (1321, 6, 1321, 21))] with group score 1.0 
INFO     localization    selected expressions [('L', (1794, 15, 1794, 19))] with group score 1.0 
INFO     localization    selected expressions [('L', (1805, 15, 1805, 19))] with group score 1.0 
INFO     repair          considering suspicious locations [('I', (425, 9, 425, 13))]
INFO     reduction       all failing tests: ['8']
INFO     reduction       selected 3 tests
INFO     reduction       selected passing tests: ['3', '6']
INFO     reduction       selected failing tests: ['8']
INFO     project         configuring backend source
INFO     transformation  instrumenting suspicious of backend source
WARNING  transformation  transformation of .angelix/backend failed
INFO     project         building backend source
INFO     sym_infer       inferring specification for test '8' through KLEE
INFO     testing         running test '8' of backend source with KLEE
INFO     testing         output code: 1
INFO     sym_infer       checking whether /angelix-experiments/.angelix/backend/klee-out-0 exists...
INFO     sym_infer       solving path .angelix/backend/klee-out-0/test000001.smt2
INFO     sym_infer       value 'stdout' executed 0 times while 1 required
INFO     sym_infer       solving path .angelix/backend/klee-out-0/test000002.smt2
INFO     sym_infer       value 'stdout' executed 0 times while 1 required
INFO     sym_infer       found 0 angelic paths for test '8'
INFO     repair          considering suspicious locations [('I', (537, 9, 537, 19))]
INFO     reduction       all failing tests: ['8']
INFO     reduction       selected 3 tests
INFO     reduction       selected passing tests: ['3', '6']
INFO     reduction       selected failing tests: ['8']
INFO     project         configuring backend source
INFO     transformation  instrumenting suspicious of backend source
INFO     project         building backend source
INFO     sym_infer       inferring specification for test '8' through KLEE
INFO     testing         running test '8' of backend source with KLEE
INFO     testing         output code: 1
INFO     sym_infer       checking whether /angelix-experiments/.angelix/backend/klee-out-0 exists...
INFO     sym_infer       solving path .angelix/backend/klee-out-0/test000001.smt2
INFO     sym_infer       value 'stdout' executed 0 times while 1 required
INFO     sym_infer       solving path .angelix/backend/klee-out-0/test000002.smt2
INFO     sym_infer       value 'stdout' executed 0 times while 1 required
INFO     sym_infer       found 0 angelic paths for test '8'
INFO     repair          considering suspicious locations [('I', (548, 9, 548, 48))]
INFO     reduction       all failing tests: ['8']
INFO     reduction       selected 3 tests
INFO     reduction       selected passing tests: ['3', '6']
INFO     reduction       selected failing tests: ['8']
INFO     project         configuring backend source
INFO     transformation  instrumenting suspicious of backend source
INFO     project         building backend source
INFO     sym_infer       inferring specification for test '8' through KLEE
INFO     testing         running test '8' of backend source with KLEE
INFO     testing         output code: 1
INFO     sym_infer       checking whether /angelix-experiments/.angelix/backend/klee-out-0 exists...
INFO     sym_infer       solving path .angelix/backend/klee-out-0/test000001.smt2
INFO     sym_infer       value 'stdout' executed 0 times while 1 required
INFO     sym_infer       solving path .angelix/backend/klee-out-0/test000002.smt2
INFO     sym_infer       value 'stdout' executed 0 times while 1 required
INFO     sym_infer       found 0 angelic paths for test '8'
INFO     repair          considering suspicious locations [('I', (571, 9, 571, 23))]
INFO     reduction       all failing tests: ['8']
INFO     reduction       selected 3 tests
INFO     reduction       selected passing tests: ['3', '6']
INFO     reduction       selected failing tests: ['8']
INFO     project         configuring backend source
INFO     transformation  instrumenting suspicious of backend source
INFO     project         building backend source
INFO     sym_infer       inferring specification for test '8' through KLEE
INFO     testing         running test '8' of backend source with KLEE
INFO     testing         output code: 1
INFO     sym_infer       checking whether /angelix-experiments/.angelix/backend/klee-out-0 exists...
INFO     sym_infer       solving path .angelix/backend/klee-out-0/test000001.smt2
INFO     sym_infer       expression (571, 9, 571, 23)[0]: angelic = 0
INFO     testing         running test '8' of frontend source
INFO     testing         output code: 1
INFO     sym_infer       spurious angelic path
INFO     sym_infer       solving path .angelix/backend/klee-out-0/test000002.smt2
INFO     sym_infer       value 'stdout' executed 0 times while 1 required
INFO     sym_infer       found 0 angelic paths for test '8'
INFO     repair          considering suspicious locations [('I', (572, 6, 572, 59))]
INFO     reduction       all failing tests: ['8']
INFO     reduction       selected 3 tests
INFO     reduction       selected passing tests: ['3', '6']
INFO     reduction       selected failing tests: ['8']
INFO     project         configuring backend source
INFO     transformation  instrumenting suspicious of backend source
INFO     project         building backend source
INFO     sym_infer       inferring specification for test '8' through KLEE
INFO     testing         running test '8' of backend source with KLEE
INFO     testing         output code: 1
INFO     sym_infer       checking whether /angelix-experiments/.angelix/backend/klee-out-0 exists...
INFO     sym_infer       solving path .angelix/backend/klee-out-0/test000001.smt2
INFO     sym_infer       value 'stdout' executed 0 times while 1 required
INFO     sym_infer       found 0 angelic paths for test '8'
INFO     repair          considering suspicious locations [('L', (575, 16, 575, 25))]
INFO     reduction       all failing tests: ['8']
INFO     reduction       selected 3 tests
INFO     reduction       selected passing tests: ['3', '6']
INFO     reduction       selected failing tests: ['8']
INFO     project         configuring backend source
INFO     transformation  instrumenting suspicious of backend source
INFO     project         building backend source
INFO     sym_infer       inferring specification for test '8' through KLEE
INFO     testing         running test '8' of backend source with KLEE
INFO     testing         output code: 1
INFO     sym_infer       checking whether /angelix-experiments/.angelix/backend/klee-out-0 exists...
INFO     sym_infer       solving path .angelix/backend/klee-out-0/test000001.smt2
INFO     sym_infer       expression (575, 16, 575, 25)[0]: angelic = 0
INFO     testing         running test '8' of frontend source
INFO     testing         output code: 1
INFO     sym_infer       spurious angelic path
INFO     sym_infer       solving path .angelix/backend/klee-out-0/test000002.smt2
INFO     sym_infer       solving path .angelix/backend/klee-out-0/test000003.smt2
INFO     sym_infer       value 'stdout' executed 0 times while 1 required
INFO     sym_infer       found 0 angelic paths for test '8'
INFO     repair          considering suspicious locations [('I', (592, 7, 592, 22))]
INFO     reduction       all failing tests: ['8']
INFO     reduction       selected 3 tests
INFO     reduction       selected passing tests: ['3', '6']
INFO     reduction       selected failing tests: ['8']
INFO     project         configuring backend source
INFO     transformation  instrumenting suspicious of backend source
INFO     project         building backend source
INFO     sym_infer       inferring specification for test '8' through KLEE
INFO     testing         running test '8' of backend source with KLEE
INFO     testing         output code: 1
INFO     sym_infer       checking whether /angelix-experiments/.angelix/backend/klee-out-0 exists...
INFO     sym_infer       solving path .angelix/backend/klee-out-0/test000001.smt2
INFO     sym_infer       value 'stdout' executed 0 times while 1 required
INFO     sym_infer       solving path .angelix/backend/klee-out-0/test000002.smt2
INFO     sym_infer       value 'stdout' executed 0 times while 1 required
INFO     sym_infer       found 0 angelic paths for test '8'
INFO     repair          considering suspicious locations [('I', (595, 7, 595, 16))]
INFO     reduction       all failing tests: ['8']
INFO     reduction       selected 3 tests
INFO     reduction       selected passing tests: ['3', '6']
INFO     reduction       selected failing tests: ['8']
INFO     project         configuring backend source
INFO     transformation  instrumenting suspicious of backend source
INFO     project         building backend source
INFO     sym_infer       inferring specification for test '8' through KLEE
INFO     testing         running test '8' of backend source with KLEE
INFO     testing         output code: 1
INFO     sym_infer       checking whether /angelix-experiments/.angelix/backend/klee-out-0 exists...
INFO     sym_infer       solving path .angelix/backend/klee-out-0/test000001.smt2
INFO     sym_infer       value 'stdout' executed 0 times while 1 required
INFO     sym_infer       solving path .angelix/backend/klee-out-0/test000002.smt2
INFO     sym_infer       value 'stdout' executed 0 times while 1 required
INFO     sym_infer       found 0 angelic paths for test '8'
INFO     repair          considering suspicious locations [('I', (612, 9, 612, 20))]
INFO     reduction       all failing tests: ['8']
INFO     reduction       selected 3 tests
INFO     reduction       selected passing tests: ['3', '6']
INFO     reduction       selected failing tests: ['8']
INFO     project         configuring backend source
INFO     transformation  instrumenting suspicious of backend source
INFO     project         building backend source
INFO     sym_infer       inferring specification for test '8' through KLEE
INFO     testing         running test '8' of backend source with KLEE
INFO     testing         output code: 1
INFO     sym_infer       checking whether /angelix-experiments/.angelix/backend/klee-out-0 exists...
INFO     sym_infer       solving path .angelix/backend/klee-out-0/test000001.smt2
INFO     sym_infer       value 'stdout' executed 0 times while 1 required
INFO     sym_infer       solving path .angelix/backend/klee-out-0/test000002.smt2
INFO     sym_infer       value 'stdout' executed 0 times while 1 required
INFO     sym_infer       found 0 angelic paths for test '8'
INFO     repair          considering suspicious locations [('I', (634, 9, 634, 24))]
INFO     reduction       all failing tests: ['8']
INFO     reduction       selected 3 tests
INFO     reduction       selected passing tests: ['3', '6']
INFO     reduction       selected failing tests: ['8']
INFO     project         configuring backend source
INFO     transformation  instrumenting suspicious of backend source
INFO     project         building backend source
INFO     sym_infer       inferring specification for test '8' through KLEE
INFO     testing         running test '8' of backend source with KLEE
INFO     testing         output code: 1
INFO     sym_infer       checking whether /angelix-experiments/.angelix/backend/klee-out-0 exists...
INFO     sym_infer       solving path .angelix/backend/klee-out-0/test000001.smt2
INFO     sym_infer       value 'stdout' executed 0 times while 1 required
INFO     sym_infer       found 0 angelic paths for test '8'
INFO     repair          considering suspicious locations [('I', (637, 9, 637, 49))]
INFO     reduction       all failing tests: ['8']
INFO     reduction       selected 3 tests
INFO     reduction       selected passing tests: ['3', '6']
INFO     reduction       selected failing tests: ['8']
INFO     project         configuring backend source
INFO     transformation  instrumenting suspicious of backend source
INFO     project         building backend source
INFO     sym_infer       inferring specification for test '8' through KLEE
INFO     testing         running test '8' of backend source with KLEE
INFO     testing         output code: 1
INFO     sym_infer       checking whether /angelix-experiments/.angelix/backend/klee-out-0 exists...
INFO     sym_infer       solving path .angelix/backend/klee-out-0/test000001.smt2
INFO     sym_infer       value 'stdout' executed 0 times while 1 required
INFO     sym_infer       found 0 angelic paths for test '8'
INFO     repair          considering suspicious locations [('I', (733, 9, 733, 11))]
INFO     reduction       all failing tests: ['8']
INFO     reduction       selected 3 tests
INFO     reduction       selected passing tests: ['3', '6']
INFO     reduction       selected failing tests: ['8']
INFO     project         configuring backend source
INFO     transformation  instrumenting suspicious of backend source
INFO     project         building backend source
INFO     sym_infer       inferring specification for test '8' through KLEE
INFO     testing         running test '8' of backend source with KLEE
INFO     testing         output code: 1
INFO     sym_infer       checking whether /angelix-experiments/.angelix/backend/klee-out-0 exists...
INFO     sym_infer       solving path .angelix/backend/klee-out-0/test000001.smt2
INFO     sym_infer       value 'stdout' executed 0 times while 1 required
INFO     sym_infer       solving path .angelix/backend/klee-out-0/test000002.smt2
INFO     sym_infer       value 'stdout' executed 0 times while 1 required
INFO     sym_infer       found 0 angelic paths for test '8'
INFO     repair          considering suspicious locations [('I', (788, 9, 788, 32))]
INFO     reduction       all failing tests: ['8']
INFO     reduction       selected 3 tests
INFO     reduction       selected passing tests: ['3', '6']
INFO     reduction       selected failing tests: ['8']
INFO     project         configuring backend source
INFO     transformation  instrumenting suspicious of backend source
INFO     project         building backend source
INFO     sym_infer       inferring specification for test '8' through KLEE
INFO     testing         running test '8' of backend source with KLEE
INFO     testing         output code: 1
INFO     sym_infer       checking whether /angelix-experiments/.angelix/backend/klee-out-0 exists...
INFO     sym_infer       solving path .angelix/backend/klee-out-0/test000001.smt2
INFO     sym_infer       value 'stdout' executed 0 times while 1 required
INFO     sym_infer       solving path .angelix/backend/klee-out-0/test000002.smt2
INFO     sym_infer       value 'stdout' executed 0 times while 1 required
INFO     sym_infer       found 0 angelic paths for test '8'
INFO     repair          considering suspicious locations [('I', (806, 9, 806, 9))]
INFO     reduction       all failing tests: ['8']
INFO     reduction       selected 3 tests
INFO     reduction       selected passing tests: ['3', '6']
INFO     reduction       selected failing tests: ['8']
INFO     project         configuring backend source
INFO     transformation  instrumenting suspicious of backend source
INFO     project         building backend source
INFO     sym_infer       inferring specification for test '8' through KLEE
INFO     testing         running test '8' of backend source with KLEE
INFO     testing         output code: 1
INFO     sym_infer       checking whether /angelix-experiments/.angelix/backend/klee-out-0 exists...
INFO     sym_infer       solving path .angelix/backend/klee-out-0/test000001.smt2
INFO     sym_infer       value 'stdout' executed 0 times while 1 required
INFO     sym_infer       solving path .angelix/backend/klee-out-0/test000002.smt2
INFO     sym_infer       value 'stdout' executed 0 times while 1 required
INFO     sym_infer       found 0 angelic paths for test '8'
INFO     repair          considering suspicious locations [('I', (1027, 7, 1027, 22))]
INFO     reduction       all failing tests: ['8']
INFO     reduction       selected 3 tests
INFO     reduction       selected passing tests: ['3', '6']
INFO     reduction       selected failing tests: ['8']
INFO     project         configuring backend source
INFO     transformation  instrumenting suspicious of backend source
INFO     project         building backend source
INFO     sym_infer       inferring specification for test '8' through KLEE
INFO     testing         running test '8' of backend source with KLEE
INFO     testing         output code: 1
INFO     sym_infer       checking whether /angelix-experiments/.angelix/backend/klee-out-0 exists...
INFO     sym_infer       solving path .angelix/backend/klee-out-0/test000001.smt2
INFO     sym_infer       value 'stdout' executed 0 times while 1 required
INFO     sym_infer       solving path .angelix/backend/klee-out-0/test000002.smt2
INFO     sym_infer       value 'stdout' executed 0 times while 1 required
INFO     sym_infer       found 0 angelic paths for test '8'
INFO     repair          considering suspicious locations [('I', (1046, 7, 1046, 12))]
INFO     reduction       all failing tests: ['8']
INFO     reduction       selected 3 tests
INFO     reduction       selected passing tests: ['3', '6']
INFO     reduction       selected failing tests: ['8']
INFO     project         configuring backend source
INFO     transformation  instrumenting suspicious of backend source
INFO     project         building backend source
INFO     sym_infer       inferring specification for test '8' through KLEE
INFO     testing         running test '8' of backend source with KLEE
INFO     testing         output code: 1
INFO     sym_infer       checking whether /angelix-experiments/.angelix/backend/klee-out-0 exists...
INFO     sym_infer       solving path .angelix/backend/klee-out-0/test000001.smt2
INFO     sym_infer       value 'stdout' executed 0 times while 1 required
INFO     sym_infer       solving path .angelix/backend/klee-out-0/test000002.smt2
INFO     sym_infer       value 'stdout' executed 0 times while 1 required
INFO     sym_infer       found 0 angelic paths for test '8'
INFO     repair          considering suspicious locations [('I', (1266, 9, 1266, 18))]
INFO     reduction       all failing tests: ['8']
INFO     reduction       selected 3 tests
INFO     reduction       selected passing tests: ['3', '6']
INFO     reduction       selected failing tests: ['8']
INFO     project         configuring backend source
INFO     transformation  instrumenting suspicious of backend source
INFO     project         building backend source
INFO     sym_infer       inferring specification for test '8' through KLEE
INFO     testing         running test '8' of backend source with KLEE
INFO     testing         output code: 1
INFO     sym_infer       checking whether /angelix-experiments/.angelix/backend/klee-out-0 exists...
INFO     sym_infer       solving path .angelix/backend/klee-out-0/test000001.smt2
INFO     sym_infer       value 'stdout' executed 0 times while 1 required
INFO     sym_infer       solving path .angelix/backend/klee-out-0/test000002.smt2
INFO     sym_infer       value 'stdout' executed 0 times while 1 required
INFO     sym_infer       solving path .angelix/backend/klee-out-0/test000003.smt2
INFO     sym_infer       value 'stdout' executed 0 times while 1 required
INFO     sym_infer       solving path .angelix/backend/klee-out-0/test000004.smt2
INFO     sym_infer       value 'stdout' executed 0 times while 1 required
INFO     sym_infer       found 0 angelic paths for test '8'
INFO     repair          considering suspicious locations [('I', (1321, 6, 1321, 21))]
INFO     reduction       all failing tests: ['8']
INFO     reduction       selected 3 tests
INFO     reduction       selected passing tests: ['3', '6']
INFO     reduction       selected failing tests: ['8']
INFO     project         configuring backend source
INFO     transformation  instrumenting suspicious of backend source
INFO     project         building backend source
INFO     sym_infer       inferring specification for test '8' through KLEE
INFO     testing         running test '8' of backend source with KLEE
INFO     testing         output code: 1
INFO     sym_infer       checking whether /angelix-experiments/.angelix/backend/klee-out-0 exists...
INFO     sym_infer       solving path .angelix/backend/klee-out-0/test000001.smt2
INFO     sym_infer       value 'stdout' executed 0 times while 1 required
INFO     sym_infer       solving path .angelix/backend/klee-out-0/test000002.smt2
INFO     sym_infer       value 'stdout' executed 0 times while 1 required
INFO     sym_infer       found 0 angelic paths for test '8'
INFO     repair          considering suspicious locations [('L', (1794, 15, 1794, 19))]
INFO     reduction       all failing tests: ['8']
INFO     reduction       selected 3 tests
INFO     reduction       selected passing tests: ['3', '6']
INFO     reduction       selected failing tests: ['8']
INFO     project         configuring backend source
INFO     transformation  instrumenting suspicious of backend source
INFO     project         building backend source
INFO     sym_infer       inferring specification for test '8' through KLEE
INFO     testing         running test '8' of backend source with KLEE
INFO     testing         output code: 1
INFO     sym_infer       checking whether /angelix-experiments/.angelix/backend/klee-out-0 exists...
INFO     sym_infer       solving path .angelix/backend/klee-out-0/test000001.smt2
INFO     sym_infer       value 'stdout' executed 0 times while 1 required
INFO     sym_infer       solving path .angelix/backend/klee-out-0/test000002.smt2
INFO     sym_infer       value 'stdout' executed 0 times while 1 required
INFO     sym_infer       solving path .angelix/backend/klee-out-0/test000003.smt2
INFO     sym_infer       value 'stdout' executed 0 times while 1 required
INFO     sym_infer       solving path .angelix/backend/klee-out-0/test000004.smt2
INFO     sym_infer       value 'stdout' executed 0 times while 1 required
INFO     sym_infer       solving path .angelix/backend/klee-out-0/test000005.smt2
INFO     sym_infer       value 'stdout' executed 0 times while 1 required
INFO     sym_infer       solving path .angelix/backend/klee-out-0/test000006.smt2
INFO     sym_infer       value 'stdout' executed 0 times while 1 required
INFO     sym_infer       solving path .angelix/backend/klee-out-0/test000007.smt2
INFO     sym_infer       value 'stdout' executed 0 times while 1 required
INFO     sym_infer       found 0 angelic paths for test '8'
INFO     repair          considering suspicious locations [('L', (1805, 15, 1805, 19))]
INFO     reduction       all failing tests: ['8']
INFO     reduction       selected 3 tests
INFO     reduction       selected passing tests: ['3', '6']
INFO     reduction       selected failing tests: ['8']
INFO     project         configuring backend source
INFO     transformation  instrumenting suspicious of backend source
INFO     project         building backend source
INFO     sym_infer       inferring specification for test '8' through KLEE
INFO     testing         running test '8' of backend source with KLEE
INFO     testing         output code: 1
INFO     sym_infer       checking whether /angelix-experiments/.angelix/backend/klee-out-0 exists...
INFO     sym_infer       solving path .angelix/backend/klee-out-0/test000001.smt2
INFO     sym_infer       value 'stdout' executed 0 times while 1 required
INFO     sym_infer       solving path .angelix/backend/klee-out-0/test000002.smt2
INFO     sym_infer       value 'stdout' executed 0 times while 1 required
INFO     sym_infer       solving path .angelix/backend/klee-out-0/test000003.smt2
INFO     sym_infer       value 'stdout' executed 0 times while 1 required
INFO     sym_infer       solving path .angelix/backend/klee-out-0/test000004.smt2
INFO     sym_infer       value 'stdout' executed 0 times while 1 required
INFO     sym_infer       solving path .angelix/backend/klee-out-0/test000005.smt2
INFO     sym_infer       value 'stdout' executed 0 times while 1 required
INFO     sym_infer       solving path .angelix/backend/klee-out-0/test000006.smt2
INFO     sym_infer       value 'stdout' executed 0 times while 1 required
INFO     sym_infer       solving path .angelix/backend/klee-out-0/test000007.smt2
INFO     sym_infer       value 'stdout' executed 0 times while 1 required
INFO     sym_infer       found 0 angelic paths for test '8'
INFO     repair          no patch generated in 8m 40s
FAIL
