[repair] benchmark: manybugs
[repair] subject: libtiff
[repair] version: 2006-03-03-eec4c06-ee65c74
[repair] search: guided
[repair] ./fetch libtiff manybugs 2006-03-03-eec4c06-ee65c74
[fetch] benchmark: manybugs
[fetch] subject: libtiff
[fetch] version: 2006-03-03-eec4c06-ee65c74
[fetch] archive: libtiff-bug-2006-03-03-eec4c06-ee65c74.tar.gz
[fetch] directory: libtiff-bug-2006-03-03-eec4c06-ee65c74
[fetch] preparing source code
[fetch] golden_directory: libtiff-fix-2006-03-03-eec4c06-ee65c74
[fetch] clean-source libtiff-bug-2006-03-03-eec4c06-ee65c74
[fetch] /angelix-experiments/libtiff-bug-2006-03-03-eec4c06-ee65c74/libtiff/configure
[fetch] make -j 72 clean
[fetch] clean-source libtiff-fix-2006-03-03-eec4c06-ee65c74
[fetch] restore-buggy libtiff-bug-2006-03-03-eec4c06-ee65c74
[fetch] /angelix-experiments/libtiff-fix-2006-03-03-eec4c06-ee65c74/libtiff/configure
[fetch] make -j 72 clean
[fetch] restore-buggy entered
[fetch] buggy: libtiff/tif_dirread.c
[fetch] buggy_version: eec4c06
[fetch] buggy_preprocessed: libtiff-bug-2006-03-03-eec4c06-ee65c74/libtiff/libtiff/tif_dirread.c
[fetch] buggy_original: libtiff-bug-2006-03-03-eec4c06-ee65c74/diffs/libtiff/tif_dirread.c-eec4c06
[fetch] cp libtiff-bug-2006-03-03-eec4c06-ee65c74/diffs/libtiff/tif_dirread.c-eec4c06 libtiff-bug-2006-03-03-eec4c06-ee65c74/libtiff/libtiff/tif_dirread.c
[fetch] restore-correct libtiff-fix-2006-03-03-eec4c06-ee65c74
[fetch] restore-correct entered
[fetch] cp libtiff-fix-2006-03-03-eec4c06-ee65c74/diffs/libtiff/tif_dirread.c-ee65c74 libtiff-fix-2006-03-03-eec4c06-ee65c74/libtiff/libtiff/tif_dirread.c
[fetch] restored libtiff-fix-2006-03-03-eec4c06-ee65c74/libtiff/libtiff/tif_dirread.c with libtiff-fix-2006-03-03-eec4c06-ee65c74/diffs/libtiff/tif_dirread.c-ee65c74
[fetch] fetch done
[repair] [repair] options: --guided --defect
if-conditions
loop-conditions
--angelic-search-strategy
guided
--test-timeout
60
--search-max-trials
500
--max-same-cost-iter
20
--default-max-cost
300000000
--default-non-zero-cost
300000000
--error-cost
10000000
--warning-cost
5000000
--mcmc-beta
0.8
--one-bit-flip-prob
0.5
--penalty1
4
--penalty2
2
--suspicious
40
--initial-tests
1
--all-suspicious
--lines
976
--ignore-lines  --timeout 14400 --show-suspicious-locations --group-size 1 --defect if-conditions loop-conditions
[repair-libtiff] options:  --defect if-conditions loop-conditions --angelic-search-strategy guided --test-timeout 60 --search-max-trials 500 --max-same-cost-iter 20 --default-max-cost 300000000 --default-non-zero-cost 300000000 --error-cost 10000000 --warning-cost 5000000 --mcmc-beta 0.8 --one-bit-flip-prob 0.5 --penalty1 4 --penalty2 2 --suspicious 40 --initial-tests 1 --all-suspicious --lines 976 --ignore-lines --timeout 14400 --show-suspicious-locations --group-size 1 --defect if-conditions loop-conditions
[repair-libtiff] restore libtiff-bug-2006-03-03-eec4c06-ee65c74/libtiff/test/ppm2tiff_pbm.sh
[repair-libtiff] restore libtiff-bug-2006-03-03-eec4c06-ee65c74/libtiff/test/ppm2tiff_pgm.sh
[repair-libtiff] restore libtiff-bug-2006-03-03-eec4c06-ee65c74/libtiff/test/ppm2tiff_ppm.sh
[repair-libtiff] restore libtiff-bug-2006-03-03-eec4c06-ee65c74/libtiff/test/tiffcp-split.sh
[repair-libtiff] restore libtiff-bug-2006-03-03-eec4c06-ee65c74/libtiff/test/tiffcp-split-join.sh
[repair-libtiff] restore libtiff-bug-2006-03-03-eec4c06-ee65c74/libtiff/test/tiff2pdf.sh
[repair-libtiff] restore libtiff-bug-2006-03-03-eec4c06-ee65c74/libtiff/test/tiffcrop-extract-logluv-3c-16b.sh
[repair-libtiff] restore libtiff-bug-2006-03-03-eec4c06-ee65c74/libtiff/test/tiffcrop-extract-minisblack-1c-16b.sh
[repair-libtiff] restore libtiff-bug-2006-03-03-eec4c06-ee65c74/libtiff/test/tiffcrop-extract-minisblack-1c-8b.sh
[repair-libtiff] restore libtiff-bug-2006-03-03-eec4c06-ee65c74/libtiff/test/tiffcrop-extract-minisblack-2c-8b-alpha.sh
[repair-libtiff] restore libtiff-bug-2006-03-03-eec4c06-ee65c74/libtiff/test/tiffcrop-extract-miniswhite-1c-1b.sh
[repair-libtiff] restore libtiff-bug-2006-03-03-eec4c06-ee65c74/libtiff/test/tiffcrop-extract-palette-1c-1b.sh
[repair-libtiff] restore libtiff-bug-2006-03-03-eec4c06-ee65c74/libtiff/test/tiffcrop-extract-palette-1c-4b.sh
[repair-libtiff] restore libtiff-bug-2006-03-03-eec4c06-ee65c74/libtiff/test/tiffcrop-extract-palette-1c-8b.sh
[repair-libtiff] restore libtiff-bug-2006-03-03-eec4c06-ee65c74/libtiff/test/tiffcrop-extract-rgb-3c-16b.sh
[repair-libtiff] restore libtiff-bug-2006-03-03-eec4c06-ee65c74/libtiff/test/tiffcrop-extract-rgb-3c-8b.sh
[repair-libtiff] restore libtiff-bug-2006-03-03-eec4c06-ee65c74/libtiff/test/tiffcrop-extractz14-logluv-3c-16b.sh
[repair-libtiff] restore libtiff-bug-2006-03-03-eec4c06-ee65c74/libtiff/libtiff/tif_dirread.c
[repair-libtiff] restore libtiff-bug-2006-03-03-eec4c06-ee65c74/libtiff/test/long_tag.c
[repair-libtiff] restore libtiff-bug-2006-03-03-eec4c06-ee65c74/libtiff/test/short_tag.c
[repair-libtiff] restore libtiff-bug-2006-03-03-eec4c06-ee65c74/libtiff/test/Makefile.in
[repair-libtiff] instrument libtiff-bug-2006-03-03-eec4c06-ee65c74/libtiff/test/Makefile.in
[repair-libtiff] restore libtiff-bug-2006-03-03-eec4c06-ee65c74/libtiff/tools/tiff2pdf.c
[repair-libtiff] instrument libtiff-bug-2006-03-03-eec4c06-ee65c74/libtiff/tools/tiff2pdf.c
[repair-libtiff] instrument libtiff-bug-2006-03-03-eec4c06-ee65c74/libtiff/tools/tiff2pdf.c
[repair-libtiff] instrument libtiff-bug-2006-03-03-eec4c06-ee65c74/libtiff/tools/tiff2pdf.c
[repair-libtiff] instrument libtiff-bug-2006-03-03-eec4c06-ee65c74/libtiff/tools/tiff2pdf.c
[repair-libtiff] restore libtiff-bug-2006-03-03-eec4c06-ee65c74/libtiff/test/common.sh
[repair-libtiff] restore libtiff-bug-2006-03-03-eec4c06-ee65c74/libtiff/test/short_tag.c
[repair-libtiff] restore libtiff-bug-2006-03-03-eec4c06-ee65c74/libtiff/test/strip_rw.c
[repair-libtiff] restore libtiff-bug-2006-03-03-eec4c06-ee65c74/libtiff/test/tiffcp-split.sh
[repair-libtiff] restore libtiff-fix-2006-03-03-eec4c06-ee65c74/libtiff/test/ppm2tiff_pbm.sh
[repair-libtiff] restore libtiff-fix-2006-03-03-eec4c06-ee65c74/libtiff/test/ppm2tiff_pgm.sh
[repair-libtiff] restore libtiff-fix-2006-03-03-eec4c06-ee65c74/libtiff/test/ppm2tiff_ppm.sh
[repair-libtiff] restore libtiff-fix-2006-03-03-eec4c06-ee65c74/libtiff/test/tiffcp-split.sh
[repair-libtiff] restore libtiff-fix-2006-03-03-eec4c06-ee65c74/libtiff/test/tiffcp-split-join.sh
[repair-libtiff] restore libtiff-fix-2006-03-03-eec4c06-ee65c74/libtiff/test/tiff2pdf.sh
[repair-libtiff] restore libtiff-fix-2006-03-03-eec4c06-ee65c74/libtiff/test/tiffcrop-extract-logluv-3c-16b.sh
[repair-libtiff] restore libtiff-fix-2006-03-03-eec4c06-ee65c74/libtiff/test/tiffcrop-extract-minisblack-1c-16b.sh
[repair-libtiff] restore libtiff-fix-2006-03-03-eec4c06-ee65c74/libtiff/test/tiffcrop-extract-minisblack-1c-8b.sh
[repair-libtiff] restore libtiff-fix-2006-03-03-eec4c06-ee65c74/libtiff/test/tiffcrop-extract-minisblack-2c-8b-alpha.sh
[repair-libtiff] restore libtiff-fix-2006-03-03-eec4c06-ee65c74/libtiff/test/tiffcrop-extract-miniswhite-1c-1b.sh
[repair-libtiff] restore libtiff-fix-2006-03-03-eec4c06-ee65c74/libtiff/test/tiffcrop-extract-palette-1c-1b.sh
[repair-libtiff] restore libtiff-fix-2006-03-03-eec4c06-ee65c74/libtiff/test/tiffcrop-extract-palette-1c-4b.sh
[repair-libtiff] restore libtiff-fix-2006-03-03-eec4c06-ee65c74/libtiff/test/tiffcrop-extract-palette-1c-8b.sh
[repair-libtiff] restore libtiff-fix-2006-03-03-eec4c06-ee65c74/libtiff/test/tiffcrop-extract-rgb-3c-16b.sh
[repair-libtiff] restore libtiff-fix-2006-03-03-eec4c06-ee65c74/libtiff/test/tiffcrop-extract-rgb-3c-8b.sh
[repair-libtiff] restore libtiff-fix-2006-03-03-eec4c06-ee65c74/libtiff/test/tiffcrop-extractz14-logluv-3c-16b.sh
[repair-libtiff] restore libtiff-fix-2006-03-03-eec4c06-ee65c74/libtiff/libtiff/tif_dirread.c
[repair-libtiff] restore libtiff-fix-2006-03-03-eec4c06-ee65c74/libtiff/test/long_tag.c
[repair-libtiff] restore libtiff-fix-2006-03-03-eec4c06-ee65c74/libtiff/test/short_tag.c
[repair-libtiff] restore libtiff-fix-2006-03-03-eec4c06-ee65c74/libtiff/test/Makefile.in
[repair-libtiff] instrument libtiff-fix-2006-03-03-eec4c06-ee65c74/libtiff/test/Makefile.in
[repair-libtiff] restore libtiff-fix-2006-03-03-eec4c06-ee65c74/libtiff/tools/tiff2pdf.c
[repair-libtiff] instrument libtiff-fix-2006-03-03-eec4c06-ee65c74/libtiff/tools/tiff2pdf.c
[repair-libtiff] instrument libtiff-fix-2006-03-03-eec4c06-ee65c74/libtiff/tools/tiff2pdf.c
[repair-libtiff] instrument libtiff-fix-2006-03-03-eec4c06-ee65c74/libtiff/tools/tiff2pdf.c
[repair-libtiff] instrument libtiff-fix-2006-03-03-eec4c06-ee65c74/libtiff/tools/tiff2pdf.c
[repair-libtiff] restore libtiff-fix-2006-03-03-eec4c06-ee65c74/libtiff/test/common.sh
[repair-libtiff] restore libtiff-fix-2006-03-03-eec4c06-ee65c74/libtiff/test/short_tag.c
[repair-libtiff] restore libtiff-fix-2006-03-03-eec4c06-ee65c74/libtiff/test/strip_rw.c
[repair-libtiff] restore libtiff-fix-2006-03-03-eec4c06-ee65c74/libtiff/test/tiffcp-split.sh
[repair-libtiff] the assert option not used
INFO     repair          copy libtiff-bug-2006-03-03-eec4c06-ee65c74/libtiff to /angelix-experiments/.angelix/validation
INFO     project         configuring validation source
INFO     project         building json compilation database from validation source
INFO     testing         running test '1' of validation source
INFO     testing         output code: 1
INFO     testing         running test '2' of validation source
INFO     testing         output code: 1
INFO     testing         running test '3' of validation source
INFO     testing         output code: 1
INFO     testing         running test '4' of validation source
INFO     testing         output code: 1
INFO     testing         running test '5' of validation source
INFO     testing         output code: 1
INFO     testing         running test '6' of validation source
INFO     testing         output code: 0
INFO     testing         running test '7' of validation source
INFO     testing         output code: 0
INFO     testing         running test '8' of validation source
INFO     testing         output code: 0
INFO     testing         running test '9' of validation source
INFO     testing         output code: 0
INFO     testing         running test '10' of validation source
INFO     testing         output code: 0
INFO     testing         running test '11' of validation source
INFO     testing         output code: 0
INFO     testing         running test '12' of validation source
INFO     testing         output code: 0
INFO     testing         running test '13' of validation source
INFO     testing         output code: 0
INFO     testing         running test '14' of validation source
INFO     testing         output code: 0
INFO     testing         running test '15' of validation source
INFO     testing         output code: 0
INFO     testing         running test '16' of validation source
INFO     testing         output code: 0
INFO     testing         running test '17' of validation source
INFO     testing         output code: 0
INFO     testing         running test '18' of validation source
INFO     testing         output code: 1
INFO     testing         running test '19' of validation source
INFO     testing         output code: 0
INFO     testing         running test '20' of validation source
INFO     testing         output code: 0
INFO     testing         running test '21' of validation source
INFO     testing         output code: 0
INFO     testing         running test '22' of validation source
INFO     testing         output code: 1
INFO     testing         running test '23' of validation source
INFO     testing         output code: 1
INFO     testing         running test '24' of validation source
INFO     testing         output code: 0
INFO     testing         running test '25' of validation source
INFO     testing         output code: 0
INFO     testing         running test '26' of validation source
INFO     testing         output code: 0
INFO     testing         running test '27' of validation source
INFO     testing         output code: 0
INFO     testing         running test '28' of validation source
INFO     testing         output code: 0
INFO     testing         running test '29' of validation source
INFO     testing         output code: 1
INFO     testing         running test '30' of validation source
INFO     testing         output code: 1
INFO     testing         running test '31' of validation source
INFO     testing         output code: 1
INFO     testing         running test '32' of validation source
INFO     testing         output code: 1
INFO     testing         running test '33' of validation source
INFO     testing         output code: 1
INFO     testing         running test '34' of validation source
INFO     testing         output code: 1
INFO     testing         running test '35' of validation source
INFO     testing         output code: 1
INFO     testing         running test '36' of validation source
INFO     testing         output code: 1
INFO     testing         running test '37' of validation source
INFO     testing         output code: 1
INFO     testing         running test '38' of validation source
INFO     testing         output code: 1
INFO     testing         running test '39' of validation source
INFO     testing         output code: 1
INFO     testing         running test '40' of validation source
INFO     testing         output code: 1
INFO     testing         running test '41' of validation source
INFO     testing         output code: 1
INFO     testing         running test '42' of validation source
INFO     testing         output code: 1
INFO     testing         running test '43' of validation source
INFO     testing         output code: 1
INFO     testing         running test '44' of validation source
INFO     testing         output code: 1
INFO     testing         running test '45' of validation source
INFO     testing         output code: 1
INFO     testing         running test '46' of validation source
INFO     testing         output code: 1
INFO     testing         running test '47' of validation source
INFO     testing         output code: 1
INFO     testing         running test '48' of validation source
INFO     testing         output code: 1
INFO     testing         running test '49' of validation source
INFO     testing         output code: 1
INFO     testing         running test '50' of validation source
INFO     testing         output code: 1
INFO     testing         running test '51' of validation source
INFO     testing         output code: 1
INFO     testing         running test '52' of validation source
INFO     testing         output code: 1
INFO     testing         running test '53' of validation source
INFO     testing         output code: 1
INFO     testing         running test '54' of validation source
INFO     testing         output code: 1
INFO     testing         running test '55' of validation source
INFO     testing         output code: 1
INFO     testing         running test '56' of validation source
INFO     testing         output code: 1
INFO     testing         running test '57' of validation source
INFO     testing         output code: 1
INFO     testing         running test '58' of validation source
INFO     testing         output code: 1
INFO     testing         running test '59' of validation source
INFO     testing         output code: 1
INFO     testing         running test '60' of validation source
INFO     testing         output code: 1
INFO     testing         running test '61' of validation source
INFO     testing         output code: 1
INFO     testing         running test '62' of validation source
INFO     testing         output code: 1
INFO     testing         running test '63' of validation source
INFO     testing         output code: 1
INFO     testing         running test '64' of validation source
INFO     testing         output code: 1
INFO     testing         running test '65' of validation source
INFO     testing         output code: 1
INFO     testing         running test '66' of validation source
INFO     testing         output code: 1
INFO     testing         running test '67' of validation source
INFO     testing         output code: 1
INFO     testing         running test '68' of validation source
INFO     testing         output code: 1
INFO     testing         running test '69' of validation source
INFO     testing         output code: 0
INFO     testing         running test '70' of validation source
INFO     testing         output code: 0
INFO     testing         running test '71' of validation source
INFO     testing         output code: 0
INFO     testing         running test '72' of validation source
INFO     testing         output code: 0
INFO     testing         running test '73' of validation source
INFO     testing         output code: 0
INFO     testing         running test '74' of validation source
INFO     testing         output code: 0
INFO     testing         running test '75' of validation source
INFO     testing         output code: 0
INFO     testing         running test '76' of validation source
INFO     testing         output code: 0
INFO     testing         running test '77' of validation source
INFO     testing         output code: 0
INFO     testing         running test '78' of validation source
INFO     testing         output code: 0
INFO     project         configuring golden source
INFO     project         building golden source
INFO     testing         running test '1' of golden source
INFO     testing         output code: 1
INFO     testing         running test '2' of golden source
INFO     testing         output code: 0
INFO     testing         running test '3' of golden source
INFO     testing         output code: 0
INFO     testing         running test '4' of golden source
INFO     testing         output code: 0
INFO     testing         running test '5' of golden source
INFO     testing         output code: 1
INFO     testing         running test '18' of golden source
INFO     testing         output code: 1
INFO     testing         running test '22' of golden source
INFO     testing         output code: 0
INFO     testing         running test '23' of golden source
INFO     testing         output code: 0
INFO     testing         running test '29' of golden source
INFO     testing         output code: 1
INFO     testing         running test '30' of golden source
INFO     testing         output code: 1
INFO     testing         running test '31' of golden source
INFO     testing         output code: 1
INFO     testing         running test '32' of golden source
INFO     testing         output code: 1
INFO     testing         running test '33' of golden source
INFO     testing         output code: 1
INFO     testing         running test '34' of golden source
INFO     testing         output code: 1
INFO     testing         running test '35' of golden source
INFO     testing         output code: 1
INFO     testing         running test '36' of golden source
INFO     testing         output code: 1
INFO     testing         running test '37' of golden source
INFO     testing         output code: 1
INFO     testing         running test '38' of golden source
INFO     testing         output code: 1
INFO     testing         running test '39' of golden source
INFO     testing         output code: 1
INFO     testing         running test '40' of golden source
INFO     testing         output code: 1
INFO     testing         running test '41' of golden source
INFO     testing         output code: 1
INFO     testing         running test '42' of golden source
INFO     testing         output code: 1
INFO     testing         running test '43' of golden source
INFO     testing         output code: 1
INFO     testing         running test '44' of golden source
INFO     testing         output code: 1
INFO     testing         running test '45' of golden source
INFO     testing         output code: 1
INFO     testing         running test '46' of golden source
INFO     testing         output code: 1
INFO     testing         running test '47' of golden source
INFO     testing         output code: 1
INFO     testing         running test '48' of golden source
INFO     testing         output code: 1
INFO     testing         running test '49' of golden source
INFO     testing         output code: 1
INFO     testing         running test '50' of golden source
INFO     testing         output code: 1
INFO     testing         running test '51' of golden source
INFO     testing         output code: 1
INFO     testing         running test '52' of golden source
INFO     testing         output code: 1
INFO     testing         running test '53' of golden source
INFO     testing         output code: 1
INFO     testing         running test '54' of golden source
INFO     testing         output code: 1
INFO     testing         running test '55' of golden source
INFO     testing         output code: 1
INFO     testing         running test '56' of golden source
INFO     testing         output code: 1
INFO     testing         running test '57' of golden source
INFO     testing         output code: 1
INFO     testing         running test '58' of golden source
INFO     testing         output code: 1
INFO     testing         running test '59' of golden source
INFO     testing         output code: 1
INFO     testing         running test '60' of golden source
INFO     testing         output code: 1
INFO     testing         running test '61' of golden source
INFO     testing         output code: 1
INFO     testing         running test '62' of golden source
INFO     testing         output code: 1
INFO     testing         running test '63' of golden source
INFO     testing         output code: 1
INFO     testing         running test '64' of golden source
INFO     testing         output code: 1
INFO     testing         running test '65' of golden source
INFO     testing         output code: 1
INFO     testing         running test '66' of golden source
INFO     testing         output code: 1
INFO     testing         running test '67' of golden source
INFO     testing         output code: 1
INFO     testing         running test '68' of golden source
INFO     testing         output code: 1
WARNING  repair          excluding test 1 because it fails in golden version
WARNING  repair          excluding test 5 because it fails in golden version
WARNING  repair          excluding test 18 because it fails in golden version
WARNING  repair          excluding test 29 because it fails in golden version
WARNING  repair          excluding test 30 because it fails in golden version
WARNING  repair          excluding test 31 because it fails in golden version
WARNING  repair          excluding test 32 because it fails in golden version
WARNING  repair          excluding test 33 because it fails in golden version
WARNING  repair          excluding test 34 because it fails in golden version
WARNING  repair          excluding test 35 because it fails in golden version
WARNING  repair          excluding test 36 because it fails in golden version
WARNING  repair          excluding test 37 because it fails in golden version
WARNING  repair          excluding test 38 because it fails in golden version
WARNING  repair          excluding test 39 because it fails in golden version
WARNING  repair          excluding test 40 because it fails in golden version
WARNING  repair          excluding test 41 because it fails in golden version
WARNING  repair          excluding test 42 because it fails in golden version
WARNING  repair          excluding test 43 because it fails in golden version
WARNING  repair          excluding test 44 because it fails in golden version
WARNING  repair          excluding test 45 because it fails in golden version
WARNING  repair          excluding test 46 because it fails in golden version
WARNING  repair          excluding test 47 because it fails in golden version
WARNING  repair          excluding test 48 because it fails in golden version
WARNING  repair          excluding test 49 because it fails in golden version
WARNING  repair          excluding test 50 because it fails in golden version
WARNING  repair          excluding test 51 because it fails in golden version
WARNING  repair          excluding test 52 because it fails in golden version
WARNING  repair          excluding test 53 because it fails in golden version
WARNING  repair          excluding test 54 because it fails in golden version
WARNING  repair          excluding test 55 because it fails in golden version
WARNING  repair          excluding test 56 because it fails in golden version
WARNING  repair          excluding test 57 because it fails in golden version
WARNING  repair          excluding test 58 because it fails in golden version
WARNING  repair          excluding test 59 because it fails in golden version
WARNING  repair          excluding test 60 because it fails in golden version
WARNING  repair          excluding test 61 because it fails in golden version
WARNING  repair          excluding test 62 because it fails in golden version
WARNING  repair          excluding test 63 because it fails in golden version
WARNING  repair          excluding test 64 because it fails in golden version
WARNING  repair          excluding test 65 because it fails in golden version
WARNING  repair          excluding test 66 because it fails in golden version
WARNING  repair          excluding test 67 because it fails in golden version
WARNING  repair          excluding test 68 because it fails in golden version
INFO     repair          positive: ['6', '7', '8', '9', '10', '11', '12', '13', '14', '15', '16', '17', '19', '20', '21', '24', '25', '26', '27', '28', '69', '70', '71', '72', '73', '74', '75', '76', '77', '78']
INFO     repair          negative: ['2', '3', '4', '22', '23']
INFO     project         configuring frontend source
INFO     transformation  instrumenting repairable of frontend source
INFO     project         building frontend source
INFO     repair          running positive tests for debugging
INFO     testing         running test '6' of frontend source
INFO     testing         output code: 0
WARNING  testing         ANGELIX_RUN is not executed by test 6
INFO     testing         running test '7' of frontend source
INFO     testing         output code: 0
WARNING  testing         ANGELIX_RUN is not executed by test 7
INFO     testing         running test '8' of frontend source
INFO     testing         output code: 0
WARNING  testing         ANGELIX_RUN is not executed by test 8
INFO     testing         running test '9' of frontend source
INFO     testing         output code: 0
WARNING  testing         ANGELIX_RUN is executed multiple times by test 9
INFO     testing         running test '10' of frontend source
INFO     testing         output code: 0
WARNING  testing         ANGELIX_RUN is executed multiple times by test 10
INFO     testing         running test '11' of frontend source
INFO     testing         output code: 0
WARNING  testing         ANGELIX_RUN is executed multiple times by test 11
INFO     testing         running test '12' of frontend source
INFO     testing         output code: 0
WARNING  testing         ANGELIX_RUN is not executed by test 12
INFO     testing         running test '13' of frontend source
INFO     testing         output code: 0
WARNING  testing         ANGELIX_RUN is not executed by test 13
INFO     testing         running test '14' of frontend source
INFO     testing         output code: 0
WARNING  testing         ANGELIX_RUN is not executed by test 14
INFO     testing         running test '15' of frontend source
INFO     testing         output code: 0
WARNING  testing         ANGELIX_RUN is not executed by test 15
INFO     testing         running test '16' of frontend source
INFO     testing         output code: 0
WARNING  testing         ANGELIX_RUN is not executed by test 16
INFO     testing         running test '17' of frontend source
INFO     testing         output code: 0
WARNING  testing         ANGELIX_RUN is not executed by test 17
INFO     testing         running test '19' of frontend source
INFO     testing         output code: 0
WARNING  testing         ANGELIX_RUN is not executed by test 19
INFO     testing         running test '20' of frontend source
INFO     testing         output code: 0
WARNING  testing         ANGELIX_RUN is not executed by test 20
INFO     testing         running test '21' of frontend source
INFO     testing         output code: 0
WARNING  testing         ANGELIX_RUN is not executed by test 21
INFO     testing         running test '24' of frontend source
INFO     testing         output code: 0
WARNING  testing         ANGELIX_RUN is not executed by test 24
INFO     testing         running test '25' of frontend source
INFO     testing         output code: 0
WARNING  testing         ANGELIX_RUN is not executed by test 25
INFO     testing         running test '26' of frontend source
INFO     testing         output code: 0
WARNING  testing         ANGELIX_RUN is not executed by test 26
INFO     testing         running test '27' of frontend source
INFO     testing         output code: 0
WARNING  testing         ANGELIX_RUN is not executed by test 27
INFO     testing         running test '28' of frontend source
INFO     testing         output code: 0
INFO     testing         running test '69' of frontend source
INFO     testing         output code: 0
WARNING  testing         ANGELIX_RUN is not executed by test 69
INFO     testing         running test '70' of frontend source
INFO     testing         output code: 0
WARNING  testing         ANGELIX_RUN is not executed by test 70
INFO     testing         running test '71' of frontend source
INFO     testing         output code: 0
WARNING  testing         ANGELIX_RUN is not executed by test 71
INFO     testing         running test '72' of frontend source
INFO     testing         output code: 0
WARNING  testing         ANGELIX_RUN is not executed by test 72
INFO     testing         running test '73' of frontend source
INFO     testing         output code: 0
WARNING  testing         ANGELIX_RUN is not executed by test 73
INFO     testing         running test '74' of frontend source
INFO     testing         output code: 0
WARNING  testing         ANGELIX_RUN is not executed by test 74
INFO     testing         running test '75' of frontend source
INFO     testing         output code: 0
WARNING  testing         ANGELIX_RUN is not executed by test 75
INFO     testing         running test '76' of frontend source
INFO     testing         output code: 0
WARNING  testing         ANGELIX_RUN is not executed by test 76
INFO     testing         running test '77' of frontend source
INFO     testing         output code: 0
WARNING  testing         ANGELIX_RUN is not executed by test 77
INFO     testing         running test '78' of frontend source
INFO     testing         output code: 0
WARNING  testing         ANGELIX_RUN is not executed by test 78
INFO     repair          running negative tests for debugging
INFO     testing         running test '2' of frontend source
INFO     testing         output code: 1
INFO     project         configuring golden source
INFO     project         building golden source
INFO     testing         running test '2' of golden source
INFO     testing         output code: 0
INFO     testing         running test '3' of frontend source
INFO     testing         output code: 1
INFO     testing         running test '3' of golden source
INFO     testing         output code: 0
INFO     testing         running test '4' of frontend source
INFO     testing         output code: 1
INFO     testing         running test '4' of golden source
INFO     testing         output code: 0
INFO     testing         running test '22' of frontend source
INFO     testing         output code: 1
INFO     testing         running test '22' of golden source
INFO     testing         output code: 0
INFO     testing         running test '23' of frontend source
INFO     testing         output code: 1
INFO     testing         running test '23' of golden source
INFO     testing         output code: 0
INFO     repair          repair test suite: ['2', '3', '4', '9', '10', '11', '22', '23', '28']
INFO     repair          validation test suite: ['2', '3', '4', '6', '7', '8', '9', '10', '11', '12', '13', '14', '15', '16', '17', '19', '20', '21', '22', '23', '24', '25', '26', '27', '28', '69', '70', '71', '72', '73', '74', '75', '76', '77', '78']
INFO     localization    (loc, score) = (('I', (976, 6, 976, 67)), 0.625)
INFO     localization    (loc, score) = (('I', (87, 6, 87, 25)), 0.5555555555555556)
INFO     localization    (loc, score) = (('L', (254, 10, 254, 21)), 0.5555555555555556)
INFO     localization    (loc, score) = (('I', (403, 7, 403, 23)), 0.5555555555555556)
INFO     localization    (loc, score) = (('I', (321, 8, 321, 26)), 0.5555555555555556)
INFO     localization    (loc, score) = (('I', (1353, 6, 1353, 23)), 0.5555555555555556)
INFO     localization    (loc, score) = (('L', (288, 27, 288, 38)), 0.5555555555555556)
INFO     localization    (loc, score) = (('I', (950, 6, 950, 19)), 0.5555555555555556)
INFO     localization    (loc, score) = (('I', (289, 8, 289, 27)), 0.5555555555555556)
INFO     localization    (loc, score) = (('L', (402, 31, 402, 35)), 0.5555555555555556)
INFO     localization    (loc, score) = (('I', (163, 7, 163, 14)), 0.5555555555555556)
INFO     localization    (loc, score) = (('I', (257, 7, 257, 19)), 0.5555555555555556)
INFO     localization    (loc, score) = (('I', (391, 6, 391, 29)), 0.5555555555555556)
INFO     localization    (loc, score) = (('I', (102, 6, 102, 7)), 0.5555555555555556)
INFO     localization    (loc, score) = (('L', (220, 31, 220, 35)), 0.5555555555555556)
INFO     localization    (loc, score) = (('I', (956, 13, 956, 26)), 0.5555555555555556)
INFO     localization    (loc, score) = (('I', (237, 7, 237, 50)), 0.5555555555555556)
INFO     localization    (loc, score) = (('I', (426, 8, 426, 26)), 0.5555555555555556)
INFO     localization    (loc, score) = (('I', (385, 6, 385, 11)), 0.5555555555555556)
INFO     localization    (loc, score) = (('I', (292, 8, 293, 30)), 0.5555555555555556)
INFO     localization    (loc, score) = (('I', (1430, 10, 1430, 39)), 0.5555555555555556)
INFO     localization    (loc, score) = (('I', (225, 7, 225, 23)), 0.5555555555555556)
INFO     localization    (loc, score) = (('L', (95, 14, 95, 23)), 0.5555555555555556)
INFO     localization    (loc, score) = (('L', (235, 31, 235, 35)), 0.5555555555555556)
INFO     localization    (loc, score) = (('I', (1188, 6, 1188, 25)), 0.375)
INFO     localization    (loc, score) = (('I', (1521, 13, 1521, 23)), 0.3333333333333333)
INFO     localization    (loc, score) = (('I', (1408, 7, 1408, 13)), 0.3333333333333333)
INFO     localization    (loc, score) = (('I', (1026, 6, 1026, 25)), 0.3333333333333333)
INFO     localization    (loc, score) = (('I', (432, 15, 433, 28)), 0.3333333333333333)
INFO     localization    (loc, score) = (('I', (1403, 7, 1403, 7)), 0.3333333333333333)
INFO     localization    (loc, score) = (('I', (1138, 6, 1138, 25)), 0.2857142857142857)
INFO     localization    (loc, score) = (('I', (1732, 6, 1732, 17)), 0.16666666666666666)
INFO     localization    (loc, score) = (('I', (1735, 13, 1735, 24)), 0.16666666666666666)
INFO     localization    (loc, score) = (('I', (1746, 6, 1746, 26)), 0.16666666666666666)
INFO     localization    (loc, score) = (('I', (650, 6, 650, 51)), 0.14285714285714285)
INFO     localization    (loc, score) = (('I', (534, 6, 534, 28)), 0.14285714285714285)
INFO     localization    (loc, score) = (('I', (580, 13, 580, 31)), 0.14285714285714285)
INFO     localization    (loc, score) = (('I', (626, 6, 626, 23)), 0.14285714285714285)
INFO     localization    (loc, score) = (('I', (664, 6, 664, 12)), 0.14285714285714285)
INFO     localization    (loc, score) = (('I', (595, 13, 597, 31)), 0.14285714285714285)
INFO     localization    (loc, score) = (('I', (1139, 7, 1139, 37)), 0.0)
INFO     localization    group 1: [('I', (976, 6, 976, 67))] (0.625)
INFO     localization    group 2: [('I', (87, 6, 87, 25))] (0.5555555555555556)
INFO     localization    group 3: [('L', (95, 14, 95, 23))] (0.5555555555555556)
INFO     localization    group 4: [('I', (102, 6, 102, 7))] (0.5555555555555556)
INFO     localization    group 5: [('I', (163, 7, 163, 14))] (0.5555555555555556)
INFO     localization    group 6: [('L', (220, 31, 220, 35))] (0.5555555555555556)
INFO     localization    group 7: [('I', (225, 7, 225, 23))] (0.5555555555555556)
INFO     localization    group 8: [('L', (235, 31, 235, 35))] (0.5555555555555556)
INFO     localization    group 9: [('I', (237, 7, 237, 50))] (0.5555555555555556)
INFO     localization    group 10: [('L', (254, 10, 254, 21))] (0.5555555555555556)
INFO     localization    group 11: [('I', (257, 7, 257, 19))] (0.5555555555555556)
INFO     localization    group 12: [('L', (288, 27, 288, 38))] (0.5555555555555556)
INFO     localization    group 13: [('I', (289, 8, 289, 27))] (0.5555555555555556)
INFO     localization    group 14: [('I', (292, 8, 293, 30))] (0.5555555555555556)
INFO     localization    group 15: [('I', (321, 8, 321, 26))] (0.5555555555555556)
INFO     localization    group 16: [('I', (385, 6, 385, 11))] (0.5555555555555556)
INFO     localization    group 17: [('I', (391, 6, 391, 29))] (0.5555555555555556)
INFO     localization    group 18: [('L', (402, 31, 402, 35))] (0.5555555555555556)
INFO     localization    group 19: [('I', (403, 7, 403, 23))] (0.5555555555555556)
INFO     localization    group 20: [('I', (426, 8, 426, 26))] (0.5555555555555556)
INFO     localization    group 21: [('I', (950, 6, 950, 19))] (0.5555555555555556)
INFO     localization    group 22: [('I', (956, 13, 956, 26))] (0.5555555555555556)
INFO     localization    group 23: [('I', (1353, 6, 1353, 23))] (0.5555555555555556)
INFO     localization    group 24: [('I', (1430, 10, 1430, 39))] (0.5555555555555556)
INFO     localization    group 25: [('I', (1188, 6, 1188, 25))] (0.375)
INFO     localization    group 26: [('I', (432, 15, 433, 28))] (0.3333333333333333)
INFO     localization    group 27: [('I', (1026, 6, 1026, 25))] (0.3333333333333333)
INFO     localization    group 28: [('I', (1403, 7, 1403, 7))] (0.3333333333333333)
INFO     localization    group 29: [('I', (1408, 7, 1408, 13))] (0.3333333333333333)
INFO     localization    group 30: [('I', (1521, 13, 1521, 23))] (0.3333333333333333)
INFO     localization    group 31: [('I', (1138, 6, 1138, 25))] (0.2857142857142857)
INFO     localization    group 32: [('I', (1732, 6, 1732, 17))] (0.16666666666666666)
INFO     localization    group 33: [('I', (1735, 13, 1735, 24))] (0.16666666666666666)
INFO     localization    group 34: [('I', (1746, 6, 1746, 26))] (0.16666666666666666)
INFO     localization    group 35: [('I', (534, 6, 534, 28))] (0.14285714285714285)
INFO     localization    group 36: [('I', (580, 13, 580, 31))] (0.14285714285714285)
INFO     localization    group 37: [('I', (595, 13, 597, 31))] (0.14285714285714285)
INFO     localization    group 38: [('I', (626, 6, 626, 23))] (0.14285714285714285)
INFO     localization    group 39: [('I', (650, 6, 650, 51))] (0.14285714285714285)
INFO     localization    group 40: [('I', (664, 6, 664, 12))] (0.14285714285714285)
INFO     localization    group 41: [('I', (1139, 7, 1139, 37))] (0.0)
INFO     localization    selected expressions [('I', (976, 6, 976, 67))] with group score 0.625 
INFO     localization    selected expressions [('I', (87, 6, 87, 25))] with group score 0.55556 
INFO     localization    selected expressions [('L', (95, 14, 95, 23))] with group score 0.55556 
INFO     localization    selected expressions [('I', (102, 6, 102, 7))] with group score 0.55556 
INFO     localization    selected expressions [('I', (163, 7, 163, 14))] with group score 0.55556 
INFO     localization    selected expressions [('L', (220, 31, 220, 35))] with group score 0.55556 
INFO     localization    selected expressions [('I', (225, 7, 225, 23))] with group score 0.55556 
INFO     localization    selected expressions [('L', (235, 31, 235, 35))] with group score 0.55556 
INFO     localization    selected expressions [('I', (237, 7, 237, 50))] with group score 0.55556 
INFO     localization    selected expressions [('L', (254, 10, 254, 21))] with group score 0.55556 
INFO     localization    selected expressions [('I', (257, 7, 257, 19))] with group score 0.55556 
INFO     localization    selected expressions [('L', (288, 27, 288, 38))] with group score 0.55556 
INFO     localization    selected expressions [('I', (289, 8, 289, 27))] with group score 0.55556 
INFO     localization    selected expressions [('I', (292, 8, 293, 30))] with group score 0.55556 
INFO     localization    selected expressions [('I', (321, 8, 321, 26))] with group score 0.55556 
INFO     localization    selected expressions [('I', (385, 6, 385, 11))] with group score 0.55556 
INFO     localization    selected expressions [('I', (391, 6, 391, 29))] with group score 0.55556 
INFO     localization    selected expressions [('L', (402, 31, 402, 35))] with group score 0.55556 
INFO     localization    selected expressions [('I', (403, 7, 403, 23))] with group score 0.55556 
INFO     localization    selected expressions [('I', (426, 8, 426, 26))] with group score 0.55556 
INFO     localization    selected expressions [('I', (950, 6, 950, 19))] with group score 0.55556 
INFO     localization    selected expressions [('I', (956, 13, 956, 26))] with group score 0.55556 
INFO     localization    selected expressions [('I', (1353, 6, 1353, 23))] with group score 0.55556 
INFO     localization    selected expressions [('I', (1430, 10, 1430, 39))] with group score 0.55556 
INFO     localization    selected expressions [('I', (1188, 6, 1188, 25))] with group score 0.375 
INFO     localization    selected expressions [('I', (432, 15, 433, 28))] with group score 0.33333 
INFO     localization    selected expressions [('I', (1026, 6, 1026, 25))] with group score 0.33333 
INFO     localization    selected expressions [('I', (1403, 7, 1403, 7))] with group score 0.33333 
INFO     localization    selected expressions [('I', (1408, 7, 1408, 13))] with group score 0.33333 
INFO     localization    selected expressions [('I', (1521, 13, 1521, 23))] with group score 0.33333 
INFO     localization    selected expressions [('I', (1138, 6, 1138, 25))] with group score 0.28571 
INFO     localization    selected expressions [('I', (1732, 6, 1732, 17))] with group score 0.16667 
INFO     localization    selected expressions [('I', (1735, 13, 1735, 24))] with group score 0.16667 
INFO     localization    selected expressions [('I', (1746, 6, 1746, 26))] with group score 0.16667 
INFO     localization    selected expressions [('I', (534, 6, 534, 28))] with group score 0.14286 
INFO     localization    selected expressions [('I', (580, 13, 580, 31))] with group score 0.14286 
INFO     localization    selected expressions [('I', (595, 13, 597, 31))] with group score 0.14286 
INFO     localization    selected expressions [('I', (626, 6, 626, 23))] with group score 0.14286 
INFO     localization    selected expressions [('I', (650, 6, 650, 51))] with group score 0.14286 
INFO     localization    selected expressions [('I', (664, 6, 664, 12))] with group score 0.14286 
INFO     localization    selected expressions [('I', (1139, 7, 1139, 37))] with group score 0.0 
INFO     repair          considering suspicious locations [('I', (976, 6, 976, 67))]
INFO     reduction       all failing tests: ['2', '3', '4', '22', '23']
INFO     reduction       select 1 best tests from ['2', '3', '4', '22', '23']
INFO     reduction       select 0 best tests from ['9', '10', '11', '28']
INFO     reduction       selected 1 tests
INFO     reduction       selected passing tests: []
INFO     reduction       selected failing tests: ['2']
INFO     guided_infer    inferring specification for test '2' through guided search
INFO     guided_infer    init sample: [array([0, 1])]
INFO     pymc3           Sequential sampling (1 chains in 1 job)
INFO     pymc3           Metropolis: [p]
INFO     guided_infer    trial #1
INFO     guided_infer    used 0.0% of sample space
INFO     testing         running test '2' of frontend source
INFO     testing         output code: 1
cat: /angelix-experiments/.angelix/search/test_2/cost/cost1: No such file or directory
WARNING  guided_infer    cost file missing: /angelix-experiments/.angelix/search/test_2/cost/cost1
INFO     testing         running test '2' of frontend source
INFO     testing         output code: 0
INFO     guided_infer    found an angelic path for test '2'
INFO     guided_infer    angelic: [(array([0, 0]), 1)]
INFO     guided_infer    init: [(array([0, 1]), 1)]
INFO     testing         running test '2' of frontend source
INFO     testing         output code: 0
INFO     DD              dd done
INFO     testing         running test '2' of frontend source
INFO     testing         output code: 0
INFO     DD              dd done
INFO     synthesis       synthesizing patch with component level 'alternatives'
INFO     synthesis       use old synth
INFO     synthesis       fixing expression (976, 6, 976, 67): (((dir->tdir_count == 0) || (w == 0)) || ((dir->tdir_count / w) != cc)) ---> (((dir->tdir_count == 0) || (w == 0)) || ((dir->tdir_count / w) != (dir->tdir_count / w)))
INFO     repair          candidate fix synthesized
INFO     transformation  applying patch to validation source
INFO     project         building validation source
INFO     testing         running test '2' of validation source
INFO     testing         output code: 0
INFO     testing         running test '3' of validation source
INFO     testing         output code: 0
INFO     testing         running test '4' of validation source
INFO     testing         output code: 0
INFO     testing         running test '6' of validation source
INFO     testing         output code: 0
INFO     testing         running test '7' of validation source
INFO     testing         output code: 0
INFO     testing         running test '8' of validation source
INFO     testing         output code: 0
INFO     testing         running test '9' of validation source
INFO     testing         output code: 0
INFO     testing         running test '10' of validation source
INFO     testing         output code: 0
INFO     testing         running test '11' of validation source
INFO     testing         output code: 0
INFO     testing         running test '12' of validation source
INFO     testing         output code: 0
INFO     testing         running test '13' of validation source
INFO     testing         output code: 0
INFO     testing         running test '14' of validation source
INFO     testing         output code: 0
INFO     testing         running test '15' of validation source
INFO     testing         output code: 0
INFO     testing         running test '16' of validation source
INFO     testing         output code: 0
INFO     testing         running test '17' of validation source
INFO     testing         output code: 0
INFO     testing         running test '19' of validation source
INFO     testing         output code: 0
INFO     testing         running test '20' of validation source
INFO     testing         output code: 0
INFO     testing         running test '21' of validation source
INFO     testing         output code: 0
INFO     testing         running test '22' of validation source
INFO     testing         output code: 0
INFO     testing         running test '23' of validation source
INFO     testing         output code: 0
INFO     testing         running test '24' of validation source
INFO     testing         output code: 0
INFO     testing         running test '25' of validation source
INFO     testing         output code: 0
INFO     testing         running test '26' of validation source
INFO     testing         output code: 0
INFO     testing         running test '27' of validation source
INFO     testing         output code: 0
INFO     testing         running test '28' of validation source
INFO     testing         output code: 0
INFO     testing         running test '69' of validation source
INFO     testing         output code: 0
INFO     testing         running test '70' of validation source
INFO     testing         output code: 0
INFO     testing         running test '71' of validation source
INFO     testing         output code: 0
INFO     testing         running test '72' of validation source
INFO     testing         output code: 0
INFO     testing         running test '73' of validation source
INFO     testing         output code: 0
INFO     testing         running test '74' of validation source
INFO     testing         output code: 0
INFO     testing         running test '75' of validation source
INFO     testing         output code: 0
INFO     testing         running test '76' of validation source
INFO     testing         output code: 0
INFO     testing         running test '77' of validation source
INFO     testing         output code: 0
INFO     testing         running test '78' of validation source
INFO     testing         output code: 0
INFO     repair          patch successfully generated in 3m 9s (see libtiff-2021-Sep16-184019.patch)
SUCCESS
