[repair] benchmark: manybugs
[repair] subject: libtiff
[repair] version: 2010-12-13-96a5fb4-bdba15c
[repair] search: guided
[fetch] benchmark: manybugs
[fetch] subject: libtiff
[fetch] version: 2010-12-13-96a5fb4-bdba15c
[fetch] archive: libtiff-bug-2010-12-13-96a5fb4-bdba15c.tar.gz
[fetch] directory: libtiff-bug-2010-12-13-96a5fb4-bdba15c
--2019-07-29 16:53:25--  https://repairbenchmarks.cs.umass.edu/ManyBugs/scenarios//libtiff-bug-2010-12-13-96a5fb4-bdba15c.tar.gz
Resolving repairbenchmarks.cs.umass.edu (repairbenchmarks.cs.umass.edu)... 128.119.240.19
Connecting to repairbenchmarks.cs.umass.edu (repairbenchmarks.cs.umass.edu)|128.119.240.19|:443... connected.
HTTP request sent, awaiting response... 200 OK
Length: 18265474 (17M) [application/x-gzip]
Saving to: 'cache/libtiff-bug-2010-12-13-96a5fb4-bdba15c.tar.gz'

     0K .......... .......... .......... .......... ..........  0%  120K 2m29s
    50K .......... .......... .......... .......... ..........  0%  243K 1m51s
   100K .......... .......... .......... .......... ..........  0% 14.3M 74s
   150K .......... .......... .......... .......... ..........  1% 1.32M 59s
   200K .......... .......... .......... .......... ..........  1%  298K 59s
   250K .......... .......... .......... .......... ..........  1% 67.6M 49s
   300K .......... .......... .......... .......... ..........  1% 16.8M 42s
   350K .......... .......... .......... .......... ..........  2%  248K 45s
   400K .......... .......... .......... .......... ..........  2% 25.2M 40s
   450K .......... .......... .......... .......... ..........  2% 18.7M 36s
   500K .......... .......... .......... .......... ..........  3%  248K 39s
   550K .......... .......... .......... .......... ..........  3% 16.6M 36s
   600K .......... .......... .......... .......... ..........  3% 68.6M 33s
   650K .......... .......... .......... .......... ..........  3% 26.3M 31s
   700K .......... .......... .......... .......... ..........  4%  246K 33s
   750K .......... .......... .......... .......... ..........  4% 34.1M 31s
   800K .......... .......... .......... .......... ..........  4% 14.6M 29s
   850K .......... .......... .......... .......... ..........  5%  248K 31s
   900K .......... .......... .......... .......... ..........  5% 28.9M 29s
   950K .......... .......... .......... .......... ..........  5% 63.9M 28s
  1000K .......... .......... .......... .......... ..........  5% 15.6M 27s
  1050K .......... .......... .......... .......... ..........  6%  248K 28s
  1100K .......... .......... .......... .......... ..........  6% 45.2M 27s
  1150K .......... .......... .......... .......... ..........  6% 17.0M 26s
  1200K .......... .......... .......... .......... ..........  7%  619K 26s
  1250K .......... .......... .......... .......... ..........  7%  402K 26s
  1300K .......... .......... .......... .......... ..........  7% 67.7M 25s
  1350K .......... .......... .......... .......... ..........  7% 28.1M 24s
  1400K .......... .......... .......... .......... ..........  8%  248K 26s
  1450K .......... .......... .......... .......... ..........  8% 13.1M 25s
  1500K .......... .......... .......... .......... ..........  8% 54.4M 24s
  1550K .......... .......... .......... .......... ..........  8% 39.2M 23s
  1600K .......... .......... .......... .......... ..........  9%  246K 24s
  1650K .......... .......... .......... .......... ..........  9% 23.6M 24s
  1700K .......... .......... .......... .......... ..........  9% 21.6M 23s
  1750K .......... .......... .......... .......... .......... 10%  251K 24s
  1800K .......... .......... .......... .......... .......... 10% 16.5M 23s
  1850K .......... .......... .......... .......... .......... 10% 23.1M 23s
  1900K .......... .......... .......... .......... .......... 10% 22.5M 22s
  1950K .......... .......... .......... .......... .......... 11%  250K 23s
  2000K .......... .......... .......... .......... .......... 11% 11.9M 22s
  2050K .......... .......... .......... .......... .......... 11% 20.2M 22s
  2100K .......... .......... .......... .......... .......... 12% 1.35M 21s
  2150K .......... .......... .......... .......... .......... 12%  301K 22s
  2200K .......... .......... .......... .......... .......... 12% 20.3M 22s
  2250K .......... .......... .......... .......... .......... 12% 21.8M 21s
  2300K .......... .......... .......... .......... .......... 13%  631K 21s
  2350K .......... .......... .......... .......... .......... 13%  402K 21s
  2400K .......... .......... .......... .......... .......... 13% 48.1M 21s
  2450K .......... .......... .......... .......... .......... 14% 19.3M 20s
  2500K .......... .......... .......... .......... .......... 14%  248K 21s
  2550K .......... .......... .......... .......... .......... 14% 24.7M 21s
  2600K .......... .......... .......... .......... .......... 14% 21.4M 20s
  2650K .......... .......... .......... .......... .......... 15% 45.3M 20s
  2700K .......... .......... .......... .......... .......... 15%  248K 20s
  2750K .......... .......... .......... .......... .......... 15% 23.6M 20s
  2800K .......... .......... .......... .......... .......... 15% 19.9M 20s
  2850K .......... .......... .......... .......... .......... 16%  247K 20s
  2900K .......... .......... .......... .......... .......... 16% 11.7M 20s
  2950K .......... .......... .......... .......... .......... 16% 60.2M 19s
  3000K .......... .......... .......... .......... .......... 17% 70.9M 19s
  3050K .......... .......... .......... .......... .......... 17%  249K 20s
  3100K .......... .......... .......... .......... .......... 17% 10.9M 19s
  3150K .......... .......... .......... .......... .......... 17% 53.4M 19s
  3200K .......... .......... .......... .......... .......... 18% 43.3M 19s
  3250K .......... .......... .......... .......... .......... 18%  249K 19s
  3300K .......... .......... .......... .......... .......... 18% 12.2M 19s
  3350K .......... .......... .......... .......... .......... 19% 73.6M 18s
  3400K .......... .......... .......... .......... .......... 19% 57.8M 18s
  3450K .......... .......... .......... .......... .......... 19%  249K 19s
  3500K .......... .......... .......... .......... .......... 19% 11.3M 18s
  3550K .......... .......... .......... .......... .......... 20% 50.9M 18s
  3600K .......... .......... .......... .......... .......... 20% 1.41M 18s
  3650K .......... .......... .......... .......... .......... 20%  297K 18s
  3700K .......... .......... .......... .......... .......... 21% 8.27M 18s
  3750K .......... .......... .......... .......... .......... 21% 29.9M 18s
  3800K .......... .......... .......... .......... .......... 21% 86.8M 17s
  3850K .......... .......... .......... .......... .......... 21%  250K 18s
  3900K .......... .......... .......... .......... .......... 22% 10.6M 17s
  3950K .......... .......... .......... .......... .......... 22% 23.2M 17s
  4000K .......... .......... .......... .......... .......... 22% 63.9M 17s
  4050K .......... .......... .......... .......... .......... 22%  251K 17s
  4100K .......... .......... .......... .......... .......... 23% 11.6M 17s
  4150K .......... .......... .......... .......... .......... 23% 22.8M 17s
  4200K .......... .......... .......... .......... .......... 23% 54.9M 17s
  4250K .......... .......... .......... .......... .......... 24% 1.48M 16s
  4300K .......... .......... .......... .......... .......... 24%  293K 17s
  4350K .......... .......... .......... .......... .......... 24% 29.2M 16s
  4400K .......... .......... .......... .......... .......... 24% 52.8M 16s
  4450K .......... .......... .......... .......... .......... 25% 1.43M 16s
  4500K .......... .......... .......... .......... .......... 25%  301K 16s
  4550K .......... .......... .......... .......... .......... 25% 9.33M 16s
  4600K .......... .......... .......... .......... .......... 26% 48.7M 16s
  4650K .......... .......... .......... .......... .......... 26% 74.1M 16s
  4700K .......... .......... .......... .......... .......... 26%  645K 16s
  4750K .......... .......... .......... .......... .......... 26%  394K 16s
  4800K .......... .......... .......... .......... .......... 27% 14.2M 16s
  4850K .......... .......... .......... .......... .......... 27% 74.6M 15s
  4900K .......... .......... .......... .......... .......... 27% 1.49M 15s
  4950K .......... .......... .......... .......... .......... 28%  304K 15s
  5000K .......... .......... .......... .......... .......... 28% 6.04M 15s
  5050K .......... .......... .......... .......... .......... 28% 59.2M 15s
  5100K .......... .......... .......... .......... .......... 28% 22.2M 15s
  5150K .......... .......... .......... .......... .......... 29% 1.59M 15s
  5200K .......... .......... .......... .......... .......... 29%  302K 15s
  5250K .......... .......... .......... .......... .......... 29% 5.07M 15s
  5300K .......... .......... .......... .......... .......... 29% 61.7M 15s
  5350K .......... .......... .......... .......... .......... 30% 76.8M 14s
  5400K .......... .......... .......... .......... .......... 30% 1.55M 14s
  5450K .......... .......... .......... .......... .......... 30%  305K 14s
  5500K .......... .......... .......... .......... .......... 31% 5.17M 14s
  5550K .......... .......... .......... .......... .......... 31% 18.2M 14s
  5600K .......... .......... .......... .......... .......... 31% 78.5M 14s
  5650K .......... .......... .......... .......... .......... 31% 1.57M 14s
  5700K .......... .......... .......... .......... .......... 32%  308K 14s
  5750K .......... .......... .......... .......... .......... 32% 4.97M 14s
  5800K .......... .......... .......... .......... .......... 32% 18.1M 14s
  5850K .......... .......... .......... .......... .......... 33% 84.0M 13s
  5900K .......... .......... .......... .......... .......... 33% 93.7M 13s
  5950K .......... .......... .......... .......... .......... 33%  266K 13s
  6000K .......... .......... .......... .......... .......... 33% 3.36M 13s
  6050K .......... .......... .......... .......... .......... 34% 15.7M 13s
  6100K .......... .......... .......... .......... .......... 34% 74.3M 13s
  6150K .......... .......... .......... .......... .......... 34% 85.2M 13s
  6200K .......... .......... .......... .......... .......... 35% 1.58M 13s
  6250K .......... .......... .......... .......... .......... 35%  309K 13s
  6300K .......... .......... .......... .......... .......... 35% 4.59M 13s
  6350K .......... .......... .......... .......... .......... 35% 19.2M 13s
  6400K .......... .......... .......... .......... .......... 36% 73.4M 12s
  6450K .......... .......... .......... .......... .......... 36% 1.60M 12s
  6500K .......... .......... .......... .......... .......... 36%  309K 12s
  6550K .......... .......... .......... .......... .......... 37% 4.96M 12s
  6600K .......... .......... .......... .......... .......... 37% 16.3M 12s
  6650K .......... .......... .......... .......... .......... 37% 40.6M 12s
  6700K .......... .......... .......... .......... .......... 37% 73.6M 12s
  6750K .......... .......... .......... .......... .......... 38% 1.56M 12s
  6800K .......... .......... .......... .......... .......... 38%  292K 12s
  6850K .......... .......... .......... .......... .......... 38% 29.8M 12s
  6900K .......... .......... .......... .......... .......... 38% 36.4M 12s
  6950K .......... .......... .......... .......... .......... 39% 68.2M 12s
  7000K .......... .......... .......... .......... .......... 39% 1.60M 11s
  7050K .......... .......... .......... .......... .......... 39%  309K 12s
  7100K .......... .......... .......... .......... .......... 40% 2.46M 11s
  7150K .......... .......... .......... .......... .......... 40% 99.4M 11s
  7200K .......... .......... .......... .......... .......... 40% 87.5M 11s
  7250K .......... .......... .......... .......... .......... 40%  108M 11s
  7300K .......... .......... .......... .......... .......... 41%  275K 11s
  7350K .......... .......... .......... .......... .......... 41% 2.15M 11s
  7400K .......... .......... .......... .......... .......... 41% 24.8M 11s
  7450K .......... .......... .......... .......... .......... 42% 72.6M 11s
  7500K .......... .......... .......... .......... .......... 42% 75.9M 11s
  7550K .......... .......... .......... .......... .......... 42% 2.16M 11s
  7600K .......... .......... .......... .......... .......... 42%  303K 11s
  7650K .......... .......... .......... .......... .......... 43% 2.63M 11s
  7700K .......... .......... .......... .......... .......... 43% 72.4M 11s
  7750K .......... .......... .......... .......... .......... 43% 50.5M 10s
  7800K .......... .......... .......... .......... .......... 44% 63.2M 10s
  7850K .......... .......... .......... .......... .......... 44%  828K 10s
  7900K .......... .......... .......... .......... .......... 44%  399K 10s
  7950K .......... .......... .......... .......... .......... 44% 2.63M 10s
  8000K .......... .......... .......... .......... .......... 45% 29.5M 10s
  8050K .......... .......... .......... .......... .......... 45% 92.3M 10s
  8100K .......... .......... .......... .......... .......... 45% 2.31M 10s
  8150K .......... .......... .......... .......... .......... 45%  307K 10s
  8200K .......... .......... .......... .......... .......... 46% 2.42M 10s
  8250K .......... .......... .......... .......... .......... 46% 72.7M 10s
  8300K .......... .......... .......... .......... .......... 46% 21.7M 10s
  8350K .......... .......... .......... .......... .......... 47% 60.7M 10s
  8400K .......... .......... .......... .......... .......... 47%  839K 10s
  8450K .......... .......... .......... .......... .......... 47%  398K 10s
  8500K .......... .......... .......... .......... .......... 47% 2.69M 9s
  8550K .......... .......... .......... .......... .......... 48% 26.1M 9s
  8600K .......... .......... .......... .......... .......... 48% 28.6M 9s
  8650K .......... .......... .......... .......... .......... 48% 2.60M 9s
  8700K .......... .......... .......... .......... .......... 49%  308K 9s
  8750K .......... .......... .......... .......... .......... 49% 2.28M 9s
  8800K .......... .......... .......... .......... .......... 49% 52.4M 9s
  8850K .......... .......... .......... .......... .......... 49% 16.2M 9s
  8900K .......... .......... .......... .......... .......... 50% 87.5M 9s
  8950K .......... .......... .......... .......... .......... 50% 2.51M 9s
  9000K .......... .......... .......... .......... .......... 50%  304K 9s
  9050K .......... .......... .......... .......... .......... 51% 2.63M 9s
  9100K .......... .......... .......... .......... .......... 51% 33.0M 9s
  9150K .......... .......... .......... .......... .......... 51% 19.7M 9s
  9200K .......... .......... .......... .......... .......... 51% 2.47M 8s
  9250K .......... .......... .......... .......... .......... 52%  306K 9s
  9300K .......... .......... .......... .......... .......... 52% 2.65M 8s
  9350K .......... .......... .......... .......... .......... 52% 26.8M 8s
  9400K .......... .......... .......... .......... .......... 52% 23.3M 8s
  9450K .......... .......... .......... .......... .......... 53% 37.0M 8s
  9500K .......... .......... .......... .......... .......... 53% 2.49M 8s
  9550K .......... .......... .......... .......... .......... 53%  306K 8s
  9600K .......... .......... .......... .......... .......... 54% 2.58M 8s
  9650K .......... .......... .......... .......... .......... 54% 27.4M 8s
  9700K .......... .......... .......... .......... .......... 54% 11.8M 8s
  9750K .......... .......... .......... .......... .......... 54% 61.6M 8s
  9800K .......... .......... .......... .......... .......... 55% 2.76M 8s
  9850K .......... .......... .......... .......... .......... 55%  304K 8s
  9900K .......... .......... .......... .......... .......... 55% 2.65M 8s
  9950K .......... .......... .......... .......... .......... 56% 36.1M 8s
 10000K .......... .......... .......... .......... .......... 56% 10.8M 8s
 10050K .......... .......... .......... .......... .......... 56% 2.81M 7s
 10100K .......... .......... .......... .......... .......... 56%  318K 8s
 10150K .......... .......... .......... .......... .......... 57% 2.02M 7s
 10200K .......... .......... .......... .......... .......... 57% 16.9M 7s
 10250K .......... .......... .......... .......... .......... 57% 15.6M 7s
 10300K .......... .......... .......... .......... .......... 58% 23.5M 7s
 10350K .......... .......... .......... .......... .......... 58% 2.83M 7s
 10400K .......... .......... .......... .......... .......... 58%  304K 7s
 10450K .......... .......... .......... .......... .......... 58% 2.79M 7s
 10500K .......... .......... .......... .......... .......... 59% 23.4M 7s
 10550K .......... .......... .......... .......... .......... 59% 16.2M 7s
 10600K .......... .......... .......... .......... .......... 59% 21.7M 7s
 10650K .......... .......... .......... .......... .......... 59% 2.82M 7s
 10700K .......... .......... .......... .......... .......... 60%  304K 7s
 10750K .......... .......... .......... .......... .......... 60% 2.77M 7s
 10800K .......... .......... .......... .......... .......... 60% 22.0M 7s
 10850K .......... .......... .......... .......... .......... 61% 13.9M 7s
 10900K .......... .......... .......... .......... .......... 61% 31.0M 7s
 10950K .......... .......... .......... .......... .......... 61% 2.78M 6s
 11000K .......... .......... .......... .......... .......... 61%  305K 6s
 11050K .......... .......... .......... .......... .......... 62% 2.82M 6s
 11100K .......... .......... .......... .......... .......... 62% 21.9M 6s
 11150K .......... .......... .......... .......... .......... 62% 12.6M 6s
 11200K .......... .......... .......... .......... .......... 63% 31.9M 6s
 11250K .......... .......... .......... .......... .......... 63% 2.79M 6s
 11300K .......... .......... .......... .......... .......... 63%  305K 6s
 11350K .......... .......... .......... .......... .......... 63% 2.83M 6s
 11400K .......... .......... .......... .......... .......... 64% 18.8M 6s
 11450K .......... .......... .......... .......... .......... 64% 13.1M 6s
 11500K .......... .......... .......... .......... .......... 64% 35.6M 6s
 11550K .......... .......... .......... .......... .......... 65% 2.78M 6s
 11600K .......... .......... .......... .......... .......... 65%  306K 6s
 11650K .......... .......... .......... .......... .......... 65% 2.70M 6s
 11700K .......... .......... .......... .......... .......... 65% 23.2M 6s
 11750K .......... .......... .......... .......... .......... 66% 11.6M 6s
 11800K .......... .......... .......... .......... .......... 66% 57.7M 6s
 11850K .......... .......... .......... .......... .......... 66% 3.02M 5s
 11900K .......... .......... .......... .......... .......... 66% 1.13M 5s
 11950K .......... .......... .......... .......... .......... 67%  404K 5s
 12000K .......... .......... .......... .......... .......... 67% 2.79M 5s
 12050K .......... .......... .......... .......... .......... 67% 50.1M 5s
 12100K .......... .......... .......... .......... .......... 68% 9.79M 5s
 12150K .......... .......... .......... .......... .......... 68% 54.0M 5s
 12200K .......... .......... .......... .......... .......... 68% 2.11M 5s
 12250K .......... .......... .......... .......... .......... 68%  318K 5s
 12300K .......... .......... .......... .......... .......... 69% 2.62M 5s
 12350K .......... .......... .......... .......... .......... 69% 45.6M 5s
 12400K .......... .......... .......... .......... .......... 69% 9.56M 5s
 12450K .......... .......... .......... .......... .......... 70% 46.1M 5s
 12500K .......... .......... .......... .......... .......... 70% 2.13M 5s
 12550K .......... .......... .......... .......... .......... 70% 1.36M 5s
 12600K .......... .......... .......... .......... .......... 70%  357K 5s
 12650K .......... .......... .......... .......... .......... 71% 36.4M 5s
 12700K .......... .......... .......... .......... .......... 71% 43.2M 5s
 12750K .......... .......... .......... .......... .......... 71% 10.1M 5s
 12800K .......... .......... .......... .......... .......... 72% 52.2M 5s
 12850K .......... .......... .......... .......... .......... 72% 2.14M 4s
 12900K .......... .......... .......... .......... .......... 72%  319K 4s
 12950K .......... .......... .......... .......... .......... 72% 2.57M 4s
 13000K .......... .......... .......... .......... .......... 73% 20.9M 4s
 13050K .......... .......... .......... .......... .......... 73%  141M 4s
 13100K .......... .......... .......... .......... .......... 73% 10.3M 4s
 13150K .......... .......... .......... .......... .......... 74% 85.2M 4s
 13200K .......... .......... .......... .......... .......... 74% 2.14M 4s
 13250K .......... .......... .......... .......... .......... 74%  319K 4s
 13300K .......... .......... .......... .......... .......... 74% 2.55M 4s
 13350K .......... .......... .......... .......... .......... 75% 17.0M 4s
 13400K .......... .......... .......... .......... .......... 75% 65.1M 4s
 13450K .......... .......... .......... .......... .......... 75% 12.5M 4s
 13500K .......... .......... .......... .......... .......... 75% 71.7M 4s
 13550K .......... .......... .......... .......... .......... 76% 2.17M 4s
 13600K .......... .......... .......... .......... .......... 76%  318K 4s
 13650K .......... .......... .......... .......... .......... 76% 2.63M 4s
 13700K .......... .......... .......... .......... .......... 77% 14.1M 4s
 13750K .......... .......... .......... .......... .......... 77% 75.6M 4s
 13800K .......... .......... .......... .......... .......... 77% 14.3M 4s
 13850K .......... .......... .......... .......... .......... 77% 61.8M 3s
 13900K .......... .......... .......... .......... .......... 78% 2.10M 3s
 13950K .......... .......... .......... .......... .......... 78% 1.41M 3s
 14000K .......... .......... .......... .......... .......... 78%  358K 3s
 14050K .......... .......... .......... .......... .......... 79% 21.1M 3s
 14100K .......... .......... .......... .......... .......... 79% 29.3M 3s
 14150K .......... .......... .......... .......... .......... 79% 17.5M 3s
 14200K .......... .......... .......... .......... .......... 79% 27.4M 3s
 14250K .......... .......... .......... .......... .......... 80% 2.48M 3s
 14300K .......... .......... .......... .......... .......... 80% 9.55M 3s
 14350K .......... .......... .......... .......... .......... 80%  322K 3s
 14400K .......... .......... .......... .......... .......... 81% 2.43M 3s
 14450K .......... .......... .......... .......... .......... 81% 18.6M 3s
 14500K .......... .......... .......... .......... .......... 81% 70.5M 3s
 14550K .......... .......... .......... .......... .......... 81% 18.0M 3s
 14600K .......... .......... .......... .......... .......... 82% 39.6M 3s
 14650K .......... .......... .......... .......... .......... 82% 2.06M 3s
 14700K .......... .......... .......... .......... .......... 82% 1.44M 3s
 14750K .......... .......... .......... .......... .......... 82%  410K 3s
 14800K .......... .......... .......... .......... .......... 83% 2.31M 3s
 14850K .......... .......... .......... .......... .......... 83% 39.4M 3s
 14900K .......... .......... .......... .......... .......... 83% 24.9M 2s
 14950K .......... .......... .......... .......... .......... 84% 36.3M 2s
 15000K .......... .......... .......... .......... .......... 84% 39.2M 2s
 15050K .......... .......... .......... .......... .......... 84% 2.04M 2s
 15100K .......... .......... .......... .......... .......... 84% 1.44M 2s
 15150K .......... .......... .......... .......... .......... 85%  408K 2s
 15200K .......... .......... .......... .......... .......... 85% 2.42M 2s
 15250K .......... .......... .......... .......... .......... 85% 38.4M 2s
 15300K .......... .......... .......... .......... .......... 86% 33.1M 2s
 15350K .......... .......... .......... .......... .......... 86% 23.2M 2s
 15400K .......... .......... .......... .......... .......... 86% 48.6M 2s
 15450K .......... .......... .......... .......... .......... 86% 2.09M 2s
 15500K .......... .......... .......... .......... .......... 87% 1.43M 2s
 15550K .......... .......... .......... .......... .......... 87%  410K 2s
 15600K .......... .......... .......... .......... .......... 87% 2.29M 2s
 15650K .......... .......... .......... .......... .......... 88% 50.3M 2s
 15700K .......... .......... .......... .......... .......... 88% 59.3M 2s
 15750K .......... .......... .......... .......... .......... 88% 21.7M 2s
 15800K .......... .......... .......... .......... .......... 88% 32.9M 2s
 15850K .......... .......... .......... .......... .......... 89% 58.8M 2s
 15900K .......... .......... .......... .......... .......... 89% 2.04M 2s
 15950K .......... .......... .......... .......... .......... 89%  333K 2s
 16000K .......... .......... .......... .......... .......... 89% 2.14M 1s
 16050K .......... .......... .......... .......... .......... 90% 14.0M 1s
 16100K .......... .......... .......... .......... .......... 90% 35.3M 1s
 16150K .......... .......... .......... .......... .......... 90% 86.3M 1s
 16200K .......... .......... .......... .......... .......... 91% 24.3M 1s
 16250K .......... .......... .......... .......... .......... 91% 18.7M 1s
 16300K .......... .......... .......... .......... .......... 91% 2.23M 1s
 16350K .......... .......... .......... .......... .......... 91% 1.40M 1s
 16400K .......... .......... .......... .......... .......... 92%  409K 1s
 16450K .......... .......... .......... .......... .......... 92% 2.41M 1s
 16500K .......... .......... .......... .......... .......... 92% 56.0M 1s
 16550K .......... .......... .......... .......... .......... 93% 39.4M 1s
 16600K .......... .......... .......... .......... .......... 93% 77.4M 1s
 16650K .......... .......... .......... .......... .......... 93% 10.3M 1s
 16700K .......... .......... .......... .......... .......... 93%  112M 1s
 16750K .......... .......... .......... .......... .......... 94% 2.45M 1s
 16800K .......... .......... .......... .......... .......... 94% 1.30M 1s
 16850K .......... .......... .......... .......... .......... 94%  411K 1s
 16900K .......... .......... .......... .......... .......... 95% 2.93M 1s
 16950K .......... .......... .......... .......... .......... 95% 7.77M 1s
 17000K .......... .......... .......... .......... .......... 95% 31.7M 1s
 17050K .......... .......... .......... .......... .......... 95% 73.5M 1s
 17100K .......... .......... .......... .......... .......... 96% 45.3M 1s
 17150K .......... .......... .......... .......... .......... 96% 28.8M 1s
 17200K .......... .......... .......... .......... .......... 96% 1.88M 0s
 17250K .......... .......... .......... .......... .......... 96% 22.7M 0s
 17300K .......... .......... .......... .......... .......... 97%  337K 0s
 17350K .......... .......... .......... .......... .......... 97% 16.3M 0s
 17400K .......... .......... .......... .......... .......... 97% 2.14M 0s
 17450K .......... .......... .......... .......... .......... 98% 76.1M 0s
 17500K .......... .......... .......... .......... .......... 98% 41.0M 0s
 17550K .......... .......... .......... .......... .......... 98% 41.3M 0s
 17600K .......... .......... .......... .......... .......... 98% 38.5M 0s
 17650K .......... .......... .......... .......... .......... 99% 96.6M 0s
 17700K .......... .......... .......... .......... .......... 99% 1.81M 0s
 17750K .......... .......... .......... .......... .......... 99% 1.75M 0s
 17800K .......... .......... .......... .......              100%  861K=14s

2019-07-29 16:53:40 (1.23 MB/s) - 'cache/libtiff-bug-2010-12-13-96a5fb4-bdba15c.tar.gz' saved [18265474/18265474]

[fetch] preparing source code
[fetch] golden_directory: libtiff-fix-2010-12-13-96a5fb4-bdba15c
[fetch] clean-source libtiff-bug-2010-12-13-96a5fb4-bdba15c
[fetch] /angelix-experiments/libtiff-bug-2010-12-13-96a5fb4-bdba15c/libtiff/configure
[fetch] make clean
[fetch] clean-source libtiff-fix-2010-12-13-96a5fb4-bdba15c
[fetch] restore-buggy libtiff-bug-2010-12-13-96a5fb4-bdba15c
[fetch] /angelix-experiments/libtiff-fix-2010-12-13-96a5fb4-bdba15c/libtiff/configure
[fetch] make clean
[fetch] buggy: tools/tiffcrop.c
[fetch] buggy_preprocessed: libtiff-bug-2010-12-13-96a5fb4-bdba15c/libtiff/tools/tiffcrop.c
[fetch] buggy_version: 96a5fb4
[fetch] buggy_original: libtiff-bug-2010-12-13-96a5fb4-bdba15c/diffs/tools/tiffcrop.c-96a5fb4
[fetch] restore-correct libtiff-fix-2010-12-13-96a5fb4-bdba15c
[fetch] restored libtiff-fix-2010-12-13-96a5fb4-bdba15c/libtiff/tools/tiffcrop.c with libtiff-fix-2010-12-13-96a5fb4-bdba15c/diffs/tools/tiffcrop.c-bdba15c
[fetch] fetch done
[repair] options: --defect
if-conditions
loop-conditions
--angelic-search-strategy
guided
--search-max-trials
100
--max-same-cost-iter
20
--one-bit-flip-prob
0.5
--mcmc-beta
0.8
--penalty1
4
--penalty2
2
--default-max-cost
300000000
--default-non-zero-cost
300000000
--initial-tests
1
--suspicious
60  --ignore-lines --quiet --all-suspicious --group-size 1 --test-timeout 60
[repair-libtiff] options:  --defect if-conditions loop-conditions --angelic-search-strategy guided --search-max-trials 100 --max-same-cost-iter 20 --one-bit-flip-prob 0.5 --mcmc-beta 0.8 --penalty1 4 --penalty2 2 --default-max-cost 300000000 --default-non-zero-cost 300000000 --initial-tests 1 --suspicious 60 --ignore-lines --quiet --all-suspicious --group-size 1 --test-timeout 60
[repair-libtiff] instrument libtiff-bug-2010-12-13-96a5fb4-bdba15c/libtiff/test/Makefile.in
[repair-libtiff] instrument libtiff-bug-2010-12-13-96a5fb4-bdba15c/libtiff/tools/tiff2pdf.c
[repair-libtiff] instrument libtiff-bug-2010-12-13-96a5fb4-bdba15c/libtiff/tools/tiff2pdf.c
[repair-libtiff] instrument libtiff-bug-2010-12-13-96a5fb4-bdba15c/libtiff/tools/tiff2pdf.c
[repair-libtiff] instrument libtiff-bug-2010-12-13-96a5fb4-bdba15c/libtiff/tools/tiff2pdf.c
[repair-libtiff] instrument libtiff-bug-2010-12-13-96a5fb4-bdba15c/libtiff/libtiff/tif_error.c
[repair-libtiff] instrument libtiff-bug-2010-12-13-96a5fb4-bdba15c/libtiff/libtiff/tif_error.c
[repair-libtiff] instrument libtiff-fix-2010-12-13-96a5fb4-bdba15c/libtiff/test/Makefile.in
[repair-libtiff] instrument libtiff-fix-2010-12-13-96a5fb4-bdba15c/libtiff/tools/tiff2pdf.c
[repair-libtiff] instrument libtiff-fix-2010-12-13-96a5fb4-bdba15c/libtiff/tools/tiff2pdf.c
[repair-libtiff] instrument libtiff-fix-2010-12-13-96a5fb4-bdba15c/libtiff/tools/tiff2pdf.c
[repair-libtiff] instrument libtiff-fix-2010-12-13-96a5fb4-bdba15c/libtiff/tools/tiff2pdf.c
[repair-libtiff] instrument libtiff-fix-2010-12-13-96a5fb4-bdba15c/libtiff/libtiff/tif_error.c
[repair-libtiff] instrument libtiff-fix-2010-12-13-96a5fb4-bdba15c/libtiff/libtiff/tif_error.c
WARNING  testing         ANGELIX_RUN is not executed by test 1
WARNING  testing         ANGELIX_RUN is not executed by test 2
WARNING  testing         ANGELIX_RUN is not executed by test 3
WARNING  testing         ANGELIX_RUN is not executed by test 4
WARNING  testing         ANGELIX_RUN is not executed by test 5
WARNING  testing         ANGELIX_RUN is not executed by test 6
WARNING  testing         ANGELIX_RUN is not executed by test 7
WARNING  testing         ANGELIX_RUN is not executed by test 8
WARNING  testing         ANGELIX_RUN is not executed by test 9
WARNING  testing         ANGELIX_RUN is not executed by test 10
WARNING  testing         ANGELIX_RUN is not executed by test 11
WARNING  testing         ANGELIX_RUN is not executed by test 12
WARNING  testing         ANGELIX_RUN is not executed by test 13
WARNING  testing         ANGELIX_RUN is not executed by test 14
WARNING  testing         ANGELIX_RUN is not executed by test 15
WARNING  testing         ANGELIX_RUN is not executed by test 16
WARNING  testing         ANGELIX_RUN is not executed by test 17
WARNING  testing         ANGELIX_RUN is not executed by test 18
WARNING  testing         ANGELIX_RUN is not executed by test 19
WARNING  testing         ANGELIX_RUN is not executed by test 20
WARNING  testing         ANGELIX_RUN is not executed by test 21
WARNING  testing         ANGELIX_RUN is not executed by test 24
WARNING  testing         ANGELIX_RUN is not executed by test 25
WARNING  testing         ANGELIX_RUN is not executed by test 26
WARNING  testing         ANGELIX_RUN is not executed by test 27
WARNING  testing         ANGELIX_RUN is not executed by test 29
WARNING  testing         ANGELIX_RUN is not executed by test 30
WARNING  testing         ANGELIX_RUN is not executed by test 31
WARNING  testing         ANGELIX_RUN is not executed by test 32
WARNING  testing         ANGELIX_RUN is not executed by test 33
WARNING  testing         ANGELIX_RUN is not executed by test 34
WARNING  testing         ANGELIX_RUN is not executed by test 35
WARNING  testing         ANGELIX_RUN is not executed by test 36
WARNING  testing         ANGELIX_RUN is not executed by test 37
WARNING  testing         ANGELIX_RUN is not executed by test 38
WARNING  testing         ANGELIX_RUN is not executed by test 42
WARNING  testing         ANGELIX_RUN is not executed by test 50
WARNING  testing         ANGELIX_RUN is not executed by test 51
WARNING  testing         ANGELIX_RUN is not executed by test 52
WARNING  testing         ANGELIX_RUN is not executed by test 53
WARNING  testing         ANGELIX_RUN is not executed by test 54
WARNING  testing         ANGELIX_RUN is not executed by test 55
WARNING  testing         ANGELIX_RUN is not executed by test 56
WARNING  testing         ANGELIX_RUN is not executed by test 57
WARNING  testing         ANGELIX_RUN is not executed by test 58
WARNING  testing         ANGELIX_RUN is not executed by test 59
WARNING  testing         ANGELIX_RUN is not executed by test 60
WARNING  testing         ANGELIX_RUN is not executed by test 61
WARNING  testing         ANGELIX_RUN is not executed by test 62
WARNING  testing         ANGELIX_RUN is not executed by test 63
WARNING  testing         ANGELIX_RUN is not executed by test 64
WARNING  testing         ANGELIX_RUN is not executed by test 65
WARNING  testing         ANGELIX_RUN is not executed by test 66
WARNING  testing         ANGELIX_RUN is not executed by test 67
WARNING  testing         ANGELIX_RUN is not executed by test 68
WARNING  testing         ANGELIX_RUN is not executed by test 69
WARNING  testing         ANGELIX_RUN is not executed by test 70
WARNING  testing         ANGELIX_RUN is not executed by test 71
WARNING  testing         ANGELIX_RUN is not executed by test 72
WARNING  testing         ANGELIX_RUN is not executed by test 73
WARNING  testing         ANGELIX_RUN is not executed by test 74
WARNING  testing         ANGELIX_RUN is not executed by test 75
WARNING  testing         ANGELIX_RUN is not executed by test 76
WARNING  testing         ANGELIX_RUN is not executed by test 77
WARNING  testing         ANGELIX_RUN is not executed by test 78
INFO     pymc3           Sequential sampling (1 chains in 1 job)
INFO     pymc3           Metropolis: [p]
WARNING  guided_infer    DD failed (ebits)
SUCCESS
