[repair] benchmark: manybugs
[repair] subject: libtiff
[repair] version: 2007-11-02-371336d-865f7b2
[repair] search: guided
[fetch] benchmark: manybugs
[fetch] subject: libtiff
[fetch] version: 2007-11-02-371336d-865f7b2
[fetch] archive: libtiff-bug-2007-11-02-371336d-865f7b2.tar.gz
[fetch] directory: libtiff-bug-2007-11-02-371336d-865f7b2
--2019-07-29 11:12:09--  https://repairbenchmarks.cs.umass.edu/ManyBugs/scenarios//libtiff-bug-2007-11-02-371336d-865f7b2.tar.gz
Resolving repairbenchmarks.cs.umass.edu (repairbenchmarks.cs.umass.edu)... 128.119.240.19
Connecting to repairbenchmarks.cs.umass.edu (repairbenchmarks.cs.umass.edu)|128.119.240.19|:443... connected.
HTTP request sent, awaiting response... 200 OK
Length: 14904958 (14M) [application/x-gzip]
Saving to: 'cache/libtiff-bug-2007-11-02-371336d-865f7b2.tar.gz'

     0K .......... .......... .......... .......... ..........  0%  131K 1m51s
    50K .......... .......... .......... .......... ..........  0%  263K 83s
   100K .......... .......... .......... .......... ..........  1%  262K 73s
   150K .......... .......... .......... .......... ..........  1%  187M 55s
   200K .......... .......... .......... .......... ..........  1%  195M 44s
   250K .......... .......... .......... .......... ..........  2% 11.1M 36s
   300K .......... .......... .......... .......... ..........  2%  270K 39s
   350K .......... .......... .......... .......... ..........  2% 10.3M 34s
   400K .......... .......... .......... .......... ..........  3%  133K 42s
   450K .......... .......... .......... .......... ..........  3% 71.9M 37s
   500K .......... .......... .......... .......... ..........  3% 88.6M 34s
   550K .......... .......... .......... .......... ..........  4% 1.14M 32s
   600K .......... .......... .......... .......... ..........  4%  336K 33s
   650K .......... .......... .......... .......... ..........  4%  267K 34s
   700K .......... .......... .......... .......... ..........  5% 11.1M 32s
   750K .......... .......... .......... .......... ..........  5%  268K 33s
   800K .......... .......... .......... .......... ..........  5%  264K 34s
   850K .......... .......... .......... .......... ..........  6% 12.8M 32s
   900K .......... .......... .......... .......... ..........  6%  268K 33s
   950K .......... .......... .......... .......... ..........  6% 1.09M 32s
  1000K .......... .......... .......... .......... ..........  7%  342K 32s
  1050K .......... .......... .......... .......... ..........  7%  264K 33s
  1100K .......... .......... .......... .......... ..........  7% 24.7M 31s
  1150K .......... .......... .......... .......... ..........  8%  265K 32s
  1200K .......... .......... .......... .......... ..........  8% 14.8M 30s
  1250K .......... .......... .......... .......... ..........  8%  267K 31s
  1300K .......... .......... .......... .......... ..........  9% 1.10M 30s
  1350K .......... .......... .......... .......... ..........  9%  342K 30s
  1400K .......... .......... .......... .......... ..........  9%  265K 31s
  1450K .......... .......... .......... .......... .......... 10% 33.3M 30s
  1500K .......... .......... .......... .......... .......... 10%  265K 30s
  1550K .......... .......... .......... .......... .......... 10% 22.1M 29s
  1600K .......... .......... .......... .......... .......... 11%  265K 30s
  1650K .......... .......... .......... .......... .......... 11% 9.38M 29s
  1700K .......... .......... .......... .......... .......... 12%  270K 29s
  1750K .......... .......... .......... .......... .......... 12%  256K 30s
  1800K .......... .......... .......... .......... .......... 12% 77.0M 29s
  1850K .......... .......... .......... .......... .......... 13%  273K 29s
  1900K .......... .......... .......... .......... .......... 13% 1.10M 29s
  1950K .......... .......... .......... .......... .......... 13%  336K 29s
  2000K .......... .......... .......... .......... .......... 14%  263K 29s
  2050K .......... .......... .......... .......... .......... 14%  266K 29s
  2100K .......... .......... .......... .......... .......... 14% 5.96M 29s
  2150K .......... .......... .......... .......... .......... 15%  271K 29s
  2200K .......... .......... .......... .......... .......... 15%  548K 29s
  2250K .......... .......... .......... .......... .......... 15%  496K 28s
  2300K .......... .......... .......... .......... .......... 16%  269K 29s
  2350K .......... .......... .......... .......... .......... 16% 7.00M 28s
  2400K .......... .......... .......... .......... .......... 16%  269K 28s
  2450K .......... .......... .......... .......... .......... 17%  267K 28s
  2500K .......... .......... .......... .......... .......... 17% 9.13M 28s
  2550K .......... .......... .......... .......... .......... 17%  270K 28s
  2600K .......... .......... .......... .......... .......... 18% 9.60M 27s
  2650K .......... .......... .......... .......... .......... 18%  268K 28s
  2700K .......... .......... .......... .......... .......... 18% 7.53M 27s
  2750K .......... .......... .......... .......... .......... 19%  271K 27s
  2800K .......... .......... .......... .......... .......... 19%  262K 27s
  2850K .......... .......... .......... .......... .......... 19% 26.2M 27s
  2900K .......... .......... .......... .......... .......... 20%  266K 27s
  2950K .......... .......... .......... .......... .......... 20% 15.9M 26s
  3000K .......... .......... .......... .......... .......... 20%  267K 27s
  3050K .......... .......... .......... .......... .......... 21% 14.2M 26s
  3100K .......... .......... .......... .......... .......... 21%  267K 26s
  3150K .......... .......... .......... .......... .......... 21% 14.9M 26s
  3200K .......... .......... .......... .......... .......... 22%  263K 26s
  3250K .......... .......... .......... .......... .......... 22%  573K 26s
  3300K .......... .......... .......... .......... .......... 23%  478K 25s
  3350K .......... .......... .......... .......... .......... 23%  394K 25s
  3400K .......... .......... .......... .......... .......... 23%  786K 25s
  3450K .......... .......... .......... .......... .......... 24%  133K 26s
  3500K .......... .......... .......... .......... .......... 24% 85.4M 25s
  3550K .......... .......... .......... .......... .......... 24% 90.3M 25s
  3600K .......... .......... .......... .......... .......... 25%  256K 25s
  3650K .......... .......... .......... .......... .......... 25%  270K 25s
  3700K .......... .......... .......... .......... .......... 25%  263K 25s
  3750K .......... .......... .......... .......... .......... 26%  263K 25s
  3800K .......... .......... .......... .......... .......... 26%  262K 25s
  3850K .......... .......... .......... .......... .......... 26%  261K 25s
  3900K .......... .......... .......... .......... .......... 27%  176K 26s
  3950K .......... .......... .......... .......... .......... 27% 91.3M 25s
  4000K .......... .......... .......... .......... .......... 27%  168K 26s
  4050K .......... .......... .......... .......... .......... 28%  222K 26s
  4100K .......... .......... .......... .......... .......... 28%  263K 26s
  4150K .......... .......... .......... .......... .......... 28%  263K 26s
  4200K .......... .......... .......... .......... .......... 29%  263K 26s
  4250K .......... .......... .......... .......... .......... 29%  315K 26s
  4300K .......... .......... .......... .......... .......... 29%  262K 26s
  4350K .......... .......... .......... .......... .......... 30%  276K 26s
  4400K .......... .......... .......... .......... .......... 30%  217K 26s
  4450K .......... .......... .......... .......... .......... 30%  315K 26s
  4500K .......... .......... .......... .......... .......... 31%  275K 26s
  4550K .......... .......... .......... .......... .......... 31%  266K 26s
  4600K .......... .......... .......... .......... .......... 31%  267K 26s
  4650K .......... .......... .......... .......... .......... 32%  375K 26s
  4700K .......... .......... .......... .......... .......... 32%  314K 26s
  4750K .......... .......... .......... .......... .......... 32%  262K 26s
  4800K .......... .......... .......... .......... .......... 33%  226K 26s
  4850K .......... .......... .......... .......... .......... 33%  313K 26s
  4900K .......... .......... .......... .......... .......... 34%  260K 26s
  4950K .......... .......... .......... .......... .......... 34%  460K 26s
  5000K .......... .......... .......... .......... .......... 34%  263K 25s
  5050K .......... .......... .......... .......... .......... 35%  284K 25s
  5100K .......... .......... .......... .......... .......... 35%  264K 25s
  5150K .......... .......... .......... .......... .......... 35%  293K 25s
  5200K .......... .......... .......... .......... .......... 36%  238K 25s
  5250K .......... .......... .......... .......... .......... 36%  396K 25s
  5300K .......... .......... .......... .......... .......... 36%  307K 25s
  5350K .......... .......... .......... .......... .......... 37%  263K 25s
  5400K .......... .......... .......... .......... .......... 37%  463K 25s
  5450K .......... .......... .......... .......... .......... 37%  285K 25s
  5500K .......... .......... .......... .......... .......... 38%  296K 25s
  5550K .......... .......... .......... .......... .......... 38%  419K 25s
  5600K .......... .......... .......... .......... .......... 38%  261K 24s
  5650K .......... .......... .......... .......... .......... 39%  448K 24s
  5700K .......... .......... .......... .......... .......... 39%  295K 24s
  5750K .......... .......... .......... .......... .......... 39%  503K 24s
  5800K .......... .......... .......... .......... .......... 40%  388K 24s
  5850K .......... .......... .......... .......... .......... 40%  328K 24s
  5900K .......... .......... .......... .......... .......... 40%  502K 24s
  5950K .......... .......... .......... .......... .......... 41%  449K 23s
  6000K .......... .......... .......... .......... .......... 41%  294K 23s
  6050K .......... .......... .......... .......... .......... 41%  504K 23s
  6100K .......... .......... .......... .......... .......... 42%  533K 23s
  6150K .......... .......... .......... .......... .......... 42%  517K 23s
  6200K .......... .......... .......... .......... .......... 42%  510K 23s
  6250K .......... .......... .......... .......... .......... 43%  538K 22s
  6300K .......... .......... .......... .......... .......... 43%  515K 22s
  6350K .......... .......... .......... .......... .......... 43%  540K 22s
  6400K .......... .......... .......... .......... .......... 44%  436K 22s
  6450K .......... .......... .......... .......... .......... 44%  654K 22s
  6500K .......... .......... .......... .......... .......... 44%  510K 21s
  6550K .......... .......... .......... .......... .......... 45%  548K 21s
  6600K .......... .......... .......... .......... .......... 45%  704K 21s
  6650K .......... .......... .......... .......... .......... 46% 1.11M 21s
  6700K .......... .......... .......... .......... .......... 46%  474K 21s
  6750K .......... .......... .......... .......... .......... 46%  711K 20s
  6800K .......... .......... .......... .......... .......... 47%  554K 20s
  6850K .......... .......... .......... .......... .......... 47%  705K 20s
  6900K .......... .......... .......... .......... .......... 47% 1.13M 20s
  6950K .......... .......... .......... .......... .......... 48%  652K 20s
  7000K .......... .......... .......... .......... .......... 48%  581K 19s
  7050K .......... .......... .......... .......... .......... 48% 1.75M 19s
  7100K .......... .......... .......... .......... .......... 49%  652K 19s
  7150K .......... .......... .......... .......... .......... 49%  702K 19s
  7200K .......... .......... .......... .......... .......... 49%  781K 19s
  7250K .......... .......... .......... .......... .......... 50%  911K 18s
  7300K .......... .......... .......... .......... .......... 50%  698K 18s
  7350K .......... .......... .......... .......... .......... 50% 1.20M 18s
  7400K .......... .......... .......... .......... .......... 51%  641K 18s
  7450K .......... .......... .......... .......... .......... 51%  737K 18s
  7500K .......... .......... .......... .......... .......... 51% 1.34M 18s
  7550K .......... .......... .......... .......... .......... 52% 1.59M 17s
  7600K .......... .......... .......... .......... .......... 52%  580K 17s
  7650K .......... .......... .......... .......... .......... 52% 1.22M 17s
  7700K .......... .......... .......... .......... .......... 53% 1.20M 17s
  7750K .......... .......... .......... .......... .......... 53%  642K 17s
  7800K .......... .......... .......... .......... .......... 53% 1.54M 16s
  7850K .......... .......... .......... .......... .......... 54% 1.22M 16s
  7900K .......... .......... .......... .......... .......... 54% 1.44M 16s
  7950K .......... .......... .......... .......... .......... 54% 1.60M 16s
  8000K .......... .......... .......... .......... .......... 55%  575K 16s
  8050K .......... .......... .......... .......... .......... 55% 1.26M 15s
  8100K .......... .......... .......... .......... .......... 55% 1.43M 15s
  8150K .......... .......... .......... .......... .......... 56% 1.58M 15s
  8200K .......... .......... .......... .......... .......... 56%  872K 15s
  8250K .......... .......... .......... .......... .......... 57%  769K 15s
  8300K .......... .......... .......... .......... .......... 57% 1.33M 15s
  8350K .......... .......... .......... .......... .......... 57% 3.92M 14s
  8400K .......... .......... .......... .......... .......... 58%  661K 14s
  8450K .......... .......... .......... .......... .......... 58% 1.54M 14s
  8500K .......... .......... .......... .......... .......... 58% 1.33M 14s
  8550K .......... .......... .......... .......... .......... 59% 1.39M 14s
  8600K .......... .......... .......... .......... .......... 59% 4.22M 14s
  8650K .......... .......... .......... .......... .......... 59%  668K 13s
  8700K .......... .......... .......... .......... .......... 60% 1.68M 13s
  8750K .......... .......... .......... .......... .......... 60% 1.27M 13s
  8800K .......... .......... .......... .......... .......... 60% 1.34M 13s
  8850K .......... .......... .......... .......... .......... 61% 4.28M 13s
  8900K .......... .......... .......... .......... .......... 61%  663K 13s
  8950K .......... .......... .......... .......... .......... 61% 6.97M 12s
  9000K .......... .......... .......... .......... .......... 62%  797K 12s
  9050K .......... .......... .......... .......... .......... 62% 2.27M 12s
  9100K .......... .......... .......... .......... .......... 62% 2.89M 12s
  9150K .......... .......... .......... .......... .......... 63% 1.63M 12s
  9200K .......... .......... .......... .......... .......... 63%  852K 12s
  9250K .......... .......... .......... .......... .......... 63% 1.85M 11s
  9300K .......... .......... .......... .......... .......... 64% 1.32M 11s
  9350K .......... .......... .......... .......... .......... 64% 1.47M 11s
  9400K .......... .......... .......... .......... .......... 64% 4.19M 11s
  9450K .......... .......... .......... .......... .......... 65% 2.05M 11s
  9500K .......... .......... .......... .......... .......... 65%  830K 11s
  9550K .......... .......... .......... .......... .......... 65% 2.03M 11s
  9600K .......... .......... .......... .......... .......... 66% 1.26M 10s
  9650K .......... .......... .......... .......... .......... 66% 1.53M 10s
  9700K .......... .......... .......... .......... .......... 66% 9.32M 10s
  9750K .......... .......... .......... .......... .......... 67% 1.63M 10s
  9800K .......... .......... .......... .......... .......... 67%  826K 10s
  9850K .......... .......... .......... .......... .......... 68% 2.35M 10s
  9900K .......... .......... .......... .......... .......... 68% 1.22M 10s
  9950K .......... .......... .......... .......... .......... 68% 2.20M 9s
 10000K .......... .......... .......... .......... .......... 69% 3.90M 9s
 10050K .......... .......... .......... .......... .......... 69% 4.37M 9s
 10100K .......... .......... .......... .......... .......... 69%  667K 9s
 10150K .......... .......... .......... .......... .......... 70% 5.49M 9s
 10200K .......... .......... .......... .......... .......... 70% 2.05M 9s
 10250K .......... .......... .......... .......... .......... 70% 1.32M 9s
 10300K .......... .......... .......... .......... .......... 71% 2.16M 9s
 10350K .......... .......... .......... .......... .......... 71% 3.35M 8s
 10400K .......... .......... .......... .......... .......... 71% 5.74M 8s
 10450K .......... .......... .......... .......... .......... 72%  664K 8s
 10500K .......... .......... .......... .......... .......... 72% 5.91M 8s
 10550K .......... .......... .......... .......... .......... 72% 2.10M 8s
 10600K .......... .......... .......... .......... .......... 73% 1.26M 8s
 10650K .......... .......... .......... .......... .......... 73% 2.13M 8s
 10700K .......... .......... .......... .......... .......... 73% 4.89M 7s
 10750K .......... .......... .......... .......... .......... 74% 6.27M 7s
 10800K .......... .......... .......... .......... .......... 74% 1.83M 7s
 10850K .......... .......... .......... .......... .......... 74%  822K 7s
 10900K .......... .......... .......... .......... .......... 75% 67.3M 7s
 10950K .......... .......... .......... .......... .......... 75%  847K 7s
 11000K .......... .......... .......... .......... .......... 75% 18.8M 7s
 11050K .......... .......... .......... .......... .......... 76% 1.98M 7s
 11100K .......... .......... .......... .......... .......... 76% 4.40M 7s
 11150K .......... .......... .......... .......... .......... 76% 10.5M 6s
 11200K .......... .......... .......... .......... .......... 77% 1.81M 6s
 11250K .......... .......... .......... .......... .......... 77%  820K 6s
 11300K .......... .......... .......... .......... .......... 77% 43.5M 6s
 11350K .......... .......... .......... .......... .......... 78% 2.06M 6s
 11400K .......... .......... .......... .......... .......... 78% 1.33M 6s
 11450K .......... .......... .......... .......... .......... 79% 1.98M 6s
 11500K .......... .......... .......... .......... .......... 79% 5.13M 6s
 11550K .......... .......... .......... .......... .......... 79% 8.20M 5s
 11600K .......... .......... .......... .......... .......... 80% 1.88M 5s
 11650K .......... .......... .......... .......... .......... 80%  909K 5s
 11700K .......... .......... .......... .......... .......... 80% 5.83M 5s
 11750K .......... .......... .......... .......... .......... 81% 2.30M 5s
 11800K .......... .......... .......... .......... .......... 81% 1.27M 5s
 11850K .......... .......... .......... .......... .......... 81% 34.4M 5s
 11900K .......... .......... .......... .......... .......... 82% 1.98M 5s
 11950K .......... .......... .......... .......... .......... 82% 4.50M 5s
 12000K .......... .......... .......... .......... .......... 82% 5.58M 5s
 12050K .......... .......... .......... .......... .......... 83% 2.15M 4s
 12100K .......... .......... .......... .......... .......... 83%  930K 4s
 12150K .......... .......... .......... .......... .......... 83% 5.56M 4s
 12200K .......... .......... .......... .......... .......... 84% 2.34M 4s
 12250K .......... .......... .......... .......... .......... 84% 1.23M 4s
 12300K .......... .......... .......... .......... .......... 84% 78.8M 4s
 12350K .......... .......... .......... .......... .......... 85% 2.07M 4s
 12400K .......... .......... .......... .......... .......... 85% 4.16M 4s
 12450K .......... .......... .......... .......... .......... 85% 12.1M 4s
 12500K .......... .......... .......... .......... .......... 86% 10.1M 4s
 12550K .......... .......... .......... .......... .......... 86%  784K 3s
 12600K .......... .......... .......... .......... .......... 86% 2.35M 3s
 12650K .......... .......... .......... .......... .......... 87% 36.3M 3s
 12700K .......... .......... .......... .......... .......... 87% 2.26M 3s
 12750K .......... .......... .......... .......... .......... 87% 1.28M 3s
 12800K .......... .......... .......... .......... .......... 88% 2.67M 3s
 12850K .......... .......... .......... .......... .......... 88% 7.40M 3s
 12900K .......... .......... .......... .......... .......... 88% 4.64M 3s
 12950K .......... .......... .......... .......... .......... 89% 10.4M 3s
 13000K .......... .......... .......... .......... .......... 89% 4.73M 3s
 13050K .......... .......... .......... .......... .......... 89%  863K 2s
 13100K .......... .......... .......... .......... .......... 90% 2.32M 2s
 13150K .......... .......... .......... .......... .......... 90% 47.6M 2s
 13200K .......... .......... .......... .......... .......... 91% 2.23M 2s
 13250K .......... .......... .......... .......... .......... 91% 1.28M 2s
 13300K .......... .......... .......... .......... .......... 91%  115M 2s
 13350K .......... .......... .......... .......... .......... 92% 1.83M 2s
 13400K .......... .......... .......... .......... .......... 92% 8.00M 2s
 13450K .......... .......... .......... .......... .......... 92% 7.75M 2s
 13500K .......... .......... .......... .......... .......... 93% 11.3M 2s
 13550K .......... .......... .......... .......... .......... 93% 2.13M 2s
 13600K .......... .......... .......... .......... .......... 93%  808K 1s
 13650K .......... .......... .......... .......... .......... 94% 44.2M 1s
 13700K .......... .......... .......... .......... .......... 94% 2.11M 1s
 13750K .......... .......... .......... .......... .......... 94% 1.32M 1s
 13800K .......... .......... .......... .......... .......... 95% 56.3M 1s
 13850K .......... .......... .......... .......... .......... 95% 2.79M 1s
 13900K .......... .......... .......... .......... .......... 95% 5.03M 1s
 13950K .......... .......... .......... .......... .......... 96% 7.36M 1s
 14000K .......... .......... .......... .......... .......... 96% 8.92M 1s
 14050K .......... .......... .......... .......... .......... 96% 11.0M 1s
 14100K .......... .......... .......... .......... .......... 97% 2.16M 1s
 14150K .......... .......... .......... .......... .......... 97%  928K 1s
 14200K .......... .......... .......... .......... .......... 97% 5.11M 0s
 14250K .......... .......... .......... .......... .......... 98% 2.28M 0s
 14300K .......... .......... .......... .......... .......... 98% 14.6M 0s
 14350K .......... .......... .......... .......... .......... 98% 1.36M 0s
 14400K .......... .......... .......... .......... .......... 99% 38.2M 0s
 14450K .......... .......... .......... .......... .......... 99% 1.73M 0s
 14500K .......... .......... .......... .......... .......... 99% 17.6M 0s
 14550K .....                                                 100% 26.4M=23s

2019-07-29 11:12:33 (642 KB/s) - 'cache/libtiff-bug-2007-11-02-371336d-865f7b2.tar.gz' saved [14904958/14904958]

[fetch] preparing source code
[fetch] golden_directory: libtiff-fix-2007-11-02-371336d-865f7b2
[fetch] clean-source libtiff-bug-2007-11-02-371336d-865f7b2
[fetch] /angelix-experiments/libtiff-bug-2007-11-02-371336d-865f7b2/libtiff/configure
[fetch] make clean
[fetch] clean-source libtiff-fix-2007-11-02-371336d-865f7b2
[fetch] restore-buggy libtiff-bug-2007-11-02-371336d-865f7b2
[fetch] /angelix-experiments/libtiff-fix-2007-11-02-371336d-865f7b2/libtiff/configure
[fetch] make clean
[fetch] buggy: libtiff/tif_dirwrite.c
[fetch] buggy_preprocessed: libtiff-bug-2007-11-02-371336d-865f7b2/libtiff/libtiff/tif_dirwrite.c
[fetch] buggy_version: 371336d
[fetch] buggy_original: libtiff-bug-2007-11-02-371336d-865f7b2/diffs/libtiff/tif_dirwrite.c-371336d
[fetch] restore-correct libtiff-fix-2007-11-02-371336d-865f7b2
[fetch] restored libtiff-fix-2007-11-02-371336d-865f7b2/libtiff/libtiff/tif_dirwrite.c with libtiff-fix-2007-11-02-371336d-865f7b2/diffs/libtiff/tif_dirwrite.c-865f7b2
[fetch] fetch done
[repair] options: --defect
if-conditions
loop-conditions
--angelic-search-strategy
guided
--search-max-trials
100
--max-same-cost-iter
20
--default-max-cost
300000000
--default-non-zero-cost
300000000
--one-bit-flip-prob
0.5
--mcmc-beta
0.8
--penalty1
4
--penalty2
2
--synthesis-levels
alternatives
--ignore-trivial
--lines
346  --ignore-lines --quiet --all-suspicious --group-size 1 --test-timeout 60
[repair-libtiff] options:  --defect if-conditions loop-conditions --angelic-search-strategy guided --search-max-trials 100 --max-same-cost-iter 20 --default-max-cost 300000000 --default-non-zero-cost 300000000 --one-bit-flip-prob 0.5 --mcmc-beta 0.8 --penalty1 4 --penalty2 2 --synthesis-levels alternatives --ignore-trivial --lines 346 --ignore-lines --quiet --all-suspicious --group-size 1 --test-timeout 60
[repair-libtiff] instrument libtiff-bug-2007-11-02-371336d-865f7b2/libtiff/test/Makefile.in
[repair-libtiff] instrument libtiff-bug-2007-11-02-371336d-865f7b2/libtiff/tools/tiff2pdf.c
[repair-libtiff] instrument libtiff-bug-2007-11-02-371336d-865f7b2/libtiff/tools/tiff2pdf.c
[repair-libtiff] instrument libtiff-bug-2007-11-02-371336d-865f7b2/libtiff/tools/tiff2pdf.c
[repair-libtiff] instrument libtiff-bug-2007-11-02-371336d-865f7b2/libtiff/tools/tiff2pdf.c
[repair-libtiff] instrument libtiff-bug-2007-11-02-371336d-865f7b2/libtiff/libtiff/tif_error.c
[repair-libtiff] instrument libtiff-bug-2007-11-02-371336d-865f7b2/libtiff/libtiff/tif_error.c
[repair-libtiff] instrument libtiff-bug-2007-11-02-371336d-865f7b2/libtiff/libtiff/tif_write.c
[repair-libtiff] instrument libtiff-bug-2007-11-02-371336d-865f7b2/libtiff/libtiff/tif_write.c
[repair-libtiff] instrument libtiff-fix-2007-11-02-371336d-865f7b2/libtiff/test/Makefile.in
[repair-libtiff] instrument libtiff-fix-2007-11-02-371336d-865f7b2/libtiff/tools/tiff2pdf.c
[repair-libtiff] instrument libtiff-fix-2007-11-02-371336d-865f7b2/libtiff/tools/tiff2pdf.c
[repair-libtiff] instrument libtiff-fix-2007-11-02-371336d-865f7b2/libtiff/tools/tiff2pdf.c
[repair-libtiff] instrument libtiff-fix-2007-11-02-371336d-865f7b2/libtiff/tools/tiff2pdf.c
[repair-libtiff] instrument libtiff-fix-2007-11-02-371336d-865f7b2/libtiff/libtiff/tif_error.c
[repair-libtiff] instrument libtiff-fix-2007-11-02-371336d-865f7b2/libtiff/libtiff/tif_error.c
[repair-libtiff] instrument libtiff-fix-2007-11-02-371336d-865f7b2/libtiff/libtiff/tif_write.c
[repair-libtiff] instrument libtiff-fix-2007-11-02-371336d-865f7b2/libtiff/libtiff/tif_write.c
WARNING  testing         ANGELIX_RUN is not executed by test 1
WARNING  testing         ANGELIX_RUN is not executed by test 2
WARNING  testing         ANGELIX_RUN is not executed by test 4
WARNING  testing         ANGELIX_RUN is not executed by test 6
WARNING  testing         ANGELIX_RUN is not executed by test 7
WARNING  testing         ANGELIX_RUN is not executed by test 8
WARNING  testing         ANGELIX_RUN is not executed by test 9
WARNING  testing         ANGELIX_RUN is not executed by test 10
WARNING  testing         ANGELIX_RUN is not executed by test 11
WARNING  testing         ANGELIX_RUN is not executed by test 12
WARNING  testing         ANGELIX_RUN is not executed by test 13
WARNING  testing         ANGELIX_RUN is not executed by test 14
WARNING  testing         ANGELIX_RUN is not executed by test 15
WARNING  testing         ANGELIX_RUN is not executed by test 16
WARNING  testing         ANGELIX_RUN is not executed by test 17
WARNING  testing         ANGELIX_RUN is not executed by test 20
WARNING  testing         ANGELIX_RUN is not executed by test 21
WARNING  testing         ANGELIX_RUN is not executed by test 24
WARNING  testing         ANGELIX_RUN is not executed by test 25
WARNING  testing         ANGELIX_RUN is not executed by test 26
WARNING  testing         ANGELIX_RUN is not executed by test 27
WARNING  testing         ANGELIX_RUN is not executed by test 50
WARNING  testing         ANGELIX_RUN is not executed by test 51
WARNING  testing         ANGELIX_RUN is not executed by test 53
WARNING  testing         ANGELIX_RUN is not executed by test 54
WARNING  testing         ANGELIX_RUN is not executed by test 55
WARNING  testing         ANGELIX_RUN is not executed by test 56
WARNING  testing         ANGELIX_RUN is not executed by test 57
WARNING  testing         ANGELIX_RUN is not executed by test 58
WARNING  testing         ANGELIX_RUN is not executed by test 59
WARNING  testing         ANGELIX_RUN is not executed by test 60
WARNING  testing         ANGELIX_RUN is not executed by test 61
WARNING  testing         ANGELIX_RUN is not executed by test 63
WARNING  testing         ANGELIX_RUN is not executed by test 64
WARNING  testing         ANGELIX_RUN is not executed by test 65
WARNING  testing         ANGELIX_RUN is not executed by test 66
WARNING  testing         ANGELIX_RUN is not executed by test 67
WARNING  testing         ANGELIX_RUN is not executed by test 68
WARNING  testing         ANGELIX_RUN is not executed by test 69
WARNING  testing         ANGELIX_RUN is not executed by test 70
WARNING  testing         ANGELIX_RUN is not executed by test 71
WARNING  testing         ANGELIX_RUN is not executed by test 72
WARNING  testing         ANGELIX_RUN is not executed by test 73
WARNING  testing         ANGELIX_RUN is not executed by test 74
WARNING  testing         ANGELIX_RUN is not executed by test 75
WARNING  testing         ANGELIX_RUN is not executed by test 76
WARNING  testing         ANGELIX_RUN is not executed by test 77
WARNING  testing         ANGELIX_RUN is not executed by test 78
WARNING  testing         ANGELIX_RUN is not executed by test 3
WARNING  testing         ANGELIX_RUN is not executed by test 3
WARNING  testing         ANGELIX_RUN is not executed by test 5
WARNING  testing         ANGELIX_RUN is not executed by test 5
WARNING  testing         ANGELIX_RUN is not executed by test 18
WARNING  testing         ANGELIX_RUN is not executed by test 18
WARNING  testing         ANGELIX_RUN is not executed by test 19
WARNING  testing         ANGELIX_RUN is not executed by test 19
WARNING  testing         ANGELIX_RUN is not executed by test 29
WARNING  testing         ANGELIX_RUN is not executed by test 29
WARNING  testing         ANGELIX_RUN is not executed by test 30
WARNING  testing         ANGELIX_RUN is not executed by test 30
WARNING  testing         ANGELIX_RUN is not executed by test 31
WARNING  testing         ANGELIX_RUN is not executed by test 31
WARNING  testing         ANGELIX_RUN is not executed by test 32
WARNING  testing         ANGELIX_RUN is not executed by test 32
WARNING  testing         ANGELIX_RUN is not executed by test 33
WARNING  testing         ANGELIX_RUN is not executed by test 33
WARNING  testing         ANGELIX_RUN is not executed by test 34
WARNING  testing         ANGELIX_RUN is not executed by test 34
WARNING  testing         ANGELIX_RUN is not executed by test 35
WARNING  testing         ANGELIX_RUN is not executed by test 35
WARNING  testing         ANGELIX_RUN is not executed by test 36
WARNING  testing         ANGELIX_RUN is not executed by test 36
WARNING  testing         ANGELIX_RUN is not executed by test 37
WARNING  testing         ANGELIX_RUN is not executed by test 37
WARNING  testing         ANGELIX_RUN is not executed by test 38
WARNING  testing         ANGELIX_RUN is not executed by test 38
WARNING  testing         ANGELIX_RUN is not executed by test 42
WARNING  testing         ANGELIX_RUN is not executed by test 42
WARNING  testing         ANGELIX_RUN is not executed by test 52
WARNING  testing         ANGELIX_RUN is not executed by test 52
WARNING  testing         ANGELIX_RUN is not executed by test 62
WARNING  testing         ANGELIX_RUN is not executed by test 62
WARNING  repair          excluding test 3 because it fails in golden version
WARNING  repair          excluding test 5 because it fails in golden version
WARNING  repair          excluding test 18 because it fails in golden version
WARNING  repair          excluding test 19 because it fails in golden version
WARNING  repair          excluding test 23 because it fails in golden version
WARNING  repair          excluding test 29 because it fails in golden version
WARNING  repair          excluding test 30 because it fails in golden version
WARNING  repair          excluding test 31 because it fails in golden version
WARNING  repair          excluding test 32 because it fails in golden version
WARNING  repair          excluding test 33 because it fails in golden version
WARNING  repair          excluding test 34 because it fails in golden version
WARNING  repair          excluding test 35 because it fails in golden version
WARNING  repair          excluding test 36 because it fails in golden version
WARNING  repair          excluding test 37 because it fails in golden version
WARNING  repair          excluding test 38 because it fails in golden version
WARNING  repair          excluding test 42 because it fails in golden version
WARNING  repair          excluding test 52 because it fails in golden version
WARNING  repair          excluding test 62 because it fails in golden version
INFO     pymc3           Sequential sampling (1 chains in 1 job)
INFO     pymc3           Metropolis: [p]
INFO     pymc3           accepted: False
INFO     pymc3           accepted: False
INFO     pymc3           accepted: False
INFO     pymc3           accepted: False
INFO     pymc3           accepted: False
INFO     pymc3           accepted: False
INFO     pymc3           accepted: False
INFO     pymc3           accepted: False
WARNING  guided_infer    DD failed (ebits)
INFO     pymc3           Sequential sampling (1 chains in 1 job)
INFO     pymc3           Metropolis: [p]
INFO     pymc3           accepted: False
INFO     pymc3           accepted: True
INFO     pymc3           accepted: True
INFO     pymc3           accepted: True
INFO     pymc3           accepted: True
INFO     pymc3           accepted: True
INFO     pymc3           accepted: True
INFO     pymc3           accepted: True
INFO     pymc3           accepted: False
INFO     pymc3           accepted: False
INFO     pymc3           accepted: False
INFO     pymc3           accepted: False
INFO     pymc3           accepted: True
INFO     pymc3           accepted: True
INFO     pymc3           accepted: True
INFO     pymc3           accepted: False
INFO     pymc3           accepted: False
INFO     pymc3           accepted: True
INFO     pymc3           accepted: False
INFO     pymc3           accepted: False
INFO     pymc3           accepted: True
INFO     pymc3           accepted: True
INFO     pymc3           accepted: True
INFO     pymc3           accepted: False
INFO     pymc3           accepted: False
INFO     pymc3           accepted: True
INFO     pymc3           accepted: False
INFO     pymc3           accepted: False
INFO     pymc3           accepted: False
INFO     pymc3           accepted: False
INFO     pymc3           accepted: False
INFO     pymc3           accepted: False
INFO     pymc3           accepted: True
INFO     pymc3           accepted: False
INFO     pymc3           accepted: False
INFO     pymc3           accepted: True
INFO     pymc3           accepted: True
INFO     pymc3           accepted: False
INFO     pymc3           accepted: True
INFO     pymc3           accepted: True
INFO     pymc3           accepted: True
INFO     pymc3           accepted: True
INFO     pymc3           accepted: False
INFO     pymc3           accepted: False
INFO     pymc3           accepted: False
INFO     pymc3           accepted: False
INFO     pymc3           accepted: True
INFO     pymc3           accepted: True
INFO     pymc3           accepted: True
INFO     pymc3           accepted: True
INFO     pymc3           accepted: False
INFO     pymc3           accepted: False
INFO     pymc3           accepted: True
INFO     pymc3           accepted: False
INFO     pymc3           accepted: False
INFO     pymc3           accepted: False
INFO     pymc3           accepted: False
INFO     pymc3           accepted: True
INFO     pymc3           accepted: False
INFO     pymc3           accepted: False
INFO     pymc3           accepted: False
INFO     pymc3           accepted: True
INFO     pymc3           accepted: True
INFO     pymc3           accepted: True
INFO     pymc3           accepted: True
INFO     pymc3           accepted: False
INFO     pymc3           accepted: True
INFO     pymc3           accepted: True
INFO     pymc3           accepted: True
INFO     pymc3           accepted: True
INFO     pymc3           accepted: True
INFO     pymc3           accepted: False
INFO     pymc3           accepted: True
INFO     pymc3           accepted: True
INFO     pymc3           accepted: False
INFO     pymc3           accepted: True
INFO     pymc3           accepted: False
INFO     pymc3           accepted: False
INFO     pymc3           accepted: False
INFO     pymc3           accepted: False
INFO     pymc3           accepted: True
INFO     pymc3           accepted: False
INFO     pymc3           accepted: True
INFO     pymc3           accepted: False
INFO     pymc3           accepted: False
INFO     pymc3           accepted: True
INFO     pymc3           accepted: False
INFO     pymc3           accepted: False
INFO     pymc3           accepted: False
INFO     pymc3           accepted: False
INFO     pymc3           accepted: True
INFO     pymc3           accepted: False
INFO     pymc3           accepted: True
INFO     pymc3           accepted: False
INFO     pymc3           accepted: False
INFO     pymc3           accepted: False
INFO     pymc3           accepted: False
INFO     pymc3           accepted: False
INFO     pymc3           accepted: True
INFO     pymc3           accepted: True
INFO     pymc3           Sequential sampling (1 chains in 1 job)
INFO     pymc3           Metropolis: [p]
INFO     pymc3           accepted: False
INFO     pymc3           accepted: False
INFO     pymc3           accepted: False
INFO     pymc3           accepted: False
INFO     pymc3           accepted: False
INFO     pymc3           accepted: False
INFO     pymc3           accepted: False
INFO     pymc3           accepted: False
INFO     pymc3           accepted: False
INFO     pymc3           accepted: True
INFO     pymc3           accepted: True
INFO     pymc3           accepted: False
INFO     pymc3           accepted: True
INFO     pymc3           accepted: False
INFO     pymc3           accepted: False
INFO     pymc3           accepted: True
INFO     pymc3           accepted: False
INFO     pymc3           accepted: True
INFO     pymc3           accepted: False
INFO     pymc3           accepted: False
INFO     pymc3           accepted: False
INFO     pymc3           accepted: True
INFO     pymc3           accepted: True
INFO     pymc3           accepted: False
INFO     pymc3           accepted: False
INFO     pymc3           accepted: False
INFO     pymc3           accepted: True
INFO     pymc3           accepted: False
INFO     pymc3           accepted: False
INFO     pymc3           accepted: False
INFO     pymc3           accepted: True
INFO     pymc3           accepted: True
INFO     pymc3           accepted: False
INFO     pymc3           accepted: False
INFO     pymc3           accepted: False
INFO     pymc3           accepted: False
INFO     pymc3           accepted: False
INFO     pymc3           accepted: True
INFO     pymc3           accepted: True
INFO     pymc3           accepted: True
INFO     pymc3           accepted: False
INFO     pymc3           accepted: True
INFO     pymc3           accepted: True
INFO     pymc3           accepted: True
INFO     pymc3           accepted: True
INFO     pymc3           accepted: False
INFO     pymc3           accepted: True
INFO     pymc3           accepted: False
INFO     pymc3           accepted: False
INFO     pymc3           accepted: False
INFO     pymc3           accepted: False
INFO     pymc3           accepted: False
INFO     pymc3           accepted: False
INFO     pymc3           accepted: False
INFO     pymc3           accepted: False
INFO     pymc3           accepted: False
INFO     pymc3           accepted: False
INFO     pymc3           accepted: False
INFO     pymc3           accepted: False
INFO     pymc3           accepted: True
INFO     pymc3           accepted: True
INFO     pymc3           accepted: False
INFO     pymc3           accepted: False
INFO     pymc3           accepted: False
INFO     pymc3           accepted: True
INFO     pymc3           accepted: False
INFO     pymc3           accepted: True
INFO     pymc3           accepted: True
INFO     pymc3           accepted: False
INFO     pymc3           accepted: True
INFO     pymc3           accepted: True
INFO     pymc3           accepted: True
INFO     pymc3           accepted: False
INFO     pymc3           accepted: True
INFO     pymc3           accepted: True
INFO     pymc3           accepted: False
INFO     pymc3           accepted: False
INFO     pymc3           accepted: False
INFO     pymc3           accepted: False
INFO     pymc3           accepted: True
INFO     pymc3           accepted: False
INFO     pymc3           accepted: True
INFO     pymc3           accepted: True
INFO     pymc3           accepted: True
INFO     pymc3           accepted: False
INFO     pymc3           accepted: True
INFO     pymc3           accepted: False
INFO     pymc3           accepted: True
INFO     pymc3           accepted: False
INFO     pymc3           accepted: False
INFO     pymc3           accepted: True
INFO     pymc3           accepted: True
INFO     pymc3           accepted: True
INFO     pymc3           accepted: True
INFO     pymc3           accepted: False
INFO     pymc3           accepted: False
INFO     pymc3           accepted: False
INFO     pymc3           accepted: False
INFO     pymc3           accepted: True
INFO     pymc3           accepted: True
INFO     pymc3           Sequential sampling (1 chains in 1 job)
INFO     pymc3           Metropolis: [p]
INFO     pymc3           accepted: False
INFO     pymc3           accepted: False
INFO     pymc3           accepted: False
INFO     pymc3           accepted: False
INFO     pymc3           accepted: False
INFO     pymc3           accepted: False
INFO     pymc3           accepted: False
INFO     pymc3           accepted: False
INFO     pymc3           accepted: False
INFO     pymc3           accepted: False
INFO     pymc3           accepted: False
INFO     pymc3           accepted: False
INFO     pymc3           accepted: False
INFO     pymc3           accepted: False
INFO     pymc3           accepted: False
INFO     pymc3           accepted: False
INFO     pymc3           accepted: False
INFO     pymc3           accepted: False
INFO     pymc3           accepted: False
INFO     pymc3           accepted: False
INFO     pymc3           accepted: False
INFO     pymc3           accepted: False
INFO     pymc3           accepted: False
INFO     pymc3           accepted: False
INFO     pymc3           accepted: True
INFO     pymc3           accepted: True
INFO     pymc3           accepted: True
INFO     pymc3           accepted: True
INFO     pymc3           accepted: True
INFO     pymc3           accepted: False
INFO     pymc3           accepted: False
INFO     pymc3           accepted: True
INFO     pymc3           accepted: False
INFO     pymc3           accepted: True
INFO     pymc3           accepted: False
INFO     pymc3           accepted: True
INFO     pymc3           accepted: True
INFO     pymc3           accepted: False
INFO     pymc3           accepted: True
INFO     pymc3           accepted: False
INFO     pymc3           accepted: False
INFO     pymc3           accepted: False
INFO     pymc3           accepted: True
INFO     pymc3           accepted: False
INFO     pymc3           accepted: False
INFO     pymc3           accepted: False
INFO     pymc3           accepted: False
INFO     pymc3           accepted: True
INFO     pymc3           accepted: False
INFO     pymc3           accepted: True
INFO     pymc3           accepted: False
INFO     pymc3           accepted: False
INFO     pymc3           accepted: True
INFO     pymc3           accepted: True
INFO     pymc3           accepted: False
INFO     pymc3           accepted: False
INFO     pymc3           accepted: False
INFO     pymc3           accepted: False
INFO     pymc3           accepted: False
INFO     pymc3           accepted: False
INFO     pymc3           accepted: True
INFO     pymc3           accepted: False
INFO     pymc3           accepted: True
INFO     pymc3           accepted: False
INFO     pymc3           accepted: False
INFO     pymc3           accepted: False
INFO     pymc3           accepted: False
INFO     pymc3           accepted: False
INFO     pymc3           accepted: True
INFO     pymc3           accepted: False
INFO     pymc3           accepted: True
INFO     pymc3           accepted: False
INFO     pymc3           accepted: False
INFO     pymc3           accepted: False
INFO     pymc3           accepted: False
INFO     pymc3           accepted: False
INFO     pymc3           accepted: False
INFO     pymc3           accepted: True
INFO     pymc3           accepted: True
INFO     pymc3           accepted: False
INFO     pymc3           accepted: True
INFO     pymc3           accepted: False
INFO     pymc3           accepted: False
INFO     pymc3           accepted: True
INFO     pymc3           accepted: False
INFO     pymc3           accepted: False
INFO     pymc3           accepted: True
INFO     pymc3           accepted: True
INFO     pymc3           accepted: True
INFO     pymc3           accepted: True
INFO     pymc3           accepted: True
INFO     pymc3           accepted: False
INFO     pymc3           accepted: True
INFO     pymc3           accepted: True
INFO     pymc3           accepted: True
INFO     pymc3           accepted: True
INFO     pymc3           accepted: True
INFO     pymc3           accepted: True
INFO     pymc3           accepted: True
INFO     pymc3           accepted: True
INFO     pymc3           Sequential sampling (1 chains in 1 job)
INFO     pymc3           Metropolis: [p]
INFO     pymc3           accepted: False
INFO     pymc3           accepted: False
INFO     pymc3           accepted: False
INFO     pymc3           accepted: False
INFO     pymc3           accepted: False
INFO     pymc3           accepted: False
INFO     pymc3           accepted: False
INFO     pymc3           accepted: False
INFO     pymc3           accepted: False
INFO     pymc3           accepted: False
INFO     pymc3           accepted: False
INFO     pymc3           accepted: False
INFO     pymc3           accepted: False
INFO     pymc3           accepted: False
INFO     pymc3           accepted: False
INFO     pymc3           accepted: False
INFO     pymc3           accepted: False
INFO     pymc3           accepted: False
INFO     pymc3           accepted: False
INFO     pymc3           accepted: False
INFO     pymc3           accepted: False
INFO     pymc3           accepted: False
INFO     pymc3           accepted: False
INFO     pymc3           accepted: False
INFO     pymc3           accepted: False
INFO     pymc3           accepted: False
INFO     pymc3           accepted: False
INFO     pymc3           accepted: False
INFO     pymc3           accepted: False
INFO     pymc3           accepted: False
INFO     pymc3           accepted: False
INFO     pymc3           accepted: False
INFO     pymc3           accepted: False
INFO     pymc3           accepted: False
INFO     pymc3           accepted: False
INFO     pymc3           accepted: False
INFO     pymc3           accepted: False
INFO     pymc3           accepted: False
INFO     pymc3           accepted: False
INFO     pymc3           accepted: False
INFO     pymc3           accepted: False
INFO     pymc3           accepted: False
INFO     pymc3           accepted: False
INFO     pymc3           accepted: False
INFO     pymc3           accepted: False
INFO     pymc3           accepted: False
INFO     pymc3           accepted: False
INFO     pymc3           accepted: False
INFO     pymc3           accepted: False
INFO     pymc3           accepted: False
INFO     pymc3           accepted: False
INFO     pymc3           accepted: False
INFO     pymc3           accepted: False
INFO     pymc3           accepted: False
INFO     pymc3           accepted: False
INFO     pymc3           accepted: False
INFO     pymc3           accepted: False
INFO     pymc3           accepted: False
INFO     pymc3           accepted: False
INFO     pymc3           accepted: True
INFO     pymc3           accepted: False
INFO     pymc3           accepted: False
INFO     pymc3           accepted: True
INFO     pymc3           accepted: False
INFO     pymc3           accepted: True
INFO     pymc3           accepted: False
INFO     pymc3           accepted: True
INFO     pymc3           accepted: True
INFO     pymc3           accepted: False
INFO     pymc3           accepted: False
INFO     pymc3           accepted: False
INFO     pymc3           accepted: True
INFO     pymc3           accepted: False
INFO     pymc3           accepted: False
INFO     pymc3           accepted: False
INFO     pymc3           accepted: False
INFO     pymc3           accepted: False
INFO     pymc3           accepted: True
INFO     pymc3           accepted: False
INFO     pymc3           accepted: True
INFO     pymc3           accepted: True
INFO     pymc3           accepted: False
INFO     pymc3           accepted: False
INFO     pymc3           accepted: True
INFO     pymc3           accepted: False
INFO     pymc3           accepted: True
INFO     pymc3           accepted: True
INFO     pymc3           accepted: True
INFO     pymc3           accepted: True
INFO     pymc3           accepted: False
INFO     pymc3           accepted: False
INFO     pymc3           accepted: True
INFO     pymc3           accepted: True
INFO     pymc3           accepted: False
INFO     pymc3           accepted: True
INFO     pymc3           accepted: False
INFO     pymc3           accepted: True
INFO     pymc3           accepted: True
INFO     pymc3           accepted: True
INFO     pymc3           accepted: True
INFO     pymc3           Sequential sampling (1 chains in 1 job)
INFO     pymc3           Metropolis: [p]
INFO     pymc3           accepted: False
INFO     pymc3           accepted: True
INFO     pymc3           accepted: True
INFO     pymc3           accepted: False
INFO     pymc3           accepted: False
INFO     pymc3           accepted: False
INFO     pymc3           accepted: True
INFO     pymc3           accepted: False
INFO     pymc3           accepted: True
INFO     pymc3           accepted: False
INFO     pymc3           accepted: False
INFO     pymc3           accepted: False
INFO     pymc3           accepted: False
INFO     pymc3           accepted: False
INFO     pymc3           accepted: False
INFO     pymc3           accepted: False
INFO     pymc3           accepted: False
INFO     pymc3           accepted: False
INFO     pymc3           accepted: False
INFO     pymc3           accepted: True
INFO     pymc3           accepted: False
INFO     pymc3           accepted: False
INFO     pymc3           accepted: False
INFO     pymc3           accepted: False
INFO     pymc3           accepted: False
INFO     pymc3           accepted: False
INFO     pymc3           accepted: False
INFO     pymc3           accepted: False
INFO     pymc3           accepted: False
INFO     pymc3           accepted: False
INFO     pymc3           accepted: False
INFO     pymc3           accepted: False
INFO     pymc3           accepted: True
INFO     pymc3           accepted: True
INFO     pymc3           accepted: False
INFO     pymc3           accepted: False
INFO     pymc3           accepted: False
INFO     pymc3           accepted: False
INFO     pymc3           accepted: False
INFO     pymc3           accepted: True
INFO     pymc3           accepted: True
INFO     pymc3           accepted: True
INFO     pymc3           accepted: True
INFO     pymc3           accepted: False
INFO     pymc3           accepted: False
INFO     pymc3           accepted: True
INFO     pymc3           accepted: False
INFO     pymc3           accepted: True
INFO     pymc3           accepted: True
INFO     pymc3           accepted: False
INFO     pymc3           accepted: True
INFO     pymc3           accepted: False
INFO     pymc3           accepted: True
INFO     pymc3           accepted: True
INFO     pymc3           accepted: False
INFO     pymc3           accepted: False
INFO     pymc3           accepted: False
INFO     pymc3           accepted: False
INFO     pymc3           accepted: True
INFO     pymc3           accepted: True
INFO     pymc3           accepted: False
INFO     pymc3           accepted: False
INFO     pymc3           accepted: True
INFO     pymc3           accepted: False
INFO     pymc3           accepted: False
INFO     pymc3           accepted: True
INFO     pymc3           accepted: False
INFO     pymc3           accepted: False
INFO     pymc3           accepted: True
INFO     pymc3           accepted: False
INFO     pymc3           accepted: False
INFO     pymc3           accepted: True
INFO     pymc3           accepted: False
INFO     pymc3           accepted: False
INFO     pymc3           accepted: True
INFO     pymc3           accepted: False
INFO     pymc3           accepted: False
INFO     pymc3           accepted: False
INFO     pymc3           accepted: False
INFO     pymc3           accepted: True
INFO     pymc3           accepted: False
INFO     pymc3           accepted: False
INFO     pymc3           accepted: True
INFO     pymc3           accepted: True
INFO     pymc3           accepted: False
INFO     pymc3           accepted: False
INFO     pymc3           accepted: True
INFO     pymc3           accepted: False
INFO     pymc3           accepted: True
INFO     pymc3           accepted: True
INFO     pymc3           accepted: True
INFO     pymc3           accepted: True
INFO     pymc3           accepted: False
INFO     pymc3           accepted: False
INFO     pymc3           accepted: False
INFO     pymc3           accepted: True
INFO     pymc3           accepted: False
INFO     pymc3           accepted: True
INFO     pymc3           accepted: False
INFO     pymc3           accepted: False
INFO     pymc3           Sequential sampling (1 chains in 1 job)
INFO     pymc3           Metropolis: [p]
INFO     pymc3           accepted: False
INFO     pymc3           Sequential sampling (1 chains in 1 job)
INFO     pymc3           Metropolis: [p]
INFO     pymc3           accepted: False
INFO     pymc3           accepted: True
INFO     pymc3           accepted: False
INFO     pymc3           accepted: False
INFO     pymc3           accepted: False
INFO     pymc3           accepted: True
SUCCESS
