[repair] benchmark: manybugs
[repair] subject: libtiff
[repair] version: 2010-12-13-96a5fb4-bdba15c
[repair] search: guided
[fetch] benchmark: manybugs
[fetch] subject: libtiff
[fetch] version: 2010-12-13-96a5fb4-bdba15c
[fetch] archive: libtiff-bug-2010-12-13-96a5fb4-bdba15c.tar.gz
[fetch] directory: libtiff-bug-2010-12-13-96a5fb4-bdba15c
--2019-07-29 11:54:01--  https://repairbenchmarks.cs.umass.edu/ManyBugs/scenarios//libtiff-bug-2010-12-13-96a5fb4-bdba15c.tar.gz
Resolving repairbenchmarks.cs.umass.edu (repairbenchmarks.cs.umass.edu)... 128.119.240.19
Connecting to repairbenchmarks.cs.umass.edu (repairbenchmarks.cs.umass.edu)|128.119.240.19|:443... connected.
HTTP request sent, awaiting response... 200 OK
Length: 18265474 (17M) [application/x-gzip]
Saving to: 'cache/libtiff-bug-2010-12-13-96a5fb4-bdba15c.tar.gz'

     0K .......... .......... .......... .......... ..........  0%  131K 2m16s
    50K .......... .......... .......... .......... ..........  0%  263K 1m41s
   100K .......... .......... .......... .......... ..........  0% 22.5M 68s
   150K .......... .......... .......... .......... ..........  1% 20.1M 51s
   200K .......... .......... .......... .......... ..........  1%  268K 54s
   250K .......... .......... .......... .......... ..........  1% 52.5M 45s
   300K .......... .......... .......... .......... ..........  1% 29.1M 38s
   350K .......... .......... .......... .......... ..........  2% 55.0M 33s
   400K .......... .......... .......... .......... ..........  2%  269K 37s
   450K .......... .......... .......... .......... ..........  2% 39.3M 33s
   500K .......... .......... .......... .......... ..........  3% 41.6M 30s
   550K .......... .......... .......... .......... ..........  3% 86.4M 27s
   600K .......... .......... .......... .......... ..........  3% 72.9M 25s
   650K .......... .......... .......... .......... ..........  3% 85.2M 23s
   700K .......... .......... .......... .......... ..........  4% 84.3M 22s
   750K .......... .......... .......... .......... ..........  4% 85.7M 20s
   800K .......... .......... .......... .......... ..........  4%  270K 23s
   850K .......... .......... .......... .......... ..........  5% 45.8M 22s
   900K .......... .......... .......... .......... ..........  5% 32.2M 20s
   950K .......... .......... .......... .......... ..........  5% 67.3M 19s
  1000K .......... .......... .......... .......... ..........  5% 71.7M 18s
  1050K .......... .......... .......... .......... ..........  6% 86.6M 17s
  1100K .......... .......... .......... .......... ..........  6% 83.8M 17s
  1150K .......... .......... .......... .......... ..........  6% 86.8M 16s
  1200K .......... .......... .......... .......... ..........  7% 74.1M 15s
  1250K .......... .......... .......... .......... ..........  7%  271K 17s
  1300K .......... .......... .......... .......... ..........  7% 74.1M 16s
  1350K .......... .......... .......... .......... ..........  7% 30.4M 16s
  1400K .......... .......... .......... .......... ..........  8% 60.0M 15s
  1450K .......... .......... .......... .......... ..........  8% 23.9M 15s
  1500K .......... .......... .......... .......... ..........  8% 67.9M 14s
  1550K .......... .......... .......... .......... ..........  8% 70.7M 14s
  1600K .......... .......... .......... .......... ..........  9% 74.2M 13s
  1650K .......... .......... .......... .......... ..........  9% 90.9M 13s
  1700K .......... .......... .......... .......... ..........  9%  274K 14s
  1750K .......... .......... .......... .......... .......... 10% 48.5M 14s
  1800K .......... .......... .......... .......... .......... 10% 41.2M 13s
  1850K .......... .......... .......... .......... .......... 10% 55.8M 13s
  1900K .......... .......... .......... .......... .......... 10% 20.9M 12s
  1950K .......... .......... .......... .......... .......... 11% 84.4M 12s
  2000K .......... .......... .......... .......... .......... 11% 72.2M 12s
  2050K .......... .......... .......... .......... .......... 11%  258K 13s
  2100K .......... .......... .......... .......... .......... 12% 68.9M 13s
  2150K .......... .......... .......... .......... .......... 12% 88.8M 12s
  2200K .......... .......... .......... .......... .......... 12% 80.0M 12s
  2250K .......... .......... .......... .......... .......... 12% 85.1M 12s
  2300K .......... .......... .......... .......... .......... 13% 91.5M 11s
  2350K .......... .......... .......... .......... .......... 13% 89.8M 11s
  2400K .......... .......... .......... .......... .......... 13% 77.0M 11s
  2450K .......... .......... .......... .......... .......... 14% 90.3M 11s
  2500K .......... .......... .......... .......... .......... 14% 90.9M 10s
  2550K .......... .......... .......... .......... .......... 14% 89.1M 10s
  2600K .......... .......... .......... .......... .......... 14%  285K 11s
  2650K .......... .......... .......... .......... .......... 15% 35.3M 11s
  2700K .......... .......... .......... .......... .......... 15% 17.9M 10s
  2750K .......... .......... .......... .......... .......... 15% 39.8M 10s
  2800K .......... .......... .......... .......... .......... 15% 13.7M 10s
  2850K .......... .......... .......... .......... .......... 16%  261K 11s
  2900K .......... .......... .......... .......... .......... 16% 73.3M 11s
  2950K .......... .......... .......... .......... .......... 16% 86.9M 10s
  3000K .......... .......... .......... .......... .......... 17% 80.2M 10s
  3050K .......... .......... .......... .......... .......... 17% 90.5M 10s
  3100K .......... .......... .......... .......... .......... 17% 90.3M 10s
  3150K .......... .......... .......... .......... .......... 17% 91.0M 10s
  3200K .......... .......... .......... .......... .......... 18%  282K 10s
  3250K .......... .......... .......... .......... .......... 18% 62.3M 10s
  3300K .......... .......... .......... .......... .......... 18% 15.2M 10s
  3350K .......... .......... .......... .......... .......... 19% 30.2M 10s
  3400K .......... .......... .......... .......... .......... 19% 12.5M 10s
  3450K .......... .......... .......... .......... .......... 19%  276K 10s
  3500K .......... .......... .......... .......... .......... 19% 77.9M 10s
  3550K .......... .......... .......... .......... .......... 20% 18.6M 10s
  3600K .......... .......... .......... .......... .......... 20% 9.73M 10s
  3650K .......... .......... .......... .......... .......... 20%  276K 10s
  3700K .......... .......... .......... .......... .......... 21% 39.6M 10s
  3750K .......... .......... .......... .......... .......... 21% 20.6M 10s
  3800K .......... .......... .......... .......... .......... 21% 24.4M 10s
  3850K .......... .......... .......... .......... .......... 21% 13.0M 10s
  3900K .......... .......... .......... .......... .......... 22%  276K 10s
  3950K .......... .......... .......... .......... .......... 22% 35.6M 10s
  4000K .......... .......... .......... .......... .......... 22% 21.9M 10s
  4050K .......... .......... .......... .......... .......... 22% 25.1M 10s
  4100K .......... .......... .......... .......... .......... 23% 10.6M 9s
  4150K .......... .......... .......... .......... .......... 23%  276K 10s
  4200K .......... .......... .......... .......... .......... 23% 60.4M 10s
  4250K .......... .......... .......... .......... .......... 24% 25.4M 10s
  4300K .......... .......... .......... .......... .......... 24% 24.2M 9s
  4350K .......... .......... .......... .......... .......... 24% 11.2M 9s
  4400K .......... .......... .......... .......... .......... 24%  276K 10s
  4450K .......... .......... .......... .......... .......... 25% 67.9M 10s
  4500K .......... .......... .......... .......... .......... 25% 24.6M 9s
  4550K .......... .......... .......... .......... .......... 25% 25.4M 9s
  4600K .......... .......... .......... .......... .......... 26% 10.4M 9s
  4650K .......... .......... .......... .......... .......... 26%  276K 10s
  4700K .......... .......... .......... .......... .......... 26% 64.0M 9s
  4750K .......... .......... .......... .......... .......... 26% 44.9M 9s
  4800K .......... .......... .......... .......... .......... 27% 18.1M 9s
  4850K .......... .......... .......... .......... .......... 27% 11.7M 9s
  4900K .......... .......... .......... .......... .......... 27%  276K 9s
  4950K .......... .......... .......... .......... .......... 28% 51.9M 9s
  5000K .......... .......... .......... .......... .......... 28% 49.6M 9s
  5050K .......... .......... .......... .......... .......... 28% 29.9M 9s
  5100K .......... .......... .......... .......... .......... 28% 26.5M 9s
  5150K .......... .......... .......... .......... .......... 29%  258K 9s
  5200K .......... .......... .......... .......... .......... 29%  117M 9s
  5250K .......... .......... .......... .......... .......... 29%  139M 9s
  5300K .......... .......... .......... .......... .......... 29%  147M 9s
  5350K .......... .......... .......... .......... .......... 30%  153M 9s
  5400K .......... .......... .......... .......... .......... 30% 1.14M 9s
  5450K .......... .......... .......... .......... .......... 30%  362K 9s
  5500K .......... .......... .......... .......... .......... 31% 37.3M 9s
  5550K .......... .......... .......... .......... .......... 31% 11.4M 9s
  5600K .......... .......... .......... .......... .......... 31%  272K 9s
  5650K .......... .......... .......... .......... .......... 31% 54.3M 9s
  5700K .......... .......... .......... .......... .......... 32% 12.7M 9s
  5750K .......... .......... .......... .......... .......... 32% 15.5M 9s
  5800K .......... .......... .......... .......... .......... 32%  274K 9s
  5850K .......... .......... .......... .......... .......... 33% 54.8M 9s
  5900K .......... .......... .......... .......... .......... 33% 13.2M 9s
  5950K .......... .......... .......... .......... .......... 33% 14.1M 9s
  6000K .......... .......... .......... .......... .......... 33%  273K 9s
  6050K .......... .......... .......... .......... .......... 34% 31.4M 9s
  6100K .......... .......... .......... .......... .......... 34% 21.1M 9s
  6150K .......... .......... .......... .......... .......... 34% 12.3M 9s
  6200K .......... .......... .......... .......... .......... 35%  274K 9s
  6250K .......... .......... .......... .......... .......... 35% 34.4M 9s
  6300K .......... .......... .......... .......... .......... 35% 23.6M 9s
  6350K .......... .......... .......... .......... .......... 35% 13.4M 9s
  6400K .......... .......... .......... .......... .......... 36%  273K 9s
  6450K .......... .......... .......... .......... .......... 36% 35.6M 9s
  6500K .......... .......... .......... .......... .......... 36% 23.7M 9s
  6550K .......... .......... .......... .......... .......... 37% 13.7M 8s
  6600K .......... .......... .......... .......... .......... 37%  269K 9s
  6650K .......... .......... .......... .......... .......... 37% 81.6M 9s
  6700K .......... .......... .......... .......... .......... 37% 70.8M 8s
  6750K .......... .......... .......... .......... .......... 38% 21.7M 8s
  6800K .......... .......... .......... .......... .......... 38%  268K 9s
  6850K .......... .......... .......... .......... .......... 38% 77.9M 8s
  6900K .......... .......... .......... .......... .......... 38% 63.5M 8s
  6950K .......... .......... .......... .......... .......... 39% 24.4M 8s
  7000K .......... .......... .......... .......... .......... 39% 1.03M 8s
  7050K .......... .......... .......... .......... .......... 39%  357K 8s
  7100K .......... .......... .......... .......... .......... 40% 45.3M 8s
  7150K .......... .......... .......... .......... .......... 40% 86.5M 8s
  7200K .......... .......... .......... .......... .......... 40% 1.01M 8s
  7250K .......... .......... .......... .......... .......... 40%  151K 9s
  7300K .......... .......... .......... .......... .......... 41% 78.7M 8s
  7350K .......... .......... .......... .......... .......... 41% 70.8M 8s
  7400K .......... .......... .......... .......... .......... 41% 70.6M 8s
  7450K .......... .......... .......... .......... .......... 42% 88.8M 8s
  7500K .......... .......... .......... .......... .......... 42% 91.2M 8s
  7550K .......... .......... .......... .......... .......... 42% 79.1M 8s
  7600K .......... .......... .......... .......... .......... 42%  268K 8s
  7650K .......... .......... .......... .......... .......... 43% 70.3M 8s
  7700K .......... .......... .......... .......... .......... 43% 50.7M 8s
  7750K .......... .......... .......... .......... .......... 43%  263K 8s
  7800K .......... .......... .......... .......... .......... 44% 67.4M 8s
  7850K .......... .......... .......... .......... .......... 44% 85.5M 8s
  7900K .......... .......... .......... .......... .......... 44% 1.04M 8s
  7950K .......... .......... .......... .......... .......... 44%  350K 8s
  8000K .......... .......... .......... .......... .......... 45%  260K 8s
  8050K .......... .......... .......... .......... .......... 45% 85.0M 8s
  8100K .......... .......... .......... .......... .......... 45% 88.6M 8s
  8150K .......... .......... .......... .......... .......... 45% 91.0M 8s
  8200K .......... .......... .......... .......... .......... 46%  269K 8s
  8250K .......... .......... .......... .......... .......... 46% 18.8M 8s
  8300K .......... .......... .......... .......... .......... 46% 36.6M 8s
  8350K .......... .......... .......... .......... .......... 47%  266K 8s
  8400K .......... .......... .......... .......... .......... 47% 26.6M 8s
  8450K .......... .......... .......... .......... .......... 47%  266K 8s
  8500K .......... .......... .......... .......... .......... 47% 41.4M 8s
  8550K .......... .......... .......... .......... .......... 48% 1.07M 8s
  8600K .......... .......... .......... .......... .......... 48%  345K 8s
  8650K .......... .......... .......... .......... .......... 48% 32.7M 8s
  8700K .......... .......... .......... .......... .......... 49%  267K 8s
  8750K .......... .......... .......... .......... .......... 49% 27.3M 8s
  8800K .......... .......... .......... .......... .......... 49% 1.08M 8s
  8850K .......... .......... .......... .......... .......... 49%  343K 8s
  8900K .......... .......... .......... .......... .......... 50% 13.4M 8s
  8950K .......... .......... .......... .......... .......... 50%  272K 8s
  9000K .......... .......... .......... .......... .......... 50% 13.6M 8s
  9050K .......... .......... .......... .......... .......... 51% 12.9M 8s
  9100K .......... .......... .......... .......... .......... 51%  270K 8s
  9150K .......... .......... .......... .......... .......... 51% 40.5M 8s
  9200K .......... .......... .......... .......... .......... 51%  269K 8s
  9250K .......... .......... .......... .......... .......... 52% 10.9M 8s
  9300K .......... .......... .......... .......... .......... 52% 15.1M 8s
  9350K .......... .......... .......... .......... .......... 52%  274K 8s
  9400K .......... .......... .......... .......... .......... 52% 9.80M 8s
  9450K .......... .......... .......... .......... .......... 53% 17.7M 8s
  9500K .......... .......... .......... .......... .......... 53%  268K 8s
  9550K .......... .......... .......... .......... .......... 53% 47.4M 8s
  9600K .......... .......... .......... .......... .......... 54% 1.14M 7s
  9650K .......... .......... .......... .......... .......... 54%  341K 8s
  9700K .......... .......... .......... .......... .......... 54% 26.8M 7s
  9750K .......... .......... .......... .......... .......... 54% 1.17M 7s
  9800K .......... .......... .......... .......... .......... 55%  337K 7s
  9850K .......... .......... .......... .......... .......... 55% 29.0M 7s
  9900K .......... .......... .......... .......... .......... 55%  272K 7s
  9950K .......... .......... .......... .......... .......... 56% 9.26M 7s
 10000K .......... .......... .......... .......... .......... 56% 28.8M 7s
 10050K .......... .......... .......... .......... .......... 56%  132K 7s
 10100K .......... .......... .......... .......... .......... 56% 78.4M 7s
 10150K .......... .......... .......... .......... .......... 57% 76.7M 7s
 10200K .......... .......... .......... .......... .......... 57% 1.19M 7s
 10250K .......... .......... .......... .......... .......... 57% 87.7M 7s
 10300K .......... .......... .......... .......... .......... 58%  334K 7s
 10350K .......... .......... .......... .......... .......... 58% 42.9M 7s
 10400K .......... .......... .......... .......... .......... 58%  264K 7s
 10450K .......... .......... .......... .......... .......... 58% 1.22M 7s
 10500K .......... .......... .......... .......... .......... 59%  146K 7s
 10550K .......... .......... .......... .......... .......... 59% 73.2M 7s
 10600K .......... .......... .......... .......... .......... 59% 79.6M 7s
 10650K .......... .......... .......... .......... .......... 59% 89.8M 7s
 10700K .......... .......... .......... .......... .......... 60%  265K 7s
 10750K .......... .......... .......... .......... .......... 60%  268K 7s
 10800K .......... .......... .......... .......... .......... 60% 1.15M 7s
 10850K .......... .......... .......... .......... .......... 61%  330K 7s
 10900K .......... .......... .......... .......... .......... 61%  271K 7s
 10950K .......... .......... .......... .......... .......... 61% 8.20M 7s
 11000K .......... .......... .......... .......... .......... 61%  266K 7s
 11050K .......... .......... .......... .......... .......... 62% 16.5M 7s
 11100K .......... .......... .......... .......... .......... 62%  265K 7s
 11150K .......... .......... .......... .......... .......... 62% 29.6M 7s
 11200K .......... .......... .......... .......... .......... 63%  134K 7s
 11250K .......... .......... .......... .......... .......... 63% 17.8M 7s
 11300K .......... .......... .......... .......... .......... 63%  268K 7s
 11350K .......... .......... .......... .......... .......... 63% 6.40M 7s
 11400K .......... .......... .......... .......... .......... 64%  266K 7s
 11450K .......... .......... .......... .......... .......... 64%  270K 7s
 11500K .......... .......... .......... .......... .......... 64% 1.01M 7s
 11550K .......... .......... .......... .......... .......... 65%  335K 7s
 11600K .......... .......... .......... .......... .......... 65%  264K 7s
 11650K .......... .......... .......... .......... .......... 65%  269K 7s
 11700K .......... .......... .......... .......... .......... 65% 8.74M 7s
 11750K .......... .......... .......... .......... .......... 66%  264K 7s
 11800K .......... .......... .......... .......... .......... 66%  266K 7s
 11850K .......... .......... .......... .......... .......... 66% 15.2M 7s
 11900K .......... .......... .......... .......... .......... 66%  264K 7s
 11950K .......... .......... .......... .......... .......... 67%  266K 7s
 12000K .......... .......... .......... .......... .......... 67% 1.10M 7s
 12050K .......... .......... .......... .......... .......... 67%  337K 7s
 12100K .......... .......... .......... .......... .......... 68%  266K 7s
 12150K .......... .......... .......... .......... .......... 68% 8.09M 7s
 12200K .......... .......... .......... .......... .......... 68%  267K 7s
 12250K .......... .......... .......... .......... .......... 68%  268K 7s
 12300K .......... .......... .......... .......... .......... 69% 6.20M 7s
 12350K .......... .......... .......... .......... .......... 69%  269K 7s
 12400K .......... .......... .......... .......... .......... 69%  266K 7s
 12450K .......... .......... .......... .......... .......... 70% 1.08M 6s
 12500K .......... .......... .......... .......... .......... 70%  339K 6s
 12550K .......... .......... .......... .......... .......... 70%  265K 6s
 12600K .......... .......... .......... .......... .......... 70% 5.53M 6s
 12650K .......... .......... .......... .......... .......... 71%  272K 6s
 12700K .......... .......... .......... .......... .......... 71%  267K 6s
 12750K .......... .......... .......... .......... .......... 71% 6.35M 6s
 12800K .......... .......... .......... .......... .......... 72%  268K 6s
 12850K .......... .......... .......... .......... .......... 72%  267K 6s
 12900K .......... .......... .......... .......... .......... 72% 6.36M 6s
 12950K .......... .......... .......... .......... .......... 72%  270K 6s
 13000K .......... .......... .......... .......... .......... 73% 1.09M 6s
 13050K .......... .......... .......... .......... .......... 73%  335K 6s
 13100K .......... .......... .......... .......... .......... 73%  268K 6s
 13150K .......... .......... .......... .......... .......... 74% 6.26M 6s
 13200K .......... .......... .......... .......... .......... 74%  264K 6s
 13250K .......... .......... .......... .......... .......... 74%  276K 6s
 13300K .......... .......... .......... .......... .......... 74% 2.74M 6s
 13350K .......... .......... .......... .......... .......... 75%  286K 6s
 13400K .......... .......... .......... .......... .......... 75% 1.13M 6s
 13450K .......... .......... .......... .......... .......... 75%  339K 6s
 13500K .......... .......... .......... .......... .......... 75% 1.07M 6s
 13550K .......... .......... .......... .......... .......... 76%  331K 6s
 13600K .......... .......... .......... .......... .......... 76%  272K 5s
 13650K .......... .......... .......... .......... .......... 76% 1.14M 5s
 13700K .......... .......... .......... .......... .......... 77%  339K 5s
 13750K .......... .......... .......... .......... .......... 77% 1.13M 5s
 13800K .......... .......... .......... .......... .......... 77%  339K 5s
 13850K .......... .......... .......... .......... .......... 77% 1.15M 5s
 13900K .......... .......... .......... .......... .......... 78%  338K 5s
 13950K .......... .......... .......... .......... .......... 78% 1.15M 5s
 14000K .......... .......... .......... .......... .......... 78%  336K 5s
 14050K .......... .......... .......... .......... .......... 79% 1.17M 5s
 14100K .......... .......... .......... .......... .......... 79%  337K 5s
 14150K .......... .......... .......... .......... .......... 79% 1.17M 5s
 14200K .......... .......... .......... .......... .......... 79%  319K 5s
 14250K .......... .......... .......... .......... .......... 80% 8.95M 5s
 14300K .......... .......... .......... .......... .......... 80%  284K 5s
 14350K .......... .......... .......... .......... .......... 80% 2.45M 5s
 14400K .......... .......... .......... .......... .......... 81%  764K 5s
 14450K .......... .......... .......... .......... .......... 81%  439K 4s
 14500K .......... .......... .......... .......... .......... 81% 1.48M 4s
 14550K .......... .......... .......... .......... .......... 81%  324K 4s
 14600K .......... .......... .......... .......... .......... 82% 3.56M 4s
 14650K .......... .......... .......... .......... .......... 82% 2.14M 4s
 14700K .......... .......... .......... .......... .......... 82%  320K 4s
 14750K .......... .......... .......... .......... .......... 82% 3.97M 4s
 14800K .......... .......... .......... .......... .......... 83%  691K 4s
 14850K .......... .......... .......... .......... .......... 83%  471K 4s
 14900K .......... .......... .......... .......... .......... 83% 4.10M 4s
 14950K .......... .......... .......... .......... .......... 84%  774K 4s
 15000K .......... .......... .......... .......... .......... 84%  439K 4s
 15050K .......... .......... .......... .......... .......... 84% 4.18M 4s
 15100K .......... .......... .......... .......... .......... 84% 1.68M 4s
 15150K .......... .......... .......... .......... .......... 85%  335K 4s
 15200K .......... .......... .......... .......... .......... 85% 4.07M 3s
 15250K .......... .......... .......... .......... .......... 85% 2.20M 3s
 15300K .......... .......... .......... .......... .......... 86%  316K 3s
 15350K .......... .......... .......... .......... .......... 86% 5.16M 3s
 15400K .......... .......... .......... .......... .......... 86% 2.26M 3s
 15450K .......... .......... .......... .......... .......... 86%  324K 3s
 15500K .......... .......... .......... .......... .......... 87% 9.21M 3s
 15550K .......... .......... .......... .......... .......... 87% 4.46M 3s
 15600K .......... .......... .......... .......... .......... 87% 2.24M 3s
 15650K .......... .......... .......... .......... .......... 88%  319K 3s
 15700K .......... .......... .......... .......... .......... 88% 39.2M 3s
 15750K .......... .......... .......... .......... .......... 88% 4.30M 3s
 15800K .......... .......... .......... .......... .......... 88% 1.85M 3s
 15850K .......... .......... .......... .......... .......... 89%  337K 3s
 15900K .......... .......... .......... .......... .......... 89% 11.9M 3s
 15950K .......... .......... .......... .......... .......... 89% 3.81M 2s
 16000K .......... .......... .......... .......... .......... 89% 1.96M 2s
 16050K .......... .......... .......... .......... .......... 90%  331K 2s
 16100K .......... .......... .......... .......... .......... 90% 24.3M 2s
 16150K .......... .......... .......... .......... .......... 90% 4.07M 2s
 16200K .......... .......... .......... .......... .......... 91% 2.58M 2s
 16250K .......... .......... .......... .......... .......... 91%  323K 2s
 16300K .......... .......... .......... .......... .......... 91% 11.5M 2s
 16350K .......... .......... .......... .......... .......... 91% 4.46M 2s
 16400K .......... .......... .......... .......... .......... 92% 2.47M 2s
 16450K .......... .......... .......... .......... .......... 92% 1.09M 2s
 16500K .......... .......... .......... .......... .......... 92%  443K 2s
 16550K .......... .......... .......... .......... .......... 93% 20.8M 2s
 16600K .......... .......... .......... .......... .......... 93% 3.73M 2s
 16650K .......... .......... .......... .......... .......... 93% 2.83M 1s
 16700K .......... .......... .......... .......... .......... 93% 5.52M 1s
 16750K .......... .......... .......... .......... .......... 94%  333K 1s
 16800K .......... .......... .......... .......... .......... 94% 39.2M 1s
 16850K .......... .......... .......... .......... .......... 94% 3.70M 1s
 16900K .......... .......... .......... .......... .......... 95% 2.51M 1s
 16950K .......... .......... .......... .......... .......... 95% 7.82M 1s
 17000K .......... .......... .......... .......... .......... 95%  333K 1s
 17050K .......... .......... .......... .......... .......... 95% 70.0M 1s
 17100K .......... .......... .......... .......... .......... 96% 4.55M 1s
 17150K .......... .......... .......... .......... .......... 96% 15.7M 1s
 17200K .......... .......... .......... .......... .......... 96% 2.49M 1s
 17250K .......... .......... .......... .......... .......... 96%  319K 1s
 17300K .......... .......... .......... .......... .......... 97% 69.0M 1s
 17350K .......... .......... .......... .......... .......... 97% 76.9M 1s
 17400K .......... .......... .......... .......... .......... 97% 3.86M 0s
 17450K .......... .......... .......... .......... .......... 98% 2.60M 0s
 17500K .......... .......... .......... .......... .......... 98% 73.9M 0s
 17550K .......... .......... .......... .......... .......... 98%  318K 0s
 17600K .......... .......... .......... .......... .......... 98% 53.1M 0s
 17650K .......... .......... .......... .......... .......... 99% 77.8M 0s
 17700K .......... .......... .......... .......... .......... 99% 3.97M 0s
 17750K .......... .......... .......... .......... .......... 99% 2.59M 0s
 17800K .......... .......... .......... .......              100% 64.9M=23s

2019-07-29 11:54:25 (792 KB/s) - 'cache/libtiff-bug-2010-12-13-96a5fb4-bdba15c.tar.gz' saved [18265474/18265474]

[fetch] preparing source code
[fetch] golden_directory: libtiff-fix-2010-12-13-96a5fb4-bdba15c
[fetch] clean-source libtiff-bug-2010-12-13-96a5fb4-bdba15c
[fetch] /angelix-experiments/libtiff-bug-2010-12-13-96a5fb4-bdba15c/libtiff/configure
[fetch] make clean
[fetch] clean-source libtiff-fix-2010-12-13-96a5fb4-bdba15c
[fetch] restore-buggy libtiff-bug-2010-12-13-96a5fb4-bdba15c
[fetch] /angelix-experiments/libtiff-fix-2010-12-13-96a5fb4-bdba15c/libtiff/configure
[fetch] make clean
[fetch] buggy: tools/tiffcrop.c
[fetch] buggy_preprocessed: libtiff-bug-2010-12-13-96a5fb4-bdba15c/libtiff/tools/tiffcrop.c
[fetch] buggy_version: 96a5fb4
[fetch] buggy_original: libtiff-bug-2010-12-13-96a5fb4-bdba15c/diffs/tools/tiffcrop.c-96a5fb4
[fetch] restore-correct libtiff-fix-2010-12-13-96a5fb4-bdba15c
[fetch] restored libtiff-fix-2010-12-13-96a5fb4-bdba15c/libtiff/tools/tiffcrop.c with libtiff-fix-2010-12-13-96a5fb4-bdba15c/diffs/tools/tiffcrop.c-bdba15c
[fetch] fetch done
[repair] options: --defect
if-conditions
loop-conditions
--angelic-search-strategy
guided
--search-max-trials
100
--max-same-cost-iter
20
--one-bit-flip-prob
0.5
--mcmc-beta
0.8
--penalty1
4
--penalty2
2
--default-max-cost
300000000
--default-non-zero-cost
300000000
--initial-tests
1
--suspicious
60  --ignore-lines --quiet --all-suspicious --group-size 1 --test-timeout 60
[repair-libtiff] options:  --defect if-conditions loop-conditions --angelic-search-strategy guided --search-max-trials 100 --max-same-cost-iter 20 --one-bit-flip-prob 0.5 --mcmc-beta 0.8 --penalty1 4 --penalty2 2 --default-max-cost 300000000 --default-non-zero-cost 300000000 --initial-tests 1 --suspicious 60 --ignore-lines --quiet --all-suspicious --group-size 1 --test-timeout 60
[repair-libtiff] instrument libtiff-bug-2010-12-13-96a5fb4-bdba15c/libtiff/test/Makefile.in
[repair-libtiff] instrument libtiff-bug-2010-12-13-96a5fb4-bdba15c/libtiff/tools/tiff2pdf.c
[repair-libtiff] instrument libtiff-bug-2010-12-13-96a5fb4-bdba15c/libtiff/tools/tiff2pdf.c
[repair-libtiff] instrument libtiff-bug-2010-12-13-96a5fb4-bdba15c/libtiff/tools/tiff2pdf.c
[repair-libtiff] instrument libtiff-bug-2010-12-13-96a5fb4-bdba15c/libtiff/tools/tiff2pdf.c
[repair-libtiff] instrument libtiff-bug-2010-12-13-96a5fb4-bdba15c/libtiff/libtiff/tif_error.c
[repair-libtiff] instrument libtiff-bug-2010-12-13-96a5fb4-bdba15c/libtiff/libtiff/tif_error.c
[repair-libtiff] instrument libtiff-fix-2010-12-13-96a5fb4-bdba15c/libtiff/test/Makefile.in
[repair-libtiff] instrument libtiff-fix-2010-12-13-96a5fb4-bdba15c/libtiff/tools/tiff2pdf.c
[repair-libtiff] instrument libtiff-fix-2010-12-13-96a5fb4-bdba15c/libtiff/tools/tiff2pdf.c
[repair-libtiff] instrument libtiff-fix-2010-12-13-96a5fb4-bdba15c/libtiff/tools/tiff2pdf.c
[repair-libtiff] instrument libtiff-fix-2010-12-13-96a5fb4-bdba15c/libtiff/tools/tiff2pdf.c
[repair-libtiff] instrument libtiff-fix-2010-12-13-96a5fb4-bdba15c/libtiff/libtiff/tif_error.c
[repair-libtiff] instrument libtiff-fix-2010-12-13-96a5fb4-bdba15c/libtiff/libtiff/tif_error.c
WARNING  testing         ANGELIX_RUN is not executed by test 1
WARNING  testing         ANGELIX_RUN is not executed by test 2
WARNING  testing         ANGELIX_RUN is not executed by test 3
WARNING  testing         ANGELIX_RUN is not executed by test 4
WARNING  testing         ANGELIX_RUN is not executed by test 5
WARNING  testing         ANGELIX_RUN is not executed by test 6
WARNING  testing         ANGELIX_RUN is not executed by test 7
WARNING  testing         ANGELIX_RUN is not executed by test 8
WARNING  testing         ANGELIX_RUN is not executed by test 9
WARNING  testing         ANGELIX_RUN is not executed by test 10
WARNING  testing         ANGELIX_RUN is not executed by test 11
WARNING  testing         ANGELIX_RUN is not executed by test 12
WARNING  testing         ANGELIX_RUN is not executed by test 13
WARNING  testing         ANGELIX_RUN is not executed by test 14
WARNING  testing         ANGELIX_RUN is not executed by test 15
WARNING  testing         ANGELIX_RUN is not executed by test 16
WARNING  testing         ANGELIX_RUN is not executed by test 17
WARNING  testing         ANGELIX_RUN is not executed by test 18
WARNING  testing         ANGELIX_RUN is not executed by test 19
WARNING  testing         ANGELIX_RUN is not executed by test 20
WARNING  testing         ANGELIX_RUN is not executed by test 21
WARNING  testing         ANGELIX_RUN is not executed by test 24
WARNING  testing         ANGELIX_RUN is not executed by test 25
WARNING  testing         ANGELIX_RUN is not executed by test 26
WARNING  testing         ANGELIX_RUN is not executed by test 27
WARNING  testing         ANGELIX_RUN is not executed by test 29
WARNING  testing         ANGELIX_RUN is not executed by test 30
WARNING  testing         ANGELIX_RUN is not executed by test 31
WARNING  testing         ANGELIX_RUN is not executed by test 32
WARNING  testing         ANGELIX_RUN is not executed by test 33
WARNING  testing         ANGELIX_RUN is not executed by test 34
WARNING  testing         ANGELIX_RUN is not executed by test 35
WARNING  testing         ANGELIX_RUN is not executed by test 36
WARNING  testing         ANGELIX_RUN is not executed by test 37
WARNING  testing         ANGELIX_RUN is not executed by test 38
WARNING  testing         ANGELIX_RUN is not executed by test 42
WARNING  testing         ANGELIX_RUN is not executed by test 50
WARNING  testing         ANGELIX_RUN is not executed by test 51
WARNING  testing         ANGELIX_RUN is not executed by test 52
WARNING  testing         ANGELIX_RUN is not executed by test 53
WARNING  testing         ANGELIX_RUN is not executed by test 54
WARNING  testing         ANGELIX_RUN is not executed by test 55
WARNING  testing         ANGELIX_RUN is not executed by test 56
WARNING  testing         ANGELIX_RUN is not executed by test 57
WARNING  testing         ANGELIX_RUN is not executed by test 58
WARNING  testing         ANGELIX_RUN is not executed by test 59
WARNING  testing         ANGELIX_RUN is not executed by test 60
WARNING  testing         ANGELIX_RUN is not executed by test 61
WARNING  testing         ANGELIX_RUN is not executed by test 62
WARNING  testing         ANGELIX_RUN is not executed by test 63
WARNING  testing         ANGELIX_RUN is not executed by test 64
WARNING  testing         ANGELIX_RUN is not executed by test 65
WARNING  testing         ANGELIX_RUN is not executed by test 66
WARNING  testing         ANGELIX_RUN is not executed by test 67
WARNING  testing         ANGELIX_RUN is not executed by test 68
WARNING  testing         ANGELIX_RUN is not executed by test 69
WARNING  testing         ANGELIX_RUN is not executed by test 70
WARNING  testing         ANGELIX_RUN is not executed by test 71
WARNING  testing         ANGELIX_RUN is not executed by test 72
WARNING  testing         ANGELIX_RUN is not executed by test 73
WARNING  testing         ANGELIX_RUN is not executed by test 74
WARNING  testing         ANGELIX_RUN is not executed by test 75
WARNING  testing         ANGELIX_RUN is not executed by test 76
WARNING  testing         ANGELIX_RUN is not executed by test 77
WARNING  testing         ANGELIX_RUN is not executed by test 78
INFO     pymc3           Sequential sampling (1 chains in 1 job)
INFO     pymc3           Metropolis: [p]
INFO     pymc3           accepted: False
WARNING  guided_infer    DD failed (ebits)
SUCCESS
