[repair] benchmark: manybugs
[repair] subject: php
[repair] version: 2011-04-27-53204a26d2-118695a4ea
[repair] search: guided
[repair] ./fetch php manybugs 2011-04-27-53204a26d2-118695a4ea
[fetch] benchmark: manybugs
[fetch] subject: php
[fetch] version: 2011-04-27-53204a26d2-118695a4ea
[fetch] archive: php-bug-2011-04-27-53204a26d2-118695a4ea.tar.gz
[fetch] directory: php-bug-2011-04-27-53204a26d2-118695a4ea
[fetch] preparing source code
[fetch] golden_directory: php-fix-2011-04-27-53204a26d2-118695a4ea
[fetch] clean-source php-bug-2011-04-27-53204a26d2-118695a4ea
[fetch] /angelix-experiments/php-bug-2011-04-27-53204a26d2-118695a4ea/php/configure
[fetch] make -j 72 clean
[fetch] clean-source php-fix-2011-04-27-53204a26d2-118695a4ea
[fetch] restore-buggy php-bug-2011-04-27-53204a26d2-118695a4ea
[fetch] /angelix-experiments/php-fix-2011-04-27-53204a26d2-118695a4ea/php/configure
[fetch] make -j 72 clean
[fetch] restore-buggy entered
[fetch] buggy: ext/filter/filter.c
[fetch] buggy_version: 53204a26d2
[fetch] buggy_preprocessed: php-bug-2011-04-27-53204a26d2-118695a4ea/php/ext/filter/filter.c
[fetch] buggy_original: php-bug-2011-04-27-53204a26d2-118695a4ea/diffs/ext/filter/filter.c-53204a26d2
[fetch] cp php-bug-2011-04-27-53204a26d2-118695a4ea/diffs/ext/filter/filter.c-53204a26d2 php-bug-2011-04-27-53204a26d2-118695a4ea/php/ext/filter/filter.c
[fetch] restore-correct php-fix-2011-04-27-53204a26d2-118695a4ea
[fetch] restore-correct entered
[fetch] cp php-fix-2011-04-27-53204a26d2-118695a4ea/diffs/ext/filter/filter.c-118695a4ea php-fix-2011-04-27-53204a26d2-118695a4ea/php/ext/filter/filter.c
[fetch] restored php-fix-2011-04-27-53204a26d2-118695a4ea/php/ext/filter/filter.c with php-fix-2011-04-27-53204a26d2-118695a4ea/diffs/ext/filter/filter.c-118695a4ea
[fetch] fetch done
[repair] [repair] options: --angelic-search-strategy
guided
--search-max-trials
100
--max-same-cost-iter
20
--default-max-cost
300000000
--default-non-zero-cost
300000000
--error-cost
10000000
--warning-cost
5000000
--one-bit-flip-prob
0.5
--penalty1
4
--penalty2
2
--mcmc-beta
0.8
--all-suspicious
--test-timeout
60
--use-gcc  --klee-timeout 7200 --timeout 14400 --klee-solver-timeout 100 --show-suspicious-locations --group-size 1 --defect assignments
[repair-php] restore .aux/php/php-run-tests.c
[repair-php] restore php-bug-2011-04-27-53204a26d2-118695a4ea/php/main/main.c
[repair-php] restore php-bug-2011-04-27-53204a26d2-118695a4ea/php/sapi/cli/php_cli.c
[repair-php] restore php-bug-2011-04-27-53204a26d2-118695a4ea/php/Zend/zend.c
[repair-php] restore php-bug-2011-04-27-53204a26d2-118695a4ea/php/main/output.c
[repair-php] restore php-bug-2011-04-27-53204a26d2-118695a4ea/php/ext/standard/url_scanner_ex.c
[repair-php] restore php-bug-2011-04-27-53204a26d2-118695a4ea/php/Zend/zend_object_handlers.c
[repair-php] restore php-fix-2011-04-27-53204a26d2-118695a4ea/php/main/main.c
[repair-php] restore php-fix-2011-04-27-53204a26d2-118695a4ea/php/sapi/cli/php_cli.c
[repair-php] restore php-fix-2011-04-27-53204a26d2-118695a4ea/php/Zend/zend.c
[repair-php] restore php-fix-2011-04-27-53204a26d2-118695a4ea/php/main/output.c
[repair-php] restore php-fix-2011-04-27-53204a26d2-118695a4ea/php/ext/standard/url_scanner_ex.c
[repair-php] restore php-fix-2011-04-27-53204a26d2-118695a4ea/php/Zend/zend_object_handlers.c
[repair-php] restore php-bug-2011-04-27-53204a26d2-118695a4ea/php/ext/filter/filter.c
[repair-php] options:  --angelic-search-strategy guided --search-max-trials 100 --max-same-cost-iter 20 --default-max-cost 300000000 --default-non-zero-cost 300000000 --error-cost 10000000 --warning-cost 5000000 --one-bit-flip-prob 0.5 --penalty1 4 --penalty2 2 --mcmc-beta 0.8 --all-suspicious --test-timeout 60 --use-gcc --klee-timeout 7200 --timeout 14400 --klee-solver-timeout 100 --show-suspicious-locations --group-size 1 --defect assignments
INFO     repair          copy php-bug-2011-04-27-53204a26d2-118695a4ea/php to /angelix-experiments/.angelix/validation
INFO     project         configuring validation source
INFO     project         building json compilation database from validation source
INFO     testing         running test '1' of validation source
INFO     testing         output code: 0
INFO     testing         running test '2' of validation source
INFO     testing         output code: 1
INFO     testing         running test '3' of validation source
INFO     testing         output code: 0
INFO     testing         running test '4' of validation source
INFO     testing         output code: 0
INFO     testing         running test '5' of validation source
INFO     testing         output code: 0
INFO     testing         running test '6' of validation source
INFO     testing         output code: 0
INFO     testing         running test '7' of validation source
INFO     testing         output code: 1
INFO     testing         running test '8' of validation source
INFO     testing         output code: 1
INFO     testing         running test '9' of validation source
INFO     testing         output code: 1
INFO     testing         running test '10' of validation source
INFO     testing         output code: 1
INFO     testing         running test '11' of validation source
INFO     testing         output code: 1
INFO     testing         running test '12' of validation source
INFO     testing         output code: 0
INFO     testing         running test '13' of validation source
INFO     testing         output code: 1
INFO     testing         running test '14' of validation source
INFO     testing         output code: 0
INFO     testing         running test '15' of validation source
INFO     testing         output code: 1
INFO     testing         running test '16' of validation source
INFO     testing         output code: 0
INFO     testing         running test '17' of validation source
INFO     testing         output code: 0
INFO     testing         running test '18' of validation source
INFO     testing         output code: 0
INFO     testing         running test '19' of validation source
INFO     testing         output code: 0
INFO     testing         running test '20' of validation source
INFO     testing         output code: 0
INFO     testing         running test '21' of validation source
INFO     testing         output code: 0
INFO     testing         running test '22' of validation source
INFO     testing         output code: 0
INFO     testing         running test '23' of validation source
INFO     testing         output code: 0
INFO     testing         running test '24' of validation source
INFO     testing         output code: 0
INFO     testing         running test '25' of validation source
INFO     testing         output code: 0
INFO     testing         running test '26' of validation source
INFO     testing         output code: 0
INFO     testing         running test '27' of validation source
INFO     testing         output code: 0
INFO     testing         running test '28' of validation source
INFO     testing         output code: 0
INFO     testing         running test '29' of validation source
INFO     testing         output code: 0
INFO     testing         running test '30' of validation source
INFO     testing         output code: 0
INFO     testing         running test '31' of validation source
INFO     testing         output code: 1
INFO     testing         running test '32' of validation source
INFO     testing         output code: 0
INFO     testing         running test '33' of validation source
INFO     testing         output code: 0
INFO     testing         running test '34' of validation source
INFO     testing         output code: 0
INFO     testing         running test '35' of validation source
INFO     testing         output code: 0
INFO     testing         running test '36' of validation source
INFO     testing         output code: 0
INFO     testing         running test '37' of validation source
INFO     testing         output code: 0
INFO     testing         running test '38' of validation source
INFO     testing         output code: 0
INFO     testing         running test '39' of validation source
INFO     testing         output code: 0
INFO     testing         running test '40' of validation source
INFO     testing         output code: 0
INFO     testing         running test '41' of validation source
INFO     testing         output code: 0
INFO     testing         running test '42' of validation source
INFO     testing         output code: 0
INFO     testing         running test '43' of validation source
INFO     testing         output code: 0
INFO     testing         running test '44' of validation source
INFO     testing         output code: 0
INFO     testing         running test '45' of validation source
INFO     testing         output code: 0
INFO     testing         running test '46' of validation source
INFO     testing         output code: 0
INFO     testing         running test '47' of validation source
INFO     testing         output code: 0
INFO     testing         running test '48' of validation source
INFO     testing         output code: 0
INFO     testing         running test '49' of validation source
INFO     testing         output code: 1
INFO     testing         running test '50' of validation source
INFO     testing         output code: 1
INFO     testing         running test '51' of validation source
INFO     testing         output code: 0
INFO     testing         running test '52' of validation source
INFO     testing         output code: 0
INFO     testing         running test '53' of validation source
INFO     testing         output code: 0
INFO     testing         running test '54' of validation source
INFO     testing         output code: 0
INFO     testing         running test '55' of validation source
INFO     testing         output code: 0
INFO     testing         running test '56' of validation source
INFO     testing         output code: 0
INFO     testing         running test '57' of validation source
INFO     testing         output code: 0
INFO     testing         running test '58' of validation source
INFO     testing         output code: 0
INFO     testing         running test '59' of validation source
INFO     testing         output code: 0
INFO     testing         running test '60' of validation source
INFO     testing         output code: 0
INFO     testing         running test '61' of validation source
INFO     testing         output code: 0
INFO     testing         running test '62' of validation source
INFO     testing         output code: 0
INFO     testing         running test '63' of validation source
INFO     testing         output code: 0
INFO     testing         running test '64' of validation source
INFO     testing         output code: 0
INFO     testing         running test '65' of validation source
INFO     testing         output code: 0
INFO     testing         running test '66' of validation source
INFO     testing         output code: 0
INFO     testing         running test '67' of validation source
INFO     testing         output code: 0
INFO     testing         running test '68' of validation source
INFO     testing         output code: 0
INFO     testing         running test '69' of validation source
INFO     testing         output code: 0
INFO     testing         running test '70' of validation source
INFO     testing         output code: 0
INFO     testing         running test '71' of validation source
INFO     testing         output code: 1
INFO     testing         running test '72' of validation source
INFO     testing         output code: 1
INFO     testing         running test '73' of validation source
INFO     testing         output code: 1
INFO     testing         running test '74' of validation source
INFO     testing         output code: 0
INFO     testing         running test '75' of validation source
INFO     testing         output code: 0
INFO     testing         running test '76' of validation source
INFO     testing         output code: 0
INFO     testing         running test '77' of validation source
INFO     testing         output code: 0
INFO     testing         running test '78' of validation source
INFO     testing         output code: 0
INFO     testing         running test '79' of validation source
INFO     testing         output code: 0
INFO     testing         running test '80' of validation source
INFO     testing         output code: 0
INFO     testing         running test '81' of validation source
INFO     testing         output code: 0
INFO     testing         running test '82' of validation source
INFO     testing         output code: 0
INFO     testing         running test '83' of validation source
INFO     testing         output code: 0
INFO     testing         running test '84' of validation source
INFO     testing         output code: 0
INFO     testing         running test '85' of validation source
INFO     testing         output code: 0
INFO     project         configuring golden source
INFO     project         building golden source
INFO     testing         running test '2' of golden source
INFO     testing         output code: 1
INFO     testing         running test '7' of golden source
INFO     testing         output code: 1
INFO     testing         running test '8' of golden source
INFO     testing         output code: 1
INFO     testing         running test '9' of golden source
INFO     testing         output code: 1
INFO     testing         running test '10' of golden source
INFO     testing         output code: 1
INFO     testing         running test '11' of golden source
INFO     testing         output code: 0
INFO     testing         running test '13' of golden source
INFO     testing         output code: 1
INFO     testing         running test '15' of golden source
INFO     testing         output code: 1
INFO     testing         running test '31' of golden source
INFO     testing         output code: 1
INFO     testing         running test '49' of golden source
INFO     testing         output code: 1
INFO     testing         running test '50' of golden source
INFO     testing         output code: 1
INFO     testing         running test '71' of golden source
INFO     testing         output code: 1
INFO     testing         running test '72' of golden source
INFO     testing         output code: 1
INFO     testing         running test '73' of golden source
INFO     testing         output code: 1
WARNING  repair          excluding test 2 because it fails in golden version
WARNING  repair          excluding test 7 because it fails in golden version
WARNING  repair          excluding test 8 because it fails in golden version
WARNING  repair          excluding test 9 because it fails in golden version
WARNING  repair          excluding test 10 because it fails in golden version
WARNING  repair          excluding test 13 because it fails in golden version
WARNING  repair          excluding test 15 because it fails in golden version
WARNING  repair          excluding test 31 because it fails in golden version
WARNING  repair          excluding test 49 because it fails in golden version
WARNING  repair          excluding test 50 because it fails in golden version
WARNING  repair          excluding test 71 because it fails in golden version
WARNING  repair          excluding test 72 because it fails in golden version
WARNING  repair          excluding test 73 because it fails in golden version
INFO     repair          positive: ['1', '3', '4', '5', '6', '12', '14', '16', '17', '18', '19', '20', '21', '22', '23', '24', '25', '26', '27', '28', '29', '30', '32', '33', '34', '35', '36', '37', '38', '39', '40', '41', '42', '43', '44', '45', '46', '47', '48', '51', '52', '53', '54', '55', '56', '57', '58', '59', '60', '61', '62', '63', '64', '65', '66', '67', '68', '69', '70', '74', '75', '76', '77', '78', '79', '80', '81', '82', '83', '84', '85']
INFO     repair          negative: ['11']
INFO     project         configuring frontend source
INFO     transformation  instrumenting repairable of frontend source
INFO     project         building frontend source
INFO     repair          running positive tests for debugging
INFO     testing         running test '1' of frontend source
INFO     testing         output code: 0
INFO     testing         running test '3' of frontend source
INFO     testing         output code: 0
INFO     testing         running test '4' of frontend source
INFO     testing         output code: 0
INFO     testing         running test '5' of frontend source
INFO     testing         output code: 0
INFO     testing         running test '6' of frontend source
INFO     testing         output code: 0
INFO     testing         running test '12' of frontend source
INFO     testing         output code: 0
INFO     testing         running test '14' of frontend source
INFO     testing         output code: 0
INFO     testing         running test '16' of frontend source
INFO     testing         output code: 0
INFO     testing         running test '17' of frontend source
INFO     testing         output code: 0
INFO     testing         running test '18' of frontend source
INFO     testing         output code: 0
INFO     testing         running test '19' of frontend source
INFO     testing         output code: 0
INFO     testing         running test '20' of frontend source
INFO     testing         output code: 0
INFO     testing         running test '21' of frontend source
INFO     testing         output code: 0
INFO     testing         running test '22' of frontend source
INFO     testing         output code: 0
INFO     testing         running test '23' of frontend source
INFO     testing         output code: 0
INFO     testing         running test '24' of frontend source
INFO     testing         output code: 0
INFO     testing         running test '25' of frontend source
INFO     testing         output code: 0
INFO     testing         running test '26' of frontend source
INFO     testing         output code: 0
INFO     testing         running test '27' of frontend source
INFO     testing         output code: 0
INFO     testing         running test '28' of frontend source
INFO     testing         output code: 0
INFO     testing         running test '29' of frontend source
INFO     testing         output code: 0
INFO     testing         running test '30' of frontend source
INFO     testing         output code: 0
INFO     testing         running test '32' of frontend source
INFO     testing         output code: 0
INFO     testing         running test '33' of frontend source
INFO     testing         output code: 0
INFO     testing         running test '34' of frontend source
INFO     testing         output code: 0
INFO     testing         running test '35' of frontend source
INFO     testing         output code: 0
INFO     testing         running test '36' of frontend source
INFO     testing         output code: 0
INFO     testing         running test '37' of frontend source
INFO     testing         output code: 0
INFO     testing         running test '38' of frontend source
INFO     testing         output code: 0
INFO     testing         running test '39' of frontend source
INFO     testing         output code: 0
INFO     testing         running test '40' of frontend source
INFO     testing         output code: 0
INFO     testing         running test '41' of frontend source
INFO     testing         output code: 0
INFO     testing         running test '42' of frontend source
INFO     testing         output code: 0
INFO     testing         running test '43' of frontend source
INFO     testing         output code: 0
INFO     testing         running test '44' of frontend source
INFO     testing         output code: 0
INFO     testing         running test '45' of frontend source
INFO     testing         output code: 0
INFO     testing         running test '46' of frontend source
INFO     testing         output code: 0
INFO     testing         running test '47' of frontend source
INFO     testing         output code: 0
INFO     testing         running test '48' of frontend source
INFO     testing         output code: 0
INFO     testing         running test '51' of frontend source
INFO     testing         output code: 0
INFO     testing         running test '52' of frontend source
INFO     testing         output code: 0
INFO     testing         running test '53' of frontend source
INFO     testing         output code: 0
INFO     testing         running test '54' of frontend source
INFO     testing         output code: 0
INFO     testing         running test '55' of frontend source
INFO     testing         output code: 0
INFO     testing         running test '56' of frontend source
INFO     testing         output code: 0
INFO     testing         running test '57' of frontend source
INFO     testing         output code: 0
INFO     testing         running test '58' of frontend source
INFO     testing         output code: 0
INFO     testing         running test '59' of frontend source
INFO     testing         output code: 0
INFO     testing         running test '60' of frontend source
INFO     testing         output code: 0
INFO     testing         running test '61' of frontend source
INFO     testing         output code: 0
INFO     testing         running test '62' of frontend source
INFO     testing         output code: 0
INFO     testing         running test '63' of frontend source
INFO     testing         output code: 0
INFO     testing         running test '64' of frontend source
INFO     testing         output code: 0
INFO     testing         running test '65' of frontend source
INFO     testing         output code: 0
INFO     testing         running test '66' of frontend source
INFO     testing         output code: 0
INFO     testing         running test '67' of frontend source
INFO     testing         output code: 0
INFO     testing         running test '68' of frontend source
INFO     testing         output code: 0
INFO     testing         running test '69' of frontend source
INFO     testing         output code: 0
INFO     testing         running test '70' of frontend source
INFO     testing         output code: 0
INFO     testing         running test '74' of frontend source
INFO     testing         output code: 0
INFO     testing         running test '75' of frontend source
INFO     testing         output code: 0
INFO     testing         running test '76' of frontend source
INFO     testing         output code: 0
INFO     testing         running test '77' of frontend source
INFO     testing         output code: 0
INFO     testing         running test '78' of frontend source
INFO     testing         output code: 0
INFO     testing         running test '79' of frontend source
INFO     testing         output code: 0
INFO     testing         running test '80' of frontend source
INFO     testing         output code: 0
INFO     testing         running test '81' of frontend source
INFO     testing         output code: 0
INFO     testing         running test '82' of frontend source
INFO     testing         output code: 0
INFO     testing         running test '83' of frontend source
INFO     testing         output code: 0
INFO     testing         running test '84' of frontend source
INFO     testing         output code: 0
INFO     testing         running test '85' of frontend source
INFO     testing         output code: 0
INFO     repair          running negative tests for debugging
INFO     testing         running test '11' of frontend source
INFO     testing         output code: 1
INFO     project         configuring golden source
INFO     project         building golden source
INFO     testing         running test '11' of golden source
INFO     testing         output code: 0
INFO     repair          repair test suite: ['1', '3', '4', '5', '6', '11', '12', '14', '16', '17', '18', '19', '20', '21', '22', '23', '24', '25', '26', '27', '28', '29', '30', '32', '33', '34', '35', '36', '37', '38', '39', '40', '41', '42', '43', '44', '45', '46', '47', '48', '51', '52', '53', '54', '55', '56', '57', '58', '59', '60', '61', '62', '63', '64', '65', '66', '67', '68', '69', '70', '74', '75', '76', '77', '78', '79', '80', '81', '82', '83', '84', '85']
INFO     repair          validation test suite: ['1', '3', '4', '5', '6', '11', '12', '14', '16', '17', '18', '19', '20', '21', '22', '23', '24', '25', '26', '27', '28', '29', '30', '32', '33', '34', '35', '36', '37', '38', '39', '40', '41', '42', '43', '44', '45', '46', '47', '48', '51', '52', '53', '54', '55', '56', '57', '58', '59', '60', '61', '62', '63', '64', '65', '66', '67', '68', '69', '70', '74', '75', '76', '77', '78', '79', '80', '81', '82', '83', '84', '85']
INFO     localization    (loc, score) = (('A', (183, 32, 183, 32)), 1.0)
INFO     localization    (loc, score) = (('A', (455, 23, 455, 23)), 1.0)
INFO     localization    (loc, score) = (('A', (204, 35, 204, 35)), 1.0)
INFO     localization    (loc, score) = (('A', (457, 21, 457, 21)), 1.0)
INFO     localization    (loc, score) = (('A', (465, 21, 465, 21)), 1.0)
INFO     localization    (loc, score) = (('A', (464, 23, 464, 23)), 1.0)
INFO     localization    group 1: [('A', (183, 32, 183, 32))] (1.0)
INFO     localization    group 2: [('A', (204, 35, 204, 35))] (1.0)
INFO     localization    group 3: [('A', (455, 23, 455, 23))] (1.0)
INFO     localization    group 4: [('A', (457, 21, 457, 21))] (1.0)
INFO     localization    group 5: [('A', (464, 23, 464, 23))] (1.0)
INFO     localization    group 6: [('A', (465, 21, 465, 21))] (1.0)
INFO     localization    selected expressions [('A', (183, 32, 183, 32))] with group score 1.0 
INFO     localization    selected expressions [('A', (204, 35, 204, 35))] with group score 1.0 
INFO     localization    selected expressions [('A', (455, 23, 455, 23))] with group score 1.0 
INFO     localization    selected expressions [('A', (457, 21, 457, 21))] with group score 1.0 
INFO     localization    selected expressions [('A', (464, 23, 464, 23))] with group score 1.0 
INFO     localization    selected expressions [('A', (465, 21, 465, 21))] with group score 1.0 
INFO     repair          considering suspicious locations [('A', (183, 32, 183, 32))]
INFO     reduction       all failing tests: ['11']
INFO     reduction       select 1 best tests from ['11']
INFO     reduction       select 0 best tests from ['1', '3', '4', '5', '6', '12', '14', '16', '17', '18', '19', '20', '21', '22', '23', '24', '25', '26', '27', '28', '29', '30', '32', '33', '34', '35', '36', '37', '38', '39', '40', '41', '42', '43', '44', '45', '46', '47', '48', '51', '52', '53', '54', '55', '56', '57', '58', '59', '60', '61', '62', '63', '64', '65', '66', '67', '68', '69', '70', '74', '75', '76', '77', '78', '79', '80', '81', '82', '83', '84', '85']
INFO     reduction       selected 1 tests
INFO     reduction       selected passing tests: []
INFO     reduction       selected failing tests: ['11']
INFO     guided_infer    inferring specification for test '11' through guided search
INFO     testing         running test '11' of frontend source with KLEE_SP
INFO     testing         output code: 1
INFO     sym_infer       checking whether /angelix-experiments/.angelix/frontend/klee-out-0 exists...
INFO     sym_infer       solving path .angelix/frontend/klee-out-0/test000001.smt2
INFO     sym_infer       value 'php_out' executed 0 times while 14 required
INFO     sym_infer       found 0 angelic paths for test '11'
INFO     repair          considering suspicious locations [('A', (204, 35, 204, 35))]
INFO     reduction       all failing tests: ['11']
INFO     reduction       select 1 best tests from ['11']
INFO     reduction       select 0 best tests from ['1', '3', '4', '5', '6', '12', '14', '16', '17', '18', '19', '20', '21', '22', '23', '24', '25', '26', '27', '28', '29', '30', '32', '33', '34', '35', '36', '37', '38', '39', '40', '41', '42', '43', '44', '45', '46', '47', '48', '51', '52', '53', '54', '55', '56', '57', '58', '59', '60', '61', '62', '63', '64', '65', '66', '67', '68', '69', '70', '74', '75', '76', '77', '78', '79', '80', '81', '82', '83', '84', '85']
INFO     reduction       selected 1 tests
INFO     reduction       selected passing tests: []
INFO     reduction       selected failing tests: ['11']
INFO     guided_infer    inferring specification for test '11' through guided search
INFO     testing         running test '11' of frontend source with KLEE_SP
INFO     testing         output code: 1
INFO     sym_infer       checking whether /angelix-experiments/.angelix/frontend/klee-out-0 exists...
INFO     sym_infer       solving path .angelix/frontend/klee-out-0/test000001.smt2
INFO     sym_infer       value 'php_out' executed 0 times while 14 required
INFO     sym_infer       found 0 angelic paths for test '11'
INFO     repair          considering suspicious locations [('A', (455, 23, 455, 23))]
INFO     reduction       all failing tests: ['11']
INFO     reduction       select 1 best tests from ['11']
INFO     reduction       select 0 best tests from ['1', '3', '4', '5', '6', '12', '14', '16', '17', '18', '19', '20', '21', '22', '23', '24', '25', '26', '27', '28', '29', '30', '32', '33', '34', '35', '36', '37', '38', '39', '40', '41', '42', '43', '44', '45', '46', '47', '48', '51', '52', '53', '54', '55', '56', '57', '58', '59', '60', '61', '62', '63', '64', '65', '66', '67', '68', '69', '70', '74', '75', '76', '77', '78', '79', '80', '81', '82', '83', '84', '85']
INFO     reduction       selected 1 tests
INFO     reduction       selected passing tests: []
INFO     reduction       selected failing tests: ['11']
INFO     guided_infer    inferring specification for test '11' through guided search
INFO     testing         running test '11' of frontend source with KLEE_SP
INFO     testing         output code: 1
INFO     sym_infer       checking whether /angelix-experiments/.angelix/frontend/klee-out-0 exists...
INFO     sym_infer       solving path .angelix/frontend/klee-out-0/test000001.smt2
INFO     sym_infer       value 'php_out' executed 0 times while 14 required
INFO     sym_infer       found 0 angelic paths for test '11'
INFO     repair          considering suspicious locations [('A', (457, 21, 457, 21))]
INFO     reduction       all failing tests: ['11']
INFO     reduction       select 1 best tests from ['11']
INFO     reduction       select 0 best tests from ['1', '3', '4', '5', '6', '12', '14', '16', '17', '18', '19', '20', '21', '22', '23', '24', '25', '26', '27', '28', '29', '30', '32', '33', '34', '35', '36', '37', '38', '39', '40', '41', '42', '43', '44', '45', '46', '47', '48', '51', '52', '53', '54', '55', '56', '57', '58', '59', '60', '61', '62', '63', '64', '65', '66', '67', '68', '69', '70', '74', '75', '76', '77', '78', '79', '80', '81', '82', '83', '84', '85']
INFO     reduction       selected 1 tests
INFO     reduction       selected passing tests: []
INFO     reduction       selected failing tests: ['11']
INFO     guided_infer    inferring specification for test '11' through guided search
INFO     testing         running test '11' of frontend source with KLEE_SP
INFO     testing         output code: 1
INFO     sym_infer       checking whether /angelix-experiments/.angelix/frontend/klee-out-0 exists...
INFO     sym_infer       solving path .angelix/frontend/klee-out-0/test000001.smt2
INFO     sym_infer       value 'php_out' executed 0 times while 14 required
INFO     sym_infer       found 0 angelic paths for test '11'
INFO     klee_infer      init sample: [array([0, 7])]
INFO     klee_infer      sample shape: (1, 2)
INFO     pymc3           Sequential sampling (1 chains in 1 job)
INFO     pymc3           Metropolis: [p]
INFO     klee_infer      trial #1
INFO     klee_infer      used 0.0% of sample space
INFO     klee_infer      [accept_fun] q0s: [array([0, 7])] / [5] / (1, 2)
INFO     klee_infer      [accept_fun] qs: [array([ 0, 15])] / [5] / (1, 2)
INFO     klee_infer      search for the cost of ((('/angelix-experiments/.angelix/frontend/Zend/zend_variables.h', '1125770'), '00111'),)
INFO     testing         running test '11' of frontend source with KLEE_SP
INFO     testing         output code: 1
INFO     sym_infer       checking whether /angelix-experiments/.angelix/frontend/klee-out-0 exists...
WARNING  sym_infer       No non-error paths explored
INFO     klee_infer      store the cost of ((('/angelix-experiments/.angelix/frontend/Zend/zend_variables.h', '1125770'), '00111'),)
INFO     klee_infer      store the cost of ((('/angelix-experiments/.angelix/frontend/Zend/zend_variables.h', '1125770'), '0'),)
INFO     klee_infer      search for the cost of ((('/angelix-experiments/.angelix/frontend/Zend/zend_variables.h', '1125770'), '1111'),)
INFO     testing         running test '11' of frontend source with KLEE_SP
INFO     testing         output code: 1
INFO     sym_infer       checking whether /angelix-experiments/.angelix/frontend/klee-out-0 exists...
INFO     sym_infer       solving path .angelix/frontend/klee-out-0/test000001.smt2
INFO     sym_infer       value 'php_out' executed 0 times while 14 required
INFO     sym_infer       found 0 angelic paths for test '11'
INFO     klee_infer      store the cost of ((('/angelix-experiments/.angelix/frontend/Zend/zend_variables.h', '1125770'), '1111'),)
INFO     klee_infer      store the cost of ((('/angelix-experiments/.angelix/frontend/Zend/zend_variables.h', '1125770'), '11110'),)
INFO     klee_infer      [accept_fun] new qs: [array([ 0, 30])] / [5] / (1, 2)
INFO     klee_infer      [accept_fun] updated qs: [array([ 0, 30])] / [5] / (1, 2)
INFO     klee_infer      old cost: -1.0
INFO     klee_infer      new cost: -1.0
INFO     klee_infer      all costs: [-1.0]
INFO     klee_infer      accept ratio: 1.0
INFO     pymc3           accepted: True
INFO     klee_infer      trial #2
INFO     klee_infer      used 0.0% of sample space
INFO     klee_infer      [accept_fun] q0s: [array([ 0, 30])] / [5] / (1, 2)
INFO     klee_infer      [accept_fun] qs: [array([ 0, 31])] / [5] / (1, 2)
INFO     klee_infer      search for the cost of ((('/angelix-experiments/.angelix/frontend/Zend/zend_variables.h', '1125770'), '11110'),)
INFO     klee_infer      ((('/angelix-experiments/.angelix/frontend/Zend/zend_variables.h', '1125770'), '11110'),) cached
INFO     klee_infer      search for the cost of ((('/angelix-experiments/.angelix/frontend/Zend/zend_variables.h', '1125770'), '11111'),)
INFO     testing         running test '11' of frontend source with KLEE_SP
INFO     testing         output code: 1
INFO     sym_infer       checking whether /angelix-experiments/.angelix/frontend/klee-out-0 exists...
INFO     sym_infer       solving path .angelix/frontend/klee-out-0/test000001.smt2
INFO     sym_infer       value 'php_out' executed 0 times while 14 required
INFO     sym_infer       found 0 angelic paths for test '11'
INFO     klee_infer      store the cost of ((('/angelix-experiments/.angelix/frontend/Zend/zend_variables.h', '1125770'), '11111'),)
INFO     klee_infer      store the cost of ((('/angelix-experiments/.angelix/frontend/Zend/zend_variables.h', '1125770'), '11111'),)
INFO     klee_infer      [accept_fun] new qs: [array([ 0, 31])] / [5] / (1, 2)
INFO     klee_infer      [accept_fun] updated qs: [array([ 0, 31])] / [5] / (1, 2)
INFO     klee_infer      old cost: -1.0
INFO     klee_infer      new cost: -1.0
INFO     klee_infer      all costs: [-1.0]
INFO     klee_infer      accept ratio: 1.0
INFO     pymc3           accepted: True
INFO     klee_infer      trial #3
INFO     klee_infer      used 0.0% of sample space
INFO     klee_infer      [accept_fun] q0s: [array([ 0, 31])] / [5] / (1, 2)
INFO     klee_infer      [accept_fun] qs: [array([ 0, 27])] / [5] / (1, 2)
INFO     klee_infer      search for the cost of ((('/angelix-experiments/.angelix/frontend/Zend/zend_variables.h', '1125770'), '11111'),)
INFO     klee_infer      ((('/angelix-experiments/.angelix/frontend/Zend/zend_variables.h', '1125770'), '11111'),) cached
INFO     klee_infer      search for the cost of ((('/angelix-experiments/.angelix/frontend/Zend/zend_variables.h', '1125770'), '11011'),)
INFO     testing         running test '11' of frontend source with KLEE_SP
INFO     testing         output code: 1
INFO     sym_infer       checking whether /angelix-experiments/.angelix/frontend/klee-out-0 exists...
INFO     sym_infer       solving path .angelix/frontend/klee-out-0/test000001.smt2
INFO     sym_infer       value 'php_out' executed 0 times while 14 required
INFO     sym_infer       found 0 angelic paths for test '11'
INFO     klee_infer      store the cost of ((('/angelix-experiments/.angelix/frontend/Zend/zend_variables.h', '1125770'), '11011'),)
INFO     klee_infer      store the cost of ((('/angelix-experiments/.angelix/frontend/Zend/zend_variables.h', '1125770'), '11011'),)
INFO     klee_infer      [accept_fun] new qs: [array([ 0, 27])] / [5] / (1, 2)
INFO     klee_infer      [accept_fun] updated qs: [array([ 0, 27])] / [5] / (1, 2)
INFO     klee_infer      old cost: -1.0
INFO     klee_infer      new cost: -1.0
INFO     klee_infer      all costs: [-1.0]
INFO     klee_infer      accept ratio: 1.0
INFO     pymc3           accepted: True
INFO     klee_infer      trial #4
INFO     klee_infer      used 0.0% of sample space
INFO     klee_infer      [accept_fun] q0s: [array([ 0, 27])] / [5] / (1, 2)
INFO     klee_infer      [accept_fun] qs: [array([ 0, 26])] / [5] / (1, 2)
INFO     klee_infer      search for the cost of ((('/angelix-experiments/.angelix/frontend/Zend/zend_variables.h', '1125770'), '11011'),)
INFO     klee_infer      ((('/angelix-experiments/.angelix/frontend/Zend/zend_variables.h', '1125770'), '11011'),) cached
INFO     klee_infer      search for the cost of ((('/angelix-experiments/.angelix/frontend/Zend/zend_variables.h', '1125770'), '11010'),)
INFO     testing         running test '11' of frontend source with KLEE_SP
INFO     testing         output code: 1
INFO     sym_infer       checking whether /angelix-experiments/.angelix/frontend/klee-out-0 exists...
WARNING  sym_infer       No non-error paths explored
INFO     klee_infer      store the cost of ((('/angelix-experiments/.angelix/frontend/Zend/zend_variables.h', '1125770'), '11010'),)
INFO     klee_infer      store the cost of ((('/angelix-experiments/.angelix/frontend/Zend/zend_variables.h', '1125770'), '110'),)
INFO     klee_infer      [accept_fun] new qs: [array([0, 6])] / [3] / (1, 2)
INFO     klee_infer      [accept_fun] updated qs: [array([0, 6])] / [3] / (1, 2)
INFO     klee_infer      old ebits list: [5]
INFO     klee_infer      new ebtis list: [3]
INFO     klee_infer      old cost: -1.0
INFO     klee_infer      new cost: -1.0
INFO     klee_infer      all costs: [-1.0]
INFO     klee_infer      accept ratio: 0.8119363461506349
INFO     pymc3           accepted: False
INFO     klee_infer      trial #5
INFO     klee_infer      used 0.0% of sample space
INFO     klee_infer      [accept_fun] q0s: [array([ 0, 27])] / [5] / (1, 2)
INFO     klee_infer      [accept_fun] qs: [array([ 0, 19])] / [5] / (1, 2)
INFO     klee_infer      search for the cost of ((('/angelix-experiments/.angelix/frontend/Zend/zend_variables.h', '1125770'), '11011'),)
INFO     klee_infer      ((('/angelix-experiments/.angelix/frontend/Zend/zend_variables.h', '1125770'), '11011'),) cached
INFO     klee_infer      search for the cost of ((('/angelix-experiments/.angelix/frontend/Zend/zend_variables.h', '1125770'), '10011'),)
INFO     testing         running test '11' of frontend source with KLEE_SP
INFO     testing         output code: 1
INFO     sym_infer       checking whether /angelix-experiments/.angelix/frontend/klee-out-0 exists...
WARNING  sym_infer       No non-error paths explored
INFO     klee_infer      store the cost of ((('/angelix-experiments/.angelix/frontend/Zend/zend_variables.h', '1125770'), '10011'),)
INFO     klee_infer      store the cost of ((('/angelix-experiments/.angelix/frontend/Zend/zend_variables.h', '1125770'), '100'),)
INFO     klee_infer      [accept_fun] new qs: [array([0, 4])] / [3] / (1, 2)
INFO     klee_infer      [accept_fun] updated qs: [array([0, 4])] / [3] / (1, 2)
INFO     klee_infer      old ebits list: [5]
INFO     klee_infer      new ebtis list: [3]
INFO     klee_infer      old cost: -1.0
INFO     klee_infer      new cost: -1.0
INFO     klee_infer      all costs: [-1.0]
INFO     klee_infer      accept ratio: 1.0
INFO     pymc3           accepted: True
INFO     klee_infer      trial #6
INFO     klee_infer      used 0.0% of sample space
INFO     klee_infer      [accept_fun] q0s: [array([0, 4])] / [3] / (1, 2)
INFO     klee_infer      [accept_fun] qs: [array([0, 0])] / [3] / (1, 2)
INFO     klee_infer      search for the cost of ((('/angelix-experiments/.angelix/frontend/Zend/zend_variables.h', '1125770'), '100'),)
INFO     klee_infer      ((('/angelix-experiments/.angelix/frontend/Zend/zend_variables.h', '1125770'), '100'),) cached
INFO     klee_infer      search for the cost of ((('/angelix-experiments/.angelix/frontend/Zend/zend_variables.h', '1125770'), '000'),)
INFO     testing         running test '11' of frontend source with KLEE_SP
INFO     testing         output code: 1
INFO     sym_infer       checking whether /angelix-experiments/.angelix/frontend/klee-out-0 exists...
WARNING  sym_infer       No non-error paths explored
INFO     klee_infer      store the cost of ((('/angelix-experiments/.angelix/frontend/Zend/zend_variables.h', '1125770'), '000'),)
INFO     klee_infer      store the cost of ((('/angelix-experiments/.angelix/frontend/Zend/zend_variables.h', '1125770'), '000'),)
INFO     klee_infer      [accept_fun] new qs: [array([0, 0])] / [3] / (1, 2)
INFO     klee_infer      [accept_fun] updated qs: [array([0, 0])] / [3] / (1, 2)
INFO     klee_infer      old cost: -1.0
INFO     klee_infer      new cost: -1.0
INFO     klee_infer      all costs: [-1.0]
INFO     klee_infer      accept ratio: 1.0
INFO     pymc3           accepted: True
INFO     klee_infer      trial #7
INFO     klee_infer      used 0.0% of sample space
INFO     klee_infer      [accept_fun] q0s: [array([0, 0])] / [3] / (1, 2)
INFO     klee_infer      [accept_fun] qs: [array([0, 1])] / [3] / (1, 2)
INFO     klee_infer      search for the cost of ((('/angelix-experiments/.angelix/frontend/Zend/zend_variables.h', '1125770'), '000'),)
INFO     klee_infer      ((('/angelix-experiments/.angelix/frontend/Zend/zend_variables.h', '1125770'), '000'),) cached
INFO     klee_infer      search for the cost of ((('/angelix-experiments/.angelix/frontend/Zend/zend_variables.h', '1125770'), '001'),)
INFO     testing         running test '11' of frontend source with KLEE_SP
INFO     testing         output code: 1
INFO     sym_infer       checking whether /angelix-experiments/.angelix/frontend/klee-out-0 exists...
WARNING  sym_infer       No non-error paths explored
INFO     klee_infer      store the cost of ((('/angelix-experiments/.angelix/frontend/Zend/zend_variables.h', '1125770'), '001'),)
INFO     klee_infer      store the cost of ((('/angelix-experiments/.angelix/frontend/Zend/zend_variables.h', '1125770'), '00'),)
INFO     klee_infer      [accept_fun] new qs: [array([0, 0])] / [2] / (1, 2)
INFO     klee_infer      [accept_fun] updated qs: [array([0, 0])] / [2] / (1, 2)
INFO     klee_infer      old ebits list: [3]
INFO     klee_infer      new ebtis list: [2]
INFO     klee_infer      old cost: -1.0
INFO     klee_infer      new cost: -1.0
INFO     klee_infer      all costs: [-1.0]
INFO     klee_infer      accept ratio: 1.0
INFO     pymc3           accepted: True
INFO     klee_infer      trial #8
INFO     klee_infer      used 325.0% of sample space
Traceback (most recent call last):
  File "/angelix/src/repair/main.py", line 1145, in <module>
    patches = repair()
  File "/angelix/src/repair/main.py", line 662, in repair
    return tool.generate_patch()
  File "/angelix/src/repair/main.py", line 187, in generate_patch
    positive_traces, negative_traces)
  File "/angelix/src/repair/main.py", line 213, in search_patches
    negative_traces)
  File "/angelix/src/repair/main.py", line 423, in infer_spec_from_ts
    ptr_seed=ptr_seed)
  File "/angelix/src/repair/main.py", line 397, in search_spec
    seed=seed, ptr_seed=ptr_seed)
  File "/angelix/src/repair/guided_inference.py", line 506, in __call__
    locations)
  File "/angelix/src/repair/klee_inference.py", line 352, in repair_rhs
    args_of_proposal_dist, test)
  File "/angelix/src/repair/klee_inference.py", line 378, in search_for_spec
    self.sample(init_sample, sample_shape, args_of_proposal_dist)
  File "/angelix/src/repair/klee_inference.py", line 512, in sample
    args_of_proposal_dist=args_of_proposal_dist))
  File "/angelix/src/pymc3/pymc3/sampling.py", line 461, in sample
    trace = _sample_many(**sample_args)
  File "/angelix/src/pymc3/pymc3/sampling.py", line 507, in _sample_many
    step=step, random_seed=random_seed[i], **kwargs)
  File "/angelix/src/pymc3/pymc3/sampling.py", line 549, in _sample
    for it, strace in enumerate(sampling):
  File "/angelix/src/pymc3/pymc3/sampling.py", line 640, in _iter_sample
    point, states = step.step(point)
  File "/angelix/src/pymc3/pymc3/step_methods/arraystep.py", line 175, in step
    apoint, stats = self.astep(self.bij.map(point))
  File "/angelix/src/pymc3/pymc3/step_methods/metropolis.py", line 180, in astep
    accept = self.delta_logp(q, q0)  # acceptance ratio
  File "/angelix/src/repair/klee_inference.py", line 198, in accept_fun
    self.cost_seq, self.ratio_seq, self.accepted_seq)
guided_inference.SampleSpaceExhausted: (4, [((('/angelix-experiments/.angelix/frontend/Zend/zend_variables.h', '1125770'), '00111'),), ((('/angelix-experiments/.angelix/frontend/Zend/zend_variables.h', '1125770'), '0'),), ((('/angelix-experiments/.angelix/frontend/Zend/zend_variables.h', '1125770'), '1111'),), ((('/angelix-experiments/.angelix/frontend/Zend/zend_variables.h', '1125770'), '11110'),), ((('/angelix-experiments/.angelix/frontend/Zend/zend_variables.h', '1125770'), '11111'),), ((('/angelix-experiments/.angelix/frontend/Zend/zend_variables.h', '1125770'), '11011'),), ((('/angelix-experiments/.angelix/frontend/Zend/zend_variables.h', '1125770'), '11010'),), ((('/angelix-experiments/.angelix/frontend/Zend/zend_variables.h', '1125770'), '110'),), ((('/angelix-experiments/.angelix/frontend/Zend/zend_variables.h', '1125770'), '10011'),), ((('/angelix-experiments/.angelix/frontend/Zend/zend_variables.h', '1125770'), '100'),), ((('/angelix-experiments/.angelix/frontend/Zend/zend_variables.h', '1125770'), '000'),), ((('/angelix-experiments/.angelix/frontend/Zend/zend_variables.h', '1125770'), '001'),), ((('/angelix-experiments/.angelix/frontend/Zend/zend_variables.h', '1125770'), '00'),)], 8, 8, [-1.0, -1.0, -1.0, -1.0, -1.0, -1.0, -1.0], [1.0, 1.0, 1.0, 0.8119363461506349, 1.0, 1.0, 1.0], [True, True, True, False, True, True, True])
