[repair] benchmark: manybugs
[repair] subject: php
[repair] version: 2011-04-19-11941b3fd2-821d7169d9
[repair] search: guided
[repair] debug: 0
[repair] ./fetch php manybugs 2011-04-19-11941b3fd2-821d7169d9
[fetch] benchmark: manybugs
[fetch] subject: php
[fetch] version: 2011-04-19-11941b3fd2-821d7169d9
[fetch] archive: php-bug-2011-04-19-11941b3fd2-821d7169d9.tar.gz
[fetch] directory: php-bug-2011-04-19-11941b3fd2-821d7169d9
[fetch] preparing source code
[fetch] golden_directory: php-fix-2011-04-19-11941b3fd2-821d7169d9
[fetch] clean-source php-bug-2011-04-19-11941b3fd2-821d7169d9
[fetch] /angelix-experiments/php-bug-2011-04-19-11941b3fd2-821d7169d9/php/configure
[fetch] make -j 72 clean
[fetch] clean-source php-fix-2011-04-19-11941b3fd2-821d7169d9
[fetch] restore-buggy php-bug-2011-04-19-11941b3fd2-821d7169d9
[fetch] /angelix-experiments/php-fix-2011-04-19-11941b3fd2-821d7169d9/php/configure
[fetch] make -j 72 clean
[fetch] restore-buggy entered
[fetch] buggy: Zend/zend_closures.c
[fetch] buggy_version: 11941b3fd2
[fetch] buggy_preprocessed: php-bug-2011-04-19-11941b3fd2-821d7169d9/php/Zend/zend_closures.c
[fetch] buggy_original: php-bug-2011-04-19-11941b3fd2-821d7169d9/diffs/Zend/zend_closures.c-11941b3fd2
[fetch] cp php-bug-2011-04-19-11941b3fd2-821d7169d9/diffs/Zend/zend_closures.c-11941b3fd2 php-bug-2011-04-19-11941b3fd2-821d7169d9/php/Zend/zend_closures.c
[fetch] restore-correct php-fix-2011-04-19-11941b3fd2-821d7169d9
[fetch] restore-correct entered
[fetch] cp php-fix-2011-04-19-11941b3fd2-821d7169d9/diffs/Zend/zend_closures.c-821d7169d9 php-fix-2011-04-19-11941b3fd2-821d7169d9/php/Zend/zend_closures.c
[fetch] restored php-fix-2011-04-19-11941b3fd2-821d7169d9/php/Zend/zend_closures.c with php-fix-2011-04-19-11941b3fd2-821d7169d9/diffs/Zend/zend_closures.c-821d7169d9
[fetch] fetch done
[repair] [repair] options: --angelic-search-strategy
guided
--search-max-trials
100
--max-same-cost-iter
20
--default-max-cost
300000000
--default-non-zero-cost
300000000
--error-cost
10000000
--warning-cost
5000000
--one-bit-flip-prob
0.5
--penalty1
4
--penalty2
2
--synthesis-ptr-vars
--lines
216
--ignore-lines
--use-gcc  --timeout 14400 --show-suspicious-locations --group-size 1 --defect if-conditions loop-conditions
[repair-php] debug: 0
[repair-php] restore .aux/php/php-run-tests.c
[repair-php] restore php-bug-2011-04-19-11941b3fd2-821d7169d9/php/main/main.c
[repair-php] restore php-bug-2011-04-19-11941b3fd2-821d7169d9/php/sapi/cli/php_cli.c
[repair-php] restore php-bug-2011-04-19-11941b3fd2-821d7169d9/php/Zend/zend.c
[repair-php] restore php-bug-2011-04-19-11941b3fd2-821d7169d9/php/main/output.c
[repair-php] restore php-bug-2011-04-19-11941b3fd2-821d7169d9/php/ext/standard/url_scanner_ex.c
[repair-php] restore php-bug-2011-04-19-11941b3fd2-821d7169d9/php/Zend/zend_object_handlers.c
[repair-php] restore php-bug-2011-04-19-11941b3fd2-821d7169d9/php/Zend/zend_closures.c
[repair-php] restore .aux/php/php-run-tests.c
[repair-php] restore php-fix-2011-04-19-11941b3fd2-821d7169d9/php/main/main.c
[repair-php] restore php-fix-2011-04-19-11941b3fd2-821d7169d9/php/sapi/cli/php_cli.c
[repair-php] restore php-fix-2011-04-19-11941b3fd2-821d7169d9/php/Zend/zend.c
[repair-php] restore php-fix-2011-04-19-11941b3fd2-821d7169d9/php/main/output.c
[repair-php] restore php-fix-2011-04-19-11941b3fd2-821d7169d9/php/ext/standard/url_scanner_ex.c
[repair-php] restore php-fix-2011-04-19-11941b3fd2-821d7169d9/php/Zend/zend_object_handlers.c
[repair-php] restore php-fix-2011-04-19-11941b3fd2-821d7169d9/php/Zend/zend_closures.c
[repair-php] restore .aux/php/php-run-tests.c
[repair-php] restore php-fix-2011-04-19-11941b3fd2-821d7169d9/php/Zend/zend_closures.c
[repair-php] options:  --angelic-search-strategy guided --search-max-trials 100 --max-same-cost-iter 20 --default-max-cost 300000000 --default-non-zero-cost 300000000 --error-cost 10000000 --warning-cost 5000000 --one-bit-flip-prob 0.5 --penalty1 4 --penalty2 2 --synthesis-ptr-vars --lines 216 --ignore-lines --use-gcc --timeout 14400 --show-suspicious-locations --group-size 1 --defect if-conditions loop-conditions
[repair-php] angelix php-bug-2011-04-19-11941b3fd2-821d7169d9/php Zend/zend_closures.c /angelix-experiments/.aux/php/php-oracle 1
2
3
4
5
6
7
8
9
10
11
12
13
14
15
16
17
18
19
20
21
22
23
24
25
26
27
28
29
30
31
32
33
34
35
36
37
38
39
40
41
42
43
44
45
46
47
48
49
50
51
52
53
54
55
56
57
58
59
60
61
62
63
64
65
66
67
68
69
70
71
72
73
74
75
76
77
78
79
80
81
82
83
84
85 --golden php-fix-2011-04-19-11941b3fd2-821d7169d9/php --configure /angelix-experiments/.aux/php/php-configure --build /angelix-experiments/.aux/php/php-build  --angelic-search-strategy guided --search-max-trials 100 --max-same-cost-iter 20 --default-max-cost 300000000 --default-non-zero-cost 300000000 --error-cost 10000000 --warning-cost 5000000 --one-bit-flip-prob 0.5 --penalty1 4 --penalty2 2 --synthesis-ptr-vars --lines 216 --ignore-lines --use-gcc --timeout 14400 --show-suspicious-locations --group-size 1 --defect if-conditions loop-conditions
INFO     repair          copy php-bug-2011-04-19-11941b3fd2-821d7169d9/php to /angelix-experiments/.angelix/validation
INFO     project         configuring validation source
INFO     project         building json compilation database from validation source
INFO     testing         running test '1' of validation source
INFO     testing         output code: 0
INFO     testing         running test '2' of validation source
INFO     testing         output code: 1
INFO     testing         running test '3' of validation source
INFO     testing         output code: 0
INFO     testing         running test '4' of validation source
INFO     testing         output code: 0
INFO     testing         running test '5' of validation source
INFO     testing         output code: 0
INFO     testing         running test '6' of validation source
INFO     testing         output code: 0
INFO     testing         running test '7' of validation source
INFO     testing         output code: 1
INFO     testing         running test '8' of validation source
INFO     testing         output code: 1
INFO     testing         running test '9' of validation source
INFO     testing         output code: 1
INFO     testing         running test '10' of validation source
INFO     testing         output code: 1
INFO     testing         running test '11' of validation source
INFO     testing         output code: 1
INFO     testing         running test '12' of validation source
INFO     testing         output code: 1
INFO     testing         running test '13' of validation source
INFO     testing         output code: 1
INFO     testing         running test '14' of validation source
INFO     testing         output code: 0
INFO     testing         running test '15' of validation source
INFO     testing         output code: 1
INFO     testing         running test '16' of validation source
INFO     testing         output code: 0
INFO     testing         running test '17' of validation source
INFO     testing         output code: 0
INFO     testing         running test '18' of validation source
INFO     testing         output code: 0
INFO     testing         running test '19' of validation source
INFO     testing         output code: 0
INFO     testing         running test '20' of validation source
INFO     testing         output code: 0
INFO     testing         running test '21' of validation source
INFO     testing         output code: 0
INFO     testing         running test '22' of validation source
INFO     testing         output code: 0
INFO     testing         running test '23' of validation source
INFO     testing         output code: 0
INFO     testing         running test '24' of validation source
INFO     testing         output code: 0
INFO     testing         running test '25' of validation source
INFO     testing         output code: 0
INFO     testing         running test '26' of validation source
INFO     testing         output code: 0
INFO     testing         running test '27' of validation source
INFO     testing         output code: 0
INFO     testing         running test '28' of validation source
INFO     testing         output code: 0
INFO     testing         running test '29' of validation source
INFO     testing         output code: 0
INFO     testing         running test '30' of validation source
INFO     testing         output code: 0
INFO     testing         running test '31' of validation source
INFO     testing         output code: 1
INFO     testing         running test '32' of validation source
INFO     testing         output code: 0
INFO     testing         running test '33' of validation source
INFO     testing         output code: 0
INFO     testing         running test '34' of validation source
INFO     testing         output code: 0
INFO     testing         running test '35' of validation source
INFO     testing         output code: 0
INFO     testing         running test '36' of validation source
INFO     testing         output code: 0
INFO     testing         running test '37' of validation source
INFO     testing         output code: 0
INFO     testing         running test '38' of validation source
INFO     testing         output code: 0
INFO     testing         running test '39' of validation source
INFO     testing         output code: 0
INFO     testing         running test '40' of validation source
INFO     testing         output code: 0
INFO     testing         running test '41' of validation source
INFO     testing         output code: 0
INFO     testing         running test '42' of validation source
INFO     testing         output code: 0
INFO     testing         running test '43' of validation source
INFO     testing         output code: 0
INFO     testing         running test '44' of validation source
INFO     testing         output code: 0
INFO     testing         running test '45' of validation source
INFO     testing         output code: 0
INFO     testing         running test '46' of validation source
INFO     testing         output code: 0
INFO     testing         running test '47' of validation source
INFO     testing         output code: 0
INFO     testing         running test '48' of validation source
INFO     testing         output code: 0
INFO     testing         running test '49' of validation source
INFO     testing         output code: 1
INFO     testing         running test '50' of validation source
INFO     testing         output code: 1
INFO     testing         running test '51' of validation source
INFO     testing         output code: 0
INFO     testing         running test '52' of validation source
INFO     testing         output code: 0
INFO     testing         running test '53' of validation source
INFO     testing         output code: 0
INFO     testing         running test '54' of validation source
INFO     testing         output code: 0
INFO     testing         running test '55' of validation source
INFO     testing         output code: 0
INFO     testing         running test '56' of validation source
INFO     testing         output code: 0
INFO     testing         running test '57' of validation source
INFO     testing         output code: 0
INFO     testing         running test '58' of validation source
INFO     testing         output code: 0
INFO     testing         running test '59' of validation source
INFO     testing         output code: 0
INFO     testing         running test '60' of validation source
INFO     testing         output code: 0
INFO     testing         running test '61' of validation source
INFO     testing         output code: 0
INFO     testing         running test '62' of validation source
INFO     testing         output code: 0
INFO     testing         running test '63' of validation source
INFO     testing         output code: 0
INFO     testing         running test '64' of validation source
INFO     testing         output code: 0
INFO     testing         running test '65' of validation source
INFO     testing         output code: 0
INFO     testing         running test '66' of validation source
INFO     testing         output code: 0
INFO     testing         running test '67' of validation source
INFO     testing         output code: 0
INFO     testing         running test '68' of validation source
INFO     testing         output code: 0
INFO     testing         running test '69' of validation source
INFO     testing         output code: 0
INFO     testing         running test '70' of validation source
INFO     testing         output code: 0
INFO     testing         running test '71' of validation source
INFO     testing         output code: 1
INFO     testing         running test '72' of validation source
INFO     testing         output code: 1
INFO     testing         running test '73' of validation source
INFO     testing         output code: 1
INFO     testing         running test '74' of validation source
INFO     testing         output code: 0
INFO     testing         running test '75' of validation source
INFO     testing         output code: 0
INFO     testing         running test '76' of validation source
INFO     testing         output code: 0
INFO     testing         running test '77' of validation source
INFO     testing         output code: 0
INFO     testing         running test '78' of validation source
INFO     testing         output code: 0
INFO     testing         running test '79' of validation source
INFO     testing         output code: 0
INFO     testing         running test '80' of validation source
INFO     testing         output code: 0
INFO     testing         running test '81' of validation source
INFO     testing         output code: 0
INFO     testing         running test '82' of validation source
INFO     testing         output code: 0
INFO     testing         running test '83' of validation source
INFO     testing         output code: 0
INFO     testing         running test '84' of validation source
INFO     testing         output code: 0
INFO     testing         running test '85' of validation source
INFO     testing         output code: 0
INFO     project         configuring golden source
INFO     project         building golden source
INFO     testing         running test '2' of golden source
INFO     testing         output code: 1
INFO     testing         running test '7' of golden source
INFO     testing         output code: 1
INFO     testing         running test '8' of golden source
INFO     testing         output code: 1
INFO     testing         running test '9' of golden source
INFO     testing         output code: 1
INFO     testing         running test '10' of golden source
INFO     testing         output code: 1
INFO     testing         running test '11' of golden source
INFO     testing         output code: 1
INFO     testing         running test '12' of golden source
INFO     testing         output code: 0
INFO     testing         running test '13' of golden source
INFO     testing         output code: 1
INFO     testing         running test '15' of golden source
INFO     testing         output code: 1
INFO     testing         running test '31' of golden source
INFO     testing         output code: 1
INFO     testing         running test '49' of golden source
INFO     testing         output code: 1
INFO     testing         running test '50' of golden source
INFO     testing         output code: 1
INFO     testing         running test '71' of golden source
INFO     testing         output code: 1
INFO     testing         running test '72' of golden source
INFO     testing         output code: 1
INFO     testing         running test '73' of golden source
INFO     testing         output code: 1
WARNING  repair          excluding test 2 because it fails in golden version
WARNING  repair          excluding test 7 because it fails in golden version
WARNING  repair          excluding test 8 because it fails in golden version
WARNING  repair          excluding test 9 because it fails in golden version
WARNING  repair          excluding test 10 because it fails in golden version
WARNING  repair          excluding test 11 because it fails in golden version
WARNING  repair          excluding test 13 because it fails in golden version
WARNING  repair          excluding test 15 because it fails in golden version
WARNING  repair          excluding test 31 because it fails in golden version
WARNING  repair          excluding test 49 because it fails in golden version
WARNING  repair          excluding test 50 because it fails in golden version
WARNING  repair          excluding test 71 because it fails in golden version
WARNING  repair          excluding test 72 because it fails in golden version
WARNING  repair          excluding test 73 because it fails in golden version
INFO     repair          positive: ['1', '3', '4', '5', '6', '14', '16', '17', '18', '19', '20', '21', '22', '23', '24', '25', '26', '27', '28', '29', '30', '32', '33', '34', '35', '36', '37', '38', '39', '40', '41', '42', '43', '44', '45', '46', '47', '48', '51', '52', '53', '54', '55', '56', '57', '58', '59', '60', '61', '62', '63', '64', '65', '66', '67', '68', '69', '70', '74', '75', '76', '77', '78', '79', '80', '81', '82', '83', '84', '85']
INFO     repair          negative: ['12']
INFO     project         configuring frontend source
INFO     transformation  instrumenting repairable of frontend source
INFO     project         building frontend source
INFO     repair          running positive tests for debugging
INFO     testing         running test '1' of frontend source
INFO     testing         output code: 0
INFO     testing         running test '3' of frontend source
INFO     testing         output code: 0
INFO     testing         running test '4' of frontend source
INFO     testing         output code: 0
INFO     testing         running test '5' of frontend source
INFO     testing         output code: 0
INFO     testing         running test '6' of frontend source
INFO     testing         output code: 0
INFO     testing         running test '14' of frontend source
INFO     testing         output code: 0
INFO     testing         running test '16' of frontend source
INFO     testing         output code: 0
INFO     testing         running test '17' of frontend source
INFO     testing         output code: 0
INFO     testing         running test '18' of frontend source
INFO     testing         output code: 0
INFO     testing         running test '19' of frontend source
INFO     testing         output code: 0
INFO     testing         running test '20' of frontend source
INFO     testing         output code: 0
INFO     testing         running test '21' of frontend source
INFO     testing         output code: 0
INFO     testing         running test '22' of frontend source
INFO     testing         output code: 0
INFO     testing         running test '23' of frontend source
INFO     testing         output code: 0
INFO     testing         running test '24' of frontend source
INFO     testing         output code: 0
INFO     testing         running test '25' of frontend source
INFO     testing         output code: 0
INFO     testing         running test '26' of frontend source
INFO     testing         output code: 0
INFO     testing         running test '27' of frontend source
INFO     testing         output code: 0
INFO     testing         running test '28' of frontend source
INFO     testing         output code: 0
INFO     testing         running test '29' of frontend source
INFO     testing         output code: 0
INFO     testing         running test '30' of frontend source
INFO     testing         output code: 0
INFO     testing         running test '32' of frontend source
INFO     testing         output code: 0
INFO     testing         running test '33' of frontend source
INFO     testing         output code: 0
INFO     testing         running test '34' of frontend source
INFO     testing         output code: 0
INFO     testing         running test '35' of frontend source
INFO     testing         output code: 0
INFO     testing         running test '36' of frontend source
INFO     testing         output code: 0
INFO     testing         running test '37' of frontend source
INFO     testing         output code: 0
INFO     testing         running test '38' of frontend source
INFO     testing         output code: 0
INFO     testing         running test '39' of frontend source
INFO     testing         output code: 0
INFO     testing         running test '40' of frontend source
INFO     testing         output code: 0
INFO     testing         running test '41' of frontend source
INFO     testing         output code: 0
INFO     testing         running test '42' of frontend source
INFO     testing         output code: 0
INFO     testing         running test '43' of frontend source
INFO     testing         output code: 0
INFO     testing         running test '44' of frontend source
INFO     testing         output code: 0
INFO     testing         running test '45' of frontend source
INFO     testing         output code: 0
INFO     testing         running test '46' of frontend source
INFO     testing         output code: 0
INFO     testing         running test '47' of frontend source
INFO     testing         output code: 0
INFO     testing         running test '48' of frontend source
INFO     testing         output code: 0
INFO     testing         running test '51' of frontend source
INFO     testing         output code: 0
INFO     testing         running test '52' of frontend source
INFO     testing         output code: 0
INFO     testing         running test '53' of frontend source
INFO     testing         output code: 0
INFO     testing         running test '54' of frontend source
INFO     testing         output code: 0
INFO     testing         running test '55' of frontend source
INFO     testing         output code: 0
INFO     testing         running test '56' of frontend source
INFO     testing         output code: 0
INFO     testing         running test '57' of frontend source
INFO     testing         output code: 0
INFO     testing         running test '58' of frontend source
INFO     testing         output code: 0
INFO     testing         running test '59' of frontend source
INFO     testing         output code: 0
INFO     testing         running test '60' of frontend source
INFO     testing         output code: 0
INFO     testing         running test '61' of frontend source
INFO     testing         output code: 0
INFO     testing         running test '62' of frontend source
INFO     testing         output code: 0
INFO     testing         running test '63' of frontend source
INFO     testing         output code: 0
INFO     testing         running test '64' of frontend source
INFO     testing         output code: 0
INFO     testing         running test '65' of frontend source
INFO     testing         output code: 0
INFO     testing         running test '66' of frontend source
INFO     testing         output code: 0
INFO     testing         running test '67' of frontend source
INFO     testing         output code: 0
INFO     testing         running test '68' of frontend source
INFO     testing         output code: 0
INFO     testing         running test '69' of frontend source
INFO     testing         output code: 0
INFO     testing         running test '70' of frontend source
INFO     testing         output code: 0
INFO     testing         running test '74' of frontend source
INFO     testing         output code: 0
INFO     testing         running test '75' of frontend source
INFO     testing         output code: 0
INFO     testing         running test '76' of frontend source
INFO     testing         output code: 0
INFO     testing         running test '77' of frontend source
INFO     testing         output code: 0
INFO     testing         running test '78' of frontend source
INFO     testing         output code: 0
INFO     testing         running test '79' of frontend source
INFO     testing         output code: 0
INFO     testing         running test '80' of frontend source
INFO     testing         output code: 0
INFO     testing         running test '81' of frontend source
INFO     testing         output code: 0
INFO     testing         running test '82' of frontend source
INFO     testing         output code: 0
INFO     testing         running test '83' of frontend source
INFO     testing         output code: 0
INFO     testing         running test '84' of frontend source
INFO     testing         output code: 0
INFO     testing         running test '85' of frontend source
INFO     testing         output code: 0
INFO     repair          running negative tests for debugging
INFO     testing         running test '12' of frontend source
INFO     testing         output code: 1
INFO     project         configuring golden source
INFO     project         building golden source
INFO     testing         running test '12' of golden source
INFO     testing         output code: 0
INFO     repair          repair test suite: ['1', '3', '4', '5', '6', '12', '14', '16', '17', '18', '19', '20', '21', '22', '23', '24', '25', '26', '27', '28', '29', '30', '32', '33', '34', '35', '36', '37', '38', '39', '40', '41', '42', '43', '44', '45', '46', '47', '48', '51', '52', '53', '54', '55', '56', '57', '58', '59', '60', '61', '62', '63', '64', '65', '66', '67', '68', '69', '70', '74', '75', '76', '77', '78', '79', '80', '81', '82', '83', '84', '85']
INFO     repair          validation test suite: ['1', '3', '4', '5', '6', '12', '14', '16', '17', '18', '19', '20', '21', '22', '23', '24', '25', '26', '27', '28', '29', '30', '32', '33', '34', '35', '36', '37', '38', '39', '40', '41', '42', '43', '44', '45', '46', '47', '48', '51', '52', '53', '54', '55', '56', '57', '58', '59', '60', '61', '62', '63', '64', '65', '66', '67', '68', '69', '70', '74', '75', '76', '77', '78', '79', '80', '81', '82', '83', '84', '85']
INFO     localization    (loc, score) = (('I', (287, 7, 287, 7)), 1.0)
INFO     localization    (loc, score) = (('I', (452, 7, 452, 7)), 1.0)
INFO     localization    (loc, score) = (('I', (234, 6, 234, 29)), 0.14285714285714285)
INFO     localization    (loc, score) = (('I', (419, 6, 419, 28)), 0.14285714285714285)
INFO     localization    (loc, score) = (('I', (420, 7, 420, 30)), 0.14285714285714285)
INFO     localization    (loc, score) = (('I', (223, 6, 223, 28)), 0.14285714285714285)
INFO     localization    (loc, score) = (('I', (286, 6, 286, 15)), 0.14285714285714285)
INFO     localization    (loc, score) = (('I', (239, 6, 239, 15)), 0.14285714285714285)
INFO     localization    (loc, score) = (('L', (225, 10, 225, 10)), 0.14285714285714285)
INFO     localization    (loc, score) = (('I', (450, 6, 450, 6)), 0.14285714285714285)
INFO     localization    (loc, score) = (('I', (292, 7, 292, 7)), 0.0)
INFO     localization    group 1: [('I', (287, 7, 287, 7))] (1.0)
INFO     localization    group 2: [('I', (452, 7, 452, 7))] (1.0)
INFO     localization    group 3: [('I', (223, 6, 223, 28))] (0.14285714285714285)
INFO     localization    group 4: [('L', (225, 10, 225, 10))] (0.14285714285714285)
INFO     localization    group 5: [('I', (234, 6, 234, 29))] (0.14285714285714285)
INFO     localization    group 6: [('I', (239, 6, 239, 15))] (0.14285714285714285)
INFO     localization    group 7: [('I', (286, 6, 286, 15))] (0.14285714285714285)
INFO     localization    group 8: [('I', (419, 6, 419, 28))] (0.14285714285714285)
INFO     localization    group 9: [('I', (420, 7, 420, 30))] (0.14285714285714285)
INFO     localization    group 10: [('I', (450, 6, 450, 6))] (0.14285714285714285)
INFO     localization    group 11: [('I', (292, 7, 292, 7))] (0.0)
INFO     localization    selected expressions [('I', (287, 7, 287, 7))] with group score 1.0 
INFO     localization    selected expressions [('I', (452, 7, 452, 7))] with group score 1.0 
INFO     localization    selected expressions [('I', (223, 6, 223, 28))] with group score 0.14286 
INFO     localization    selected expressions [('L', (225, 10, 225, 10))] with group score 0.14286 
INFO     localization    selected expressions [('I', (234, 6, 234, 29))] with group score 0.14286 
INFO     localization    selected expressions [('I', (239, 6, 239, 15))] with group score 0.14286 
INFO     localization    selected expressions [('I', (286, 6, 286, 15))] with group score 0.14286 
INFO     localization    selected expressions [('I', (419, 6, 419, 28))] with group score 0.14286 
INFO     localization    selected expressions [('I', (420, 7, 420, 30))] with group score 0.14286 
INFO     localization    selected expressions [('I', (450, 6, 450, 6))] with group score 0.14286 
INFO     localization    selected expressions [('I', (292, 7, 292, 7))] with group score 0.0 
INFO     repair          considering suspicious locations [('I', (287, 7, 287, 7))]
INFO     reduction       all failing tests: ['12']
INFO     reduction       select 1 best tests from ['12']
INFO     reduction       select 0 best tests from ['1', '3', '4', '5', '6', '14', '16', '17', '18', '19', '20', '21', '22', '23', '24', '25', '26', '27', '28', '29', '30', '32', '33', '34', '35', '36', '37', '38', '39', '40', '41', '42', '43', '44', '45', '46', '47', '48', '51', '52', '53', '54', '55', '56', '57', '58', '59', '60', '61', '62', '63', '64', '65', '66', '67', '68', '69', '70', '74', '75', '76', '77', '78', '79', '80', '81', '82', '83', '84', '85']
INFO     reduction       selected 1 tests
INFO     reduction       selected passing tests: []
INFO     reduction       selected failing tests: ['12']
INFO     guided_infer    inferring specification for test '12' through guided search
INFO     guided_infer    init sample: [array([0, 1])]
INFO     pymc3           Sequential sampling (1 chains in 1 job)
INFO     pymc3           Metropolis: [p]
INFO     guided_infer    trial #1
INFO     guided_infer    used 0.0% of sample space
INFO     testing         running test '12' of frontend source
INFO     testing         output code: 1
INFO     testing         running test '12' of frontend source
INFO     testing         output code: 1
INFO     guided_infer    old cost: 77.0
INFO     guided_infer    new cost: 77.0
INFO     guided_infer    all costs: [77.0]
INFO     guided_infer    accept ratio: 1.0
INFO     pymc3           accepted: True
INFO     guided_infer    trial #2
INFO     guided_infer    used 100.0% of sample space
INFO     guided_infer    Sample space exhausted: size=2, samples=[('1',), ('0',)]
INFO     repair          considering suspicious locations [('I', (452, 7, 452, 7))]
INFO     reduction       all failing tests: ['12']
INFO     reduction       select 1 best tests from ['12']
INFO     reduction       select 0 best tests from ['1', '3', '4', '5', '6', '14', '16', '17', '18', '19', '20', '21', '22', '23', '24', '25', '26', '27', '28', '29', '30', '32', '33', '34', '35', '36', '37', '38', '39', '40', '41', '42', '43', '44', '45', '46', '47', '48', '51', '52', '53', '54', '55', '56', '57', '58', '59', '60', '61', '62', '63', '64', '65', '66', '67', '68', '69', '70', '74', '75', '76', '77', '78', '79', '80', '81', '82', '83', '84', '85']
INFO     reduction       selected 1 tests
INFO     reduction       selected passing tests: []
INFO     reduction       selected failing tests: ['12']
INFO     guided_infer    inferring specification for test '12' through guided search
INFO     guided_infer    init sample: [array([0, 1])]
INFO     pymc3           Sequential sampling (1 chains in 1 job)
INFO     pymc3           Metropolis: [p]
INFO     guided_infer    trial #1
INFO     guided_infer    used 0.0% of sample space
INFO     testing         running test '12' of frontend source
INFO     testing         output code: 1
INFO     testing         running test '12' of frontend source
INFO     testing         output code: 1
INFO     guided_infer    old cost: 77.0
INFO     guided_infer    new cost: 76.0
INFO     guided_infer    all costs: [76.0]
INFO     guided_infer    accept ratio: 1.0
INFO     pymc3           accepted: True
INFO     guided_infer    trial #2
INFO     guided_infer    used 100.0% of sample space
INFO     guided_infer    Sample space exhausted: size=2, samples=[('1',), ('0',)]
INFO     repair          considering suspicious locations [('I', (223, 6, 223, 28))]
INFO     reduction       all failing tests: ['12']
INFO     reduction       select 1 best tests from ['12']
INFO     reduction       select 0 best tests from ['1', '3', '4', '5', '6', '14', '16', '17', '18', '19', '20', '21', '22', '23', '24', '25', '26', '27', '28', '29', '30', '32', '33', '34', '35', '36', '37', '38', '39', '40', '41', '42', '43', '44', '45', '46', '47', '48', '51', '52', '53', '54', '55', '56', '57', '58', '59', '60', '61', '62', '63', '64', '65', '66', '67', '68', '69', '70', '74', '75', '76', '77', '78', '79', '80', '81', '82', '83', '84', '85']
INFO     reduction       selected 1 tests
INFO     reduction       selected passing tests: []
INFO     reduction       selected failing tests: ['12']
INFO     guided_infer    inferring specification for test '12' through guided search
INFO     guided_infer    init sample: [array([0, 1])]
INFO     pymc3           Sequential sampling (1 chains in 1 job)
INFO     pymc3           Metropolis: [p]
INFO     guided_infer    trial #1
INFO     guided_infer    used 0.0% of sample space
INFO     testing         running test '12' of frontend source
INFO     testing         output code: 1
INFO     testing         running test '12' of frontend source
INFO     testing         output code: 0
INFO     guided_infer    found an angelic path for test '12'
INFO     guided_infer    angelic: [(array([0, 0]), 1)]
INFO     guided_infer    init: [(array([0, 1]), 1)]
INFO     testing         running test '12' of frontend source
INFO     testing         output code: 0
INFO     DD              dd done
INFO     testing         running test '12' of frontend source
INFO     testing         output code: 0
INFO     DD              dd done
INFO     synthesis       synthesizing patch with component level 'alternatives'
INFO     synthesis       use old synth
INFO     synthesis       fixing expression (223, 6, 223, 28): (closure->func.type == 2) ---> (closure->func.type != 2)
INFO     repair          candidate fix synthesized
INFO     transformation  applying patch to validation source
INFO     project         building validation source
INFO     testing         running test '1' of validation source
INFO     testing         output code: 0
INFO     testing         running test '3' of validation source
INFO     testing         output code: 0
INFO     testing         running test '4' of validation source
INFO     testing         output code: 0
INFO     testing         running test '5' of validation source
INFO     testing         output code: 0
INFO     testing         running test '6' of validation source
INFO     testing         output code: 0
INFO     testing         running test '12' of validation source
INFO     testing         output code: 0
INFO     testing         running test '14' of validation source
INFO     testing         output code: 0
INFO     testing         running test '16' of validation source
INFO     testing         output code: 0
INFO     testing         running test '17' of validation source
INFO     testing         output code: 0
INFO     testing         running test '18' of validation source
INFO     testing         output code: 0
INFO     testing         running test '19' of validation source
INFO     testing         output code: 0
INFO     testing         running test '20' of validation source
INFO     testing         output code: 0
INFO     testing         running test '21' of validation source
INFO     testing         output code: 0
INFO     testing         running test '22' of validation source
INFO     testing         output code: 0
INFO     testing         running test '23' of validation source
INFO     testing         output code: 0
INFO     testing         running test '24' of validation source
INFO     testing         output code: 0
INFO     testing         running test '25' of validation source
INFO     testing         output code: 0
INFO     testing         running test '26' of validation source
INFO     testing         output code: 0
INFO     testing         running test '27' of validation source
INFO     testing         output code: 0
INFO     testing         running test '28' of validation source
INFO     testing         output code: 0
INFO     testing         running test '29' of validation source
INFO     testing         output code: 0
INFO     testing         running test '30' of validation source
INFO     testing         output code: 0
INFO     testing         running test '32' of validation source
INFO     testing         output code: 0
INFO     testing         running test '33' of validation source
INFO     testing         output code: 0
INFO     testing         running test '34' of validation source
INFO     testing         output code: 0
INFO     testing         running test '35' of validation source
INFO     testing         output code: 0
INFO     testing         running test '36' of validation source
INFO     testing         output code: 0
INFO     testing         running test '37' of validation source
INFO     testing         output code: 0
INFO     testing         running test '38' of validation source
INFO     testing         output code: 0
INFO     testing         running test '39' of validation source
INFO     testing         output code: 0
INFO     testing         running test '40' of validation source
INFO     testing         output code: 0
INFO     testing         running test '41' of validation source
INFO     testing         output code: 0
INFO     testing         running test '42' of validation source
INFO     testing         output code: 0
INFO     testing         running test '43' of validation source
INFO     testing         output code: 0
INFO     testing         running test '44' of validation source
INFO     testing         output code: 0
INFO     testing         running test '45' of validation source
INFO     testing         output code: 0
INFO     testing         running test '46' of validation source
INFO     testing         output code: 0
INFO     testing         running test '47' of validation source
INFO     testing         output code: 0
INFO     testing         running test '48' of validation source
INFO     testing         output code: 0
INFO     testing         running test '51' of validation source
INFO     testing         output code: 0
INFO     testing         running test '52' of validation source
INFO     testing         output code: 0
INFO     testing         running test '53' of validation source
INFO     testing         output code: 0
INFO     testing         running test '54' of validation source
INFO     testing         output code: 0
INFO     testing         running test '55' of validation source
INFO     testing         output code: 0
INFO     testing         running test '56' of validation source
INFO     testing         output code: 0
INFO     testing         running test '57' of validation source
INFO     testing         output code: 0
INFO     testing         running test '58' of validation source
INFO     testing         output code: 0
INFO     testing         running test '59' of validation source
INFO     testing         output code: 0
INFO     testing         running test '60' of validation source
INFO     testing         output code: 0
INFO     testing         running test '61' of validation source
INFO     testing         output code: 0
INFO     testing         running test '62' of validation source
INFO     testing         output code: 0
INFO     testing         running test '63' of validation source
INFO     testing         output code: 0
INFO     testing         running test '64' of validation source
INFO     testing         output code: 0
INFO     testing         running test '65' of validation source
INFO     testing         output code: 0
INFO     testing         running test '66' of validation source
INFO     testing         output code: 0
INFO     testing         running test '67' of validation source
INFO     testing         output code: 0
INFO     testing         running test '68' of validation source
INFO     testing         output code: 0
INFO     testing         running test '69' of validation source
INFO     testing         output code: 0
INFO     testing         running test '70' of validation source
INFO     testing         output code: 0
INFO     testing         running test '74' of validation source
INFO     testing         output code: 0
INFO     testing         running test '75' of validation source
INFO     testing         output code: 0
INFO     testing         running test '76' of validation source
INFO     testing         output code: 0
INFO     testing         running test '77' of validation source
INFO     testing         output code: 0
INFO     testing         running test '78' of validation source
INFO     testing         output code: 0
INFO     testing         running test '79' of validation source
INFO     testing         output code: 0
INFO     testing         running test '80' of validation source
INFO     testing         output code: 0
INFO     testing         running test '81' of validation source
INFO     testing         output code: 0
INFO     testing         running test '82' of validation source
INFO     testing         output code: 0
INFO     testing         running test '83' of validation source
INFO     testing         output code: 0
INFO     testing         running test '84' of validation source
INFO     testing         output code: 0
INFO     testing         running test '85' of validation source
INFO     testing         output code: 0
INFO     repair          patch successfully generated in 3m 15s (see php-2021-Sep19-142404.patch)
SUCCESS
