[repair] benchmark: manybugs
[repair] subject: wireshark
[repair] version: 37122-37123
[repair] search: symbolic
[fetch] benchmark: manybugs
[fetch] subject: wireshark
[fetch] version: 37122-37123
[fetch] archive: wireshark-bug-37122-37123.tar.gz
[fetch] directory: wireshark-bug-37122-37123
[fetch] GLIB_DIR: glib-2.30.0
[fetch] LIBCAP_DIR: libcap-1.9.1
[fetch] mkdir -p cache
[fetch] preparing source code
[fetch] golden_directory: wireshark-fix-37122-37123
[fetch] clean-source wireshark-bug-37122-37123
[fetch] clean-source wireshark-fix-37122-37123
[fetch] restore-buggy wireshark-bug-37122-37123
[fetch] restore-buggy entered
[fetch] buggy: epan/reassemble.c
[fetch] buggy_version: 37122
[fetch] buggy_preprocessed: wireshark-bug-37122-37123/wireshark/epan/reassemble.c
[fetch] buggy_original: wireshark-bug-37122-37123/diffs/epan/reassemble.c-37122
[fetch] cp wireshark-bug-37122-37123/diffs/epan/reassemble.c-37122 wireshark-bug-37122-37123/wireshark/epan/reassemble.c
[fetch] restore-correct wireshark-fix-37122-37123
[fetch] restore-correct entered
[fetch] cp wireshark-fix-37122-37123/diffs/epan/reassemble.c-37123 wireshark-fix-37122-37123/wireshark/epan/reassemble.c
[fetch] restored wireshark-fix-37122-37123/wireshark/epan/reassemble.c with wireshark-fix-37122-37123/diffs/epan/reassemble.c-37123
[fetch] fetch done
[repair] [repair] options: --symbolic --skip-validating-angelic-path
--angelic-search-strategy
symbolic
--ignore-trans-errors
--ignore-infer-errors
--klee-max-forks
200
--group-size
1
--initial-tests
1
--klee-solver-timeout
100
--klee-search
dfs
--mute-warning
--klee-timeout
7200  --all-suspicious --timeout 14400 --show-suspicious-locations --mcmc-beta 0.8 --group-size 1 --defect if-conditions loop-conditions
[repair-wireshark] options:  --skip-validating-angelic-path --angelic-search-strategy symbolic --ignore-trans-errors --ignore-infer-errors --klee-max-forks 200 --group-size 1 --initial-tests 1 --klee-solver-timeout 100 --klee-search dfs --mute-warning --klee-timeout 7200 --all-suspicious --timeout 14400 --show-suspicious-locations --mcmc-beta 0.8 --group-size 1 --defect if-conditions loop-conditions
[repair-wireshark] strat: symbolic
[repair-wireshark] cleaning wireshark-bug-37122-37123/wireshark ...
[repair-wireshark] cleaning wireshark-fix-37122-37123/wireshark ...
INFO     repair          copy wireshark-bug-37122-37123/wireshark to /angelix-experiments/.angelix/validation
INFO     project         configuring validation source
INFO     project         building json compilation database from validation source
INFO     testing         running test '1' of validation source
INFO     testing         output code: 0
INFO     testing         running test '2' of validation source
INFO     testing         output code: 0
INFO     testing         running test '3' of validation source
INFO     testing         output code: 0
INFO     testing         running test '4' of validation source
INFO     testing         output code: 0
INFO     testing         running test '5' of validation source
INFO     testing         output code: 0
INFO     testing         running test '6' of validation source
INFO     testing         output code: 0
INFO     testing         running test '7' of validation source
INFO     testing         output code: 0
INFO     testing         running test '8' of validation source
INFO     testing         output code: 0
INFO     testing         running test '9' of validation source
INFO     testing         output code: 0
INFO     testing         running test '10' of validation source
INFO     testing         output code: 0
INFO     testing         running test '11' of validation source
INFO     testing         output code: 0
INFO     testing         running test '12' of validation source
INFO     testing         output code: 0
INFO     testing         running test '13' of validation source
INFO     testing         output code: 0
INFO     testing         running test '14' of validation source
INFO     testing         output code: 0
INFO     testing         running test '15' of validation source
INFO     testing         output code: 0
INFO     testing         running test '16' of validation source
INFO     testing         output code: 0
INFO     testing         running test '17' of validation source
INFO     testing         output code: 0
INFO     testing         running test '18' of validation source
INFO     testing         output code: 0
INFO     testing         running test '19' of validation source
INFO     testing         output code: 0
INFO     testing         running test '20' of validation source
INFO     testing         output code: 0
INFO     testing         running test '21' of validation source
INFO     testing         output code: 0
INFO     testing         running test '22' of validation source
INFO     testing         output code: 0
INFO     testing         running test '23' of validation source
INFO     testing         output code: 0
INFO     testing         running test '24' of validation source
INFO     testing         output code: 0
INFO     testing         running test '25' of validation source
INFO     testing         output code: 0
INFO     testing         running test '26' of validation source
INFO     testing         output code: 0
INFO     testing         running test '27' of validation source
INFO     testing         output code: 0
INFO     testing         running test '28' of validation source
INFO     testing         output code: 0
INFO     testing         running test '29' of validation source
INFO     testing         output code: 0
INFO     testing         running test '30' of validation source
INFO     testing         output code: 0
INFO     testing         running test '31' of validation source
INFO     testing         output code: 0
INFO     testing         running test '32' of validation source
INFO     testing         output code: 0
INFO     testing         running test '33' of validation source
INFO     testing         output code: 0
INFO     testing         running test '34' of validation source
INFO     testing         output code: 0
INFO     testing         running test '35' of validation source
INFO     testing         output code: 0
INFO     testing         running test '36' of validation source
INFO     testing         output code: 0
INFO     testing         running test '37' of validation source
INFO     testing         output code: 0
INFO     testing         running test '38' of validation source
INFO     testing         output code: 0
INFO     testing         running test '39' of validation source
INFO     testing         output code: 1
INFO     testing         running test '40' of validation source
INFO     testing         output code: 1
INFO     testing         running test '41' of validation source
INFO     testing         output code: 1
INFO     testing         running test '42' of validation source
INFO     testing         output code: 1
INFO     testing         running test '43' of validation source
INFO     testing         output code: 1
INFO     testing         running test '44' of validation source
INFO     testing         output code: 1
INFO     testing         running test '45' of validation source
INFO     testing         output code: 1
INFO     testing         running test '46' of validation source
INFO     testing         output code: 1
INFO     testing         running test '47' of validation source
INFO     testing         output code: 1
INFO     testing         running test '48' of validation source
INFO     testing         output code: 0
INFO     testing         running test '49' of validation source
INFO     testing         output code: 1
INFO     testing         running test '50' of validation source
INFO     testing         output code: 1
INFO     testing         running test '6000' of validation source
INFO     testing         output code: 0
INFO     testing         running test '6001' of validation source
INFO     testing         output code: 0
INFO     testing         running test '6002' of validation source
INFO     testing         output code: 0
INFO     testing         running test '6003' of validation source
INFO     testing         output code: 0
INFO     testing         running test '6004' of validation source
INFO     testing         output code: 0
INFO     testing         running test '6005' of validation source
INFO     testing         output code: 0
INFO     testing         running test '6006' of validation source
INFO     testing         output code: 0
INFO     testing         running test '6007' of validation source
INFO     testing         output code: 0
INFO     testing         running test '6008' of validation source
INFO     testing         output code: 1
INFO     testing         running test '6009' of validation source
INFO     testing         output code: 0
INFO     testing         running test '6010' of validation source
INFO     testing         output code: 0
INFO     testing         running test '6011' of validation source
INFO     testing         output code: 0
INFO     testing         running test '6012' of validation source
INFO     testing         output code: 0
INFO     testing         running test '6013' of validation source
INFO     testing         output code: 0
INFO     testing         running test '6014' of validation source
INFO     testing         output code: 0
INFO     project         configuring golden source
INFO     project         building golden source
INFO     testing         running test '39' of golden source
INFO     testing         output code: 1
INFO     testing         running test '40' of golden source
INFO     testing         output code: 1
INFO     testing         running test '41' of golden source
INFO     testing         output code: 1
INFO     testing         running test '42' of golden source
INFO     testing         output code: 1
INFO     testing         running test '43' of golden source
INFO     testing         output code: 1
INFO     testing         running test '44' of golden source
INFO     testing         output code: 1
INFO     testing         running test '45' of golden source
INFO     testing         output code: 1
INFO     testing         running test '46' of golden source
INFO     testing         output code: 1
INFO     testing         running test '47' of golden source
INFO     testing         output code: 1
INFO     testing         running test '49' of golden source
INFO     testing         output code: 1
INFO     testing         running test '50' of golden source
INFO     testing         output code: 1
INFO     testing         running test '6008' of golden source
INFO     testing         output code: 0
WARNING  repair          excluding test 39 because it fails in golden version
WARNING  repair          excluding test 40 because it fails in golden version
WARNING  repair          excluding test 41 because it fails in golden version
WARNING  repair          excluding test 42 because it fails in golden version
WARNING  repair          excluding test 43 because it fails in golden version
WARNING  repair          excluding test 44 because it fails in golden version
WARNING  repair          excluding test 45 because it fails in golden version
WARNING  repair          excluding test 46 because it fails in golden version
WARNING  repair          excluding test 47 because it fails in golden version
WARNING  repair          excluding test 49 because it fails in golden version
WARNING  repair          excluding test 50 because it fails in golden version
INFO     repair          positive: ['1', '2', '3', '4', '5', '6', '7', '8', '9', '10', '11', '12', '13', '14', '15', '16', '17', '18', '19', '20', '21', '22', '23', '24', '25', '26', '27', '28', '29', '30', '31', '32', '33', '34', '35', '36', '37', '38', '48', '6000', '6001', '6002', '6003', '6004', '6005', '6006', '6007', '6009', '6010', '6011', '6012', '6013', '6014']
INFO     repair          negative: ['6008']
INFO     project         configuring frontend source
INFO     transformation  instrumenting repairable of frontend source
INFO     project         building frontend source
INFO     repair          running positive tests for debugging
INFO     testing         running test '1' of frontend source
INFO     testing         output code: 0
WARNING  testing         ANGELIX_RUN is not executed by test 1
INFO     testing         running test '2' of frontend source
INFO     testing         output code: 0
WARNING  testing         ANGELIX_RUN is not executed by test 2
INFO     testing         running test '3' of frontend source
INFO     testing         output code: 0
WARNING  testing         ANGELIX_RUN is not executed by test 3
INFO     testing         running test '4' of frontend source
INFO     testing         output code: 0
WARNING  testing         ANGELIX_RUN is not executed by test 4
INFO     testing         running test '5' of frontend source
INFO     testing         output code: 0
WARNING  testing         ANGELIX_RUN is not executed by test 5
INFO     testing         running test '6' of frontend source
INFO     testing         output code: 0
WARNING  testing         ANGELIX_RUN is not executed by test 6
INFO     testing         running test '7' of frontend source
INFO     testing         output code: 0
WARNING  testing         ANGELIX_RUN is not executed by test 7
INFO     testing         running test '8' of frontend source
INFO     testing         output code: 0
WARNING  testing         ANGELIX_RUN is not executed by test 8
INFO     testing         running test '9' of frontend source
INFO     testing         output code: 0
WARNING  testing         ANGELIX_RUN is not executed by test 9
INFO     testing         running test '10' of frontend source
INFO     testing         output code: 0
WARNING  testing         ANGELIX_RUN is not executed by test 10
INFO     testing         running test '11' of frontend source
INFO     testing         output code: 0
WARNING  testing         ANGELIX_RUN is not executed by test 11
INFO     testing         running test '12' of frontend source
INFO     testing         output code: 0
WARNING  testing         ANGELIX_RUN is not executed by test 12
INFO     testing         running test '13' of frontend source
INFO     testing         output code: 0
WARNING  testing         ANGELIX_RUN is not executed by test 13
INFO     testing         running test '14' of frontend source
INFO     testing         output code: 0
WARNING  testing         ANGELIX_RUN is not executed by test 14
INFO     testing         running test '15' of frontend source
INFO     testing         output code: 0
WARNING  testing         ANGELIX_RUN is not executed by test 15
INFO     testing         running test '16' of frontend source
INFO     testing         output code: 0
WARNING  testing         ANGELIX_RUN is not executed by test 16
INFO     testing         running test '17' of frontend source
INFO     testing         output code: 0
WARNING  testing         ANGELIX_RUN is not executed by test 17
INFO     testing         running test '18' of frontend source
INFO     testing         output code: 0
WARNING  testing         ANGELIX_RUN is not executed by test 18
INFO     testing         running test '19' of frontend source
INFO     testing         output code: 0
WARNING  testing         ANGELIX_RUN is not executed by test 19
INFO     testing         running test '20' of frontend source
INFO     testing         output code: 0
WARNING  testing         ANGELIX_RUN is not executed by test 20
INFO     testing         running test '21' of frontend source
INFO     testing         output code: 0
WARNING  testing         ANGELIX_RUN is not executed by test 21
INFO     testing         running test '22' of frontend source
INFO     testing         output code: 0
WARNING  testing         ANGELIX_RUN is not executed by test 22
INFO     testing         running test '23' of frontend source
INFO     testing         output code: 0
WARNING  testing         ANGELIX_RUN is not executed by test 23
INFO     testing         running test '24' of frontend source
INFO     testing         output code: 0
WARNING  testing         ANGELIX_RUN is not executed by test 24
INFO     testing         running test '25' of frontend source
INFO     testing         output code: 0
WARNING  testing         ANGELIX_RUN is not executed by test 25
INFO     testing         running test '26' of frontend source
INFO     testing         output code: 0
WARNING  testing         ANGELIX_RUN is not executed by test 26
INFO     testing         running test '27' of frontend source
INFO     testing         output code: 0
WARNING  testing         ANGELIX_RUN is not executed by test 27
INFO     testing         running test '28' of frontend source
INFO     testing         output code: 0
WARNING  testing         ANGELIX_RUN is not executed by test 28
INFO     testing         running test '29' of frontend source
INFO     testing         output code: 0
WARNING  testing         ANGELIX_RUN is not executed by test 29
INFO     testing         running test '30' of frontend source
INFO     testing         output code: 0
WARNING  testing         ANGELIX_RUN is not executed by test 30
INFO     testing         running test '31' of frontend source
INFO     testing         output code: 0
WARNING  testing         ANGELIX_RUN is not executed by test 31
INFO     testing         running test '32' of frontend source
INFO     testing         output code: 0
WARNING  testing         ANGELIX_RUN is not executed by test 32
INFO     testing         running test '33' of frontend source
INFO     testing         output code: 0
WARNING  testing         ANGELIX_RUN is not executed by test 33
INFO     testing         running test '34' of frontend source
INFO     testing         output code: 0
WARNING  testing         ANGELIX_RUN is not executed by test 34
INFO     testing         running test '35' of frontend source
INFO     testing         output code: 0
WARNING  testing         ANGELIX_RUN is not executed by test 35
INFO     testing         running test '36' of frontend source
INFO     testing         output code: 0
WARNING  testing         ANGELIX_RUN is not executed by test 36
INFO     testing         running test '37' of frontend source
INFO     testing         output code: 0
WARNING  testing         ANGELIX_RUN is not executed by test 37
INFO     testing         running test '38' of frontend source
INFO     testing         output code: 0
WARNING  testing         ANGELIX_RUN is not executed by test 38
INFO     testing         running test '48' of frontend source
INFO     testing         output code: 0
WARNING  testing         ANGELIX_RUN is not executed by test 48
INFO     testing         running test '6000' of frontend source
INFO     testing         output code: 1
INFO     testing         running test '6001' of frontend source
INFO     testing         output code: 1
INFO     testing         running test '6002' of frontend source
INFO     testing         output code: 1
INFO     testing         running test '6003' of frontend source
INFO     testing         output code: 1
INFO     testing         running test '6004' of frontend source
INFO     testing         output code: 1
INFO     testing         running test '6005' of frontend source
INFO     testing         output code: 1
INFO     testing         running test '6006' of frontend source
INFO     testing         output code: 1
INFO     testing         running test '6007' of frontend source
INFO     testing         output code: 1
INFO     testing         running test '6009' of frontend source
INFO     testing         output code: 0
INFO     testing         running test '6010' of frontend source
INFO     testing         output code: 1
INFO     testing         running test '6011' of frontend source
INFO     testing         output code: 1
INFO     testing         running test '6012' of frontend source
INFO     testing         output code: 0
INFO     testing         running test '6013' of frontend source
INFO     testing         output code: 0
INFO     testing         running test '6014' of frontend source
INFO     testing         output code: 0
INFO     repair          running negative tests for debugging
INFO     testing         running test '6008' of frontend source
INFO     testing         output code: 1
INFO     project         configuring golden source
INFO     project         building golden source
INFO     testing         running test '6008' of golden source
INFO     testing         output code: 0
WARNING  testing         ANGELIX_RUN is executed multiple times by test 6008
INFO     repair          repair test suite: ['6000', '6001', '6002', '6003', '6004', '6005', '6006', '6007', '6008', '6009', '6010', '6011', '6012', '6013', '6014']
INFO     repair          validation test suite: ['1', '2', '3', '4', '5', '6', '7', '8', '9', '10', '11', '12', '13', '14', '15', '16', '17', '18', '19', '20', '21', '22', '23', '24', '25', '26', '27', '28', '29', '30', '31', '32', '33', '34', '35', '36', '37', '38', '48', '6000', '6001', '6002', '6003', '6004', '6005', '6006', '6007', '6008', '6009', '6010', '6011', '6012', '6013', '6014']
INFO     localization    (loc, score) = (('I', (66, 7, 66, 32)), 1.0)
INFO     localization    (loc, score) = (('I', (1526, 9, 1526, 23)), 1.0)
INFO     localization    (loc, score) = (('I', (1383, 6, 1383, 7)), 1.0)
INFO     localization    (loc, score) = (('I', (1654, 6, 1654, 20)), 1.0)
INFO     localization    (loc, score) = (('I', (1776, 6, 1776, 23)), 1.0)
INFO     localization    (loc, score) = (('I', (1624, 6, 1624, 15)), 1.0)
INFO     localization    (loc, score) = (('I', (1532, 6, 1532, 22)), 1.0)
INFO     localization    (loc, score) = (('I', (1504, 6, 1504, 10)), 1.0)
INFO     localization    (loc, score) = (('I', (1538, 6, 1538, 31)), 1.0)
INFO     localization    (loc, score) = (('I', (1616, 6, 1616, 23)), 1.0)
INFO     localization    (loc, score) = (('I', (1526, 9, 1526, 23), '1'), 0.0)
INFO     localization    (loc, score) = (('I', (1776, 6, 1776, 23), '1'), 0.0)
INFO     localization    (loc, score) = (('I', (1695, 7, 1695, 8), '1'), 0.0)
INFO     localization    (loc, score) = (('I', (1654, 6, 1654, 20), '1'), 0.0)
INFO     localization    (loc, score) = (('L', (294, 24, 294, 35), '0'), 0.0)
INFO     localization    (loc, score) = (('I', (1631, 9, 1631, 10), '1'), 0.0)
INFO     localization    (loc, score) = (('L', (1672, 23, 1672, 29), '0'), 0.0)
INFO     localization    (loc, score) = (('I', (1673, 9, 1673, 21), '0'), 0.0)
INFO     localization    (loc, score) = (('I', (741, 6, 741, 23), '1'), 0.0)
INFO     localization    (loc, score) = (('I', (1624, 6, 1624, 15), '1'), 0.0)
INFO     localization    (loc, score) = (('L', (250, 24, 250, 35), '1'), 0.0)
INFO     localization    (loc, score) = (('I', (1532, 6, 1532, 22), '0'), 0.0)
INFO     localization    (loc, score) = (('I', (1504, 6, 1504, 10), '50'), 0.0)
INFO     localization    (loc, score) = (('I', (1526, 9, 1526, 23), '0'), 0.0)
INFO     localization    (loc, score) = (('I', (1776, 6, 1776, 23), '0'), 0.0)
INFO     localization    (loc, score) = (('I', (66, 7, 66, 32), '0'), 0.0)
INFO     localization    (loc, score) = (('I', (1538, 6, 1538, 31), '0'), 0.0)
INFO     localization    (loc, score) = (('I', (1631, 9, 1631, 10), '0'), 0.0)
INFO     localization    (loc, score) = (('I', (1617, 7, 1617, 18), '1'), 0.0)
INFO     localization    (loc, score) = (('I', (1383, 6, 1383, 7), '1'), 0.0)
INFO     localization    (loc, score) = (('I', (1616, 6, 1616, 23), '1'), 0.0)
INFO     localization    (loc, score) = (('I', (1695, 7, 1695, 8), '0'), 0.0)
INFO     localization    (loc, score) = (('L', (1672, 23, 1672, 29), '1'), 0.0)
INFO     localization    (loc, score) = (('L', (250, 24, 250, 35), '0'), 0.0)
INFO     localization    (loc, score) = (('I', (1504, 6, 1504, 10), '40'), 0.0)
INFO     localization    (loc, score) = (('I', (1504, 6, 1504, 10), '60'), 0.0)
INFO     localization    (loc, score) = (('L', (294, 24, 294, 35), '1'), 0.0)
INFO     localization    (loc, score) = (('I', (66, 7, 66, 32), '1'), 0.0)
INFO     localization    (loc, score) = (('I', (1673, 9, 1673, 21), '1'), 0.0)
INFO     localization    (loc, score) = (('I', (1624, 6, 1624, 15), '0'), 0.0)
INFO     localization    (loc, score) = (('I', (309, 6, 309, 29), '1'), 0.0)
INFO     localization    (loc, score) = (('I', (1383, 6, 1383, 7), '0'), 0.0)
INFO     localization    (loc, score) = (('I', (1532, 6, 1532, 22), '1'), 0.0)
INFO     localization    (loc, score) = (('I', (1616, 6, 1616, 23), '0'), 0.0)
INFO     localization    group 1: [('I', (66, 7, 66, 32))] (1.0)
INFO     localization    group 2: [('I', (1383, 6, 1383, 7))] (1.0)
INFO     localization    group 3: [('I', (1504, 6, 1504, 10))] (1.0)
INFO     localization    group 4: [('I', (1526, 9, 1526, 23))] (1.0)
INFO     localization    group 5: [('I', (1532, 6, 1532, 22))] (1.0)
INFO     localization    group 6: [('I', (1538, 6, 1538, 31))] (1.0)
INFO     localization    group 7: [('I', (1616, 6, 1616, 23))] (1.0)
INFO     localization    group 8: [('I', (1624, 6, 1624, 15))] (1.0)
INFO     localization    group 9: [('I', (1654, 6, 1654, 20))] (1.0)
INFO     localization    group 10: [('I', (1776, 6, 1776, 23))] (1.0)
INFO     localization    group 11: [('I', (66, 7, 66, 32), '0')] (0.0)
INFO     localization    group 12: [('I', (66, 7, 66, 32), '1')] (0.0)
INFO     localization    group 13: [('L', (250, 24, 250, 35), '1')] (0.0)
INFO     localization    group 14: [('L', (250, 24, 250, 35), '0')] (0.0)
INFO     localization    group 15: [('L', (294, 24, 294, 35), '0')] (0.0)
INFO     localization    group 16: [('L', (294, 24, 294, 35), '1')] (0.0)
INFO     localization    group 17: [('I', (309, 6, 309, 29), '1')] (0.0)
INFO     localization    group 18: [('I', (741, 6, 741, 23), '1')] (0.0)
INFO     localization    group 19: [('I', (1383, 6, 1383, 7), '1')] (0.0)
INFO     localization    group 20: [('I', (1383, 6, 1383, 7), '0')] (0.0)
INFO     localization    group 21: [('I', (1504, 6, 1504, 10), '50')] (0.0)
INFO     localization    group 22: [('I', (1504, 6, 1504, 10), '40')] (0.0)
INFO     localization    group 23: [('I', (1504, 6, 1504, 10), '60')] (0.0)
INFO     localization    group 24: [('I', (1526, 9, 1526, 23), '1')] (0.0)
INFO     localization    group 25: [('I', (1526, 9, 1526, 23), '0')] (0.0)
INFO     localization    group 26: [('I', (1532, 6, 1532, 22), '0')] (0.0)
INFO     localization    group 27: [('I', (1532, 6, 1532, 22), '1')] (0.0)
INFO     localization    group 28: [('I', (1538, 6, 1538, 31), '0')] (0.0)
INFO     localization    group 29: [('I', (1616, 6, 1616, 23), '1')] (0.0)
INFO     localization    group 30: [('I', (1616, 6, 1616, 23), '0')] (0.0)
INFO     localization    group 31: [('I', (1617, 7, 1617, 18), '1')] (0.0)
INFO     localization    group 32: [('I', (1624, 6, 1624, 15), '1')] (0.0)
INFO     localization    group 33: [('I', (1624, 6, 1624, 15), '0')] (0.0)
INFO     localization    group 34: [('I', (1631, 9, 1631, 10), '1')] (0.0)
INFO     localization    group 35: [('I', (1631, 9, 1631, 10), '0')] (0.0)
INFO     localization    group 36: [('I', (1654, 6, 1654, 20), '1')] (0.0)
INFO     localization    group 37: [('L', (1672, 23, 1672, 29), '0')] (0.0)
INFO     localization    group 38: [('L', (1672, 23, 1672, 29), '1')] (0.0)
INFO     localization    group 39: [('I', (1673, 9, 1673, 21), '0')] (0.0)
INFO     localization    group 40: [('I', (1673, 9, 1673, 21), '1')] (0.0)
INFO     localization    group 41: [('I', (1695, 7, 1695, 8), '1')] (0.0)
INFO     localization    group 42: [('I', (1695, 7, 1695, 8), '0')] (0.0)
INFO     localization    group 43: [('I', (1776, 6, 1776, 23), '1')] (0.0)
INFO     localization    group 44: [('I', (1776, 6, 1776, 23), '0')] (0.0)
INFO     localization    selected expressions [('I', (66, 7, 66, 32))] with group score 1.0 
INFO     localization    selected expressions [('I', (1383, 6, 1383, 7))] with group score 1.0 
INFO     localization    selected expressions [('I', (1504, 6, 1504, 10))] with group score 1.0 
INFO     localization    selected expressions [('I', (1526, 9, 1526, 23))] with group score 1.0 
INFO     localization    selected expressions [('I', (1532, 6, 1532, 22))] with group score 1.0 
INFO     localization    selected expressions [('I', (1538, 6, 1538, 31))] with group score 1.0 
INFO     localization    selected expressions [('I', (1616, 6, 1616, 23))] with group score 1.0 
INFO     localization    selected expressions [('I', (1624, 6, 1624, 15))] with group score 1.0 
INFO     localization    selected expressions [('I', (1654, 6, 1654, 20))] with group score 1.0 
INFO     localization    selected expressions [('I', (1776, 6, 1776, 23))] with group score 1.0 
INFO     localization    selected expressions [('I', (66, 7, 66, 32), '0')] with group score 0.0 
INFO     localization    selected expressions [('I', (66, 7, 66, 32), '1')] with group score 0.0 
INFO     localization    selected expressions [('L', (250, 24, 250, 35), '1')] with group score 0.0 
INFO     localization    selected expressions [('L', (250, 24, 250, 35), '0')] with group score 0.0 
INFO     localization    selected expressions [('L', (294, 24, 294, 35), '0')] with group score 0.0 
INFO     localization    selected expressions [('L', (294, 24, 294, 35), '1')] with group score 0.0 
INFO     localization    selected expressions [('I', (309, 6, 309, 29), '1')] with group score 0.0 
INFO     localization    selected expressions [('I', (741, 6, 741, 23), '1')] with group score 0.0 
INFO     localization    selected expressions [('I', (1383, 6, 1383, 7), '1')] with group score 0.0 
INFO     localization    selected expressions [('I', (1383, 6, 1383, 7), '0')] with group score 0.0 
INFO     localization    selected expressions [('I', (1504, 6, 1504, 10), '50')] with group score 0.0 
INFO     localization    selected expressions [('I', (1504, 6, 1504, 10), '40')] with group score 0.0 
INFO     localization    selected expressions [('I', (1504, 6, 1504, 10), '60')] with group score 0.0 
INFO     localization    selected expressions [('I', (1526, 9, 1526, 23), '1')] with group score 0.0 
INFO     localization    selected expressions [('I', (1526, 9, 1526, 23), '0')] with group score 0.0 
INFO     localization    selected expressions [('I', (1532, 6, 1532, 22), '0')] with group score 0.0 
INFO     localization    selected expressions [('I', (1532, 6, 1532, 22), '1')] with group score 0.0 
INFO     localization    selected expressions [('I', (1538, 6, 1538, 31), '0')] with group score 0.0 
INFO     localization    selected expressions [('I', (1616, 6, 1616, 23), '1')] with group score 0.0 
INFO     localization    selected expressions [('I', (1616, 6, 1616, 23), '0')] with group score 0.0 
INFO     localization    selected expressions [('I', (1617, 7, 1617, 18), '1')] with group score 0.0 
INFO     localization    selected expressions [('I', (1624, 6, 1624, 15), '1')] with group score 0.0 
INFO     localization    selected expressions [('I', (1624, 6, 1624, 15), '0')] with group score 0.0 
INFO     localization    selected expressions [('I', (1631, 9, 1631, 10), '1')] with group score 0.0 
INFO     localization    selected expressions [('I', (1631, 9, 1631, 10), '0')] with group score 0.0 
INFO     localization    selected expressions [('I', (1654, 6, 1654, 20), '1')] with group score 0.0 
INFO     localization    selected expressions [('L', (1672, 23, 1672, 29), '0')] with group score 0.0 
INFO     localization    selected expressions [('L', (1672, 23, 1672, 29), '1')] with group score 0.0 
INFO     localization    selected expressions [('I', (1673, 9, 1673, 21), '0')] with group score 0.0 
INFO     localization    selected expressions [('I', (1673, 9, 1673, 21), '1')] with group score 0.0 
INFO     localization    selected expressions [('I', (1695, 7, 1695, 8), '1')] with group score 0.0 
INFO     localization    selected expressions [('I', (1695, 7, 1695, 8), '0')] with group score 0.0 
INFO     localization    selected expressions [('I', (1776, 6, 1776, 23), '1')] with group score 0.0 
INFO     localization    selected expressions [('I', (1776, 6, 1776, 23), '0')] with group score 0.0 
INFO     repair          considering suspicious locations [('I', (66, 7, 66, 32))]
INFO     reduction       all failing tests: ['6008']
INFO     reduction       select 1 best tests from ['6008']
INFO     reduction       select 0 best tests from ['6000', '6001', '6002', '6003', '6004', '6005', '6006', '6007', '6009', '6010', '6011', '6012', '6013', '6014']
INFO     reduction       selected 1 tests
INFO     reduction       selected passing tests: []
INFO     reduction       selected failing tests: ['6008']
INFO     project         configuring backend source
INFO     transformation  instrumenting suspicious of backend source
INFO     project         building backend source
INFO     sym_infer       inferring specification for test '6008' through KLEE
INFO     testing         running test '6008' of backend source with KLEE
INFO     testing         output code: 1
WARNING  testing         ANGELIX_RUN is not executed by test 6008
INFO     sym_infer       checking whether /angelix-experiments/.angelix/backend/klee-out-0 exists...
INFO     sym_infer       wait until klee out dir gets ready...
WARNING  sym_infer       No paths explored
WARNING  repair          no smt file for test 6008
INFO     repair          considering suspicious locations [('I', (1383, 6, 1383, 7))]
INFO     reduction       all failing tests: ['6008']
INFO     reduction       select 1 best tests from ['6008']
INFO     reduction       select 0 best tests from ['6000', '6001', '6002', '6003', '6004', '6005', '6006', '6007', '6009', '6010', '6011', '6012', '6013', '6014']
INFO     reduction       selected 1 tests
INFO     reduction       selected passing tests: []
INFO     reduction       selected failing tests: ['6008']
INFO     project         configuring backend source
INFO     transformation  instrumenting suspicious of backend source
INFO     project         building backend source
INFO     sym_infer       inferring specification for test '6008' through KLEE
INFO     testing         running test '6008' of backend source with KLEE
INFO     testing         output code: 1
WARNING  testing         ANGELIX_RUN is not executed by test 6008
INFO     sym_infer       checking whether /angelix-experiments/.angelix/backend/klee-out-0 exists...
INFO     sym_infer       wait until klee out dir gets ready...
WARNING  sym_infer       No paths explored
WARNING  repair          no smt file for test 6008
INFO     repair          considering suspicious locations [('I', (1504, 6, 1504, 10))]
INFO     reduction       all failing tests: ['6008']
INFO     reduction       select 1 best tests from ['6008']
INFO     reduction       select 0 best tests from ['6000', '6001', '6002', '6003', '6004', '6005', '6006', '6007', '6009', '6010', '6011', '6012', '6013', '6014']
INFO     reduction       selected 1 tests
INFO     reduction       selected passing tests: []
INFO     reduction       selected failing tests: ['6008']
INFO     project         configuring backend source
INFO     transformation  instrumenting suspicious of backend source
INFO     project         building backend source
INFO     sym_infer       inferring specification for test '6008' through KLEE
INFO     testing         running test '6008' of backend source with KLEE
INFO     testing         output code: 1
WARNING  testing         ANGELIX_RUN is not executed by test 6008
INFO     sym_infer       checking whether /angelix-experiments/.angelix/backend/klee-out-0 exists...
INFO     sym_infer       wait until klee out dir gets ready...
WARNING  sym_infer       No paths explored
WARNING  repair          no smt file for test 6008
INFO     repair          considering suspicious locations [('I', (1526, 9, 1526, 23))]
INFO     reduction       all failing tests: ['6008']
INFO     reduction       select 1 best tests from ['6008']
INFO     reduction       select 0 best tests from ['6000', '6001', '6002', '6003', '6004', '6005', '6006', '6007', '6009', '6010', '6011', '6012', '6013', '6014']
INFO     reduction       selected 1 tests
INFO     reduction       selected passing tests: []
INFO     reduction       selected failing tests: ['6008']
INFO     project         configuring backend source
INFO     transformation  instrumenting suspicious of backend source
INFO     project         building backend source
INFO     sym_infer       inferring specification for test '6008' through KLEE
INFO     testing         running test '6008' of backend source with KLEE
INFO     testing         output code: 1
WARNING  testing         ANGELIX_RUN is not executed by test 6008
INFO     sym_infer       checking whether /angelix-experiments/.angelix/backend/klee-out-0 exists...
INFO     sym_infer       wait until klee out dir gets ready...
WARNING  sym_infer       No paths explored
WARNING  repair          no smt file for test 6008
INFO     repair          considering suspicious locations [('I', (1532, 6, 1532, 22))]
INFO     reduction       all failing tests: ['6008']
INFO     reduction       select 1 best tests from ['6008']
INFO     reduction       select 0 best tests from ['6000', '6001', '6002', '6003', '6004', '6005', '6006', '6007', '6009', '6010', '6011', '6012', '6013', '6014']
INFO     reduction       selected 1 tests
INFO     reduction       selected passing tests: []
INFO     reduction       selected failing tests: ['6008']
INFO     project         configuring backend source
INFO     transformation  instrumenting suspicious of backend source
INFO     project         building backend source
INFO     sym_infer       inferring specification for test '6008' through KLEE
INFO     testing         running test '6008' of backend source with KLEE
INFO     testing         output code: 1
WARNING  testing         ANGELIX_RUN is not executed by test 6008
INFO     sym_infer       checking whether /angelix-experiments/.angelix/backend/klee-out-0 exists...
INFO     sym_infer       wait until klee out dir gets ready...
WARNING  sym_infer       No paths explored
WARNING  repair          no smt file for test 6008
INFO     repair          considering suspicious locations [('I', (1538, 6, 1538, 31))]
INFO     reduction       all failing tests: ['6008']
INFO     reduction       select 1 best tests from ['6008']
INFO     reduction       select 0 best tests from ['6000', '6001', '6002', '6003', '6004', '6005', '6006', '6007', '6009', '6010', '6011', '6012', '6013', '6014']
INFO     reduction       selected 1 tests
INFO     reduction       selected passing tests: []
INFO     reduction       selected failing tests: ['6008']
INFO     project         configuring backend source
INFO     transformation  instrumenting suspicious of backend source
INFO     project         building backend source
INFO     sym_infer       inferring specification for test '6008' through KLEE
INFO     testing         running test '6008' of backend source with KLEE
INFO     testing         output code: 1
WARNING  testing         ANGELIX_RUN is not executed by test 6008
INFO     sym_infer       checking whether /angelix-experiments/.angelix/backend/klee-out-0 exists...
INFO     sym_infer       wait until klee out dir gets ready...
WARNING  sym_infer       No paths explored
WARNING  repair          no smt file for test 6008
INFO     repair          considering suspicious locations [('I', (1616, 6, 1616, 23))]
INFO     reduction       all failing tests: ['6008']
INFO     reduction       select 1 best tests from ['6008']
INFO     reduction       select 0 best tests from ['6000', '6001', '6002', '6003', '6004', '6005', '6006', '6007', '6009', '6010', '6011', '6012', '6013', '6014']
INFO     reduction       selected 1 tests
INFO     reduction       selected passing tests: []
INFO     reduction       selected failing tests: ['6008']
INFO     project         configuring backend source
INFO     transformation  instrumenting suspicious of backend source
INFO     project         building backend source
INFO     sym_infer       inferring specification for test '6008' through KLEE
INFO     testing         running test '6008' of backend source with KLEE
INFO     testing         output code: 1
WARNING  testing         ANGELIX_RUN is not executed by test 6008
INFO     sym_infer       checking whether /angelix-experiments/.angelix/backend/klee-out-0 exists...
INFO     sym_infer       wait until klee out dir gets ready...
WARNING  sym_infer       No paths explored
WARNING  repair          no smt file for test 6008
INFO     repair          considering suspicious locations [('I', (1624, 6, 1624, 15))]
INFO     reduction       all failing tests: ['6008']
INFO     reduction       select 1 best tests from ['6008']
INFO     reduction       select 0 best tests from ['6000', '6001', '6002', '6003', '6004', '6005', '6006', '6007', '6009', '6010', '6011', '6012', '6013', '6014']
INFO     reduction       selected 1 tests
INFO     reduction       selected passing tests: []
INFO     reduction       selected failing tests: ['6008']
INFO     project         configuring backend source
INFO     transformation  instrumenting suspicious of backend source
INFO     project         building backend source
INFO     sym_infer       inferring specification for test '6008' through KLEE
INFO     testing         running test '6008' of backend source with KLEE
INFO     testing         output code: 1
WARNING  testing         ANGELIX_RUN is not executed by test 6008
INFO     sym_infer       checking whether /angelix-experiments/.angelix/backend/klee-out-0 exists...
INFO     sym_infer       wait until klee out dir gets ready...
WARNING  sym_infer       No paths explored
WARNING  repair          no smt file for test 6008
INFO     repair          considering suspicious locations [('I', (1654, 6, 1654, 20))]
INFO     reduction       all failing tests: ['6008']
INFO     reduction       select 1 best tests from ['6008']
INFO     reduction       select 0 best tests from ['6000', '6001', '6002', '6003', '6004', '6005', '6006', '6007', '6009', '6010', '6011', '6012', '6013', '6014']
INFO     reduction       selected 1 tests
INFO     reduction       selected passing tests: []
INFO     reduction       selected failing tests: ['6008']
INFO     project         configuring backend source
INFO     transformation  instrumenting suspicious of backend source
INFO     project         building backend source
INFO     sym_infer       inferring specification for test '6008' through KLEE
INFO     testing         running test '6008' of backend source with KLEE
INFO     testing         output code: 1
WARNING  testing         ANGELIX_RUN is not executed by test 6008
INFO     sym_infer       checking whether /angelix-experiments/.angelix/backend/klee-out-0 exists...
INFO     sym_infer       wait until klee out dir gets ready...
WARNING  sym_infer       No paths explored
WARNING  repair          no smt file for test 6008
INFO     repair          considering suspicious locations [('I', (1776, 6, 1776, 23))]
INFO     reduction       all failing tests: ['6008']
INFO     reduction       select 1 best tests from ['6008']
INFO     reduction       select 0 best tests from ['6000', '6001', '6002', '6003', '6004', '6005', '6006', '6007', '6009', '6010', '6011', '6012', '6013', '6014']
INFO     reduction       selected 1 tests
INFO     reduction       selected passing tests: []
INFO     reduction       selected failing tests: ['6008']
INFO     project         configuring backend source
INFO     transformation  instrumenting suspicious of backend source
INFO     project         building backend source
INFO     sym_infer       inferring specification for test '6008' through KLEE
INFO     testing         running test '6008' of backend source with KLEE
INFO     testing         output code: 1
WARNING  testing         ANGELIX_RUN is not executed by test 6008
INFO     sym_infer       checking whether /angelix-experiments/.angelix/backend/klee-out-0 exists...
INFO     sym_infer       wait until klee out dir gets ready...
WARNING  sym_infer       No paths explored
WARNING  repair          no smt file for test 6008
INFO     repair          considering suspicious locations [('I', (66, 7, 66, 32), '0')]
INFO     reduction       all failing tests: ['6008']
INFO     reduction       select 1 best tests from ['6008']
INFO     reduction       select 0 best tests from ['6000', '6001', '6002', '6003', '6004', '6005', '6006', '6007', '6009', '6010', '6011', '6012', '6013', '6014']
INFO     reduction       selected 1 tests
INFO     reduction       selected passing tests: []
INFO     reduction       selected failing tests: ['6008']
INFO     project         configuring backend source
INFO     transformation  instrumenting suspicious of backend source
INFO     project         building backend source
INFO     sym_infer       inferring specification for test '6008' through KLEE
INFO     testing         running test '6008' of backend source with KLEE
INFO     testing         output code: 1
WARNING  testing         ANGELIX_RUN is not executed by test 6008
INFO     sym_infer       checking whether /angelix-experiments/.angelix/backend/klee-out-0 exists...
INFO     sym_infer       wait until klee out dir gets ready...
WARNING  sym_infer       No paths explored
WARNING  repair          no smt file for test 6008
INFO     repair          considering suspicious locations [('I', (66, 7, 66, 32), '1')]
INFO     reduction       all failing tests: ['6008']
INFO     reduction       select 1 best tests from ['6008']
INFO     reduction       select 0 best tests from ['6000', '6001', '6002', '6003', '6004', '6005', '6006', '6007', '6009', '6010', '6011', '6012', '6013', '6014']
INFO     reduction       selected 1 tests
INFO     reduction       selected passing tests: []
INFO     reduction       selected failing tests: ['6008']
INFO     project         configuring backend source
INFO     transformation  instrumenting suspicious of backend source
INFO     project         building backend source
INFO     sym_infer       inferring specification for test '6008' through KLEE
INFO     testing         running test '6008' of backend source with KLEE
INFO     testing         output code: 1
WARNING  testing         ANGELIX_RUN is not executed by test 6008
INFO     sym_infer       checking whether /angelix-experiments/.angelix/backend/klee-out-0 exists...
INFO     sym_infer       wait until klee out dir gets ready...
WARNING  sym_infer       No paths explored
WARNING  repair          no smt file for test 6008
INFO     repair          considering suspicious locations [('L', (250, 24, 250, 35), '1')]
INFO     reduction       all failing tests: ['6008']
INFO     reduction       select 1 best tests from ['6008']
INFO     reduction       add 1 tests at random
INFO     reduction       select 0 best tests from ['6000', '6001', '6002', '6003', '6004', '6005', '6006', '6007', '6009', '6010', '6011', '6012', '6013', '6014']
INFO     reduction       selected 1 tests
INFO     reduction       selected passing tests: []
INFO     reduction       selected failing tests: ['6008']
INFO     project         configuring backend source
INFO     transformation  instrumenting suspicious of backend source
INFO     project         building backend source
INFO     sym_infer       inferring specification for test '6008' through KLEE
INFO     testing         running test '6008' of backend source with KLEE
INFO     testing         output code: 1
WARNING  testing         ANGELIX_RUN is not executed by test 6008
INFO     sym_infer       checking whether /angelix-experiments/.angelix/backend/klee-out-0 exists...
INFO     sym_infer       wait until klee out dir gets ready...
WARNING  sym_infer       No paths explored
WARNING  repair          no smt file for test 6008
INFO     repair          considering suspicious locations [('L', (250, 24, 250, 35), '0')]
INFO     reduction       all failing tests: ['6008']
INFO     reduction       select 1 best tests from ['6008']
INFO     reduction       add 1 tests at random
INFO     reduction       select 0 best tests from ['6000', '6001', '6002', '6003', '6004', '6005', '6006', '6007', '6009', '6010', '6011', '6012', '6013', '6014']
INFO     reduction       selected 1 tests
INFO     reduction       selected passing tests: []
INFO     reduction       selected failing tests: ['6008']
INFO     project         configuring backend source
INFO     transformation  instrumenting suspicious of backend source
INFO     project         building backend source
INFO     sym_infer       inferring specification for test '6008' through KLEE
INFO     testing         running test '6008' of backend source with KLEE
INFO     testing         output code: 1
WARNING  testing         ANGELIX_RUN is not executed by test 6008
INFO     sym_infer       checking whether /angelix-experiments/.angelix/backend/klee-out-0 exists...
INFO     sym_infer       wait until klee out dir gets ready...
WARNING  sym_infer       No paths explored
WARNING  repair          no smt file for test 6008
INFO     repair          considering suspicious locations [('L', (294, 24, 294, 35), '0')]
INFO     reduction       all failing tests: ['6008']
INFO     reduction       select 1 best tests from ['6008']
INFO     reduction       add 1 tests at random
INFO     reduction       select 0 best tests from ['6000', '6001', '6002', '6003', '6004', '6005', '6006', '6007', '6009', '6010', '6011', '6012', '6013', '6014']
INFO     reduction       selected 1 tests
INFO     reduction       selected passing tests: []
INFO     reduction       selected failing tests: ['6008']
INFO     project         configuring backend source
INFO     transformation  instrumenting suspicious of backend source
INFO     project         building backend source
INFO     sym_infer       inferring specification for test '6008' through KLEE
INFO     testing         running test '6008' of backend source with KLEE
INFO     testing         output code: 1
WARNING  testing         ANGELIX_RUN is not executed by test 6008
INFO     sym_infer       checking whether /angelix-experiments/.angelix/backend/klee-out-0 exists...
INFO     sym_infer       wait until klee out dir gets ready...
WARNING  sym_infer       No paths explored
WARNING  repair          no smt file for test 6008
INFO     repair          considering suspicious locations [('L', (294, 24, 294, 35), '1')]
INFO     reduction       all failing tests: ['6008']
INFO     reduction       select 1 best tests from ['6008']
INFO     reduction       add 1 tests at random
INFO     reduction       select 0 best tests from ['6000', '6001', '6002', '6003', '6004', '6005', '6006', '6007', '6009', '6010', '6011', '6012', '6013', '6014']
INFO     reduction       selected 1 tests
INFO     reduction       selected passing tests: []
INFO     reduction       selected failing tests: ['6008']
INFO     project         configuring backend source
INFO     transformation  instrumenting suspicious of backend source
INFO     project         building backend source
INFO     sym_infer       inferring specification for test '6008' through KLEE
INFO     testing         running test '6008' of backend source with KLEE
INFO     testing         output code: 1
WARNING  testing         ANGELIX_RUN is not executed by test 6008
INFO     sym_infer       checking whether /angelix-experiments/.angelix/backend/klee-out-0 exists...
INFO     sym_infer       wait until klee out dir gets ready...
WARNING  sym_infer       No paths explored
WARNING  repair          no smt file for test 6008
INFO     repair          considering suspicious locations [('I', (309, 6, 309, 29), '1')]
INFO     reduction       all failing tests: ['6008']
INFO     reduction       select 1 best tests from ['6008']
INFO     reduction       add 1 tests at random
INFO     reduction       select 0 best tests from ['6000', '6001', '6002', '6003', '6004', '6005', '6006', '6007', '6009', '6010', '6011', '6012', '6013', '6014']
INFO     reduction       selected 1 tests
INFO     reduction       selected passing tests: []
INFO     reduction       selected failing tests: ['6008']
INFO     project         configuring backend source
INFO     transformation  instrumenting suspicious of backend source
INFO     project         building backend source
INFO     sym_infer       inferring specification for test '6008' through KLEE
INFO     testing         running test '6008' of backend source with KLEE
INFO     testing         output code: 1
WARNING  testing         ANGELIX_RUN is not executed by test 6008
INFO     sym_infer       checking whether /angelix-experiments/.angelix/backend/klee-out-0 exists...
INFO     sym_infer       wait until klee out dir gets ready...
WARNING  sym_infer       No paths explored
WARNING  repair          no smt file for test 6008
INFO     repair          considering suspicious locations [('I', (741, 6, 741, 23), '1')]
INFO     reduction       all failing tests: ['6008']
INFO     reduction       select 1 best tests from ['6008']
INFO     reduction       add 1 tests at random
INFO     reduction       select 0 best tests from ['6000', '6001', '6002', '6003', '6004', '6005', '6006', '6007', '6009', '6010', '6011', '6012', '6013', '6014']
INFO     reduction       selected 1 tests
INFO     reduction       selected passing tests: []
INFO     reduction       selected failing tests: ['6008']
INFO     project         configuring backend source
INFO     transformation  instrumenting suspicious of backend source
INFO     project         building backend source
INFO     sym_infer       inferring specification for test '6008' through KLEE
INFO     testing         running test '6008' of backend source with KLEE
INFO     testing         output code: 1
WARNING  testing         ANGELIX_RUN is not executed by test 6008
INFO     sym_infer       checking whether /angelix-experiments/.angelix/backend/klee-out-0 exists...
INFO     sym_infer       wait until klee out dir gets ready...
WARNING  sym_infer       No paths explored
WARNING  repair          no smt file for test 6008
INFO     repair          considering suspicious locations [('I', (1383, 6, 1383, 7), '1')]
INFO     reduction       all failing tests: ['6008']
INFO     reduction       select 1 best tests from ['6008']
INFO     reduction       select 0 best tests from ['6000', '6001', '6002', '6003', '6004', '6005', '6006', '6007', '6009', '6010', '6011', '6012', '6013', '6014']
INFO     reduction       selected 1 tests
INFO     reduction       selected passing tests: []
INFO     reduction       selected failing tests: ['6008']
INFO     project         configuring backend source
INFO     transformation  instrumenting suspicious of backend source
INFO     project         building backend source
INFO     sym_infer       inferring specification for test '6008' through KLEE
INFO     testing         running test '6008' of backend source with KLEE
INFO     testing         output code: 1
WARNING  testing         ANGELIX_RUN is not executed by test 6008
INFO     sym_infer       checking whether /angelix-experiments/.angelix/backend/klee-out-0 exists...
INFO     sym_infer       wait until klee out dir gets ready...
WARNING  sym_infer       No paths explored
WARNING  repair          no smt file for test 6008
INFO     repair          considering suspicious locations [('I', (1383, 6, 1383, 7), '0')]
INFO     reduction       all failing tests: ['6008']
INFO     reduction       select 1 best tests from ['6008']
INFO     reduction       select 0 best tests from ['6000', '6001', '6002', '6003', '6004', '6005', '6006', '6007', '6009', '6010', '6011', '6012', '6013', '6014']
INFO     reduction       selected 1 tests
INFO     reduction       selected passing tests: []
INFO     reduction       selected failing tests: ['6008']
INFO     project         configuring backend source
INFO     transformation  instrumenting suspicious of backend source
INFO     project         building backend source
INFO     sym_infer       inferring specification for test '6008' through KLEE
INFO     testing         running test '6008' of backend source with KLEE
INFO     testing         output code: 1
WARNING  testing         ANGELIX_RUN is not executed by test 6008
INFO     sym_infer       checking whether /angelix-experiments/.angelix/backend/klee-out-0 exists...
INFO     sym_infer       wait until klee out dir gets ready...
WARNING  sym_infer       No paths explored
WARNING  repair          no smt file for test 6008
INFO     repair          considering suspicious locations [('I', (1504, 6, 1504, 10), '50')]
INFO     reduction       all failing tests: ['6008']
INFO     reduction       select 1 best tests from ['6008']
INFO     reduction       select 0 best tests from ['6000', '6001', '6002', '6003', '6004', '6005', '6006', '6007', '6009', '6010', '6011', '6012', '6013', '6014']
INFO     reduction       selected 1 tests
INFO     reduction       selected passing tests: []
INFO     reduction       selected failing tests: ['6008']
INFO     project         configuring backend source
INFO     transformation  instrumenting suspicious of backend source
INFO     project         building backend source
INFO     sym_infer       inferring specification for test '6008' through KLEE
INFO     testing         running test '6008' of backend source with KLEE
INFO     testing         output code: 1
WARNING  testing         ANGELIX_RUN is not executed by test 6008
INFO     sym_infer       checking whether /angelix-experiments/.angelix/backend/klee-out-0 exists...
INFO     sym_infer       wait until klee out dir gets ready...
WARNING  sym_infer       No paths explored
WARNING  repair          no smt file for test 6008
INFO     repair          considering suspicious locations [('I', (1504, 6, 1504, 10), '40')]
INFO     reduction       all failing tests: ['6008']
INFO     reduction       select 1 best tests from ['6008']
INFO     reduction       select 0 best tests from ['6000', '6001', '6002', '6003', '6004', '6005', '6006', '6007', '6009', '6010', '6011', '6012', '6013', '6014']
INFO     reduction       selected 1 tests
INFO     reduction       selected passing tests: []
INFO     reduction       selected failing tests: ['6008']
INFO     project         configuring backend source
INFO     transformation  instrumenting suspicious of backend source
INFO     project         building backend source
INFO     sym_infer       inferring specification for test '6008' through KLEE
INFO     testing         running test '6008' of backend source with KLEE
INFO     testing         output code: 1
WARNING  testing         ANGELIX_RUN is not executed by test 6008
INFO     sym_infer       checking whether /angelix-experiments/.angelix/backend/klee-out-0 exists...
INFO     sym_infer       wait until klee out dir gets ready...
WARNING  sym_infer       No paths explored
WARNING  repair          no smt file for test 6008
INFO     repair          considering suspicious locations [('I', (1504, 6, 1504, 10), '60')]
INFO     reduction       all failing tests: ['6008']
INFO     reduction       select 1 best tests from ['6008']
INFO     reduction       select 0 best tests from ['6000', '6001', '6002', '6003', '6004', '6005', '6006', '6007', '6009', '6010', '6011', '6012', '6013', '6014']
INFO     reduction       selected 1 tests
INFO     reduction       selected passing tests: []
INFO     reduction       selected failing tests: ['6008']
INFO     project         configuring backend source
INFO     transformation  instrumenting suspicious of backend source
INFO     project         building backend source
INFO     sym_infer       inferring specification for test '6008' through KLEE
INFO     testing         running test '6008' of backend source with KLEE
INFO     testing         output code: 1
WARNING  testing         ANGELIX_RUN is not executed by test 6008
INFO     sym_infer       checking whether /angelix-experiments/.angelix/backend/klee-out-0 exists...
INFO     sym_infer       wait until klee out dir gets ready...
WARNING  sym_infer       No paths explored
WARNING  repair          no smt file for test 6008
INFO     repair          considering suspicious locations [('I', (1526, 9, 1526, 23), '1')]
INFO     reduction       all failing tests: ['6008']
INFO     reduction       select 1 best tests from ['6008']
INFO     reduction       select 0 best tests from ['6000', '6001', '6002', '6003', '6004', '6005', '6006', '6007', '6009', '6010', '6011', '6012', '6013', '6014']
INFO     reduction       selected 1 tests
INFO     reduction       selected passing tests: []
INFO     reduction       selected failing tests: ['6008']
INFO     project         configuring backend source
INFO     transformation  instrumenting suspicious of backend source
INFO     project         building backend source
INFO     sym_infer       inferring specification for test '6008' through KLEE
INFO     testing         running test '6008' of backend source with KLEE
INFO     testing         output code: 1
WARNING  testing         ANGELIX_RUN is not executed by test 6008
INFO     sym_infer       checking whether /angelix-experiments/.angelix/backend/klee-out-0 exists...
INFO     sym_infer       wait until klee out dir gets ready...
WARNING  sym_infer       No paths explored
WARNING  repair          no smt file for test 6008
INFO     repair          considering suspicious locations [('I', (1526, 9, 1526, 23), '0')]
INFO     reduction       all failing tests: ['6008']
INFO     reduction       select 1 best tests from ['6008']
INFO     reduction       select 0 best tests from ['6000', '6001', '6002', '6003', '6004', '6005', '6006', '6007', '6009', '6010', '6011', '6012', '6013', '6014']
INFO     reduction       selected 1 tests
INFO     reduction       selected passing tests: []
INFO     reduction       selected failing tests: ['6008']
INFO     project         configuring backend source
INFO     transformation  instrumenting suspicious of backend source
INFO     project         building backend source
INFO     sym_infer       inferring specification for test '6008' through KLEE
INFO     testing         running test '6008' of backend source with KLEE
INFO     testing         output code: 1
WARNING  testing         ANGELIX_RUN is not executed by test 6008
INFO     sym_infer       checking whether /angelix-experiments/.angelix/backend/klee-out-0 exists...
INFO     sym_infer       wait until klee out dir gets ready...
WARNING  sym_infer       No paths explored
WARNING  repair          no smt file for test 6008
INFO     repair          considering suspicious locations [('I', (1532, 6, 1532, 22), '0')]
INFO     reduction       all failing tests: ['6008']
INFO     reduction       select 1 best tests from ['6008']
INFO     reduction       select 0 best tests from ['6000', '6001', '6002', '6003', '6004', '6005', '6006', '6007', '6009', '6010', '6011', '6012', '6013', '6014']
INFO     reduction       selected 1 tests
INFO     reduction       selected passing tests: []
INFO     reduction       selected failing tests: ['6008']
INFO     project         configuring backend source
INFO     transformation  instrumenting suspicious of backend source
INFO     project         building backend source
INFO     sym_infer       inferring specification for test '6008' through KLEE
INFO     testing         running test '6008' of backend source with KLEE
INFO     testing         output code: 1
WARNING  testing         ANGELIX_RUN is not executed by test 6008
INFO     sym_infer       checking whether /angelix-experiments/.angelix/backend/klee-out-0 exists...
INFO     sym_infer       wait until klee out dir gets ready...
WARNING  sym_infer       No paths explored
WARNING  repair          no smt file for test 6008
INFO     repair          considering suspicious locations [('I', (1532, 6, 1532, 22), '1')]
INFO     reduction       all failing tests: ['6008']
INFO     reduction       select 1 best tests from ['6008']
INFO     reduction       select 0 best tests from ['6000', '6001', '6002', '6003', '6004', '6005', '6006', '6007', '6009', '6010', '6011', '6012', '6013', '6014']
INFO     reduction       selected 1 tests
INFO     reduction       selected passing tests: []
INFO     reduction       selected failing tests: ['6008']
INFO     project         configuring backend source
INFO     transformation  instrumenting suspicious of backend source
INFO     project         building backend source
INFO     sym_infer       inferring specification for test '6008' through KLEE
INFO     testing         running test '6008' of backend source with KLEE
INFO     testing         output code: 1
WARNING  testing         ANGELIX_RUN is not executed by test 6008
INFO     sym_infer       checking whether /angelix-experiments/.angelix/backend/klee-out-0 exists...
INFO     sym_infer       wait until klee out dir gets ready...
WARNING  sym_infer       No paths explored
WARNING  repair          no smt file for test 6008
INFO     repair          considering suspicious locations [('I', (1538, 6, 1538, 31), '0')]
INFO     reduction       all failing tests: ['6008']
INFO     reduction       select 1 best tests from ['6008']
INFO     reduction       select 0 best tests from ['6000', '6001', '6002', '6003', '6004', '6005', '6006', '6007', '6009', '6010', '6011', '6012', '6013', '6014']
INFO     reduction       selected 1 tests
INFO     reduction       selected passing tests: []
INFO     reduction       selected failing tests: ['6008']
INFO     project         configuring backend source
INFO     transformation  instrumenting suspicious of backend source
INFO     project         building backend source
INFO     sym_infer       inferring specification for test '6008' through KLEE
INFO     testing         running test '6008' of backend source with KLEE
INFO     testing         output code: 1
WARNING  testing         ANGELIX_RUN is not executed by test 6008
INFO     sym_infer       checking whether /angelix-experiments/.angelix/backend/klee-out-0 exists...
INFO     sym_infer       wait until klee out dir gets ready...
WARNING  sym_infer       No paths explored
WARNING  repair          no smt file for test 6008
INFO     repair          considering suspicious locations [('I', (1616, 6, 1616, 23), '1')]
INFO     reduction       all failing tests: ['6008']
INFO     reduction       select 1 best tests from ['6008']
INFO     reduction       select 0 best tests from ['6000', '6001', '6002', '6003', '6004', '6005', '6006', '6007', '6009', '6010', '6011', '6012', '6013', '6014']
INFO     reduction       selected 1 tests
INFO     reduction       selected passing tests: []
INFO     reduction       selected failing tests: ['6008']
INFO     project         configuring backend source
INFO     transformation  instrumenting suspicious of backend source
INFO     project         building backend source
INFO     sym_infer       inferring specification for test '6008' through KLEE
INFO     testing         running test '6008' of backend source with KLEE
INFO     testing         output code: 1
WARNING  testing         ANGELIX_RUN is not executed by test 6008
INFO     sym_infer       checking whether /angelix-experiments/.angelix/backend/klee-out-0 exists...
INFO     sym_infer       wait until klee out dir gets ready...
WARNING  sym_infer       No paths explored
WARNING  repair          no smt file for test 6008
INFO     repair          considering suspicious locations [('I', (1616, 6, 1616, 23), '0')]
INFO     reduction       all failing tests: ['6008']
INFO     reduction       select 1 best tests from ['6008']
INFO     reduction       select 0 best tests from ['6000', '6001', '6002', '6003', '6004', '6005', '6006', '6007', '6009', '6010', '6011', '6012', '6013', '6014']
INFO     reduction       selected 1 tests
INFO     reduction       selected passing tests: []
INFO     reduction       selected failing tests: ['6008']
INFO     project         configuring backend source
INFO     transformation  instrumenting suspicious of backend source
INFO     project         building backend source
INFO     sym_infer       inferring specification for test '6008' through KLEE
INFO     testing         running test '6008' of backend source with KLEE
INFO     testing         output code: 1
WARNING  testing         ANGELIX_RUN is not executed by test 6008
INFO     sym_infer       checking whether /angelix-experiments/.angelix/backend/klee-out-0 exists...
INFO     sym_infer       wait until klee out dir gets ready...
WARNING  sym_infer       No paths explored
WARNING  repair          no smt file for test 6008
INFO     repair          considering suspicious locations [('I', (1617, 7, 1617, 18), '1')]
INFO     reduction       all failing tests: ['6008']
INFO     reduction       select 1 best tests from ['6008']
INFO     reduction       add 1 tests at random
INFO     reduction       select 0 best tests from ['6000', '6001', '6002', '6003', '6004', '6005', '6006', '6007', '6009', '6010', '6011', '6012', '6013', '6014']
INFO     reduction       selected 1 tests
INFO     reduction       selected passing tests: []
INFO     reduction       selected failing tests: ['6008']
INFO     project         configuring backend source
INFO     transformation  instrumenting suspicious of backend source
INFO     project         building backend source
INFO     sym_infer       inferring specification for test '6008' through KLEE
INFO     testing         running test '6008' of backend source with KLEE
INFO     testing         output code: 1
WARNING  testing         ANGELIX_RUN is not executed by test 6008
INFO     sym_infer       checking whether /angelix-experiments/.angelix/backend/klee-out-0 exists...
INFO     sym_infer       wait until klee out dir gets ready...
WARNING  sym_infer       No paths explored
WARNING  repair          no smt file for test 6008
INFO     repair          considering suspicious locations [('I', (1624, 6, 1624, 15), '1')]
INFO     reduction       all failing tests: ['6008']
INFO     reduction       select 1 best tests from ['6008']
INFO     reduction       select 0 best tests from ['6000', '6001', '6002', '6003', '6004', '6005', '6006', '6007', '6009', '6010', '6011', '6012', '6013', '6014']
INFO     reduction       selected 1 tests
INFO     reduction       selected passing tests: []
INFO     reduction       selected failing tests: ['6008']
INFO     project         configuring backend source
INFO     transformation  instrumenting suspicious of backend source
INFO     project         building backend source
INFO     sym_infer       inferring specification for test '6008' through KLEE
INFO     testing         running test '6008' of backend source with KLEE
INFO     testing         output code: 1
WARNING  testing         ANGELIX_RUN is not executed by test 6008
INFO     sym_infer       checking whether /angelix-experiments/.angelix/backend/klee-out-0 exists...
INFO     sym_infer       wait until klee out dir gets ready...
WARNING  sym_infer       No paths explored
WARNING  repair          no smt file for test 6008
INFO     repair          considering suspicious locations [('I', (1624, 6, 1624, 15), '0')]
INFO     reduction       all failing tests: ['6008']
INFO     reduction       select 1 best tests from ['6008']
INFO     reduction       select 0 best tests from ['6000', '6001', '6002', '6003', '6004', '6005', '6006', '6007', '6009', '6010', '6011', '6012', '6013', '6014']
INFO     reduction       selected 1 tests
INFO     reduction       selected passing tests: []
INFO     reduction       selected failing tests: ['6008']
INFO     project         configuring backend source
INFO     transformation  instrumenting suspicious of backend source
INFO     project         building backend source
INFO     sym_infer       inferring specification for test '6008' through KLEE
INFO     testing         running test '6008' of backend source with KLEE
INFO     testing         output code: 1
WARNING  testing         ANGELIX_RUN is not executed by test 6008
INFO     sym_infer       checking whether /angelix-experiments/.angelix/backend/klee-out-0 exists...
INFO     sym_infer       wait until klee out dir gets ready...
WARNING  sym_infer       No paths explored
WARNING  repair          no smt file for test 6008
INFO     repair          considering suspicious locations [('I', (1631, 9, 1631, 10), '1')]
INFO     reduction       all failing tests: ['6008']
INFO     reduction       select 1 best tests from ['6008']
INFO     reduction       add 1 tests at random
INFO     reduction       select 0 best tests from ['6000', '6001', '6002', '6003', '6004', '6005', '6006', '6007', '6009', '6010', '6011', '6012', '6013', '6014']
INFO     reduction       selected 1 tests
INFO     reduction       selected passing tests: []
INFO     reduction       selected failing tests: ['6008']
INFO     project         configuring backend source
INFO     transformation  instrumenting suspicious of backend source
INFO     project         building backend source
INFO     sym_infer       inferring specification for test '6008' through KLEE
INFO     testing         running test '6008' of backend source with KLEE
INFO     testing         output code: 1
WARNING  testing         ANGELIX_RUN is not executed by test 6008
INFO     sym_infer       checking whether /angelix-experiments/.angelix/backend/klee-out-0 exists...
INFO     sym_infer       wait until klee out dir gets ready...
WARNING  sym_infer       No paths explored
WARNING  repair          no smt file for test 6008
INFO     repair          considering suspicious locations [('I', (1631, 9, 1631, 10), '0')]
INFO     reduction       all failing tests: ['6008']
INFO     reduction       select 1 best tests from ['6008']
INFO     reduction       add 1 tests at random
INFO     reduction       select 0 best tests from ['6000', '6001', '6002', '6003', '6004', '6005', '6006', '6007', '6009', '6010', '6011', '6012', '6013', '6014']
INFO     reduction       selected 1 tests
INFO     reduction       selected passing tests: []
INFO     reduction       selected failing tests: ['6008']
INFO     project         configuring backend source
INFO     transformation  instrumenting suspicious of backend source
INFO     project         building backend source
INFO     sym_infer       inferring specification for test '6008' through KLEE
INFO     testing         running test '6008' of backend source with KLEE
INFO     testing         output code: 1
WARNING  testing         ANGELIX_RUN is not executed by test 6008
INFO     sym_infer       checking whether /angelix-experiments/.angelix/backend/klee-out-0 exists...
INFO     sym_infer       wait until klee out dir gets ready...
WARNING  sym_infer       No paths explored
WARNING  repair          no smt file for test 6008
INFO     repair          considering suspicious locations [('I', (1654, 6, 1654, 20), '1')]
INFO     reduction       all failing tests: ['6008']
INFO     reduction       select 1 best tests from ['6008']
INFO     reduction       select 0 best tests from ['6000', '6001', '6002', '6003', '6004', '6005', '6006', '6007', '6009', '6010', '6011', '6012', '6013', '6014']
INFO     reduction       selected 1 tests
INFO     reduction       selected passing tests: []
INFO     reduction       selected failing tests: ['6008']
INFO     project         configuring backend source
INFO     transformation  instrumenting suspicious of backend source
INFO     project         building backend source
INFO     sym_infer       inferring specification for test '6008' through KLEE
INFO     testing         running test '6008' of backend source with KLEE
INFO     testing         output code: 1
WARNING  testing         ANGELIX_RUN is not executed by test 6008
INFO     sym_infer       checking whether /angelix-experiments/.angelix/backend/klee-out-0 exists...
INFO     sym_infer       wait until klee out dir gets ready...
WARNING  sym_infer       No paths explored
WARNING  repair          no smt file for test 6008
INFO     repair          considering suspicious locations [('L', (1672, 23, 1672, 29), '0')]
INFO     reduction       all failing tests: ['6008']
INFO     reduction       select 1 best tests from ['6008']
INFO     reduction       add 1 tests at random
INFO     reduction       select 0 best tests from ['6000', '6001', '6002', '6003', '6004', '6005', '6006', '6007', '6009', '6010', '6011', '6012', '6013', '6014']
INFO     reduction       selected 1 tests
INFO     reduction       selected passing tests: []
INFO     reduction       selected failing tests: ['6008']
INFO     project         configuring backend source
INFO     transformation  instrumenting suspicious of backend source
INFO     project         building backend source
INFO     sym_infer       inferring specification for test '6008' through KLEE
INFO     testing         running test '6008' of backend source with KLEE
INFO     testing         output code: 1
WARNING  testing         ANGELIX_RUN is not executed by test 6008
INFO     sym_infer       checking whether /angelix-experiments/.angelix/backend/klee-out-0 exists...
INFO     sym_infer       wait until klee out dir gets ready...
WARNING  sym_infer       No paths explored
WARNING  repair          no smt file for test 6008
INFO     repair          considering suspicious locations [('L', (1672, 23, 1672, 29), '1')]
INFO     reduction       all failing tests: ['6008']
INFO     reduction       select 1 best tests from ['6008']
INFO     reduction       add 1 tests at random
INFO     reduction       select 0 best tests from ['6000', '6001', '6002', '6003', '6004', '6005', '6006', '6007', '6009', '6010', '6011', '6012', '6013', '6014']
INFO     reduction       selected 1 tests
INFO     reduction       selected passing tests: []
INFO     reduction       selected failing tests: ['6008']
INFO     project         configuring backend source
INFO     transformation  instrumenting suspicious of backend source
INFO     project         building backend source
INFO     sym_infer       inferring specification for test '6008' through KLEE
INFO     testing         running test '6008' of backend source with KLEE
INFO     testing         output code: 1
WARNING  testing         ANGELIX_RUN is not executed by test 6008
INFO     sym_infer       checking whether /angelix-experiments/.angelix/backend/klee-out-0 exists...
INFO     sym_infer       wait until klee out dir gets ready...
WARNING  sym_infer       No paths explored
WARNING  repair          no smt file for test 6008
INFO     repair          considering suspicious locations [('I', (1673, 9, 1673, 21), '0')]
INFO     reduction       all failing tests: ['6008']
INFO     reduction       select 1 best tests from ['6008']
INFO     reduction       add 1 tests at random
INFO     reduction       select 0 best tests from ['6000', '6001', '6002', '6003', '6004', '6005', '6006', '6007', '6009', '6010', '6011', '6012', '6013', '6014']
INFO     reduction       selected 1 tests
INFO     reduction       selected passing tests: []
INFO     reduction       selected failing tests: ['6008']
INFO     project         configuring backend source
INFO     transformation  instrumenting suspicious of backend source
INFO     project         building backend source
INFO     sym_infer       inferring specification for test '6008' through KLEE
INFO     testing         running test '6008' of backend source with KLEE
INFO     testing         output code: 1
WARNING  testing         ANGELIX_RUN is not executed by test 6008
INFO     sym_infer       checking whether /angelix-experiments/.angelix/backend/klee-out-0 exists...
INFO     sym_infer       wait until klee out dir gets ready...
WARNING  sym_infer       No paths explored
WARNING  repair          no smt file for test 6008
INFO     repair          considering suspicious locations [('I', (1673, 9, 1673, 21), '1')]
INFO     reduction       all failing tests: ['6008']
INFO     reduction       select 1 best tests from ['6008']
INFO     reduction       add 1 tests at random
INFO     reduction       select 0 best tests from ['6000', '6001', '6002', '6003', '6004', '6005', '6006', '6007', '6009', '6010', '6011', '6012', '6013', '6014']
INFO     reduction       selected 1 tests
INFO     reduction       selected passing tests: []
INFO     reduction       selected failing tests: ['6008']
INFO     project         configuring backend source
INFO     transformation  instrumenting suspicious of backend source
INFO     project         building backend source
INFO     sym_infer       inferring specification for test '6008' through KLEE
INFO     testing         running test '6008' of backend source with KLEE
INFO     testing         output code: 1
WARNING  testing         ANGELIX_RUN is not executed by test 6008
INFO     sym_infer       checking whether /angelix-experiments/.angelix/backend/klee-out-0 exists...
INFO     sym_infer       wait until klee out dir gets ready...
WARNING  sym_infer       No paths explored
WARNING  repair          no smt file for test 6008
INFO     repair          considering suspicious locations [('I', (1695, 7, 1695, 8), '1')]
INFO     reduction       all failing tests: ['6008']
INFO     reduction       select 1 best tests from ['6008']
INFO     reduction       add 1 tests at random
INFO     reduction       select 0 best tests from ['6000', '6001', '6002', '6003', '6004', '6005', '6006', '6007', '6009', '6010', '6011', '6012', '6013', '6014']
INFO     reduction       selected 1 tests
INFO     reduction       selected passing tests: []
INFO     reduction       selected failing tests: ['6008']
INFO     project         configuring backend source
INFO     transformation  instrumenting suspicious of backend source
INFO     project         building backend source
INFO     sym_infer       inferring specification for test '6008' through KLEE
INFO     testing         running test '6008' of backend source with KLEE
INFO     testing         output code: 1
WARNING  testing         ANGELIX_RUN is not executed by test 6008
INFO     sym_infer       checking whether /angelix-experiments/.angelix/backend/klee-out-0 exists...
INFO     sym_infer       wait until klee out dir gets ready...
WARNING  sym_infer       No paths explored
WARNING  repair          no smt file for test 6008
INFO     repair          considering suspicious locations [('I', (1695, 7, 1695, 8), '0')]
INFO     reduction       all failing tests: ['6008']
INFO     reduction       select 1 best tests from ['6008']
INFO     reduction       add 1 tests at random
INFO     reduction       select 0 best tests from ['6000', '6001', '6002', '6003', '6004', '6005', '6006', '6007', '6009', '6010', '6011', '6012', '6013', '6014']
INFO     reduction       selected 1 tests
INFO     reduction       selected passing tests: []
INFO     reduction       selected failing tests: ['6008']
INFO     project         configuring backend source
INFO     transformation  instrumenting suspicious of backend source
INFO     project         building backend source
INFO     sym_infer       inferring specification for test '6008' through KLEE
INFO     testing         running test '6008' of backend source with KLEE
INFO     testing         output code: 1
WARNING  testing         ANGELIX_RUN is not executed by test 6008
INFO     sym_infer       checking whether /angelix-experiments/.angelix/backend/klee-out-0 exists...
INFO     sym_infer       wait until klee out dir gets ready...
WARNING  sym_infer       No paths explored
WARNING  repair          no smt file for test 6008
INFO     repair          considering suspicious locations [('I', (1776, 6, 1776, 23), '1')]
INFO     reduction       all failing tests: ['6008']
INFO     reduction       select 1 best tests from ['6008']
INFO     reduction       select 0 best tests from ['6000', '6001', '6002', '6003', '6004', '6005', '6006', '6007', '6009', '6010', '6011', '6012', '6013', '6014']
INFO     reduction       selected 1 tests
INFO     reduction       selected passing tests: []
INFO     reduction       selected failing tests: ['6008']
INFO     project         configuring backend source
INFO     transformation  instrumenting suspicious of backend source
INFO     project         building backend source
INFO     sym_infer       inferring specification for test '6008' through KLEE
INFO     testing         running test '6008' of backend source with KLEE
INFO     testing         output code: 1
WARNING  testing         ANGELIX_RUN is not executed by test 6008
INFO     sym_infer       checking whether /angelix-experiments/.angelix/backend/klee-out-0 exists...
INFO     sym_infer       wait until klee out dir gets ready...
WARNING  sym_infer       No paths explored
WARNING  repair          no smt file for test 6008
INFO     repair          considering suspicious locations [('I', (1776, 6, 1776, 23), '0')]
INFO     reduction       all failing tests: ['6008']
INFO     reduction       select 1 best tests from ['6008']
INFO     reduction       select 0 best tests from ['6000', '6001', '6002', '6003', '6004', '6005', '6006', '6007', '6009', '6010', '6011', '6012', '6013', '6014']
INFO     reduction       selected 1 tests
INFO     reduction       selected passing tests: []
INFO     reduction       selected failing tests: ['6008']
INFO     project         configuring backend source
INFO     transformation  instrumenting suspicious of backend source
INFO     project         building backend source
INFO     sym_infer       inferring specification for test '6008' through KLEE
INFO     testing         running test '6008' of backend source with KLEE
INFO     testing         output code: 1
WARNING  testing         ANGELIX_RUN is not executed by test 6008
INFO     sym_infer       checking whether /angelix-experiments/.angelix/backend/klee-out-0 exists...
INFO     sym_infer       wait until klee out dir gets ready...
WARNING  sym_infer       No paths explored
WARNING  repair          no smt file for test 6008
INFO     repair          no patch generated in 2h 16m 47s
FAIL
