[repair] benchmark: manybugs
[repair] subject: gzip
[repair] version: 2009-08-16-3fe0caeada-39a362ae9d
[repair] search: symbolic
[fetch] benchmark: manybugs
[fetch] subject: gzip
[fetch] version: 2009-08-16-3fe0caeada-39a362ae9d
[fetch] archive: gzip-bug-2009-08-16-3fe0caeada-39a362ae9d.tar.gz
[fetch] directory: gzip-bug-2009-08-16-3fe0caeada-39a362ae9d
[fetch] preparing source code
[fetch] golden_directory: gzip-fix-2009-08-16-3fe0caeada-39a362ae9d
[fetch] clean-source gzip-bug-2009-08-16-3fe0caeada-39a362ae9d
[fetch] /angelix-experiments/gzip-bug-2009-08-16-3fe0caeada-39a362ae9d/gzip/configure
[fetch] make -j 72 clean
[fetch] clean-source gzip-fix-2009-08-16-3fe0caeada-39a362ae9d
[fetch] restore-buggy gzip-bug-2009-08-16-3fe0caeada-39a362ae9d
[fetch] /angelix-experiments/gzip-fix-2009-08-16-3fe0caeada-39a362ae9d/gzip/configure
[fetch] make -j 72 clean
[fetch] restore-buggy entered
[fetch] buggy: inflate.c
[fetch] buggy_version: 3fe0caeada
[fetch] buggy_preprocessed: gzip-bug-2009-08-16-3fe0caeada-39a362ae9d/gzip/inflate.c
[fetch] buggy_original: gzip-bug-2009-08-16-3fe0caeada-39a362ae9d/diffs/inflate.c-3fe0caeada
[fetch] cp gzip-bug-2009-08-16-3fe0caeada-39a362ae9d/diffs/inflate.c-3fe0caeada gzip-bug-2009-08-16-3fe0caeada-39a362ae9d/gzip/inflate.c
[fetch] restore-correct gzip-fix-2009-08-16-3fe0caeada-39a362ae9d
[fetch] restore-correct entered
[fetch] cp gzip-fix-2009-08-16-3fe0caeada-39a362ae9d/diffs/inflate.c-39a362ae9d gzip-fix-2009-08-16-3fe0caeada-39a362ae9d/gzip/inflate.c
[fetch] restored gzip-fix-2009-08-16-3fe0caeada-39a362ae9d/gzip/inflate.c with gzip-fix-2009-08-16-3fe0caeada-39a362ae9d/diffs/inflate.c-39a362ae9d
[fetch] fetch done
[repair] [repair] options: --symbolic --log
DEBUG
--all-suspicious
--angelic-search-strategy
symbolic
--klee-max-forks
200
--test-timeout
60
--all-tests
--ignore-trans-errors
--klee-solver-timeout
100
--klee-timeout
7200
--klee-ignore-errors
--klee-search
dfs  --timeout 14400 --show-suspicious-locations --group-size 1 --defect assignments
[repair-gzip] options:  --log DEBUG --all-suspicious --angelic-search-strategy symbolic --klee-max-forks 200 --test-timeout 60 --all-tests --ignore-trans-errors --klee-solver-timeout 100 --klee-timeout 7200 --klee-ignore-errors --klee-search dfs --timeout 14400 --show-suspicious-locations --group-size 1 --defect assignments
[repair-gzip] cleaning gzip-bug-2009-08-16-3fe0caeada-39a362ae9d/gzip ...
[repair-gzip] cleaning gzip-fix-2009-08-16-3fe0caeada-39a362ae9d/gzip ...
DEBUG    repair          tests: ['1', '2', '3', '4', '5', '6', '7', '8', '9', '10', '11', '12', '13']
INFO     repair          copy gzip-bug-2009-08-16-3fe0caeada-39a362ae9d/gzip to /angelix-experiments/.angelix/validation
INFO     project         configuring validation source
DEBUG    project         configure_cmd: /angelix-experiments/.aux/gzip/configure
INFO     project         building json compilation database from validation source
DEBUG    project         CC: angelix-compiler --klee
DEBUG    project         cmd: bear /angelix-experiments/.aux/gzip/build
DEBUG    repair          start to measure time
INFO     testing         running test '1' of validation source
DEBUG    testing         ANGELIX_WORKDIR: /angelix-experiments/.angelix
DEBUG    testing         ANGELIX_TEST_ID: 1
DEBUG    testing         cwd: /angelix-experiments/.angelix/validation
DEBUG    testing         run: /angelix-experiments/.aux/gzip/oracle 1
INFO     testing         output code: 1
INFO     testing         running test '2' of validation source
DEBUG    testing         ANGELIX_WORKDIR: /angelix-experiments/.angelix
DEBUG    testing         ANGELIX_TEST_ID: 2
DEBUG    testing         cwd: /angelix-experiments/.angelix/validation
DEBUG    testing         run: /angelix-experiments/.aux/gzip/oracle 2
INFO     testing         output code: 1
INFO     testing         running test '3' of validation source
DEBUG    testing         ANGELIX_WORKDIR: /angelix-experiments/.angelix
DEBUG    testing         ANGELIX_TEST_ID: 3
DEBUG    testing         cwd: /angelix-experiments/.angelix/validation
DEBUG    testing         run: /angelix-experiments/.aux/gzip/oracle 3
INFO     testing         output code: 1
INFO     testing         running test '4' of validation source
DEBUG    testing         ANGELIX_WORKDIR: /angelix-experiments/.angelix
DEBUG    testing         ANGELIX_TEST_ID: 4
DEBUG    testing         cwd: /angelix-experiments/.angelix/validation
DEBUG    testing         run: /angelix-experiments/.aux/gzip/oracle 4
INFO     testing         output code: 0
INFO     testing         running test '5' of validation source
DEBUG    testing         ANGELIX_WORKDIR: /angelix-experiments/.angelix
DEBUG    testing         ANGELIX_TEST_ID: 5
DEBUG    testing         cwd: /angelix-experiments/.angelix/validation
DEBUG    testing         run: /angelix-experiments/.aux/gzip/oracle 5
INFO     testing         output code: 1
INFO     testing         running test '6' of validation source
DEBUG    testing         ANGELIX_WORKDIR: /angelix-experiments/.angelix
DEBUG    testing         ANGELIX_TEST_ID: 6
DEBUG    testing         cwd: /angelix-experiments/.angelix/validation
DEBUG    testing         run: /angelix-experiments/.aux/gzip/oracle 6
INFO     testing         output code: 0
INFO     testing         running test '7' of validation source
DEBUG    testing         ANGELIX_WORKDIR: /angelix-experiments/.angelix
DEBUG    testing         ANGELIX_TEST_ID: 7
DEBUG    testing         cwd: /angelix-experiments/.angelix/validation
DEBUG    testing         run: /angelix-experiments/.aux/gzip/oracle 7
INFO     testing         output code: 1
INFO     testing         running test '8' of validation source
DEBUG    testing         ANGELIX_WORKDIR: /angelix-experiments/.angelix
DEBUG    testing         ANGELIX_TEST_ID: 8
DEBUG    testing         cwd: /angelix-experiments/.angelix/validation
DEBUG    testing         run: /angelix-experiments/.aux/gzip/oracle 8
INFO     testing         output code: 1
INFO     testing         running test '9' of validation source
DEBUG    testing         ANGELIX_WORKDIR: /angelix-experiments/.angelix
DEBUG    testing         ANGELIX_TEST_ID: 9
DEBUG    testing         cwd: /angelix-experiments/.angelix/validation
DEBUG    testing         run: /angelix-experiments/.aux/gzip/oracle 9
INFO     testing         output code: 1
INFO     testing         running test '10' of validation source
DEBUG    testing         ANGELIX_WORKDIR: /angelix-experiments/.angelix
DEBUG    testing         ANGELIX_TEST_ID: 10
DEBUG    testing         cwd: /angelix-experiments/.angelix/validation
DEBUG    testing         run: /angelix-experiments/.aux/gzip/oracle 10
INFO     testing         output code: 1
INFO     testing         running test '11' of validation source
DEBUG    testing         ANGELIX_WORKDIR: /angelix-experiments/.angelix
DEBUG    testing         ANGELIX_TEST_ID: 11
DEBUG    testing         cwd: /angelix-experiments/.angelix/validation
DEBUG    testing         run: /angelix-experiments/.aux/gzip/oracle 11
INFO     testing         output code: 1
INFO     testing         running test '12' of validation source
DEBUG    testing         ANGELIX_WORKDIR: /angelix-experiments/.angelix
DEBUG    testing         ANGELIX_TEST_ID: 12
DEBUG    testing         cwd: /angelix-experiments/.angelix/validation
DEBUG    testing         run: /angelix-experiments/.aux/gzip/oracle 12
INFO     testing         output code: 1
INFO     testing         running test '13' of validation source
DEBUG    testing         ANGELIX_WORKDIR: /angelix-experiments/.angelix
DEBUG    testing         ANGELIX_TEST_ID: 13
DEBUG    testing         cwd: /angelix-experiments/.angelix/validation
DEBUG    testing         run: /angelix-experiments/.aux/gzip/oracle 13
INFO     testing         output code: 1
INFO     project         configuring golden source
DEBUG    project         configure_cmd: /angelix-experiments/.aux/gzip/configure
INFO     project         building golden source
DEBUG    project         CC: angelix-compiler --klee
DEBUG    project         cmd: /angelix-experiments/.aux/gzip/build
INFO     testing         running test '1' of golden source
DEBUG    testing         ANGELIX_WORKDIR: /angelix-experiments/.angelix
DEBUG    testing         ANGELIX_TEST_ID: 1
DEBUG    testing         cwd: /angelix-experiments/.angelix/golden
DEBUG    testing         run: /angelix-experiments/.aux/gzip/oracle 1
INFO     testing         output code: 1
INFO     testing         running test '2' of golden source
DEBUG    testing         ANGELIX_WORKDIR: /angelix-experiments/.angelix
DEBUG    testing         ANGELIX_TEST_ID: 2
DEBUG    testing         cwd: /angelix-experiments/.angelix/golden
DEBUG    testing         run: /angelix-experiments/.aux/gzip/oracle 2
INFO     testing         output code: 1
INFO     testing         running test '3' of golden source
DEBUG    testing         ANGELIX_WORKDIR: /angelix-experiments/.angelix
DEBUG    testing         ANGELIX_TEST_ID: 3
DEBUG    testing         cwd: /angelix-experiments/.angelix/golden
DEBUG    testing         run: /angelix-experiments/.aux/gzip/oracle 3
INFO     testing         output code: 0
INFO     testing         running test '5' of golden source
DEBUG    testing         ANGELIX_WORKDIR: /angelix-experiments/.angelix
DEBUG    testing         ANGELIX_TEST_ID: 5
DEBUG    testing         cwd: /angelix-experiments/.angelix/golden
DEBUG    testing         run: /angelix-experiments/.aux/gzip/oracle 5
INFO     testing         output code: 1
INFO     testing         running test '7' of golden source
DEBUG    testing         ANGELIX_WORKDIR: /angelix-experiments/.angelix
DEBUG    testing         ANGELIX_TEST_ID: 7
DEBUG    testing         cwd: /angelix-experiments/.angelix/golden
DEBUG    testing         run: /angelix-experiments/.aux/gzip/oracle 7
INFO     testing         output code: 1
INFO     testing         running test '8' of golden source
DEBUG    testing         ANGELIX_WORKDIR: /angelix-experiments/.angelix
DEBUG    testing         ANGELIX_TEST_ID: 8
DEBUG    testing         cwd: /angelix-experiments/.angelix/golden
DEBUG    testing         run: /angelix-experiments/.aux/gzip/oracle 8
INFO     testing         output code: 1
INFO     testing         running test '9' of golden source
DEBUG    testing         ANGELIX_WORKDIR: /angelix-experiments/.angelix
DEBUG    testing         ANGELIX_TEST_ID: 9
DEBUG    testing         cwd: /angelix-experiments/.angelix/golden
DEBUG    testing         run: /angelix-experiments/.aux/gzip/oracle 9
INFO     testing         output code: 1
INFO     testing         running test '10' of golden source
DEBUG    testing         ANGELIX_WORKDIR: /angelix-experiments/.angelix
DEBUG    testing         ANGELIX_TEST_ID: 10
DEBUG    testing         cwd: /angelix-experiments/.angelix/golden
DEBUG    testing         run: /angelix-experiments/.aux/gzip/oracle 10
INFO     testing         output code: 1
INFO     testing         running test '11' of golden source
DEBUG    testing         ANGELIX_WORKDIR: /angelix-experiments/.angelix
DEBUG    testing         ANGELIX_TEST_ID: 11
DEBUG    testing         cwd: /angelix-experiments/.angelix/golden
DEBUG    testing         run: /angelix-experiments/.aux/gzip/oracle 11
INFO     testing         output code: 1
INFO     testing         running test '12' of golden source
DEBUG    testing         ANGELIX_WORKDIR: /angelix-experiments/.angelix
DEBUG    testing         ANGELIX_TEST_ID: 12
DEBUG    testing         cwd: /angelix-experiments/.angelix/golden
DEBUG    testing         run: /angelix-experiments/.aux/gzip/oracle 12
INFO     testing         output code: 1
INFO     testing         running test '13' of golden source
DEBUG    testing         ANGELIX_WORKDIR: /angelix-experiments/.angelix
DEBUG    testing         ANGELIX_TEST_ID: 13
DEBUG    testing         cwd: /angelix-experiments/.angelix/golden
DEBUG    testing         run: /angelix-experiments/.aux/gzip/oracle 13
INFO     testing         output code: 1
WARNING  repair          excluding test 1 because it fails in golden version
WARNING  repair          excluding test 2 because it fails in golden version
WARNING  repair          excluding test 5 because it fails in golden version
WARNING  repair          excluding test 7 because it fails in golden version
WARNING  repair          excluding test 8 because it fails in golden version
WARNING  repair          excluding test 9 because it fails in golden version
WARNING  repair          excluding test 10 because it fails in golden version
WARNING  repair          excluding test 11 because it fails in golden version
WARNING  repair          excluding test 12 because it fails in golden version
WARNING  repair          excluding test 13 because it fails in golden version
INFO     repair          positive: ['4', '6']
INFO     repair          negative: ['3']
INFO     project         configuring frontend source
DEBUG    project         configure_cmd: /angelix-experiments/.aux/gzip/configure
INFO     transformation  instrumenting repairable of frontend source
DEBUG    transformation  ANGELIX_ASSIGNMENTS_DEFECT_CLASS=YES
DEBUG    transformation  ANGELIX_USED_VARIABLES=YES
DEBUG    transformation  trans dir: /angelix-experiments/.angelix/frontend
DEBUG    transformation  trans cmd: instrument-repairable inflate.c
INFO     project         building frontend source
DEBUG    project         CC: angelix-compiler --klee
DEBUG    project         cmd: /angelix-experiments/.aux/gzip/build
INFO     repair          running positive tests for debugging
INFO     testing         running test '4' of frontend source
DEBUG    testing         ANGELIX_WITH_DUMPING: /angelix-experiments/.angelix/dump/4
DEBUG    testing         ANGELIX_WITH_TRACING: /angelix-experiments/.angelix/trace/4
DEBUG    testing         ANGELIX_RUN: angelix-run-test
DEBUG    testing         ANGELIX_WORKDIR: /angelix-experiments/.angelix
DEBUG    testing         ANGELIX_TEST_ID: 4
DEBUG    testing         cwd: /angelix-experiments/.angelix/frontend
DEBUG    testing         run: /angelix-experiments/.aux/gzip/oracle 4
INFO     testing         output code: 0
WARNING  testing         ANGELIX_RUN is not executed by test 4
DEBUG    repair          remove 4 from repair test suite (not instrumented)
INFO     testing         running test '6' of frontend source
DEBUG    testing         ANGELIX_WITH_DUMPING: /angelix-experiments/.angelix/dump/6
DEBUG    testing         ANGELIX_WITH_TRACING: /angelix-experiments/.angelix/trace/6
DEBUG    testing         ANGELIX_RUN: angelix-run-test
DEBUG    testing         ANGELIX_WORKDIR: /angelix-experiments/.angelix
DEBUG    testing         ANGELIX_TEST_ID: 6
DEBUG    testing         cwd: /angelix-experiments/.angelix/frontend
DEBUG    testing         run: /angelix-experiments/.aux/gzip/oracle 6
INFO     testing         output code: 0
INFO     repair          running negative tests for debugging
INFO     testing         running test '3' of frontend source
DEBUG    testing         ANGELIX_WITH_TRACING: /angelix-experiments/.angelix/trace/3
DEBUG    testing         ANGELIX_RUN: angelix-run-test
DEBUG    testing         ANGELIX_WORKDIR: /angelix-experiments/.angelix
DEBUG    testing         ANGELIX_TEST_ID: 3
DEBUG    testing         cwd: /angelix-experiments/.angelix/frontend
DEBUG    testing         run: /angelix-experiments/.aux/gzip/oracle 3
INFO     testing         output code: 1
INFO     project         configuring golden source
DEBUG    project         configure_cmd: /angelix-experiments/.aux/gzip/configure
INFO     project         building golden source
DEBUG    project         CC: angelix-compiler --klee
DEBUG    project         cmd: /angelix-experiments/.aux/gzip/build
INFO     testing         running test '3' of golden source
DEBUG    testing         ANGELIX_WITH_DUMPING: /angelix-experiments/.angelix/dump/3
DEBUG    testing         ANGELIX_RUN: angelix-run-test
DEBUG    testing         ANGELIX_WORKDIR: /angelix-experiments/.angelix
DEBUG    testing         ANGELIX_TEST_ID: 3
DEBUG    testing         cwd: /angelix-experiments/.angelix/golden
DEBUG    testing         run: /angelix-experiments/.aux/gzip/oracle 3
INFO     testing         output code: 0
INFO     repair          repair test suite: ['3', '6']
INFO     repair          validation test suite: ['3', '4', '6']
DEBUG    runtime         parse /angelix-experiments/.angelix/trace/4
DEBUG    runtime         parse /angelix-experiments/.angelix/trace/6
DEBUG    runtime         parse /angelix-experiments/.angelix/trace/3
DEBUG    localization    executed_positive: {('A', (460, 15, 460, 15)): 0, ('A', (760, 7, 760, 7)): 0, ('A', (536, 7, 536, 7)): 0, ('A', (759, 7, 759, 7)): 0, ('A', (386, 15, 386, 15)): 0, ('A', (341, 14, 341, 14)): 0, ('A', (964, 7, 964, 7)): 0, ('A', (356, 7, 356, 7)): 0, ('A', (374, 11, 374, 11)): 0, ('A', (414, 14, 414, 14)): 0, ('A', (440, 18, 440, 22)): 0, ('A', (959, 8, 959, 8)): 0, ('A', (401, 7, 401, 7)): 0, ('A', (391, 7, 391, 10)): 0, ('A', (966, 13, 966, 13)): 0, ('A', (389, 19, 389, 19)): 0, ('A', (537, 7, 537, 7)): 0, ('A', (914, 7, 914, 7)): 0, ('A', (958, 8, 958, 8)): 0, ('A', (814, 9, 814, 15)): 0, ('A', (362, 7, 362, 7)): 0, ('A', (806, 7, 806, 12)): 0, ('A', (343, 14, 343, 14)): 0, ('A', (857, 8, 857, 8)): 0, ('A', (871, 8, 871, 8)): 0, ('A', (344, 14, 344, 14)): 0, ('A', (807, 7, 807, 19)): 0, ('A', (912, 7, 912, 7)): 0, ('A', (960, 8, 960, 8)): 0, ('A', (538, 7, 538, 7)): 0, ('A', (794, 8, 794, 8)): 0, ('A', (858, 8, 858, 8)): 0, ('A', (542, 8, 542, 20)): 0, ('A', (551, 14, 551, 14)): 0, ('A', (761, 7, 761, 7)): 0, ('A', (329, 15, 329, 15)): 0, ('A', (930, 8, 930, 8)): 0, ('A', (364, 9, 364, 9)): 0, ('A', (862, 8, 862, 8)): 0, ('A', (541, 8, 541, 20)): 0, ('A', (406, 9, 406, 12)): 0, ('A', (931, 8, 931, 8)): 0, ('A', (913, 7, 913, 7)): 0}
DEBUG    localization    executed_negative: {('A', (460, 15, 460, 15)): 1, ('A', (760, 7, 760, 7)): 1, ('A', (536, 7, 536, 7)): 1, ('A', (759, 7, 759, 7)): 1, ('A', (386, 15, 386, 15)): 1, ('A', (341, 14, 341, 14)): 1, ('A', (964, 7, 964, 7)): 1, ('A', (356, 7, 356, 7)): 1, ('A', (374, 11, 374, 11)): 1, ('A', (414, 14, 414, 14)): 1, ('A', (440, 18, 440, 22)): 1, ('A', (959, 8, 959, 8)): 1, ('A', (401, 7, 401, 7)): 1, ('A', (391, 7, 391, 10)): 1, ('A', (966, 13, 966, 13)): 1, ('A', (389, 19, 389, 19)): 1, ('A', (537, 7, 537, 7)): 1, ('A', (914, 7, 914, 7)): 1, ('A', (958, 8, 958, 8)): 1, ('A', (814, 9, 814, 15)): 1, ('A', (362, 7, 362, 7)): 1, ('A', (806, 7, 806, 12)): 1, ('A', (343, 14, 343, 14)): 1, ('A', (857, 8, 857, 8)): 1, ('A', (871, 8, 871, 8)): 1, ('A', (344, 14, 344, 14)): 1, ('A', (807, 7, 807, 19)): 1, ('A', (912, 7, 912, 7)): 1, ('A', (960, 8, 960, 8)): 1, ('A', (538, 7, 538, 7)): 1, ('A', (794, 8, 794, 8)): 1, ('A', (858, 8, 858, 8)): 1, ('A', (542, 8, 542, 20)): 1, ('A', (551, 14, 551, 14)): 1, ('A', (761, 7, 761, 7)): 1, ('A', (329, 15, 329, 15)): 1, ('A', (930, 8, 930, 8)): 1, ('A', (364, 9, 364, 9)): 1, ('A', (862, 8, 862, 8)): 1, ('A', (541, 8, 541, 20)): 1, ('A', (406, 9, 406, 12)): 1, ('A', (931, 8, 931, 8)): 1, ('A', (913, 7, 913, 7)): 1}
DEBUG    localization    total_passing: 2
DEBUG    localization    total_failing: 1
DEBUG    localization    all: {('A', (460, 15, 460, 15)), ('A', (760, 7, 760, 7)), ('A', (536, 7, 536, 7)), ('A', (759, 7, 759, 7)), ('A', (386, 15, 386, 15)), ('A', (341, 14, 341, 14)), ('A', (964, 7, 964, 7)), ('A', (356, 7, 356, 7)), ('A', (374, 11, 374, 11)), ('A', (414, 14, 414, 14)), ('A', (440, 18, 440, 22)), ('A', (959, 8, 959, 8)), ('A', (401, 7, 401, 7)), ('A', (391, 7, 391, 10)), ('A', (966, 13, 966, 13)), ('A', (389, 19, 389, 19)), ('A', (537, 7, 537, 7)), ('A', (914, 7, 914, 7)), ('A', (958, 8, 958, 8)), ('A', (814, 9, 814, 15)), ('A', (362, 7, 362, 7)), ('A', (806, 7, 806, 12)), ('A', (343, 14, 343, 14)), ('A', (857, 8, 857, 8)), ('A', (871, 8, 871, 8)), ('A', (344, 14, 344, 14)), ('A', (807, 7, 807, 19)), ('A', (912, 7, 912, 7)), ('A', (960, 8, 960, 8)), ('A', (538, 7, 538, 7)), ('A', (794, 8, 794, 8)), ('A', (858, 8, 858, 8)), ('A', (542, 8, 542, 20)), ('A', (551, 14, 551, 14)), ('A', (761, 7, 761, 7)), ('A', (329, 15, 329, 15)), ('A', (930, 8, 930, 8)), ('A', (364, 9, 364, 9)), ('A', (862, 8, 862, 8)), ('A', (541, 8, 541, 20)), ('A', (406, 9, 406, 12)), ('A', (931, 8, 931, 8)), ('A', (913, 7, 913, 7))}
DEBUG    localization    executed_positive: 0
DEBUG    localization    executed_negative: 1
DEBUG    localization    (loc, score) = (('A', (460, 15, 460, 15)), 1.0)
DEBUG    localization    executed_positive: 0
DEBUG    localization    executed_negative: 1
DEBUG    localization    (loc, score) = (('A', (760, 7, 760, 7)), 1.0)
DEBUG    localization    executed_positive: 0
DEBUG    localization    executed_negative: 1
DEBUG    localization    (loc, score) = (('A', (536, 7, 536, 7)), 1.0)
DEBUG    localization    executed_positive: 0
DEBUG    localization    executed_negative: 1
DEBUG    localization    (loc, score) = (('A', (759, 7, 759, 7)), 1.0)
DEBUG    localization    executed_positive: 0
DEBUG    localization    executed_negative: 1
DEBUG    localization    (loc, score) = (('A', (386, 15, 386, 15)), 1.0)
DEBUG    localization    executed_positive: 0
DEBUG    localization    executed_negative: 1
DEBUG    localization    (loc, score) = (('A', (341, 14, 341, 14)), 1.0)
DEBUG    localization    executed_positive: 0
DEBUG    localization    executed_negative: 1
DEBUG    localization    (loc, score) = (('A', (964, 7, 964, 7)), 1.0)
DEBUG    localization    executed_positive: 0
DEBUG    localization    executed_negative: 1
DEBUG    localization    (loc, score) = (('A', (356, 7, 356, 7)), 1.0)
DEBUG    localization    executed_positive: 0
DEBUG    localization    executed_negative: 1
DEBUG    localization    (loc, score) = (('A', (374, 11, 374, 11)), 1.0)
DEBUG    localization    executed_positive: 0
DEBUG    localization    executed_negative: 1
DEBUG    localization    (loc, score) = (('A', (414, 14, 414, 14)), 1.0)
DEBUG    localization    executed_positive: 0
DEBUG    localization    executed_negative: 1
DEBUG    localization    (loc, score) = (('A', (440, 18, 440, 22)), 1.0)
DEBUG    localization    executed_positive: 0
DEBUG    localization    executed_negative: 1
DEBUG    localization    (loc, score) = (('A', (959, 8, 959, 8)), 1.0)
DEBUG    localization    executed_positive: 0
DEBUG    localization    executed_negative: 1
DEBUG    localization    (loc, score) = (('A', (401, 7, 401, 7)), 1.0)
DEBUG    localization    executed_positive: 0
DEBUG    localization    executed_negative: 1
DEBUG    localization    (loc, score) = (('A', (391, 7, 391, 10)), 1.0)
DEBUG    localization    executed_positive: 0
DEBUG    localization    executed_negative: 1
DEBUG    localization    (loc, score) = (('A', (966, 13, 966, 13)), 1.0)
DEBUG    localization    executed_positive: 0
DEBUG    localization    executed_negative: 1
DEBUG    localization    (loc, score) = (('A', (389, 19, 389, 19)), 1.0)
DEBUG    localization    executed_positive: 0
DEBUG    localization    executed_negative: 1
DEBUG    localization    (loc, score) = (('A', (537, 7, 537, 7)), 1.0)
DEBUG    localization    executed_positive: 0
DEBUG    localization    executed_negative: 1
DEBUG    localization    (loc, score) = (('A', (914, 7, 914, 7)), 1.0)
DEBUG    localization    executed_positive: 0
DEBUG    localization    executed_negative: 1
DEBUG    localization    (loc, score) = (('A', (958, 8, 958, 8)), 1.0)
DEBUG    localization    executed_positive: 0
DEBUG    localization    executed_negative: 1
DEBUG    localization    (loc, score) = (('A', (814, 9, 814, 15)), 1.0)
DEBUG    localization    executed_positive: 0
DEBUG    localization    executed_negative: 1
DEBUG    localization    (loc, score) = (('A', (362, 7, 362, 7)), 1.0)
DEBUG    localization    executed_positive: 0
DEBUG    localization    executed_negative: 1
DEBUG    localization    (loc, score) = (('A', (806, 7, 806, 12)), 1.0)
DEBUG    localization    executed_positive: 0
DEBUG    localization    executed_negative: 1
DEBUG    localization    (loc, score) = (('A', (343, 14, 343, 14)), 1.0)
DEBUG    localization    executed_positive: 0
DEBUG    localization    executed_negative: 1
DEBUG    localization    (loc, score) = (('A', (857, 8, 857, 8)), 1.0)
DEBUG    localization    executed_positive: 0
DEBUG    localization    executed_negative: 1
DEBUG    localization    (loc, score) = (('A', (871, 8, 871, 8)), 1.0)
DEBUG    localization    executed_positive: 0
DEBUG    localization    executed_negative: 1
DEBUG    localization    (loc, score) = (('A', (344, 14, 344, 14)), 1.0)
DEBUG    localization    executed_positive: 0
DEBUG    localization    executed_negative: 1
DEBUG    localization    (loc, score) = (('A', (807, 7, 807, 19)), 1.0)
DEBUG    localization    executed_positive: 0
DEBUG    localization    executed_negative: 1
DEBUG    localization    (loc, score) = (('A', (912, 7, 912, 7)), 1.0)
DEBUG    localization    executed_positive: 0
DEBUG    localization    executed_negative: 1
DEBUG    localization    (loc, score) = (('A', (960, 8, 960, 8)), 1.0)
DEBUG    localization    executed_positive: 0
DEBUG    localization    executed_negative: 1
DEBUG    localization    (loc, score) = (('A', (538, 7, 538, 7)), 1.0)
DEBUG    localization    executed_positive: 0
DEBUG    localization    executed_negative: 1
DEBUG    localization    (loc, score) = (('A', (794, 8, 794, 8)), 1.0)
DEBUG    localization    executed_positive: 0
DEBUG    localization    executed_negative: 1
DEBUG    localization    (loc, score) = (('A', (858, 8, 858, 8)), 1.0)
DEBUG    localization    executed_positive: 0
DEBUG    localization    executed_negative: 1
DEBUG    localization    (loc, score) = (('A', (542, 8, 542, 20)), 1.0)
DEBUG    localization    executed_positive: 0
DEBUG    localization    executed_negative: 1
DEBUG    localization    (loc, score) = (('A', (551, 14, 551, 14)), 1.0)
DEBUG    localization    executed_positive: 0
DEBUG    localization    executed_negative: 1
DEBUG    localization    (loc, score) = (('A', (761, 7, 761, 7)), 1.0)
DEBUG    localization    executed_positive: 0
DEBUG    localization    executed_negative: 1
DEBUG    localization    (loc, score) = (('A', (329, 15, 329, 15)), 1.0)
DEBUG    localization    executed_positive: 0
DEBUG    localization    executed_negative: 1
DEBUG    localization    (loc, score) = (('A', (930, 8, 930, 8)), 1.0)
DEBUG    localization    executed_positive: 0
DEBUG    localization    executed_negative: 1
DEBUG    localization    (loc, score) = (('A', (364, 9, 364, 9)), 1.0)
DEBUG    localization    executed_positive: 0
DEBUG    localization    executed_negative: 1
DEBUG    localization    (loc, score) = (('A', (862, 8, 862, 8)), 1.0)
DEBUG    localization    executed_positive: 0
DEBUG    localization    executed_negative: 1
DEBUG    localization    (loc, score) = (('A', (541, 8, 541, 20)), 1.0)
DEBUG    localization    executed_positive: 0
DEBUG    localization    executed_negative: 1
DEBUG    localization    (loc, score) = (('A', (406, 9, 406, 12)), 1.0)
DEBUG    localization    executed_positive: 0
DEBUG    localization    executed_negative: 1
DEBUG    localization    (loc, score) = (('A', (931, 8, 931, 8)), 1.0)
DEBUG    localization    executed_positive: 0
DEBUG    localization    executed_negative: 1
DEBUG    localization    (loc, score) = (('A', (913, 7, 913, 7)), 1.0)
DEBUG    localization    ranking: [(('A', (460, 15, 460, 15)), 1.0), (('A', (760, 7, 760, 7)), 1.0), (('A', (536, 7, 536, 7)), 1.0), (('A', (759, 7, 759, 7)), 1.0), (('A', (386, 15, 386, 15)), 1.0), (('A', (341, 14, 341, 14)), 1.0), (('A', (964, 7, 964, 7)), 1.0), (('A', (356, 7, 356, 7)), 1.0), (('A', (374, 11, 374, 11)), 1.0), (('A', (414, 14, 414, 14)), 1.0), (('A', (440, 18, 440, 22)), 1.0), (('A', (959, 8, 959, 8)), 1.0), (('A', (401, 7, 401, 7)), 1.0), (('A', (391, 7, 391, 10)), 1.0), (('A', (966, 13, 966, 13)), 1.0), (('A', (389, 19, 389, 19)), 1.0), (('A', (537, 7, 537, 7)), 1.0), (('A', (914, 7, 914, 7)), 1.0), (('A', (958, 8, 958, 8)), 1.0), (('A', (814, 9, 814, 15)), 1.0), (('A', (362, 7, 362, 7)), 1.0), (('A', (806, 7, 806, 12)), 1.0), (('A', (343, 14, 343, 14)), 1.0), (('A', (857, 8, 857, 8)), 1.0), (('A', (871, 8, 871, 8)), 1.0), (('A', (344, 14, 344, 14)), 1.0), (('A', (807, 7, 807, 19)), 1.0), (('A', (912, 7, 912, 7)), 1.0), (('A', (960, 8, 960, 8)), 1.0), (('A', (538, 7, 538, 7)), 1.0), (('A', (794, 8, 794, 8)), 1.0), (('A', (858, 8, 858, 8)), 1.0), (('A', (542, 8, 542, 20)), 1.0), (('A', (551, 14, 551, 14)), 1.0), (('A', (761, 7, 761, 7)), 1.0), (('A', (329, 15, 329, 15)), 1.0), (('A', (930, 8, 930, 8)), 1.0), (('A', (364, 9, 364, 9)), 1.0), (('A', (862, 8, 862, 8)), 1.0), (('A', (541, 8, 541, 20)), 1.0), (('A', (406, 9, 406, 12)), 1.0), (('A', (931, 8, 931, 8)), 1.0), (('A', (913, 7, 913, 7)), 1.0)]
INFO     localization    (loc, score) = (('A', (460, 15, 460, 15)), 1.0)
INFO     localization    (loc, score) = (('A', (760, 7, 760, 7)), 1.0)
INFO     localization    (loc, score) = (('A', (536, 7, 536, 7)), 1.0)
INFO     localization    (loc, score) = (('A', (759, 7, 759, 7)), 1.0)
INFO     localization    (loc, score) = (('A', (386, 15, 386, 15)), 1.0)
INFO     localization    (loc, score) = (('A', (341, 14, 341, 14)), 1.0)
INFO     localization    (loc, score) = (('A', (964, 7, 964, 7)), 1.0)
INFO     localization    (loc, score) = (('A', (356, 7, 356, 7)), 1.0)
INFO     localization    (loc, score) = (('A', (374, 11, 374, 11)), 1.0)
INFO     localization    (loc, score) = (('A', (414, 14, 414, 14)), 1.0)
INFO     localization    (loc, score) = (('A', (440, 18, 440, 22)), 1.0)
INFO     localization    (loc, score) = (('A', (959, 8, 959, 8)), 1.0)
INFO     localization    (loc, score) = (('A', (401, 7, 401, 7)), 1.0)
INFO     localization    (loc, score) = (('A', (391, 7, 391, 10)), 1.0)
INFO     localization    (loc, score) = (('A', (966, 13, 966, 13)), 1.0)
INFO     localization    (loc, score) = (('A', (389, 19, 389, 19)), 1.0)
INFO     localization    (loc, score) = (('A', (537, 7, 537, 7)), 1.0)
INFO     localization    (loc, score) = (('A', (914, 7, 914, 7)), 1.0)
INFO     localization    (loc, score) = (('A', (958, 8, 958, 8)), 1.0)
INFO     localization    (loc, score) = (('A', (814, 9, 814, 15)), 1.0)
INFO     localization    (loc, score) = (('A', (362, 7, 362, 7)), 1.0)
INFO     localization    (loc, score) = (('A', (806, 7, 806, 12)), 1.0)
INFO     localization    (loc, score) = (('A', (343, 14, 343, 14)), 1.0)
INFO     localization    (loc, score) = (('A', (857, 8, 857, 8)), 1.0)
INFO     localization    (loc, score) = (('A', (871, 8, 871, 8)), 1.0)
INFO     localization    (loc, score) = (('A', (344, 14, 344, 14)), 1.0)
INFO     localization    (loc, score) = (('A', (807, 7, 807, 19)), 1.0)
INFO     localization    (loc, score) = (('A', (912, 7, 912, 7)), 1.0)
INFO     localization    (loc, score) = (('A', (960, 8, 960, 8)), 1.0)
INFO     localization    (loc, score) = (('A', (538, 7, 538, 7)), 1.0)
INFO     localization    (loc, score) = (('A', (794, 8, 794, 8)), 1.0)
INFO     localization    (loc, score) = (('A', (858, 8, 858, 8)), 1.0)
INFO     localization    (loc, score) = (('A', (542, 8, 542, 20)), 1.0)
INFO     localization    (loc, score) = (('A', (551, 14, 551, 14)), 1.0)
INFO     localization    (loc, score) = (('A', (761, 7, 761, 7)), 1.0)
INFO     localization    (loc, score) = (('A', (329, 15, 329, 15)), 1.0)
INFO     localization    (loc, score) = (('A', (930, 8, 930, 8)), 1.0)
INFO     localization    (loc, score) = (('A', (364, 9, 364, 9)), 1.0)
INFO     localization    (loc, score) = (('A', (862, 8, 862, 8)), 1.0)
INFO     localization    (loc, score) = (('A', (541, 8, 541, 20)), 1.0)
INFO     localization    (loc, score) = (('A', (406, 9, 406, 12)), 1.0)
INFO     localization    (loc, score) = (('A', (931, 8, 931, 8)), 1.0)
INFO     localization    (loc, score) = (('A', (913, 7, 913, 7)), 1.0)
DEBUG    localization    top: [(('A', (329, 15, 329, 15)), 1.0), (('A', (341, 14, 341, 14)), 1.0), (('A', (343, 14, 343, 14)), 1.0), (('A', (344, 14, 344, 14)), 1.0), (('A', (356, 7, 356, 7)), 1.0), (('A', (362, 7, 362, 7)), 1.0), (('A', (364, 9, 364, 9)), 1.0), (('A', (374, 11, 374, 11)), 1.0), (('A', (386, 15, 386, 15)), 1.0), (('A', (389, 19, 389, 19)), 1.0), (('A', (391, 7, 391, 10)), 1.0), (('A', (401, 7, 401, 7)), 1.0), (('A', (406, 9, 406, 12)), 1.0), (('A', (414, 14, 414, 14)), 1.0), (('A', (440, 18, 440, 22)), 1.0), (('A', (460, 15, 460, 15)), 1.0), (('A', (536, 7, 536, 7)), 1.0), (('A', (537, 7, 537, 7)), 1.0), (('A', (538, 7, 538, 7)), 1.0), (('A', (541, 8, 541, 20)), 1.0), (('A', (542, 8, 542, 20)), 1.0), (('A', (551, 14, 551, 14)), 1.0), (('A', (759, 7, 759, 7)), 1.0), (('A', (760, 7, 760, 7)), 1.0), (('A', (761, 7, 761, 7)), 1.0), (('A', (794, 8, 794, 8)), 1.0), (('A', (806, 7, 806, 12)), 1.0), (('A', (807, 7, 807, 19)), 1.0), (('A', (814, 9, 814, 15)), 1.0), (('A', (857, 8, 857, 8)), 1.0), (('A', (858, 8, 858, 8)), 1.0), (('A', (862, 8, 862, 8)), 1.0), (('A', (871, 8, 871, 8)), 1.0), (('A', (912, 7, 912, 7)), 1.0), (('A', (913, 7, 913, 7)), 1.0), (('A', (914, 7, 914, 7)), 1.0), (('A', (930, 8, 930, 8)), 1.0), (('A', (931, 8, 931, 8)), 1.0), (('A', (958, 8, 958, 8)), 1.0), (('A', (959, 8, 959, 8)), 1.0), (('A', (960, 8, 960, 8)), 1.0), (('A', (964, 7, 964, 7)), 1.0), (('A', (966, 13, 966, 13)), 1.0)]
INFO     localization    group 1: [('A', (329, 15, 329, 15))] (1.0)
INFO     localization    group 2: [('A', (341, 14, 341, 14))] (1.0)
INFO     localization    group 3: [('A', (343, 14, 343, 14))] (1.0)
INFO     localization    group 4: [('A', (344, 14, 344, 14))] (1.0)
INFO     localization    group 5: [('A', (356, 7, 356, 7))] (1.0)
INFO     localization    group 6: [('A', (362, 7, 362, 7))] (1.0)
INFO     localization    group 7: [('A', (364, 9, 364, 9))] (1.0)
INFO     localization    group 8: [('A', (374, 11, 374, 11))] (1.0)
INFO     localization    group 9: [('A', (386, 15, 386, 15))] (1.0)
INFO     localization    group 10: [('A', (389, 19, 389, 19))] (1.0)
INFO     localization    group 11: [('A', (391, 7, 391, 10))] (1.0)
INFO     localization    group 12: [('A', (401, 7, 401, 7))] (1.0)
INFO     localization    group 13: [('A', (406, 9, 406, 12))] (1.0)
INFO     localization    group 14: [('A', (414, 14, 414, 14))] (1.0)
INFO     localization    group 15: [('A', (440, 18, 440, 22))] (1.0)
INFO     localization    group 16: [('A', (460, 15, 460, 15))] (1.0)
INFO     localization    group 17: [('A', (536, 7, 536, 7))] (1.0)
INFO     localization    group 18: [('A', (537, 7, 537, 7))] (1.0)
INFO     localization    group 19: [('A', (538, 7, 538, 7))] (1.0)
INFO     localization    group 20: [('A', (541, 8, 541, 20))] (1.0)
INFO     localization    group 21: [('A', (542, 8, 542, 20))] (1.0)
INFO     localization    group 22: [('A', (551, 14, 551, 14))] (1.0)
INFO     localization    group 23: [('A', (759, 7, 759, 7))] (1.0)
INFO     localization    group 24: [('A', (760, 7, 760, 7))] (1.0)
INFO     localization    group 25: [('A', (761, 7, 761, 7))] (1.0)
INFO     localization    group 26: [('A', (794, 8, 794, 8))] (1.0)
INFO     localization    group 27: [('A', (806, 7, 806, 12))] (1.0)
INFO     localization    group 28: [('A', (807, 7, 807, 19))] (1.0)
INFO     localization    group 29: [('A', (814, 9, 814, 15))] (1.0)
INFO     localization    group 30: [('A', (857, 8, 857, 8))] (1.0)
INFO     localization    group 31: [('A', (858, 8, 858, 8))] (1.0)
INFO     localization    group 32: [('A', (862, 8, 862, 8))] (1.0)
INFO     localization    group 33: [('A', (871, 8, 871, 8))] (1.0)
INFO     localization    group 34: [('A', (912, 7, 912, 7))] (1.0)
INFO     localization    group 35: [('A', (913, 7, 913, 7))] (1.0)
INFO     localization    group 36: [('A', (914, 7, 914, 7))] (1.0)
INFO     localization    group 37: [('A', (930, 8, 930, 8))] (1.0)
INFO     localization    group 38: [('A', (931, 8, 931, 8))] (1.0)
INFO     localization    group 39: [('A', (958, 8, 958, 8))] (1.0)
INFO     localization    group 40: [('A', (959, 8, 959, 8))] (1.0)
INFO     localization    group 41: [('A', (960, 8, 960, 8))] (1.0)
INFO     localization    group 42: [('A', (964, 7, 964, 7))] (1.0)
INFO     localization    group 43: [('A', (966, 13, 966, 13))] (1.0)
INFO     localization    selected expressions [('A', (329, 15, 329, 15))] with group score 1.0 
INFO     localization    selected expressions [('A', (341, 14, 341, 14))] with group score 1.0 
INFO     localization    selected expressions [('A', (343, 14, 343, 14))] with group score 1.0 
INFO     localization    selected expressions [('A', (344, 14, 344, 14))] with group score 1.0 
INFO     localization    selected expressions [('A', (356, 7, 356, 7))] with group score 1.0 
INFO     localization    selected expressions [('A', (362, 7, 362, 7))] with group score 1.0 
INFO     localization    selected expressions [('A', (364, 9, 364, 9))] with group score 1.0 
INFO     localization    selected expressions [('A', (374, 11, 374, 11))] with group score 1.0 
INFO     localization    selected expressions [('A', (386, 15, 386, 15))] with group score 1.0 
INFO     localization    selected expressions [('A', (389, 19, 389, 19))] with group score 1.0 
INFO     localization    selected expressions [('A', (391, 7, 391, 10))] with group score 1.0 
INFO     localization    selected expressions [('A', (401, 7, 401, 7))] with group score 1.0 
INFO     localization    selected expressions [('A', (406, 9, 406, 12))] with group score 1.0 
INFO     localization    selected expressions [('A', (414, 14, 414, 14))] with group score 1.0 
INFO     localization    selected expressions [('A', (440, 18, 440, 22))] with group score 1.0 
INFO     localization    selected expressions [('A', (460, 15, 460, 15))] with group score 1.0 
INFO     localization    selected expressions [('A', (536, 7, 536, 7))] with group score 1.0 
INFO     localization    selected expressions [('A', (537, 7, 537, 7))] with group score 1.0 
INFO     localization    selected expressions [('A', (538, 7, 538, 7))] with group score 1.0 
INFO     localization    selected expressions [('A', (541, 8, 541, 20))] with group score 1.0 
INFO     localization    selected expressions [('A', (542, 8, 542, 20))] with group score 1.0 
INFO     localization    selected expressions [('A', (551, 14, 551, 14))] with group score 1.0 
INFO     localization    selected expressions [('A', (759, 7, 759, 7))] with group score 1.0 
INFO     localization    selected expressions [('A', (760, 7, 760, 7))] with group score 1.0 
INFO     localization    selected expressions [('A', (761, 7, 761, 7))] with group score 1.0 
INFO     localization    selected expressions [('A', (794, 8, 794, 8))] with group score 1.0 
INFO     localization    selected expressions [('A', (806, 7, 806, 12))] with group score 1.0 
INFO     localization    selected expressions [('A', (807, 7, 807, 19))] with group score 1.0 
INFO     localization    selected expressions [('A', (814, 9, 814, 15))] with group score 1.0 
INFO     localization    selected expressions [('A', (857, 8, 857, 8))] with group score 1.0 
INFO     localization    selected expressions [('A', (858, 8, 858, 8))] with group score 1.0 
INFO     localization    selected expressions [('A', (862, 8, 862, 8))] with group score 1.0 
INFO     localization    selected expressions [('A', (871, 8, 871, 8))] with group score 1.0 
INFO     localization    selected expressions [('A', (912, 7, 912, 7))] with group score 1.0 
INFO     localization    selected expressions [('A', (913, 7, 913, 7))] with group score 1.0 
INFO     localization    selected expressions [('A', (914, 7, 914, 7))] with group score 1.0 
INFO     localization    selected expressions [('A', (930, 8, 930, 8))] with group score 1.0 
INFO     localization    selected expressions [('A', (931, 8, 931, 8))] with group score 1.0 
INFO     localization    selected expressions [('A', (958, 8, 958, 8))] with group score 1.0 
INFO     localization    selected expressions [('A', (959, 8, 959, 8))] with group score 1.0 
INFO     localization    selected expressions [('A', (960, 8, 960, 8))] with group score 1.0 
INFO     localization    selected expressions [('A', (964, 7, 964, 7))] with group score 1.0 
INFO     localization    selected expressions [('A', (966, 13, 966, 13))] with group score 1.0 
DEBUG    localization    groups: [[('A', (329, 15, 329, 15))], [('A', (341, 14, 341, 14))], [('A', (343, 14, 343, 14))], [('A', (344, 14, 344, 14))], [('A', (356, 7, 356, 7))], [('A', (362, 7, 362, 7))], [('A', (364, 9, 364, 9))], [('A', (374, 11, 374, 11))], [('A', (386, 15, 386, 15))], [('A', (389, 19, 389, 19))], [('A', (391, 7, 391, 10))], [('A', (401, 7, 401, 7))], [('A', (406, 9, 406, 12))], [('A', (414, 14, 414, 14))], [('A', (440, 18, 440, 22))], [('A', (460, 15, 460, 15))], [('A', (536, 7, 536, 7))], [('A', (537, 7, 537, 7))], [('A', (538, 7, 538, 7))], [('A', (541, 8, 541, 20))], [('A', (542, 8, 542, 20))], [('A', (551, 14, 551, 14))], [('A', (759, 7, 759, 7))], [('A', (760, 7, 760, 7))], [('A', (761, 7, 761, 7))], [('A', (794, 8, 794, 8))], [('A', (806, 7, 806, 12))], [('A', (807, 7, 807, 19))], [('A', (814, 9, 814, 15))], [('A', (857, 8, 857, 8))], [('A', (858, 8, 858, 8))], [('A', (862, 8, 862, 8))], [('A', (871, 8, 871, 8))], [('A', (912, 7, 912, 7))], [('A', (913, 7, 913, 7))], [('A', (914, 7, 914, 7))], [('A', (930, 8, 930, 8))], [('A', (931, 8, 931, 8))], [('A', (958, 8, 958, 8))], [('A', (959, 8, 959, 8))], [('A', (960, 8, 960, 8))], [('A', (964, 7, 964, 7))], [('A', (966, 13, 966, 13))]]
INFO     repair          considering suspicious locations [('A', (329, 15, 329, 15))]
INFO     reduction       all failing tests: ['3']
INFO     reduction       selected 2 tests
INFO     reduction       selected passing tests: ['6']
INFO     reduction       selected failing tests: ['3']
INFO     project         configuring backend source
DEBUG    project         configure_cmd: /angelix-experiments/.aux/gzip/configure
INFO     transformation  instrumenting suspicious of backend source
DEBUG    transformation  suspicious_file: /tmp/tmpb4wdmqfy/suspicious
DEBUG    transformation  locations: [('A', (329, 15, 329, 15))]
DEBUG    transformation  ANGELIX_EXTRACTED=/angelix-experiments/.angelix/extracted
DEBUG    transformation  ANGELIX_SUSPICIOUS=/tmp/tmpb4wdmqfy/suspicious
DEBUG    transformation  ANGELIX_ASSIGNMENTS_DEFECT_CLASS=YES
DEBUG    transformation  trans dir: /angelix-experiments/.angelix/backend
DEBUG    transformation  trans cmd: instrument-suspicious inflate.c
INFO     project         building backend source
DEBUG    project         CC: angelix-compiler --klee
DEBUG    project         cmd: /angelix-experiments/.aux/gzip/build
INFO     sym_infer       inferring specification for test '3' through KLEE
INFO     testing         running test '3' of backend source with KLEE
DEBUG    testing         KLEE_RUN_MODE: KLEE
DEBUG    testing         ANGELIX_RUN: angelix-run-klee
DEBUG    testing         ANGELIX_WORKDIR: /angelix-experiments/.angelix
DEBUG    testing         ANGELIX_TEST_ID: 3
DEBUG    testing         ANGELIX_SYMBOLIC_RUNTIME: ON
DEBUG    testing         cwd: /angelix-experiments/.angelix/backend
DEBUG    testing         run: /angelix-experiments/.aux/gzip/oracle 3
INFO     testing         output code: 1
INFO     sym_infer       checking whether /angelix-experiments/.angelix/backend/klee-out-0 exists...
DEBUG    sym_infer       smt_files: ['/angelix-experiments/.angelix/backend/klee-out-0/test000001.smt2', '/angelix-experiments/.angelix/backend/klee-out-0/test000002.smt2', '/angelix-experiments/.angelix/backend/klee-out-0/test000003.smt2']
DEBUG    sym_infer       dump: /angelix-experiments/.angelix/dump/3
DEBUG    sym_infer       vars: ['reachable']
DEBUG    sym_infer       oracle: {'reachable': []}
INFO     sym_infer       solving path .angelix/backend/klee-out-0/test000001.smt2
DEBUG    sym_infer       outputs: {}
DEBUG    sym_infer       choices: {(329, 15, 329, 15): ('int', 1, ['n'])}
DEBUG    sym_infer       constants: set()
DEBUG    sym_infer       reachable: set()
DEBUG    sym_infer       original_available: False
INFO     sym_infer       expression (329, 15, 329, 15)[0]: angelic = 16843009
DEBUG    sym_infer       angelic_path: {(329, 15, 329, 15): [(16843009, None, {'n': 19})]}
INFO     testing         running test '3' of frontend source
DEBUG    testing         ANGELIX_RUN: angelix-run-test
DEBUG    testing         ANGELIX_WITH_LOADING: /angelix-experiments/.angelix/load/3
DEBUG    testing         ANGELIX_WORKDIR: /angelix-experiments/.angelix
DEBUG    testing         ANGELIX_TEST_ID: 3
DEBUG    testing         cwd: /angelix-experiments/.angelix/frontend
DEBUG    testing         run: /angelix-experiments/.aux/gzip/oracle 3
INFO     testing         output code: 1
INFO     sym_infer       spurious angelic path
INFO     sym_infer       solving path .angelix/backend/klee-out-0/test000002.smt2
DEBUG    sym_infer       outputs: {}
DEBUG    sym_infer       choices: {(329, 15, 329, 15): ('int', 2, ['n'])}
DEBUG    sym_infer       constants: set()
DEBUG    sym_infer       reachable: set()
DEBUG    sym_infer       original_available: False
INFO     sym_infer       solving path .angelix/backend/klee-out-0/test000003.smt2
DEBUG    sym_infer       outputs: {}
DEBUG    sym_infer       choices: {(329, 15, 329, 15): ('int', 2, ['n'])}
DEBUG    sym_infer       constants: set()
DEBUG    sym_infer       reachable: set()
DEBUG    sym_infer       original_available: False
INFO     sym_infer       found 0 angelic paths for test '3'
INFO     repair          considering suspicious locations [('A', (341, 14, 341, 14))]
INFO     reduction       all failing tests: ['3']
INFO     reduction       selected 2 tests
INFO     reduction       selected passing tests: ['6']
INFO     reduction       selected failing tests: ['3']
INFO     project         configuring backend source
DEBUG    project         configure_cmd: /angelix-experiments/.aux/gzip/configure
INFO     transformation  instrumenting suspicious of backend source
DEBUG    transformation  suspicious_file: /tmp/tmpachu2huq/suspicious
DEBUG    transformation  locations: [('A', (341, 14, 341, 14))]
DEBUG    transformation  ANGELIX_EXTRACTED=/angelix-experiments/.angelix/extracted
DEBUG    transformation  ANGELIX_SUSPICIOUS=/tmp/tmpachu2huq/suspicious
DEBUG    transformation  ANGELIX_ASSIGNMENTS_DEFECT_CLASS=YES
DEBUG    transformation  trans dir: /angelix-experiments/.angelix/backend
DEBUG    transformation  trans cmd: instrument-suspicious inflate.c
INFO     project         building backend source
DEBUG    project         CC: angelix-compiler --klee
DEBUG    project         cmd: /angelix-experiments/.aux/gzip/build
INFO     sym_infer       inferring specification for test '3' through KLEE
INFO     testing         running test '3' of backend source with KLEE
DEBUG    testing         KLEE_RUN_MODE: KLEE
DEBUG    testing         ANGELIX_RUN: angelix-run-klee
DEBUG    testing         ANGELIX_WORKDIR: /angelix-experiments/.angelix
DEBUG    testing         ANGELIX_TEST_ID: 3
DEBUG    testing         ANGELIX_SYMBOLIC_RUNTIME: ON
DEBUG    testing         cwd: /angelix-experiments/.angelix/backend
DEBUG    testing         run: /angelix-experiments/.aux/gzip/oracle 3
INFO     testing         output code: 1
INFO     sym_infer       checking whether /angelix-experiments/.angelix/backend/klee-out-0 exists...
WARNING  sym_infer       No paths explored
WARNING  repair          no smt file for test 3
INFO     repair          considering suspicious locations [('A', (343, 14, 343, 14))]
INFO     reduction       all failing tests: ['3']
INFO     reduction       selected 2 tests
INFO     reduction       selected passing tests: ['6']
INFO     reduction       selected failing tests: ['3']
INFO     project         configuring backend source
DEBUG    project         configure_cmd: /angelix-experiments/.aux/gzip/configure
INFO     transformation  instrumenting suspicious of backend source
DEBUG    transformation  suspicious_file: /tmp/tmp16uof20b/suspicious
DEBUG    transformation  locations: [('A', (343, 14, 343, 14))]
DEBUG    transformation  ANGELIX_EXTRACTED=/angelix-experiments/.angelix/extracted
DEBUG    transformation  ANGELIX_SUSPICIOUS=/tmp/tmp16uof20b/suspicious
DEBUG    transformation  ANGELIX_ASSIGNMENTS_DEFECT_CLASS=YES
DEBUG    transformation  trans dir: /angelix-experiments/.angelix/backend
DEBUG    transformation  trans cmd: instrument-suspicious inflate.c
INFO     project         building backend source
DEBUG    project         CC: angelix-compiler --klee
DEBUG    project         cmd: /angelix-experiments/.aux/gzip/build
INFO     sym_infer       inferring specification for test '3' through KLEE
INFO     testing         running test '3' of backend source with KLEE
DEBUG    testing         KLEE_RUN_MODE: KLEE
DEBUG    testing         ANGELIX_RUN: angelix-run-klee
DEBUG    testing         ANGELIX_WORKDIR: /angelix-experiments/.angelix
DEBUG    testing         ANGELIX_TEST_ID: 3
DEBUG    testing         ANGELIX_SYMBOLIC_RUNTIME: ON
DEBUG    testing         cwd: /angelix-experiments/.angelix/backend
DEBUG    testing         run: /angelix-experiments/.aux/gzip/oracle 3
INFO     testing         output code: 1
INFO     sym_infer       checking whether /angelix-experiments/.angelix/backend/klee-out-0 exists...
WARNING  sym_infer       No paths explored
WARNING  repair          no smt file for test 3
INFO     repair          considering suspicious locations [('A', (344, 14, 344, 14))]
INFO     reduction       all failing tests: ['3']
INFO     reduction       selected 2 tests
INFO     reduction       selected passing tests: ['6']
INFO     reduction       selected failing tests: ['3']
INFO     project         configuring backend source
DEBUG    project         configure_cmd: /angelix-experiments/.aux/gzip/configure
INFO     transformation  instrumenting suspicious of backend source
DEBUG    transformation  suspicious_file: /tmp/tmpj9u7ti4c/suspicious
DEBUG    transformation  locations: [('A', (344, 14, 344, 14))]
DEBUG    transformation  ANGELIX_EXTRACTED=/angelix-experiments/.angelix/extracted
DEBUG    transformation  ANGELIX_SUSPICIOUS=/tmp/tmpj9u7ti4c/suspicious
DEBUG    transformation  ANGELIX_ASSIGNMENTS_DEFECT_CLASS=YES
DEBUG    transformation  trans dir: /angelix-experiments/.angelix/backend
DEBUG    transformation  trans cmd: instrument-suspicious inflate.c
INFO     project         building backend source
DEBUG    project         CC: angelix-compiler --klee
DEBUG    project         cmd: /angelix-experiments/.aux/gzip/build
INFO     sym_infer       inferring specification for test '3' through KLEE
INFO     testing         running test '3' of backend source with KLEE
DEBUG    testing         KLEE_RUN_MODE: KLEE
DEBUG    testing         ANGELIX_RUN: angelix-run-klee
DEBUG    testing         ANGELIX_WORKDIR: /angelix-experiments/.angelix
DEBUG    testing         ANGELIX_TEST_ID: 3
DEBUG    testing         ANGELIX_SYMBOLIC_RUNTIME: ON
DEBUG    testing         cwd: /angelix-experiments/.angelix/backend
DEBUG    testing         run: /angelix-experiments/.aux/gzip/oracle 3
INFO     testing         output code: 1
INFO     sym_infer       checking whether /angelix-experiments/.angelix/backend/klee-out-0 exists...
WARNING  sym_infer       No paths explored
WARNING  repair          no smt file for test 3
INFO     repair          considering suspicious locations [('A', (356, 7, 356, 7))]
INFO     reduction       all failing tests: ['3']
INFO     reduction       selected 2 tests
INFO     reduction       selected passing tests: ['6']
INFO     reduction       selected failing tests: ['3']
INFO     project         configuring backend source
DEBUG    project         configure_cmd: /angelix-experiments/.aux/gzip/configure
INFO     transformation  instrumenting suspicious of backend source
DEBUG    transformation  suspicious_file: /tmp/tmpu0_sabf7/suspicious
DEBUG    transformation  locations: [('A', (356, 7, 356, 7))]
DEBUG    transformation  ANGELIX_EXTRACTED=/angelix-experiments/.angelix/extracted
DEBUG    transformation  ANGELIX_SUSPICIOUS=/tmp/tmpu0_sabf7/suspicious
DEBUG    transformation  ANGELIX_ASSIGNMENTS_DEFECT_CLASS=YES
DEBUG    transformation  trans dir: /angelix-experiments/.angelix/backend
DEBUG    transformation  trans cmd: instrument-suspicious inflate.c
INFO     project         building backend source
DEBUG    project         CC: angelix-compiler --klee
DEBUG    project         cmd: /angelix-experiments/.aux/gzip/build
INFO     sym_infer       inferring specification for test '3' through KLEE
INFO     testing         running test '3' of backend source with KLEE
DEBUG    testing         KLEE_RUN_MODE: KLEE
DEBUG    testing         ANGELIX_RUN: angelix-run-klee
DEBUG    testing         ANGELIX_WORKDIR: /angelix-experiments/.angelix
DEBUG    testing         ANGELIX_TEST_ID: 3
DEBUG    testing         ANGELIX_SYMBOLIC_RUNTIME: ON
DEBUG    testing         cwd: /angelix-experiments/.angelix/backend
DEBUG    testing         run: /angelix-experiments/.aux/gzip/oracle 3
INFO     testing         output code: 1
INFO     sym_infer       checking whether /angelix-experiments/.angelix/backend/klee-out-0 exists...
WARNING  sym_infer       No paths explored
WARNING  repair          no smt file for test 3
INFO     repair          considering suspicious locations [('A', (362, 7, 362, 7))]
INFO     reduction       all failing tests: ['3']
INFO     reduction       selected 2 tests
INFO     reduction       selected passing tests: ['6']
INFO     reduction       selected failing tests: ['3']
INFO     project         configuring backend source
DEBUG    project         configure_cmd: /angelix-experiments/.aux/gzip/configure
INFO     transformation  instrumenting suspicious of backend source
DEBUG    transformation  suspicious_file: /tmp/tmpoizdh37l/suspicious
DEBUG    transformation  locations: [('A', (362, 7, 362, 7))]
DEBUG    transformation  ANGELIX_EXTRACTED=/angelix-experiments/.angelix/extracted
DEBUG    transformation  ANGELIX_SUSPICIOUS=/tmp/tmpoizdh37l/suspicious
DEBUG    transformation  ANGELIX_ASSIGNMENTS_DEFECT_CLASS=YES
DEBUG    transformation  trans dir: /angelix-experiments/.angelix/backend
DEBUG    transformation  trans cmd: instrument-suspicious inflate.c
INFO     project         building backend source
DEBUG    project         CC: angelix-compiler --klee
DEBUG    project         cmd: /angelix-experiments/.aux/gzip/build
INFO     sym_infer       inferring specification for test '3' through KLEE
INFO     testing         running test '3' of backend source with KLEE
DEBUG    testing         KLEE_RUN_MODE: KLEE
DEBUG    testing         ANGELIX_RUN: angelix-run-klee
DEBUG    testing         ANGELIX_WORKDIR: /angelix-experiments/.angelix
DEBUG    testing         ANGELIX_TEST_ID: 3
DEBUG    testing         ANGELIX_SYMBOLIC_RUNTIME: ON
DEBUG    testing         cwd: /angelix-experiments/.angelix/backend
DEBUG    testing         run: /angelix-experiments/.aux/gzip/oracle 3
INFO     testing         output code: 1
INFO     sym_infer       checking whether /angelix-experiments/.angelix/backend/klee-out-0 exists...
WARNING  sym_infer       No paths explored
WARNING  repair          no smt file for test 3
INFO     repair          considering suspicious locations [('A', (364, 9, 364, 9))]
INFO     reduction       all failing tests: ['3']
INFO     reduction       selected 2 tests
INFO     reduction       selected passing tests: ['6']
INFO     reduction       selected failing tests: ['3']
INFO     project         configuring backend source
DEBUG    project         configure_cmd: /angelix-experiments/.aux/gzip/configure
INFO     transformation  instrumenting suspicious of backend source
DEBUG    transformation  suspicious_file: /tmp/tmp3h5364g2/suspicious
DEBUG    transformation  locations: [('A', (364, 9, 364, 9))]
DEBUG    transformation  ANGELIX_EXTRACTED=/angelix-experiments/.angelix/extracted
DEBUG    transformation  ANGELIX_SUSPICIOUS=/tmp/tmp3h5364g2/suspicious
DEBUG    transformation  ANGELIX_ASSIGNMENTS_DEFECT_CLASS=YES
DEBUG    transformation  trans dir: /angelix-experiments/.angelix/backend
DEBUG    transformation  trans cmd: instrument-suspicious inflate.c
INFO     project         building backend source
DEBUG    project         CC: angelix-compiler --klee
DEBUG    project         cmd: /angelix-experiments/.aux/gzip/build
INFO     sym_infer       inferring specification for test '3' through KLEE
INFO     testing         running test '3' of backend source with KLEE
DEBUG    testing         KLEE_RUN_MODE: KLEE
DEBUG    testing         ANGELIX_RUN: angelix-run-klee
DEBUG    testing         ANGELIX_WORKDIR: /angelix-experiments/.angelix
DEBUG    testing         ANGELIX_TEST_ID: 3
DEBUG    testing         ANGELIX_SYMBOLIC_RUNTIME: ON
DEBUG    testing         cwd: /angelix-experiments/.angelix/backend
DEBUG    testing         run: /angelix-experiments/.aux/gzip/oracle 3
INFO     repair          failed to generate patch (timeout)
TIMEOUT
