[repair] benchmark: manybugs
[repair] subject: gzip
[repair] version: 2009-09-26-a1d3d4019d-f17cbd13a1
[repair] search: symbolic
[fetch] benchmark: manybugs
[fetch] subject: gzip
[fetch] version: 2009-09-26-a1d3d4019d-f17cbd13a1
[fetch] archive: gzip-bug-2009-09-26-a1d3d4019d-f17cbd13a1.tar.gz
[fetch] directory: gzip-bug-2009-09-26-a1d3d4019d-f17cbd13a1
[fetch] preparing source code
[fetch] golden_directory: gzip-fix-2009-09-26-a1d3d4019d-f17cbd13a1
[fetch] clean-source gzip-bug-2009-09-26-a1d3d4019d-f17cbd13a1
[fetch] /angelix-experiments/gzip-bug-2009-09-26-a1d3d4019d-f17cbd13a1/gzip/configure
[fetch] make -j 72 clean
[fetch] clean-source gzip-fix-2009-09-26-a1d3d4019d-f17cbd13a1
[fetch] restore-buggy gzip-bug-2009-09-26-a1d3d4019d-f17cbd13a1
[fetch] /angelix-experiments/gzip-fix-2009-09-26-a1d3d4019d-f17cbd13a1/gzip/configure
[fetch] make -j 72 clean
[fetch] restore-buggy entered
[fetch] buggy: gzip.c
[fetch] buggy_version: a1d3d4019d
[fetch] buggy_preprocessed: gzip-bug-2009-09-26-a1d3d4019d-f17cbd13a1/gzip/gzip.c
[fetch] buggy_original: gzip-bug-2009-09-26-a1d3d4019d-f17cbd13a1/diffs/gzip.c-a1d3d4019d
[fetch] cp gzip-bug-2009-09-26-a1d3d4019d-f17cbd13a1/diffs/gzip.c-a1d3d4019d gzip-bug-2009-09-26-a1d3d4019d-f17cbd13a1/gzip/gzip.c
[fetch] restore-correct gzip-fix-2009-09-26-a1d3d4019d-f17cbd13a1
[fetch] restore-correct entered
[fetch] cp gzip-fix-2009-09-26-a1d3d4019d-f17cbd13a1/diffs/gzip.c-f17cbd13a1 gzip-fix-2009-09-26-a1d3d4019d-f17cbd13a1/gzip/gzip.c
[fetch] restored gzip-fix-2009-09-26-a1d3d4019d-f17cbd13a1/gzip/gzip.c with gzip-fix-2009-09-26-a1d3d4019d-f17cbd13a1/diffs/gzip.c-f17cbd13a1
[fetch] fetch done
[repair] [repair] options: --symbolic --log
DEBUG
--ignore-lines
--lines
653
--group-size
1
--klee-max-forks
200
--synthesis-level
variables
--use-nsynth
--synthesis-global-vars
--test-timeout
60
--all-tests
--ignore-trans-errors
--defect
assignments
--angelic-search-strategy
symbolic
--klee-solver-timeout
100
--klee-search
dfs  --all-suspicious --timeout 14400 --show-suspicious-locations --mcmc-beta 0.8 --group-size 1
[repair-gzip] options:  --log DEBUG --ignore-lines --lines 653 --group-size 1 --klee-max-forks 200 --synthesis-level variables --use-nsynth --synthesis-global-vars --test-timeout 60 --all-tests --ignore-trans-errors --defect assignments --angelic-search-strategy symbolic --klee-solver-timeout 100 --klee-search dfs --all-suspicious --timeout 14400 --show-suspicious-locations --mcmc-beta 0.8 --group-size 1
[repair-gzip] cleaning gzip-bug-2009-09-26-a1d3d4019d-f17cbd13a1/gzip ...
[repair-gzip] cleaning gzip-fix-2009-09-26-a1d3d4019d-f17cbd13a1/gzip ...
INFO     repair          copy gzip-bug-2009-09-26-a1d3d4019d-f17cbd13a1/gzip to /angelix-experiments/.angelix/validation
INFO     project         configuring validation source
DEBUG    project         configure_cmd: /angelix-experiments/.aux/gzip/configure
INFO     project         building json compilation database from validation source
DEBUG    project         CC: angelix-compiler --klee
DEBUG    project         cmd: bear /angelix-experiments/.aux/gzip/build
DEBUG    repair          start to measure time
INFO     testing         running test '1' of validation source
DEBUG    testing         ANGELIX_WORKDIR: /angelix-experiments/.angelix
DEBUG    testing         ANGELIX_TEST_ID: 1
DEBUG    testing         ANGELIX_RUN_EXECUTIONS: /tmp/tmpve81x00v/executions
DEBUG    testing         cwd: /angelix-experiments/.angelix/validation
DEBUG    testing         run: /angelix-experiments/.aux/gzip/oracle 1
INFO     testing         output code: 1
INFO     testing         running test '2' of validation source
DEBUG    testing         ANGELIX_WORKDIR: /angelix-experiments/.angelix
DEBUG    testing         ANGELIX_TEST_ID: 2
DEBUG    testing         ANGELIX_RUN_EXECUTIONS: /tmp/tmps375xaww/executions
DEBUG    testing         cwd: /angelix-experiments/.angelix/validation
DEBUG    testing         run: /angelix-experiments/.aux/gzip/oracle 2
INFO     testing         output code: 1
INFO     testing         running test '3' of validation source
DEBUG    testing         ANGELIX_WORKDIR: /angelix-experiments/.angelix
DEBUG    testing         ANGELIX_TEST_ID: 3
DEBUG    testing         ANGELIX_RUN_EXECUTIONS: /tmp/tmpkn_ors2_/executions
DEBUG    testing         cwd: /angelix-experiments/.angelix/validation
DEBUG    testing         run: /angelix-experiments/.aux/gzip/oracle 3
INFO     testing         output code: 0
INFO     testing         running test '4' of validation source
DEBUG    testing         ANGELIX_WORKDIR: /angelix-experiments/.angelix
DEBUG    testing         ANGELIX_TEST_ID: 4
DEBUG    testing         ANGELIX_RUN_EXECUTIONS: /tmp/tmpe_ovs7r2/executions
DEBUG    testing         cwd: /angelix-experiments/.angelix/validation
DEBUG    testing         run: /angelix-experiments/.aux/gzip/oracle 4
INFO     testing         output code: 0
INFO     testing         running test '5' of validation source
DEBUG    testing         ANGELIX_WORKDIR: /angelix-experiments/.angelix
DEBUG    testing         ANGELIX_TEST_ID: 5
DEBUG    testing         ANGELIX_RUN_EXECUTIONS: /tmp/tmpqniqkxdg/executions
DEBUG    testing         cwd: /angelix-experiments/.angelix/validation
DEBUG    testing         run: /angelix-experiments/.aux/gzip/oracle 5
INFO     testing         output code: 1
INFO     testing         running test '6' of validation source
DEBUG    testing         ANGELIX_WORKDIR: /angelix-experiments/.angelix
DEBUG    testing         ANGELIX_TEST_ID: 6
DEBUG    testing         ANGELIX_RUN_EXECUTIONS: /tmp/tmpppuabvxg/executions
DEBUG    testing         cwd: /angelix-experiments/.angelix/validation
DEBUG    testing         run: /angelix-experiments/.aux/gzip/oracle 6
INFO     testing         output code: 0
INFO     testing         running test '7' of validation source
DEBUG    testing         ANGELIX_WORKDIR: /angelix-experiments/.angelix
DEBUG    testing         ANGELIX_TEST_ID: 7
DEBUG    testing         ANGELIX_RUN_EXECUTIONS: /tmp/tmp9dre8gw4/executions
DEBUG    testing         cwd: /angelix-experiments/.angelix/validation
DEBUG    testing         run: /angelix-experiments/.aux/gzip/oracle 7
INFO     testing         output code: 1
INFO     testing         running test '8' of validation source
DEBUG    testing         ANGELIX_WORKDIR: /angelix-experiments/.angelix
DEBUG    testing         ANGELIX_TEST_ID: 8
DEBUG    testing         ANGELIX_RUN_EXECUTIONS: /tmp/tmps18c71s7/executions
DEBUG    testing         cwd: /angelix-experiments/.angelix/validation
DEBUG    testing         run: /angelix-experiments/.aux/gzip/oracle 8
INFO     testing         output code: 1
INFO     testing         running test '9' of validation source
DEBUG    testing         ANGELIX_WORKDIR: /angelix-experiments/.angelix
DEBUG    testing         ANGELIX_TEST_ID: 9
DEBUG    testing         ANGELIX_RUN_EXECUTIONS: /tmp/tmpin8wc5vf/executions
DEBUG    testing         cwd: /angelix-experiments/.angelix/validation
DEBUG    testing         run: /angelix-experiments/.aux/gzip/oracle 9
INFO     testing         output code: 1
INFO     testing         running test '10' of validation source
DEBUG    testing         ANGELIX_WORKDIR: /angelix-experiments/.angelix
DEBUG    testing         ANGELIX_TEST_ID: 10
DEBUG    testing         ANGELIX_RUN_EXECUTIONS: /tmp/tmpfg1_94g3/executions
DEBUG    testing         cwd: /angelix-experiments/.angelix/validation
DEBUG    testing         run: /angelix-experiments/.aux/gzip/oracle 10
INFO     testing         output code: 1
INFO     testing         running test '11' of validation source
DEBUG    testing         ANGELIX_WORKDIR: /angelix-experiments/.angelix
DEBUG    testing         ANGELIX_TEST_ID: 11
DEBUG    testing         ANGELIX_RUN_EXECUTIONS: /tmp/tmpbe1_ox04/executions
DEBUG    testing         cwd: /angelix-experiments/.angelix/validation
DEBUG    testing         run: /angelix-experiments/.aux/gzip/oracle 11
INFO     testing         output code: 1
INFO     testing         running test '12' of validation source
DEBUG    testing         ANGELIX_WORKDIR: /angelix-experiments/.angelix
DEBUG    testing         ANGELIX_TEST_ID: 12
DEBUG    testing         ANGELIX_RUN_EXECUTIONS: /tmp/tmp7i722aux/executions
DEBUG    testing         cwd: /angelix-experiments/.angelix/validation
DEBUG    testing         run: /angelix-experiments/.aux/gzip/oracle 12
INFO     testing         output code: 1
INFO     testing         running test '13' of validation source
DEBUG    testing         ANGELIX_WORKDIR: /angelix-experiments/.angelix
DEBUG    testing         ANGELIX_TEST_ID: 13
DEBUG    testing         ANGELIX_RUN_EXECUTIONS: /tmp/tmp329w9lo1/executions
DEBUG    testing         cwd: /angelix-experiments/.angelix/validation
DEBUG    testing         run: /angelix-experiments/.aux/gzip/oracle 13
INFO     testing         output code: 1
INFO     repair          positive: ['3', '4', '6']
INFO     repair          negative: ['1', '2', '5', '7', '8', '9', '10', '11', '12', '13']
INFO     project         configuring frontend source
DEBUG    project         configure_cmd: /angelix-experiments/.aux/gzip/configure
INFO     transformation  instrumenting repairable of frontend source
DEBUG    transformation  ANGELIX_ASSIGNMENTS_DEFECT_CLASS=YES
DEBUG    transformation  ANGELIX_GLOBAL_VARIABLES=YES
DEBUG    transformation  ANGELIX_USED_VARIABLES=YES
DEBUG    transformation  trans dir: /angelix-experiments/.angelix/frontend
DEBUG    transformation  trans cmd: instrument-repairable gzip.c
WARNING  transformation  transformation of .angelix/frontend failed
INFO     project         building frontend source
DEBUG    project         CC: angelix-compiler --klee
DEBUG    project         cmd: /angelix-experiments/.aux/gzip/build
INFO     repair          running positive tests for debugging
INFO     testing         running test '3' of frontend source
DEBUG    testing         ANGELIX_WITH_DUMPING: /angelix-experiments/.angelix/dump/3
DEBUG    testing         ANGELIX_WITH_TRACING: /angelix-experiments/.angelix/trace/3
DEBUG    testing         ANGELIX_RUN: angelix-run-test
DEBUG    testing         ANGELIX_WORKDIR: /angelix-experiments/.angelix
DEBUG    testing         ANGELIX_TEST_ID: 3
DEBUG    testing         ANGELIX_RUN_EXECUTIONS: /tmp/tmpy0uxlso4/executions
DEBUG    testing         cwd: /angelix-experiments/.angelix/frontend
DEBUG    testing         run: /angelix-experiments/.aux/gzip/oracle 3
INFO     testing         output code: 0
INFO     testing         running test '4' of frontend source
DEBUG    testing         ANGELIX_WITH_DUMPING: /angelix-experiments/.angelix/dump/4
DEBUG    testing         ANGELIX_WITH_TRACING: /angelix-experiments/.angelix/trace/4
DEBUG    testing         ANGELIX_RUN: angelix-run-test
DEBUG    testing         ANGELIX_WORKDIR: /angelix-experiments/.angelix
DEBUG    testing         ANGELIX_TEST_ID: 4
DEBUG    testing         ANGELIX_RUN_EXECUTIONS: /tmp/tmp4dg986l3/executions
DEBUG    testing         cwd: /angelix-experiments/.angelix/frontend
DEBUG    testing         run: /angelix-experiments/.aux/gzip/oracle 4
INFO     testing         output code: 0
WARNING  testing         ANGELIX_RUN is not executed by test 4
DEBUG    repair          remove 4 from repair test suite (not instrumented)
INFO     testing         running test '6' of frontend source
DEBUG    testing         ANGELIX_WITH_DUMPING: /angelix-experiments/.angelix/dump/6
DEBUG    testing         ANGELIX_WITH_TRACING: /angelix-experiments/.angelix/trace/6
DEBUG    testing         ANGELIX_RUN: angelix-run-test
DEBUG    testing         ANGELIX_WORKDIR: /angelix-experiments/.angelix
DEBUG    testing         ANGELIX_TEST_ID: 6
DEBUG    testing         ANGELIX_RUN_EXECUTIONS: /tmp/tmpbjp258oz/executions
DEBUG    testing         cwd: /angelix-experiments/.angelix/frontend
DEBUG    testing         run: /angelix-experiments/.aux/gzip/oracle 6
INFO     testing         output code: 0
INFO     repair          running negative tests for debugging
INFO     testing         running test '1' of frontend source
DEBUG    testing         ANGELIX_WITH_TRACING: /angelix-experiments/.angelix/trace/1
DEBUG    testing         ANGELIX_RUN: angelix-run-test
DEBUG    testing         ANGELIX_WORKDIR: /angelix-experiments/.angelix
DEBUG    testing         ANGELIX_TEST_ID: 1
DEBUG    testing         ANGELIX_RUN_EXECUTIONS: /tmp/tmp8rxjo0ut/executions
DEBUG    testing         cwd: /angelix-experiments/.angelix/frontend
DEBUG    testing         run: /angelix-experiments/.aux/gzip/oracle 1
INFO     testing         output code: 1
INFO     project         configuring golden source
DEBUG    project         configure_cmd: /angelix-experiments/.aux/gzip/configure
INFO     project         building golden source
DEBUG    project         CC: angelix-compiler --klee
DEBUG    project         cmd: /angelix-experiments/.aux/gzip/build
INFO     testing         running test '1' of golden source
DEBUG    testing         ANGELIX_WITH_DUMPING: /angelix-experiments/.angelix/dump/1
DEBUG    testing         ANGELIX_RUN: angelix-run-test
DEBUG    testing         ANGELIX_WORKDIR: /angelix-experiments/.angelix
DEBUG    testing         ANGELIX_TEST_ID: 1
DEBUG    testing         ANGELIX_RUN_EXECUTIONS: /tmp/tmpzgvxvo2g/executions
DEBUG    testing         cwd: /angelix-experiments/.angelix/golden
DEBUG    testing         run: /angelix-experiments/.aux/gzip/oracle 1
INFO     testing         output code: 1
INFO     testing         running test '2' of frontend source
DEBUG    testing         ANGELIX_WITH_TRACING: /angelix-experiments/.angelix/trace/2
DEBUG    testing         ANGELIX_RUN: angelix-run-test
DEBUG    testing         ANGELIX_WORKDIR: /angelix-experiments/.angelix
DEBUG    testing         ANGELIX_TEST_ID: 2
DEBUG    testing         ANGELIX_RUN_EXECUTIONS: /tmp/tmpdnng5m8u/executions
DEBUG    testing         cwd: /angelix-experiments/.angelix/frontend
DEBUG    testing         run: /angelix-experiments/.aux/gzip/oracle 2
INFO     testing         output code: 1
WARNING  testing         ANGELIX_RUN is executed multiple times by test 2
INFO     testing         running test '2' of golden source
DEBUG    testing         ANGELIX_WITH_DUMPING: /angelix-experiments/.angelix/dump/2
DEBUG    testing         ANGELIX_RUN: angelix-run-test
DEBUG    testing         ANGELIX_WORKDIR: /angelix-experiments/.angelix
DEBUG    testing         ANGELIX_TEST_ID: 2
DEBUG    testing         ANGELIX_RUN_EXECUTIONS: /tmp/tmpmkzzfzp4/executions
DEBUG    testing         cwd: /angelix-experiments/.angelix/golden
DEBUG    testing         run: /angelix-experiments/.aux/gzip/oracle 2
INFO     testing         output code: 1
WARNING  testing         ANGELIX_RUN is executed multiple times by test 2
INFO     testing         running test '5' of frontend source
DEBUG    testing         ANGELIX_WITH_TRACING: /angelix-experiments/.angelix/trace/5
DEBUG    testing         ANGELIX_RUN: angelix-run-test
DEBUG    testing         ANGELIX_WORKDIR: /angelix-experiments/.angelix
DEBUG    testing         ANGELIX_TEST_ID: 5
DEBUG    testing         ANGELIX_RUN_EXECUTIONS: /tmp/tmpj9_sj6ml/executions
DEBUG    testing         cwd: /angelix-experiments/.angelix/frontend
DEBUG    testing         run: /angelix-experiments/.aux/gzip/oracle 5
INFO     testing         output code: 1
WARNING  testing         ANGELIX_RUN is executed multiple times by test 5
INFO     testing         running test '5' of golden source
DEBUG    testing         ANGELIX_WITH_DUMPING: /angelix-experiments/.angelix/dump/5
DEBUG    testing         ANGELIX_RUN: angelix-run-test
DEBUG    testing         ANGELIX_WORKDIR: /angelix-experiments/.angelix
DEBUG    testing         ANGELIX_TEST_ID: 5
DEBUG    testing         ANGELIX_RUN_EXECUTIONS: /tmp/tmpechbtzhq/executions
DEBUG    testing         cwd: /angelix-experiments/.angelix/golden
DEBUG    testing         run: /angelix-experiments/.aux/gzip/oracle 5
INFO     testing         output code: 1
WARNING  testing         ANGELIX_RUN is executed multiple times by test 5
INFO     testing         running test '7' of frontend source
DEBUG    testing         ANGELIX_WITH_TRACING: /angelix-experiments/.angelix/trace/7
DEBUG    testing         ANGELIX_RUN: angelix-run-test
DEBUG    testing         ANGELIX_WORKDIR: /angelix-experiments/.angelix
DEBUG    testing         ANGELIX_TEST_ID: 7
DEBUG    testing         ANGELIX_RUN_EXECUTIONS: /tmp/tmpa7ks85an/executions
DEBUG    testing         cwd: /angelix-experiments/.angelix/frontend
DEBUG    testing         run: /angelix-experiments/.aux/gzip/oracle 7
INFO     testing         output code: 1
INFO     testing         running test '7' of golden source
DEBUG    testing         ANGELIX_WITH_DUMPING: /angelix-experiments/.angelix/dump/7
DEBUG    testing         ANGELIX_RUN: angelix-run-test
DEBUG    testing         ANGELIX_WORKDIR: /angelix-experiments/.angelix
DEBUG    testing         ANGELIX_TEST_ID: 7
DEBUG    testing         ANGELIX_RUN_EXECUTIONS: /tmp/tmp_728_tj0/executions
DEBUG    testing         cwd: /angelix-experiments/.angelix/golden
DEBUG    testing         run: /angelix-experiments/.aux/gzip/oracle 7
INFO     testing         output code: 1
INFO     testing         running test '8' of frontend source
DEBUG    testing         ANGELIX_WITH_TRACING: /angelix-experiments/.angelix/trace/8
DEBUG    testing         ANGELIX_RUN: angelix-run-test
DEBUG    testing         ANGELIX_WORKDIR: /angelix-experiments/.angelix
DEBUG    testing         ANGELIX_TEST_ID: 8
DEBUG    testing         ANGELIX_RUN_EXECUTIONS: /tmp/tmp04o7ivzp/executions
DEBUG    testing         cwd: /angelix-experiments/.angelix/frontend
DEBUG    testing         run: /angelix-experiments/.aux/gzip/oracle 8
INFO     testing         output code: 1
INFO     testing         running test '8' of golden source
DEBUG    testing         ANGELIX_WITH_DUMPING: /angelix-experiments/.angelix/dump/8
DEBUG    testing         ANGELIX_RUN: angelix-run-test
DEBUG    testing         ANGELIX_WORKDIR: /angelix-experiments/.angelix
DEBUG    testing         ANGELIX_TEST_ID: 8
DEBUG    testing         ANGELIX_RUN_EXECUTIONS: /tmp/tmp9gkami4s/executions
DEBUG    testing         cwd: /angelix-experiments/.angelix/golden
DEBUG    testing         run: /angelix-experiments/.aux/gzip/oracle 8
INFO     testing         output code: 0
INFO     testing         running test '9' of frontend source
DEBUG    testing         ANGELIX_WITH_TRACING: /angelix-experiments/.angelix/trace/9
DEBUG    testing         ANGELIX_RUN: angelix-run-test
DEBUG    testing         ANGELIX_WORKDIR: /angelix-experiments/.angelix
DEBUG    testing         ANGELIX_TEST_ID: 9
DEBUG    testing         ANGELIX_RUN_EXECUTIONS: /tmp/tmprveoqwtd/executions
DEBUG    testing         cwd: /angelix-experiments/.angelix/frontend
DEBUG    testing         run: /angelix-experiments/.aux/gzip/oracle 9
INFO     testing         output code: 1
WARNING  testing         ANGELIX_RUN is executed multiple times by test 9
INFO     testing         running test '9' of golden source
DEBUG    testing         ANGELIX_WITH_DUMPING: /angelix-experiments/.angelix/dump/9
DEBUG    testing         ANGELIX_RUN: angelix-run-test
DEBUG    testing         ANGELIX_WORKDIR: /angelix-experiments/.angelix
DEBUG    testing         ANGELIX_TEST_ID: 9
DEBUG    testing         ANGELIX_RUN_EXECUTIONS: /tmp/tmptzxd6qbc/executions
DEBUG    testing         cwd: /angelix-experiments/.angelix/golden
DEBUG    testing         run: /angelix-experiments/.aux/gzip/oracle 9
INFO     testing         output code: 1
WARNING  testing         ANGELIX_RUN is executed multiple times by test 9
INFO     testing         running test '10' of frontend source
DEBUG    testing         ANGELIX_WITH_TRACING: /angelix-experiments/.angelix/trace/10
DEBUG    testing         ANGELIX_RUN: angelix-run-test
DEBUG    testing         ANGELIX_WORKDIR: /angelix-experiments/.angelix
DEBUG    testing         ANGELIX_TEST_ID: 10
DEBUG    testing         ANGELIX_RUN_EXECUTIONS: /tmp/tmprvdjguwg/executions
DEBUG    testing         cwd: /angelix-experiments/.angelix/frontend
DEBUG    testing         run: /angelix-experiments/.aux/gzip/oracle 10
INFO     testing         output code: 1
WARNING  testing         ANGELIX_RUN is not executed by test 10
DEBUG    repair          remove a negative test 10 from repair test suite (not instrumented)
INFO     testing         running test '10' of golden source
DEBUG    testing         ANGELIX_WITH_DUMPING: /angelix-experiments/.angelix/dump/10
DEBUG    testing         ANGELIX_RUN: angelix-run-test
DEBUG    testing         ANGELIX_WORKDIR: /angelix-experiments/.angelix
DEBUG    testing         ANGELIX_TEST_ID: 10
DEBUG    testing         ANGELIX_RUN_EXECUTIONS: /tmp/tmp4pg_rc7q/executions
DEBUG    testing         cwd: /angelix-experiments/.angelix/golden
DEBUG    testing         run: /angelix-experiments/.aux/gzip/oracle 10
INFO     testing         output code: 1
WARNING  testing         ANGELIX_RUN is not executed by test 10
INFO     testing         running test '11' of frontend source
DEBUG    testing         ANGELIX_WITH_TRACING: /angelix-experiments/.angelix/trace/11
DEBUG    testing         ANGELIX_RUN: angelix-run-test
DEBUG    testing         ANGELIX_WORKDIR: /angelix-experiments/.angelix
DEBUG    testing         ANGELIX_TEST_ID: 11
DEBUG    testing         ANGELIX_RUN_EXECUTIONS: /tmp/tmpznwv1yoi/executions
DEBUG    testing         cwd: /angelix-experiments/.angelix/frontend
DEBUG    testing         run: /angelix-experiments/.aux/gzip/oracle 11
INFO     testing         output code: 1
WARNING  testing         ANGELIX_RUN is not executed by test 11
DEBUG    repair          remove a negative test 11 from repair test suite (not instrumented)
INFO     testing         running test '11' of golden source
DEBUG    testing         ANGELIX_WITH_DUMPING: /angelix-experiments/.angelix/dump/11
DEBUG    testing         ANGELIX_RUN: angelix-run-test
DEBUG    testing         ANGELIX_WORKDIR: /angelix-experiments/.angelix
DEBUG    testing         ANGELIX_TEST_ID: 11
DEBUG    testing         ANGELIX_RUN_EXECUTIONS: /tmp/tmpbs3ut9kg/executions
DEBUG    testing         cwd: /angelix-experiments/.angelix/golden
DEBUG    testing         run: /angelix-experiments/.aux/gzip/oracle 11
INFO     testing         output code: 1
WARNING  testing         ANGELIX_RUN is not executed by test 11
INFO     testing         running test '12' of frontend source
DEBUG    testing         ANGELIX_WITH_TRACING: /angelix-experiments/.angelix/trace/12
DEBUG    testing         ANGELIX_RUN: angelix-run-test
DEBUG    testing         ANGELIX_WORKDIR: /angelix-experiments/.angelix
DEBUG    testing         ANGELIX_TEST_ID: 12
DEBUG    testing         ANGELIX_RUN_EXECUTIONS: /tmp/tmp8rw84jgl/executions
DEBUG    testing         cwd: /angelix-experiments/.angelix/frontend
DEBUG    testing         run: /angelix-experiments/.aux/gzip/oracle 12
INFO     testing         output code: 1
WARNING  testing         ANGELIX_RUN is not executed by test 12
DEBUG    repair          remove a negative test 12 from repair test suite (not instrumented)
INFO     testing         running test '12' of golden source
DEBUG    testing         ANGELIX_WITH_DUMPING: /angelix-experiments/.angelix/dump/12
DEBUG    testing         ANGELIX_RUN: angelix-run-test
DEBUG    testing         ANGELIX_WORKDIR: /angelix-experiments/.angelix
DEBUG    testing         ANGELIX_TEST_ID: 12
DEBUG    testing         ANGELIX_RUN_EXECUTIONS: /tmp/tmpa9ohla1u/executions
DEBUG    testing         cwd: /angelix-experiments/.angelix/golden
DEBUG    testing         run: /angelix-experiments/.aux/gzip/oracle 12
INFO     testing         output code: 1
WARNING  testing         ANGELIX_RUN is not executed by test 12
INFO     testing         running test '13' of frontend source
DEBUG    testing         ANGELIX_WITH_TRACING: /angelix-experiments/.angelix/trace/13
DEBUG    testing         ANGELIX_RUN: angelix-run-test
DEBUG    testing         ANGELIX_WORKDIR: /angelix-experiments/.angelix
DEBUG    testing         ANGELIX_TEST_ID: 13
DEBUG    testing         ANGELIX_RUN_EXECUTIONS: /tmp/tmptyzvj18_/executions
DEBUG    testing         cwd: /angelix-experiments/.angelix/frontend
DEBUG    testing         run: /angelix-experiments/.aux/gzip/oracle 13
INFO     testing         output code: 1
WARNING  testing         ANGELIX_RUN is not executed by test 13
DEBUG    repair          remove a negative test 13 from repair test suite (not instrumented)
INFO     testing         running test '13' of golden source
DEBUG    testing         ANGELIX_WITH_DUMPING: /angelix-experiments/.angelix/dump/13
DEBUG    testing         ANGELIX_RUN: angelix-run-test
DEBUG    testing         ANGELIX_WORKDIR: /angelix-experiments/.angelix
DEBUG    testing         ANGELIX_TEST_ID: 13
DEBUG    testing         ANGELIX_RUN_EXECUTIONS: /tmp/tmp4rlw_072/executions
DEBUG    testing         cwd: /angelix-experiments/.angelix/golden
DEBUG    testing         run: /angelix-experiments/.aux/gzip/oracle 13
INFO     testing         output code: 1
WARNING  testing         ANGELIX_RUN is not executed by test 13
WARNING  repair          excluding test 1 because it fails in golden version
DEBUG    repair          remove an excluded test 1 from repair test suite (not instrumented)
WARNING  repair          excluding test 2 because it fails in golden version
DEBUG    repair          remove an excluded test 2 from repair test suite (not instrumented)
WARNING  repair          excluding test 5 because it fails in golden version
DEBUG    repair          remove an excluded test 5 from repair test suite (not instrumented)
WARNING  repair          excluding test 7 because it fails in golden version
DEBUG    repair          remove an excluded test 7 from repair test suite (not instrumented)
WARNING  repair          excluding test 9 because it fails in golden version
DEBUG    repair          remove an excluded test 9 from repair test suite (not instrumented)
WARNING  repair          excluding test 10 because it fails in golden version
WARNING  repair          excluding test 11 because it fails in golden version
WARNING  repair          excluding test 12 because it fails in golden version
WARNING  repair          excluding test 13 because it fails in golden version
INFO     repair          repair test suite: ['3', '6', '8']
INFO     repair          validation test suite: ['3', '4', '6', '8']
DEBUG    runtime         parse /angelix-experiments/.angelix/trace/3
DEBUG    runtime         parse /angelix-experiments/.angelix/trace/4
DEBUG    runtime         parse /angelix-experiments/.angelix/trace/6
DEBUG    runtime         parse /angelix-experiments/.angelix/trace/8
DEBUG    localization    executed_positive: {('A', (656, 17, 656, 17), '1'): 1, ('A', (657, 15, 657, 15), '0'): 1, ('A', (537, 32, 537, 32)): 0, ('A', (1861, 8, 1861, 8), '-1'): 1, ('A', (1833, 15, 1833, 15), '1'): 2, ('A', (656, 17, 656, 17)): 0, ('A', (1803, 18, 1803, 18), '0'): 2, ('A', (536, 32, 536, 32), '1'): 1, ('A', (537, 32, 537, 32), '0'): 1, ('A', (829, 43, 829, 44), '0'): 1, ('A', (539, 18, 539, 25), '0'): 1, ('A', (1861, 8, 1861, 8)): 0, ('A', (1274, 12, 1274, 12)): 0, ('A', (1809, 17, 1809, 17)): 0, ('A', (1279, 19, 1279, 19), '0'): 1, ('A', (797, 15, 797, 15), '0'): 1, ('A', (653, 7, 653, 7), '0'): 1, ('A', (1274, 12, 1274, 12), '0'): 1, ('A', (539, 18, 539, 25)): 0, ('A', (537, 32, 537, 32), '1'): 1, ('A', (536, 32, 536, 32), '0'): 1, ('A', (1278, 20, 1278, 20)): 0, ('A', (829, 43, 829, 44)): 0, ('A', (536, 32, 536, 32)): 0, ('A', (1833, 15, 1833, 15)): 0, ('A', (1278, 20, 1278, 20), '0'): 1, ('A', (797, 15, 797, 15)): 0, ('A', (539, 18, 539, 25), '1'): 1, ('A', (1809, 17, 1809, 17), '1'): 2, ('A', (1279, 19, 1279, 19)): 0, ('A', (653, 7, 653, 7)): 0, ('A', (1803, 18, 1803, 18)): 0, ('A', (657, 15, 657, 15)): 0}
DEBUG    localization    executed_negative: {('A', (656, 17, 656, 17), '1'): 0, ('A', (657, 15, 657, 15), '0'): 0, ('A', (537, 32, 537, 32)): 1, ('A', (1861, 8, 1861, 8), '-1'): 0, ('A', (1833, 15, 1833, 15), '1'): 0, ('A', (656, 17, 656, 17)): 1, ('A', (1803, 18, 1803, 18), '0'): 0, ('A', (536, 32, 536, 32), '1'): 0, ('A', (537, 32, 537, 32), '0'): 0, ('A', (829, 43, 829, 44), '0'): 0, ('A', (539, 18, 539, 25), '0'): 0, ('A', (1861, 8, 1861, 8)): 1, ('A', (1274, 12, 1274, 12)): 1, ('A', (1809, 17, 1809, 17)): 1, ('A', (1279, 19, 1279, 19), '0'): 0, ('A', (797, 15, 797, 15), '0'): 0, ('A', (653, 7, 653, 7), '0'): 0, ('A', (1274, 12, 1274, 12), '0'): 0, ('A', (539, 18, 539, 25)): 1, ('A', (537, 32, 537, 32), '1'): 0, ('A', (536, 32, 536, 32), '0'): 0, ('A', (1278, 20, 1278, 20)): 1, ('A', (829, 43, 829, 44)): 1, ('A', (536, 32, 536, 32)): 1, ('A', (1833, 15, 1833, 15)): 1, ('A', (1278, 20, 1278, 20), '0'): 0, ('A', (797, 15, 797, 15)): 1, ('A', (539, 18, 539, 25), '1'): 0, ('A', (1809, 17, 1809, 17), '1'): 0, ('A', (1279, 19, 1279, 19)): 1, ('A', (653, 7, 653, 7)): 1, ('A', (1803, 18, 1803, 18)): 1, ('A', (657, 15, 657, 15)): 1}
DEBUG    localization    total_passing: 3
DEBUG    localization    total_failing: 1
DEBUG    localization    executed_positive: 1
DEBUG    localization    executed_negative: 0
DEBUG    localization    (loc, score) = (('A', (656, 17, 656, 17), '1'), 0.0)
DEBUG    localization    executed_positive: 1
DEBUG    localization    executed_negative: 0
DEBUG    localization    (loc, score) = (('A', (657, 15, 657, 15), '0'), 0.0)
DEBUG    localization    executed_positive: 0
DEBUG    localization    executed_negative: 1
DEBUG    localization    (loc, score) = (('A', (537, 32, 537, 32)), 1.0)
DEBUG    localization    executed_positive: 1
DEBUG    localization    executed_negative: 0
DEBUG    localization    (loc, score) = (('A', (1861, 8, 1861, 8), '-1'), 0.0)
DEBUG    localization    executed_positive: 2
DEBUG    localization    executed_negative: 0
DEBUG    localization    (loc, score) = (('A', (1833, 15, 1833, 15), '1'), 0.0)
DEBUG    localization    executed_positive: 0
DEBUG    localization    executed_negative: 1
DEBUG    localization    (loc, score) = (('A', (656, 17, 656, 17)), 1.0)
DEBUG    localization    executed_positive: 2
DEBUG    localization    executed_negative: 0
DEBUG    localization    (loc, score) = (('A', (1803, 18, 1803, 18), '0'), 0.0)
DEBUG    localization    executed_positive: 1
DEBUG    localization    executed_negative: 0
DEBUG    localization    (loc, score) = (('A', (536, 32, 536, 32), '1'), 0.0)
DEBUG    localization    executed_positive: 1
DEBUG    localization    executed_negative: 0
DEBUG    localization    (loc, score) = (('A', (537, 32, 537, 32), '0'), 0.0)
DEBUG    localization    executed_positive: 1
DEBUG    localization    executed_negative: 0
DEBUG    localization    (loc, score) = (('A', (829, 43, 829, 44), '0'), 0.0)
DEBUG    localization    executed_positive: 1
DEBUG    localization    executed_negative: 0
DEBUG    localization    (loc, score) = (('A', (539, 18, 539, 25), '0'), 0.0)
DEBUG    localization    executed_positive: 0
DEBUG    localization    executed_negative: 1
DEBUG    localization    (loc, score) = (('A', (1861, 8, 1861, 8)), 1.0)
DEBUG    localization    executed_positive: 0
DEBUG    localization    executed_negative: 1
DEBUG    localization    (loc, score) = (('A', (1274, 12, 1274, 12)), 1.0)
DEBUG    localization    executed_positive: 0
DEBUG    localization    executed_negative: 1
DEBUG    localization    (loc, score) = (('A', (1809, 17, 1809, 17)), 1.0)
DEBUG    localization    executed_positive: 1
DEBUG    localization    executed_negative: 0
DEBUG    localization    (loc, score) = (('A', (1279, 19, 1279, 19), '0'), 0.0)
DEBUG    localization    executed_positive: 1
DEBUG    localization    executed_negative: 0
DEBUG    localization    (loc, score) = (('A', (797, 15, 797, 15), '0'), 0.0)
DEBUG    localization    executed_positive: 1
DEBUG    localization    executed_negative: 0
DEBUG    localization    (loc, score) = (('A', (653, 7, 653, 7), '0'), 0.0)
DEBUG    localization    executed_positive: 1
DEBUG    localization    executed_negative: 0
DEBUG    localization    (loc, score) = (('A', (1274, 12, 1274, 12), '0'), 0.0)
DEBUG    localization    executed_positive: 0
DEBUG    localization    executed_negative: 1
DEBUG    localization    (loc, score) = (('A', (539, 18, 539, 25)), 1.0)
DEBUG    localization    executed_positive: 1
DEBUG    localization    executed_negative: 0
DEBUG    localization    (loc, score) = (('A', (537, 32, 537, 32), '1'), 0.0)
DEBUG    localization    executed_positive: 1
DEBUG    localization    executed_negative: 0
DEBUG    localization    (loc, score) = (('A', (536, 32, 536, 32), '0'), 0.0)
DEBUG    localization    executed_positive: 0
DEBUG    localization    executed_negative: 1
DEBUG    localization    (loc, score) = (('A', (1278, 20, 1278, 20)), 1.0)
DEBUG    localization    executed_positive: 0
DEBUG    localization    executed_negative: 1
DEBUG    localization    (loc, score) = (('A', (829, 43, 829, 44)), 1.0)
DEBUG    localization    executed_positive: 0
DEBUG    localization    executed_negative: 1
DEBUG    localization    (loc, score) = (('A', (536, 32, 536, 32)), 1.0)
DEBUG    localization    executed_positive: 0
DEBUG    localization    executed_negative: 1
DEBUG    localization    (loc, score) = (('A', (1833, 15, 1833, 15)), 1.0)
DEBUG    localization    executed_positive: 1
DEBUG    localization    executed_negative: 0
DEBUG    localization    (loc, score) = (('A', (1278, 20, 1278, 20), '0'), 0.0)
DEBUG    localization    executed_positive: 0
DEBUG    localization    executed_negative: 1
DEBUG    localization    (loc, score) = (('A', (797, 15, 797, 15)), 1.0)
DEBUG    localization    executed_positive: 1
DEBUG    localization    executed_negative: 0
DEBUG    localization    (loc, score) = (('A', (539, 18, 539, 25), '1'), 0.0)
DEBUG    localization    executed_positive: 2
DEBUG    localization    executed_negative: 0
DEBUG    localization    (loc, score) = (('A', (1809, 17, 1809, 17), '1'), 0.0)
DEBUG    localization    executed_positive: 0
DEBUG    localization    executed_negative: 1
DEBUG    localization    (loc, score) = (('A', (1279, 19, 1279, 19)), 1.0)
DEBUG    localization    executed_positive: 0
DEBUG    localization    executed_negative: 1
DEBUG    localization    (loc, score) = (('A', (653, 7, 653, 7)), 1.0)
DEBUG    localization    executed_positive: 0
DEBUG    localization    executed_negative: 1
DEBUG    localization    (loc, score) = (('A', (1803, 18, 1803, 18)), 1.0)
DEBUG    localization    executed_positive: 0
DEBUG    localization    executed_negative: 1
DEBUG    localization    (loc, score) = (('A', (657, 15, 657, 15)), 1.0)
DEBUG    localization    ranking: [(('A', (537, 32, 537, 32)), 1.0), (('A', (656, 17, 656, 17)), 1.0), (('A', (1861, 8, 1861, 8)), 1.0), (('A', (1274, 12, 1274, 12)), 1.0), (('A', (1809, 17, 1809, 17)), 1.0), (('A', (539, 18, 539, 25)), 1.0), (('A', (1278, 20, 1278, 20)), 1.0), (('A', (829, 43, 829, 44)), 1.0), (('A', (536, 32, 536, 32)), 1.0), (('A', (1833, 15, 1833, 15)), 1.0), (('A', (797, 15, 797, 15)), 1.0), (('A', (1279, 19, 1279, 19)), 1.0), (('A', (653, 7, 653, 7)), 1.0), (('A', (1803, 18, 1803, 18)), 1.0), (('A', (657, 15, 657, 15)), 1.0)]
INFO     localization    (loc, score) = (('A', (537, 32, 537, 32)), 1.0)
INFO     localization    (loc, score) = (('A', (656, 17, 656, 17)), 1.0)
INFO     localization    (loc, score) = (('A', (1861, 8, 1861, 8)), 1.0)
INFO     localization    (loc, score) = (('A', (1274, 12, 1274, 12)), 1.0)
INFO     localization    (loc, score) = (('A', (1809, 17, 1809, 17)), 1.0)
INFO     localization    (loc, score) = (('A', (539, 18, 539, 25)), 1.0)
INFO     localization    (loc, score) = (('A', (1278, 20, 1278, 20)), 1.0)
INFO     localization    (loc, score) = (('A', (829, 43, 829, 44)), 1.0)
INFO     localization    (loc, score) = (('A', (536, 32, 536, 32)), 1.0)
INFO     localization    (loc, score) = (('A', (1833, 15, 1833, 15)), 1.0)
INFO     localization    (loc, score) = (('A', (797, 15, 797, 15)), 1.0)
INFO     localization    (loc, score) = (('A', (1279, 19, 1279, 19)), 1.0)
INFO     localization    (loc, score) = (('A', (653, 7, 653, 7)), 1.0)
INFO     localization    (loc, score) = (('A', (1803, 18, 1803, 18)), 1.0)
INFO     localization    (loc, score) = (('A', (657, 15, 657, 15)), 1.0)
DEBUG    localization    top: [(('A', (536, 32, 536, 32)), 1.0), (('A', (537, 32, 537, 32)), 1.0), (('A', (539, 18, 539, 25)), 1.0), (('A', (653, 7, 653, 7)), 1.0), (('A', (656, 17, 656, 17)), 1.0), (('A', (657, 15, 657, 15)), 1.0), (('A', (797, 15, 797, 15)), 1.0), (('A', (829, 43, 829, 44)), 1.0), (('A', (1274, 12, 1274, 12)), 1.0), (('A', (1278, 20, 1278, 20)), 1.0), (('A', (1279, 19, 1279, 19)), 1.0), (('A', (1803, 18, 1803, 18)), 1.0), (('A', (1809, 17, 1809, 17)), 1.0), (('A', (1833, 15, 1833, 15)), 1.0), (('A', (1861, 8, 1861, 8)), 1.0)]
INFO     localization    group 1: [('A', (536, 32, 536, 32))] (1.0)
INFO     localization    group 2: [('A', (537, 32, 537, 32))] (1.0)
INFO     localization    group 3: [('A', (539, 18, 539, 25))] (1.0)
INFO     localization    group 4: [('A', (653, 7, 653, 7))] (1.0)
INFO     localization    group 5: [('A', (656, 17, 656, 17))] (1.0)
INFO     localization    group 6: [('A', (657, 15, 657, 15))] (1.0)
INFO     localization    group 7: [('A', (797, 15, 797, 15))] (1.0)
INFO     localization    group 8: [('A', (829, 43, 829, 44))] (1.0)
INFO     localization    group 9: [('A', (1274, 12, 1274, 12))] (1.0)
INFO     localization    group 10: [('A', (1278, 20, 1278, 20))] (1.0)
INFO     localization    group 11: [('A', (1279, 19, 1279, 19))] (1.0)
INFO     localization    group 12: [('A', (1803, 18, 1803, 18))] (1.0)
INFO     localization    group 13: [('A', (1809, 17, 1809, 17))] (1.0)
INFO     localization    group 14: [('A', (1833, 15, 1833, 15))] (1.0)
INFO     localization    group 15: [('A', (1861, 8, 1861, 8))] (1.0)
INFO     localization    selected expressions [('A', (536, 32, 536, 32))] with group score 1.0 
INFO     localization    selected expressions [('A', (537, 32, 537, 32))] with group score 1.0 
INFO     localization    selected expressions [('A', (539, 18, 539, 25))] with group score 1.0 
INFO     localization    selected expressions [('A', (653, 7, 653, 7))] with group score 1.0 
INFO     localization    selected expressions [('A', (656, 17, 656, 17))] with group score 1.0 
INFO     localization    selected expressions [('A', (657, 15, 657, 15))] with group score 1.0 
INFO     localization    selected expressions [('A', (797, 15, 797, 15))] with group score 1.0 
INFO     localization    selected expressions [('A', (829, 43, 829, 44))] with group score 1.0 
INFO     localization    selected expressions [('A', (1274, 12, 1274, 12))] with group score 1.0 
INFO     localization    selected expressions [('A', (1278, 20, 1278, 20))] with group score 1.0 
INFO     localization    selected expressions [('A', (1279, 19, 1279, 19))] with group score 1.0 
INFO     localization    selected expressions [('A', (1803, 18, 1803, 18))] with group score 1.0 
INFO     localization    selected expressions [('A', (1809, 17, 1809, 17))] with group score 1.0 
INFO     localization    selected expressions [('A', (1833, 15, 1833, 15))] with group score 1.0 
INFO     localization    selected expressions [('A', (1861, 8, 1861, 8))] with group score 1.0 
DEBUG    localization    groups: [[('A', (536, 32, 536, 32))], [('A', (537, 32, 537, 32))], [('A', (539, 18, 539, 25))], [('A', (653, 7, 653, 7))], [('A', (656, 17, 656, 17))], [('A', (657, 15, 657, 15))], [('A', (797, 15, 797, 15))], [('A', (829, 43, 829, 44))], [('A', (1274, 12, 1274, 12))], [('A', (1278, 20, 1278, 20))], [('A', (1279, 19, 1279, 19))], [('A', (1803, 18, 1803, 18))], [('A', (1809, 17, 1809, 17))], [('A', (1833, 15, 1833, 15))], [('A', (1861, 8, 1861, 8))]]
INFO     repair          considering suspicious locations [('A', (536, 32, 536, 32))]
INFO     reduction       all failing tests: ['8']
INFO     reduction       selected 3 tests
INFO     reduction       selected passing tests: ['3', '6']
INFO     reduction       selected failing tests: ['8']
INFO     project         configuring backend source
DEBUG    project         configure_cmd: /angelix-experiments/.aux/gzip/configure
INFO     transformation  instrumenting suspicious of backend source
DEBUG    transformation  suspicious_file: /tmp/tmpsm7zplpm/suspicious
DEBUG    transformation  locations: [('A', (536, 32, 536, 32))]
DEBUG    transformation  trans dir: /angelix-experiments/.angelix/backend
DEBUG    transformation  trans cmd: instrument-suspicious gzip.c
WARNING  transformation  transformation of .angelix/backend failed
INFO     project         building backend source
DEBUG    project         CC: angelix-compiler --klee
DEBUG    project         cmd: /angelix-experiments/.aux/gzip/build
INFO     sym_infer       inferring specification for test '8' through KLEE
INFO     testing         running test '8' of backend source with KLEE
DEBUG    testing         KLEE_RUN_MODE: KLEE
DEBUG    testing         ANGELIX_RUN: angelix-run-klee
DEBUG    testing         LLVMINTERP: lli -load /angelix/src/klee/Release+Asserts/lib/libkleeRuntest.so
DEBUG    testing         ANGELIX_WORKDIR: /angelix-experiments/.angelix
DEBUG    testing         ANGELIX_TEST_ID: 8
DEBUG    testing         ANGELIX_RUN_EXECUTIONS: /tmp/tmpec_6_4i3/executions
DEBUG    testing         ANGELIX_SYMBOLIC_RUNTIME: ON
DEBUG    testing         cwd: /angelix-experiments/.angelix/backend
DEBUG    testing         run: /angelix-experiments/.aux/gzip/oracle 8
INFO     testing         output code: 1
INFO     sym_infer       checking whether /angelix-experiments/.angelix/backend/klee-out-0 exists...
DEBUG    sym_infer       smt_files: ['/angelix-experiments/.angelix/backend/klee-out-0/test000001.smt2', '/angelix-experiments/.angelix/backend/klee-out-0/test000002.smt2']
DEBUG    sym_infer       dump: /angelix-experiments/.angelix/dump/8
DEBUG    sym_infer       vars: ['stdout', 'reachable']
DEBUG    sym_infer       oracle: {'stdout': ['0'], 'reachable': []}
INFO     sym_infer       solving path .angelix/backend/klee-out-0/test000001.smt2
INFO     sym_infer       value 'stdout' executed 0 times while 1 required
INFO     sym_infer       solving path .angelix/backend/klee-out-0/test000002.smt2
INFO     sym_infer       value 'stdout' executed 0 times while 1 required
INFO     sym_infer       found 0 angelic paths for test '8'
INFO     repair          considering suspicious locations [('A', (537, 32, 537, 32))]
INFO     reduction       all failing tests: ['8']
INFO     reduction       selected 3 tests
INFO     reduction       selected passing tests: ['3', '6']
INFO     reduction       selected failing tests: ['8']
INFO     project         configuring backend source
DEBUG    project         configure_cmd: /angelix-experiments/.aux/gzip/configure
INFO     transformation  instrumenting suspicious of backend source
DEBUG    transformation  suspicious_file: /tmp/tmpwiprwxms/suspicious
DEBUG    transformation  locations: [('A', (537, 32, 537, 32))]
DEBUG    transformation  trans dir: /angelix-experiments/.angelix/backend
DEBUG    transformation  trans cmd: instrument-suspicious gzip.c
INFO     project         building backend source
DEBUG    project         CC: angelix-compiler --klee
DEBUG    project         cmd: /angelix-experiments/.aux/gzip/build
INFO     sym_infer       inferring specification for test '8' through KLEE
INFO     testing         running test '8' of backend source with KLEE
DEBUG    testing         KLEE_RUN_MODE: KLEE
DEBUG    testing         ANGELIX_RUN: angelix-run-klee
DEBUG    testing         LLVMINTERP: lli -load /angelix/src/klee/Release+Asserts/lib/libkleeRuntest.so
DEBUG    testing         ANGELIX_WORKDIR: /angelix-experiments/.angelix
DEBUG    testing         ANGELIX_TEST_ID: 8
DEBUG    testing         ANGELIX_RUN_EXECUTIONS: /tmp/tmpvxxa6cud/executions
DEBUG    testing         ANGELIX_SYMBOLIC_RUNTIME: ON
DEBUG    testing         cwd: /angelix-experiments/.angelix/backend
DEBUG    testing         run: /angelix-experiments/.aux/gzip/oracle 8
INFO     testing         output code: 1
INFO     sym_infer       checking whether /angelix-experiments/.angelix/backend/klee-out-0 exists...
DEBUG    sym_infer       smt_files: ['/angelix-experiments/.angelix/backend/klee-out-0/test000001.smt2']
DEBUG    sym_infer       dump: /angelix-experiments/.angelix/dump/8
DEBUG    sym_infer       vars: ['stdout', 'reachable']
DEBUG    sym_infer       oracle: {'stdout': ['0'], 'reachable': []}
INFO     sym_infer       solving path .angelix/backend/klee-out-0/test000001.smt2
INFO     sym_infer       value 'stdout' executed 0 times while 1 required
INFO     sym_infer       found 0 angelic paths for test '8'
INFO     repair          considering suspicious locations [('A', (539, 18, 539, 25))]
INFO     reduction       all failing tests: ['8']
INFO     reduction       selected 3 tests
INFO     reduction       selected passing tests: ['3', '6']
INFO     reduction       selected failing tests: ['8']
INFO     project         configuring backend source
DEBUG    project         configure_cmd: /angelix-experiments/.aux/gzip/configure
INFO     transformation  instrumenting suspicious of backend source
DEBUG    transformation  suspicious_file: /tmp/tmpbtj1v8gk/suspicious
DEBUG    transformation  locations: [('A', (539, 18, 539, 25))]
DEBUG    transformation  trans dir: /angelix-experiments/.angelix/backend
DEBUG    transformation  trans cmd: instrument-suspicious gzip.c
INFO     project         building backend source
DEBUG    project         CC: angelix-compiler --klee
DEBUG    project         cmd: /angelix-experiments/.aux/gzip/build
INFO     sym_infer       inferring specification for test '8' through KLEE
INFO     testing         running test '8' of backend source with KLEE
DEBUG    testing         KLEE_RUN_MODE: KLEE
DEBUG    testing         ANGELIX_RUN: angelix-run-klee
DEBUG    testing         LLVMINTERP: lli -load /angelix/src/klee/Release+Asserts/lib/libkleeRuntest.so
DEBUG    testing         ANGELIX_WORKDIR: /angelix-experiments/.angelix
DEBUG    testing         ANGELIX_TEST_ID: 8
DEBUG    testing         ANGELIX_RUN_EXECUTIONS: /tmp/tmpy0ufdowr/executions
DEBUG    testing         ANGELIX_SYMBOLIC_RUNTIME: ON
DEBUG    testing         cwd: /angelix-experiments/.angelix/backend
DEBUG    testing         run: /angelix-experiments/.aux/gzip/oracle 8
INFO     testing         output code: 1
INFO     sym_infer       checking whether /angelix-experiments/.angelix/backend/klee-out-0 exists...
DEBUG    sym_infer       smt_files: ['/angelix-experiments/.angelix/backend/klee-out-0/test000001.smt2', '/angelix-experiments/.angelix/backend/klee-out-0/test000002.smt2']
DEBUG    sym_infer       dump: /angelix-experiments/.angelix/dump/8
DEBUG    sym_infer       vars: ['stdout', 'reachable']
DEBUG    sym_infer       oracle: {'stdout': ['0'], 'reachable': []}
INFO     sym_infer       solving path .angelix/backend/klee-out-0/test000001.smt2
INFO     sym_infer       expression (539, 18, 539, 25)[0]: angelic = 0
DEBUG    sym_infer       angelic_path: {(539, 18, 539, 25): [(0, None, {'insize': 0, 'quiet_1': 0, 'recursive': 0, 'no_name': 1, 'do_lzw': 0, 'test_1': 0, 'quiet': 0, 'method_1': 8, 'total_in': 0, 'ifile_size_1': 0, '_sys_nerr': 135, 'save_orig_name_1': 0, 'to_stdout': 1, 'argc': 5, 'exiting_signal': 0, 'z_len': 3, 'opterr': 1, 'proglen': 15, 'sys_nerr': 135, 'ifd_1': 0, 'to_stdout_1': 1, 'last_member': 0, 'verbose_1': 0, 'ofd_1': 0, 'verbose': 0, 'optind': 2, 'part_nb': 0, 'bytes_out_1': 0, 'level': 6, 'total_out': 0, 'bytes_out': 0, 'remove_ofname_fd': -1, 'timezone': 0, 'inptr_1': 0, 'no_time': 1, 'ifd': 0, 'bytes_in_1': 0, 'outcnt_1': 0, 'insize_1': 0, 'foreground': 0, '__daylight': 0, 'decompress': 1, 'level_1': 6, 'daylight': 0, 'maxbits_1': 16, 'exit_code': 0, 'ascii': 0, 'bytes_in': 0, 'header_bytes': 0, 'list': 0, 'decrypt': 0, 'ofd': 0, 'getdate_err': 0, 'test': 0, '__timezone': -32400, 'ifile_size': 0, 'force': 0, 'block_mode': 128, 'inptr': 0, 'maxbits': 16, 'method': 8, 'exit_code_1': 0, 'save_orig_name': 0, 'outcnt': 0, 'optopt': 0})]}
INFO     testing         running test '8' of frontend source
DEBUG    testing         ANGELIX_RUN: angelix-run-test
DEBUG    testing         ANGELIX_WITH_LOADING: /angelix-experiments/.angelix/load/8
DEBUG    testing         ANGELIX_WORKDIR: /angelix-experiments/.angelix
DEBUG    testing         ANGELIX_TEST_ID: 8
DEBUG    testing         ANGELIX_RUN_EXECUTIONS: /tmp/tmpr8s4gcob/executions
DEBUG    testing         cwd: /angelix-experiments/.angelix/frontend
DEBUG    testing         run: /angelix-experiments/.aux/gzip/oracle 8
INFO     testing         output code: 1
INFO     sym_infer       spurious angelic path
INFO     sym_infer       solving path .angelix/backend/klee-out-0/test000002.smt2
INFO     sym_infer       value 'stdout' executed 0 times while 1 required
INFO     sym_infer       found 0 angelic paths for test '8'
INFO     repair          considering suspicious locations [('A', (653, 7, 653, 7))]
INFO     reduction       all failing tests: ['8']
INFO     reduction       selected 3 tests
INFO     reduction       selected passing tests: ['3', '6']
INFO     reduction       selected failing tests: ['8']
INFO     project         configuring backend source
DEBUG    project         configure_cmd: /angelix-experiments/.aux/gzip/configure
INFO     transformation  instrumenting suspicious of backend source
DEBUG    transformation  suspicious_file: /tmp/tmpclmti61w/suspicious
DEBUG    transformation  locations: [('A', (653, 7, 653, 7))]
DEBUG    transformation  trans dir: /angelix-experiments/.angelix/backend
DEBUG    transformation  trans cmd: instrument-suspicious gzip.c
INFO     project         building backend source
DEBUG    project         CC: angelix-compiler --klee
DEBUG    project         cmd: /angelix-experiments/.aux/gzip/build
INFO     sym_infer       inferring specification for test '8' through KLEE
INFO     testing         running test '8' of backend source with KLEE
DEBUG    testing         KLEE_RUN_MODE: KLEE
DEBUG    testing         ANGELIX_RUN: angelix-run-klee
DEBUG    testing         LLVMINTERP: lli -load /angelix/src/klee/Release+Asserts/lib/libkleeRuntest.so
DEBUG    testing         ANGELIX_WORKDIR: /angelix-experiments/.angelix
DEBUG    testing         ANGELIX_TEST_ID: 8
DEBUG    testing         ANGELIX_RUN_EXECUTIONS: /tmp/tmpw6lkl7xb/executions
DEBUG    testing         ANGELIX_SYMBOLIC_RUNTIME: ON
DEBUG    testing         cwd: /angelix-experiments/.angelix/backend
DEBUG    testing         run: /angelix-experiments/.aux/gzip/oracle 8
INFO     testing         output code: 1
INFO     sym_infer       checking whether /angelix-experiments/.angelix/backend/klee-out-0 exists...
DEBUG    sym_infer       smt_files: ['/angelix-experiments/.angelix/backend/klee-out-0/test000001.smt2', '/angelix-experiments/.angelix/backend/klee-out-0/test000002.smt2', '/angelix-experiments/.angelix/backend/klee-out-0/test000003.smt2', '/angelix-experiments/.angelix/backend/klee-out-0/test000004.smt2']
DEBUG    sym_infer       dump: /angelix-experiments/.angelix/dump/8
DEBUG    sym_infer       vars: ['stdout', 'reachable']
DEBUG    sym_infer       oracle: {'stdout': ['0'], 'reachable': []}
INFO     sym_infer       solving path .angelix/backend/klee-out-0/test000001.smt2
INFO     sym_infer       value 'stdout' executed 0 times while 1 required
INFO     sym_infer       solving path .angelix/backend/klee-out-0/test000002.smt2
INFO     sym_infer       value 'stdout' executed 0 times while 1 required
INFO     sym_infer       solving path .angelix/backend/klee-out-0/test000003.smt2
INFO     sym_infer       expression (653, 7, 653, 7)[0]: angelic = 0
DEBUG    sym_infer       angelic_path: {(653, 7, 653, 7): [(0, None, {'insize': 21, 'quiet_1': 0, 'recursive': 0, 'no_name': 1, 'do_lzw': 0, 'test_1': 0, 'quiet': 0, 'method_1': 8, 'total_in': 0, '_sys_nerr': 135, 'ifile_size_1': 21, 'save_orig_name_1': 0, 'to_stdout': 1, 'exiting_signal': 0, 'z_len': 3, 'opterr': 1, 'sys_nerr': 135, 'optind': 4, 'last_member': 0, 'to_stdout_1': 1, 'verbose_1': 0, 'ifd_1': 3, 'verbose': 0, 'ofd_1': 1, 'part_nb': 1, 'level': 6, 'total_out': 0, 'bytes_out_1': 1, 'bytes_out': 1, 'timezone': 0, 'remove_ofname_fd': -1, 'inptr_1': 21, 'no_time': 1, 'ifd': 3, 'bytes_in_1': 21, 'outcnt_1': 0, '__daylight': 0, 'foreground': 1, 'insize_1': 21, 'decompress': 1, 'level_1': 6, 'daylight': 0, 'maxbits_1': 16, 'exit_code': 0, 'ascii': 0, 'bytes_in': 21, 'header_bytes': 26, 'list': 0, 'decrypt': 0, 'ofd': 1, 'getdate_err': 0, 'test': 0, '__timezone': -32400, 'ifile_size': 21, 'force': 0, 'block_mode': 128, 'inptr': 21, 'maxbits': 16, 'method': 8, 'exit_code_1': 0, 'save_orig_name': 0, 'outcnt': 0, 'optopt': 0})]}
INFO     testing         running test '8' of frontend source
DEBUG    testing         ANGELIX_RUN: angelix-run-test
DEBUG    testing         ANGELIX_WITH_LOADING: /angelix-experiments/.angelix/load/8
DEBUG    testing         ANGELIX_WORKDIR: /angelix-experiments/.angelix
DEBUG    testing         ANGELIX_TEST_ID: 8
DEBUG    testing         ANGELIX_RUN_EXECUTIONS: /tmp/tmp_yue4g6t/executions
DEBUG    testing         cwd: /angelix-experiments/.angelix/frontend
DEBUG    testing         run: /angelix-experiments/.aux/gzip/oracle 8
INFO     testing         output code: 0
INFO     sym_infer       solving path .angelix/backend/klee-out-0/test000004.smt2
INFO     sym_infer       value 'stdout' executed 0 times while 1 required
INFO     sym_infer       found 1 angelic paths for test '8'
INFO     sym_infer       inferring specification for test '3' through KLEE
INFO     testing         running test '3' of backend source with KLEE
DEBUG    testing         KLEE_RUN_MODE: KLEE
DEBUG    testing         ANGELIX_RUN: angelix-run-klee
DEBUG    testing         LLVMINTERP: lli -load /angelix/src/klee/Release+Asserts/lib/libkleeRuntest.so
DEBUG    testing         ANGELIX_WORKDIR: /angelix-experiments/.angelix
DEBUG    testing         ANGELIX_TEST_ID: 3
DEBUG    testing         ANGELIX_RUN_EXECUTIONS: /tmp/tmpopoaiieh/executions
DEBUG    testing         ANGELIX_SYMBOLIC_RUNTIME: ON
DEBUG    testing         cwd: /angelix-experiments/.angelix/backend
DEBUG    testing         run: /angelix-experiments/.aux/gzip/oracle 3
INFO     testing         output code: 1
INFO     sym_infer       checking whether /angelix-experiments/.angelix/backend/klee-out-0 exists...
INFO     sym_infer       wait until klee out dir gets ready...
WARNING  sym_infer       No paths explored
WARNING  repair          no smt file for test 3
INFO     synthesis       synthesizing patch with component level 'variables'
INFO     synthesis       use nsynth
DEBUG    synthesis       call synthesizer: java -jar /angelix/src/nsynth/target/nsynth-1.0-jar-with-dependencies.jar ['/angelix-experiments/.angelix/syn/syn_1/angelic-forest.json', '/angelix-experiments/.angelix/extracted', '/angelix-experiments/.angelix/syn/syn_1/patch', '/angelix-experiments/.angelix/syn/syn_1/config.json']
DEBUG    synthesis       synthesis output: SUCCESS
INFO     synthesis       fixing expression (653, 7, 653, 7): ifd ---> 0
INFO     repair          candidate fix synthesized
INFO     transformation  applying patch to validation source
INFO     project         building validation source
DEBUG    project         CC: angelix-compiler --klee
DEBUG    project         cmd: /angelix-experiments/.aux/gzip/build
INFO     testing         running test '3' of validation source
DEBUG    testing         ANGELIX_WORKDIR: /angelix-experiments/.angelix
DEBUG    testing         ANGELIX_TEST_ID: 3
DEBUG    testing         ANGELIX_RUN_EXECUTIONS: /tmp/tmpvl6ihape/executions
DEBUG    testing         cwd: /angelix-experiments/.angelix/validation
DEBUG    testing         run: /angelix-experiments/.aux/gzip/oracle 3
INFO     testing         output code: 0
INFO     testing         running test '4' of validation source
DEBUG    testing         ANGELIX_WORKDIR: /angelix-experiments/.angelix
DEBUG    testing         ANGELIX_TEST_ID: 4
DEBUG    testing         ANGELIX_RUN_EXECUTIONS: /tmp/tmp91oadwdi/executions
DEBUG    testing         cwd: /angelix-experiments/.angelix/validation
DEBUG    testing         run: /angelix-experiments/.aux/gzip/oracle 4
INFO     testing         output code: 0
INFO     testing         running test '6' of validation source
DEBUG    testing         ANGELIX_WORKDIR: /angelix-experiments/.angelix
DEBUG    testing         ANGELIX_TEST_ID: 6
DEBUG    testing         ANGELIX_RUN_EXECUTIONS: /tmp/tmpgzd9ka4k/executions
DEBUG    testing         cwd: /angelix-experiments/.angelix/validation
DEBUG    testing         run: /angelix-experiments/.aux/gzip/oracle 6
INFO     testing         output code: 0
INFO     testing         running test '8' of validation source
DEBUG    testing         ANGELIX_WORKDIR: /angelix-experiments/.angelix
DEBUG    testing         ANGELIX_TEST_ID: 8
DEBUG    testing         ANGELIX_RUN_EXECUTIONS: /tmp/tmpv06mcyep/executions
DEBUG    testing         cwd: /angelix-experiments/.angelix/validation
DEBUG    testing         run: /angelix-experiments/.aux/gzip/oracle 8
INFO     testing         output code: 0
INFO     repair          patch successfully generated in 2m 56s (see gzip-2020-Mar18-185457.patch)
SUCCESS
