[repair] benchmark: manybugs
[repair] subject: gzip
[repair] version: 2010-02-19-3eb6091d69-884ef6d16c
[repair] search: symbolic
[fetch] benchmark: manybugs
[fetch] subject: gzip
[fetch] version: 2010-02-19-3eb6091d69-884ef6d16c
[fetch] archive: gzip-bug-2010-02-19-3eb6091d69-884ef6d16c.tar.gz
[fetch] directory: gzip-bug-2010-02-19-3eb6091d69-884ef6d16c
--2020-04-14 16:35:36--  https://repairbenchmarks.cs.umass.edu/ManyBugs/scenarios//gzip-bug-2010-02-19-3eb6091d69-884ef6d16c.tar.gz
Resolving repairbenchmarks.cs.umass.edu (repairbenchmarks.cs.umass.edu)... 128.119.240.19
Connecting to repairbenchmarks.cs.umass.edu (repairbenchmarks.cs.umass.edu)|128.119.240.19|:443... connected.
HTTP request sent, awaiting response... 200 OK
Length: 36753841 (35M) [application/x-gzip]
Saving to: ‘cache/gzip-bug-2010-02-19-3eb6091d69-884ef6d16c.tar.gz’

     0K .......... .......... .......... .......... ..........  0%  119K 5m2s
    50K .......... .......... .......... .......... ..........  0%  241K 3m45s
   100K .......... .......... .......... .......... ..........  0% 33.0M 2m30s
   150K .......... .......... .......... .......... ..........  0% 1.06M 2m1s
   200K .......... .......... .......... .......... ..........  0%  305K 2m0s
   250K .......... .......... .......... .......... ..........  0% 49.2M 1m40s
   300K .......... .......... .......... .......... ..........  0%  232K 1m47s
   350K .......... .......... .......... .......... ..........  1% 30.5M 94s
   400K .......... .......... .......... .......... ..........  1% 19.0M 84s
   450K .......... .......... .......... .......... ..........  1%  235K 90s
   500K .......... .......... .......... .......... ..........  1% 22.2M 82s
   550K .......... .......... .......... .......... ..........  1% 30.7M 75s
   600K .......... .......... .......... .......... ..........  1%  241K 80s
   650K .......... .......... .......... .......... ..........  1% 15.9M 75s
   700K .......... .......... .......... .......... ..........  2% 32.7M 70s
   750K .......... .......... .......... .......... ..........  2%  241K 74s
   800K .......... .......... .......... .......... ..........  2% 13.9M 70s
   850K .......... .......... .......... .......... ..........  2% 26.2M 66s
   900K .......... .......... .......... .......... ..........  2%  239K 70s
   950K .......... .......... .......... .......... ..........  2% 15.4M 67s
  1000K .......... .......... .......... .......... ..........  2% 21.6M 64s
  1050K .......... .......... .......... .......... ..........  3% 16.3M 61s
  1100K .......... .......... .......... .......... ..........  3%  243K 64s
  1150K .......... .......... .......... .......... ..........  3% 13.3M 62s
  1200K .......... .......... .......... .......... ..........  3% 13.4M 59s
  1250K .......... .......... .......... .......... ..........  3%  233K 62s
  1300K .......... .......... .......... .......... ..........  3% 15.1M 60s
  1350K .......... .......... .......... .......... ..........  3% 34.0M 58s
  1400K .......... .......... .......... .......... ..........  4% 14.6M 56s
  1450K .......... .......... .......... .......... ..........  4%  240K 59s
  1500K .......... .......... .......... .......... ..........  4% 17.0M 57s
  1550K .......... .......... .......... .......... ..........  4% 27.4M 55s
  1600K .......... .......... .......... .......... ..........  4%  236K 58s
  1650K .......... .......... .......... .......... ..........  4% 13.0M 56s
  1700K .......... .......... .......... .......... ..........  4% 18.1M 54s
  1750K .......... .......... .......... .......... ..........  5% 25.1M 53s
  1800K .......... .......... .......... .......... ..........  5%  235K 55s
  1850K .......... .......... .......... .......... ..........  5% 15.3M 54s
  1900K .......... .......... .......... .......... ..........  5% 24.8M 52s
  1950K .......... .......... .......... .......... ..........  5% 26.1M 51s
  2000K .......... .......... .......... .......... ..........  5%  240K 53s
  2050K .......... .......... .......... .......... ..........  5% 18.3M 52s
  2100K .......... .......... .......... .......... ..........  5% 28.1M 51s
  2150K .......... .......... .......... .......... ..........  6% 30.6M 49s
  2200K .......... .......... .......... .......... ..........  6% 1.53M 49s
  2250K .......... .......... .......... .......... ..........  6%  289K 50s
  2300K .......... .......... .......... .......... ..........  6% 24.6M 49s
  2350K .......... .......... .......... .......... ..........  6% 28.6M 48s
  2400K .......... .......... .......... .......... ..........  6% 1.49M 47s
  2450K .......... .......... .......... .......... ..........  6%  287K 49s
  2500K .......... .......... .......... .......... ..........  7% 16.5M 48s
  2550K .......... .......... .......... .......... ..........  7% 15.7M 47s
  2600K .......... .......... .......... .......... ..........  7% 25.4M 46s
  2650K .......... .......... .......... .......... ..........  7%  489K 46s
  2700K .......... .......... .......... .......... ..........  7%  485K 46s
  2750K .......... .......... .......... .......... ..........  7% 26.2M 46s
  2800K .......... .......... .......... .......... ..........  7% 8.77M 45s
  2850K .......... .......... .......... .......... ..........  8% 9.64M 44s
  2900K .......... .......... .......... .......... ..........  8%  253K 45s
  2950K .......... .......... .......... .......... ..........  8% 13.1M 45s
  3000K .......... .......... .......... .......... ..........  8% 14.0M 44s
  3050K .......... .......... .......... .......... ..........  8% 12.1M 43s
  3100K .......... .......... .......... .......... ..........  8% 6.50M 42s
  3150K .......... .......... .......... .......... ..........  8%  256K 44s
  3200K .......... .......... .......... .......... ..........  9% 11.7M 43s
  3250K .......... .......... .......... .......... ..........  9% 14.5M 42s
  3300K .......... .......... .......... .......... ..........  9% 14.2M 42s
  3350K .......... .......... .......... .......... ..........  9% 6.36M 41s
  3400K .......... .......... .......... .......... ..........  9%  253K 42s
  3450K .......... .......... .......... .......... ..........  9% 17.5M 42s
  3500K .......... .......... .......... .......... ..........  9% 14.3M 41s
  3550K .......... .......... .......... .......... .......... 10% 11.4M 40s
  3600K .......... .......... .......... .......... .......... 10% 5.88M 40s
  3650K .......... .......... .......... .......... .......... 10%  121K 43s
  3700K .......... .......... .......... .......... .......... 10% 70.4M 42s
  3750K .......... .......... .......... .......... .......... 10% 70.9M 42s
  3800K .......... .......... .......... .......... .......... 10% 70.1M 41s
  3850K .......... .......... .......... .......... .......... 10% 76.6M 40s
  3900K .......... .......... .......... .......... .......... 11% 72.7M 40s
  3950K .......... .......... .......... .......... .......... 11% 80.7M 39s
  4000K .......... .......... .......... .......... .......... 11% 13.6M 39s
  4050K .......... .......... .......... .......... .......... 11% 7.09M 38s
  4100K .......... .......... .......... .......... .......... 11%  436K 39s
  4150K .......... .......... .......... .......... .......... 11%  534K 39s
  4200K .......... .......... .......... .......... .......... 11% 10.9M 38s
  4250K .......... .......... .......... .......... .......... 11% 6.74M 38s
  4300K .......... .......... .......... .......... .......... 12%  772K 38s
  4350K .......... .......... .......... .......... .......... 12%  340K 38s
  4400K .......... .......... .......... .......... .......... 12%  222K 40s
  4450K .......... .......... .......... .......... .......... 12% 23.8M 39s
  4500K .......... .......... .......... .......... .......... 12% 1.90M 39s
  4550K .......... .......... .......... .......... .......... 12% 79.5M 38s
  4600K .......... .......... .......... .......... .......... 12% 76.5M 38s
  4650K .......... .......... .......... .......... .......... 13%  302K 38s
  4700K .......... .......... .......... .......... .......... 13% 6.08M 38s
  4750K .......... .......... .......... .......... .......... 13% 3.83M 38s
  4800K .......... .......... .......... .......... .......... 13%  255K 38s
  4850K .......... .......... .......... .......... .......... 13% 5.21M 38s
  4900K .......... .......... .......... .......... .......... 13% 1.53M 38s
  4950K .......... .......... .......... .......... .......... 13%  289K 38s
  5000K .......... .......... .......... .......... .......... 14% 5.35M 38s
  5050K .......... .......... .......... .......... .......... 14% 4.13M 38s
  5100K .......... .......... .......... .......... .......... 14%  252K 38s
  5150K .......... .......... .......... .......... .......... 14% 5.33M 38s
  5200K .......... .......... .......... .......... .......... 14%  214K 39s
  5250K .......... .......... .......... .......... .......... 14% 3.32M 39s
  5300K .......... .......... .......... .......... .......... 14% 87.6M 38s
  5350K .......... .......... .......... .......... .......... 15% 83.2M 38s
  5400K .......... .......... .......... .......... .......... 15%  288K 38s
  5450K .......... .......... .......... .......... .......... 15% 2.33M 38s
  5500K .......... .......... .......... .......... .......... 15%  250K 39s
  5550K .......... .......... .......... .......... .......... 15%  230K 40s
  5600K .......... .......... .......... .......... .......... 15% 5.22M 39s
  5650K .......... .......... .......... .......... .......... 15% 87.9M 39s
  5700K .......... .......... .......... .......... .......... 16%  257K 39s
  5750K .......... .......... .......... .......... .......... 16% 2.02M 39s
  5800K .......... .......... .......... .......... .......... 16%  252K 40s
  5850K .......... .......... .......... .......... .......... 16% 2.06M 39s
  5900K .......... .......... .......... .......... .......... 16%  260K 40s
  5950K .......... .......... .......... .......... .......... 16% 1.32M 40s
  6000K .......... .......... .......... .......... .......... 16%  257K 40s
  6050K .......... .......... .......... .......... .......... 16%  197K 41s
  6100K .......... .......... .......... .......... .......... 17% 69.2M 41s
  6150K .......... .......... .......... .......... .......... 17%  354K 41s
  6200K .......... .......... .......... .......... .......... 17%  829K 41s
  6250K .......... .......... .......... .......... .......... 17%  276K 41s
  6300K .......... .......... .......... .......... .......... 17%  268K 42s
  6350K .......... .......... .......... .......... .......... 17%  400K 42s
  6400K .......... .......... .......... .......... .......... 17%  415K 42s
  6450K .......... .......... .......... .......... .......... 18%  166K 43s
  6500K .......... .......... .......... .......... .......... 18%  673K 43s
  6550K .......... .......... .......... .......... .......... 18%  184K 44s
  6600K .......... .......... .......... .......... .......... 18%  328K 44s
  6650K .......... .......... .......... .......... .......... 18%  206K 45s
  6700K .......... .......... .......... .......... .......... 18%  214K 45s
  6750K .......... .......... .......... .......... .......... 18%  225K 46s
  6800K .......... .......... .......... .......... .......... 19% 84.3K 48s
  6850K .......... .......... .......... .......... .......... 19% 1.44M 48s
  6900K .......... .......... .......... .......... .......... 19%  214K 48s
  6950K .......... .......... .......... .......... .......... 19%  135K 49s
  7000K .......... .......... .......... .......... .......... 19%  228K 50s
  7050K .......... .......... .......... .......... .......... 19%  216K 50s
  7100K .......... .......... .......... .......... .......... 19%  231K 51s
  7150K .......... .......... .......... .......... .......... 20%  214K 51s
  7200K .......... .......... .......... .......... .......... 20%  132K 52s
  7250K .......... .......... .......... .......... .......... 20%  229K 53s
  7300K .......... .......... .......... .......... .......... 20%  229K 53s
  7350K .......... .......... .......... .......... .......... 20%  236K 54s
  7400K .......... .......... .......... .......... .......... 20%  201K 54s
  7450K .......... .......... .......... .......... .......... 20%  101K 55s
  7500K .......... .......... .......... .......... .......... 21%  319K 56s
  7550K .......... .......... .......... .......... .......... 21%  117K 57s
  7600K .......... .......... .......... .......... .......... 21%  117K 58s
  7650K .......... .......... .......... .......... .......... 21%  121K 59s
  7700K .......... .......... .......... .......... .......... 21% 77.8K 61s
  7750K .......... .......... .......... .......... .......... 21%  124K 62s
  7800K .......... .......... .......... .......... .......... 21%  112K 63s
  7850K .......... .......... .......... .......... .......... 22%  116K 64s
  7900K .......... .......... .......... .......... .......... 22%  117K 65s
  7950K .......... .......... .......... .......... .......... 22%  119K 66s
  8000K .......... .......... .......... .......... .......... 22% 80.2K 67s
  8050K .......... .......... .......... .......... .......... 22%  197K 68s
  8100K .......... .......... .......... .......... .......... 22%  127K 68s
  8150K .......... .......... .......... .......... .......... 22%  120K 69s
  8200K .......... .......... .......... .......... .......... 22%  239K 70s
  8250K .......... .......... .......... .......... .......... 23%  117K 70s
  8300K .......... .......... .......... .......... .......... 23%  230K 71s
  8350K .......... .......... .......... .......... .......... 23%  123K 71s
  8400K .......... .......... .......... .......... .......... 23%  178K 72s
  8450K .......... .......... .......... .......... .......... 23%  135K 72s
  8500K .......... .......... .......... .......... .......... 23%  227K 73s
  8550K .......... .......... .......... .......... .......... 23%  206K 73s
  8600K .......... .......... .......... .......... .......... 24%  235K 73s
  8650K .......... .......... .......... .......... .......... 24%  207K 73s
  8700K .......... .......... .......... .......... .......... 24%  150K 74s
  8750K .......... .......... .......... .......... .......... 24%  240K 74s
  8800K .......... .......... .......... .......... .......... 24%  208K 74s
  8850K .......... .......... .......... .......... .......... 24%  229K 74s
  8900K .......... .......... .......... .......... .......... 24%  236K 74s
  8950K .......... .......... .......... .......... .......... 25%  224K 74s
  9000K .......... .......... .......... .......... .......... 25%  117K 75s
  9050K .......... .......... .......... .......... .......... 25%  253K 75s
  9100K .......... .......... .......... .......... .......... 25%  244K 75s
  9150K .......... .......... .......... .......... .......... 25%  239K 75s
  9200K .......... .......... .......... .......... .......... 25%  169K 75s
  9250K .......... .......... .......... .......... .......... 25%  194K 75s
  9300K .......... .......... .......... .......... .......... 26%  293K 75s
  9350K .......... .......... .......... .......... .......... 26%  235K 75s
  9400K .......... .......... .......... .......... .......... 26%  237K 76s
  9450K .......... .......... .......... .......... .......... 26%  361K 75s
  9500K .......... .......... .......... .......... .......... 26%  235K 75s
  9550K .......... .......... .......... .......... .......... 26%  234K 75s
  9600K .......... .......... .......... .......... .......... 26%  235K 76s
  9650K .......... .......... .......... .......... .......... 27%  248K 76s
  9700K .......... .......... .......... .......... .......... 27%  115K 76s
  9750K .......... .......... .......... .......... .......... 27%  709K 76s
  9800K .......... .......... .......... .......... .......... 27%  221K 76s
  9850K .......... .......... .......... .......... .......... 27%  200K 76s
  9900K .......... .......... .......... .......... .......... 27%  224K 76s
  9950K .......... .......... .......... .......... .......... 27%  239K 76s
 10000K .......... .......... .......... .......... .......... 28%  161K 76s
 10050K .......... .......... .......... .......... .......... 28%  236K 76s
 10100K .......... .......... .......... .......... .......... 28%  155K 77s
 10150K .......... .......... .......... .......... .......... 28%  456K 76s
 10200K .......... .......... .......... .......... .......... 28%  191K 77s
 10250K .......... .......... .......... .......... .......... 28%  186K 77s
 10300K .......... .......... .......... .......... .......... 28%  182K 77s
 10350K .......... .......... .......... .......... .......... 28%  203K 77s
 10400K .......... .......... .......... .......... .......... 29%  188K 77s
 10450K .......... .......... .......... .......... .......... 29%  213K 77s
 10500K .......... .......... .......... .......... .......... 29%  214K 77s
 10550K .......... .......... .......... .......... .......... 29%  230K 77s
 10600K .......... .......... .......... .......... .......... 29%  200K 77s
 10650K .......... .......... .......... .......... .......... 29%  188K 77s
 10700K .......... .......... .......... .......... .......... 29%  235K 77s
 10750K .......... .......... .......... .......... .......... 30%  236K 77s
 10800K .......... .......... .......... .......... .......... 30%  177K 77s
 10850K .......... .......... .......... .......... .......... 30%  199K 78s
 10900K .......... .......... .......... .......... .......... 30%  292K 77s
 10950K .......... .......... .......... .......... .......... 30%  240K 77s
 11000K .......... .......... .......... .......... .......... 30%  241K 77s
 11050K .......... .......... .......... .......... .......... 30%  227K 77s
 11100K .......... .......... .......... .......... .......... 31%  145K 78s
 11150K .......... .......... .......... .......... .......... 31%  328K 77s
 11200K .......... .......... .......... .......... .......... 31%  141K 78s
 11250K .......... .......... .......... .......... .......... 31%  192K 78s
 11300K .......... .......... .......... .......... .......... 31%  112K 78s
 11350K .......... .......... .......... .......... .......... 31% 52.5M 78s
 11400K .......... .......... .......... .......... .......... 31%  102K 78s
 11450K .......... .......... .......... .......... .......... 32%  235K 78s
 11500K .......... .......... .......... .......... .......... 32%  117K 79s
 11550K .......... .......... .......... .......... .......... 32%  123K 79s
 11600K .......... .......... .......... .......... .......... 32%  113K 79s
 11650K .......... .......... .......... .......... .......... 32%  130K 80s
 11700K .......... .......... .......... .......... .......... 32%  183K 80s
 11750K .......... .......... .......... .......... .......... 32%  125K 80s
 11800K .......... .......... .......... .......... .......... 33%  176K 80s
 11850K .......... .......... .......... .......... .......... 33%  143K 80s
 11900K .......... .......... .......... .......... .......... 33%  119K 81s
 11950K .......... .......... .......... .......... .......... 33%  236K 81s
 12000K .......... .......... .......... .......... .......... 33% 99.3K 81s
 12050K .......... .......... .......... .......... .......... 33%  152K 81s
 12100K .......... .......... .......... .......... .......... 33%  171K 81s
 12150K .......... .......... .......... .......... .......... 33% 94.0K 82s
 12200K .......... .......... .......... .......... .......... 34%  220K 82s
 12250K .......... .......... .......... .......... .......... 34% 78.7K 82s
 12300K .......... .......... .......... .......... .......... 34%  105K 83s
 12350K .......... .......... .......... .......... .......... 34% 81.2K 84s
 12400K .......... .......... .......... .......... .......... 34% 79.2K 84s
 12450K .......... .......... .......... .......... .......... 34% 75.6K 85s
 12500K .......... .......... .......... .......... .......... 34%  187K 85s
 12550K .......... .......... .......... .......... .......... 35% 86.4K 85s
 12600K .......... .......... .......... .......... .......... 35%  120K 86s
 12650K .......... .......... .......... .......... .......... 35%  103K 86s
 12700K .......... .......... .......... .......... .......... 35% 77.0K 87s
 12750K .......... .......... .......... .......... .......... 35%  118K 87s
 12800K .......... .......... .......... .......... .......... 35% 77.2K 88s
 12850K .......... .......... .......... .......... .......... 35%  115K 88s
 12900K .......... .......... .......... .......... .......... 36%  112K 88s
 12950K .......... .......... .......... .......... .......... 36%  117K 88s
 13000K .......... .......... .......... .......... .......... 36%  105K 89s
 13050K .......... .......... .......... .......... .......... 36%  117K 89s
 13100K .......... .......... .......... .......... .......... 36%  116K 89s
 13150K .......... .......... .......... .......... .......... 36% 71.6K 90s
 13200K .......... .......... .......... .......... .......... 36%  125K 90s
 13250K .......... .......... .......... .......... .......... 37% 97.8K 90s
 13300K .......... .......... .......... .......... .......... 37%  116K 90s
 13350K .......... .......... .......... .......... .......... 37%  143K 90s
 13400K .......... .......... .......... .......... .......... 37%  118K 91s
 13450K .......... .......... .......... .......... .......... 37%  128K 91s
 13500K .......... .......... .......... .......... .......... 37%  122K 91s
 13550K .......... .......... .......... .......... .......... 37%  129K 91s
 13600K .......... .......... .......... .......... .......... 38%  105K 91s
 13650K .......... .......... .......... .......... .......... 38%  138K 91s
 13700K .......... .......... .......... .......... .......... 38% 98.8K 92s
 13750K .......... .......... .......... .......... .......... 38%  232K 91s
 13800K .......... .......... .......... .......... .......... 38%  116K 91s
 13850K .......... .......... .......... .......... .......... 38%  141K 92s
 13900K .......... .......... .......... .......... .......... 38% 98.0K 92s
 13950K .......... .......... .......... .......... .......... 39%  147K 92s
 14000K .......... .......... .......... .......... .......... 39% 97.6K 92s
 14050K .......... .......... .......... .......... .......... 39%  148K 92s
 14100K .......... .......... .......... .......... .......... 39%  162K 92s
 14150K .......... .......... .......... .......... .......... 39%  155K 92s
 14200K .......... .......... .......... .......... .......... 39%  167K 92s
 14250K .......... .......... .......... .......... .......... 39%  153K 92s
 14300K .......... .......... .......... .......... .......... 39%  160K 92s
 14350K .......... .......... .......... .......... .......... 40%  151K 92s
 14400K .......... .......... .......... .......... .......... 40% 95.8K 92s
 14450K .......... .......... .......... .......... .......... 40% 87.6K 92s
 14500K .......... .......... .......... .......... .......... 40%  118K 92s
 14550K .......... .......... .......... .......... .......... 40%  118K 92s
 14600K .......... .......... .......... .......... .......... 40%  101K 93s
 14650K .......... .......... .......... .......... .......... 40%  117K 93s
 14700K .......... .......... .......... .......... .......... 41% 90.4K 93s
 14750K .......... .......... .......... .......... .......... 41% 97.5K 93s
 14800K .......... .......... .......... .......... .......... 41% 51.1K 94s
 14850K .......... .......... .......... .......... .......... 41%  221K 94s
 14900K .......... .......... .......... .......... .......... 41% 94.0K 94s
 14950K .......... .......... .......... .......... .......... 41% 92.3K 94s
 15000K .......... .......... .......... .......... .......... 41% 79.8K 95s
 15050K .......... .......... .......... .......... .......... 42% 79.7K 95s
 15100K .......... .......... .......... .......... .......... 42%  118K 95s
 15150K .......... .......... .......... .......... .......... 42%  103K 95s
 15200K .......... .......... .......... .......... .......... 42% 89.0K 95s
 15250K .......... .......... .......... .......... .......... 42% 38.4K 96s
 15300K .......... .......... .......... .......... .......... 42%  109M 96s
 15350K .......... .......... .......... .......... .......... 42%  225K 96s
 15400K .......... .......... .......... .......... .......... 43%  121K 96s
 15450K .......... .......... .......... .......... .......... 43%  118K 96s
 15500K .......... .......... .......... .......... .......... 43%  113K 96s
 15550K .......... .......... .......... .......... .......... 43% 78.5K 96s
 15600K .......... .......... .......... .......... .......... 43%  115K 96s
 15650K .......... .......... .......... .......... .......... 43%  104K 96s
 15700K .......... .......... .......... .......... .......... 43%  119K 96s
 15750K .......... .......... .......... .......... .......... 44%  127K 96s
 15800K .......... .......... .......... .......... .......... 44%  125K 96s
 15850K .......... .......... .......... .......... .......... 44%  116K 96s
 15900K .......... .......... .......... .......... .......... 44%  123K 96s
 15950K .......... .......... .......... .......... .......... 44%  147K 96s
 16000K .......... .......... .......... .......... .......... 44%  101K 96s
 16050K .......... .......... .......... .......... .......... 44%  159K 96s
 16100K .......... .......... .......... .......... .......... 44%  162K 96s
 16150K .......... .......... .......... .......... .......... 45%  161K 95s
 16200K .......... .......... .......... .......... .......... 45%  203K 95s
 16250K .......... .......... .......... .......... .......... 45%  158K 95s
 16300K .......... .......... .......... .......... .......... 45%  164K 95s
 16350K .......... .......... .......... .......... .......... 45%  246K 95s
 16400K .......... .......... .......... .......... .......... 45%  166K 94s
 16450K .......... .......... .......... .......... .......... 45%  233K 94s
 16500K .......... .......... .......... .......... .......... 46%  326K 94s
 16550K .......... .......... .......... .......... .......... 46%  120K 94s
 16600K .......... .......... .......... .......... .......... 46% 3.33M 93s
 16650K .......... .......... .......... .......... .......... 46%  197K 93s
 16700K .......... .......... .......... .......... .......... 46%  241K 93s
 16750K .......... .......... .......... .......... .......... 46%  279K 92s
 16800K .......... .......... .......... .......... .......... 46%  172K 92s
 16850K .......... .......... .......... .......... .......... 47%  291K 92s
 16900K .......... .......... .......... .......... .......... 47%  264K 92s
 16950K .......... .......... .......... .......... .......... 47%  271K 91s
 17000K .......... .......... .......... .......... .......... 47%  265K 91s
 17050K .......... .......... .......... .......... .......... 47%  389K 91s
 17100K .......... .......... .......... .......... .......... 47%  287K 90s
 17150K .......... .......... .......... .......... .......... 47%  285K 90s
 17200K .......... .......... .......... .......... .......... 48%  238K 90s
 17250K .......... .......... .......... .......... .......... 48%  332K 89s
 17300K .......... .......... .......... .......... .......... 48%  413K 89s
 17350K .......... .......... .......... .......... .......... 48%  268K 89s
 17400K .......... .......... .......... .......... .......... 48%  268K 88s
 17450K .......... .......... .......... .......... .......... 48%  253K 88s
 17500K .......... .......... .......... .......... .......... 48%  635K 88s
 17550K .......... .......... .......... .......... .......... 49%  133K 88s
 17600K .......... .......... .......... .......... .......... 49%  221K 87s
 17650K .......... .......... .......... .......... .......... 49%  282K 87s
 17700K .......... .......... .......... .......... .......... 49%  202K 87s
 17750K .......... .......... .......... .......... .......... 49%  134K 87s
 17800K .......... .......... .......... .......... .......... 49%  203K 87s
 17850K .......... .......... .......... .......... .......... 49%  172K 86s
 17900K .......... .......... .......... .......... .......... 50%  165K 86s
 17950K .......... .......... .......... .......... .......... 50%  207K 86s
 18000K .......... .......... .......... .......... .......... 50%  126K 86s
 18050K .......... .......... .......... .......... .......... 50%  177K 86s
 18100K .......... .......... .......... .......... .......... 50%  173K 85s
 18150K .......... .......... .......... .......... .......... 50%  178K 85s
 18200K .......... .......... .......... .......... .......... 50%  152K 85s
 18250K .......... .......... .......... .......... .......... 50%  158K 85s
 18300K .......... .......... .......... .......... .......... 51%  157K 85s
 18350K .......... .......... .......... .......... .......... 51%  156K 85s
 18400K .......... .......... .......... .......... .......... 51%  148K 84s
 18450K .......... .......... .......... .......... .......... 51%  168K 84s
 18500K .......... .......... .......... .......... .......... 51%  234K 84s
 18550K .......... .......... .......... .......... .......... 51%  196K 84s
 18600K .......... .......... .......... .......... .......... 51%  167K 84s
 18650K .......... .......... .......... .......... .......... 52%  172K 83s
 18700K .......... .......... .......... .......... .......... 52%  231K 83s
 18750K .......... .......... .......... .......... .......... 52%  120K 83s
 18800K .......... .......... .......... .......... .......... 52%  124K 83s
 18850K .......... .......... .......... .......... .......... 52%  179K 83s
 18900K .......... .......... .......... .......... .......... 52%  148K 83s
 18950K .......... .......... .......... .......... .......... 52%  207K 82s
 19000K .......... .......... .......... .......... .......... 53%  186K 82s
 19050K .......... .......... .......... .......... .......... 53%  144K 82s
 19100K .......... .......... .......... .......... .......... 53%  167K 82s
 19150K .......... .......... .......... .......... .......... 53%  138K 82s
 19200K .......... .......... .......... .......... .......... 53%  124K 82s
 19250K .......... .......... .......... .......... .......... 53% 92.2K 82s
 19300K .......... .......... .......... .......... .......... 53%  475K 81s
 19350K .......... .......... .......... .......... .......... 54%  127K 81s
 19400K .......... .......... .......... .......... .......... 54%  183K 81s
 19450K .......... .......... .......... .......... .......... 54%  126K 81s
 19500K .......... .......... .......... .......... .......... 54%  109K 81s
 19550K .......... .......... .......... .......... .......... 54%  127K 81s
 19600K .......... .......... .......... .......... .......... 54%  109K 80s
 19650K .......... .......... .......... .......... .......... 54%  126K 80s
 19700K .......... .......... .......... .......... .......... 55%  201K 80s
 19750K .......... .......... .......... .......... .......... 55%  122K 80s
 19800K .......... .......... .......... .......... .......... 55% 90.1K 80s
 19850K .......... .......... .......... .......... .......... 55%  168K 80s
 19900K .......... .......... .......... .......... .......... 55%  122K 80s
 19950K .......... .......... .......... .......... .......... 55%  143K 79s
 20000K .......... .......... .......... .......... .......... 55% 98.0K 79s
 20050K .......... .......... .......... .......... .......... 56%  207K 79s
 20100K .......... .......... .......... .......... .......... 56%  125K 79s
 20150K .......... .......... .......... .......... .......... 56%  192K 79s
 20200K .......... .......... .......... .......... .......... 56%  133K 79s
 20250K .......... .......... .......... .......... .......... 56%  187K 78s
 20300K .......... .......... .......... .......... .......... 56%  134K 78s
 20350K .......... .......... .......... .......... .......... 56%  216K 78s
 20400K .......... .......... .......... .......... .......... 56%  127K 78s
 20450K .......... .......... .......... .......... .......... 57%  207K 78s
 20500K .......... .......... .......... .......... .......... 57% 91.1K 78s
 20550K .......... .......... .......... .......... .......... 57% 1.11M 77s
 20600K .......... .......... .......... .......... .......... 57%  141K 77s
 20650K .......... .......... .......... .......... .......... 57%  167K 77s
 20700K .......... .......... .......... .......... .......... 57%  117K 77s
 20750K .......... .......... .......... .......... .......... 57%  209K 76s
 20800K .......... .......... .......... .......... .......... 58%  109K 76s
 20850K .......... .......... .......... .......... .......... 58%  130K 76s
 20900K .......... .......... .......... .......... .......... 58%  140K 76s
 20950K .......... .......... .......... .......... .......... 58%  181K 76s
 21000K .......... .......... .......... .......... .......... 58%  143K 75s
 21050K .......... .......... .......... .......... .......... 58%  177K 75s
 21100K .......... .......... .......... .......... .......... 58%  137K 75s
 21150K .......... .......... .......... .......... .......... 59%  188K 75s
 21200K .......... .......... .......... .......... .......... 59% 77.0K 75s
 21250K .......... .......... .......... .......... .......... 59%  992K 74s
 21300K .......... .......... .......... .......... .......... 59%  139K 74s
 21350K .......... .......... .......... .......... .......... 59%  122K 74s
 21400K .......... .......... .......... .......... .......... 59%  227K 74s
 21450K .......... .......... .......... .......... .......... 59%  190K 74s
 21500K .......... .......... .......... .......... .......... 60%  138K 73s
 21550K .......... .......... .......... .......... .......... 60%  239K 73s
 21600K .......... .......... .......... .......... .......... 60%  119K 73s
 21650K .......... .......... .......... .......... .......... 60%  228K 73s
 21700K .......... .......... .......... .......... .......... 60%  231K 72s
 21750K .......... .......... .......... .......... .......... 60%  137K 72s
 21800K .......... .......... .......... .......... .......... 60%  195K 72s
 21850K .......... .......... .......... .......... .......... 61%  216K 72s
 21900K .......... .......... .......... .......... .......... 61%  236K 71s
 21950K .......... .......... .......... .......... .......... 61%  120K 71s
 22000K .......... .......... .......... .......... .......... 61%  118K 71s
 22050K .......... .......... .......... .......... .......... 61%  184K 71s
 22100K .......... .......... .......... .......... .......... 61%  128K 71s
 22150K .......... .......... .......... .......... .......... 61%  222K 70s
 22200K .......... .......... .......... .......... .......... 61%  125K 70s
 22250K .......... .......... .......... .......... .......... 62%  242K 70s
 22300K .......... .......... .......... .......... .......... 62%  234K 70s
 22350K .......... .......... .......... .......... .......... 62%  228K 69s
 22400K .......... .......... .......... .......... .......... 62%  126K 69s
 22450K .......... .......... .......... .......... .......... 62%  223K 69s
 22500K .......... .......... .......... .......... .......... 62%  123K 69s
 22550K .......... .......... .......... .......... .......... 62%  224K 68s
 22600K .......... .......... .......... .......... .......... 63%  120K 68s
 22650K .......... .......... .......... .......... .......... 63%  230K 68s
 22700K .......... .......... .......... .......... .......... 63%  135K 68s
 22750K .......... .......... .......... .......... .......... 63%  191K 68s
 22800K .......... .......... .......... .......... .......... 63%  227K 67s
 22850K .......... .......... .......... .......... .......... 63%  126K 67s
 22900K .......... .......... .......... .......... .......... 63%  231K 67s
 22950K .......... .......... .......... .......... .......... 64%  231K 67s
 23000K .......... .......... .......... .......... .......... 64%  240K 66s
 23050K .......... .......... .......... .......... .......... 64%  128K 66s
 23100K .......... .......... .......... .......... .......... 64%  198K 66s
 23150K .......... .......... .......... .......... .......... 64%  231K 66s
 23200K .......... .......... .......... .......... .......... 64%  117K 65s
 23250K .......... .......... .......... .......... .......... 64%  229K 65s
 23300K .......... .......... .......... .......... .......... 65%  241K 65s
 23350K .......... .......... .......... .......... .......... 65%  231K 65s
 23400K .......... .......... .......... .......... .......... 65%  202K 64s
 23450K .......... .......... .......... .......... .......... 65%  241K 64s
 23500K .......... .......... .......... .......... .......... 65%  203K 64s
 23550K .......... .......... .......... .......... .......... 65%  298K 63s
 23600K .......... .......... .......... .......... .......... 65%  161K 63s
 23650K .......... .......... .......... .......... .......... 66%  236K 63s
 23700K .......... .......... .......... .......... .......... 66%  412K 63s
 23750K .......... .......... .......... .......... .......... 66%  292K 62s
 23800K .......... .......... .......... .......... .......... 66%  249K 62s
 23850K .......... .......... .......... .......... .......... 66%  378K 62s
 23900K .......... .......... .......... .......... .......... 66%  535K 61s
 23950K .......... .......... .......... .......... .......... 66%  249K 61s
 24000K .......... .......... .......... .......... .......... 67%  243K 61s
 24050K .......... .......... .......... .......... .......... 67% 1.31M 60s
 24100K .......... .......... .......... .......... .......... 67%  290K 60s
 24150K .......... .......... .......... .......... .......... 67%  728K 60s
 24200K .......... .......... .......... .......... .......... 67%  349K 59s
 24250K .......... .......... .......... .......... .......... 67%  692K 59s
 24300K .......... .......... .......... .......... .......... 67%  351K 59s
 24350K .......... .......... .......... .......... .......... 67% 1.59M 58s
 24400K .......... .......... .......... .......... .......... 68%  261K 58s
 24450K .......... .......... .......... .......... .......... 68% 5.43M 58s
 24500K .......... .......... .......... .......... .......... 68%  242K 57s
 24550K .......... .......... .......... .......... .......... 68% 3.67M 57s
 24600K .......... .......... .......... .......... .......... 68%  486K 57s
 24650K .......... .......... .......... .......... .......... 68%  490K 56s
 24700K .......... .......... .......... .......... .......... 68% 3.24M 56s
 24750K .......... .......... .......... .......... .......... 69%  435K 56s
 24800K .......... .......... .......... .......... .......... 69%  546K 55s
 24850K .......... .......... .......... .......... .......... 69% 2.44M 55s
 24900K .......... .......... .......... .......... .......... 69%  276K 55s
 24950K .......... .......... .......... .......... .......... 69% 8.23M 55s
 25000K .......... .......... .......... .......... .......... 69% 4.99M 54s
 25050K .......... .......... .......... .......... .......... 69%  480K 54s
 25100K .......... .......... .......... .......... .......... 70%  580K 54s
 25150K .......... .......... .......... .......... .......... 70% 3.69M 53s
 25200K .......... .......... .......... .......... .......... 70%  456K 53s
 25250K .......... .......... .......... .......... .......... 70%  551K 53s
 25300K .......... .......... .......... .......... .......... 70% 3.86M 52s
 25350K .......... .......... .......... .......... .......... 70% 12.1M 52s
 25400K .......... .......... .......... .......... .......... 70%  461K 52s
 25450K .......... .......... .......... .......... .......... 71%  159K 51s
 25500K .......... .......... .......... .......... .......... 71% 3.70M 51s
 25550K .......... .......... .......... .......... .......... 71% 12.2M 51s
 25600K .......... .......... .......... .......... .......... 71% 1007K 50s
 25650K .......... .......... .......... .......... .......... 71% 79.9M 50s
 25700K .......... .......... .......... .......... .......... 71% 1.01M 50s
 25750K .......... .......... .......... .......... .......... 71%  521K 49s
 25800K .......... .......... .......... .......... .......... 72% 4.42M 49s
 25850K .......... .......... .......... .......... .......... 72%  503K 49s
 25900K .......... .......... .......... .......... .......... 72%  515K 48s
 25950K .......... .......... .......... .......... .......... 72% 4.23M 48s
 26000K .......... .......... .......... .......... .......... 72%  480K 48s
 26050K .......... .......... .......... .......... .......... 72%  498K 47s
 26100K .......... .......... .......... .......... .......... 72% 4.66M 47s
 26150K .......... .......... .......... .......... .......... 72%  497K 47s
 26200K .......... .......... .......... .......... .......... 73%  468K 47s
 26250K .......... .......... .......... .......... .......... 73% 3.65M 46s
 26300K .......... .......... .......... .......... .......... 73% 1.00M 46s
 26350K .......... .......... .......... .......... .......... 73%  906K 46s
 26400K .......... .......... .......... .......... .......... 73%  153K 45s
 26450K .......... .......... .......... .......... .......... 73% 15.3M 45s
 26500K .......... .......... .......... .......... .......... 73%  494K 45s
 26550K .......... .......... .......... .......... .......... 74% 83.8M 44s
 26600K .......... .......... .......... .......... .......... 74%  597K 44s
 26650K .......... .......... .......... .......... .......... 74% 2.72M 44s
 26700K .......... .......... .......... .......... .......... 74%  446K 44s
 26750K .......... .......... .......... .......... .......... 74%  583K 43s
 26800K .......... .......... .......... .......... .......... 74%  389K 43s
 26850K .......... .......... .......... .......... .......... 74%  681K 43s
 26900K .......... .......... .......... .......... .......... 75% 2.80M 42s
 26950K .......... .......... .......... .......... .......... 75%  390K 42s
 27000K .......... .......... .......... .......... .......... 75%  678K 42s
 27050K .......... .......... .......... .......... .......... 75%  359K 42s
 27100K .......... .......... .......... .......... .......... 75% 15.1M 41s
 27150K .......... .......... .......... .......... .......... 75%  663K 41s
 27200K .......... .......... .......... .......... .......... 75%  356K 41s
 27250K .......... .......... .......... .......... .......... 76%  734K 40s
 27300K .......... .......... .......... .......... .......... 76% 2.72M 40s
 27350K .......... .......... .......... .......... .......... 76%  424K 40s
 27400K .......... .......... .......... .......... .......... 76%  726K 40s
 27450K .......... .......... .......... .......... .......... 76%  651K 39s
 27500K .......... .......... .......... .......... .......... 76%  878K 39s
 27550K .......... .......... .......... .......... .......... 76%  698K 39s
 27600K .......... .......... .......... .......... .......... 77%  345K 38s
 27650K .......... .......... .......... .......... .......... 77% 19.1M 38s
 27700K .......... .......... .......... .......... .......... 77%  747K 38s
 27750K .......... .......... .......... .......... .......... 77%  320K 38s
 27800K .......... .......... .......... .......... .......... 77% 24.1M 37s
 27850K .......... .......... .......... .......... .......... 77%  853K 37s
 27900K .......... .......... .......... .......... .......... 77%  311K 37s
 27950K .......... .......... .......... .......... .......... 78% 21.7M 37s
 28000K .......... .......... .......... .......... .......... 78%  752K 36s
 28050K .......... .......... .......... .......... .......... 78%  159K 36s
 28100K .......... .......... .......... .......... .......... 78% 78.6M 36s
 28150K .......... .......... .......... .......... .......... 78% 80.1M 35s
 28200K .......... .......... .......... .......... .......... 78% 2.78M 35s
 28250K .......... .......... .......... .......... .......... 78%  744K 35s
 28300K .......... .......... .......... .......... .......... 78%  360K 35s
 28350K .......... .......... .......... .......... .......... 79%  923K 34s
 28400K .......... .......... .......... .......... .......... 79%  312K 34s
 28450K .......... .......... .......... .......... .......... 79%  827K 34s
 28500K .......... .......... .......... .......... .......... 79%  336K 34s
 28550K .......... .......... .......... .......... .......... 79%  940K 33s
 28600K .......... .......... .......... .......... .......... 79%  353K 33s
 28650K .......... .......... .......... .......... .......... 79% 1.57M 33s
 28700K .......... .......... .......... .......... .......... 80%  178K 33s
 28750K .......... .......... .......... .......... .......... 80%  109M 32s
 28800K .......... .......... .......... .......... .......... 80% 96.0M 32s
 28850K .......... .......... .......... .......... .......... 80%  322K 32s
 28900K .......... .......... .......... .......... .......... 80%  494K 31s
 28950K .......... .......... .......... .......... .......... 80%  445K 31s
 29000K .......... .......... .......... .......... .......... 80%  517K 31s
 29050K .......... .......... .......... .......... .......... 81%  418K 31s
 29100K .......... .......... .......... .......... .......... 81%  559K 30s
 29150K .......... .......... .......... .......... .......... 81%  415K 30s
 29200K .......... .......... .......... .......... .......... 81%  246K 30s
 29250K .......... .......... .......... .......... .......... 81% 1.03M 30s
 29300K .......... .......... .......... .......... .......... 81%  426K 29s
 29350K .......... .......... .......... .......... .......... 81%  493K 29s
 29400K .......... .......... .......... .......... .......... 82%  792K 29s
 29450K .......... .......... .......... .......... .......... 82%  361K 29s
 29500K .......... .......... .......... .......... .......... 82%  975K 28s
 29550K .......... .......... .......... .......... .......... 82%  450K 28s
 29600K .......... .......... .......... .......... .......... 82%  317K 28s
 29650K .......... .......... .......... .......... .......... 82%  533K 28s
 29700K .......... .......... .......... .......... .......... 82% 1.00M 27s
 29750K .......... .......... .......... .......... .......... 83%  424K 27s
 29800K .......... .......... .......... .......... .......... 83%  674K 27s
 29850K .......... .......... .......... .......... .......... 83%  388K 27s
 29900K .......... .......... .......... .......... .......... 83%  757K 26s
 29950K .......... .......... .......... .......... .......... 83%  364K 26s
 30000K .......... .......... .......... .......... .......... 83%  635K 26s
 30050K .......... .......... .......... .......... .......... 83%  404K 26s
 30100K .......... .......... .......... .......... .......... 84%  672K 25s
 30150K .......... .......... .......... .......... .......... 84%  371K 25s
 30200K .......... .......... .......... .......... .......... 84%  859K 25s
 30250K .......... .......... .......... .......... .......... 84%  342K 25s
 30300K .......... .......... .......... .......... .......... 84%  740K 25s
 30350K .......... .......... .......... .......... .......... 84%  421K 24s
 30400K .......... .......... .......... .......... .......... 84%  453K 24s
 30450K .......... .......... .......... .......... .......... 84%  356K 24s
 30500K .......... .......... .......... .......... .......... 85%  723K 24s
 30550K .......... .......... .......... .......... .......... 85%  136K 23s
 30600K .......... .......... .......... .......... .......... 85% 63.9M 23s
 30650K .......... .......... .......... .......... .......... 85% 80.5M 23s
 30700K .......... .......... .......... .......... .......... 85%  847K 23s
 30750K .......... .......... .......... .......... .......... 85%  140K 22s
 30800K .......... .......... .......... .......... .......... 85% 66.9M 22s
 30850K .......... .......... .......... .......... .......... 86%  552K 22s
 30900K .......... .......... .......... .......... .......... 86%  297K 22s
 30950K .......... .......... .......... .......... .......... 86%  329K 21s
 31000K .......... .......... .......... .......... .......... 86%  242K 21s
 31050K .......... .......... .......... .......... .......... 86%  240K 21s
 31100K .......... .......... .......... .......... .......... 86%  555K 21s
 31150K .......... .......... .......... .......... .......... 86%  276K 21s
 31200K .......... .......... .......... .......... .......... 87%  132K 20s
 31250K .......... .......... .......... .......... .......... 87% 1.02M 20s
 31300K .......... .......... .......... .......... .......... 87%  119K 20s
 31350K .......... .......... .......... .......... .......... 87%  316K 20s
 31400K .......... .......... .......... .......... .......... 87%  205K 19s
 31450K .......... .......... .......... .......... .......... 87%  138K 19s
 31500K .......... .......... .......... .......... .......... 87%  212K 19s
 31550K .......... .......... .......... .......... .......... 88%  239K 19s
 31600K .......... .......... .......... .......... .......... 88%  121K 19s
 31650K .......... .......... .......... .......... .......... 88%  230K 18s
 31700K .......... .......... .......... .......... .......... 88%  194K 18s
 31750K .......... .......... .......... .......... .......... 88%  127K 18s
 31800K .......... .......... .......... .......... .......... 88%  203K 18s
 31850K .......... .......... .......... .......... .......... 88%  137K 18s
 31900K .......... .......... .......... .......... .......... 89%  192K 17s
 31950K .......... .......... .......... .......... .......... 89%  217K 17s
 32000K .......... .......... .......... .......... .......... 89%  121K 17s
 32050K .......... .......... .......... .......... .......... 89%  126K 17s
 32100K .......... .......... .......... .......... .......... 89%  188K 17s
 32150K .......... .......... .......... .......... .......... 89%  125K 16s
 32200K .......... .......... .......... .......... .......... 89%  223K 16s
 32250K .......... .......... .......... .......... .......... 89%  120K 16s
 32300K .......... .......... .......... .......... .......... 90%  188K 16s
 32350K .......... .......... .......... .......... .......... 90%  131K 15s
 32400K .......... .......... .......... .......... .......... 90%  181K 15s
 32450K .......... .......... .......... .......... .......... 90%  130K 15s
 32500K .......... .......... .......... .......... .......... 90%  195K 15s
 32550K .......... .......... .......... .......... .......... 90%  235K 15s
 32600K .......... .......... .......... .......... .......... 90%  128K 14s
 32650K .......... .......... .......... .......... .......... 91%  231K 14s
 32700K .......... .......... .......... .......... .......... 91%  199K 14s
 32750K .......... .......... .......... .......... .......... 91%  239K 14s
 32800K .......... .......... .......... .......... .......... 91%  124K 14s
 32850K .......... .......... .......... .......... .......... 91%  237K 13s
 32900K .......... .......... .......... .......... .......... 91%  244K 13s
 32950K .......... .......... .......... .......... .......... 91%  245K 13s
 33000K .......... .......... .......... .......... .......... 92%  236K 13s
 33050K .......... .......... .......... .......... .......... 92%  595K 12s
 33100K .......... .......... .......... .......... .......... 92%  308K 12s
 33150K .......... .......... .......... .......... .......... 92%  260K 12s
 33200K .......... .......... .......... .......... .......... 92%  113K 12s
 33250K .......... .......... .......... .......... .......... 92%  282K 12s
 33300K .......... .......... .......... .......... .......... 92% 61.4M 11s
 33350K .......... .......... .......... .......... .......... 93%  750K 11s
 33400K .......... .......... .......... .......... .......... 93%  129K 11s
 33450K .......... .......... .......... .......... .......... 93%  135M 11s
 33500K .......... .......... .......... .......... .......... 93%  220K 10s
 33550K .......... .......... .......... .......... .......... 93%  200K 10s
 33600K .......... .......... .......... .......... .......... 93%  158K 10s
 33650K .......... .......... .......... .......... .......... 93%  233K 10s
 33700K .......... .......... .......... .......... .......... 94%  239K 10s
 33750K .......... .......... .......... .......... .......... 94%  227K 9s
 33800K .......... .......... .......... .......... .......... 94%  241K 9s
 33850K .......... .......... .......... .......... .......... 94%  220K 9s
 33900K .......... .......... .......... .......... .......... 94%  241K 9s
 33950K .......... .......... .......... .......... .......... 94%  232K 8s
 34000K .......... .......... .......... .......... .......... 94%  230K 8s
 34050K .......... .......... .......... .......... .......... 95%  239K 8s
 34100K .......... .......... .......... .......... .......... 95%  244K 8s
 34150K .......... .......... .......... .......... .......... 95%  234K 8s
 34200K .......... .......... .......... .......... .......... 95%  233K 7s
 34250K .......... .......... .......... .......... .......... 95%  227K 7s
 34300K .......... .......... .......... .......... .......... 95%  232K 7s
 34350K .......... .......... .......... .......... .......... 95%  235K 7s
 34400K .......... .......... .......... .......... .......... 95%  231K 6s
 34450K .......... .......... .......... .......... .......... 96%  242K 6s
 34500K .......... .......... .......... .......... .......... 96%  236K 6s
 34550K .......... .......... .......... .......... .......... 96%  801K 6s
 34600K .......... .......... .......... .......... .......... 96%  279K 6s
 34650K .......... .......... .......... .......... .......... 96%  269K 5s
 34700K .......... .......... .......... .......... .......... 96%  241K 5s
 34750K .......... .......... .......... .......... .......... 96%  242K 5s
 34800K .......... .......... .......... .......... .......... 97%  240K 5s
 34850K .......... .......... .......... .......... .......... 97%  765K 4s
 34900K .......... .......... .......... .......... .......... 97%  304K 4s
 34950K .......... .......... .......... .......... .......... 97%  249K 4s
 35000K .......... .......... .......... .......... .......... 97%  748K 4s
 35050K .......... .......... .......... .......... .......... 97%  329K 3s
 35100K .......... .......... .......... .......... .......... 97%  249K 3s
 35150K .......... .......... .......... .......... .......... 98%  904K 3s
 35200K .......... .......... .......... .......... .......... 98%  314K 3s
 35250K .......... .......... .......... .......... .......... 98%  635K 3s
 35300K .......... .......... .......... .......... .......... 98%  384K 2s
 35350K .......... .......... .......... .......... .......... 98%  663K 2s
 35400K .......... .......... .......... .......... .......... 98%  375K 2s
 35450K .......... .......... .......... .......... .......... 98%  664K 2s
 35500K .......... .......... .......... .......... .......... 99%  371K 2s
 35550K .......... .......... .......... .......... .......... 99%  884K 1s
 35600K .......... .......... .......... .......... .......... 99%  330K 1s
 35650K .......... .......... .......... .......... .......... 99% 1017K 1s
 35700K .......... .......... .......... .......... .......... 99%  533K 1s
 35750K .......... .......... .......... .......... .......... 99%  734K 0s
 35800K .......... .......... .......... .......... .......... 99%  543K 0s
 35850K .......... .......... .......... .......... ..        100%  719K=2m37s

2020-04-14 16:38:15 (229 KB/s) - ‘cache/gzip-bug-2010-02-19-3eb6091d69-884ef6d16c.tar.gz’ saved [36753841/36753841]

[fetch] preparing source code
[fetch] golden_directory: gzip-fix-2010-02-19-3eb6091d69-884ef6d16c
[fetch] clean-source gzip-bug-2010-02-19-3eb6091d69-884ef6d16c
[fetch] /angelix-experiments/gzip-bug-2010-02-19-3eb6091d69-884ef6d16c/gzip/configure
[fetch] make -j 72 clean
[fetch] clean-source gzip-fix-2010-02-19-3eb6091d69-884ef6d16c
[fetch] restore-buggy gzip-bug-2010-02-19-3eb6091d69-884ef6d16c
[fetch] /angelix-experiments/gzip-fix-2010-02-19-3eb6091d69-884ef6d16c/gzip/configure
[fetch] make -j 72 clean
[fetch] restore-buggy entered
[fetch] buggy: gzip.c
[fetch] buggy_version: 3eb6091d69
[fetch] buggy_preprocessed: gzip-bug-2010-02-19-3eb6091d69-884ef6d16c/gzip/gzip.c
[fetch] buggy_original: gzip-bug-2010-02-19-3eb6091d69-884ef6d16c/diffs/gzip.c-3eb6091d69
[fetch] cp gzip-bug-2010-02-19-3eb6091d69-884ef6d16c/diffs/gzip.c-3eb6091d69 gzip-bug-2010-02-19-3eb6091d69-884ef6d16c/gzip/gzip.c
[fetch] restore-correct gzip-fix-2010-02-19-3eb6091d69-884ef6d16c
[fetch] restore-correct entered
[fetch] cp gzip-fix-2010-02-19-3eb6091d69-884ef6d16c/diffs/gzip.c-884ef6d16c gzip-fix-2010-02-19-3eb6091d69-884ef6d16c/gzip/gzip.c
[fetch] restored gzip-fix-2010-02-19-3eb6091d69-884ef6d16c/gzip/gzip.c with gzip-fix-2010-02-19-3eb6091d69-884ef6d16c/diffs/gzip.c-884ef6d16c
[fetch] fetch done
[repair] [repair] options: --symbolic --group-size
1
--klee-max-forks
200
--ignore-trivial
--synthesis-level
boolean-constants
--test-timeout
60
--klee-solver-timeout
100
--klee-search
dfs
--all-tests
--angelic-search-strategy
symbolic  --timeout 14400 --show-suspicious-locations --group-size 1 --defect assignments
[repair-gzip] options:  --group-size 1 --klee-max-forks 200 --ignore-trivial --synthesis-level boolean-constants --test-timeout 60 --klee-solver-timeout 100 --klee-search dfs --all-tests --angelic-search-strategy symbolic --timeout 14400 --show-suspicious-locations --group-size 1 --defect assignments
[repair-gzip] cleaning gzip-bug-2010-02-19-3eb6091d69-884ef6d16c/gzip ...
[repair-gzip] cleaning gzip-fix-2010-02-19-3eb6091d69-884ef6d16c/gzip ...
INFO     repair          copy gzip-bug-2010-02-19-3eb6091d69-884ef6d16c/gzip to /angelix-experiments/.angelix/validation
INFO     project         configuring validation source
INFO     project         building json compilation database from validation source
INFO     testing         running test '1' of validation source
INFO     testing         output code: 0
INFO     testing         running test '2' of validation source
INFO     testing         output code: 0
INFO     testing         running test '3' of validation source
INFO     testing         output code: 0
INFO     testing         running test '4' of validation source
INFO     testing         output code: 0
INFO     testing         running test '5' of validation source
INFO     testing         output code: 0
INFO     testing         running test '6' of validation source
INFO     testing         output code: 0
INFO     testing         running test '7' of validation source
INFO     testing         output code: 1
INFO     testing         running test '8' of validation source
INFO     testing         output code: 0
INFO     testing         running test '9' of validation source
INFO     testing         output code: 0
INFO     testing         running test '10' of validation source
INFO     testing         output code: 0
INFO     testing         running test '11' of validation source
INFO     testing         output code: 1
INFO     testing         running test '12' of validation source
INFO     testing         output code: 0
INFO     testing         running test '13' of validation source
INFO     testing         output code: 0
INFO     project         configuring golden source
INFO     project         building golden source
INFO     testing         running test '7' of golden source
INFO     testing         output code: 0
INFO     testing         running test '11' of golden source
INFO     testing         output code: 1
WARNING  repair          excluding test 11 because it fails in golden version
INFO     repair          positive: ['1', '2', '3', '4', '5', '6', '8', '9', '10', '12', '13']
INFO     repair          negative: ['7']
INFO     project         configuring frontend source
INFO     transformation  instrumenting repairable of frontend source
INFO     project         building frontend source
INFO     repair          running positive tests for debugging
INFO     testing         running test '1' of frontend source
INFO     testing         output code: 0
INFO     testing         running test '2' of frontend source
INFO     testing         output code: 0
WARNING  testing         ANGELIX_RUN is executed multiple times by test 2
INFO     testing         running test '3' of frontend source
INFO     testing         output code: 0
INFO     testing         running test '4' of frontend source
INFO     testing         output code: 0
WARNING  testing         ANGELIX_RUN is not executed by test 4
INFO     testing         running test '5' of frontend source
INFO     testing         output code: 0
WARNING  testing         ANGELIX_RUN is executed multiple times by test 5
INFO     testing         running test '6' of frontend source
INFO     testing         output code: 0
INFO     testing         running test '8' of frontend source
INFO     testing         output code: 0
WARNING  testing         ANGELIX_RUN is executed multiple times by test 8
INFO     testing         running test '9' of frontend source
INFO     testing         output code: 0
WARNING  testing         ANGELIX_RUN is executed multiple times by test 9
INFO     testing         running test '10' of frontend source
INFO     testing         output code: 0
WARNING  testing         ANGELIX_RUN is not executed by test 10
INFO     testing         running test '12' of frontend source
INFO     testing         output code: 0
WARNING  testing         ANGELIX_RUN is not executed by test 12
INFO     testing         running test '13' of frontend source
INFO     testing         output code: 0
WARNING  testing         ANGELIX_RUN is not executed by test 13
INFO     repair          running negative tests for debugging
INFO     testing         running test '7' of frontend source
INFO     testing         output code: 1
INFO     project         configuring golden source
INFO     project         building golden source
INFO     testing         running test '7' of golden source
INFO     testing         output code: 0
INFO     repair          repair test suite: ['1', '2', '3', '5', '6', '7', '8', '9']
INFO     repair          validation test suite: ['1', '2', '3', '4', '5', '6', '7', '8', '9', '10', '12', '13']
INFO     localization    (loc, score) = (('A', (833, 43, 833, 44)), 1.0)
INFO     localization    (loc, score) = (('A', (541, 18, 541, 25)), 1.0)
INFO     localization    (loc, score) = (('A', (833, 43, 833, 44), '0'), 0.0)
INFO     localization    (loc, score) = (('A', (541, 18, 541, 25), '0'), 0.0)
INFO     localization    (loc, score) = (('A', (541, 18, 541, 25), '3'), 0.0)
INFO     localization    (loc, score) = (('A', (541, 18, 541, 25), '1'), 0.0)
INFO     localization    group 1: [('A', (541, 18, 541, 25))] (1.0)
INFO     localization    group 2: [('A', (833, 43, 833, 44))] (1.0)
INFO     localization    group 3: [('A', (541, 18, 541, 25), '0')] (0.0)
INFO     localization    group 4: [('A', (541, 18, 541, 25), '3')] (0.0)
INFO     localization    group 5: [('A', (541, 18, 541, 25), '1')] (0.0)
INFO     localization    group 6: [('A', (833, 43, 833, 44), '0')] (0.0)
INFO     localization    selected expressions [('A', (541, 18, 541, 25))] with group score 1.0 
INFO     localization    selected expressions [('A', (833, 43, 833, 44))] with group score 1.0 
INFO     localization    selected expressions [('A', (541, 18, 541, 25), '0')] with group score 0.0 
INFO     localization    selected expressions [('A', (541, 18, 541, 25), '3')] with group score 0.0 
INFO     localization    selected expressions [('A', (541, 18, 541, 25), '1')] with group score 0.0 
INFO     localization    selected expressions [('A', (833, 43, 833, 44), '0')] with group score 0.0 
INFO     repair          considering suspicious locations [('A', (541, 18, 541, 25))]
INFO     reduction       all failing tests: ['7']
INFO     reduction       selected 8 tests
INFO     reduction       selected passing tests: ['1', '2', '3', '5', '6', '8', '9']
INFO     reduction       selected failing tests: ['7']
INFO     project         configuring backend source
INFO     transformation  instrumenting suspicious of backend source
INFO     project         building backend source
INFO     sym_infer       inferring specification for test '7' through KLEE
INFO     testing         running test '7' of backend source with KLEE
INFO     testing         output code: 1
INFO     sym_infer       checking whether /angelix-experiments/.angelix/backend/klee-out-0 exists...
INFO     sym_infer       solving path .angelix/backend/klee-out-0/test000001.smt2
INFO     sym_infer       labels '[]' executed while ['incorrect_suffix'] required
INFO     sym_infer       solving path .angelix/backend/klee-out-0/test000002.smt2
INFO     sym_infer       labels '[]' executed while ['incorrect_suffix'] required
INFO     sym_infer       found 0 angelic paths for test '7'
INFO     repair          considering suspicious locations [('A', (833, 43, 833, 44))]
INFO     reduction       all failing tests: ['7']
INFO     reduction       selected 8 tests
INFO     reduction       selected passing tests: ['1', '2', '3', '5', '6', '8', '9']
INFO     reduction       selected failing tests: ['7']
INFO     project         configuring backend source
INFO     transformation  instrumenting suspicious of backend source
INFO     project         building backend source
INFO     sym_infer       inferring specification for test '7' through KLEE
INFO     testing         running test '7' of backend source with KLEE
INFO     testing         output code: 1
INFO     sym_infer       checking whether /angelix-experiments/.angelix/backend/klee-out-0 exists...
INFO     sym_infer       solving path .angelix/backend/klee-out-0/test000001.smt2
INFO     sym_infer       labels '[]' executed while ['incorrect_suffix'] required
INFO     sym_infer       found 0 angelic paths for test '7'
INFO     repair          considering suspicious locations [('A', (541, 18, 541, 25), '0')]
INFO     reduction       all failing tests: ['7']
INFO     reduction       selected 8 tests
INFO     reduction       selected passing tests: ['1', '2', '3', '5', '6', '8', '9']
INFO     reduction       selected failing tests: ['7']
INFO     project         configuring backend source
INFO     transformation  instrumenting suspicious of backend source
INFO     project         building backend source
INFO     sym_infer       inferring specification for test '7' through KLEE
INFO     testing         running test '7' of backend source with KLEE
INFO     testing         output code: 1
INFO     sym_infer       checking whether /angelix-experiments/.angelix/backend/klee-out-0 exists...
INFO     sym_infer       solving path .angelix/backend/klee-out-0/test000001.smt2
INFO     sym_infer       labels '[]' executed while ['incorrect_suffix'] required
INFO     sym_infer       solving path .angelix/backend/klee-out-0/test000002.smt2
INFO     sym_infer       labels '[]' executed while ['incorrect_suffix'] required
INFO     sym_infer       found 0 angelic paths for test '7'
INFO     repair          considering suspicious locations [('A', (541, 18, 541, 25), '3')]
INFO     reduction       all failing tests: ['7']
INFO     reduction       selected 8 tests
INFO     reduction       selected passing tests: ['1', '2', '3', '5', '6', '8', '9']
INFO     reduction       selected failing tests: ['7']
INFO     project         configuring backend source
INFO     transformation  instrumenting suspicious of backend source
INFO     project         building backend source
INFO     sym_infer       inferring specification for test '7' through KLEE
INFO     testing         running test '7' of backend source with KLEE
INFO     testing         output code: 1
INFO     sym_infer       checking whether /angelix-experiments/.angelix/backend/klee-out-0 exists...
INFO     sym_infer       solving path .angelix/backend/klee-out-0/test000001.smt2
INFO     sym_infer       labels '[]' executed while ['incorrect_suffix'] required
INFO     sym_infer       solving path .angelix/backend/klee-out-0/test000002.smt2
INFO     sym_infer       labels '[]' executed while ['incorrect_suffix'] required
INFO     sym_infer       found 0 angelic paths for test '7'
INFO     repair          considering suspicious locations [('A', (541, 18, 541, 25), '1')]
INFO     reduction       all failing tests: ['7']
INFO     reduction       selected 8 tests
INFO     reduction       selected passing tests: ['1', '2', '3', '5', '6', '8', '9']
INFO     reduction       selected failing tests: ['7']
INFO     project         configuring backend source
INFO     transformation  instrumenting suspicious of backend source
INFO     project         building backend source
INFO     sym_infer       inferring specification for test '7' through KLEE
INFO     testing         running test '7' of backend source with KLEE
INFO     testing         output code: 1
INFO     sym_infer       checking whether /angelix-experiments/.angelix/backend/klee-out-0 exists...
INFO     sym_infer       solving path .angelix/backend/klee-out-0/test000001.smt2
INFO     sym_infer       labels '[]' executed while ['incorrect_suffix'] required
INFO     sym_infer       solving path .angelix/backend/klee-out-0/test000002.smt2
INFO     sym_infer       labels '[]' executed while ['incorrect_suffix'] required
INFO     sym_infer       found 0 angelic paths for test '7'
INFO     repair          considering suspicious locations [('A', (833, 43, 833, 44), '0')]
INFO     reduction       all failing tests: ['7']
INFO     reduction       selected 8 tests
INFO     reduction       selected passing tests: ['1', '2', '3', '5', '6', '8', '9']
INFO     reduction       selected failing tests: ['7']
INFO     project         configuring backend source
INFO     transformation  instrumenting suspicious of backend source
INFO     project         building backend source
INFO     sym_infer       inferring specification for test '7' through KLEE
INFO     testing         running test '7' of backend source with KLEE
INFO     testing         output code: 1
INFO     sym_infer       checking whether /angelix-experiments/.angelix/backend/klee-out-0 exists...
INFO     sym_infer       solving path .angelix/backend/klee-out-0/test000001.smt2
INFO     sym_infer       labels '[]' executed while ['incorrect_suffix'] required
INFO     sym_infer       found 0 angelic paths for test '7'
INFO     repair          no patch generated in 6m 6s
FAIL
