[repair] benchmark: manybugs
[repair] subject: php
[repair] version: 2011-03-11-d890ece3fc-6e74d95f34
[repair] search: symbolic
[repair] debug: 0
[repair] ./fetch php manybugs 2011-03-11-d890ece3fc-6e74d95f34
[fetch] benchmark: manybugs
[fetch] subject: php
[fetch] version: 2011-03-11-d890ece3fc-6e74d95f34
[fetch] archive: php-bug-2011-03-11-d890ece3fc-6e74d95f34.tar.gz
[fetch] directory: php-bug-2011-03-11-d890ece3fc-6e74d95f34
[fetch] preparing source code
[fetch] golden_directory: php-fix-2011-03-11-d890ece3fc-6e74d95f34
[fetch] clean-source php-bug-2011-03-11-d890ece3fc-6e74d95f34
[fetch] /angelix-experiments/php-bug-2011-03-11-d890ece3fc-6e74d95f34/php/configure
[fetch] make -j 72 clean
[fetch] clean-source php-fix-2011-03-11-d890ece3fc-6e74d95f34
[fetch] restore-buggy php-bug-2011-03-11-d890ece3fc-6e74d95f34
[fetch] /angelix-experiments/php-fix-2011-03-11-d890ece3fc-6e74d95f34/php/configure
[fetch] make -j 72 clean
[fetch] restore-buggy entered
[fetch] buggy: ext/standard/url.c
[fetch] buggy_version: d890ece3fc
[fetch] buggy_preprocessed: php-bug-2011-03-11-d890ece3fc-6e74d95f34/php/ext/standard/url.c
[fetch] buggy_original: php-bug-2011-03-11-d890ece3fc-6e74d95f34/diffs/ext/standard/url.c-d890ece3fc
[fetch] cp php-bug-2011-03-11-d890ece3fc-6e74d95f34/diffs/ext/standard/url.c-d890ece3fc php-bug-2011-03-11-d890ece3fc-6e74d95f34/php/ext/standard/url.c
[fetch] restore-correct php-fix-2011-03-11-d890ece3fc-6e74d95f34
[fetch] restore-correct entered
[fetch] cp php-fix-2011-03-11-d890ece3fc-6e74d95f34/diffs/ext/standard/url.c-6e74d95f34 php-fix-2011-03-11-d890ece3fc-6e74d95f34/php/ext/standard/url.c
[fetch] restored php-fix-2011-03-11-d890ece3fc-6e74d95f34/php/ext/standard/url.c with php-fix-2011-03-11-d890ece3fc-6e74d95f34/diffs/ext/standard/url.c-6e74d95f34
[fetch] fetch done
[repair] [repair] options: --defect
if-conditions
loop-conditions
--angelic-search-strategy
symbolic
--klee-search
dfs
--synthesis-func-params
--use-osynth
--klee-max-forks
200
--klee-timeout
7200
--synthesis-func-params
--use-osynth
--synthesis-levels
extended-arithmetic
alternatives
integer-constants
boolean-constants
variables
extended-logic
mixed-conditional
--lines
319
--ignore-lines
--use-gcc  --timeout 14400 --show-suspicious-locations --group-size 1 --defect if-conditions loop-conditions
[repair-php] debug: 0
[repair-php] restore .aux/php/php-run-tests.c
[repair-php] restore php-bug-2011-03-11-d890ece3fc-6e74d95f34/php/main/main.c
[repair-php] restore php-bug-2011-03-11-d890ece3fc-6e74d95f34/php/sapi/cli/php_cli.c
[repair-php] restore php-bug-2011-03-11-d890ece3fc-6e74d95f34/php/Zend/zend.c
[repair-php] restore php-bug-2011-03-11-d890ece3fc-6e74d95f34/php/main/output.c
[repair-php] restore php-bug-2011-03-11-d890ece3fc-6e74d95f34/php/ext/standard/url_scanner_ex.c
[repair-php] restore php-bug-2011-03-11-d890ece3fc-6e74d95f34/php/Zend/zend_object_handlers.c
[repair-php] restore php-bug-2011-03-11-d890ece3fc-6e74d95f34/php/ext/standard/url.c
[repair-php] restore php-fix-2011-03-11-d890ece3fc-6e74d95f34/php/main/main.c
[repair-php] restore php-fix-2011-03-11-d890ece3fc-6e74d95f34/php/sapi/cli/php_cli.c
[repair-php] restore php-fix-2011-03-11-d890ece3fc-6e74d95f34/php/Zend/zend.c
[repair-php] restore php-fix-2011-03-11-d890ece3fc-6e74d95f34/php/main/output.c
[repair-php] restore php-fix-2011-03-11-d890ece3fc-6e74d95f34/php/ext/standard/url_scanner_ex.c
[repair-php] restore php-fix-2011-03-11-d890ece3fc-6e74d95f34/php/Zend/zend_object_handlers.c
[repair-php] restore php-fix-2011-03-11-d890ece3fc-6e74d95f34/php/ext/standard/url.c
[repair-php] options:  --defect if-conditions loop-conditions --angelic-search-strategy symbolic --klee-search dfs --synthesis-func-params --use-osynth --klee-max-forks 200 --klee-timeout 7200 --synthesis-func-params --use-osynth --synthesis-levels extended-arithmetic alternatives integer-constants boolean-constants variables extended-logic mixed-conditional --lines 319 --ignore-lines --use-gcc --timeout 14400 --show-suspicious-locations --group-size 1 --defect if-conditions loop-conditions
[repair-php] angelix php-bug-2011-03-11-d890ece3fc-6e74d95f34/php ext/standard/url.c /angelix-experiments/.aux/php/php-oracle 1
2
3
4
5
6
7
8
9
10
11
12
13
14
15
16
17
18
19
20
21
22
23
24
25
26
27
28
29
30
31
32
33
34
35
36
37
38
39
40
41
42
43
44
45
46
47
48
49
50
51
52
53
54
55
56
57
58
59
60
61
62
63
64
65
66
67
68
69
70
71
72
73
74
75
76
77
78
79
80
81
82
83
84
85 --golden php-fix-2011-03-11-d890ece3fc-6e74d95f34/php --configure /angelix-experiments/.aux/php/php-configure --build /angelix-experiments/.aux/php/php-build  --defect if-conditions loop-conditions --angelic-search-strategy symbolic --klee-search dfs --synthesis-func-params --use-osynth --klee-max-forks 200 --klee-timeout 7200 --synthesis-func-params --use-osynth --synthesis-levels extended-arithmetic alternatives integer-constants boolean-constants variables extended-logic mixed-conditional --lines 319 --ignore-lines --use-gcc --timeout 14400 --show-suspicious-locations --group-size 1 --defect if-conditions loop-conditions
INFO     repair          copy php-bug-2011-03-11-d890ece3fc-6e74d95f34/php to /angelix-experiments/.angelix/validation
INFO     project         configuring validation source
INFO     project         building json compilation database from validation source
INFO     testing         running test '1' of validation source
INFO     testing         output code: 0
INFO     testing         running test '2' of validation source
INFO     testing         output code: 1
INFO     testing         running test '3' of validation source
INFO     testing         output code: 0
INFO     testing         running test '4' of validation source
INFO     testing         output code: 1
INFO     testing         running test '5' of validation source
INFO     testing         output code: 1
INFO     testing         running test '6' of validation source
INFO     testing         output code: 0
INFO     testing         running test '7' of validation source
INFO     testing         output code: 1
INFO     testing         running test '8' of validation source
INFO     testing         output code: 1
INFO     testing         running test '9' of validation source
INFO     testing         output code: 1
INFO     testing         running test '10' of validation source
INFO     testing         output code: 1
INFO     testing         running test '11' of validation source
INFO     testing         output code: 1
INFO     testing         running test '12' of validation source
INFO     testing         output code: 1
INFO     testing         running test '13' of validation source
INFO     testing         output code: 1
INFO     testing         running test '14' of validation source
INFO     testing         output code: 1
INFO     testing         running test '15' of validation source
INFO     testing         output code: 1
INFO     testing         running test '16' of validation source
INFO     testing         output code: 1
INFO     testing         running test '17' of validation source
INFO     testing         output code: 1
INFO     testing         running test '18' of validation source
INFO     testing         output code: 1
INFO     testing         running test '19' of validation source
INFO     testing         output code: 1
INFO     testing         running test '20' of validation source
INFO     testing         output code: 1
INFO     testing         running test '21' of validation source
INFO     testing         output code: 1
INFO     testing         running test '22' of validation source
INFO     testing         output code: 1
INFO     testing         running test '23' of validation source
INFO     testing         output code: 1
INFO     testing         running test '24' of validation source
INFO     testing         output code: 1
INFO     testing         running test '25' of validation source
INFO     testing         output code: 1
INFO     testing         running test '26' of validation source
INFO     testing         output code: 1
INFO     testing         running test '27' of validation source
INFO     testing         output code: 1
INFO     testing         running test '28' of validation source
INFO     testing         output code: 1
INFO     testing         running test '29' of validation source
INFO     testing         output code: 1
INFO     testing         running test '30' of validation source
INFO     testing         output code: 1
INFO     testing         running test '31' of validation source
INFO     testing         output code: 0
INFO     testing         running test '32' of validation source
INFO     testing         output code: 1
INFO     testing         running test '33' of validation source
INFO     testing         output code: 1
INFO     testing         running test '34' of validation source
INFO     testing         output code: 1
INFO     testing         running test '35' of validation source
INFO     testing         output code: 1
INFO     testing         running test '36' of validation source
INFO     testing         output code: 1
INFO     testing         running test '37' of validation source
INFO     testing         output code: 1
INFO     testing         running test '38' of validation source
INFO     testing         output code: 0
INFO     testing         running test '39' of validation source
INFO     testing         output code: 0
INFO     testing         running test '40' of validation source
INFO     testing         output code: 0
INFO     testing         running test '41' of validation source
INFO     testing         output code: 0
INFO     testing         running test '42' of validation source
INFO     testing         output code: 0
INFO     testing         running test '43' of validation source
INFO     testing         output code: 0
INFO     testing         running test '44' of validation source
INFO     testing         output code: 0
INFO     testing         running test '45' of validation source
INFO     testing         output code: 0
INFO     testing         running test '46' of validation source
INFO     testing         output code: 0
INFO     testing         running test '47' of validation source
INFO     testing         output code: 0
INFO     testing         running test '48' of validation source
INFO     testing         output code: 0
INFO     testing         running test '49' of validation source
INFO     testing         output code: 1
INFO     testing         running test '50' of validation source
INFO     testing         output code: 1
INFO     testing         running test '51' of validation source
INFO     testing         output code: 0
INFO     testing         running test '52' of validation source
INFO     testing         output code: 0
INFO     testing         running test '53' of validation source
INFO     testing         output code: 0
INFO     testing         running test '54' of validation source
INFO     testing         output code: 0
INFO     testing         running test '55' of validation source
INFO     testing         output code: 0
INFO     testing         running test '56' of validation source
INFO     testing         output code: 0
INFO     testing         running test '57' of validation source
INFO     testing         output code: 0
INFO     testing         running test '58' of validation source
INFO     testing         output code: 1
INFO     testing         running test '59' of validation source
INFO     testing         output code: 0
INFO     testing         running test '60' of validation source
INFO     testing         output code: 0
INFO     testing         running test '61' of validation source
INFO     testing         output code: 0
INFO     testing         running test '62' of validation source
INFO     testing         output code: 0
INFO     testing         running test '63' of validation source
INFO     testing         output code: 0
INFO     testing         running test '64' of validation source
INFO     testing         output code: 0
INFO     testing         running test '65' of validation source
INFO     testing         output code: 0
INFO     testing         running test '66' of validation source
INFO     testing         output code: 0
INFO     testing         running test '67' of validation source
INFO     testing         output code: 0
INFO     testing         running test '68' of validation source
INFO     testing         output code: 0
INFO     testing         running test '69' of validation source
INFO     testing         output code: 0
INFO     testing         running test '70' of validation source
INFO     testing         output code: 0
INFO     testing         running test '71' of validation source
INFO     testing         output code: 1
INFO     testing         running test '72' of validation source
INFO     testing         output code: 1
INFO     testing         running test '73' of validation source
INFO     testing         output code: 1
INFO     testing         running test '74' of validation source
INFO     testing         output code: 0
INFO     testing         running test '75' of validation source
INFO     testing         output code: 0
INFO     testing         running test '76' of validation source
INFO     testing         output code: 0
INFO     testing         running test '77' of validation source
INFO     testing         output code: 0
INFO     testing         running test '78' of validation source
INFO     testing         output code: 0
INFO     testing         running test '79' of validation source
INFO     testing         output code: 0
INFO     testing         running test '80' of validation source
INFO     testing         output code: 0
INFO     testing         running test '81' of validation source
INFO     testing         output code: 0
INFO     testing         running test '82' of validation source
INFO     testing         output code: 0
INFO     testing         running test '83' of validation source
INFO     testing         output code: 0
INFO     testing         running test '84' of validation source
INFO     testing         output code: 0
INFO     testing         running test '85' of validation source
INFO     testing         output code: 0
INFO     project         configuring golden source
INFO     project         building golden source
INFO     testing         running test '2' of golden source
INFO     testing         output code: 1
INFO     testing         running test '4' of golden source
INFO     testing         output code: 1
INFO     testing         running test '5' of golden source
INFO     testing         output code: 1
INFO     testing         running test '7' of golden source
INFO     testing         output code: 1
INFO     testing         running test '8' of golden source
INFO     testing         output code: 1
INFO     testing         running test '9' of golden source
INFO     testing         output code: 1
INFO     testing         running test '10' of golden source
INFO     testing         output code: 1
INFO     testing         running test '11' of golden source
INFO     testing         output code: 1
INFO     testing         running test '12' of golden source
INFO     testing         output code: 1
INFO     testing         running test '13' of golden source
INFO     testing         output code: 1
INFO     testing         running test '14' of golden source
INFO     testing         output code: 1
INFO     testing         running test '15' of golden source
INFO     testing         output code: 1
INFO     testing         running test '16' of golden source
INFO     testing         output code: 1
INFO     testing         running test '17' of golden source
INFO     testing         output code: 1
INFO     testing         running test '18' of golden source
INFO     testing         output code: 1
INFO     testing         running test '19' of golden source
INFO     testing         output code: 1
INFO     testing         running test '20' of golden source
INFO     testing         output code: 1
INFO     testing         running test '21' of golden source
INFO     testing         output code: 1
INFO     testing         running test '22' of golden source
INFO     testing         output code: 1
INFO     testing         running test '23' of golden source
INFO     testing         output code: 1
INFO     testing         running test '24' of golden source
INFO     testing         output code: 1
INFO     testing         running test '25' of golden source
INFO     testing         output code: 1
INFO     testing         running test '26' of golden source
INFO     testing         output code: 1
INFO     testing         running test '27' of golden source
INFO     testing         output code: 1
INFO     testing         running test '28' of golden source
INFO     testing         output code: 1
INFO     testing         running test '29' of golden source
INFO     testing         output code: 1
INFO     testing         running test '30' of golden source
INFO     testing         output code: 1
INFO     testing         running test '32' of golden source
INFO     testing         output code: 1
INFO     testing         running test '33' of golden source
INFO     testing         output code: 1
INFO     testing         running test '34' of golden source
INFO     testing         output code: 1
INFO     testing         running test '35' of golden source
INFO     testing         output code: 1
INFO     testing         running test '36' of golden source
INFO     testing         output code: 1
INFO     testing         running test '37' of golden source
INFO     testing         output code: 0
INFO     testing         running test '49' of golden source
INFO     testing         output code: 1
INFO     testing         running test '50' of golden source
INFO     testing         output code: 1
INFO     testing         running test '58' of golden source
INFO     testing         output code: 1
INFO     testing         running test '71' of golden source
INFO     testing         output code: 1
INFO     testing         running test '72' of golden source
INFO     testing         output code: 1
INFO     testing         running test '73' of golden source
INFO     testing         output code: 1
WARNING  repair          excluding test 2 because it fails in golden version
WARNING  repair          excluding test 4 because it fails in golden version
WARNING  repair          excluding test 5 because it fails in golden version
WARNING  repair          excluding test 7 because it fails in golden version
WARNING  repair          excluding test 8 because it fails in golden version
WARNING  repair          excluding test 9 because it fails in golden version
WARNING  repair          excluding test 10 because it fails in golden version
WARNING  repair          excluding test 11 because it fails in golden version
WARNING  repair          excluding test 12 because it fails in golden version
WARNING  repair          excluding test 13 because it fails in golden version
WARNING  repair          excluding test 14 because it fails in golden version
WARNING  repair          excluding test 15 because it fails in golden version
WARNING  repair          excluding test 16 because it fails in golden version
WARNING  repair          excluding test 17 because it fails in golden version
WARNING  repair          excluding test 18 because it fails in golden version
WARNING  repair          excluding test 19 because it fails in golden version
WARNING  repair          excluding test 20 because it fails in golden version
WARNING  repair          excluding test 21 because it fails in golden version
WARNING  repair          excluding test 22 because it fails in golden version
WARNING  repair          excluding test 23 because it fails in golden version
WARNING  repair          excluding test 24 because it fails in golden version
WARNING  repair          excluding test 25 because it fails in golden version
WARNING  repair          excluding test 26 because it fails in golden version
WARNING  repair          excluding test 27 because it fails in golden version
WARNING  repair          excluding test 28 because it fails in golden version
WARNING  repair          excluding test 29 because it fails in golden version
WARNING  repair          excluding test 30 because it fails in golden version
WARNING  repair          excluding test 32 because it fails in golden version
WARNING  repair          excluding test 33 because it fails in golden version
WARNING  repair          excluding test 34 because it fails in golden version
WARNING  repair          excluding test 35 because it fails in golden version
WARNING  repair          excluding test 36 because it fails in golden version
WARNING  repair          excluding test 49 because it fails in golden version
WARNING  repair          excluding test 50 because it fails in golden version
WARNING  repair          excluding test 58 because it fails in golden version
WARNING  repair          excluding test 71 because it fails in golden version
WARNING  repair          excluding test 72 because it fails in golden version
WARNING  repair          excluding test 73 because it fails in golden version
INFO     repair          positive: ['1', '3', '6', '31', '38', '39', '40', '41', '42', '43', '44', '45', '46', '47', '48', '51', '52', '53', '54', '55', '56', '57', '59', '60', '61', '62', '63', '64', '65', '66', '67', '68', '69', '70', '74', '75', '76', '77', '78', '79', '80', '81', '82', '83', '84', '85']
INFO     repair          negative: ['37']
INFO     project         configuring frontend source
INFO     transformation  instrumenting repairable of frontend source
INFO     project         building frontend source
INFO     repair          running positive tests for debugging
INFO     testing         running test '1' of frontend source
INFO     testing         output code: 0
INFO     testing         running test '3' of frontend source
INFO     testing         output code: 0
INFO     testing         running test '6' of frontend source
INFO     testing         output code: 0
INFO     testing         running test '31' of frontend source
INFO     testing         output code: 0
INFO     testing         running test '38' of frontend source
INFO     testing         output code: 0
INFO     testing         running test '39' of frontend source
INFO     testing         output code: 0
INFO     testing         running test '40' of frontend source
INFO     testing         output code: 0
INFO     testing         running test '41' of frontend source
INFO     testing         output code: 0
INFO     testing         running test '42' of frontend source
INFO     testing         output code: 0
INFO     testing         running test '43' of frontend source
INFO     testing         output code: 0
INFO     testing         running test '44' of frontend source
INFO     testing         output code: 0
INFO     testing         running test '45' of frontend source
INFO     testing         output code: 0
INFO     testing         running test '46' of frontend source
INFO     testing         output code: 0
INFO     testing         running test '47' of frontend source
INFO     testing         output code: 0
INFO     testing         running test '48' of frontend source
INFO     testing         output code: 0
INFO     testing         running test '51' of frontend source
INFO     testing         output code: 0
INFO     testing         running test '52' of frontend source
INFO     testing         output code: 1
INFO     testing         running test '53' of frontend source
INFO     testing         output code: 1
INFO     testing         running test '54' of frontend source
INFO     testing         output code: 1
INFO     testing         running test '55' of frontend source
INFO     testing         output code: 1
INFO     testing         running test '56' of frontend source
INFO     testing         output code: 1
INFO     testing         running test '57' of frontend source
INFO     testing         output code: 1
INFO     testing         running test '59' of frontend source
INFO     testing         output code: 1
INFO     testing         running test '60' of frontend source
INFO     testing         output code: 1
INFO     testing         running test '61' of frontend source
INFO     testing         output code: 0
INFO     testing         running test '62' of frontend source
INFO     testing         output code: 0
INFO     testing         running test '63' of frontend source
INFO     testing         output code: 0
INFO     testing         running test '64' of frontend source
INFO     testing         output code: 0
INFO     testing         running test '65' of frontend source
INFO     testing         output code: 0
INFO     testing         running test '66' of frontend source
INFO     testing         output code: 0
INFO     testing         running test '67' of frontend source
INFO     testing         output code: 0
INFO     testing         running test '68' of frontend source
INFO     testing         output code: 0
INFO     testing         running test '69' of frontend source
INFO     testing         output code: 0
INFO     testing         running test '70' of frontend source
INFO     testing         output code: 0
INFO     testing         running test '74' of frontend source
INFO     testing         output code: 0
INFO     testing         running test '75' of frontend source
INFO     testing         output code: 0
INFO     testing         running test '76' of frontend source
INFO     testing         output code: 0
INFO     testing         running test '77' of frontend source
INFO     testing         output code: 0
INFO     testing         running test '78' of frontend source
INFO     testing         output code: 0
INFO     testing         running test '79' of frontend source
INFO     testing         output code: 0
INFO     testing         running test '80' of frontend source
INFO     testing         output code: 0
INFO     testing         running test '81' of frontend source
INFO     testing         output code: 0
INFO     testing         running test '82' of frontend source
INFO     testing         output code: 0
INFO     testing         running test '83' of frontend source
INFO     testing         output code: 0
INFO     testing         running test '84' of frontend source
INFO     testing         output code: 0
INFO     testing         running test '85' of frontend source
INFO     testing         output code: 0
INFO     repair          running negative tests for debugging
INFO     testing         running test '37' of frontend source
INFO     testing         output code: 1
INFO     project         configuring golden source
INFO     project         building golden source
INFO     testing         running test '37' of golden source
INFO     testing         output code: 0
INFO     repair          repair test suite: ['1', '3', '6', '31', '37', '38', '39', '40', '41', '42', '43', '44', '45', '46', '47', '48', '51', '52', '53', '54', '55', '56', '57', '59', '60', '61', '62', '63', '64', '65', '66', '67', '68', '69', '70', '74', '75', '76', '77', '78', '79', '80', '81', '82', '83', '84', '85']
INFO     repair          validation test suite: ['1', '3', '6', '31', '37', '38', '39', '40', '41', '42', '43', '44', '45', '46', '47', '48', '51', '52', '53', '54', '55', '56', '57', '59', '60', '61', '62', '63', '64', '65', '66', '67', '68', '69', '70', '74', '75', '76', '77', '78', '79', '80', '81', '82', '83', '84', '85']
INFO     localization    (loc, score) = (('I', (362, 7, 362, 12)), 1.0)
INFO     localization    (loc, score) = (('I', (437, 6, 437, 24)), 0.5)
INFO     localization    (loc, score) = (('I', (332, 7, 332, 18)), 0.5)
INFO     localization    (loc, score) = (('I', (445, 6, 445, 25)), 0.5)
INFO     localization    (loc, score) = (('I', (337, 7, 337, 11)), 0.5)
INFO     localization    (loc, score) = (('I', (441, 6, 441, 24)), 0.5)
INFO     localization    (loc, score) = (('I', (435, 6, 435, 24)), 0.5)
INFO     localization    (loc, score) = (('I', (447, 6, 447, 28)), 0.5)
INFO     localization    (loc, score) = (('I', (439, 6, 439, 24)), 0.5)
INFO     localization    (loc, score) = (('I', (433, 6, 433, 26)), 0.5)
INFO     localization    (loc, score) = (('I', (443, 6, 443, 24)), 0.5)
INFO     localization    (loc, score) = (('I', (389, 6, 389, 18)), 0.1111111111111111)
INFO     localization    (loc, score) = (('I', (329, 7, 329, 13)), 0.1)
INFO     localization    (loc, score) = (('I', (121, 39, 121, 43)), 0.1)
INFO     localization    (loc, score) = (('I', (83, 6, 83, 7)), 0.1)
INFO     localization    (loc, score) = (('L', (124, 10, 124, 14)), 0.1)
INFO     localization    (loc, score) = (('I', (279, 6, 279, 11)), 0.1)
INFO     localization    (loc, score) = (('L', (87, 9, 87, 13)), 0.1)
INFO     localization    (loc, score) = (('L', (276, 27, 276, 32)), 0.1)
INFO     localization    (loc, score) = (('I', (310, 6, 310, 14)), 0.1)
INFO     localization    (loc, score) = (('I', (321, 6, 321, 11)), 0.1)
INFO     localization    (loc, score) = (('I', (288, 15, 288, 23)), 0.0)
INFO     localization    (loc, score) = (('I', (280, 7, 280, 13)), 0.0)
INFO     localization    (loc, score) = (('I', (408, 9, 408, 27)), 0.0)
INFO     localization    (loc, score) = (('I', (402, 9, 402, 27)), 0.0)
INFO     localization    (loc, score) = (('I', (411, 9, 411, 27)), 0.0)
INFO     localization    (loc, score) = (('I', (399, 9, 399, 29)), 0.0)
INFO     localization    (loc, score) = (('I', (293, 9, 293, 29)), 0.0)
INFO     localization    (loc, score) = (('I', (417, 9, 417, 28)), 0.0)
INFO     localization    (loc, score) = (('I', (282, 8, 282, 14)), 0.0)
INFO     localization    (loc, score) = (('I', (420, 9, 420, 31)), 0.0)
INFO     localization    (loc, score) = (('I', (231, 7, 231, 16)), 0.0)
INFO     localization    (loc, score) = (('I', (405, 9, 405, 27)), 0.0)
INFO     localization    group 1: [('I', (362, 7, 362, 12))] (1.0)
INFO     localization    group 2: [('I', (332, 7, 332, 18))] (0.5)
INFO     localization    group 3: [('I', (337, 7, 337, 11))] (0.5)
INFO     localization    group 4: [('I', (433, 6, 433, 26))] (0.5)
INFO     localization    group 5: [('I', (435, 6, 435, 24))] (0.5)
INFO     localization    group 6: [('I', (437, 6, 437, 24))] (0.5)
INFO     localization    group 7: [('I', (439, 6, 439, 24))] (0.5)
INFO     localization    group 8: [('I', (441, 6, 441, 24))] (0.5)
INFO     localization    group 9: [('I', (443, 6, 443, 24))] (0.5)
INFO     localization    group 10: [('I', (445, 6, 445, 25))] (0.5)
INFO     localization    group 11: [('I', (447, 6, 447, 28))] (0.5)
INFO     localization    group 12: [('I', (389, 6, 389, 18))] (0.1111111111111111)
INFO     localization    group 13: [('I', (83, 6, 83, 7))] (0.1)
INFO     localization    group 14: [('L', (87, 9, 87, 13))] (0.1)
INFO     localization    group 15: [('I', (121, 39, 121, 43))] (0.1)
INFO     localization    group 16: [('L', (124, 10, 124, 14))] (0.1)
INFO     localization    group 17: [('L', (276, 27, 276, 32))] (0.1)
INFO     localization    group 18: [('I', (279, 6, 279, 11))] (0.1)
INFO     localization    group 19: [('I', (310, 6, 310, 14))] (0.1)
INFO     localization    group 20: [('I', (329, 7, 329, 13))] (0.1)
INFO     localization    selected expressions [('I', (362, 7, 362, 12))] with group score 1.0 
INFO     localization    selected expressions [('I', (332, 7, 332, 18))] with group score 0.5 
INFO     localization    selected expressions [('I', (337, 7, 337, 11))] with group score 0.5 
INFO     localization    selected expressions [('I', (433, 6, 433, 26))] with group score 0.5 
INFO     localization    selected expressions [('I', (435, 6, 435, 24))] with group score 0.5 
INFO     localization    selected expressions [('I', (437, 6, 437, 24))] with group score 0.5 
INFO     localization    selected expressions [('I', (439, 6, 439, 24))] with group score 0.5 
INFO     localization    selected expressions [('I', (441, 6, 441, 24))] with group score 0.5 
INFO     localization    selected expressions [('I', (443, 6, 443, 24))] with group score 0.5 
INFO     localization    selected expressions [('I', (445, 6, 445, 25))] with group score 0.5 
INFO     localization    selected expressions [('I', (447, 6, 447, 28))] with group score 0.5 
INFO     localization    selected expressions [('I', (389, 6, 389, 18))] with group score 0.11111 
INFO     localization    selected expressions [('I', (83, 6, 83, 7))] with group score 0.1 
INFO     localization    selected expressions [('L', (87, 9, 87, 13))] with group score 0.1 
INFO     localization    selected expressions [('I', (121, 39, 121, 43))] with group score 0.1 
INFO     localization    selected expressions [('L', (124, 10, 124, 14))] with group score 0.1 
INFO     localization    selected expressions [('L', (276, 27, 276, 32))] with group score 0.1 
INFO     localization    selected expressions [('I', (279, 6, 279, 11))] with group score 0.1 
INFO     localization    selected expressions [('I', (310, 6, 310, 14))] with group score 0.1 
INFO     localization    selected expressions [('I', (329, 7, 329, 13))] with group score 0.1 
INFO     repair          considering suspicious locations [('I', (362, 7, 362, 12))]
INFO     reduction       all failing tests: ['37']
INFO     reduction       select 1 best tests from ['37']
INFO     reduction       select 0 best tests from ['1', '3', '6', '31', '38', '39', '40', '41', '42', '43', '44', '45', '46', '47', '48', '51', '52', '53', '54', '55', '56', '57', '59', '60', '61', '62', '63', '64', '65', '66', '67', '68', '69', '70', '74', '75', '76', '77', '78', '79', '80', '81', '82', '83', '84', '85']
INFO     reduction       selected 1 tests
INFO     reduction       selected passing tests: []
INFO     reduction       selected failing tests: ['37']
INFO     project         configuring backend source
INFO     transformation  instrumenting suspicious of backend source
INFO     project         building backend source
INFO     sym_infer       inferring specification for test '37' through KLEE
INFO     testing         running test '37' of backend source with KLEE
INFO     testing         output code: 1
INFO     sym_infer       checking whether /angelix-experiments/.angelix/backend/klee-out-0 exists...
WARNING  sym_infer       No non-error paths explored
WARNING  repair          no smt file for test 37
INFO     repair          considering suspicious locations [('I', (332, 7, 332, 18))]
INFO     reduction       all failing tests: ['37']
INFO     reduction       select 1 best tests from ['37']
INFO     reduction       select 0 best tests from ['1', '3', '6', '31', '38', '39', '40', '41', '42', '43', '44', '45', '46', '47', '48', '51', '52', '53', '54', '55', '56', '57', '59', '60', '61', '62', '63', '64', '65', '66', '67', '68', '69', '70', '74', '75', '76', '77', '78', '79', '80', '81', '82', '83', '84', '85']
INFO     reduction       selected 1 tests
INFO     reduction       selected passing tests: []
INFO     reduction       selected failing tests: ['37']
INFO     project         configuring backend source
INFO     transformation  instrumenting suspicious of backend source
INFO     project         building backend source
INFO     sym_infer       inferring specification for test '37' through KLEE
INFO     testing         running test '37' of backend source with KLEE
INFO     testing         output code: 1
INFO     sym_infer       checking whether /angelix-experiments/.angelix/backend/klee-out-0 exists...
WARNING  sym_infer       No non-error paths explored
WARNING  repair          no smt file for test 37
INFO     repair          considering suspicious locations [('I', (337, 7, 337, 11))]
INFO     reduction       all failing tests: ['37']
INFO     reduction       select 1 best tests from ['37']
INFO     reduction       select 0 best tests from ['1', '3', '6', '31', '38', '39', '40', '41', '42', '43', '44', '45', '46', '47', '48', '51', '52', '53', '54', '55', '56', '57', '59', '60', '61', '62', '63', '64', '65', '66', '67', '68', '69', '70', '74', '75', '76', '77', '78', '79', '80', '81', '82', '83', '84', '85']
INFO     reduction       selected 1 tests
INFO     reduction       selected passing tests: []
INFO     reduction       selected failing tests: ['37']
INFO     project         configuring backend source
INFO     transformation  instrumenting suspicious of backend source
INFO     project         building backend source
INFO     sym_infer       inferring specification for test '37' through KLEE
INFO     testing         running test '37' of backend source with KLEE
INFO     testing         output code: 1
INFO     sym_infer       checking whether /angelix-experiments/.angelix/backend/klee-out-0 exists...
WARNING  sym_infer       No non-error paths explored
WARNING  repair          no smt file for test 37
INFO     repair          considering suspicious locations [('I', (433, 6, 433, 26))]
INFO     reduction       all failing tests: ['37']
INFO     reduction       select 1 best tests from ['37']
INFO     reduction       select 0 best tests from ['1', '3', '6', '31', '38', '39', '40', '41', '42', '43', '44', '45', '46', '47', '48', '51', '52', '53', '54', '55', '56', '57', '59', '60', '61', '62', '63', '64', '65', '66', '67', '68', '69', '70', '74', '75', '76', '77', '78', '79', '80', '81', '82', '83', '84', '85']
INFO     reduction       selected 1 tests
INFO     reduction       selected passing tests: []
INFO     reduction       selected failing tests: ['37']
INFO     project         configuring backend source
INFO     transformation  instrumenting suspicious of backend source
INFO     project         building backend source
INFO     sym_infer       inferring specification for test '37' through KLEE
INFO     testing         running test '37' of backend source with KLEE
INFO     testing         output code: 1
INFO     sym_infer       checking whether /angelix-experiments/.angelix/backend/klee-out-0 exists...
WARNING  sym_infer       No non-error paths explored
WARNING  repair          no smt file for test 37
INFO     repair          considering suspicious locations [('I', (435, 6, 435, 24))]
INFO     reduction       all failing tests: ['37']
INFO     reduction       select 1 best tests from ['37']
INFO     reduction       select 0 best tests from ['1', '3', '6', '31', '38', '39', '40', '41', '42', '43', '44', '45', '46', '47', '48', '51', '52', '53', '54', '55', '56', '57', '59', '60', '61', '62', '63', '64', '65', '66', '67', '68', '69', '70', '74', '75', '76', '77', '78', '79', '80', '81', '82', '83', '84', '85']
INFO     reduction       selected 1 tests
INFO     reduction       selected passing tests: []
INFO     reduction       selected failing tests: ['37']
INFO     project         configuring backend source
INFO     transformation  instrumenting suspicious of backend source
INFO     project         building backend source
INFO     sym_infer       inferring specification for test '37' through KLEE
INFO     testing         running test '37' of backend source with KLEE
INFO     testing         output code: 1
INFO     sym_infer       checking whether /angelix-experiments/.angelix/backend/klee-out-0 exists...
WARNING  sym_infer       No non-error paths explored
WARNING  repair          no smt file for test 37
INFO     repair          considering suspicious locations [('I', (437, 6, 437, 24))]
INFO     reduction       all failing tests: ['37']
INFO     reduction       select 1 best tests from ['37']
INFO     reduction       select 0 best tests from ['1', '3', '6', '31', '38', '39', '40', '41', '42', '43', '44', '45', '46', '47', '48', '51', '52', '53', '54', '55', '56', '57', '59', '60', '61', '62', '63', '64', '65', '66', '67', '68', '69', '70', '74', '75', '76', '77', '78', '79', '80', '81', '82', '83', '84', '85']
INFO     reduction       selected 1 tests
INFO     reduction       selected passing tests: []
INFO     reduction       selected failing tests: ['37']
INFO     project         configuring backend source
INFO     transformation  instrumenting suspicious of backend source
INFO     project         building backend source
INFO     sym_infer       inferring specification for test '37' through KLEE
INFO     testing         running test '37' of backend source with KLEE
INFO     testing         output code: 1
INFO     sym_infer       checking whether /angelix-experiments/.angelix/backend/klee-out-0 exists...
WARNING  sym_infer       No non-error paths explored
WARNING  repair          no smt file for test 37
INFO     repair          considering suspicious locations [('I', (439, 6, 439, 24))]
INFO     reduction       all failing tests: ['37']
INFO     reduction       select 1 best tests from ['37']
INFO     reduction       select 0 best tests from ['1', '3', '6', '31', '38', '39', '40', '41', '42', '43', '44', '45', '46', '47', '48', '51', '52', '53', '54', '55', '56', '57', '59', '60', '61', '62', '63', '64', '65', '66', '67', '68', '69', '70', '74', '75', '76', '77', '78', '79', '80', '81', '82', '83', '84', '85']
INFO     reduction       selected 1 tests
INFO     reduction       selected passing tests: []
INFO     reduction       selected failing tests: ['37']
INFO     project         configuring backend source
INFO     transformation  instrumenting suspicious of backend source
INFO     project         building backend source
INFO     sym_infer       inferring specification for test '37' through KLEE
INFO     testing         running test '37' of backend source with KLEE
INFO     testing         output code: 1
INFO     sym_infer       checking whether /angelix-experiments/.angelix/backend/klee-out-0 exists...
WARNING  sym_infer       No non-error paths explored
WARNING  repair          no smt file for test 37
INFO     repair          considering suspicious locations [('I', (441, 6, 441, 24))]
INFO     reduction       all failing tests: ['37']
INFO     reduction       select 1 best tests from ['37']
INFO     reduction       select 0 best tests from ['1', '3', '6', '31', '38', '39', '40', '41', '42', '43', '44', '45', '46', '47', '48', '51', '52', '53', '54', '55', '56', '57', '59', '60', '61', '62', '63', '64', '65', '66', '67', '68', '69', '70', '74', '75', '76', '77', '78', '79', '80', '81', '82', '83', '84', '85']
INFO     reduction       selected 1 tests
INFO     reduction       selected passing tests: []
INFO     reduction       selected failing tests: ['37']
INFO     project         configuring backend source
INFO     transformation  instrumenting suspicious of backend source
INFO     project         building backend source
INFO     sym_infer       inferring specification for test '37' through KLEE
INFO     testing         running test '37' of backend source with KLEE
INFO     testing         output code: 1
INFO     sym_infer       checking whether /angelix-experiments/.angelix/backend/klee-out-0 exists...
WARNING  sym_infer       No non-error paths explored
WARNING  repair          no smt file for test 37
INFO     repair          considering suspicious locations [('I', (443, 6, 443, 24))]
INFO     reduction       all failing tests: ['37']
INFO     reduction       select 1 best tests from ['37']
INFO     reduction       select 0 best tests from ['1', '3', '6', '31', '38', '39', '40', '41', '42', '43', '44', '45', '46', '47', '48', '51', '52', '53', '54', '55', '56', '57', '59', '60', '61', '62', '63', '64', '65', '66', '67', '68', '69', '70', '74', '75', '76', '77', '78', '79', '80', '81', '82', '83', '84', '85']
INFO     reduction       selected 1 tests
INFO     reduction       selected passing tests: []
INFO     reduction       selected failing tests: ['37']
INFO     project         configuring backend source
INFO     transformation  instrumenting suspicious of backend source
INFO     project         building backend source
INFO     sym_infer       inferring specification for test '37' through KLEE
INFO     testing         running test '37' of backend source with KLEE
INFO     testing         output code: 1
INFO     sym_infer       checking whether /angelix-experiments/.angelix/backend/klee-out-0 exists...
WARNING  sym_infer       No non-error paths explored
WARNING  repair          no smt file for test 37
INFO     repair          considering suspicious locations [('I', (445, 6, 445, 25))]
INFO     reduction       all failing tests: ['37']
INFO     reduction       select 1 best tests from ['37']
INFO     reduction       select 0 best tests from ['1', '3', '6', '31', '38', '39', '40', '41', '42', '43', '44', '45', '46', '47', '48', '51', '52', '53', '54', '55', '56', '57', '59', '60', '61', '62', '63', '64', '65', '66', '67', '68', '69', '70', '74', '75', '76', '77', '78', '79', '80', '81', '82', '83', '84', '85']
INFO     reduction       selected 1 tests
INFO     reduction       selected passing tests: []
INFO     reduction       selected failing tests: ['37']
INFO     project         configuring backend source
INFO     transformation  instrumenting suspicious of backend source
INFO     project         building backend source
INFO     sym_infer       inferring specification for test '37' through KLEE
INFO     testing         running test '37' of backend source with KLEE
INFO     testing         output code: 1
INFO     sym_infer       checking whether /angelix-experiments/.angelix/backend/klee-out-0 exists...
WARNING  sym_infer       No non-error paths explored
WARNING  repair          no smt file for test 37
INFO     repair          considering suspicious locations [('I', (447, 6, 447, 28))]
INFO     reduction       all failing tests: ['37']
INFO     reduction       select 1 best tests from ['37']
INFO     reduction       select 0 best tests from ['1', '3', '6', '31', '38', '39', '40', '41', '42', '43', '44', '45', '46', '47', '48', '51', '52', '53', '54', '55', '56', '57', '59', '60', '61', '62', '63', '64', '65', '66', '67', '68', '69', '70', '74', '75', '76', '77', '78', '79', '80', '81', '82', '83', '84', '85']
INFO     reduction       selected 1 tests
INFO     reduction       selected passing tests: []
INFO     reduction       selected failing tests: ['37']
INFO     project         configuring backend source
INFO     transformation  instrumenting suspicious of backend source
INFO     project         building backend source
INFO     sym_infer       inferring specification for test '37' through KLEE
INFO     testing         running test '37' of backend source with KLEE
INFO     testing         output code: 1
INFO     sym_infer       checking whether /angelix-experiments/.angelix/backend/klee-out-0 exists...
WARNING  sym_infer       No non-error paths explored
WARNING  repair          no smt file for test 37
INFO     repair          considering suspicious locations [('I', (389, 6, 389, 18))]
INFO     reduction       all failing tests: ['37']
INFO     reduction       select 1 best tests from ['37']
INFO     reduction       select 0 best tests from ['1', '3', '6', '31', '38', '39', '40', '41', '42', '43', '44', '45', '46', '47', '48', '51', '52', '53', '54', '55', '56', '57', '59', '60', '61', '62', '63', '64', '65', '66', '67', '68', '69', '70', '74', '75', '76', '77', '78', '79', '80', '81', '82', '83', '84', '85']
INFO     reduction       selected 1 tests
INFO     reduction       selected passing tests: []
INFO     reduction       selected failing tests: ['37']
INFO     project         configuring backend source
INFO     transformation  instrumenting suspicious of backend source
INFO     project         building backend source
INFO     sym_infer       inferring specification for test '37' through KLEE
INFO     testing         running test '37' of backend source with KLEE
INFO     testing         output code: 1
INFO     sym_infer       checking whether /angelix-experiments/.angelix/backend/klee-out-0 exists...
INFO     sym_infer       solving path .angelix/backend/klee-out-0/test000002.smt2
INFO     sym_infer       expression (389, 6, 389, 18)[0]: angelic = False
INFO     sym_infer       expression (389, 6, 389, 18)[1]: angelic = True
INFO     testing         running test '37' of frontend source
INFO     testing         output code: 1
INFO     sym_infer       spurious angelic path
INFO     sym_infer       solving path .angelix/backend/klee-out-0/test000003.smt2
INFO     sym_infer       expression (389, 6, 389, 18)[0]: angelic = True
INFO     sym_infer       expression (389, 6, 389, 18)[1]: angelic = True
INFO     testing         running test '37' of frontend source
INFO     testing         output code: 1
INFO     sym_infer       spurious angelic path
INFO     sym_infer       found 0 angelic paths for test '37'
INFO     repair          considering suspicious locations [('I', (83, 6, 83, 7))]
INFO     reduction       all failing tests: ['37']
INFO     reduction       select 1 best tests from ['37']
INFO     reduction       select 0 best tests from ['1', '3', '6', '31', '38', '39', '40', '41', '42', '43', '44', '45', '46', '47', '48', '51', '52', '53', '54', '55', '56', '57', '59', '60', '61', '62', '63', '64', '65', '66', '67', '68', '69', '70', '74', '75', '76', '77', '78', '79', '80', '81', '82', '83', '84', '85']
INFO     reduction       selected 1 tests
INFO     reduction       selected passing tests: []
INFO     reduction       selected failing tests: ['37']
INFO     project         configuring backend source
INFO     transformation  instrumenting suspicious of backend source
INFO     project         building backend source
INFO     sym_infer       inferring specification for test '37' through KLEE
INFO     testing         running test '37' of backend source with KLEE
INFO     testing         output code: 1
INFO     sym_infer       checking whether /angelix-experiments/.angelix/backend/klee-out-0 exists...
WARNING  sym_infer       No non-error paths explored
WARNING  repair          no smt file for test 37
INFO     repair          considering suspicious locations [('L', (87, 9, 87, 13))]
INFO     reduction       all failing tests: ['37']
INFO     reduction       select 1 best tests from ['37']
INFO     reduction       select 0 best tests from ['1', '3', '6', '31', '38', '39', '40', '41', '42', '43', '44', '45', '46', '47', '48', '51', '52', '53', '54', '55', '56', '57', '59', '60', '61', '62', '63', '64', '65', '66', '67', '68', '69', '70', '74', '75', '76', '77', '78', '79', '80', '81', '82', '83', '84', '85']
INFO     reduction       selected 1 tests
INFO     reduction       selected passing tests: []
INFO     reduction       selected failing tests: ['37']
INFO     project         configuring backend source
INFO     transformation  instrumenting suspicious of backend source
INFO     project         building backend source
INFO     sym_infer       inferring specification for test '37' through KLEE
INFO     testing         running test '37' of backend source with KLEE
INFO     testing         output code: 1
INFO     sym_infer       checking whether /angelix-experiments/.angelix/backend/klee-out-0 exists...
WARNING  sym_infer       No non-error paths explored
WARNING  repair          no smt file for test 37
INFO     repair          considering suspicious locations [('I', (121, 39, 121, 43))]
INFO     reduction       all failing tests: ['37']
INFO     reduction       select 1 best tests from ['37']
INFO     reduction       select 0 best tests from ['1', '3', '6', '31', '38', '39', '40', '41', '42', '43', '44', '45', '46', '47', '48', '51', '52', '53', '54', '55', '56', '57', '59', '60', '61', '62', '63', '64', '65', '66', '67', '68', '69', '70', '74', '75', '76', '77', '78', '79', '80', '81', '82', '83', '84', '85']
INFO     reduction       selected 1 tests
INFO     reduction       selected passing tests: []
INFO     reduction       selected failing tests: ['37']
INFO     project         configuring backend source
INFO     transformation  instrumenting suspicious of backend source
INFO     project         building backend source
INFO     sym_infer       inferring specification for test '37' through KLEE
INFO     testing         running test '37' of backend source with KLEE
INFO     testing         output code: 1
INFO     sym_infer       checking whether /angelix-experiments/.angelix/backend/klee-out-0 exists...
WARNING  sym_infer       No non-error paths explored
WARNING  repair          no smt file for test 37
INFO     repair          considering suspicious locations [('L', (124, 10, 124, 14))]
INFO     reduction       all failing tests: ['37']
INFO     reduction       select 1 best tests from ['37']
INFO     reduction       select 0 best tests from ['1', '3', '6', '31', '38', '39', '40', '41', '42', '43', '44', '45', '46', '47', '48', '51', '52', '53', '54', '55', '56', '57', '59', '60', '61', '62', '63', '64', '65', '66', '67', '68', '69', '70', '74', '75', '76', '77', '78', '79', '80', '81', '82', '83', '84', '85']
INFO     reduction       selected 1 tests
INFO     reduction       selected passing tests: []
INFO     reduction       selected failing tests: ['37']
INFO     project         configuring backend source
INFO     transformation  instrumenting suspicious of backend source
INFO     project         building backend source
INFO     sym_infer       inferring specification for test '37' through KLEE
INFO     testing         running test '37' of backend source with KLEE
INFO     testing         output code: 1
INFO     sym_infer       checking whether /angelix-experiments/.angelix/backend/klee-out-0 exists...
WARNING  sym_infer       No non-error paths explored
WARNING  repair          no smt file for test 37
INFO     repair          considering suspicious locations [('L', (276, 27, 276, 32))]
INFO     reduction       all failing tests: ['37']
INFO     reduction       select 1 best tests from ['37']
INFO     reduction       select 0 best tests from ['1', '3', '6', '31', '38', '39', '40', '41', '42', '43', '44', '45', '46', '47', '48', '51', '52', '53', '54', '55', '56', '57', '59', '60', '61', '62', '63', '64', '65', '66', '67', '68', '69', '70', '74', '75', '76', '77', '78', '79', '80', '81', '82', '83', '84', '85']
INFO     reduction       selected 1 tests
INFO     reduction       selected passing tests: []
INFO     reduction       selected failing tests: ['37']
INFO     project         configuring backend source
INFO     transformation  instrumenting suspicious of backend source
INFO     project         building backend source
INFO     sym_infer       inferring specification for test '37' through KLEE
INFO     testing         running test '37' of backend source with KLEE
INFO     testing         output code: 1
INFO     sym_infer       checking whether /angelix-experiments/.angelix/backend/klee-out-0 exists...
WARNING  sym_infer       No non-error paths explored
WARNING  repair          no smt file for test 37
INFO     repair          considering suspicious locations [('I', (279, 6, 279, 11))]
INFO     reduction       all failing tests: ['37']
INFO     reduction       select 1 best tests from ['37']
INFO     reduction       select 0 best tests from ['1', '3', '6', '31', '38', '39', '40', '41', '42', '43', '44', '45', '46', '47', '48', '51', '52', '53', '54', '55', '56', '57', '59', '60', '61', '62', '63', '64', '65', '66', '67', '68', '69', '70', '74', '75', '76', '77', '78', '79', '80', '81', '82', '83', '84', '85']
INFO     reduction       selected 1 tests
INFO     reduction       selected passing tests: []
INFO     reduction       selected failing tests: ['37']
INFO     project         configuring backend source
INFO     transformation  instrumenting suspicious of backend source
INFO     project         building backend source
INFO     sym_infer       inferring specification for test '37' through KLEE
INFO     testing         running test '37' of backend source with KLEE
INFO     testing         output code: 1
INFO     sym_infer       checking whether /angelix-experiments/.angelix/backend/klee-out-0 exists...
WARNING  sym_infer       No non-error paths explored
WARNING  repair          no smt file for test 37
INFO     repair          considering suspicious locations [('I', (310, 6, 310, 14))]
INFO     reduction       all failing tests: ['37']
INFO     reduction       select 1 best tests from ['37']
INFO     reduction       select 0 best tests from ['1', '3', '6', '31', '38', '39', '40', '41', '42', '43', '44', '45', '46', '47', '48', '51', '52', '53', '54', '55', '56', '57', '59', '60', '61', '62', '63', '64', '65', '66', '67', '68', '69', '70', '74', '75', '76', '77', '78', '79', '80', '81', '82', '83', '84', '85']
INFO     reduction       selected 1 tests
INFO     reduction       selected passing tests: []
INFO     reduction       selected failing tests: ['37']
INFO     project         configuring backend source
INFO     transformation  instrumenting suspicious of backend source
INFO     project         building backend source
INFO     sym_infer       inferring specification for test '37' through KLEE
INFO     testing         running test '37' of backend source with KLEE
INFO     testing         output code: 1
INFO     sym_infer       checking whether /angelix-experiments/.angelix/backend/klee-out-0 exists...
INFO     sym_infer       solving path .angelix/backend/klee-out-0/test000002.smt2
INFO     sym_infer       expression (310, 6, 310, 14)[0]: angelic = False
INFO     sym_infer       expression (310, 6, 310, 14)[1]: angelic = True
INFO     testing         running test '37' of frontend source
INFO     testing         output code: 1
INFO     sym_infer       spurious angelic path
INFO     sym_infer       solving path .angelix/backend/klee-out-0/test000003.smt2
INFO     sym_infer       expression (310, 6, 310, 14)[0]: angelic = True
INFO     sym_infer       expression (310, 6, 310, 14)[1]: angelic = True
INFO     testing         running test '37' of frontend source
INFO     testing         output code: 1
INFO     sym_infer       spurious angelic path
INFO     sym_infer       found 0 angelic paths for test '37'
INFO     repair          considering suspicious locations [('I', (329, 7, 329, 13))]
INFO     reduction       all failing tests: ['37']
INFO     reduction       select 1 best tests from ['37']
INFO     reduction       select 0 best tests from ['1', '3', '6', '31', '38', '39', '40', '41', '42', '43', '44', '45', '46', '47', '48', '51', '52', '53', '54', '55', '56', '57', '59', '60', '61', '62', '63', '64', '65', '66', '67', '68', '69', '70', '74', '75', '76', '77', '78', '79', '80', '81', '82', '83', '84', '85']
INFO     reduction       selected 1 tests
INFO     reduction       selected passing tests: []
INFO     reduction       selected failing tests: ['37']
INFO     project         configuring backend source
INFO     transformation  instrumenting suspicious of backend source
INFO     project         building backend source
INFO     sym_infer       inferring specification for test '37' through KLEE
INFO     testing         running test '37' of backend source with KLEE
INFO     testing         output code: 1
INFO     sym_infer       checking whether /angelix-experiments/.angelix/backend/klee-out-0 exists...
INFO     sym_infer       solving path .angelix/backend/klee-out-0/test000001.smt2
INFO     sym_infer       expression (329, 7, 329, 13)[0]: angelic = False
INFO     sym_infer       expression (329, 7, 329, 13)[1]: angelic = False
INFO     testing         running test '37' of frontend source
INFO     testing         output code: 1
INFO     sym_infer       spurious angelic path
INFO     sym_infer       solving path .angelix/backend/klee-out-0/test000003.smt2
INFO     sym_infer       expression (329, 7, 329, 13)[0]: angelic = True
INFO     sym_infer       expression (329, 7, 329, 13)[1]: angelic = False
INFO     testing         running test '37' of frontend source
INFO     testing         output code: 0
INFO     sym_infer       found 1 angelic paths for test '37'
INFO     synthesis       synthesizing patch with component level 'extended-arithmetic'
INFO     synthesis       use old synth
INFO     synthesis       fixing expression (329, 7, 329, 13): (53 != 49) ---> ((length + (- 0)) != 49)
INFO     repair          candidate fix synthesized
INFO     transformation  applying patch to validation source
INFO     project         building validation source
INFO     testing         running test '1' of validation source
INFO     testing         output code: 0
INFO     testing         running test '3' of validation source
INFO     testing         output code: 0
INFO     testing         running test '6' of validation source
INFO     testing         output code: 0
INFO     testing         running test '31' of validation source
INFO     testing         output code: 0
INFO     testing         running test '37' of validation source
INFO     testing         output code: 0
INFO     testing         running test '38' of validation source
INFO     testing         output code: 0
INFO     testing         running test '39' of validation source
INFO     testing         output code: 0
INFO     testing         running test '40' of validation source
INFO     testing         output code: 0
INFO     testing         running test '41' of validation source
INFO     testing         output code: 0
INFO     testing         running test '42' of validation source
INFO     testing         output code: 0
INFO     testing         running test '43' of validation source
INFO     testing         output code: 0
INFO     testing         running test '44' of validation source
INFO     testing         output code: 0
INFO     testing         running test '45' of validation source
INFO     testing         output code: 0
INFO     testing         running test '46' of validation source
INFO     testing         output code: 0
INFO     testing         running test '47' of validation source
INFO     testing         output code: 0
INFO     testing         running test '48' of validation source
INFO     testing         output code: 0
INFO     testing         running test '51' of validation source
INFO     testing         output code: 0
INFO     testing         running test '52' of validation source
INFO     testing         output code: 0
INFO     testing         running test '53' of validation source
INFO     testing         output code: 0
INFO     testing         running test '54' of validation source
INFO     testing         output code: 0
INFO     testing         running test '55' of validation source
INFO     testing         output code: 0
INFO     testing         running test '56' of validation source
INFO     testing         output code: 0
INFO     testing         running test '57' of validation source
INFO     testing         output code: 0
INFO     testing         running test '59' of validation source
INFO     testing         output code: 0
INFO     testing         running test '60' of validation source
INFO     testing         output code: 0
INFO     testing         running test '61' of validation source
INFO     testing         output code: 0
INFO     testing         running test '62' of validation source
INFO     testing         output code: 0
INFO     testing         running test '63' of validation source
INFO     testing         output code: 0
INFO     testing         running test '64' of validation source
INFO     testing         output code: 0
INFO     testing         running test '65' of validation source
INFO     testing         output code: 0
INFO     testing         running test '66' of validation source
INFO     testing         output code: 0
INFO     testing         running test '67' of validation source
INFO     testing         output code: 0
INFO     testing         running test '68' of validation source
INFO     testing         output code: 0
INFO     testing         running test '69' of validation source
INFO     testing         output code: 0
INFO     testing         running test '70' of validation source
INFO     testing         output code: 0
INFO     testing         running test '74' of validation source
INFO     testing         output code: 0
INFO     testing         running test '75' of validation source
INFO     testing         output code: 0
INFO     testing         running test '76' of validation source
INFO     testing         output code: 0
INFO     testing         running test '77' of validation source
INFO     testing         output code: 0
INFO     testing         running test '78' of validation source
INFO     testing         output code: 0
INFO     testing         running test '79' of validation source
INFO     testing         output code: 0
INFO     testing         running test '80' of validation source
INFO     testing         output code: 0
INFO     testing         running test '81' of validation source
INFO     testing         output code: 0
INFO     testing         running test '82' of validation source
INFO     testing         output code: 0
INFO     testing         running test '83' of validation source
INFO     testing         output code: 0
INFO     testing         running test '84' of validation source
INFO     testing         output code: 0
INFO     testing         running test '85' of validation source
INFO     testing         output code: 0
INFO     repair          patch successfully generated in 47m 7s (see php-2021-Oct20-144517.patch)
SUCCESS
