[repair] benchmark: manybugs
[repair] subject: libtiff
[repair] version: 2010-12-13-96a5fb4-bdba15c
[repair] search: guided
[fetch] benchmark: manybugs
[fetch] subject: libtiff
[fetch] version: 2010-12-13-96a5fb4-bdba15c
[fetch] archive: libtiff-bug-2010-12-13-96a5fb4-bdba15c.tar.gz
[fetch] directory: libtiff-bug-2010-12-13-96a5fb4-bdba15c
--2019-07-30 22:44:21--  https://repairbenchmarks.cs.umass.edu/ManyBugs/scenarios//libtiff-bug-2010-12-13-96a5fb4-bdba15c.tar.gz
Resolving repairbenchmarks.cs.umass.edu (repairbenchmarks.cs.umass.edu)... 128.119.240.19
Connecting to repairbenchmarks.cs.umass.edu (repairbenchmarks.cs.umass.edu)|128.119.240.19|:443... connected.
HTTP request sent, awaiting response... 200 OK
Length: 18265474 (17M) [application/x-gzip]
Saving to: 'cache/libtiff-bug-2010-12-13-96a5fb4-bdba15c.tar.gz'

     0K .......... .......... .......... .......... ..........  0%  121K 2m27s
    50K .......... .......... .......... .......... ..........  0%  243K 1m50s
   100K .......... .......... .......... .......... ..........  0% 18.1M 73s
   150K .......... .......... .......... .......... ..........  1% 1.23M 58s
   200K .......... .......... .......... .......... ..........  1%  304K 58s
   250K .......... .......... .......... .......... ..........  1% 37.8M 48s
   300K .......... .......... .......... .......... ..........  1% 43.1M 41s
   350K .......... .......... .......... .......... ..........  2% 49.7M 36s
   400K .......... .......... .......... .......... ..........  2%  247K 40s
   450K .......... .......... .......... .......... ..........  2% 39.0M 36s
   500K .......... .......... .......... .......... ..........  3% 41.2M 33s
   550K .......... .......... .......... .......... ..........  3% 59.4M 30s
   600K .......... .......... .......... .......... ..........  3%  247K 33s
   650K .......... .......... .......... .......... ..........  3% 36.4M 30s
   700K .......... .......... .......... .......... ..........  4% 65.5M 28s
   750K .......... .......... .......... .......... ..........  4% 31.1M 26s
   800K .......... .......... .......... .......... ..........  4% 1.26M 26s
   850K .......... .......... .......... .......... ..........  5%  304K 27s
   900K .......... .......... .......... .......... ..........  5% 39.6M 26s
   950K .......... .......... .......... .......... ..........  5% 43.4M 24s
  1000K .......... .......... .......... .......... ..........  5% 29.0M 23s
  1050K .......... .......... .......... .......... ..........  6%  247K 25s
  1100K .......... .......... .......... .......... ..........  6% 32.6M 24s
  1150K .......... .......... .......... .......... ..........  6% 74.3M 23s
  1200K .......... .......... .......... .......... ..........  7% 30.3M 22s
  1250K .......... .......... .......... .......... ..........  7%  615K 22s
  1300K .......... .......... .......... .......... ..........  7%  410K 23s
  1350K .......... .......... .......... .......... ..........  7% 48.0M 22s
  1400K .......... .......... .......... .......... ..........  8% 30.4M 21s
  1450K .......... .......... .......... .......... ..........  8% 54.5M 20s
  1500K .......... .......... .......... .......... ..........  8%  247K 22s
  1550K .......... .......... .......... .......... ..........  8% 58.1M 21s
  1600K .......... .......... .......... .......... ..........  9% 25.0M 20s
  1650K .......... .......... .......... .......... ..........  9% 68.3M 20s
  1700K .......... .......... .......... .......... ..........  9%  248K 21s
  1750K .......... .......... .......... .......... .......... 10% 29.6M 20s
  1800K .......... .......... .......... .......... .......... 10% 24.9M 20s
  1850K .......... .......... .......... .......... .......... 10% 85.9M 19s
  1900K .......... .......... .......... .......... .......... 10% 85.5M 19s
  1950K .......... .......... .......... .......... .......... 11%  247K 20s
  2000K .......... .......... .......... .......... .......... 11% 32.7M 19s
  2050K .......... .......... .......... .......... .......... 11% 23.3M 19s
  2100K .......... .......... .......... .......... .......... 12% 32.3M 18s
  2150K .......... .......... .......... .......... .......... 12%  249K 19s
  2200K .......... .......... .......... .......... .......... 12% 24.0M 19s
  2250K .......... .......... .......... .......... .......... 12% 24.2M 18s
  2300K .......... .......... .......... .......... .......... 13% 52.6M 18s
  2350K .......... .......... .......... .......... .......... 13% 30.3M 17s
  2400K .......... .......... .......... .......... .......... 13%  248K 18s
  2450K .......... .......... .......... .......... .......... 14% 59.8M 18s
  2500K .......... .......... .......... .......... .......... 14% 25.2M 17s
  2550K .......... .......... .......... .......... .......... 14% 32.1M 17s
  2600K .......... .......... .......... .......... .......... 14%  635K 17s
  2650K .......... .......... .......... .......... .......... 15%  404K 17s
  2700K .......... .......... .......... .......... .......... 15% 30.2M 17s
  2750K .......... .......... .......... .......... .......... 15% 21.8M 17s
  2800K .......... .......... .......... .......... .......... 15% 49.6M 16s
  2850K .......... .......... .......... .......... .......... 16%  249K 17s
  2900K .......... .......... .......... .......... .......... 16% 35.2M 17s
  2950K .......... .......... .......... .......... .......... 16% 27.9M 16s
  3000K .......... .......... .......... .......... .......... 17% 23.7M 16s
  3050K .......... .......... .......... .......... .......... 17%  642K 16s
  3100K .......... .......... .......... .......... .......... 17%  398K 16s
  3150K .......... .......... .......... .......... .......... 17% 40.4M 16s
  3200K .......... .......... .......... .......... .......... 18% 30.8M 16s
  3250K .......... .......... .......... .......... .......... 18% 22.3M 15s
  3300K .......... .......... .......... .......... .......... 18%  249K 16s
  3350K .......... .......... .......... .......... .......... 19% 53.0M 16s
  3400K .......... .......... .......... .......... .......... 19% 37.4M 16s
  3450K .......... .......... .......... .......... .......... 19%  239K 16s
  3500K .......... .......... .......... .......... .......... 19% 70.8M 16s
  3550K .......... .......... .......... .......... .......... 20% 89.0M 16s
  3600K .......... .......... .......... .......... .......... 20% 75.6M 15s
  3650K .......... .......... .......... .......... .......... 20% 89.3M 15s
  3700K .......... .......... .......... .......... .......... 21% 87.1M 15s
  3750K .......... .......... .......... .......... .......... 21%  252K 15s
  3800K .......... .......... .......... .......... .......... 21% 28.6M 15s
  3850K .......... .......... .......... .......... .......... 21%  237K 16s
  3900K .......... .......... .......... .......... .......... 22% 56.6M 15s
  3950K .......... .......... .......... .......... .......... 22% 61.7M 15s
  4000K .......... .......... .......... .......... .......... 22% 53.4M 15s
  4050K .......... .......... .......... .......... .......... 22%  253K 15s
  4100K .......... .......... .......... .......... .......... 23% 15.9M 15s
  4150K .......... .......... .......... .......... .......... 23% 1.38M 15s
  4200K .......... .......... .......... .......... .......... 23%  296K 15s
  4250K .......... .......... .......... .......... .......... 24% 10.2M 15s
  4300K .......... .......... .......... .......... .......... 24%  250K 15s
  4350K .......... .......... .......... .......... .......... 24% 17.5M 15s
  4400K .......... .......... .......... .......... .......... 24% 1.35M 15s
  4450K .......... .......... .......... .......... .......... 25%  295K 15s
  4500K .......... .......... .......... .......... .......... 25% 12.7M 15s
  4550K .......... .......... .......... .......... .......... 25%  249K 15s
  4600K .......... .......... .......... .......... .......... 26% 17.2M 15s
  4650K .......... .......... .......... .......... .......... 26% 14.5M 15s
  4700K .......... .......... .......... .......... .......... 26%  249K 15s
  4750K .......... .......... .......... .......... .......... 26% 16.9M 15s
  4800K .......... .......... .......... .......... .......... 27% 1.37M 15s
  4850K .......... .......... .......... .......... .......... 27%  295K 15s
  4900K .......... .......... .......... .......... .......... 27% 12.6M 15s
  4950K .......... .......... .......... .......... .......... 28%  658K 15s
  5000K .......... .......... .......... .......... .......... 28%  394K 15s
  5050K .......... .......... .......... .......... .......... 28% 13.4M 15s
  5100K .......... .......... .......... .......... .......... 28%  251K 15s
  5150K .......... .......... .......... .......... .......... 29% 12.5M 15s
  5200K .......... .......... .......... .......... .......... 29% 12.6M 15s
  5250K .......... .......... .......... .......... .......... 29%  249K 15s
  5300K .......... .......... .......... .......... .......... 29% 17.8M 15s
  5350K .......... .......... .......... .......... .......... 30% 17.0M 15s
  5400K .......... .......... .......... .......... .......... 30%  249K 15s
  5450K .......... .......... .......... .......... .......... 30% 20.1M 15s
  5500K .......... .......... .......... .......... .......... 31% 16.2M 15s
  5550K .......... .......... .......... .......... .......... 31%  248K 15s
  5600K .......... .......... .......... .......... .......... 31% 14.2M 15s
  5650K .......... .......... .......... .......... .......... 31% 1.45M 15s
  5700K .......... .......... .......... .......... .......... 32%  295K 15s
  5750K .......... .......... .......... .......... .......... 32% 13.5M 15s
  5800K .......... .......... .......... .......... .......... 32% 1.45M 14s
  5850K .......... .......... .......... .......... .......... 33%  296K 15s
  5900K .......... .......... .......... .......... .......... 33% 13.6M 14s
  5950K .......... .......... .......... .......... .......... 33% 1.45M 14s
  6000K .......... .......... .......... .......... .......... 33%  293K 14s
  6050K .......... .......... .......... .......... .......... 34% 21.8M 14s
  6100K .......... .......... .......... .......... .......... 34%  249K 15s
  6150K .......... .......... .......... .......... .......... 34% 16.2M 14s
  6200K .......... .......... .......... .......... .......... 35% 21.5M 14s
  6250K .......... .......... .......... .......... .......... 35%  248K 14s
  6300K .......... .......... .......... .......... .......... 35% 16.4M 14s
  6350K .......... .......... .......... .......... .......... 35% 18.3M 14s
  6400K .......... .......... .......... .......... .......... 36%  246K 14s
  6450K .......... .......... .......... .......... .......... 36% 53.9M 14s
  6500K .......... .......... .......... .......... .......... 36% 1.44M 14s
  6550K .......... .......... .......... .......... .......... 37%  291K 14s
  6600K .......... .......... .......... .......... .......... 37% 59.0M 14s
  6650K .......... .......... .......... .......... .......... 37% 1.44M 14s
  6700K .......... .......... .......... .......... .......... 37%  290K 14s
  6750K .......... .......... .......... .......... .......... 38% 71.3M 14s
  6800K .......... .......... .......... .......... .......... 38%  249K 14s
  6850K .......... .......... .......... .......... .......... 38% 7.97M 14s
  6900K .......... .......... .......... .......... .......... 38% 56.0M 14s
  6950K .......... .......... .......... .......... .......... 39%  251K 14s
  7000K .......... .......... .......... .......... .......... 39% 7.21M 14s
  7050K .......... .......... .......... .......... .......... 39% 91.1M 13s
  7100K .......... .......... .......... .......... .......... 40%  250K 14s
  7150K .......... .......... .......... .......... .......... 40% 8.17M 13s
  7200K .......... .......... .......... .......... .......... 40% 52.0M 13s
  7250K .......... .......... .......... .......... .......... 40%  245K 13s
  7300K .......... .......... .......... .......... .......... 41% 17.5M 13s
  7350K .......... .......... .......... .......... .......... 41% 46.4M 13s
  7400K .......... .......... .......... .......... .......... 41%  247K 13s
  7450K .......... .......... .......... .......... .......... 42% 15.3M 13s
  7500K .......... .......... .......... .......... .......... 42% 64.6M 13s
  7550K .......... .......... .......... .......... .......... 42%  247K 13s
  7600K .......... .......... .......... .......... .......... 42% 10.8M 13s
  7650K .......... .......... .......... .......... .......... 43% 1.57M 13s
  7700K .......... .......... .......... .......... .......... 43%  291K 13s
  7750K .......... .......... .......... .......... .......... 43% 14.3M 13s
  7800K .......... .......... .......... .......... .......... 44% 1.68M 13s
  7850K .......... .......... .......... .......... .......... 44%  288K 13s
  7900K .......... .......... .......... .......... .......... 44% 14.4M 13s
  7950K .......... .......... .......... .......... .......... 44% 35.0M 12s
  8000K .......... .......... .......... .......... .......... 45%  156K 13s
  8050K .......... .......... .......... .......... .......... 45%  117M 13s
  8100K .......... .......... .......... .......... .......... 45%  120M 12s
  8150K .......... .......... .......... .......... .......... 45%  575K 12s
  8200K .......... .......... .......... .......... .......... 46% 10.6M 12s
  8250K .......... .......... .......... .......... .......... 46%  248K 12s
  8300K .......... .......... .......... .......... .......... 46% 14.1M 12s
  8350K .......... .......... .......... .......... .......... 47%  252K 12s
  8400K .......... .......... .......... .......... .......... 47% 6.44M 12s
  8450K .......... .......... .......... .......... .......... 47%  252K 12s
  8500K .......... .......... .......... .......... .......... 47% 7.24M 12s
  8550K .......... .......... .......... .......... .......... 48% 1.49M 12s
  8600K .......... .......... .......... .......... .......... 48%  290K 12s
  8650K .......... .......... .......... .......... .......... 48% 18.9M 12s
  8700K .......... .......... .......... .......... .......... 49%  434K 12s
  8750K .......... .......... .......... .......... .......... 49%  558K 12s
  8800K .......... .......... .......... .......... .......... 49% 1.46M 12s
  8850K .......... .......... .......... .......... .......... 49%  290K 12s
  8900K .......... .......... .......... .......... .......... 50% 18.3M 12s
  8950K .......... .......... .......... .......... .......... 50%  651K 12s
  9000K .......... .......... .......... .......... .......... 50%  393K 12s
  9050K .......... .......... .......... .......... .......... 51% 18.3M 12s
  9100K .......... .......... .......... .......... .......... 51%  438K 11s
  9150K .......... .......... .......... .......... .......... 51%  555K 11s
  9200K .......... .......... .......... .......... .......... 51% 1.58M 11s
  9250K .......... .......... .......... .......... .......... 52%  285K 11s
  9300K .......... .......... .......... .......... .......... 52%  110M 11s
  9350K .......... .......... .......... .......... .......... 52% 1.58M 11s
  9400K .......... .......... .......... .......... .......... 52%  285K 11s
  9450K .......... .......... .......... .......... .......... 53% 53.5M 11s
  9500K .......... .......... .......... .......... .......... 53% 1.59M 11s
  9550K .......... .......... .......... .......... .......... 53%  287K 11s
  9600K .......... .......... .......... .......... .......... 54% 18.0M 11s
  9650K .......... .......... .......... .......... .......... 54%  675K 11s
  9700K .......... .......... .......... .......... .......... 54%  384K 11s
  9750K .......... .......... .......... .......... .......... 54% 60.8M 11s
  9800K .......... .......... .......... .......... .......... 55% 1.49M 11s
  9850K .......... .......... .......... .......... .......... 55%  288K 11s
  9900K .......... .......... .......... .......... .......... 55%  108M 10s
  9950K .......... .......... .......... .......... .......... 56% 1.52M 10s
 10000K .......... .......... .......... .......... .......... 56%  287K 10s
 10050K .......... .......... .......... .......... .......... 56% 37.4M 10s
 10100K .......... .......... .......... .......... .......... 56%  653K 10s
 10150K .......... .......... .......... .......... .......... 57%  389K 10s
 10200K .......... .......... .......... .......... .......... 57% 64.4M 10s
 10250K .......... .......... .......... .......... .......... 57% 1.56M 10s
 10300K .......... .......... .......... .......... .......... 58%  287K 10s
 10350K .......... .......... .......... .......... .......... 58% 49.8M 10s
 10400K .......... .......... .......... .......... .......... 58%  651K 10s
 10450K .......... .......... .......... .......... .......... 58%  388K 10s
 10500K .......... .......... .......... .......... .......... 59% 56.2M 10s
 10550K .......... .......... .......... .......... .......... 59% 1.54M 10s
 10600K .......... .......... .......... .......... .......... 59%  287K 10s
 10650K .......... .......... .......... .......... .......... 59% 98.9M 10s
 10700K .......... .......... .......... .......... .......... 60% 1.53M 9s
 10750K .......... .......... .......... .......... .......... 60%  298K 9s
 10800K .......... .......... .......... .......... .......... 60% 6.82M 9s
 10850K .......... .......... .......... .......... .......... 61% 1.54M 9s
 10900K .......... .......... .......... .......... .......... 61%  288K 9s
 10950K .......... .......... .......... .......... .......... 61% 23.2M 9s
 11000K .......... .......... .......... .......... .......... 61% 1.61M 9s
 11050K .......... .......... .......... .......... .......... 62%  291K 9s
 11100K .......... .......... .......... .......... .......... 62% 11.1M 9s
 11150K .......... .......... .......... .......... .......... 62% 1.77M 9s
 11200K .......... .......... .......... .......... .......... 63%  283K 9s
 11250K .......... .......... .......... .......... .......... 63% 20.8M 9s
 11300K .......... .......... .......... .......... .......... 63% 1.63M 9s
 11350K .......... .......... .......... .......... .......... 63%  291K 9s
 11400K .......... .......... .......... .......... .......... 64% 9.91M 9s
 11450K .......... .......... .......... .......... .......... 64% 1.80M 8s
 11500K .......... .......... .......... .......... .......... 64%  294K 8s
 11550K .......... .......... .......... .......... .......... 65% 4.66M 8s
 11600K .......... .......... .......... .......... .......... 65% 1.72M 8s
 11650K .......... .......... .......... .......... .......... 65%  289K 8s
 11700K .......... .......... .......... .......... .......... 65% 9.61M 8s
 11750K .......... .......... .......... .......... .......... 66% 1.88M 8s
 11800K .......... .......... .......... .......... .......... 66%  294K 8s
 11850K .......... .......... .......... .......... .......... 66% 4.35M 8s
 11900K .......... .......... .......... .......... .......... 66% 82.8M 8s
 11950K .......... .......... .......... .......... .......... 67%  258K 8s
 12000K .......... .......... .......... .......... .......... 67% 4.10M 8s
 12050K .......... .......... .......... .......... .......... 67% 1.92M 8s
 12100K .......... .......... .......... .......... .......... 68%  295K 8s
 12150K .......... .......... .......... .......... .......... 68% 3.98M 8s
 12200K .......... .......... .......... .......... .......... 68% 79.2M 7s
 12250K .......... .......... .......... .......... .......... 68%  322K 7s
 12300K .......... .......... .......... .......... .......... 69% 1010K 7s
 12350K .......... .......... .......... .......... .......... 69% 25.2M 7s
 12400K .......... .......... .......... .......... .......... 69%  259K 7s
 12450K .......... .......... .......... .......... .......... 70% 4.11M 7s
 12500K .......... .......... .......... .......... .......... 70% 40.2M 7s
 12550K .......... .......... .......... .......... .......... 70%  666K 7s
 12600K .......... .......... .......... .......... .......... 70%  386K 7s
 12650K .......... .......... .......... .......... .......... 71% 26.1M 7s
 12700K .......... .......... .......... .......... .......... 71%  664K 7s
 12750K .......... .......... .......... .......... .......... 71%  399K 7s
 12800K .......... .......... .......... .......... .......... 72% 8.40M 7s
 12850K .......... .......... .......... .......... .......... 72%  662K 7s
 12900K .......... .......... .......... .......... .......... 72%  400K 7s
 12950K .......... .......... .......... .......... .......... 72% 8.02M 6s
 13000K .......... .......... .......... .......... .......... 73% 1.83M 6s
 13050K .......... .......... .......... .......... .......... 73%  300K 6s
 13100K .......... .......... .......... .......... .......... 73% 3.82M 6s
 13150K .......... .......... .......... .......... .......... 74% 2.03M 6s
 13200K .......... .......... .......... .......... .......... 74%  295K 6s
 13250K .......... .......... .......... .......... .......... 74% 3.76M 6s
 13300K .......... .......... .......... .......... .......... 74% 72.3M 6s
 13350K .......... .......... .......... .......... .......... 75%  659K 6s
 13400K .......... .......... .......... .......... .......... 75%  390K 6s
 13450K .......... .......... .......... .......... .......... 75% 24.0M 6s
 13500K .......... .......... .......... .......... .......... 75% 1.62M 6s
 13550K .......... .......... .......... .......... .......... 76%  307K 6s
 13600K .......... .......... .......... .......... .......... 76% 3.69M 6s
 13650K .......... .......... .......... .......... .......... 76% 1.65M 5s
 13700K .......... .......... .......... .......... .......... 77%  398K 5s
 13750K .......... .......... .......... .......... .......... 77%  989K 5s
 13800K .......... .......... .......... .......... .......... 77% 45.7M 5s
 13850K .......... .......... .......... .......... .......... 77%  660K 5s
 13900K .......... .......... .......... .......... .......... 78%  403K 5s
 13950K .......... .......... .......... .......... .......... 78% 7.19M 5s
 14000K .......... .......... .......... .......... .......... 78% 1.67M 5s
 14050K .......... .......... .......... .......... .......... 79%  417K 5s
 14100K .......... .......... .......... .......... .......... 79%  901K 5s
 14150K .......... .......... .......... .......... .......... 79% 22.0M 5s
 14200K .......... .......... .......... .......... .......... 79% 1.68M 5s
 14250K .......... .......... .......... .......... .......... 80%  298K 5s
 14300K .......... .......... .......... .......... .......... 80% 5.32M 5s
 14350K .......... .......... .......... .......... .......... 80% 60.9M 5s
 14400K .......... .......... .......... .......... .......... 81%  664K 4s
 14450K .......... .......... .......... .......... .......... 81%  402K 4s
 14500K .......... .......... .......... .......... .......... 81% 7.51M 4s
 14550K .......... .......... .......... .......... .......... 81% 57.6M 4s
 14600K .......... .......... .......... .......... .......... 82%  668K 4s
 14650K .......... .......... .......... .......... .......... 82%  403K 4s
 14700K .......... .......... .......... .......... .......... 82% 7.71M 4s
 14750K .......... .......... .......... .......... .......... 82% 30.2M 4s
 14800K .......... .......... .......... .......... .......... 83%  673K 4s
 14850K .......... .......... .......... .......... .......... 83%  404K 4s
 14900K .......... .......... .......... .......... .......... 83% 7.35M 4s
 14950K .......... .......... .......... .......... .......... 84% 28.2M 4s
 15000K .......... .......... .......... .......... .......... 84%  676K 4s
 15050K .......... .......... .......... .......... .......... 84%  408K 4s
 15100K .......... .......... .......... .......... .......... 84% 6.38M 4s
 15150K .......... .......... .......... .......... .......... 85% 24.2M 3s
 15200K .......... .......... .......... .......... .......... 85%  701K 3s
 15250K .......... .......... .......... .......... .......... 85%  657K 3s
 15300K .......... .......... .......... .......... .......... 86%  882K 3s
 15350K .......... .......... .......... .......... .......... 86% 23.9M 3s
 15400K .......... .......... .......... .......... .......... 86% 1.70M 3s
 15450K .......... .......... .......... .......... .......... 86% 1.07M 3s
 15500K .......... .......... .......... .......... .......... 87%  408K 3s
 15550K .......... .......... .......... .......... .......... 87% 6.05M 3s
 15600K .......... .......... .......... .......... .......... 87% 25.0M 3s
 15650K .......... .......... .......... .......... .......... 88% 1.67M 3s
 15700K .......... .......... .......... .......... .......... 88%  631K 3s
 15750K .......... .......... .......... .......... .......... 88%  526K 3s
 15800K .......... .......... .......... .......... .......... 88% 41.7M 3s
 15850K .......... .......... .......... .......... .......... 89% 20.6M 2s
 15900K .......... .......... .......... .......... .......... 89% 1.71M 2s
 15950K .......... .......... .......... .......... .......... 89%  630K 2s
 16000K .......... .......... .......... .......... .......... 89%  524K 2s
 16050K .......... .......... .......... .......... .......... 90% 68.8M 2s
 16100K .......... .......... .......... .......... .......... 90% 19.2M 2s
 16150K .......... .......... .......... .......... .......... 90% 1.54M 2s
 16200K .......... .......... .......... .......... .......... 91%  658K 2s
 16250K .......... .......... .......... .......... .......... 91%  554K 2s
 16300K .......... .......... .......... .......... .......... 91% 8.08M 2s
 16350K .......... .......... .......... .......... .......... 91% 21.9M 2s
 16400K .......... .......... .......... .......... .......... 92% 1.54M 2s
 16450K .......... .......... .......... .......... .......... 92%  662K 2s
 16500K .......... .......... .......... .......... .......... 92%  553K 2s
 16550K .......... .......... .......... .......... .......... 93% 7.50M 2s
 16600K .......... .......... .......... .......... .......... 93% 23.6M 2s
 16650K .......... .......... .......... .......... .......... 93% 52.9M 1s
 16700K .......... .......... .......... .......... .......... 93%  705K 1s
 16750K .......... .......... .......... .......... .......... 94% 1.36M 1s
 16800K .......... .......... .......... .......... .......... 94%  519K 1s
 16850K .......... .......... .......... .......... .......... 94% 64.5M 1s
 16900K .......... .......... .......... .......... .......... 95% 24.2M 1s
 16950K .......... .......... .......... .......... .......... 95% 1.56M 1s
 17000K .......... .......... .......... .......... .......... 95% 1.18M 1s
 17050K .......... .......... .......... .......... .......... 95%  426K 1s
 17100K .......... .......... .......... .......... .......... 96% 5.73M 1s
 17150K .......... .......... .......... .......... .......... 96% 8.22M 1s
 17200K .......... .......... .......... .......... .......... 96% 26.4M 1s
 17250K .......... .......... .......... .......... .......... 96% 1.51M 1s
 17300K .......... .......... .......... .......... .......... 97% 1.21M 1s
 17350K .......... .......... .......... .......... .......... 97%  426K 1s
 17400K .......... .......... .......... .......... .......... 97% 5.83M 0s
 17450K .......... .......... .......... .......... .......... 98% 7.23M 0s
 17500K .......... .......... .......... .......... .......... 98% 70.3M 0s
 17550K .......... .......... .......... .......... .......... 98% 42.6M 0s
 17600K .......... .......... .......... .......... .......... 98%  699K 0s
 17650K .......... .......... .......... .......... .......... 99% 1.39M 0s
 17700K .......... .......... .......... .......... .......... 99%  549K 0s
 17750K .......... .......... .......... .......... .......... 99% 7.27M 0s
 17800K .......... .......... .......... .......              100%  125M=22s

2019-07-30 22:44:43 (815 KB/s) - 'cache/libtiff-bug-2010-12-13-96a5fb4-bdba15c.tar.gz' saved [18265474/18265474]

[fetch] preparing source code
[fetch] golden_directory: libtiff-fix-2010-12-13-96a5fb4-bdba15c
[fetch] clean-source libtiff-bug-2010-12-13-96a5fb4-bdba15c
[fetch] /angelix-experiments/libtiff-bug-2010-12-13-96a5fb4-bdba15c/libtiff/configure
[fetch] make clean
[fetch] clean-source libtiff-fix-2010-12-13-96a5fb4-bdba15c
[fetch] restore-buggy libtiff-bug-2010-12-13-96a5fb4-bdba15c
[fetch] /angelix-experiments/libtiff-fix-2010-12-13-96a5fb4-bdba15c/libtiff/configure
[fetch] make clean
[fetch] buggy: tools/tiffcrop.c
[fetch] buggy_preprocessed: libtiff-bug-2010-12-13-96a5fb4-bdba15c/libtiff/tools/tiffcrop.c
[fetch] buggy_version: 96a5fb4
[fetch] buggy_original: libtiff-bug-2010-12-13-96a5fb4-bdba15c/diffs/tools/tiffcrop.c-96a5fb4
[fetch] restore-correct libtiff-fix-2010-12-13-96a5fb4-bdba15c
[fetch] restored libtiff-fix-2010-12-13-96a5fb4-bdba15c/libtiff/tools/tiffcrop.c with libtiff-fix-2010-12-13-96a5fb4-bdba15c/diffs/tools/tiffcrop.c-bdba15c
[fetch] fetch done
[repair] options: --defect
if-conditions
loop-conditions
--angelic-search-strategy
guided
--search-max-trials
100
--max-same-cost-iter
20
--one-bit-flip-prob
0.5
--mcmc-beta
0.8
--penalty1
4
--penalty2
2
--default-max-cost
300000000
--default-non-zero-cost
300000000
--initial-tests
1
--suspicious
60  --ignore-lines --all-suspicious --group-size 1 --test-timeout 60 --klee-timeout 7200
[repair-libtiff] options:  --defect if-conditions loop-conditions --angelic-search-strategy guided --search-max-trials 100 --max-same-cost-iter 20 --one-bit-flip-prob 0.5 --mcmc-beta 0.8 --penalty1 4 --penalty2 2 --default-max-cost 300000000 --default-non-zero-cost 300000000 --initial-tests 1 --suspicious 60 --ignore-lines --all-suspicious --group-size 1 --test-timeout 60 --klee-timeout 7200
[repair-libtiff] instrument libtiff-bug-2010-12-13-96a5fb4-bdba15c/libtiff/test/Makefile.in
[repair-libtiff] instrument libtiff-bug-2010-12-13-96a5fb4-bdba15c/libtiff/tools/tiff2pdf.c
[repair-libtiff] instrument libtiff-bug-2010-12-13-96a5fb4-bdba15c/libtiff/tools/tiff2pdf.c
[repair-libtiff] instrument libtiff-bug-2010-12-13-96a5fb4-bdba15c/libtiff/tools/tiff2pdf.c
[repair-libtiff] instrument libtiff-bug-2010-12-13-96a5fb4-bdba15c/libtiff/tools/tiff2pdf.c
[repair-libtiff] instrument libtiff-bug-2010-12-13-96a5fb4-bdba15c/libtiff/libtiff/tif_error.c
[repair-libtiff] instrument libtiff-bug-2010-12-13-96a5fb4-bdba15c/libtiff/libtiff/tif_error.c
[repair-libtiff] instrument libtiff-fix-2010-12-13-96a5fb4-bdba15c/libtiff/test/Makefile.in
[repair-libtiff] instrument libtiff-fix-2010-12-13-96a5fb4-bdba15c/libtiff/tools/tiff2pdf.c
[repair-libtiff] instrument libtiff-fix-2010-12-13-96a5fb4-bdba15c/libtiff/tools/tiff2pdf.c
[repair-libtiff] instrument libtiff-fix-2010-12-13-96a5fb4-bdba15c/libtiff/tools/tiff2pdf.c
[repair-libtiff] instrument libtiff-fix-2010-12-13-96a5fb4-bdba15c/libtiff/tools/tiff2pdf.c
[repair-libtiff] instrument libtiff-fix-2010-12-13-96a5fb4-bdba15c/libtiff/libtiff/tif_error.c
[repair-libtiff] instrument libtiff-fix-2010-12-13-96a5fb4-bdba15c/libtiff/libtiff/tif_error.c
INFO     repair          copy libtiff-bug-2010-12-13-96a5fb4-bdba15c/libtiff to /angelix-experiments/.angelix/validation
INFO     project         configuring validation source
INFO     project         building json compilation database from validation source
INFO     testing         running test '1' of validation source
INFO     testing         output code: 0
INFO     testing         running test '2' of validation source
INFO     testing         output code: 0
INFO     testing         running test '3' of validation source
INFO     testing         output code: 0
INFO     testing         running test '4' of validation source
INFO     testing         output code: 0
INFO     testing         running test '5' of validation source
INFO     testing         output code: 0
INFO     testing         running test '6' of validation source
INFO     testing         output code: 0
INFO     testing         running test '7' of validation source
INFO     testing         output code: 0
INFO     testing         running test '8' of validation source
INFO     testing         output code: 0
INFO     testing         running test '9' of validation source
INFO     testing         output code: 0
INFO     testing         running test '10' of validation source
INFO     testing         output code: 0
INFO     testing         running test '11' of validation source
INFO     testing         output code: 0
INFO     testing         running test '12' of validation source
INFO     testing         output code: 0
INFO     testing         running test '13' of validation source
INFO     testing         output code: 0
INFO     testing         running test '14' of validation source
INFO     testing         output code: 0
INFO     testing         running test '15' of validation source
INFO     testing         output code: 0
INFO     testing         running test '16' of validation source
INFO     testing         output code: 0
INFO     testing         running test '17' of validation source
INFO     testing         output code: 0
INFO     testing         running test '18' of validation source
INFO     testing         output code: 0
INFO     testing         running test '19' of validation source
INFO     testing         output code: 0
INFO     testing         running test '20' of validation source
INFO     testing         output code: 0
INFO     testing         running test '21' of validation source
INFO     testing         output code: 0
INFO     testing         running test '22' of validation source
INFO     testing         output code: 0
INFO     testing         running test '23' of validation source
INFO     testing         output code: 0
INFO     testing         running test '24' of validation source
INFO     testing         output code: 0
INFO     testing         running test '25' of validation source
INFO     testing         output code: 0
INFO     testing         running test '26' of validation source
INFO     testing         output code: 0
INFO     testing         running test '27' of validation source
INFO     testing         output code: 0
INFO     testing         running test '28' of validation source
INFO     testing         output code: 0
INFO     testing         running test '29' of validation source
INFO     testing         output code: 0
INFO     testing         running test '30' of validation source
INFO     testing         output code: 0
INFO     testing         running test '31' of validation source
INFO     testing         output code: 0
INFO     testing         running test '32' of validation source
INFO     testing         output code: 0
INFO     testing         running test '33' of validation source
INFO     testing         output code: 0
INFO     testing         running test '34' of validation source
INFO     testing         output code: 0
INFO     testing         running test '35' of validation source
INFO     testing         output code: 0
INFO     testing         running test '36' of validation source
INFO     testing         output code: 0
INFO     testing         running test '37' of validation source
INFO     testing         output code: 0
INFO     testing         running test '38' of validation source
INFO     testing         output code: 0
INFO     testing         running test '39' of validation source
INFO     testing         output code: 0
INFO     testing         running test '40' of validation source
INFO     testing         output code: 0
INFO     testing         running test '41' of validation source
INFO     testing         output code: 0
INFO     testing         running test '42' of validation source
INFO     testing         output code: 0
INFO     testing         running test '43' of validation source
INFO     testing         output code: 0
INFO     testing         running test '44' of validation source
INFO     testing         output code: 0
INFO     testing         running test '45' of validation source
INFO     testing         output code: 0
INFO     testing         running test '46' of validation source
INFO     testing         output code: 0
INFO     testing         running test '47' of validation source
INFO     testing         output code: 0
INFO     testing         running test '48' of validation source
INFO     testing         output code: 0
INFO     testing         running test '49' of validation source
INFO     testing         output code: 1
INFO     testing         running test '50' of validation source
INFO     testing         output code: 0
INFO     testing         running test '51' of validation source
INFO     testing         output code: 0
INFO     testing         running test '52' of validation source
INFO     testing         output code: 0
INFO     testing         running test '53' of validation source
INFO     testing         output code: 0
INFO     testing         running test '54' of validation source
INFO     testing         output code: 0
INFO     testing         running test '55' of validation source
INFO     testing         output code: 0
INFO     testing         running test '56' of validation source
INFO     testing         output code: 0
INFO     testing         running test '57' of validation source
INFO     testing         output code: 0
INFO     testing         running test '58' of validation source
INFO     testing         output code: 0
INFO     testing         running test '59' of validation source
INFO     testing         output code: 0
INFO     testing         running test '60' of validation source
INFO     testing         output code: 0
INFO     testing         running test '61' of validation source
INFO     testing         output code: 0
INFO     testing         running test '62' of validation source
INFO     testing         output code: 0
INFO     testing         running test '63' of validation source
INFO     testing         output code: 0
INFO     testing         running test '64' of validation source
INFO     testing         output code: 0
INFO     testing         running test '65' of validation source
INFO     testing         output code: 0
INFO     testing         running test '66' of validation source
INFO     testing         output code: 0
INFO     testing         running test '67' of validation source
INFO     testing         output code: 0
INFO     testing         running test '68' of validation source
INFO     testing         output code: 0
INFO     testing         running test '69' of validation source
INFO     testing         output code: 0
INFO     testing         running test '70' of validation source
INFO     testing         output code: 0
INFO     testing         running test '71' of validation source
INFO     testing         output code: 0
INFO     testing         running test '72' of validation source
INFO     testing         output code: 0
INFO     testing         running test '73' of validation source
INFO     testing         output code: 0
INFO     testing         running test '74' of validation source
INFO     testing         output code: 0
INFO     testing         running test '75' of validation source
INFO     testing         output code: 0
INFO     testing         running test '76' of validation source
INFO     testing         output code: 0
INFO     testing         running test '77' of validation source
INFO     testing         output code: 0
INFO     testing         running test '78' of validation source
INFO     testing         output code: 0
INFO     project         configuring frontend source
INFO     transformation  instrumenting repairable of frontend source
INFO     project         building frontend source
INFO     repair          running positive tests for debugging
INFO     testing         running test '1' of frontend source
INFO     testing         output code: 0
WARNING  testing         ANGELIX_RUN is not executed by test 1
INFO     testing         running test '2' of frontend source
INFO     testing         output code: 0
WARNING  testing         ANGELIX_RUN is not executed by test 2
INFO     testing         running test '3' of frontend source
INFO     testing         output code: 0
WARNING  testing         ANGELIX_RUN is not executed by test 3
INFO     testing         running test '4' of frontend source
INFO     testing         output code: 0
WARNING  testing         ANGELIX_RUN is not executed by test 4
INFO     testing         running test '5' of frontend source
INFO     testing         output code: 0
WARNING  testing         ANGELIX_RUN is not executed by test 5
INFO     testing         running test '6' of frontend source
INFO     testing         output code: 0
WARNING  testing         ANGELIX_RUN is not executed by test 6
INFO     testing         running test '7' of frontend source
INFO     testing         output code: 0
WARNING  testing         ANGELIX_RUN is not executed by test 7
INFO     testing         running test '8' of frontend source
INFO     testing         output code: 0
WARNING  testing         ANGELIX_RUN is not executed by test 8
INFO     testing         running test '9' of frontend source
INFO     testing         output code: 0
WARNING  testing         ANGELIX_RUN is not executed by test 9
INFO     testing         running test '10' of frontend source
INFO     testing         output code: 0
WARNING  testing         ANGELIX_RUN is not executed by test 10
INFO     testing         running test '11' of frontend source
INFO     testing         output code: 0
WARNING  testing         ANGELIX_RUN is not executed by test 11
INFO     testing         running test '12' of frontend source
INFO     testing         output code: 0
WARNING  testing         ANGELIX_RUN is not executed by test 12
INFO     testing         running test '13' of frontend source
INFO     testing         output code: 0
WARNING  testing         ANGELIX_RUN is not executed by test 13
INFO     testing         running test '14' of frontend source
INFO     testing         output code: 0
WARNING  testing         ANGELIX_RUN is not executed by test 14
INFO     testing         running test '15' of frontend source
INFO     testing         output code: 0
WARNING  testing         ANGELIX_RUN is not executed by test 15
INFO     testing         running test '16' of frontend source
INFO     testing         output code: 0
WARNING  testing         ANGELIX_RUN is not executed by test 16
INFO     testing         running test '17' of frontend source
INFO     testing         output code: 0
WARNING  testing         ANGELIX_RUN is not executed by test 17
INFO     testing         running test '18' of frontend source
INFO     testing         output code: 0
WARNING  testing         ANGELIX_RUN is not executed by test 18
INFO     testing         running test '19' of frontend source
INFO     testing         output code: 0
WARNING  testing         ANGELIX_RUN is not executed by test 19
INFO     testing         running test '20' of frontend source
INFO     testing         output code: 0
WARNING  testing         ANGELIX_RUN is not executed by test 20
INFO     testing         running test '21' of frontend source
INFO     testing         output code: 0
WARNING  testing         ANGELIX_RUN is not executed by test 21
INFO     testing         running test '22' of frontend source
INFO     testing         output code: 0
INFO     testing         running test '23' of frontend source
INFO     testing         output code: 0
INFO     testing         running test '24' of frontend source
INFO     testing         output code: 0
WARNING  testing         ANGELIX_RUN is not executed by test 24
INFO     testing         running test '25' of frontend source
INFO     testing         output code: 0
WARNING  testing         ANGELIX_RUN is not executed by test 25
INFO     testing         running test '26' of frontend source
INFO     testing         output code: 0
WARNING  testing         ANGELIX_RUN is not executed by test 26
INFO     testing         running test '27' of frontend source
INFO     testing         output code: 0
WARNING  testing         ANGELIX_RUN is not executed by test 27
INFO     testing         running test '28' of frontend source
INFO     testing         output code: 0
INFO     testing         running test '29' of frontend source
INFO     testing         output code: 1
WARNING  testing         ANGELIX_RUN is not executed by test 29
INFO     testing         running test '30' of frontend source
INFO     testing         output code: 1
WARNING  testing         ANGELIX_RUN is not executed by test 30
INFO     testing         running test '31' of frontend source
INFO     testing         output code: 1
WARNING  testing         ANGELIX_RUN is not executed by test 31
INFO     testing         running test '32' of frontend source
INFO     testing         output code: 1
WARNING  testing         ANGELIX_RUN is not executed by test 32
INFO     testing         running test '33' of frontend source
INFO     testing         output code: 1
WARNING  testing         ANGELIX_RUN is not executed by test 33
INFO     testing         running test '34' of frontend source
INFO     testing         output code: 1
WARNING  testing         ANGELIX_RUN is not executed by test 34
INFO     testing         running test '35' of frontend source
INFO     testing         output code: 1
WARNING  testing         ANGELIX_RUN is not executed by test 35
INFO     testing         running test '36' of frontend source
INFO     testing         output code: 1
WARNING  testing         ANGELIX_RUN is not executed by test 36
INFO     testing         running test '37' of frontend source
INFO     testing         output code: 1
WARNING  testing         ANGELIX_RUN is not executed by test 37
INFO     testing         running test '38' of frontend source
INFO     testing         output code: 1
WARNING  testing         ANGELIX_RUN is not executed by test 38
INFO     testing         running test '39' of frontend source
INFO     testing         output code: 0
INFO     testing         running test '40' of frontend source
INFO     testing         output code: 0
INFO     testing         running test '41' of frontend source
INFO     testing         output code: 0
INFO     testing         running test '42' of frontend source
INFO     testing         output code: 1
WARNING  testing         ANGELIX_RUN is not executed by test 42
INFO     testing         running test '43' of frontend source
INFO     testing         output code: 0
INFO     testing         running test '44' of frontend source
INFO     testing         output code: 0
INFO     testing         running test '45' of frontend source
INFO     testing         output code: 0
INFO     testing         running test '46' of frontend source
INFO     testing         output code: 0
INFO     testing         running test '47' of frontend source
INFO     testing         output code: 0
INFO     testing         running test '48' of frontend source
INFO     testing         output code: 0
INFO     testing         running test '50' of frontend source
INFO     testing         output code: 1
WARNING  testing         ANGELIX_RUN is not executed by test 50
INFO     testing         running test '51' of frontend source
INFO     testing         output code: 1
WARNING  testing         ANGELIX_RUN is not executed by test 51
INFO     testing         running test '52' of frontend source
INFO     testing         output code: 1
WARNING  testing         ANGELIX_RUN is not executed by test 52
INFO     testing         running test '53' of frontend source
INFO     testing         output code: 1
WARNING  testing         ANGELIX_RUN is not executed by test 53
INFO     testing         running test '54' of frontend source
INFO     testing         output code: 1
WARNING  testing         ANGELIX_RUN is not executed by test 54
INFO     testing         running test '55' of frontend source
INFO     testing         output code: 1
WARNING  testing         ANGELIX_RUN is not executed by test 55
INFO     testing         running test '56' of frontend source
INFO     testing         output code: 1
WARNING  testing         ANGELIX_RUN is not executed by test 56
INFO     testing         running test '57' of frontend source
INFO     testing         output code: 1
WARNING  testing         ANGELIX_RUN is not executed by test 57
INFO     testing         running test '58' of frontend source
INFO     testing         output code: 1
WARNING  testing         ANGELIX_RUN is not executed by test 58
INFO     testing         running test '59' of frontend source
INFO     testing         output code: 1
WARNING  testing         ANGELIX_RUN is not executed by test 59
INFO     testing         running test '60' of frontend source
INFO     testing         output code: 1
WARNING  testing         ANGELIX_RUN is not executed by test 60
INFO     testing         running test '61' of frontend source
INFO     testing         output code: 1
WARNING  testing         ANGELIX_RUN is not executed by test 61
INFO     testing         running test '62' of frontend source
INFO     testing         output code: 1
WARNING  testing         ANGELIX_RUN is not executed by test 62
INFO     testing         running test '63' of frontend source
INFO     testing         output code: 1
WARNING  testing         ANGELIX_RUN is not executed by test 63
INFO     testing         running test '64' of frontend source
INFO     testing         output code: 1
WARNING  testing         ANGELIX_RUN is not executed by test 64
INFO     testing         running test '65' of frontend source
INFO     testing         output code: 1
WARNING  testing         ANGELIX_RUN is not executed by test 65
INFO     testing         running test '66' of frontend source
INFO     testing         output code: 1
WARNING  testing         ANGELIX_RUN is not executed by test 66
INFO     testing         running test '67' of frontend source
INFO     testing         output code: 1
WARNING  testing         ANGELIX_RUN is not executed by test 67
INFO     testing         running test '68' of frontend source
INFO     testing         output code: 1
WARNING  testing         ANGELIX_RUN is not executed by test 68
INFO     testing         running test '69' of frontend source
INFO     testing         output code: 0
WARNING  testing         ANGELIX_RUN is not executed by test 69
INFO     testing         running test '70' of frontend source
INFO     testing         output code: 0
WARNING  testing         ANGELIX_RUN is not executed by test 70
INFO     testing         running test '71' of frontend source
INFO     testing         output code: 0
WARNING  testing         ANGELIX_RUN is not executed by test 71
INFO     testing         running test '72' of frontend source
INFO     testing         output code: 0
WARNING  testing         ANGELIX_RUN is not executed by test 72
INFO     testing         running test '73' of frontend source
INFO     testing         output code: 0
WARNING  testing         ANGELIX_RUN is not executed by test 73
INFO     testing         running test '74' of frontend source
INFO     testing         output code: 0
WARNING  testing         ANGELIX_RUN is not executed by test 74
INFO     testing         running test '75' of frontend source
INFO     testing         output code: 0
WARNING  testing         ANGELIX_RUN is not executed by test 75
INFO     testing         running test '76' of frontend source
INFO     testing         output code: 0
WARNING  testing         ANGELIX_RUN is not executed by test 76
INFO     testing         running test '77' of frontend source
INFO     testing         output code: 0
WARNING  testing         ANGELIX_RUN is not executed by test 77
INFO     testing         running test '78' of frontend source
INFO     testing         output code: 0
WARNING  testing         ANGELIX_RUN is not executed by test 78
INFO     repair          running negative tests for debugging
INFO     testing         running test '49' of frontend source
INFO     testing         output code: 1
INFO     project         configuring golden source
INFO     project         building golden source
INFO     testing         running test '49' of golden source
INFO     testing         output code: 0
INFO     repair          repair test suite: ['22', '23', '28', '39', '40', '41', '43', '44', '45', '46', '47', '48', '49']
INFO     repair          validation test suite: ['1', '2', '3', '4', '5', '6', '7', '8', '9', '10', '11', '12', '13', '14', '15', '16', '17', '18', '19', '20', '21', '22', '23', '24', '25', '26', '27', '28', '29', '30', '31', '32', '33', '34', '35', '36', '37', '38', '39', '40', '41', '42', '43', '44', '45', '46', '47', '48', '49', '50', '51', '52', '53', '54', '55', '56', '57', '58', '59', '60', '61', '62', '63', '64', '65', '66', '67', '68', '69', '70', '71', '72', '73', '74', '75', '76', '77', '78']
INFO     localization    selected expressions [(2006, 21, 2006, 59)] with group score 1.0 
INFO     localization    selected expressions [(2016, 21, 2016, 59)] with group score 1.0 
INFO     localization    selected expressions [(5358, 16, 5358, 38)] with group score 1.0 
INFO     localization    selected expressions [(5366, 16, 5366, 34)] with group score 1.0 
INFO     localization    selected expressions [(6256, 10, 6256, 14)] with group score 1.0 
INFO     localization    selected expressions [(6266, 34, 6266, 41)] with group score 1.0 
INFO     localization    selected expressions [(6336, 16, 6336, 37)] with group score 1.0 
INFO     localization    selected expressions [(2637, 7, 2637, 36)] with group score 0.14286 
INFO     localization    selected expressions [(2643, 7, 2643, 37)] with group score 0.14286 
INFO     localization    selected expressions [(2649, 7, 2649, 32)] with group score 0.14286 
INFO     localization    selected expressions [(2660, 7, 2660, 16)] with group score 0.14286 
INFO     localization    selected expressions [(1101, 17, 1101, 23)] with group score 0.1 
INFO     localization    selected expressions [(1433, 7, 1433, 16)] with group score 0.1 
INFO     localization    selected expressions [(1436, 14, 1436, 23)] with group score 0.1 
INFO     localization    selected expressions [(1439, 14, 1439, 23)] with group score 0.1 
INFO     localization    selected expressions [(1454, 7, 1454, 16)] with group score 0.1 
INFO     localization    selected expressions [(1468, 7, 1468, 16)] with group score 0.1 
INFO     localization    selected expressions [(2043, 7, 2043, 7)] with group score 0.1 
INFO     localization    selected expressions [(2057, 9, 2057, 9)] with group score 0.1 
INFO     localization    selected expressions [(2148, 7, 2148, 23)] with group score 0.1 
INFO     localization    selected expressions [(2151, 7, 2151, 26)] with group score 0.1 
INFO     localization    selected expressions [(2156, 10, 2156, 26)] with group score 0.1 
INFO     localization    selected expressions [(2159, 9, 2159, 15)] with group score 0.1 
INFO     localization    selected expressions [(2164, 9, 2164, 24)] with group score 0.1 
INFO     localization    selected expressions [(2184, 9, 2184, 34)] with group score 0.1 
INFO     localization    selected expressions [(2187, 9, 2187, 31)] with group score 0.1 
INFO     localization    selected expressions [(2197, 9, 2197, 19)] with group score 0.1 
INFO     localization    selected expressions [(2206, 12, 2206, 28)] with group score 0.1 
INFO     localization    selected expressions [(2217, 11, 2217, 26)] with group score 0.1 
INFO     localization    selected expressions [(2255, 11, 2255, 16)] with group score 0.1 
INFO     localization    selected expressions [(2266, 11, 2266, 32)] with group score 0.1 
INFO     localization    selected expressions [(2278, 11, 2278, 29)] with group score 0.1 
INFO     localization    selected expressions [(2294, 11, 2294, 24)] with group score 0.1 
INFO     localization    selected expressions [(2296, 13, 2296, 31)] with group score 0.1 
INFO     localization    selected expressions [(2343, 11, 2343, 26)] with group score 0.1 
INFO     localization    selected expressions [(2351, 11, 2351, 34)] with group score 0.1 
INFO     localization    selected expressions [(2362, 7, 2362, 7)] with group score 0.1 
INFO     localization    selected expressions [(2365, 7, 2365, 7)] with group score 0.1 
INFO     localization    selected expressions [(2368, 7, 2368, 7)] with group score 0.1 
INFO     localization    selected expressions [(2372, 17, 2372, 28)] with group score 0.1 
INFO     localization    selected expressions [(2375, 7, 2375, 22)] with group score 0.1 
INFO     localization    selected expressions [(3595, 19, 3595, 27)] with group score 0.1 
INFO     localization    selected expressions [(3599, 10, 3599, 30)] with group score 0.1 
INFO     localization    selected expressions [(3603, 9, 3603, 28)] with group score 0.1 
INFO     localization    selected expressions [(4886, 16, 4886, 20)] with group score 0.1 
INFO     localization    selected expressions [(4897, 16, 4897, 20)] with group score 0.1 
INFO     localization    selected expressions [(4931, 16, 4931, 20)] with group score 0.1 
INFO     localization    selected expressions [(4942, 16, 4942, 20)] with group score 0.1 
INFO     localization    selected expressions [(5311, 7, 5311, 24)] with group score 0.1 
INFO     localization    selected expressions [(5342, 15, 5342, 25)] with group score 0.1 
INFO     localization    selected expressions [(5450, 7, 5450, 24)] with group score 0.1 
INFO     localization    selected expressions [(5888, 7, 5888, 30)] with group score 0.1 
INFO     localization    selected expressions [(5940, 9, 5940, 25)] with group score 0.1 
INFO     localization    selected expressions [(5946, 7, 5946, 28)] with group score 0.1 
INFO     localization    selected expressions [(5954, 9, 5954, 30)] with group score 0.1 
INFO     localization    selected expressions [(5970, 7, 5970, 8)] with group score 0.1 
INFO     localization    selected expressions [(5987, 7, 5987, 8)] with group score 0.1 
INFO     localization    selected expressions [(6002, 14, 6002, 24)] with group score 0.1 
INFO     localization    selected expressions [(6042, 7, 6042, 50)] with group score 0.1 
INFO     localization    selected expressions [(6151, 15, 6151, 25)] with group score 0.1 
INFO     localization    selected expressions [(6341, 7, 6341, 31)] with group score 0.1 
INFO     localization    selected expressions [(7193, 7, 7193, 25)] with group score 0.1 
INFO     localization    selected expressions [(7197, 9, 7197, 10)] with group score 0.1 
INFO     localization    selected expressions [(7215, 9, 7215, 10)] with group score 0.1 
INFO     localization    selected expressions [(7571, 9, 7571, 30)] with group score 0.1 
INFO     localization    selected expressions [(7581, 7, 7581, 22)] with group score 0.1 
INFO     localization    selected expressions [(7600, 9, 7600, 61)] with group score 0.1 
INFO     localization    selected expressions [(7618, 7, 7621, 45)] with group score 0.1 
INFO     localization    selected expressions [(7628, 7, 7628, 20)] with group score 0.1 
INFO     localization    selected expressions [(7649, 7, 7649, 7)] with group score 0.1 
INFO     localization    selected expressions [(7692, 7, 7692, 14)] with group score 0.1 
INFO     localization    selected expressions [(7780, 7, 7780, 7)] with group score 0.1 
INFO     localization    selected expressions [(7795, 9, 7795, 19)] with group score 0.1 
INFO     repair          considering suspicious expressions [(2006, 21, 2006, 59)]
INFO     reduction       all failing tests: ['49']
INFO     reduction       select 1 best tests from ['49']
INFO     reduction       select 0 best tests from ['22', '23', '28', '39', '40', '41', '43', '44', '45', '46', '47', '48']
INFO     reduction       selected 1 tests
INFO     reduction       selected passing tests: []
INFO     reduction       selected failing tests: ['49']
INFO     guided_infer    inferring specification for test '49' through guided search
INFO     guided_infer    init sample: [array([0, 6])] / (1, 2)
INFO     pymc3           Sequential sampling (1 chains in 1 job)
INFO     pymc3           Metropolis: [p]
INFO     guided_infer    trial #1
INFO     guided_infer    used 0.0% of sample space
INFO     guided_infer    q0s: [array([0, 6])] / [3] / (1, 2)
INFO     testing         running test '49' of frontend source
INFO     testing         output code: 1
INFO     guided_infer    qs: [array([0, 4])] / [3] / (1, 2)
INFO     testing         running test '49' of frontend source
INFO     testing         output code: 1
INFO     guided_infer    new qs: [array([0, 2])] / [2] / (1, 2)
INFO     guided_infer    old ebits list: [3]
INFO     guided_infer    new ebtis list: [2]
INFO     guided_infer    old cost: 1088.0
INFO     guided_infer    new cost: 1088.0
INFO     guided_infer    all costs: [1088.0]
INFO     guided_infer    accept ratio: 0.4883774706661871
INFO     pymc3           accepted: True
INFO     guided_infer    trial #2
INFO     guided_infer    used 50.0% of sample space
INFO     guided_infer    q0s: [array([0, 2])] / [2] / (1, 2)
INFO     guided_infer    ('10',) cached
INFO     guided_infer    qs: [array([0, 3])] / [2] / (1, 2)
INFO     testing         running test '49' of frontend source
INFO     testing         output code: 1
INFO     guided_infer    new qs: [array([0, 6])] / [3] / (1, 2)
INFO     guided_infer    old ebits list: [2]
INFO     guided_infer    new ebtis list: [3]
INFO     guided_infer    old cost: 1088.0
INFO     guided_infer    new cost: 1088.0
INFO     guided_infer    all costs: [1088.0]
INFO     guided_infer    accept ratio: 0.4134026037672293
INFO     pymc3           accepted: True
INFO     guided_infer    trial #3
INFO     guided_infer    used 25.0% of sample space
INFO     guided_infer    q0s: [array([0, 6])] / [3] / (1, 2)
INFO     guided_infer    ('110',) cached
INFO     guided_infer    qs: [array([0, 4])] / [3] / (1, 2)
INFO     guided_infer    ('100',) cached (prefix) by ('10',)
INFO     guided_infer    new qs: [array([0, 4])] / [3] / (1, 2)
INFO     guided_infer    old cost: 1088.0
INFO     guided_infer    new cost: 1088.0
INFO     guided_infer    all costs: [1088.0]
INFO     guided_infer    accept ratio: 0.44932896411722156
INFO     pymc3           accepted: False
INFO     guided_infer    trial #4
INFO     guided_infer    used 25.0% of sample space
INFO     guided_infer    q0s: [array([0, 6])] / [3] / (1, 2)
INFO     guided_infer    ('110',) cached
INFO     guided_infer    qs: [array([0, 2])] / [3] / (1, 2)
INFO     testing         running test '49' of frontend source
INFO     testing         output code: 0
INFO     guided_infer    found an angelic path for test '49'
INFO     guided_infer    angelic: [(array([0, 0]), 1)]
INFO     guided_infer    init: [(array([0, 6]), 3)]
INFO     guided_infer    all_deltas (locs): [0]
INFO     guided_infer    test([]) = FAIL
INFO     guided_infer    deltas (locs): [0]
INFO     testing         running test '49' of frontend source
INFO     testing         output code: 0
INFO     guided_infer    test([0]) = PASS
INFO     DD              dd done
INFO     guided_infer    one_minimal (locs): [0]
INFO     guided_infer    angelic (bits): (array([0, 0]), 1)
INFO     guided_infer    init (bits): (array([0, 6]), 3)
INFO     guided_infer    all_deltas (bits): [63]
INFO     guided_infer    deltas (bit): [63]
INFO     guided_infer    test([63]) = FAIL
WARNING  guided_infer    DD failed (ebits)
INFO     guided_infer    one_minimal (bits): []
INFO     synthesis       synthesizing patch with component level 'alternatives'
INFO     synthesis       fixing expression (2006, 21, 2006, 59): ((opt_ptr != 0) && (i < 8)) ---> ((opt_ptr != 0) && (i < i))
INFO     repair          candidate fix synthesized
INFO     transformation  applying patch to validation source
INFO     project         building validation source
INFO     testing         running test '1' of validation source
INFO     testing         output code: 0
INFO     testing         running test '2' of validation source
INFO     testing         output code: 0
INFO     testing         running test '3' of validation source
INFO     testing         output code: 0
INFO     testing         running test '4' of validation source
INFO     testing         output code: 0
INFO     testing         running test '5' of validation source
INFO     testing         output code: 0
INFO     testing         running test '6' of validation source
INFO     testing         output code: 0
INFO     testing         running test '7' of validation source
INFO     testing         output code: 0
INFO     testing         running test '8' of validation source
INFO     testing         output code: 0
INFO     testing         running test '9' of validation source
INFO     testing         output code: 0
INFO     testing         running test '10' of validation source
INFO     testing         output code: 0
INFO     testing         running test '11' of validation source
INFO     testing         output code: 0
INFO     testing         running test '12' of validation source
INFO     testing         output code: 0
INFO     testing         running test '13' of validation source
INFO     testing         output code: 0
INFO     testing         running test '14' of validation source
INFO     testing         output code: 0
INFO     testing         running test '15' of validation source
INFO     testing         output code: 0
INFO     testing         running test '16' of validation source
INFO     testing         output code: 0
INFO     testing         running test '17' of validation source
INFO     testing         output code: 0
INFO     testing         running test '18' of validation source
INFO     testing         output code: 0
INFO     testing         running test '19' of validation source
INFO     testing         output code: 0
INFO     testing         running test '20' of validation source
INFO     testing         output code: 0
INFO     testing         running test '21' of validation source
INFO     testing         output code: 0
INFO     testing         running test '22' of validation source
INFO     testing         output code: 0
INFO     testing         running test '23' of validation source
INFO     testing         output code: 0
INFO     testing         running test '24' of validation source
INFO     testing         output code: 0
INFO     testing         running test '25' of validation source
INFO     testing         output code: 0
INFO     testing         running test '26' of validation source
INFO     testing         output code: 0
INFO     testing         running test '27' of validation source
INFO     testing         output code: 0
INFO     testing         running test '28' of validation source
INFO     testing         output code: 0
INFO     testing         running test '29' of validation source
INFO     testing         output code: 0
INFO     testing         running test '30' of validation source
INFO     testing         output code: 0
INFO     testing         running test '31' of validation source
INFO     testing         output code: 0
INFO     testing         running test '32' of validation source
INFO     testing         output code: 0
INFO     testing         running test '33' of validation source
INFO     testing         output code: 0
INFO     testing         running test '34' of validation source
INFO     testing         output code: 0
INFO     testing         running test '35' of validation source
INFO     testing         output code: 0
INFO     testing         running test '36' of validation source
INFO     testing         output code: 0
INFO     testing         running test '37' of validation source
INFO     testing         output code: 0
INFO     testing         running test '38' of validation source
INFO     testing         output code: 0
INFO     testing         running test '39' of validation source
INFO     testing         output code: 0
INFO     testing         running test '40' of validation source
INFO     testing         output code: 0
INFO     testing         running test '41' of validation source
INFO     testing         output code: 0
INFO     testing         running test '42' of validation source
INFO     testing         output code: 0
INFO     testing         running test '43' of validation source
INFO     testing         output code: 0
INFO     testing         running test '44' of validation source
INFO     testing         output code: 0
INFO     testing         running test '45' of validation source
INFO     testing         output code: 0
INFO     testing         running test '46' of validation source
INFO     testing         output code: 0
INFO     testing         running test '47' of validation source
INFO     testing         output code: 0
INFO     testing         running test '48' of validation source
INFO     testing         output code: 0
INFO     testing         running test '49' of validation source
INFO     testing         output code: 0
INFO     testing         running test '50' of validation source
INFO     testing         output code: 0
INFO     testing         running test '51' of validation source
INFO     testing         output code: 0
INFO     testing         running test '52' of validation source
INFO     testing         output code: 0
INFO     testing         running test '53' of validation source
INFO     testing         output code: 0
INFO     testing         running test '54' of validation source
INFO     testing         output code: 0
INFO     testing         running test '55' of validation source
INFO     testing         output code: 0
INFO     testing         running test '56' of validation source
INFO     testing         output code: 0
INFO     testing         running test '57' of validation source
INFO     testing         output code: 0
INFO     testing         running test '58' of validation source
INFO     testing         output code: 0
INFO     testing         running test '59' of validation source
INFO     testing         output code: 0
INFO     testing         running test '60' of validation source
INFO     testing         output code: 0
INFO     testing         running test '61' of validation source
INFO     testing         output code: 0
INFO     testing         running test '62' of validation source
INFO     testing         output code: 0
INFO     testing         running test '63' of validation source
INFO     testing         output code: 0
INFO     testing         running test '64' of validation source
INFO     testing         output code: 0
INFO     testing         running test '65' of validation source
INFO     testing         output code: 0
INFO     testing         running test '66' of validation source
INFO     testing         output code: 0
INFO     testing         running test '67' of validation source
INFO     testing         output code: 0
INFO     testing         running test '68' of validation source
INFO     testing         output code: 0
INFO     testing         running test '69' of validation source
INFO     testing         output code: 0
INFO     testing         running test '70' of validation source
INFO     testing         output code: 0
INFO     testing         running test '71' of validation source
INFO     testing         output code: 0
INFO     testing         running test '72' of validation source
INFO     testing         output code: 0
INFO     testing         running test '73' of validation source
INFO     testing         output code: 0
INFO     testing         running test '74' of validation source
INFO     testing         output code: 0
INFO     testing         running test '75' of validation source
INFO     testing         output code: 0
INFO     testing         running test '76' of validation source
INFO     testing         output code: 0
INFO     testing         running test '77' of validation source
INFO     testing         output code: 0
INFO     testing         running test '78' of validation source
INFO     testing         output code: 0
INFO     repair          patch successfully generated in 1m 22s (see libtiff-2019-Jul30-224652.patch)
SUCCESS
