[repair] benchmark: manybugs
[repair] subject: libtiff
[repair] version: 2009-02-05-764dbba-2e42d63
[repair] search: symbolic
[repair] debug: 0
[repair] ./fetch libtiff manybugs 2009-02-05-764dbba-2e42d63
[fetch] benchmark: manybugs
[fetch] subject: libtiff
[fetch] version: 2009-02-05-764dbba-2e42d63
[fetch] archive: libtiff-bug-2009-02-05-764dbba-2e42d63.tar.gz
[fetch] directory: libtiff-bug-2009-02-05-764dbba-2e42d63
[fetch] preparing source code
[fetch] golden_directory: libtiff-fix-2009-02-05-764dbba-2e42d63
[fetch] clean-source libtiff-bug-2009-02-05-764dbba-2e42d63
[fetch] /angelix-experiments/libtiff-bug-2009-02-05-764dbba-2e42d63/libtiff/configure
[fetch] make -j 72 clean
[fetch] clean-source libtiff-fix-2009-02-05-764dbba-2e42d63
[fetch] restore-buggy libtiff-bug-2009-02-05-764dbba-2e42d63
[fetch] /angelix-experiments/libtiff-fix-2009-02-05-764dbba-2e42d63/libtiff/configure
[fetch] make -j 72 clean
[fetch] restore-buggy entered
[fetch] buggy: tools/tiffcrop.c
[fetch] buggy_version: 764dbba
[fetch] buggy_preprocessed: libtiff-bug-2009-02-05-764dbba-2e42d63/libtiff/tools/tiffcrop.c
[fetch] buggy_original: libtiff-bug-2009-02-05-764dbba-2e42d63/diffs/tools/tiffcrop.c-764dbba
[fetch] cp libtiff-bug-2009-02-05-764dbba-2e42d63/diffs/tools/tiffcrop.c-764dbba libtiff-bug-2009-02-05-764dbba-2e42d63/libtiff/tools/tiffcrop.c
[fetch] restore-correct libtiff-fix-2009-02-05-764dbba-2e42d63
[fetch] restore-correct entered
[fetch] cp libtiff-fix-2009-02-05-764dbba-2e42d63/diffs/tools/tiffcrop.c-2e42d63 libtiff-fix-2009-02-05-764dbba-2e42d63/libtiff/tools/tiffcrop.c
[fetch] restored libtiff-fix-2009-02-05-764dbba-2e42d63/libtiff/tools/tiffcrop.c with libtiff-fix-2009-02-05-764dbba-2e42d63/diffs/tools/tiffcrop.c-2e42d63
[fetch] fetch done
[repair] [repair] options: --symbolic --angelic-search-strategy
symbolic
--defect
if-conditions
loop-conditions
--test-timeout
60
--klee-max-forks
100
--klee-solver-timeout
100
--klee-timeout
7200
--synthesis-ptr-vars
--synthesis-func-params
--synthesis-used-vars
--ignore-trivial
--synthesis-levels
variables
--klee-search
dfs  --timeout 14400 --show-suspicious-locations --group-size 1 --defect if-conditions loop-conditions
[repair-libtiff] options:  --angelic-search-strategy symbolic --defect if-conditions loop-conditions --test-timeout 60 --klee-max-forks 100 --klee-solver-timeout 100 --klee-timeout 7200 --synthesis-ptr-vars --synthesis-func-params --synthesis-used-vars --ignore-trivial --synthesis-levels variables --klee-search dfs --timeout 14400 --show-suspicious-locations --group-size 1 --defect if-conditions loop-conditions
[repair-libtiff] restore libtiff-bug-2009-02-05-764dbba-2e42d63/libtiff/test/ppm2tiff_pbm.sh
[repair-libtiff] restore libtiff-bug-2009-02-05-764dbba-2e42d63/libtiff/test/ppm2tiff_pgm.sh
[repair-libtiff] restore libtiff-bug-2009-02-05-764dbba-2e42d63/libtiff/test/ppm2tiff_ppm.sh
[repair-libtiff] restore libtiff-bug-2009-02-05-764dbba-2e42d63/libtiff/test/tiffcp-split.sh
[repair-libtiff] restore libtiff-bug-2009-02-05-764dbba-2e42d63/libtiff/test/tiffcp-split-join.sh
[repair-libtiff] restore libtiff-bug-2009-02-05-764dbba-2e42d63/libtiff/test/tiff2pdf.sh
[repair-libtiff] restore libtiff-bug-2009-02-05-764dbba-2e42d63/libtiff/test/tiffcrop-extract-logluv-3c-16b.sh
[repair-libtiff] restore libtiff-bug-2009-02-05-764dbba-2e42d63/libtiff/test/tiffcrop-extract-minisblack-1c-16b.sh
[repair-libtiff] restore libtiff-bug-2009-02-05-764dbba-2e42d63/libtiff/test/tiffcrop-extract-minisblack-1c-8b.sh
[repair-libtiff] restore libtiff-bug-2009-02-05-764dbba-2e42d63/libtiff/test/tiffcrop-extract-minisblack-2c-8b-alpha.sh
[repair-libtiff] restore libtiff-bug-2009-02-05-764dbba-2e42d63/libtiff/test/tiffcrop-extract-miniswhite-1c-1b.sh
[repair-libtiff] restore libtiff-bug-2009-02-05-764dbba-2e42d63/libtiff/test/tiffcrop-extract-palette-1c-1b.sh
[repair-libtiff] restore libtiff-bug-2009-02-05-764dbba-2e42d63/libtiff/test/tiffcrop-extract-palette-1c-4b.sh
[repair-libtiff] restore libtiff-bug-2009-02-05-764dbba-2e42d63/libtiff/test/tiffcrop-extract-palette-1c-8b.sh
[repair-libtiff] restore libtiff-bug-2009-02-05-764dbba-2e42d63/libtiff/test/tiffcrop-extract-rgb-3c-16b.sh
[repair-libtiff] restore libtiff-bug-2009-02-05-764dbba-2e42d63/libtiff/test/tiffcrop-extract-rgb-3c-8b.sh
[repair-libtiff] restore libtiff-bug-2009-02-05-764dbba-2e42d63/libtiff/test/tiffcrop-extractz14-logluv-3c-16b.sh
[repair-libtiff] restore libtiff-bug-2009-02-05-764dbba-2e42d63/libtiff/libtiff/tif_dirread.c
[repair-libtiff] restore libtiff-bug-2009-02-05-764dbba-2e42d63/libtiff/test/long_tag.c
[repair-libtiff] restore libtiff-bug-2009-02-05-764dbba-2e42d63/libtiff/test/short_tag.c
[repair-libtiff] restore libtiff-bug-2009-02-05-764dbba-2e42d63/libtiff/test/Makefile.in
[repair-libtiff] instrument libtiff-bug-2009-02-05-764dbba-2e42d63/libtiff/test/Makefile.in
[repair-libtiff] restore libtiff-bug-2009-02-05-764dbba-2e42d63/libtiff/tools/tiff2pdf.c
[repair-libtiff] instrument libtiff-bug-2009-02-05-764dbba-2e42d63/libtiff/tools/tiff2pdf.c
[repair-libtiff] instrument libtiff-bug-2009-02-05-764dbba-2e42d63/libtiff/tools/tiff2pdf.c
[repair-libtiff] instrument libtiff-bug-2009-02-05-764dbba-2e42d63/libtiff/tools/tiff2pdf.c
[repair-libtiff] instrument libtiff-bug-2009-02-05-764dbba-2e42d63/libtiff/tools/tiff2pdf.c
[repair-libtiff] restore libtiff-bug-2009-02-05-764dbba-2e42d63/libtiff/libtiff/tif_error.c
[repair-libtiff] instrument libtiff-bug-2009-02-05-764dbba-2e42d63/libtiff/libtiff/tif_error.c
[repair-libtiff] instrument libtiff-bug-2009-02-05-764dbba-2e42d63/libtiff/libtiff/tif_error.c
[repair-libtiff] restore libtiff-bug-2009-02-05-764dbba-2e42d63/libtiff/test/common.sh
[repair-libtiff] restore libtiff-bug-2009-02-05-764dbba-2e42d63/libtiff/test/short_tag.c
[repair-libtiff] restore libtiff-bug-2009-02-05-764dbba-2e42d63/libtiff/test/strip_rw.c
[repair-libtiff] restore libtiff-bug-2009-02-05-764dbba-2e42d63/libtiff/test/tiffcp-split.sh
[repair-libtiff] restore libtiff-fix-2009-02-05-764dbba-2e42d63/libtiff/test/ppm2tiff_pbm.sh
[repair-libtiff] restore libtiff-fix-2009-02-05-764dbba-2e42d63/libtiff/test/ppm2tiff_pgm.sh
[repair-libtiff] restore libtiff-fix-2009-02-05-764dbba-2e42d63/libtiff/test/ppm2tiff_ppm.sh
[repair-libtiff] restore libtiff-fix-2009-02-05-764dbba-2e42d63/libtiff/test/tiffcp-split.sh
[repair-libtiff] restore libtiff-fix-2009-02-05-764dbba-2e42d63/libtiff/test/tiffcp-split-join.sh
[repair-libtiff] restore libtiff-fix-2009-02-05-764dbba-2e42d63/libtiff/test/tiff2pdf.sh
[repair-libtiff] restore libtiff-fix-2009-02-05-764dbba-2e42d63/libtiff/test/tiffcrop-extract-logluv-3c-16b.sh
[repair-libtiff] restore libtiff-fix-2009-02-05-764dbba-2e42d63/libtiff/test/tiffcrop-extract-minisblack-1c-16b.sh
[repair-libtiff] restore libtiff-fix-2009-02-05-764dbba-2e42d63/libtiff/test/tiffcrop-extract-minisblack-1c-8b.sh
[repair-libtiff] restore libtiff-fix-2009-02-05-764dbba-2e42d63/libtiff/test/tiffcrop-extract-minisblack-2c-8b-alpha.sh
[repair-libtiff] restore libtiff-fix-2009-02-05-764dbba-2e42d63/libtiff/test/tiffcrop-extract-miniswhite-1c-1b.sh
[repair-libtiff] restore libtiff-fix-2009-02-05-764dbba-2e42d63/libtiff/test/tiffcrop-extract-palette-1c-1b.sh
[repair-libtiff] restore libtiff-fix-2009-02-05-764dbba-2e42d63/libtiff/test/tiffcrop-extract-palette-1c-4b.sh
[repair-libtiff] restore libtiff-fix-2009-02-05-764dbba-2e42d63/libtiff/test/tiffcrop-extract-palette-1c-8b.sh
[repair-libtiff] restore libtiff-fix-2009-02-05-764dbba-2e42d63/libtiff/test/tiffcrop-extract-rgb-3c-16b.sh
[repair-libtiff] restore libtiff-fix-2009-02-05-764dbba-2e42d63/libtiff/test/tiffcrop-extract-rgb-3c-8b.sh
[repair-libtiff] restore libtiff-fix-2009-02-05-764dbba-2e42d63/libtiff/test/tiffcrop-extractz14-logluv-3c-16b.sh
[repair-libtiff] restore libtiff-fix-2009-02-05-764dbba-2e42d63/libtiff/libtiff/tif_dirread.c
[repair-libtiff] restore libtiff-fix-2009-02-05-764dbba-2e42d63/libtiff/test/long_tag.c
[repair-libtiff] restore libtiff-fix-2009-02-05-764dbba-2e42d63/libtiff/test/short_tag.c
[repair-libtiff] restore libtiff-fix-2009-02-05-764dbba-2e42d63/libtiff/test/Makefile.in
[repair-libtiff] instrument libtiff-fix-2009-02-05-764dbba-2e42d63/libtiff/test/Makefile.in
[repair-libtiff] restore libtiff-fix-2009-02-05-764dbba-2e42d63/libtiff/tools/tiff2pdf.c
[repair-libtiff] instrument libtiff-fix-2009-02-05-764dbba-2e42d63/libtiff/tools/tiff2pdf.c
[repair-libtiff] instrument libtiff-fix-2009-02-05-764dbba-2e42d63/libtiff/tools/tiff2pdf.c
[repair-libtiff] instrument libtiff-fix-2009-02-05-764dbba-2e42d63/libtiff/tools/tiff2pdf.c
[repair-libtiff] instrument libtiff-fix-2009-02-05-764dbba-2e42d63/libtiff/tools/tiff2pdf.c
[repair-libtiff] restore libtiff-fix-2009-02-05-764dbba-2e42d63/libtiff/libtiff/tif_error.c
[repair-libtiff] instrument libtiff-fix-2009-02-05-764dbba-2e42d63/libtiff/libtiff/tif_error.c
[repair-libtiff] instrument libtiff-fix-2009-02-05-764dbba-2e42d63/libtiff/libtiff/tif_error.c
[repair-libtiff] restore libtiff-fix-2009-02-05-764dbba-2e42d63/libtiff/test/common.sh
[repair-libtiff] restore libtiff-fix-2009-02-05-764dbba-2e42d63/libtiff/test/short_tag.c
[repair-libtiff] restore libtiff-fix-2009-02-05-764dbba-2e42d63/libtiff/test/strip_rw.c
[repair-libtiff] restore libtiff-fix-2009-02-05-764dbba-2e42d63/libtiff/test/tiffcp-split.sh
[repair-libtiff] the assert option not used
[repair-libtiff] angelix libtiff-bug-2009-02-05-764dbba-2e42d63/libtiff tools/tiffcrop.c /angelix-experiments/.aux/libtiff/scripts/oracle-libtiff-sym 1
2
3
4
5
6
7
8
9
10
11
12
13
14
15
16
17
18
19
20
21
22
23
24
25
26
27
28
29
30
31
32
33
34
35
36
37
38
39
40
41
42
43
44
45
46
47
48
49
50
51
52
53
54
55
56
57
58
59
60
61
62
63
64
65
66
67
68
69
70
71
72
73
74
75
76
77
78 --golden libtiff-fix-2009-02-05-764dbba-2e42d63/libtiff --configure                                                    ./configure --config-cache --cache-file=/angelix-experiments/.angelix/config.cache                --disable-nls                                                         --disable-shared                                                      --disable-cxx                                                         --disable-jpeg                                                        --disable-zlib                                                        --disable-pixarlog                                                    --disable-jbig;                                           echo -ne 'all:\nclean:\ndistclean:\n' >> contrib/Makefile              --build /angelix-experiments/.aux/libtiff/scripts/build-libtiff  --angelic-search-strategy symbolic --defect if-conditions loop-conditions --test-timeout 60 --klee-max-forks 100 --klee-solver-timeout 100 --klee-timeout 7200 --synthesis-ptr-vars --synthesis-func-params --synthesis-used-vars --ignore-trivial --synthesis-levels variables --klee-search dfs --timeout 14400 --show-suspicious-locations --group-size 1 --defect if-conditions loop-conditions
INFO     repair          copy libtiff-bug-2009-02-05-764dbba-2e42d63/libtiff to /angelix-experiments/.angelix/validation
INFO     project         configuring validation source
INFO     project         building json compilation database from validation source
INFO     testing         running test '1' of validation source
INFO     testing         output code: 0
INFO     testing         running test '2' of validation source
INFO     testing         output code: 0
INFO     testing         running test '3' of validation source
INFO     testing         output code: 0
INFO     testing         running test '4' of validation source
INFO     testing         output code: 0
INFO     testing         running test '5' of validation source
INFO     testing         output code: 0
INFO     testing         running test '6' of validation source
INFO     testing         output code: 0
INFO     testing         running test '7' of validation source
INFO     testing         output code: 0
INFO     testing         running test '8' of validation source
INFO     testing         output code: 0
INFO     testing         running test '9' of validation source
INFO     testing         output code: 0
INFO     testing         running test '10' of validation source
INFO     testing         output code: 0
INFO     testing         running test '11' of validation source
INFO     testing         output code: 0
INFO     testing         running test '12' of validation source
INFO     testing         output code: 0
INFO     testing         running test '13' of validation source
INFO     testing         output code: 0
INFO     testing         running test '14' of validation source
INFO     testing         output code: 0
INFO     testing         running test '15' of validation source
INFO     testing         output code: 0
INFO     testing         running test '16' of validation source
INFO     testing         output code: 0
INFO     testing         running test '17' of validation source
INFO     testing         output code: 0
INFO     testing         running test '18' of validation source
INFO     testing         output code: 1
INFO     testing         running test '19' of validation source
INFO     testing         output code: 0
INFO     testing         running test '20' of validation source
INFO     testing         output code: 0
INFO     testing         running test '21' of validation source
INFO     testing         output code: 0
INFO     testing         running test '22' of validation source
INFO     testing         output code: 0
INFO     testing         running test '23' of validation source
INFO     testing         output code: 0
INFO     testing         running test '24' of validation source
INFO     testing         output code: 0
INFO     testing         running test '25' of validation source
INFO     testing         output code: 0
INFO     testing         running test '26' of validation source
INFO     testing         output code: 0
INFO     testing         running test '27' of validation source
INFO     testing         output code: 0
INFO     testing         running test '28' of validation source
INFO     testing         output code: 0
INFO     testing         running test '29' of validation source
INFO     testing         output code: 0
INFO     testing         running test '30' of validation source
INFO     testing         output code: 0
INFO     testing         running test '31' of validation source
INFO     testing         output code: 0
INFO     testing         running test '32' of validation source
INFO     testing         output code: 1
INFO     testing         running test '33' of validation source
INFO     testing         output code: 0
INFO     testing         running test '34' of validation source
INFO     testing         output code: 0
INFO     testing         running test '35' of validation source
INFO     testing         output code: 0
INFO     testing         running test '36' of validation source
INFO     testing         output code: 0
INFO     testing         running test '37' of validation source
INFO     testing         output code: 0
INFO     testing         running test '38' of validation source
INFO     testing         output code: 0
INFO     testing         running test '39' of validation source
INFO     testing         output code: 1
INFO     testing         running test '40' of validation source
INFO     testing         output code: 1
INFO     testing         running test '41' of validation source
INFO     testing         output code: 1
INFO     testing         running test '42' of validation source
INFO     testing         output code: 1
INFO     testing         running test '43' of validation source
INFO     testing         output code: 1
INFO     testing         running test '44' of validation source
INFO     testing         output code: 1
INFO     testing         running test '45' of validation source
INFO     testing         output code: 1
INFO     testing         running test '46' of validation source
INFO     testing         output code: 1
INFO     testing         running test '47' of validation source
INFO     testing         output code: 1
INFO     testing         running test '48' of validation source
INFO     testing         output code: 1
INFO     testing         running test '49' of validation source
INFO     testing         output code: 0
INFO     testing         running test '50' of validation source
INFO     testing         output code: 0
INFO     testing         running test '51' of validation source
INFO     testing         output code: 0
INFO     testing         running test '52' of validation source
INFO     testing         output code: 1
INFO     testing         running test '53' of validation source
INFO     testing         output code: 0
INFO     testing         running test '54' of validation source
INFO     testing         output code: 0
INFO     testing         running test '55' of validation source
INFO     testing         output code: 0
INFO     testing         running test '56' of validation source
INFO     testing         output code: 0
INFO     testing         running test '57' of validation source
INFO     testing         output code: 0
INFO     testing         running test '58' of validation source
INFO     testing         output code: 0
INFO     testing         running test '59' of validation source
INFO     testing         output code: 0
INFO     testing         running test '60' of validation source
INFO     testing         output code: 0
INFO     testing         running test '61' of validation source
INFO     testing         output code: 0
INFO     testing         running test '62' of validation source
INFO     testing         output code: 1
INFO     testing         running test '63' of validation source
INFO     testing         output code: 0
INFO     testing         running test '64' of validation source
INFO     testing         output code: 0
INFO     testing         running test '65' of validation source
INFO     testing         output code: 0
INFO     testing         running test '66' of validation source
INFO     testing         output code: 0
INFO     testing         running test '67' of validation source
INFO     testing         output code: 0
INFO     testing         running test '68' of validation source
INFO     testing         output code: 0
INFO     testing         running test '69' of validation source
INFO     testing         output code: 0
INFO     testing         running test '70' of validation source
INFO     testing         output code: 0
INFO     testing         running test '71' of validation source
INFO     testing         output code: 0
INFO     testing         running test '72' of validation source
INFO     testing         output code: 0
INFO     testing         running test '73' of validation source
INFO     testing         output code: 0
INFO     testing         running test '74' of validation source
INFO     testing         output code: 0
INFO     testing         running test '75' of validation source
INFO     testing         output code: 0
INFO     testing         running test '76' of validation source
INFO     testing         output code: 0
INFO     testing         running test '77' of validation source
INFO     testing         output code: 0
INFO     testing         running test '78' of validation source
INFO     testing         output code: 0
INFO     project         configuring golden source
INFO     project         building golden source
INFO     testing         running test '18' of golden source
INFO     testing         output code: 1
INFO     testing         running test '32' of golden source
INFO     testing         output code: 1
INFO     testing         running test '39' of golden source
INFO     testing         output code: 0
INFO     testing         running test '40' of golden source
INFO     testing         output code: 0
INFO     testing         running test '41' of golden source
INFO     testing         output code: 0
INFO     testing         running test '42' of golden source
INFO     testing         output code: 1
INFO     testing         running test '43' of golden source
INFO     testing         output code: 0
INFO     testing         running test '44' of golden source
INFO     testing         output code: 0
INFO     testing         running test '45' of golden source
INFO     testing         output code: 0
INFO     testing         running test '46' of golden source
INFO     testing         output code: 0
INFO     testing         running test '47' of golden source
INFO     testing         output code: 0
INFO     testing         running test '48' of golden source
INFO     testing         output code: 0
INFO     testing         running test '52' of golden source
INFO     testing         output code: 1
INFO     testing         running test '62' of golden source
INFO     testing         output code: 1
WARNING  repair          excluding test 18 because it fails in golden version
WARNING  repair          excluding test 32 because it fails in golden version
WARNING  repair          excluding test 42 because it fails in golden version
WARNING  repair          excluding test 52 because it fails in golden version
WARNING  repair          excluding test 62 because it fails in golden version
INFO     repair          positive: ['1', '2', '3', '4', '5', '6', '7', '8', '9', '10', '11', '12', '13', '14', '15', '16', '17', '19', '20', '21', '22', '23', '24', '25', '26', '27', '28', '29', '30', '31', '33', '34', '35', '36', '37', '38', '49', '50', '51', '53', '54', '55', '56', '57', '58', '59', '60', '61', '63', '64', '65', '66', '67', '68', '69', '70', '71', '72', '73', '74', '75', '76', '77', '78']
INFO     repair          negative: ['39', '40', '41', '43', '44', '45', '46', '47', '48']
INFO     project         configuring frontend source
INFO     transformation  instrumenting repairable of frontend source
INFO     project         building frontend source
INFO     repair          running positive tests for debugging
INFO     testing         running test '1' of frontend source
INFO     testing         output code: 0
WARNING  testing         ANGELIX_RUN is not executed by test 1
INFO     testing         running test '2' of frontend source
INFO     testing         output code: 0
INFO     testing         running test '3' of frontend source
INFO     testing         output code: 0
INFO     testing         running test '4' of frontend source
INFO     testing         output code: 0
INFO     testing         running test '5' of frontend source
INFO     testing         output code: 0
WARNING  testing         ANGELIX_RUN is not executed by test 5
INFO     testing         running test '6' of frontend source
INFO     testing         output code: 0
WARNING  testing         ANGELIX_RUN is not executed by test 6
INFO     testing         running test '7' of frontend source
INFO     testing         output code: 0
WARNING  testing         ANGELIX_RUN is not executed by test 7
INFO     testing         running test '8' of frontend source
INFO     testing         output code: 0
WARNING  testing         ANGELIX_RUN is not executed by test 8
INFO     testing         running test '9' of frontend source
INFO     testing         output code: 0
WARNING  testing         ANGELIX_RUN is executed multiple times by test 9
INFO     testing         running test '10' of frontend source
INFO     testing         output code: 0
WARNING  testing         ANGELIX_RUN is executed multiple times by test 10
INFO     testing         running test '11' of frontend source
INFO     testing         output code: 0
WARNING  testing         ANGELIX_RUN is executed multiple times by test 11
INFO     testing         running test '12' of frontend source
INFO     testing         output code: 0
WARNING  testing         ANGELIX_RUN is not executed by test 12
INFO     testing         running test '13' of frontend source
INFO     testing         output code: 0
WARNING  testing         ANGELIX_RUN is not executed by test 13
INFO     testing         running test '14' of frontend source
INFO     testing         output code: 0
WARNING  testing         ANGELIX_RUN is not executed by test 14
INFO     testing         running test '15' of frontend source
INFO     testing         output code: 0
WARNING  testing         ANGELIX_RUN is not executed by test 15
INFO     testing         running test '16' of frontend source
INFO     testing         output code: 0
WARNING  testing         ANGELIX_RUN is not executed by test 16
INFO     testing         running test '17' of frontend source
INFO     testing         output code: 0
WARNING  testing         ANGELIX_RUN is not executed by test 17
INFO     testing         running test '19' of frontend source
INFO     testing         output code: 0
WARNING  testing         ANGELIX_RUN is not executed by test 19
INFO     testing         running test '20' of frontend source
INFO     testing         output code: 0
WARNING  testing         ANGELIX_RUN is not executed by test 20
INFO     testing         running test '21' of frontend source
INFO     testing         output code: 0
WARNING  testing         ANGELIX_RUN is not executed by test 21
INFO     testing         running test '22' of frontend source
INFO     testing         output code: 0
INFO     testing         running test '23' of frontend source
INFO     testing         output code: 0
INFO     testing         running test '24' of frontend source
INFO     testing         output code: 0
WARNING  testing         ANGELIX_RUN is not executed by test 24
INFO     testing         running test '25' of frontend source
INFO     testing         output code: 0
WARNING  testing         ANGELIX_RUN is not executed by test 25
INFO     testing         running test '26' of frontend source
INFO     testing         output code: 0
WARNING  testing         ANGELIX_RUN is not executed by test 26
INFO     testing         running test '27' of frontend source
INFO     testing         output code: 0
WARNING  testing         ANGELIX_RUN is not executed by test 27
INFO     testing         running test '28' of frontend source
INFO     testing         output code: 0
INFO     testing         running test '29' of frontend source
INFO     testing         output code: 0
WARNING  testing         ANGELIX_RUN is not executed by test 29
INFO     testing         running test '30' of frontend source
INFO     testing         output code: 0
WARNING  testing         ANGELIX_RUN is not executed by test 30
INFO     testing         running test '31' of frontend source
INFO     testing         output code: 0
WARNING  testing         ANGELIX_RUN is not executed by test 31
INFO     testing         running test '33' of frontend source
INFO     testing         output code: 0
WARNING  testing         ANGELIX_RUN is not executed by test 33
INFO     testing         running test '34' of frontend source
INFO     testing         output code: 0
WARNING  testing         ANGELIX_RUN is not executed by test 34
INFO     testing         running test '35' of frontend source
INFO     testing         output code: 0
WARNING  testing         ANGELIX_RUN is not executed by test 35
INFO     testing         running test '36' of frontend source
INFO     testing         output code: 0
WARNING  testing         ANGELIX_RUN is not executed by test 36
INFO     testing         running test '37' of frontend source
INFO     testing         output code: 0
WARNING  testing         ANGELIX_RUN is not executed by test 37
INFO     testing         running test '38' of frontend source
INFO     testing         output code: 0
WARNING  testing         ANGELIX_RUN is not executed by test 38
INFO     testing         running test '49' of frontend source
INFO     testing         output code: 0
INFO     testing         running test '50' of frontend source
INFO     testing         output code: 0
WARNING  testing         ANGELIX_RUN is not executed by test 50
INFO     testing         running test '51' of frontend source
INFO     testing         output code: 0
WARNING  testing         ANGELIX_RUN is not executed by test 51
INFO     testing         running test '53' of frontend source
INFO     testing         output code: 0
WARNING  testing         ANGELIX_RUN is not executed by test 53
INFO     testing         running test '54' of frontend source
INFO     testing         output code: 0
WARNING  testing         ANGELIX_RUN is not executed by test 54
INFO     testing         running test '55' of frontend source
INFO     testing         output code: 0
WARNING  testing         ANGELIX_RUN is not executed by test 55
INFO     testing         running test '56' of frontend source
INFO     testing         output code: 0
WARNING  testing         ANGELIX_RUN is not executed by test 56
INFO     testing         running test '57' of frontend source
INFO     testing         output code: 0
WARNING  testing         ANGELIX_RUN is not executed by test 57
INFO     testing         running test '58' of frontend source
INFO     testing         output code: 0
WARNING  testing         ANGELIX_RUN is not executed by test 58
INFO     testing         running test '59' of frontend source
INFO     testing         output code: 0
WARNING  testing         ANGELIX_RUN is not executed by test 59
INFO     testing         running test '60' of frontend source
INFO     testing         output code: 0
WARNING  testing         ANGELIX_RUN is not executed by test 60
INFO     testing         running test '61' of frontend source
INFO     testing         output code: 0
WARNING  testing         ANGELIX_RUN is not executed by test 61
INFO     testing         running test '63' of frontend source
INFO     testing         output code: 0
WARNING  testing         ANGELIX_RUN is not executed by test 63
INFO     testing         running test '64' of frontend source
INFO     testing         output code: 0
WARNING  testing         ANGELIX_RUN is not executed by test 64
INFO     testing         running test '65' of frontend source
INFO     testing         output code: 0
WARNING  testing         ANGELIX_RUN is not executed by test 65
INFO     testing         running test '66' of frontend source
INFO     testing         output code: 0
WARNING  testing         ANGELIX_RUN is not executed by test 66
INFO     testing         running test '67' of frontend source
INFO     testing         output code: 0
WARNING  testing         ANGELIX_RUN is not executed by test 67
INFO     testing         running test '68' of frontend source
INFO     testing         output code: 0
WARNING  testing         ANGELIX_RUN is not executed by test 68
INFO     testing         running test '69' of frontend source
INFO     testing         output code: 0
WARNING  testing         ANGELIX_RUN is not executed by test 69
INFO     testing         running test '70' of frontend source
INFO     testing         output code: 0
WARNING  testing         ANGELIX_RUN is not executed by test 70
INFO     testing         running test '71' of frontend source
INFO     testing         output code: 0
WARNING  testing         ANGELIX_RUN is not executed by test 71
INFO     testing         running test '72' of frontend source
INFO     testing         output code: 0
WARNING  testing         ANGELIX_RUN is not executed by test 72
INFO     testing         running test '73' of frontend source
INFO     testing         output code: 0
WARNING  testing         ANGELIX_RUN is not executed by test 73
INFO     testing         running test '74' of frontend source
INFO     testing         output code: 0
WARNING  testing         ANGELIX_RUN is not executed by test 74
INFO     testing         running test '75' of frontend source
INFO     testing         output code: 0
WARNING  testing         ANGELIX_RUN is not executed by test 75
INFO     testing         running test '76' of frontend source
INFO     testing         output code: 0
WARNING  testing         ANGELIX_RUN is not executed by test 76
INFO     testing         running test '77' of frontend source
INFO     testing         output code: 0
WARNING  testing         ANGELIX_RUN is not executed by test 77
INFO     testing         running test '78' of frontend source
INFO     testing         output code: 0
WARNING  testing         ANGELIX_RUN is not executed by test 78
INFO     repair          running negative tests for debugging
INFO     testing         running test '39' of frontend source
INFO     testing         output code: 1
INFO     project         configuring golden source
INFO     project         building golden source
INFO     testing         running test '39' of golden source
INFO     testing         output code: 0
INFO     testing         running test '40' of frontend source
INFO     testing         output code: 1
INFO     testing         running test '40' of golden source
INFO     testing         output code: 0
INFO     testing         running test '41' of frontend source
INFO     testing         output code: 1
INFO     testing         running test '41' of golden source
INFO     testing         output code: 0
INFO     testing         running test '43' of frontend source
INFO     testing         output code: 1
INFO     testing         running test '43' of golden source
INFO     testing         output code: 0
INFO     testing         running test '44' of frontend source
INFO     testing         output code: 1
INFO     testing         running test '44' of golden source
INFO     testing         output code: 0
INFO     testing         running test '45' of frontend source
INFO     testing         output code: 1
INFO     testing         running test '45' of golden source
INFO     testing         output code: 0
INFO     testing         running test '46' of frontend source
INFO     testing         output code: 1
INFO     testing         running test '46' of golden source
INFO     testing         output code: 0
INFO     testing         running test '47' of frontend source
INFO     testing         output code: 1
INFO     testing         running test '47' of golden source
INFO     testing         output code: 0
INFO     testing         running test '48' of frontend source
INFO     testing         output code: 1
INFO     testing         running test '48' of golden source
INFO     testing         output code: 0
INFO     repair          repair test suite: ['2', '3', '4', '9', '10', '11', '22', '23', '28', '39', '40', '41', '43', '44', '45', '46', '47', '48', '49']
INFO     repair          validation test suite: ['1', '2', '3', '4', '5', '6', '7', '8', '9', '10', '11', '12', '13', '14', '15', '16', '17', '19', '20', '21', '22', '23', '24', '25', '26', '27', '28', '29', '30', '31', '33', '34', '35', '36', '37', '38', '39', '40', '41', '43', '44', '45', '46', '47', '48', '49', '50', '51', '53', '54', '55', '56', '57', '58', '59', '60', '61', '63', '64', '65', '66', '67', '68', '69', '70', '71', '72', '73', '74', '75', '76', '77', '78']
INFO     localization    (loc, score) = (('I', (4244, 7, 4244, 61)), 1.0)
INFO     localization    (loc, score) = (('I', (4251, 10, 4251, 49)), 1.0)
INFO     localization    (loc, score) = (('I', (5039, 9, 5039, 25)), 0.9)
INFO     localization    (loc, score) = (('I', (1912, 9, 1912, 15)), 0.9)
INFO     localization    (loc, score) = (('L', (4195, 16, 4195, 20)), 0.9)
INFO     localization    (loc, score) = (('L', (4140, 16, 4140, 20)), 0.9)
INFO     localization    (loc, score) = (('I', (5078, 14, 5078, 24)), 0.9)
INFO     localization    (loc, score) = (('I', (2019, 11, 2019, 32)), 0.9)
INFO     localization    (loc, score) = (('I', (5118, 7, 5118, 50)), 0.9)
INFO     localization    (loc, score) = (('I', (1950, 9, 1950, 19)), 0.9)
INFO     localization    (loc, score) = (('L', (3379, 16, 3379, 22)), 0.9)
INFO     localization    (loc, score) = (('I', (5046, 7, 5046, 8)), 0.9)
INFO     localization    (loc, score) = (('I', (5063, 7, 5063, 8)), 0.9)
INFO     localization    (loc, score) = (('I', (1917, 9, 1917, 24)), 0.9)
INFO     localization    (loc, score) = (('I', (1901, 7, 1901, 23)), 0.9)
INFO     localization    (loc, score) = (('I', (1940, 9, 1940, 31)), 0.9)
INFO     localization    (loc, score) = (('I', (1970, 11, 1970, 26)), 0.9)
INFO     localization    (loc, score) = (('L', (4151, 16, 4151, 20)), 0.9)
INFO     localization    (loc, score) = (('I', (5014, 7, 5014, 30)), 0.9)
INFO     localization    (loc, score) = (('L', (1909, 10, 1909, 26)), 0.9)
INFO     localization    (loc, score) = (('I', (1937, 9, 1937, 34)), 0.9)
INFO     localization    (loc, score) = (('L', (4184, 16, 4184, 20)), 0.9)
INFO     localization    (loc, score) = (('L', (1959, 12, 1959, 28)), 0.9)
INFO     localization    (loc, score) = (('I', (1904, 7, 1904, 26)), 0.9)
INFO     localization    (loc, score) = (('L', (4598, 15, 4598, 25)), 0.0)
INFO     localization    (loc, score) = (('L', (5337, 34, 5337, 41)), 0.0)
INFO     localization    (loc, score) = (('I', (2396, 7, 2396, 37)), 0.0)
INFO     localization    (loc, score) = (('L', (861, 16, 861, 22)), 0.0)
INFO     localization    (loc, score) = (('L', (2125, 17, 2125, 28)), 0.0)
INFO     localization    (loc, score) = (('I', (2047, 11, 2047, 24)), 0.0)
INFO     localization    (loc, score) = (('I', (5407, 7, 5407, 31)), 0.0)
INFO     localization    (loc, score) = (('I', (2128, 7, 2128, 22)), 0.0)
INFO     localization    (loc, score) = (('I', (1193, 7, 1193, 16)), 0.0)
INFO     localization    (loc, score) = (('I', (4614, 16, 4614, 38)), 0.0)
INFO     localization    (loc, score) = (('I', (2390, 7, 2390, 36)), 0.0)
INFO     localization    (loc, score) = (('I', (6211, 7, 6211, 25)), 0.0)
INFO     localization    (loc, score) = (('I', (1199, 14, 1199, 23)), 0.0)
INFO     localization    (loc, score) = (('I', (1780, 21, 1780, 59)), 0.0)
INFO     localization    (loc, score) = (('I', (4706, 7, 4706, 24)), 0.0)
INFO     localization    (loc, score) = (('I', (2049, 13, 2049, 31)), 0.0)
INFO     localization    (loc, score) = (('I', (5402, 16, 5402, 37)), 0.0)
INFO     localization    (loc, score) = (('I', (2413, 7, 2413, 16)), 0.0)
INFO     localization    (loc, score) = (('I', (6586, 9, 6586, 61)), 0.0)
INFO     localization    (loc, score) = (('I', (6215, 9, 6215, 10)), 0.0)
INFO     localization    (loc, score) = (('I', (6233, 9, 6233, 10)), 0.0)
INFO     localization    (loc, score) = (('I', (6567, 7, 6567, 22)), 0.0)
INFO     localization    (loc, score) = (('I', (6592, 7, 6592, 20)), 0.0)
INFO     localization    (loc, score) = (('L', (1770, 21, 1770, 59)), 0.0)
INFO     localization    (loc, score) = (('I', (2104, 11, 2104, 34)), 0.0)
INFO     localization    (loc, score) = (('I', (1228, 7, 1228, 16)), 0.0)
INFO     localization    (loc, score) = (('I', (6738, 9, 6738, 19)), 0.0)
INFO     localization    (loc, score) = (('I', (6645, 8, 6645, 23)), 0.0)
INFO     localization    (loc, score) = (('I', (2031, 11, 2031, 29)), 0.0)
INFO     localization    (loc, score) = (('I', (4567, 7, 4567, 24)), 0.0)
INFO     localization    (loc, score) = (('I', (5327, 10, 5327, 14)), 0.0)
INFO     localization    (loc, score) = (('I', (2402, 7, 2402, 32)), 0.0)
INFO     localization    (loc, score) = (('I', (1214, 7, 1214, 16)), 0.0)
INFO     localization    (loc, score) = (('I', (2096, 11, 2096, 26)), 0.0)
INFO     localization    (loc, score) = (('I', (4622, 16, 4622, 34)), 0.0)
INFO     localization    (loc, score) = (('I', (6657, 7, 6657, 14)), 0.0)
INFO     localization    (loc, score) = (('L', (5227, 15, 5227, 25)), 0.0)
INFO     localization    (loc, score) = (('I', (1196, 14, 1196, 23)), 0.0)
INFO     localization    group 1: [('I', (4244, 7, 4244, 61))] (1.0)
INFO     localization    group 2: [('I', (4251, 10, 4251, 49))] (1.0)
INFO     localization    group 3: [('I', (1901, 7, 1901, 23))] (0.9)
INFO     localization    group 4: [('L', (1909, 10, 1909, 26))] (0.9)
INFO     localization    group 5: [('I', (1912, 9, 1912, 15))] (0.9)
INFO     localization    group 6: [('I', (1917, 9, 1917, 24))] (0.9)
INFO     localization    group 7: [('I', (1940, 9, 1940, 31))] (0.9)
INFO     localization    group 8: [('I', (1950, 9, 1950, 19))] (0.9)
INFO     localization    group 9: [('I', (1970, 11, 1970, 26))] (0.9)
INFO     localization    group 10: [('I', (2019, 11, 2019, 32))] (0.9)
INFO     localization    group 11: [('L', (3379, 16, 3379, 22))] (0.9)
INFO     localization    group 12: [('L', (4140, 16, 4140, 20))] (0.9)
INFO     localization    group 13: [('L', (4151, 16, 4151, 20))] (0.9)
INFO     localization    group 14: [('L', (4195, 16, 4195, 20))] (0.9)
INFO     localization    group 15: [('I', (5014, 7, 5014, 30))] (0.9)
INFO     localization    group 16: [('I', (5039, 9, 5039, 25))] (0.9)
INFO     localization    group 17: [('I', (5046, 7, 5046, 8))] (0.9)
INFO     localization    group 18: [('I', (5063, 7, 5063, 8))] (0.9)
INFO     localization    group 19: [('I', (5078, 14, 5078, 24))] (0.9)
INFO     localization    group 20: [('I', (5118, 7, 5118, 50))] (0.9)
INFO     localization    selected expressions [('I', (4244, 7, 4244, 61))] with group score 1.0 
INFO     localization    selected expressions [('I', (4251, 10, 4251, 49))] with group score 1.0 
INFO     localization    selected expressions [('I', (1901, 7, 1901, 23))] with group score 0.9 
INFO     localization    selected expressions [('L', (1909, 10, 1909, 26))] with group score 0.9 
INFO     localization    selected expressions [('I', (1912, 9, 1912, 15))] with group score 0.9 
INFO     localization    selected expressions [('I', (1917, 9, 1917, 24))] with group score 0.9 
INFO     localization    selected expressions [('I', (1940, 9, 1940, 31))] with group score 0.9 
INFO     localization    selected expressions [('I', (1950, 9, 1950, 19))] with group score 0.9 
INFO     localization    selected expressions [('I', (1970, 11, 1970, 26))] with group score 0.9 
INFO     localization    selected expressions [('I', (2019, 11, 2019, 32))] with group score 0.9 
INFO     localization    selected expressions [('L', (3379, 16, 3379, 22))] with group score 0.9 
INFO     localization    selected expressions [('L', (4140, 16, 4140, 20))] with group score 0.9 
INFO     localization    selected expressions [('L', (4151, 16, 4151, 20))] with group score 0.9 
INFO     localization    selected expressions [('L', (4195, 16, 4195, 20))] with group score 0.9 
INFO     localization    selected expressions [('I', (5014, 7, 5014, 30))] with group score 0.9 
INFO     localization    selected expressions [('I', (5039, 9, 5039, 25))] with group score 0.9 
INFO     localization    selected expressions [('I', (5046, 7, 5046, 8))] with group score 0.9 
INFO     localization    selected expressions [('I', (5063, 7, 5063, 8))] with group score 0.9 
INFO     localization    selected expressions [('I', (5078, 14, 5078, 24))] with group score 0.9 
INFO     localization    selected expressions [('I', (5118, 7, 5118, 50))] with group score 0.9 
INFO     repair          considering suspicious locations [('I', (4244, 7, 4244, 61))]
INFO     reduction       all failing tests: ['39', '40', '41', '43', '44', '45', '46', '47', '48']
INFO     reduction       select 1 best tests from ['39', '40', '41', '43', '44', '45', '46', '47', '48']
INFO     reduction       select 0 best tests from ['2', '3', '4', '9', '10', '11', '22', '23', '28', '49']
INFO     reduction       selected 1 tests
INFO     reduction       selected passing tests: []
INFO     reduction       selected failing tests: ['39']
INFO     project         configuring backend source
INFO     transformation  instrumenting suspicious of backend source
INFO     project         building backend source
INFO     sym_infer       inferring specification for test '39' through KLEE
INFO     testing         running test '39' of backend source with KLEE
INFO     testing         output code: 0
INFO     sym_infer       checking whether /angelix-experiments/.angelix/backend/klee-out-0 exists...
INFO     sym_infer       solving path .angelix/backend/klee-out-0/test000001.smt2
INFO     sym_infer       labels '['TIFFError']' executed while [] required
INFO     sym_infer       solving path .angelix/backend/klee-out-0/test000002.smt2
INFO     sym_infer       expression (4244, 7, 4244, 61)[0]: angelic = True
INFO     testing         running test '39' of frontend source
INFO     testing         output code: 0
INFO     sym_infer       found 1 angelic paths for test '39'
INFO     synthesis       synthesizing patch with component level 'variables'
INFO     synthesis       use old synth
INFO     synthesis       fixing expression (4244, 7, 4244, 61): ((image->res_unit != 2) && (image->res_unit != 3)) ---> ((image->res_unit != 3) && (image->res_unit != 3))
INFO     repair          candidate fix synthesized
INFO     transformation  applying patch to validation source
INFO     project         building validation source
INFO     testing         running test '1' of validation source
INFO     testing         output code: 0
INFO     testing         running test '2' of validation source
INFO     testing         output code: 0
INFO     testing         running test '3' of validation source
INFO     testing         output code: 0
INFO     testing         running test '4' of validation source
INFO     testing         output code: 0
INFO     testing         running test '5' of validation source
INFO     testing         output code: 0
INFO     testing         running test '6' of validation source
INFO     testing         output code: 0
INFO     testing         running test '7' of validation source
INFO     testing         output code: 0
INFO     testing         running test '8' of validation source
INFO     testing         output code: 0
INFO     testing         running test '9' of validation source
INFO     testing         output code: 0
INFO     testing         running test '10' of validation source
INFO     testing         output code: 0
INFO     testing         running test '11' of validation source
INFO     testing         output code: 0
INFO     testing         running test '12' of validation source
INFO     testing         output code: 0
INFO     testing         running test '13' of validation source
INFO     testing         output code: 0
INFO     testing         running test '14' of validation source
INFO     testing         output code: 0
INFO     testing         running test '15' of validation source
INFO     testing         output code: 0
INFO     testing         running test '16' of validation source
INFO     testing         output code: 0
INFO     testing         running test '17' of validation source
INFO     testing         output code: 0
INFO     testing         running test '19' of validation source
INFO     testing         output code: 0
INFO     testing         running test '20' of validation source
INFO     testing         output code: 0
INFO     testing         running test '21' of validation source
INFO     testing         output code: 0
INFO     testing         running test '22' of validation source
INFO     testing         output code: 0
INFO     testing         running test '23' of validation source
INFO     testing         output code: 0
INFO     testing         running test '24' of validation source
INFO     testing         output code: 0
INFO     testing         running test '25' of validation source
INFO     testing         output code: 0
INFO     testing         running test '26' of validation source
INFO     testing         output code: 0
INFO     testing         running test '27' of validation source
INFO     testing         output code: 0
INFO     testing         running test '28' of validation source
INFO     testing         output code: 0
INFO     testing         running test '29' of validation source
INFO     testing         output code: 0
INFO     testing         running test '30' of validation source
INFO     testing         output code: 0
INFO     testing         running test '31' of validation source
INFO     testing         output code: 0
INFO     testing         running test '33' of validation source
INFO     testing         output code: 0
INFO     testing         running test '34' of validation source
INFO     testing         output code: 0
INFO     testing         running test '35' of validation source
INFO     testing         output code: 0
INFO     testing         running test '36' of validation source
INFO     testing         output code: 0
INFO     testing         running test '37' of validation source
INFO     testing         output code: 0
INFO     testing         running test '38' of validation source
INFO     testing         output code: 0
INFO     testing         running test '39' of validation source
INFO     testing         output code: 0
INFO     testing         running test '40' of validation source
INFO     testing         output code: 0
INFO     testing         running test '41' of validation source
INFO     testing         output code: 0
INFO     testing         running test '43' of validation source
INFO     testing         output code: 0
INFO     testing         running test '44' of validation source
INFO     testing         output code: 0
INFO     testing         running test '45' of validation source
INFO     testing         output code: 0
INFO     testing         running test '46' of validation source
INFO     testing         output code: 0
INFO     testing         running test '47' of validation source
INFO     testing         output code: 0
INFO     testing         running test '48' of validation source
INFO     testing         output code: 0
INFO     testing         running test '49' of validation source
INFO     testing         output code: 0
INFO     testing         running test '50' of validation source
INFO     testing         output code: 0
INFO     testing         running test '51' of validation source
INFO     testing         output code: 0
INFO     testing         running test '53' of validation source
INFO     testing         output code: 0
INFO     testing         running test '54' of validation source
INFO     testing         output code: 0
INFO     testing         running test '55' of validation source
INFO     testing         output code: 0
INFO     testing         running test '56' of validation source
INFO     testing         output code: 0
INFO     testing         running test '57' of validation source
INFO     testing         output code: 0
INFO     testing         running test '58' of validation source
INFO     testing         output code: 0
INFO     testing         running test '59' of validation source
INFO     testing         output code: 0
INFO     testing         running test '60' of validation source
INFO     testing         output code: 0
INFO     testing         running test '61' of validation source
INFO     testing         output code: 0
INFO     testing         running test '63' of validation source
INFO     testing         output code: 0
INFO     testing         running test '64' of validation source
INFO     testing         output code: 0
INFO     testing         running test '65' of validation source
INFO     testing         output code: 0
INFO     testing         running test '66' of validation source
INFO     testing         output code: 0
INFO     testing         running test '67' of validation source
INFO     testing         output code: 0
INFO     testing         running test '68' of validation source
INFO     testing         output code: 0
INFO     testing         running test '69' of validation source
INFO     testing         output code: 0
INFO     testing         running test '70' of validation source
INFO     testing         output code: 0
INFO     testing         running test '71' of validation source
INFO     testing         output code: 0
INFO     testing         running test '72' of validation source
INFO     testing         output code: 0
INFO     testing         running test '73' of validation source
INFO     testing         output code: 0
INFO     testing         running test '74' of validation source
INFO     testing         output code: 0
INFO     testing         running test '75' of validation source
INFO     testing         output code: 0
INFO     testing         running test '76' of validation source
INFO     testing         output code: 0
INFO     testing         running test '77' of validation source
INFO     testing         output code: 0
INFO     testing         running test '78' of validation source
INFO     testing         output code: 0
INFO     repair          patch successfully generated in 6m 16s (see libtiff-2021-Oct20-144536.patch)
SUCCESS
