[repair] benchmark: manybugs
[repair] subject: wireshark
[repair] version: 37122-37123
[repair] search: guided
[fetch] benchmark: manybugs
[fetch] subject: wireshark
[fetch] version: 37122-37123
[fetch] archive: wireshark-bug-37122-37123.tar.gz
[fetch] directory: wireshark-bug-37122-37123
[fetch] GLIB_DIR: glib-2.30.0
[fetch] LIBCAP_DIR: libcap-1.9.1
[fetch] mkdir -p cache
[fetch] preparing source code
[fetch] golden_directory: wireshark-fix-37122-37123
[fetch] clean-source wireshark-bug-37122-37123
[fetch] clean-source wireshark-fix-37122-37123
[fetch] restore-buggy wireshark-bug-37122-37123
[fetch] restore-buggy entered
[fetch] buggy: epan/reassemble.c
[fetch] buggy_version: 37122
[fetch] buggy_preprocessed: wireshark-bug-37122-37123/wireshark/epan/reassemble.c
[fetch] buggy_original: wireshark-bug-37122-37123/diffs/epan/reassemble.c-37122
[fetch] cp wireshark-bug-37122-37123/diffs/epan/reassemble.c-37122 wireshark-bug-37122-37123/wireshark/epan/reassemble.c
[fetch] restore-correct wireshark-fix-37122-37123
[fetch] restore-correct entered
[fetch] cp wireshark-fix-37122-37123/diffs/epan/reassemble.c-37123 wireshark-fix-37122-37123/wireshark/epan/reassemble.c
[fetch] restored wireshark-fix-37122-37123/wireshark/epan/reassemble.c with wireshark-fix-37122-37123/diffs/epan/reassemble.c-37123
[fetch] fetch done
[repair] [repair] options: --guided --log
DEBUG
--test-timeout
60
--gobble-klee-message
--angelic-search-strategy
guided
--ignore-trans-errors
--ignore-infer-errors
--initial-tests
1
--search-max-trials
200
--max-same-cost-iter
10
--default-max-cost
300
--default-non-zero-cost
300
--error-cost
100
--warning-cost
50
--one-bit-flip-prob
0.5
--mute-warning
--suspicious
40
--penalty1
4
--penalty2
2  --timeout 14400 --show-suspicious-locations --group-size 1 --defect assignments
[repair-wireshark] options:  --log DEBUG --test-timeout 60 --gobble-klee-message --angelic-search-strategy guided --ignore-trans-errors --ignore-infer-errors --initial-tests 1 --search-max-trials 200 --max-same-cost-iter 10 --default-max-cost 300 --default-non-zero-cost 300 --error-cost 100 --warning-cost 50 --one-bit-flip-prob 0.5 --mute-warning --suspicious 40 --penalty1 4 --penalty2 2 --timeout 14400 --show-suspicious-locations --group-size 1 --defect assignments
[repair-wireshark] strat: guided
[repair-wireshark] cleaning wireshark-bug-37122-37123/wireshark ...
[repair-wireshark] cleaning wireshark-fix-37122-37123/wireshark ...
DEBUG    repair          tests: ['1', '2', '3', '4', '5', '6', '7', '8', '9', '10', '11', '12', '13', '14', '15', '16', '17', '18', '19', '20', '21', '22', '23', '24', '25', '26', '27', '28', '29', '30', '31', '32', '33', '34', '35', '36', '37', '38', '39', '40', '41', '42', '43', '44', '45', '46', '47', '48', '49', '50', '6000', '6001', '6002', '6003', '6004', '6005', '6006', '6008', '6009', '6010', '6011', '6012', '6013', '6014']
INFO     repair          copy wireshark-bug-37122-37123/wireshark to /angelix-experiments/.angelix/validation
INFO     project         configuring validation source
DEBUG    project         configure_cmd: /angelix-experiments/.aux/wireshark/configure
INFO     project         building json compilation database from validation source
DEBUG    project         CC: angelix-compiler --klee
DEBUG    project         cmd: bear /angelix-experiments/.aux/wireshark/wireshark-make
DEBUG    repair          start to measure time
INFO     testing         running test '1' of validation source
DEBUG    testing         ANGELIX_WORKDIR: /angelix-experiments/.angelix
DEBUG    testing         ANGELIX_TEST_ID: 1
DEBUG    testing         CC: angelix-compiler --klee
DEBUG    testing         cwd: /angelix-experiments/.angelix/validation
DEBUG    testing         run: /angelix-experiments/.aux/wireshark/wireshark-oracle 1
INFO     testing         output code: 0
INFO     testing         running test '2' of validation source
DEBUG    testing         ANGELIX_WORKDIR: /angelix-experiments/.angelix
DEBUG    testing         ANGELIX_TEST_ID: 2
DEBUG    testing         CC: angelix-compiler --klee
DEBUG    testing         cwd: /angelix-experiments/.angelix/validation
DEBUG    testing         run: /angelix-experiments/.aux/wireshark/wireshark-oracle 2
INFO     testing         output code: 0
INFO     testing         running test '3' of validation source
DEBUG    testing         ANGELIX_WORKDIR: /angelix-experiments/.angelix
DEBUG    testing         ANGELIX_TEST_ID: 3
DEBUG    testing         CC: angelix-compiler --klee
DEBUG    testing         cwd: /angelix-experiments/.angelix/validation
DEBUG    testing         run: /angelix-experiments/.aux/wireshark/wireshark-oracle 3
INFO     testing         output code: 0
INFO     testing         running test '4' of validation source
DEBUG    testing         ANGELIX_WORKDIR: /angelix-experiments/.angelix
DEBUG    testing         ANGELIX_TEST_ID: 4
DEBUG    testing         CC: angelix-compiler --klee
DEBUG    testing         cwd: /angelix-experiments/.angelix/validation
DEBUG    testing         run: /angelix-experiments/.aux/wireshark/wireshark-oracle 4
INFO     testing         output code: 0
INFO     testing         running test '5' of validation source
DEBUG    testing         ANGELIX_WORKDIR: /angelix-experiments/.angelix
DEBUG    testing         ANGELIX_TEST_ID: 5
DEBUG    testing         CC: angelix-compiler --klee
DEBUG    testing         cwd: /angelix-experiments/.angelix/validation
DEBUG    testing         run: /angelix-experiments/.aux/wireshark/wireshark-oracle 5
INFO     testing         output code: 0
INFO     testing         running test '6' of validation source
DEBUG    testing         ANGELIX_WORKDIR: /angelix-experiments/.angelix
DEBUG    testing         ANGELIX_TEST_ID: 6
DEBUG    testing         CC: angelix-compiler --klee
DEBUG    testing         cwd: /angelix-experiments/.angelix/validation
DEBUG    testing         run: /angelix-experiments/.aux/wireshark/wireshark-oracle 6
INFO     testing         output code: 0
INFO     testing         running test '7' of validation source
DEBUG    testing         ANGELIX_WORKDIR: /angelix-experiments/.angelix
DEBUG    testing         ANGELIX_TEST_ID: 7
DEBUG    testing         CC: angelix-compiler --klee
DEBUG    testing         cwd: /angelix-experiments/.angelix/validation
DEBUG    testing         run: /angelix-experiments/.aux/wireshark/wireshark-oracle 7
INFO     testing         output code: 0
INFO     testing         running test '8' of validation source
DEBUG    testing         ANGELIX_WORKDIR: /angelix-experiments/.angelix
DEBUG    testing         ANGELIX_TEST_ID: 8
DEBUG    testing         CC: angelix-compiler --klee
DEBUG    testing         cwd: /angelix-experiments/.angelix/validation
DEBUG    testing         run: /angelix-experiments/.aux/wireshark/wireshark-oracle 8
INFO     testing         output code: 0
INFO     testing         running test '9' of validation source
DEBUG    testing         ANGELIX_WORKDIR: /angelix-experiments/.angelix
DEBUG    testing         ANGELIX_TEST_ID: 9
DEBUG    testing         CC: angelix-compiler --klee
DEBUG    testing         cwd: /angelix-experiments/.angelix/validation
DEBUG    testing         run: /angelix-experiments/.aux/wireshark/wireshark-oracle 9
INFO     testing         output code: 0
INFO     testing         running test '10' of validation source
DEBUG    testing         ANGELIX_WORKDIR: /angelix-experiments/.angelix
DEBUG    testing         ANGELIX_TEST_ID: 10
DEBUG    testing         CC: angelix-compiler --klee
DEBUG    testing         cwd: /angelix-experiments/.angelix/validation
DEBUG    testing         run: /angelix-experiments/.aux/wireshark/wireshark-oracle 10
INFO     testing         output code: 0
INFO     testing         running test '11' of validation source
DEBUG    testing         ANGELIX_WORKDIR: /angelix-experiments/.angelix
DEBUG    testing         ANGELIX_TEST_ID: 11
DEBUG    testing         CC: angelix-compiler --klee
DEBUG    testing         cwd: /angelix-experiments/.angelix/validation
DEBUG    testing         run: /angelix-experiments/.aux/wireshark/wireshark-oracle 11
INFO     testing         output code: 0
INFO     testing         running test '12' of validation source
DEBUG    testing         ANGELIX_WORKDIR: /angelix-experiments/.angelix
DEBUG    testing         ANGELIX_TEST_ID: 12
DEBUG    testing         CC: angelix-compiler --klee
DEBUG    testing         cwd: /angelix-experiments/.angelix/validation
DEBUG    testing         run: /angelix-experiments/.aux/wireshark/wireshark-oracle 12
INFO     testing         output code: 0
INFO     testing         running test '13' of validation source
DEBUG    testing         ANGELIX_WORKDIR: /angelix-experiments/.angelix
DEBUG    testing         ANGELIX_TEST_ID: 13
DEBUG    testing         CC: angelix-compiler --klee
DEBUG    testing         cwd: /angelix-experiments/.angelix/validation
DEBUG    testing         run: /angelix-experiments/.aux/wireshark/wireshark-oracle 13
INFO     testing         output code: 0
INFO     testing         running test '14' of validation source
DEBUG    testing         ANGELIX_WORKDIR: /angelix-experiments/.angelix
DEBUG    testing         ANGELIX_TEST_ID: 14
DEBUG    testing         CC: angelix-compiler --klee
DEBUG    testing         cwd: /angelix-experiments/.angelix/validation
DEBUG    testing         run: /angelix-experiments/.aux/wireshark/wireshark-oracle 14
INFO     testing         output code: 0
INFO     testing         running test '15' of validation source
DEBUG    testing         ANGELIX_WORKDIR: /angelix-experiments/.angelix
DEBUG    testing         ANGELIX_TEST_ID: 15
DEBUG    testing         CC: angelix-compiler --klee
DEBUG    testing         cwd: /angelix-experiments/.angelix/validation
DEBUG    testing         run: /angelix-experiments/.aux/wireshark/wireshark-oracle 15
INFO     testing         output code: 0
INFO     testing         running test '16' of validation source
DEBUG    testing         ANGELIX_WORKDIR: /angelix-experiments/.angelix
DEBUG    testing         ANGELIX_TEST_ID: 16
DEBUG    testing         CC: angelix-compiler --klee
DEBUG    testing         cwd: /angelix-experiments/.angelix/validation
DEBUG    testing         run: /angelix-experiments/.aux/wireshark/wireshark-oracle 16
INFO     testing         output code: 0
INFO     testing         running test '17' of validation source
DEBUG    testing         ANGELIX_WORKDIR: /angelix-experiments/.angelix
DEBUG    testing         ANGELIX_TEST_ID: 17
DEBUG    testing         CC: angelix-compiler --klee
DEBUG    testing         cwd: /angelix-experiments/.angelix/validation
DEBUG    testing         run: /angelix-experiments/.aux/wireshark/wireshark-oracle 17
INFO     testing         output code: 0
INFO     testing         running test '18' of validation source
DEBUG    testing         ANGELIX_WORKDIR: /angelix-experiments/.angelix
DEBUG    testing         ANGELIX_TEST_ID: 18
DEBUG    testing         CC: angelix-compiler --klee
DEBUG    testing         cwd: /angelix-experiments/.angelix/validation
DEBUG    testing         run: /angelix-experiments/.aux/wireshark/wireshark-oracle 18
INFO     testing         output code: 0
INFO     testing         running test '19' of validation source
DEBUG    testing         ANGELIX_WORKDIR: /angelix-experiments/.angelix
DEBUG    testing         ANGELIX_TEST_ID: 19
DEBUG    testing         CC: angelix-compiler --klee
DEBUG    testing         cwd: /angelix-experiments/.angelix/validation
DEBUG    testing         run: /angelix-experiments/.aux/wireshark/wireshark-oracle 19
INFO     testing         output code: 0
INFO     testing         running test '20' of validation source
DEBUG    testing         ANGELIX_WORKDIR: /angelix-experiments/.angelix
DEBUG    testing         ANGELIX_TEST_ID: 20
DEBUG    testing         CC: angelix-compiler --klee
DEBUG    testing         cwd: /angelix-experiments/.angelix/validation
DEBUG    testing         run: /angelix-experiments/.aux/wireshark/wireshark-oracle 20
INFO     testing         output code: 0
INFO     testing         running test '21' of validation source
DEBUG    testing         ANGELIX_WORKDIR: /angelix-experiments/.angelix
DEBUG    testing         ANGELIX_TEST_ID: 21
DEBUG    testing         CC: angelix-compiler --klee
DEBUG    testing         cwd: /angelix-experiments/.angelix/validation
DEBUG    testing         run: /angelix-experiments/.aux/wireshark/wireshark-oracle 21
INFO     testing         output code: 0
INFO     testing         running test '22' of validation source
DEBUG    testing         ANGELIX_WORKDIR: /angelix-experiments/.angelix
DEBUG    testing         ANGELIX_TEST_ID: 22
DEBUG    testing         CC: angelix-compiler --klee
DEBUG    testing         cwd: /angelix-experiments/.angelix/validation
DEBUG    testing         run: /angelix-experiments/.aux/wireshark/wireshark-oracle 22
INFO     testing         output code: 0
INFO     testing         running test '23' of validation source
DEBUG    testing         ANGELIX_WORKDIR: /angelix-experiments/.angelix
DEBUG    testing         ANGELIX_TEST_ID: 23
DEBUG    testing         CC: angelix-compiler --klee
DEBUG    testing         cwd: /angelix-experiments/.angelix/validation
DEBUG    testing         run: /angelix-experiments/.aux/wireshark/wireshark-oracle 23
INFO     testing         output code: 0
INFO     testing         running test '24' of validation source
DEBUG    testing         ANGELIX_WORKDIR: /angelix-experiments/.angelix
DEBUG    testing         ANGELIX_TEST_ID: 24
DEBUG    testing         CC: angelix-compiler --klee
DEBUG    testing         cwd: /angelix-experiments/.angelix/validation
DEBUG    testing         run: /angelix-experiments/.aux/wireshark/wireshark-oracle 24
INFO     testing         output code: 0
INFO     testing         running test '25' of validation source
DEBUG    testing         ANGELIX_WORKDIR: /angelix-experiments/.angelix
DEBUG    testing         ANGELIX_TEST_ID: 25
DEBUG    testing         CC: angelix-compiler --klee
DEBUG    testing         cwd: /angelix-experiments/.angelix/validation
DEBUG    testing         run: /angelix-experiments/.aux/wireshark/wireshark-oracle 25
INFO     testing         output code: 0
INFO     testing         running test '26' of validation source
DEBUG    testing         ANGELIX_WORKDIR: /angelix-experiments/.angelix
DEBUG    testing         ANGELIX_TEST_ID: 26
DEBUG    testing         CC: angelix-compiler --klee
DEBUG    testing         cwd: /angelix-experiments/.angelix/validation
DEBUG    testing         run: /angelix-experiments/.aux/wireshark/wireshark-oracle 26
INFO     testing         output code: 0
INFO     testing         running test '27' of validation source
DEBUG    testing         ANGELIX_WORKDIR: /angelix-experiments/.angelix
DEBUG    testing         ANGELIX_TEST_ID: 27
DEBUG    testing         CC: angelix-compiler --klee
DEBUG    testing         cwd: /angelix-experiments/.angelix/validation
DEBUG    testing         run: /angelix-experiments/.aux/wireshark/wireshark-oracle 27
INFO     testing         output code: 0
INFO     testing         running test '28' of validation source
DEBUG    testing         ANGELIX_WORKDIR: /angelix-experiments/.angelix
DEBUG    testing         ANGELIX_TEST_ID: 28
DEBUG    testing         CC: angelix-compiler --klee
DEBUG    testing         cwd: /angelix-experiments/.angelix/validation
DEBUG    testing         run: /angelix-experiments/.aux/wireshark/wireshark-oracle 28
INFO     testing         output code: 0
INFO     testing         running test '29' of validation source
DEBUG    testing         ANGELIX_WORKDIR: /angelix-experiments/.angelix
DEBUG    testing         ANGELIX_TEST_ID: 29
DEBUG    testing         CC: angelix-compiler --klee
DEBUG    testing         cwd: /angelix-experiments/.angelix/validation
DEBUG    testing         run: /angelix-experiments/.aux/wireshark/wireshark-oracle 29
INFO     testing         output code: 0
INFO     testing         running test '30' of validation source
DEBUG    testing         ANGELIX_WORKDIR: /angelix-experiments/.angelix
DEBUG    testing         ANGELIX_TEST_ID: 30
DEBUG    testing         CC: angelix-compiler --klee
DEBUG    testing         cwd: /angelix-experiments/.angelix/validation
DEBUG    testing         run: /angelix-experiments/.aux/wireshark/wireshark-oracle 30
INFO     testing         output code: 0
INFO     testing         running test '31' of validation source
DEBUG    testing         ANGELIX_WORKDIR: /angelix-experiments/.angelix
DEBUG    testing         ANGELIX_TEST_ID: 31
DEBUG    testing         CC: angelix-compiler --klee
DEBUG    testing         cwd: /angelix-experiments/.angelix/validation
DEBUG    testing         run: /angelix-experiments/.aux/wireshark/wireshark-oracle 31
INFO     testing         output code: 0
INFO     testing         running test '32' of validation source
DEBUG    testing         ANGELIX_WORKDIR: /angelix-experiments/.angelix
DEBUG    testing         ANGELIX_TEST_ID: 32
DEBUG    testing         CC: angelix-compiler --klee
DEBUG    testing         cwd: /angelix-experiments/.angelix/validation
DEBUG    testing         run: /angelix-experiments/.aux/wireshark/wireshark-oracle 32
INFO     testing         output code: 0
INFO     testing         running test '33' of validation source
DEBUG    testing         ANGELIX_WORKDIR: /angelix-experiments/.angelix
DEBUG    testing         ANGELIX_TEST_ID: 33
DEBUG    testing         CC: angelix-compiler --klee
DEBUG    testing         cwd: /angelix-experiments/.angelix/validation
DEBUG    testing         run: /angelix-experiments/.aux/wireshark/wireshark-oracle 33
INFO     testing         output code: 0
INFO     testing         running test '34' of validation source
DEBUG    testing         ANGELIX_WORKDIR: /angelix-experiments/.angelix
DEBUG    testing         ANGELIX_TEST_ID: 34
DEBUG    testing         CC: angelix-compiler --klee
DEBUG    testing         cwd: /angelix-experiments/.angelix/validation
DEBUG    testing         run: /angelix-experiments/.aux/wireshark/wireshark-oracle 34
INFO     testing         output code: 0
INFO     testing         running test '35' of validation source
DEBUG    testing         ANGELIX_WORKDIR: /angelix-experiments/.angelix
DEBUG    testing         ANGELIX_TEST_ID: 35
DEBUG    testing         CC: angelix-compiler --klee
DEBUG    testing         cwd: /angelix-experiments/.angelix/validation
DEBUG    testing         run: /angelix-experiments/.aux/wireshark/wireshark-oracle 35
INFO     testing         output code: 0
INFO     testing         running test '36' of validation source
DEBUG    testing         ANGELIX_WORKDIR: /angelix-experiments/.angelix
DEBUG    testing         ANGELIX_TEST_ID: 36
DEBUG    testing         CC: angelix-compiler --klee
DEBUG    testing         cwd: /angelix-experiments/.angelix/validation
DEBUG    testing         run: /angelix-experiments/.aux/wireshark/wireshark-oracle 36
INFO     testing         output code: 0
INFO     testing         running test '37' of validation source
DEBUG    testing         ANGELIX_WORKDIR: /angelix-experiments/.angelix
DEBUG    testing         ANGELIX_TEST_ID: 37
DEBUG    testing         CC: angelix-compiler --klee
DEBUG    testing         cwd: /angelix-experiments/.angelix/validation
DEBUG    testing         run: /angelix-experiments/.aux/wireshark/wireshark-oracle 37
INFO     testing         output code: 0
INFO     testing         running test '38' of validation source
DEBUG    testing         ANGELIX_WORKDIR: /angelix-experiments/.angelix
DEBUG    testing         ANGELIX_TEST_ID: 38
DEBUG    testing         CC: angelix-compiler --klee
DEBUG    testing         cwd: /angelix-experiments/.angelix/validation
DEBUG    testing         run: /angelix-experiments/.aux/wireshark/wireshark-oracle 38
INFO     testing         output code: 0
INFO     testing         running test '39' of validation source
DEBUG    testing         ANGELIX_WORKDIR: /angelix-experiments/.angelix
DEBUG    testing         ANGELIX_TEST_ID: 39
DEBUG    testing         CC: angelix-compiler --klee
DEBUG    testing         cwd: /angelix-experiments/.angelix/validation
DEBUG    testing         run: /angelix-experiments/.aux/wireshark/wireshark-oracle 39
INFO     testing         output code: 1
INFO     testing         running test '40' of validation source
DEBUG    testing         ANGELIX_WORKDIR: /angelix-experiments/.angelix
DEBUG    testing         ANGELIX_TEST_ID: 40
DEBUG    testing         CC: angelix-compiler --klee
DEBUG    testing         cwd: /angelix-experiments/.angelix/validation
DEBUG    testing         run: /angelix-experiments/.aux/wireshark/wireshark-oracle 40
INFO     testing         output code: 1
INFO     testing         running test '41' of validation source
DEBUG    testing         ANGELIX_WORKDIR: /angelix-experiments/.angelix
DEBUG    testing         ANGELIX_TEST_ID: 41
DEBUG    testing         CC: angelix-compiler --klee
DEBUG    testing         cwd: /angelix-experiments/.angelix/validation
DEBUG    testing         run: /angelix-experiments/.aux/wireshark/wireshark-oracle 41
INFO     testing         output code: 1
INFO     testing         running test '42' of validation source
DEBUG    testing         ANGELIX_WORKDIR: /angelix-experiments/.angelix
DEBUG    testing         ANGELIX_TEST_ID: 42
DEBUG    testing         CC: angelix-compiler --klee
DEBUG    testing         cwd: /angelix-experiments/.angelix/validation
DEBUG    testing         run: /angelix-experiments/.aux/wireshark/wireshark-oracle 42
INFO     testing         output code: 1
INFO     testing         running test '43' of validation source
DEBUG    testing         ANGELIX_WORKDIR: /angelix-experiments/.angelix
DEBUG    testing         ANGELIX_TEST_ID: 43
DEBUG    testing         CC: angelix-compiler --klee
DEBUG    testing         cwd: /angelix-experiments/.angelix/validation
DEBUG    testing         run: /angelix-experiments/.aux/wireshark/wireshark-oracle 43
INFO     testing         output code: 1
INFO     testing         running test '44' of validation source
DEBUG    testing         ANGELIX_WORKDIR: /angelix-experiments/.angelix
DEBUG    testing         ANGELIX_TEST_ID: 44
DEBUG    testing         CC: angelix-compiler --klee
DEBUG    testing         cwd: /angelix-experiments/.angelix/validation
DEBUG    testing         run: /angelix-experiments/.aux/wireshark/wireshark-oracle 44
INFO     testing         output code: 1
INFO     testing         running test '45' of validation source
DEBUG    testing         ANGELIX_WORKDIR: /angelix-experiments/.angelix
DEBUG    testing         ANGELIX_TEST_ID: 45
DEBUG    testing         CC: angelix-compiler --klee
DEBUG    testing         cwd: /angelix-experiments/.angelix/validation
DEBUG    testing         run: /angelix-experiments/.aux/wireshark/wireshark-oracle 45
INFO     testing         output code: 1
INFO     testing         running test '46' of validation source
DEBUG    testing         ANGELIX_WORKDIR: /angelix-experiments/.angelix
DEBUG    testing         ANGELIX_TEST_ID: 46
DEBUG    testing         CC: angelix-compiler --klee
DEBUG    testing         cwd: /angelix-experiments/.angelix/validation
DEBUG    testing         run: /angelix-experiments/.aux/wireshark/wireshark-oracle 46
INFO     testing         output code: 1
INFO     testing         running test '47' of validation source
DEBUG    testing         ANGELIX_WORKDIR: /angelix-experiments/.angelix
DEBUG    testing         ANGELIX_TEST_ID: 47
DEBUG    testing         CC: angelix-compiler --klee
DEBUG    testing         cwd: /angelix-experiments/.angelix/validation
DEBUG    testing         run: /angelix-experiments/.aux/wireshark/wireshark-oracle 47
INFO     testing         output code: 1
INFO     testing         running test '48' of validation source
DEBUG    testing         ANGELIX_WORKDIR: /angelix-experiments/.angelix
DEBUG    testing         ANGELIX_TEST_ID: 48
DEBUG    testing         CC: angelix-compiler --klee
DEBUG    testing         cwd: /angelix-experiments/.angelix/validation
DEBUG    testing         run: /angelix-experiments/.aux/wireshark/wireshark-oracle 48
INFO     testing         output code: 0
INFO     testing         running test '49' of validation source
DEBUG    testing         ANGELIX_WORKDIR: /angelix-experiments/.angelix
DEBUG    testing         ANGELIX_TEST_ID: 49
DEBUG    testing         CC: angelix-compiler --klee
DEBUG    testing         cwd: /angelix-experiments/.angelix/validation
DEBUG    testing         run: /angelix-experiments/.aux/wireshark/wireshark-oracle 49
INFO     testing         output code: 1
INFO     testing         running test '50' of validation source
DEBUG    testing         ANGELIX_WORKDIR: /angelix-experiments/.angelix
DEBUG    testing         ANGELIX_TEST_ID: 50
DEBUG    testing         CC: angelix-compiler --klee
DEBUG    testing         cwd: /angelix-experiments/.angelix/validation
DEBUG    testing         run: /angelix-experiments/.aux/wireshark/wireshark-oracle 50
INFO     testing         output code: 1
INFO     testing         running test '6000' of validation source
DEBUG    testing         ANGELIX_WORKDIR: /angelix-experiments/.angelix
DEBUG    testing         ANGELIX_TEST_ID: 6000
DEBUG    testing         CC: angelix-compiler --klee
DEBUG    testing         cwd: /angelix-experiments/.angelix/validation
DEBUG    testing         run: /angelix-experiments/.aux/wireshark/wireshark-oracle 6000
INFO     testing         output code: 0
INFO     testing         running test '6001' of validation source
DEBUG    testing         ANGELIX_WORKDIR: /angelix-experiments/.angelix
DEBUG    testing         ANGELIX_TEST_ID: 6001
DEBUG    testing         CC: angelix-compiler --klee
DEBUG    testing         cwd: /angelix-experiments/.angelix/validation
DEBUG    testing         run: /angelix-experiments/.aux/wireshark/wireshark-oracle 6001
INFO     testing         output code: 0
INFO     testing         running test '6002' of validation source
DEBUG    testing         ANGELIX_WORKDIR: /angelix-experiments/.angelix
DEBUG    testing         ANGELIX_TEST_ID: 6002
DEBUG    testing         CC: angelix-compiler --klee
DEBUG    testing         cwd: /angelix-experiments/.angelix/validation
DEBUG    testing         run: /angelix-experiments/.aux/wireshark/wireshark-oracle 6002
INFO     testing         output code: 0
INFO     testing         running test '6003' of validation source
DEBUG    testing         ANGELIX_WORKDIR: /angelix-experiments/.angelix
DEBUG    testing         ANGELIX_TEST_ID: 6003
DEBUG    testing         CC: angelix-compiler --klee
DEBUG    testing         cwd: /angelix-experiments/.angelix/validation
DEBUG    testing         run: /angelix-experiments/.aux/wireshark/wireshark-oracle 6003
INFO     testing         output code: 0
INFO     testing         running test '6004' of validation source
DEBUG    testing         ANGELIX_WORKDIR: /angelix-experiments/.angelix
DEBUG    testing         ANGELIX_TEST_ID: 6004
DEBUG    testing         CC: angelix-compiler --klee
DEBUG    testing         cwd: /angelix-experiments/.angelix/validation
DEBUG    testing         run: /angelix-experiments/.aux/wireshark/wireshark-oracle 6004
INFO     testing         output code: 0
INFO     testing         running test '6005' of validation source
DEBUG    testing         ANGELIX_WORKDIR: /angelix-experiments/.angelix
DEBUG    testing         ANGELIX_TEST_ID: 6005
DEBUG    testing         CC: angelix-compiler --klee
DEBUG    testing         cwd: /angelix-experiments/.angelix/validation
DEBUG    testing         run: /angelix-experiments/.aux/wireshark/wireshark-oracle 6005
INFO     testing         output code: 0
INFO     testing         running test '6006' of validation source
DEBUG    testing         ANGELIX_WORKDIR: /angelix-experiments/.angelix
DEBUG    testing         ANGELIX_TEST_ID: 6006
DEBUG    testing         CC: angelix-compiler --klee
DEBUG    testing         cwd: /angelix-experiments/.angelix/validation
DEBUG    testing         run: /angelix-experiments/.aux/wireshark/wireshark-oracle 6006
INFO     testing         output code: 0
INFO     testing         running test '6008' of validation source
DEBUG    testing         ANGELIX_WORKDIR: /angelix-experiments/.angelix
DEBUG    testing         ANGELIX_TEST_ID: 6008
DEBUG    testing         CC: angelix-compiler --klee
DEBUG    testing         cwd: /angelix-experiments/.angelix/validation
DEBUG    testing         run: /angelix-experiments/.aux/wireshark/wireshark-oracle 6008
INFO     testing         output code: 0
INFO     testing         running test '6009' of validation source
DEBUG    testing         ANGELIX_WORKDIR: /angelix-experiments/.angelix
DEBUG    testing         ANGELIX_TEST_ID: 6009
DEBUG    testing         CC: angelix-compiler --klee
DEBUG    testing         cwd: /angelix-experiments/.angelix/validation
DEBUG    testing         run: /angelix-experiments/.aux/wireshark/wireshark-oracle 6009
INFO     testing         output code: 0
INFO     testing         running test '6010' of validation source
DEBUG    testing         ANGELIX_WORKDIR: /angelix-experiments/.angelix
DEBUG    testing         ANGELIX_TEST_ID: 6010
DEBUG    testing         CC: angelix-compiler --klee
DEBUG    testing         cwd: /angelix-experiments/.angelix/validation
DEBUG    testing         run: /angelix-experiments/.aux/wireshark/wireshark-oracle 6010
INFO     testing         output code: 0
INFO     testing         running test '6011' of validation source
DEBUG    testing         ANGELIX_WORKDIR: /angelix-experiments/.angelix
DEBUG    testing         ANGELIX_TEST_ID: 6011
DEBUG    testing         CC: angelix-compiler --klee
DEBUG    testing         cwd: /angelix-experiments/.angelix/validation
DEBUG    testing         run: /angelix-experiments/.aux/wireshark/wireshark-oracle 6011
INFO     testing         output code: 0
INFO     testing         running test '6012' of validation source
DEBUG    testing         ANGELIX_WORKDIR: /angelix-experiments/.angelix
DEBUG    testing         ANGELIX_TEST_ID: 6012
DEBUG    testing         CC: angelix-compiler --klee
DEBUG    testing         cwd: /angelix-experiments/.angelix/validation
DEBUG    testing         run: /angelix-experiments/.aux/wireshark/wireshark-oracle 6012
INFO     testing         output code: 0
INFO     testing         running test '6013' of validation source
DEBUG    testing         ANGELIX_WORKDIR: /angelix-experiments/.angelix
DEBUG    testing         ANGELIX_TEST_ID: 6013
DEBUG    testing         CC: angelix-compiler --klee
DEBUG    testing         cwd: /angelix-experiments/.angelix/validation
DEBUG    testing         run: /angelix-experiments/.aux/wireshark/wireshark-oracle 6013
INFO     testing         output code: 0
INFO     testing         running test '6014' of validation source
DEBUG    testing         ANGELIX_WORKDIR: /angelix-experiments/.angelix
DEBUG    testing         ANGELIX_TEST_ID: 6014
DEBUG    testing         CC: angelix-compiler --klee
DEBUG    testing         cwd: /angelix-experiments/.angelix/validation
DEBUG    testing         run: /angelix-experiments/.aux/wireshark/wireshark-oracle 6014
INFO     testing         output code: 0
INFO     project         configuring golden source
DEBUG    project         configure_cmd: /angelix-experiments/.aux/wireshark/configure
INFO     project         building golden source
DEBUG    project         CC: angelix-compiler --klee
DEBUG    project         cmd: /angelix-experiments/.aux/wireshark/wireshark-make
INFO     testing         running test '39' of golden source
DEBUG    testing         ANGELIX_WORKDIR: /angelix-experiments/.angelix
DEBUG    testing         ANGELIX_TEST_ID: 39
DEBUG    testing         CC: angelix-compiler --klee
DEBUG    testing         cwd: /angelix-experiments/.angelix/golden
DEBUG    testing         run: /angelix-experiments/.aux/wireshark/wireshark-oracle 39
INFO     testing         output code: 1
INFO     testing         running test '40' of golden source
DEBUG    testing         ANGELIX_WORKDIR: /angelix-experiments/.angelix
DEBUG    testing         ANGELIX_TEST_ID: 40
DEBUG    testing         CC: angelix-compiler --klee
DEBUG    testing         cwd: /angelix-experiments/.angelix/golden
DEBUG    testing         run: /angelix-experiments/.aux/wireshark/wireshark-oracle 40
INFO     testing         output code: 1
INFO     testing         running test '41' of golden source
DEBUG    testing         ANGELIX_WORKDIR: /angelix-experiments/.angelix
DEBUG    testing         ANGELIX_TEST_ID: 41
DEBUG    testing         CC: angelix-compiler --klee
DEBUG    testing         cwd: /angelix-experiments/.angelix/golden
DEBUG    testing         run: /angelix-experiments/.aux/wireshark/wireshark-oracle 41
INFO     testing         output code: 1
INFO     testing         running test '42' of golden source
DEBUG    testing         ANGELIX_WORKDIR: /angelix-experiments/.angelix
DEBUG    testing         ANGELIX_TEST_ID: 42
DEBUG    testing         CC: angelix-compiler --klee
DEBUG    testing         cwd: /angelix-experiments/.angelix/golden
DEBUG    testing         run: /angelix-experiments/.aux/wireshark/wireshark-oracle 42
INFO     testing         output code: 1
INFO     testing         running test '43' of golden source
DEBUG    testing         ANGELIX_WORKDIR: /angelix-experiments/.angelix
DEBUG    testing         ANGELIX_TEST_ID: 43
DEBUG    testing         CC: angelix-compiler --klee
DEBUG    testing         cwd: /angelix-experiments/.angelix/golden
DEBUG    testing         run: /angelix-experiments/.aux/wireshark/wireshark-oracle 43
INFO     testing         output code: 1
INFO     testing         running test '44' of golden source
DEBUG    testing         ANGELIX_WORKDIR: /angelix-experiments/.angelix
DEBUG    testing         ANGELIX_TEST_ID: 44
DEBUG    testing         CC: angelix-compiler --klee
DEBUG    testing         cwd: /angelix-experiments/.angelix/golden
DEBUG    testing         run: /angelix-experiments/.aux/wireshark/wireshark-oracle 44
INFO     testing         output code: 1
INFO     testing         running test '45' of golden source
DEBUG    testing         ANGELIX_WORKDIR: /angelix-experiments/.angelix
DEBUG    testing         ANGELIX_TEST_ID: 45
DEBUG    testing         CC: angelix-compiler --klee
DEBUG    testing         cwd: /angelix-experiments/.angelix/golden
DEBUG    testing         run: /angelix-experiments/.aux/wireshark/wireshark-oracle 45
INFO     testing         output code: 1
INFO     testing         running test '46' of golden source
DEBUG    testing         ANGELIX_WORKDIR: /angelix-experiments/.angelix
DEBUG    testing         ANGELIX_TEST_ID: 46
DEBUG    testing         CC: angelix-compiler --klee
DEBUG    testing         cwd: /angelix-experiments/.angelix/golden
DEBUG    testing         run: /angelix-experiments/.aux/wireshark/wireshark-oracle 46
INFO     testing         output code: 1
INFO     testing         running test '47' of golden source
DEBUG    testing         ANGELIX_WORKDIR: /angelix-experiments/.angelix
DEBUG    testing         ANGELIX_TEST_ID: 47
DEBUG    testing         CC: angelix-compiler --klee
DEBUG    testing         cwd: /angelix-experiments/.angelix/golden
DEBUG    testing         run: /angelix-experiments/.aux/wireshark/wireshark-oracle 47
INFO     testing         output code: 1
INFO     testing         running test '49' of golden source
DEBUG    testing         ANGELIX_WORKDIR: /angelix-experiments/.angelix
DEBUG    testing         ANGELIX_TEST_ID: 49
DEBUG    testing         CC: angelix-compiler --klee
DEBUG    testing         cwd: /angelix-experiments/.angelix/golden
DEBUG    testing         run: /angelix-experiments/.aux/wireshark/wireshark-oracle 49
INFO     testing         output code: 1
INFO     testing         running test '50' of golden source
DEBUG    testing         ANGELIX_WORKDIR: /angelix-experiments/.angelix
DEBUG    testing         ANGELIX_TEST_ID: 50
DEBUG    testing         CC: angelix-compiler --klee
DEBUG    testing         cwd: /angelix-experiments/.angelix/golden
DEBUG    testing         run: /angelix-experiments/.aux/wireshark/wireshark-oracle 50
INFO     testing         output code: 1
WARNING  repair          excluding test 39 because it fails in golden version
WARNING  repair          excluding test 40 because it fails in golden version
WARNING  repair          excluding test 41 because it fails in golden version
WARNING  repair          excluding test 42 because it fails in golden version
WARNING  repair          excluding test 43 because it fails in golden version
WARNING  repair          excluding test 44 because it fails in golden version
WARNING  repair          excluding test 45 because it fails in golden version
WARNING  repair          excluding test 46 because it fails in golden version
WARNING  repair          excluding test 47 because it fails in golden version
WARNING  repair          excluding test 49 because it fails in golden version
WARNING  repair          excluding test 50 because it fails in golden version
INFO     repair          positive: ['1', '2', '3', '4', '5', '6', '7', '8', '9', '10', '11', '12', '13', '14', '15', '16', '17', '18', '19', '20', '21', '22', '23', '24', '25', '26', '27', '28', '29', '30', '31', '32', '33', '34', '35', '36', '37', '38', '48', '6000', '6001', '6002', '6003', '6004', '6005', '6006', '6008', '6009', '6010', '6011', '6012', '6013', '6014']
INFO     repair          negative: []
WARNING  repair          No negative test!
